2026-01-21 11:37:17 [INFO]  Load config from configs/CIFAR100_alpha0.05_seed114514.yaml
2026-01-21 11:37:17 [INFO]  config: {'exp_name': 'CIFAR100_alpha0.05', 'dataset': {'data_name': 'CIFAR100', 'root_path': 'H:/codes/dataset', 'train_batch_size': 512, 'test_batch_size': 256, 'channels': 3, 'num_classes': 100, 'image_size': 32}, 'distribution': {'type': 'dirichlet', 'label_num_per_client': 2, 'alpha': 0.05}, 'client': {'num_clients': 5}, 'server': {'num_rounds': 10, 'frac_clients': 1.0, 'lr': 0.05, 'local_epochs': 10, 'optimizer': 'sgd', 'momentum': 0.9, 'weight_decay': 0.0001, 'loss_name': 'ce', 'model_name': 'resnet18', 'aggregated_by_datasize': True, 'lr_decay_per_round': 0.998}, 'device': 'cuda:0', 'checkpoint': {'save_path': './checkpoints/', 'save_freq': 5, 'result_file': 'CIFAR10_results.yaml'}, 'pretrain': {'lr': 0.01, 'epoch': 70, 'model_path': './pretrain/', 'momentum': 0.9, 'weight_decay': 0.0001, 'model_name': 'resnet18', 'model_file_name': 'resnet18-f37072fd.pth'}, 'DBCD': {'alpha_l_pa': 1, 'alpha_l_pb': 1, 'alpha_l_pc': 0.0, 'Beta_alpha': 0.2, 'unsup_method': 'infonce', 'contrastive_temperature': 0.5, 'encoder_epoch': 40, 'projector_epoch': 10, 'use_pretrain': False, 'aug_batch_size': 512, 'encoder_lr': 0.03, 'cls_optimizer': 'sgd', 'cls_lr': 0.05, 'supcon_temp': 0.07, 'super_gr': 100, 'aux_with_public': True}, 'etf': {'loss_name': 'ce'}, 'visualization': {'interval': 5, 'save_path': 'visualization/resnet18', 'vis_size': 16}, 'resume': True, 'resume_best': False, 'seed': 114514, 'lambda_align_initial': 20.0, 'v9_config': {'use_adaptive_lambda': True, 'lambda_min': 0.1, 'lambda_max': 20.0, 'use_server_optimization': False, 'server_lr': 0.001, 'server_epochs': 20, 'gamma_etf_reg': 0.1}, 'v10_config': {'use_uncertainty_weighting': True, 'sigma_lr': 0.005}}
2026-01-21 11:37:19 [INFO]  Dataset CIFAR100 loaded
2026-01-21 11:37:19 [INFO]  Dataset index dict loaded from preprocessed_data/CIFAR100.pt
2026-01-21 11:37:19 [INFO]  Data distribution generated correctly using the corrected dirichlet function.
2026-01-21 11:37:19 [INFO]  Total assigned samples: 50000
2026-01-21 11:37:19 [INFO]  OneshotFedETF
2026-01-21 11:37:20 [INFO]  Round 0 starts--------|
2026-01-21 11:37:20 [INFO]  Client 0 Starts Local Trainning--------|
2026-01-21 11:37:31 [INFO]  generating sample per sample
2026-01-21 11:37:43 [INFO]  Epoch 0 loss: 79.94872236251831; train accuracy: 0.09887289365026225; test accuracy: 0.018
2026-01-21 11:37:54 [INFO]  Epoch 1 loss: 79.09564638137817; train accuracy: 0.12174980470929583; test accuracy: 0.0212
2026-01-21 11:38:06 [INFO]  Epoch 2 loss: 78.79010820388794; train accuracy: 0.15868764646802813; test accuracy: 0.0271
2026-01-21 11:38:17 [INFO]  Epoch 3 loss: 78.39797496795654; train accuracy: 0.190826916638768; test accuracy: 0.033
2026-01-21 11:38:29 [INFO]  Epoch 4 loss: 77.97112226486206; train accuracy: 0.22486329650708625; test accuracy: 0.0417
2026-01-21 11:38:40 [INFO]  Epoch 5 loss: 77.4077467918396; train accuracy: 0.24617788193282; test accuracy: 0.0478
2026-01-21 11:38:51 [INFO]  Epoch 6 loss: 76.92333841323853; train accuracy: 0.3023100100435219; test accuracy: 0.0597
2026-01-21 11:39:03 [INFO]  Epoch 7 loss: 76.50157833099365; train accuracy: 0.33188260238812634; test accuracy: 0.0625
2026-01-21 11:39:14 [INFO]  Epoch 8 loss: 76.02311611175537; train accuracy: 0.359781274411338; test accuracy: 0.0679
2026-01-21 11:39:25 [INFO]  Epoch 9 loss: 75.54037475585938; train accuracy: 0.3906930030130566; test accuracy: 0.0714
2026-01-21 11:39:25 [INFO]  Client 0 Finish Local Training--------|
2026-01-21 11:39:25 [INFO]  Client 1 Starts Local Trainning--------|
2026-01-21 11:39:34 [INFO]  generating sample per sample
2026-01-21 11:39:44 [INFO]  Epoch 0 loss: 66.48337697982788; train accuracy: 0.08799557949993093; test accuracy: 0.0124
2026-01-21 11:39:54 [INFO]  Epoch 1 loss: 65.60812950134277; train accuracy: 0.18013537781461528; test accuracy: 0.0255
2026-01-21 11:40:05 [INFO]  Epoch 2 loss: 65.11925411224365; train accuracy: 0.204448128194502; test accuracy: 0.0294
2026-01-21 11:40:14 [INFO]  Epoch 3 loss: 64.55765962600708; train accuracy: 0.2521066445641663; test accuracy: 0.0374
2026-01-21 11:40:25 [INFO]  Epoch 4 loss: 64.01984548568726; train accuracy: 0.29050973891421467; test accuracy: 0.0463
2026-01-21 11:40:35 [INFO]  Epoch 5 loss: 63.45625686645508; train accuracy: 0.3153750518027352; test accuracy: 0.0457
2026-01-21 11:40:45 [INFO]  Epoch 6 loss: 63.20540952682495; train accuracy: 0.32117695814339; test accuracy: 0.0511
2026-01-21 11:40:55 [INFO]  Epoch 7 loss: 62.93579435348511; train accuracy: 0.36441497444398396; test accuracy: 0.0538
2026-01-21 11:41:05 [INFO]  Epoch 8 loss: 62.52582883834839; train accuracy: 0.3609614587650228; test accuracy: 0.0581
2026-01-21 11:41:15 [INFO]  Epoch 9 loss: 62.36072397232056; train accuracy: 0.4289266473269789; test accuracy: 0.0644
2026-01-21 11:41:15 [INFO]  Client 1 Finish Local Training--------|
2026-01-21 11:41:15 [INFO]  Client 2 Starts Local Trainning--------|
2026-01-21 11:41:29 [INFO]  generating sample per sample
2026-01-21 11:41:43 [INFO]  Epoch 0 loss: 111.30595445632935; train accuracy: 0.12206572769953052; test accuracy: 0.0304
2026-01-21 11:41:58 [INFO]  Epoch 1 loss: 109.79287719726562; train accuracy: 0.20875829690788408; test accuracy: 0.0519
2026-01-21 11:42:12 [INFO]  Epoch 2 loss: 108.3516755104065; train accuracy: 0.21628622308564027; test accuracy: 0.0517
2026-01-21 11:42:27 [INFO]  Epoch 3 loss: 107.17806243896484; train accuracy: 0.3045167557066537; test accuracy: 0.0757
2026-01-21 11:42:41 [INFO]  Epoch 4 loss: 106.10384368896484; train accuracy: 0.3392423506556581; test accuracy: 0.0809
2026-01-21 11:42:55 [INFO]  Epoch 5 loss: 105.2288613319397; train accuracy: 0.367249473854622; test accuracy: 0.0914
2026-01-21 11:43:10 [INFO]  Epoch 6 loss: 104.78546094894409; train accuracy: 0.3955803788246722; test accuracy: 0.0972
2026-01-21 11:43:24 [INFO]  Epoch 7 loss: 104.07571268081665; train accuracy: 0.4197021207706006; test accuracy: 0.1048
2026-01-21 11:43:39 [INFO]  Epoch 8 loss: 103.49117088317871; train accuracy: 0.46835033187631536; test accuracy: 0.1163
2026-01-21 11:43:54 [INFO]  Epoch 9 loss: 102.8911805152893; train accuracy: 0.40917921321029627; test accuracy: 0.0994
2026-01-21 11:43:54 [INFO]  Client 2 Finish Local Training--------|
2026-01-21 11:43:54 [INFO]  Client 3 Starts Local Trainning--------|
2026-01-21 11:44:05 [INFO]  generating sample per sample
2026-01-21 11:44:17 [INFO]  Epoch 0 loss: 93.31097221374512; train accuracy: 0.1196117613474165; test accuracy: 0.024
2026-01-21 11:44:30 [INFO]  Epoch 1 loss: 92.0361909866333; train accuracy: 0.1717575411552003; test accuracy: 0.0348
2026-01-21 11:44:42 [INFO]  Epoch 2 loss: 90.92995882034302; train accuracy: 0.24969074126938814; test accuracy: 0.0531
2026-01-21 11:44:55 [INFO]  Epoch 3 loss: 89.89553117752075; train accuracy: 0.26605766485869253; test accuracy: 0.0566
2026-01-21 11:45:08 [INFO]  Epoch 4 loss: 89.38050889968872; train accuracy: 0.31068607859929587; test accuracy: 0.0648
2026-01-21 11:45:21 [INFO]  Epoch 5 loss: 88.8924469947815; train accuracy: 0.35997716243220096; test accuracy: 0.076
2026-01-21 11:45:34 [INFO]  Epoch 6 loss: 88.2368974685669; train accuracy: 0.39318679227328956; test accuracy: 0.0842
2026-01-21 11:45:47 [INFO]  Epoch 7 loss: 87.81769132614136; train accuracy: 0.413835759824912; test accuracy: 0.0891
2026-01-21 11:46:00 [INFO]  Epoch 8 loss: 87.44439172744751; train accuracy: 0.4415263107812351; test accuracy: 0.0953
2026-01-21 11:46:13 [INFO]  Epoch 9 loss: 87.05654430389404; train accuracy: 0.4704538966600057; test accuracy: 0.094
2026-01-21 11:46:13 [INFO]  Client 3 Finish Local Training--------|
2026-01-21 11:46:13 [INFO]  Client 4 Starts Local Trainning--------|
2026-01-21 11:46:25 [INFO]  generating sample per sample
2026-01-21 11:46:38 [INFO]  Epoch 0 loss: 97.92421770095825; train accuracy: 0.0860382188900064; test accuracy: 0.0186
2026-01-21 11:46:51 [INFO]  Epoch 1 loss: 96.95313549041748; train accuracy: 0.17015635000457163; test accuracy: 0.0369
2026-01-21 11:47:04 [INFO]  Epoch 2 loss: 96.12741756439209; train accuracy: 0.20691231599158819; test accuracy: 0.0458
2026-01-21 11:47:18 [INFO]  Epoch 3 loss: 95.1507396697998; train accuracy: 0.24147389594952912; test accuracy: 0.0513
2026-01-21 11:47:31 [INFO]  Epoch 4 loss: 94.45255899429321; train accuracy: 0.28051568071683275; test accuracy: 0.0594
2026-01-21 11:47:44 [INFO]  Epoch 5 loss: 93.88076066970825; train accuracy: 0.32074609124988573; test accuracy: 0.0689
2026-01-21 11:47:56 [INFO]  Epoch 6 loss: 93.43114137649536; train accuracy: 0.35759348998811374; test accuracy: 0.0741
2026-01-21 11:48:09 [INFO]  Epoch 7 loss: 92.74847269058228; train accuracy: 0.3760629057328335; test accuracy: 0.0809
2026-01-21 11:48:23 [INFO]  Epoch 8 loss: 92.19193696975708; train accuracy: 0.40376702934991315; test accuracy: 0.0815
2026-01-21 11:48:35 [INFO]  Epoch 9 loss: 91.70488405227661; train accuracy: 0.44308311237085124; test accuracy: 0.0868
2026-01-21 11:48:35 [INFO]  Client 4 Finish Local Training--------|
2026-01-21 11:48:35 [INFO]  Round 0 Finish--------|
2026-01-21 11:48:35 [INFO]  Model variance: mean: 0.0007489367271773517, sum: 8441.58984375
2026-01-21 11:48:39 [INFO]  The test accuracy of OneShotFedETF: 0.0386
2026-01-21 11:48:45 [INFO]  The test accuracy of OneshotFedETF+Ensemble: 0.1627
2026-01-21 11:48:45 [INFO]  Save config to ./checkpoints/CIFAR100_alpha0.05/baselines_OneshotFedETF_CIFAR10_results.yaml
2026-01-21 11:48:45 [INFO]  Round 1 starts--------|
2026-01-21 11:48:45 [INFO]  Client 0 Starts Local Trainning--------|
2026-01-21 11:48:56 [INFO]  Epoch 0 loss: 76.52339601516724; train accuracy: 0.3311014395714764; test accuracy: 0.062
2026-01-21 11:49:07 [INFO]  Epoch 1 loss: 75.85327386856079; train accuracy: 0.38366253766320724; test accuracy: 0.071
2026-01-21 11:49:18 [INFO]  Epoch 2 loss: 75.29822015762329; train accuracy: 0.4214931369266823; test accuracy: 0.0781
2026-01-21 11:49:30 [INFO]  Epoch 3 loss: 74.7831883430481; train accuracy: 0.4439236692333445; test accuracy: 0.0797
2026-01-21 11:49:41 [INFO]  Epoch 4 loss: 74.43118047714233; train accuracy: 0.4708179890637206; test accuracy: 0.0832
2026-01-21 11:49:52 [INFO]  Epoch 5 loss: 74.04963445663452; train accuracy: 0.5143399174199308; test accuracy: 0.0885
2026-01-21 11:50:04 [INFO]  Epoch 6 loss: 73.76446676254272; train accuracy: 0.5015065282892535; test accuracy: 0.0845
2026-01-21 11:50:15 [INFO]  Epoch 7 loss: 73.65351676940918; train accuracy: 0.5537328423167057; test accuracy: 0.0946
2026-01-21 11:50:27 [INFO]  Epoch 8 loss: 73.11389398574829; train accuracy: 0.5569690882713982; test accuracy: 0.0884
2026-01-21 11:50:38 [INFO]  Epoch 9 loss: 72.92705583572388; train accuracy: 0.5781720790090392; test accuracy: 0.0951
2026-01-21 11:50:38 [INFO]  Client 0 Finish Local Training--------|
2026-01-21 11:50:38 [INFO]  Client 1 Starts Local Trainning--------|
2026-01-21 11:50:48 [INFO]  Epoch 0 loss: 63.37057876586914; train accuracy: 0.3554358336786849; test accuracy: 0.0581
2026-01-21 11:50:58 [INFO]  Epoch 1 loss: 62.501479625701904; train accuracy: 0.40834369388037023; test accuracy: 0.0659
2026-01-21 11:51:08 [INFO]  Epoch 2 loss: 61.9446816444397; train accuracy: 0.41013952203343; test accuracy: 0.0621
2026-01-21 11:51:18 [INFO]  Epoch 3 loss: 61.82552909851074; train accuracy: 0.4616659759635309; test accuracy: 0.069
2026-01-21 11:51:28 [INFO]  Epoch 4 loss: 61.51958703994751; train accuracy: 0.47561817930653405; test accuracy: 0.071
2026-01-21 11:51:38 [INFO]  Epoch 5 loss: 61.494555950164795; train accuracy: 0.4547589446056085; test accuracy: 0.072
2026-01-21 11:51:48 [INFO]  Epoch 6 loss: 61.193424701690674; train accuracy: 0.5149882580466916; test accuracy: 0.0788
2026-01-21 11:51:58 [INFO]  Epoch 7 loss: 61.03249788284302; train accuracy: 0.46484321038817517; test accuracy: 0.0691
2026-01-21 11:52:08 [INFO]  Epoch 8 loss: 60.732871532440186; train accuracy: 0.547865727310402; test accuracy: 0.0826
2026-01-21 11:52:18 [INFO]  Epoch 9 loss: 60.456552505493164; train accuracy: 0.5580881337201271; test accuracy: 0.0846
2026-01-21 11:52:18 [INFO]  Client 1 Finish Local Training--------|
2026-01-21 11:52:18 [INFO]  Client 2 Starts Local Trainning--------|
2026-01-21 11:52:33 [INFO]  Epoch 0 loss: 103.9176926612854; train accuracy: 0.4727213857859803; test accuracy: 0.1161
2026-01-21 11:52:47 [INFO]  Epoch 1 loss: 102.84724807739258; train accuracy: 0.4694835680751174; test accuracy: 0.1134
2026-01-21 11:53:01 [INFO]  Epoch 2 loss: 102.34187650680542; train accuracy: 0.49441476444876153; test accuracy: 0.1188
2026-01-21 11:53:17 [INFO]  Epoch 3 loss: 101.92984294891357; train accuracy: 0.49749069127408124; test accuracy: 0.1175
2026-01-21 11:53:31 [INFO]  Epoch 4 loss: 101.57160663604736; train accuracy: 0.5514003561599482; test accuracy: 0.1293
2026-01-21 11:53:46 [INFO]  Epoch 5 loss: 100.95060896873474; train accuracy: 0.5539906103286385; test accuracy: 0.1277
2026-01-21 11:54:01 [INFO]  Epoch 6 loss: 100.77515172958374; train accuracy: 0.5648372996600292; test accuracy: 0.1309
2026-01-21 11:54:15 [INFO]  Epoch 7 loss: 100.39207077026367; train accuracy: 0.6077383843289623; test accuracy: 0.1375
2026-01-21 11:54:30 [INFO]  Epoch 8 loss: 99.91489291191101; train accuracy: 0.6161567103772058; test accuracy: 0.1382
2026-01-21 11:54:44 [INFO]  Epoch 9 loss: 99.49352169036865; train accuracy: 0.6262748907236523; test accuracy: 0.1375
2026-01-21 11:54:44 [INFO]  Client 2 Finish Local Training--------|
2026-01-21 11:54:44 [INFO]  Client 3 Starts Local Trainning--------|
2026-01-21 11:54:57 [INFO]  Epoch 0 loss: 88.02783393859863; train accuracy: 0.4338186316490627; test accuracy: 0.0902
2026-01-21 11:55:10 [INFO]  Epoch 1 loss: 86.96061563491821; train accuracy: 0.4837758112094395; test accuracy: 0.0998
2026-01-21 11:55:23 [INFO]  Epoch 2 loss: 86.52655172348022; train accuracy: 0.4950042820439623; test accuracy: 0.1014
2026-01-21 11:55:36 [INFO]  Epoch 3 loss: 86.0549807548523; train accuracy: 0.5105147968408031; test accuracy: 0.1029
2026-01-21 11:55:49 [INFO]  Epoch 4 loss: 85.78329658508301; train accuracy: 0.538966600057094; test accuracy: 0.1084
2026-01-21 11:56:02 [INFO]  Epoch 5 loss: 85.32916736602783; train accuracy: 0.5681796555333524; test accuracy: 0.1079
2026-01-21 11:56:15 [INFO]  Epoch 6 loss: 85.01557397842407; train accuracy: 0.5976781806070987; test accuracy: 0.1121
2026-01-21 11:56:27 [INFO]  Epoch 7 loss: 84.52617335319519; train accuracy: 0.5957750499571796; test accuracy: 0.1125
2026-01-21 11:56:41 [INFO]  Epoch 8 loss: 84.199711561203; train accuracy: 0.6237510705109905; test accuracy: 0.1121
2026-01-21 11:56:53 [INFO]  Epoch 9 loss: 83.54143238067627; train accuracy: 0.6893139214007041; test accuracy: 0.1197
2026-01-21 11:56:53 [INFO]  Client 3 Finish Local Training--------|
2026-01-21 11:56:53 [INFO]  Client 4 Starts Local Trainning--------|
2026-01-21 11:57:06 [INFO]  Epoch 0 loss: 93.00934886932373; train accuracy: 0.39983542104781933; test accuracy: 0.0829
2026-01-21 11:57:19 [INFO]  Epoch 1 loss: 91.84829568862915; train accuracy: 0.433025509737588; test accuracy: 0.0884
2026-01-21 11:57:33 [INFO]  Epoch 2 loss: 91.14123964309692; train accuracy: 0.47215872725610314; test accuracy: 0.0939
2026-01-21 11:57:46 [INFO]  Epoch 3 loss: 90.68986415863037; train accuracy: 0.4855993416841913; test accuracy: 0.0943
2026-01-21 11:58:00 [INFO]  Epoch 4 loss: 90.38593912124634; train accuracy: 0.4924567980250526; test accuracy: 0.0942
2026-01-21 11:58:13 [INFO]  Epoch 5 loss: 90.06412744522095; train accuracy: 0.5265612142269361; test accuracy: 0.1014
2026-01-21 11:58:27 [INFO]  Epoch 6 loss: 89.54137229919434; train accuracy: 0.5594770046630703; test accuracy: 0.1044
2026-01-21 11:58:40 [INFO]  Epoch 7 loss: 89.00825500488281; train accuracy: 0.6280515680716833; test accuracy: 0.1108
2026-01-21 11:58:53 [INFO]  Epoch 8 loss: 88.61266350746155; train accuracy: 0.5948614793819146; test accuracy: 0.1076
2026-01-21 11:59:07 [INFO]  Epoch 9 loss: 88.12730312347412; train accuracy: 0.6294230593398555; test accuracy: 0.1067
2026-01-21 11:59:07 [INFO]  Client 4 Finish Local Training--------|
2026-01-21 11:59:07 [INFO]  Round 1 Finish--------|
2026-01-21 11:59:07 [INFO]  Model variance: mean: 0.0013757250271737576, sum: 15506.392578125
2026-01-21 11:59:10 [INFO]  The test accuracy of OneShotFedETF: 0.0213
2026-01-21 11:59:15 [INFO]  The test accuracy of OneshotFedETF+Ensemble: 0.2219
2026-01-21 11:59:15 [INFO]  Save config to ./checkpoints/CIFAR100_alpha0.05/baselines_OneshotFedETF_CIFAR10_results.yaml
2026-01-21 11:59:15 [INFO]  Round 2 starts--------|
2026-01-21 11:59:15 [INFO]  Client 0 Starts Local Trainning--------|
2026-01-21 11:59:27 [INFO]  Epoch 0 loss: 73.0270357131958; train accuracy: 0.632183908045977; test accuracy: 0.1014
2026-01-21 11:59:39 [INFO]  Epoch 1 loss: 73.5323977470398; train accuracy: 0.552058921995313; test accuracy: 0.089
2026-01-21 11:59:50 [INFO]  Epoch 2 loss: 72.6689224243164; train accuracy: 0.6038388572703939; test accuracy: 0.0951
2026-01-21 12:00:01 [INFO]  Epoch 3 loss: 72.23998689651489; train accuracy: 0.640218725588662; test accuracy: 0.1025
2026-01-21 12:00:12 [INFO]  Epoch 4 loss: 71.99678301811218; train accuracy: 0.613324405758286; test accuracy: 0.0877
2026-01-21 12:00:24 [INFO]  Epoch 5 loss: 71.56463623046875; train accuracy: 0.6934493918089499; test accuracy: 0.1005
2026-01-21 12:00:35 [INFO]  Epoch 6 loss: 70.87862205505371; train accuracy: 0.7744671353643566; test accuracy: 0.1055
2026-01-21 12:00:46 [INFO]  Epoch 7 loss: 70.4926450252533; train accuracy: 0.7583975002789867; test accuracy: 0.1024
2026-01-21 12:00:57 [INFO]  Epoch 8 loss: 70.40519881248474; train accuracy: 0.7712308894096641; test accuracy: 0.1053
2026-01-21 12:01:09 [INFO]  Epoch 9 loss: 69.6605396270752; train accuracy: 0.8066064055350965; test accuracy: 0.1018
2026-01-21 12:01:09 [INFO]  Client 0 Finish Local Training--------|
2026-01-21 12:01:09 [INFO]  Client 1 Starts Local Trainning--------|
2026-01-21 12:01:19 [INFO]  Epoch 0 loss: 60.60581731796265; train accuracy: 0.5824008841000138; test accuracy: 0.0856
2026-01-21 12:01:29 [INFO]  Epoch 1 loss: 60.555654525756836; train accuracy: 0.5730073214532394; test accuracy: 0.0819
2026-01-21 12:01:39 [INFO]  Epoch 2 loss: 60.28264546394348; train accuracy: 0.5433070866141733; test accuracy: 0.0827
2026-01-21 12:01:49 [INFO]  Epoch 3 loss: 60.196802854537964; train accuracy: 0.5130542892664732; test accuracy: 0.0767
2026-01-21 12:01:59 [INFO]  Epoch 4 loss: 60.073657751083374; train accuracy: 0.6174886033982594; test accuracy: 0.0886
2026-01-21 12:02:09 [INFO]  Epoch 5 loss: 59.46255803108215; train accuracy: 0.6441497444398397; test accuracy: 0.0899
2026-01-21 12:02:19 [INFO]  Epoch 6 loss: 59.22281765937805; train accuracy: 0.5705207901643874; test accuracy: 0.0833
2026-01-21 12:02:29 [INFO]  Epoch 7 loss: 59.40172004699707; train accuracy: 0.6116866970576046; test accuracy: 0.0831
2026-01-21 12:02:39 [INFO]  Epoch 8 loss: 59.411298513412476; train accuracy: 0.6582400884100014; test accuracy: 0.0909
2026-01-21 12:02:49 [INFO]  Epoch 9 loss: 59.02101135253906; train accuracy: 0.5835060091172813; test accuracy: 0.0805
2026-01-21 12:02:49 [INFO]  Client 1 Finish Local Training--------|
2026-01-21 12:02:49 [INFO]  Client 2 Starts Local Trainning--------|
2026-01-21 12:03:04 [INFO]  Epoch 0 loss: 100.09887266159058; train accuracy: 0.6835842642059252; test accuracy: 0.1478
2026-01-21 12:03:19 [INFO]  Epoch 1 loss: 99.43296384811401; train accuracy: 0.6007770762506071; test accuracy: 0.1309
2026-01-21 12:03:33 [INFO]  Epoch 2 loss: 99.2300922870636; train accuracy: 0.6272462360369111; test accuracy: 0.1398
2026-01-21 12:03:48 [INFO]  Epoch 3 loss: 98.67883515357971; train accuracy: 0.5964869677837138; test accuracy: 0.1288
2026-01-21 12:04:03 [INFO]  Epoch 4 loss: 98.36973023414612; train accuracy: 0.6796988829528897; test accuracy: 0.1414
2026-01-21 12:04:17 [INFO]  Epoch 5 loss: 97.50463914871216; train accuracy: 0.722195240407965; test accuracy: 0.1467
2026-01-21 12:04:32 [INFO]  Epoch 6 loss: 97.08764457702637; train accuracy: 0.6830985915492958; test accuracy: 0.1338
2026-01-21 12:04:47 [INFO]  Epoch 7 loss: 97.14642405509949; train accuracy: 0.7782904322486645; test accuracy: 0.1514
2026-01-21 12:05:01 [INFO]  Epoch 8 loss: 96.47347068786621; train accuracy: 0.757001780799741; test accuracy: 0.1418
2026-01-21 12:05:15 [INFO]  Epoch 9 loss: 96.09161233901978; train accuracy: 0.7470454913388376; test accuracy: 0.1397
2026-01-21 12:05:15 [INFO]  Client 2 Finish Local Training--------|
2026-01-21 12:05:15 [INFO]  Client 3 Starts Local Trainning--------|
2026-01-21 12:05:28 [INFO]  Epoch 0 loss: 84.17012119293213; train accuracy: 0.6984489485203159; test accuracy: 0.1204
2026-01-21 12:05:41 [INFO]  Epoch 1 loss: 84.12187194824219; train accuracy: 0.6769435721762299; test accuracy: 0.1182
2026-01-21 12:05:53 [INFO]  Epoch 2 loss: 83.35964941978455; train accuracy: 0.6889332952707203; test accuracy: 0.1181
2026-01-21 12:06:06 [INFO]  Epoch 3 loss: 83.10829377174377; train accuracy: 0.7045389666000571; test accuracy: 0.1178
2026-01-21 12:06:19 [INFO]  Epoch 4 loss: 82.77161431312561; train accuracy: 0.687410790750785; test accuracy: 0.1147
2026-01-21 12:06:32 [INFO]  Epoch 5 loss: 82.12214398384094; train accuracy: 0.73270530021886; test accuracy: 0.1161
2026-01-21 12:06:45 [INFO]  Epoch 6 loss: 81.75001931190491; train accuracy: 0.7731468265296413; test accuracy: 0.1207
2026-01-21 12:06:58 [INFO]  Epoch 7 loss: 80.844162940979; train accuracy: 0.8603102102959368; test accuracy: 0.1274
2026-01-21 12:07:11 [INFO]  Epoch 8 loss: 80.54496598243713; train accuracy: 0.8260538585973927; test accuracy: 0.122
2026-01-21 12:07:24 [INFO]  Epoch 9 loss: 79.95511841773987; train accuracy: 0.8640213150632791; test accuracy: 0.1239
2026-01-21 12:07:24 [INFO]  Client 3 Finish Local Training--------|
2026-01-21 12:07:24 [INFO]  Client 4 Starts Local Trainning--------|
2026-01-21 12:07:37 [INFO]  Epoch 0 loss: 88.62163662910461; train accuracy: 0.6777909847307305; test accuracy: 0.1127
2026-01-21 12:07:50 [INFO]  Epoch 1 loss: 88.85065770149231; train accuracy: 0.609673585078175; test accuracy: 0.1081
2026-01-21 12:08:04 [INFO]  Epoch 2 loss: 87.86413669586182; train accuracy: 0.6836426808082655; test accuracy: 0.1149
2026-01-21 12:08:17 [INFO]  Epoch 3 loss: 87.35053992271423; train accuracy: 0.6900429733930694; test accuracy: 0.1134
2026-01-21 12:08:31 [INFO]  Epoch 4 loss: 86.74965763092041; train accuracy: 0.703209289567523; test accuracy: 0.1108
2026-01-21 12:08:44 [INFO]  Epoch 5 loss: 86.16364765167236; train accuracy: 0.7614519520892383; test accuracy: 0.1166
2026-01-21 12:08:56 [INFO]  Epoch 6 loss: 85.67103552818298; train accuracy: 0.8028709883880406; test accuracy: 0.1189
2026-01-21 12:09:09 [INFO]  Epoch 7 loss: 84.88222599029541; train accuracy: 0.8036024503977325; test accuracy: 0.1116
2026-01-21 12:09:22 [INFO]  Epoch 8 loss: 84.73201727867126; train accuracy: 0.7856816311602817; test accuracy: 0.1121
2026-01-21 12:09:35 [INFO]  Epoch 9 loss: 84.53333592414856; train accuracy: 0.8630337386851971; test accuracy: 0.1191
2026-01-21 12:09:35 [INFO]  Client 4 Finish Local Training--------|
2026-01-21 12:09:35 [INFO]  Round 2 Finish--------|
2026-01-21 12:09:35 [INFO]  Model variance: mean: 0.00206518592312932, sum: 23277.60546875
2026-01-21 12:09:39 [INFO]  The test accuracy of OneShotFedETF: 0.0221
2026-01-21 12:09:44 [INFO]  The test accuracy of OneshotFedETF+Ensemble: 0.2277
2026-01-21 12:09:44 [INFO]  Save config to ./checkpoints/CIFAR100_alpha0.05/baselines_OneshotFedETF_CIFAR10_results.yaml
2026-01-21 12:09:44 [INFO]  Round 3 starts--------|
2026-01-21 12:09:44 [INFO]  Client 0 Starts Local Trainning--------|
2026-01-21 12:09:56 [INFO]  Epoch 0 loss: 70.5210292339325; train accuracy: 0.8525834170293494; test accuracy: 0.1117
2026-01-21 12:10:07 [INFO]  Epoch 1 loss: 71.77485609054565; train accuracy: 0.6566231447383104; test accuracy: 0.0927
2026-01-21 12:10:19 [INFO]  Epoch 2 loss: 70.34063959121704; train accuracy: 0.7503626827363018; test accuracy: 0.1016
2026-01-21 12:10:30 [INFO]  Epoch 3 loss: 69.89475655555725; train accuracy: 0.7653163709407432; test accuracy: 0.1002
2026-01-21 12:10:42 [INFO]  Epoch 4 loss: 68.93584871292114; train accuracy: 0.8840531190715322; test accuracy: 0.1101
2026-01-21 12:10:53 [INFO]  Epoch 5 loss: 68.24933958053589; train accuracy: 0.8738980024550831; test accuracy: 0.1069
2026-01-21 12:11:04 [INFO]  Epoch 6 loss: 67.73874497413635; train accuracy: 0.9211025555183573; test accuracy: 0.112
2026-01-21 12:11:15 [INFO]  Epoch 7 loss: 67.27176332473755; train accuracy: 0.9331547818323848; test accuracy: 0.1152
2026-01-21 12:11:27 [INFO]  Epoch 8 loss: 66.73058748245239; train accuracy: 0.9530186363129115; test accuracy: 0.1136
2026-01-21 12:11:39 [INFO]  Epoch 9 loss: 66.30467915534973; train accuracy: 0.9661868095078674; test accuracy: 0.1176
2026-01-21 12:11:39 [INFO]  Client 0 Finish Local Training--------|
2026-01-21 12:11:39 [INFO]  Client 1 Starts Local Trainning--------|
2026-01-21 12:11:49 [INFO]  Epoch 0 loss: 58.842992067337036; train accuracy: 0.7384997927890593; test accuracy: 0.097
2026-01-21 12:11:59 [INFO]  Epoch 1 loss: 58.86589193344116; train accuracy: 0.6724685730073214; test accuracy: 0.0873
2026-01-21 12:12:10 [INFO]  Epoch 2 loss: 58.8336763381958; train accuracy: 0.6749551042961736; test accuracy: 0.0912
2026-01-21 12:12:19 [INFO]  Epoch 3 loss: 58.78961372375488; train accuracy: 0.6260533222820832; test accuracy: 0.0805
2026-01-21 12:12:29 [INFO]  Epoch 4 loss: 58.78962993621826; train accuracy: 0.735322558364415; test accuracy: 0.0954
2026-01-21 12:12:40 [INFO]  Epoch 5 loss: 57.966192960739136; train accuracy: 0.7462356679099323; test accuracy: 0.0938
2026-01-21 12:12:50 [INFO]  Epoch 6 loss: 57.67663049697876; train accuracy: 0.7641939494405304; test accuracy: 0.0957
2026-01-21 12:13:00 [INFO]  Epoch 7 loss: 58.08955264091492; train accuracy: 0.8201409034397016; test accuracy: 0.1028
2026-01-21 12:13:09 [INFO]  Epoch 8 loss: 57.30127549171448; train accuracy: 0.8056361375880646; test accuracy: 0.0974
2026-01-21 12:13:20 [INFO]  Epoch 9 loss: 57.07860851287842; train accuracy: 0.6872496201132753; test accuracy: 0.0831
2026-01-21 12:13:20 [INFO]  Client 1 Finish Local Training--------|
2026-01-21 12:13:20 [INFO]  Client 2 Starts Local Trainning--------|
2026-01-21 12:13:34 [INFO]  Epoch 0 loss: 97.75606441497803; train accuracy: 0.858345475149749; test accuracy: 0.1667
2026-01-21 12:13:49 [INFO]  Epoch 1 loss: 96.31763458251953; train accuracy: 0.674356483729966; test accuracy: 0.1331
2026-01-21 12:14:04 [INFO]  Epoch 2 loss: 96.48293614387512; train accuracy: 0.768334142787761; test accuracy: 0.1473
2026-01-21 12:14:19 [INFO]  Epoch 3 loss: 95.75859570503235; train accuracy: 0.8032216286223086; test accuracy: 0.1498
2026-01-21 12:14:33 [INFO]  Epoch 4 loss: 94.63317680358887; train accuracy: 0.7589444714262586; test accuracy: 0.1386
2026-01-21 12:14:47 [INFO]  Epoch 5 loss: 94.94136095046997; train accuracy: 0.8331714424477902; test accuracy: 0.1518
2026-01-21 12:15:01 [INFO]  Epoch 6 loss: 94.00041079521179; train accuracy: 0.8708920187793427; test accuracy: 0.1522
2026-01-21 12:15:16 [INFO]  Epoch 7 loss: 93.85799241065979; train accuracy: 0.84191355026712; test accuracy: 0.1442
2026-01-21 12:15:32 [INFO]  Epoch 8 loss: 93.59023714065552; train accuracy: 0.8811720900113323; test accuracy: 0.151
2026-01-21 12:15:47 [INFO]  Epoch 9 loss: 92.7890419960022; train accuracy: 0.9386433543791485; test accuracy: 0.1592
2026-01-21 12:15:47 [INFO]  Client 2 Finish Local Training--------|
2026-01-21 12:15:47 [INFO]  Client 3 Starts Local Trainning--------|
2026-01-21 12:16:00 [INFO]  Epoch 0 loss: 81.38750576972961; train accuracy: 0.8956132838519364; test accuracy: 0.1294
2026-01-21 12:16:12 [INFO]  Epoch 1 loss: 82.9017596244812; train accuracy: 0.6260348272908935; test accuracy: 0.1091
2026-01-21 12:16:25 [INFO]  Epoch 2 loss: 82.30481457710266; train accuracy: 0.8217718146350746; test accuracy: 0.1254
2026-01-21 12:16:38 [INFO]  Epoch 3 loss: 80.12625074386597; train accuracy: 0.8902845180321629; test accuracy: 0.1293
2026-01-21 12:16:50 [INFO]  Epoch 4 loss: 79.0521149635315; train accuracy: 0.9175944428585022; test accuracy: 0.132
2026-01-21 12:17:03 [INFO]  Epoch 5 loss: 78.21329379081726; train accuracy: 0.9508992292320868; test accuracy: 0.1354
2026-01-21 12:17:16 [INFO]  Epoch 6 loss: 77.58403706550598; train accuracy: 0.9623180131316015; test accuracy: 0.1339
2026-01-21 12:17:29 [INFO]  Epoch 7 loss: 77.15125608444214; train accuracy: 0.9746883623560757; test accuracy: 0.1377
2026-01-21 12:17:41 [INFO]  Epoch 8 loss: 76.82231783866882; train accuracy: 0.9841088590731754; test accuracy: 0.1353
2026-01-21 12:17:54 [INFO]  Epoch 9 loss: 76.79746747016907; train accuracy: 0.9796365020458655; test accuracy: 0.1309
2026-01-21 12:17:54 [INFO]  Client 3 Finish Local Training--------|
2026-01-21 12:17:54 [INFO]  Client 4 Starts Local Trainning--------|
2026-01-21 12:18:07 [INFO]  Epoch 0 loss: 85.64587068557739; train accuracy: 0.8729999085672487; test accuracy: 0.1228
2026-01-21 12:18:20 [INFO]  Epoch 1 loss: 86.75541925430298; train accuracy: 0.6543842004205906; test accuracy: 0.1012
2026-01-21 12:18:33 [INFO]  Epoch 2 loss: 85.48953771591187; train accuracy: 0.8452957849501691; test accuracy: 0.1183
2026-01-21 12:18:47 [INFO]  Epoch 3 loss: 83.62508034706116; train accuracy: 0.8826917801956661; test accuracy: 0.1165
2026-01-21 12:19:00 [INFO]  Epoch 4 loss: 83.1618504524231; train accuracy: 0.9093901435494194; test accuracy: 0.1254
2026-01-21 12:19:13 [INFO]  Epoch 5 loss: 82.14567375183105; train accuracy: 0.9430373959952455; test accuracy: 0.1259
2026-01-21 12:19:27 [INFO]  Epoch 6 loss: 81.41100478172302; train accuracy: 0.9605924842278504; test accuracy: 0.1321
2026-01-21 12:19:40 [INFO]  Epoch 7 loss: 80.95194554328918; train accuracy: 0.9703757886074792; test accuracy: 0.1325
2026-01-21 12:19:53 [INFO]  Epoch 8 loss: 80.55500864982605; train accuracy: 0.9794276309774161; test accuracy: 0.1347
2026-01-21 12:20:06 [INFO]  Epoch 9 loss: 80.29859495162964; train accuracy: 0.9842735667916248; test accuracy: 0.136
2026-01-21 12:20:06 [INFO]  Client 4 Finish Local Training--------|
2026-01-21 12:20:06 [INFO]  Round 3 Finish--------|
2026-01-21 12:20:06 [INFO]  Model variance: mean: 0.002630204427987337, sum: 29646.171875
2026-01-21 12:20:09 [INFO]  The test accuracy of OneShotFedETF: 0.0211
2026-01-21 12:20:14 [INFO]  The test accuracy of OneshotFedETF+Ensemble: 0.2422
2026-01-21 12:20:15 [INFO]  Save config to ./checkpoints/CIFAR100_alpha0.05/baselines_OneshotFedETF_CIFAR10_results.yaml
2026-01-21 12:20:15 [INFO]  Round 4 starts--------|
2026-01-21 12:20:15 [INFO]  Client 0 Starts Local Trainning--------|
2026-01-21 12:20:26 [INFO]  Epoch 0 loss: 69.19276309013367; train accuracy: 0.9338243499609419; test accuracy: 0.1151
2026-01-21 12:20:37 [INFO]  Epoch 1 loss: 70.7656557559967; train accuracy: 0.6790536770449727; test accuracy: 0.0937
2026-01-21 12:20:49 [INFO]  Epoch 2 loss: 71.73590207099915; train accuracy: 0.76832942751925; test accuracy: 0.1001
2026-01-21 12:21:00 [INFO]  Epoch 3 loss: 68.64643669128418; train accuracy: 0.9161923892422721; test accuracy: 0.1114
2026-01-21 12:21:12 [INFO]  Epoch 4 loss: 67.4445481300354; train accuracy: 0.9472157125320835; test accuracy: 0.1173
2026-01-21 12:21:23 [INFO]  Epoch 5 loss: 66.4567563533783; train accuracy: 0.9656288360674032; test accuracy: 0.1209
2026-01-21 12:21:34 [INFO]  Epoch 6 loss: 65.99810767173767; train accuracy: 0.9727708961053454; test accuracy: 0.1201
2026-01-21 12:21:45 [INFO]  Epoch 7 loss: 65.77023148536682; train accuracy: 0.980359334895659; test accuracy: 0.1239
2026-01-21 12:21:56 [INFO]  Epoch 8 loss: 65.59406638145447; train accuracy: 0.9866086374288584; test accuracy: 0.1223
2026-01-21 12:22:08 [INFO]  Epoch 9 loss: 65.49531412124634; train accuracy: 0.9893985046311795; test accuracy: 0.1247
2026-01-21 12:22:08 [INFO]  Client 0 Finish Local Training--------|
2026-01-21 12:22:08 [INFO]  Client 1 Starts Local Trainning--------|
2026-01-21 12:22:17 [INFO]  Epoch 0 loss: 57.41302943229675; train accuracy: 0.8770548418289819; test accuracy: 0.1054
2026-01-21 12:22:27 [INFO]  Epoch 1 loss: 57.28733229637146; train accuracy: 0.8707003729796934; test accuracy: 0.1056
2026-01-21 12:22:37 [INFO]  Epoch 2 loss: 56.47372627258301; train accuracy: 0.889763779527559; test accuracy: 0.1057
2026-01-21 12:22:47 [INFO]  Epoch 3 loss: 56.504016399383545; train accuracy: 0.8988810609200166; test accuracy: 0.1087
2026-01-21 12:22:57 [INFO]  Epoch 4 loss: 56.313013315200806; train accuracy: 0.8689045448266335; test accuracy: 0.1012
2026-01-21 12:23:07 [INFO]  Epoch 5 loss: 56.77752447128296; train accuracy: 0.882027904406686; test accuracy: 0.1035
2026-01-21 12:23:16 [INFO]  Epoch 6 loss: 56.682209968566895; train accuracy: 0.8744301699129714; test accuracy: 0.0978
2026-01-21 12:23:26 [INFO]  Epoch 7 loss: 56.061495780944824; train accuracy: 0.9086890454482663; test accuracy: 0.1021
2026-01-21 12:23:36 [INFO]  Epoch 8 loss: 55.663660526275635; train accuracy: 0.9439149053736704; test accuracy: 0.1114
2026-01-21 12:23:46 [INFO]  Epoch 9 loss: 55.38896703720093; train accuracy: 0.9541373117833954; test accuracy: 0.1172
2026-01-21 12:23:46 [INFO]  Client 1 Finish Local Training--------|
2026-01-21 12:23:46 [INFO]  Client 2 Starts Local Trainning--------|
2026-01-21 12:24:01 [INFO]  Epoch 0 loss: 96.21236443519592; train accuracy: 0.928525174032702; test accuracy: 0.164
2026-01-21 12:24:15 [INFO]  Epoch 1 loss: 93.65946626663208; train accuracy: 0.912821758135017; test accuracy: 0.1563
2026-01-21 12:24:30 [INFO]  Epoch 2 loss: 93.22396683692932; train accuracy: 0.8391614052128865; test accuracy: 0.1422
2026-01-21 12:24:44 [INFO]  Epoch 3 loss: 93.54316854476929; train accuracy: 0.9021369596891695; test accuracy: 0.1577
2026-01-21 12:24:58 [INFO]  Epoch 4 loss: 92.72222828865051; train accuracy: 0.9225352112676056; test accuracy: 0.1563
2026-01-21 12:25:12 [INFO]  Epoch 5 loss: 92.35729694366455; train accuracy: 0.9414764448761535; test accuracy: 0.1561
2026-01-21 12:25:26 [INFO]  Epoch 6 loss: 92.49239921569824; train accuracy: 0.9521612433220009; test accuracy: 0.1614
2026-01-21 12:25:40 [INFO]  Epoch 7 loss: 91.68515634536743; train accuracy: 0.9626841508823053; test accuracy: 0.1596
2026-01-21 12:25:55 [INFO]  Epoch 8 loss: 91.50692486763; train accuracy: 0.9679456046624575; test accuracy: 0.1623
2026-01-21 12:26:10 [INFO]  Epoch 9 loss: 91.45057225227356; train accuracy: 0.971830985915493; test accuracy: 0.1627
2026-01-21 12:26:10 [INFO]  Client 2 Finish Local Training--------|
2026-01-21 12:26:10 [INFO]  Client 3 Starts Local Trainning--------|
2026-01-21 12:26:23 [INFO]  Epoch 0 loss: 80.36297178268433; train accuracy: 0.9534684556094776; test accuracy: 0.1315
2026-01-21 12:26:35 [INFO]  Epoch 1 loss: 82.0703387260437; train accuracy: 0.6763726329812542; test accuracy: 0.1091
2026-01-21 12:26:47 [INFO]  Epoch 2 loss: 81.30889081954956; train accuracy: 0.8647825673232468; test accuracy: 0.123
2026-01-21 12:27:00 [INFO]  Epoch 3 loss: 78.60211658477783; train accuracy: 0.9430012370349224; test accuracy: 0.1298
2026-01-21 12:27:12 [INFO]  Epoch 4 loss: 77.31048345565796; train accuracy: 0.9823008849557522; test accuracy: 0.1368
2026-01-21 12:27:25 [INFO]  Epoch 5 loss: 76.70402574539185; train accuracy: 0.9852507374631269; test accuracy: 0.1356
2026-01-21 12:27:37 [INFO]  Epoch 6 loss: 76.43756175041199; train accuracy: 0.9907698163478923; test accuracy: 0.1331
2026-01-21 12:27:50 [INFO]  Epoch 7 loss: 76.27519917488098; train accuracy: 0.9940051384527547; test accuracy: 0.1388
2026-01-21 12:28:03 [INFO]  Epoch 8 loss: 76.23920583724976; train accuracy: 0.9910552859453802; test accuracy: 0.1311
2026-01-21 12:28:16 [INFO]  Epoch 9 loss: 76.22795128822327; train accuracy: 0.9801122847083452; test accuracy: 0.1256
2026-01-21 12:28:16 [INFO]  Client 3 Finish Local Training--------|
2026-01-21 12:28:16 [INFO]  Client 4 Starts Local Trainning--------|
2026-01-21 12:28:29 [INFO]  Epoch 0 loss: 84.39331603050232; train accuracy: 0.9455975130291671; test accuracy: 0.1266
2026-01-21 12:28:42 [INFO]  Epoch 1 loss: 89.35973167419434; train accuracy: 0.3329980799122246; test accuracy: 0.0665
2026-01-21 12:28:55 [INFO]  Epoch 2 loss: 90.41937780380249; train accuracy: 0.5346072963335466; test accuracy: 0.0881
2026-01-21 12:29:08 [INFO]  Epoch 3 loss: 86.98515200614929; train accuracy: 0.7777269818048825; test accuracy: 0.1186
2026-01-21 12:29:21 [INFO]  Epoch 4 loss: 84.88039326667786; train accuracy: 0.7119868336838255; test accuracy: 0.0974
2026-01-21 12:29:35 [INFO]  Epoch 5 loss: 84.56586980819702; train accuracy: 0.8585535338758343; test accuracy: 0.1174
2026-01-21 12:29:48 [INFO]  Epoch 6 loss: 83.06658267974854; train accuracy: 0.9198134771875286; test accuracy: 0.1219
2026-01-21 12:30:01 [INFO]  Epoch 7 loss: 81.6223156452179; train accuracy: 0.9523635366188169; test accuracy: 0.1322
2026-01-21 12:30:14 [INFO]  Epoch 8 loss: 80.91852903366089; train accuracy: 0.9717472798756515; test accuracy: 0.1316
2026-01-21 12:30:27 [INFO]  Epoch 9 loss: 80.36677026748657; train accuracy: 0.9811648532504343; test accuracy: 0.1341
2026-01-21 12:30:27 [INFO]  Client 4 Finish Local Training--------|
2026-01-21 12:30:27 [INFO]  Round 4 Finish--------|
2026-01-21 12:30:27 [INFO]  Model variance: mean: 0.0031078499741852283, sum: 35029.921875
2026-01-21 12:30:30 [INFO]  The test accuracy of OneShotFedETF: 0.019
2026-01-21 12:30:36 [INFO]  The test accuracy of OneshotFedETF+Ensemble: 0.2405
2026-01-21 12:30:36 [INFO]  Save config to ./checkpoints/CIFAR100_alpha0.05/baselines_OneshotFedETF_CIFAR10_results.yaml
2026-01-21 12:30:36 [INFO]  Round 5 starts--------|
2026-01-21 12:30:36 [INFO]  Client 0 Starts Local Trainning--------|
2026-01-21 12:30:47 [INFO]  Epoch 0 loss: 68.33555936813354; train accuracy: 0.9506751478629617; test accuracy: 0.1149
2026-01-21 12:30:58 [INFO]  Epoch 1 loss: 66.47566032409668; train accuracy: 0.9604954804151322; test accuracy: 0.1178
2026-01-21 12:31:10 [INFO]  Epoch 2 loss: 68.7067244052887; train accuracy: 0.6401071309005691; test accuracy: 0.0771
2026-01-21 12:31:21 [INFO]  Epoch 3 loss: 70.08710837364197; train accuracy: 0.8377413235130008; test accuracy: 0.101
2026-01-21 12:31:32 [INFO]  Epoch 4 loss: 67.7469379901886; train accuracy: 0.9259011271063498; test accuracy: 0.1075
2026-01-21 12:31:43 [INFO]  Epoch 5 loss: 66.39992666244507; train accuracy: 0.9756723579957594; test accuracy: 0.1189
2026-01-21 12:31:55 [INFO]  Epoch 6 loss: 65.73372983932495; train accuracy: 0.9841535542908157; test accuracy: 0.1215
2026-01-21 12:32:05 [INFO]  Epoch 7 loss: 65.5025863647461; train accuracy: 0.9882825577502511; test accuracy: 0.1196
2026-01-21 12:32:17 [INFO]  Epoch 8 loss: 65.39346241950989; train accuracy: 0.992746345273965; test accuracy: 0.1234
2026-01-21 12:32:28 [INFO]  Epoch 9 loss: 65.31801557540894; train accuracy: 0.9939738868429863; test accuracy: 0.1236
2026-01-21 12:32:28 [INFO]  Client 0 Finish Local Training--------|
2026-01-21 12:32:28 [INFO]  Client 1 Starts Local Trainning--------|
2026-01-21 12:32:37 [INFO]  Epoch 0 loss: 56.516623973846436; train accuracy: 0.9338306395911038; test accuracy: 0.1069
2026-01-21 12:32:47 [INFO]  Epoch 1 loss: 55.87667393684387; train accuracy: 0.8954275452410554; test accuracy: 0.102
2026-01-21 12:32:57 [INFO]  Epoch 2 loss: 55.97835564613342; train accuracy: 0.9191877331123083; test accuracy: 0.1053
2026-01-21 12:33:07 [INFO]  Epoch 3 loss: 55.52107310295105; train accuracy: 0.945020030390938; test accuracy: 0.1136
2026-01-21 12:33:17 [INFO]  Epoch 4 loss: 55.1821813583374; train accuracy: 0.9629783119215362; test accuracy: 0.1138
2026-01-21 12:33:27 [INFO]  Epoch 5 loss: 54.945772886276245; train accuracy: 0.9691946401436663; test accuracy: 0.1167
2026-01-21 12:33:37 [INFO]  Epoch 6 loss: 54.886927127838135; train accuracy: 0.9781737809089653; test accuracy: 0.1167
2026-01-21 12:33:47 [INFO]  Epoch 7 loss: 54.78431940078735; train accuracy: 0.983008702859511; test accuracy: 0.1191
2026-01-21 12:33:57 [INFO]  Epoch 8 loss: 54.69978666305542; train accuracy: 0.9859096560298384; test accuracy: 0.121
2026-01-21 12:34:07 [INFO]  Epoch 9 loss: 54.62479496002197; train accuracy: 0.9903301560989087; test accuracy: 0.1205
2026-01-21 12:34:07 [INFO]  Client 1 Finish Local Training--------|
2026-01-21 12:34:07 [INFO]  Client 2 Starts Local Trainning--------|
2026-01-21 12:34:22 [INFO]  Epoch 0 loss: 95.23206067085266; train accuracy: 0.9520802978792294; test accuracy: 0.1646
2026-01-21 12:34:36 [INFO]  Epoch 1 loss: 92.14216303825378; train accuracy: 0.9322486644001943; test accuracy: 0.1563
2026-01-21 12:34:51 [INFO]  Epoch 2 loss: 93.1064760684967; train accuracy: 0.9209163024121741; test accuracy: 0.1525
2026-01-21 12:35:05 [INFO]  Epoch 3 loss: 92.02912735939026; train accuracy: 0.9594463331714425; test accuracy: 0.154
2026-01-21 12:35:19 [INFO]  Epoch 4 loss: 91.38999104499817; train accuracy: 0.89031892504452; test accuracy: 0.1482
2026-01-21 12:35:35 [INFO]  Epoch 5 loss: 92.53950548171997; train accuracy: 0.9507851707948842; test accuracy: 0.1551
2026-01-21 12:35:49 [INFO]  Epoch 6 loss: 91.53000044822693; train accuracy: 0.9693216771895742; test accuracy: 0.155
2026-01-21 12:36:03 [INFO]  Epoch 7 loss: 91.27200365066528; train accuracy: 0.9774162214667315; test accuracy: 0.1602
2026-01-21 12:36:18 [INFO]  Epoch 8 loss: 91.07315802574158; train accuracy: 0.9791160757649344; test accuracy: 0.1579
2026-01-21 12:36:32 [INFO]  Epoch 9 loss: 90.94177675247192; train accuracy: 0.9850250930872592; test accuracy: 0.1592
2026-01-21 12:36:32 [INFO]  Client 2 Finish Local Training--------|
2026-01-21 12:36:32 [INFO]  Client 3 Starts Local Trainning--------|
2026-01-21 12:36:45 [INFO]  Epoch 0 loss: 79.73231434822083; train accuracy: 0.9660291178989437; test accuracy: 0.1319
2026-01-21 12:36:57 [INFO]  Epoch 1 loss: 79.62397527694702; train accuracy: 0.5169854410505281; test accuracy: 0.0823
2026-01-21 12:37:10 [INFO]  Epoch 2 loss: 84.27561926841736; train accuracy: 0.7598249119802074; test accuracy: 0.115
2026-01-21 12:37:23 [INFO]  Epoch 3 loss: 80.11244988441467; train accuracy: 0.9356741840327338; test accuracy: 0.1285
2026-01-21 12:37:35 [INFO]  Epoch 4 loss: 77.3862247467041; train accuracy: 0.987153868113046; test accuracy: 0.1354
2026-01-21 12:37:48 [INFO]  Epoch 5 loss: 76.5214262008667; train accuracy: 0.9925777904653155; test accuracy: 0.1366
2026-01-21 12:38:01 [INFO]  Epoch 6 loss: 76.23662948608398; train accuracy: 0.9941954515177467; test accuracy: 0.1382
2026-01-21 12:38:13 [INFO]  Epoch 7 loss: 76.12259697914124; train accuracy: 0.9963840517651537; test accuracy: 0.1392
2026-01-21 12:38:26 [INFO]  Epoch 8 loss: 76.15293741226196; train accuracy: 0.9953373299076982; test accuracy: 0.1374
2026-01-21 12:38:39 [INFO]  Epoch 9 loss: 76.24384498596191; train accuracy: 0.9950518603102103; test accuracy: 0.1356
2026-01-21 12:38:39 [INFO]  Client 3 Finish Local Training--------|
2026-01-21 12:38:39 [INFO]  Client 4 Starts Local Trainning--------|
2026-01-21 12:38:52 [INFO]  Epoch 0 loss: 84.14671564102173; train accuracy: 0.9539178933894121; test accuracy: 0.1278
2026-01-21 12:39:05 [INFO]  Epoch 1 loss: 83.28645777702332; train accuracy: 0.6552985279327055; test accuracy: 0.1078
2026-01-21 12:39:18 [INFO]  Epoch 2 loss: 85.26357674598694; train accuracy: 0.9229221907287191; test accuracy: 0.1244
2026-01-21 12:39:31 [INFO]  Epoch 3 loss: 81.28425097465515; train accuracy: 0.9700100576026333; test accuracy: 0.1274
2026-01-21 12:39:44 [INFO]  Epoch 4 loss: 80.42897772789001; train accuracy: 0.9777818414556094; test accuracy: 0.1357
2026-01-21 12:39:57 [INFO]  Epoch 5 loss: 80.1232213973999; train accuracy: 0.9857364908110084; test accuracy: 0.135
2026-01-21 12:40:10 [INFO]  Epoch 6 loss: 79.96946454048157; train accuracy: 0.9891195026058334; test accuracy: 0.138
2026-01-21 12:40:23 [INFO]  Epoch 7 loss: 79.86547565460205; train accuracy: 0.991496754137332; test accuracy: 0.1343
2026-01-21 12:40:36 [INFO]  Epoch 8 loss: 79.80677938461304; train accuracy: 0.9927768126542927; test accuracy: 0.1359
2026-01-21 12:40:49 [INFO]  Epoch 9 loss: 79.74812936782837; train accuracy: 0.9942397366736765; test accuracy: 0.1307
2026-01-21 12:40:49 [INFO]  Client 4 Finish Local Training--------|
2026-01-21 12:40:49 [INFO]  Round 5 Finish--------|
2026-01-21 12:40:49 [INFO]  Model variance: mean: 0.0034472309052944183, sum: 38855.23046875
2026-01-21 12:40:52 [INFO]  The test accuracy of OneShotFedETF: 0.0101
2026-01-21 12:40:58 [INFO]  The test accuracy of OneshotFedETF+Ensemble: 0.2493
2026-01-21 12:40:58 [INFO]  Save config to ./checkpoints/CIFAR100_alpha0.05/baselines_OneshotFedETF_CIFAR10_results.yaml
2026-01-21 12:40:58 [INFO]  Round 6 starts--------|
2026-01-21 12:40:58 [INFO]  Client 0 Starts Local Trainning--------|
2026-01-21 12:41:09 [INFO]  Epoch 0 loss: 67.77611351013184; train accuracy: 0.9590447494699252; test accuracy: 0.1127
2026-01-21 12:41:20 [INFO]  Epoch 1 loss: 66.04164719581604; train accuracy: 0.9771230889409664; test accuracy: 0.1187
2026-01-21 12:41:31 [INFO]  Epoch 2 loss: 65.63112616539001; train accuracy: 0.9882825577502511; test accuracy: 0.1203
2026-01-21 12:41:42 [INFO]  Epoch 3 loss: 65.37061762809753; train accuracy: 0.9929695346501507; test accuracy: 0.1242
2026-01-21 12:41:53 [INFO]  Epoch 4 loss: 65.28674054145813; train accuracy: 0.9946434549715434; test accuracy: 0.1248
2026-01-21 12:42:05 [INFO]  Epoch 5 loss: 65.2520968914032; train accuracy: 0.9957594018524718; test accuracy: 0.1245
2026-01-21 12:42:16 [INFO]  Epoch 6 loss: 65.20975661277771; train accuracy: 0.9965405646691218; test accuracy: 0.123
2026-01-21 12:42:27 [INFO]  Epoch 7 loss: 65.19519114494324; train accuracy: 0.9964289699810289; test accuracy: 0.1193
2026-01-21 12:42:38 [INFO]  Epoch 8 loss: 65.18460631370544; train accuracy: 0.9967637540453075; test accuracy: 0.1203
2026-01-21 12:42:49 [INFO]  Epoch 9 loss: 65.180668592453; train accuracy: 0.997768106238143; test accuracy: 0.1217
2026-01-21 12:42:49 [INFO]  Client 0 Finish Local Training--------|
2026-01-21 12:42:49 [INFO]  Client 1 Starts Local Trainning--------|
2026-01-21 12:42:59 [INFO]  Epoch 0 loss: 56.02809715270996; train accuracy: 0.9533084680204448; test accuracy: 0.1073
2026-01-21 12:43:09 [INFO]  Epoch 1 loss: 55.05569553375244; train accuracy: 0.9673988119906064; test accuracy: 0.1125
2026-01-21 12:43:19 [INFO]  Epoch 2 loss: 54.82374906539917; train accuracy: 0.9780356402818069; test accuracy: 0.1112
2026-01-21 12:43:29 [INFO]  Epoch 3 loss: 54.70054769515991; train accuracy: 0.9888106092001657; test accuracy: 0.1185
2026-01-21 12:43:39 [INFO]  Epoch 4 loss: 54.5801305770874; train accuracy: 0.9890868904544826; test accuracy: 0.1162
2026-01-21 12:43:48 [INFO]  Epoch 5 loss: 54.55140995979309; train accuracy: 0.9885343279458488; test accuracy: 0.1191
2026-01-21 12:43:58 [INFO]  Epoch 6 loss: 54.54533863067627; train accuracy: 0.9926785467606023; test accuracy: 0.1207
2026-01-21 12:44:08 [INFO]  Epoch 7 loss: 54.480340003967285; train accuracy: 0.9928166873877607; test accuracy: 0.1178
2026-01-21 12:44:18 [INFO]  Epoch 8 loss: 54.443729639053345; train accuracy: 0.9951650780494543; test accuracy: 0.1235
2026-01-21 12:44:27 [INFO]  Epoch 9 loss: 54.39450263977051; train accuracy: 0.9961320624395634; test accuracy: 0.124
2026-01-21 12:44:27 [INFO]  Client 1 Finish Local Training--------|
2026-01-21 12:44:27 [INFO]  Client 2 Starts Local Trainning--------|
2026-01-21 12:44:42 [INFO]  Epoch 0 loss: 94.61834406852722; train accuracy: 0.9603367330419298; test accuracy: 0.1648
2026-01-21 12:44:57 [INFO]  Epoch 1 loss: 91.5897946357727; train accuracy: 0.978063785008904; test accuracy: 0.1645
2026-01-21 12:45:11 [INFO]  Epoch 2 loss: 90.95421242713928; train accuracy: 0.9851869839728024; test accuracy: 0.1665
2026-01-21 12:45:25 [INFO]  Epoch 3 loss: 90.932377576828; train accuracy: 0.9753116399546705; test accuracy: 0.1532
2026-01-21 12:45:40 [INFO]  Epoch 4 loss: 90.99013924598694; train accuracy: 0.9770924396956452; test accuracy: 0.1672
2026-01-21 12:45:53 [INFO]  Epoch 5 loss: 91.63787579536438; train accuracy: 0.8531649668123684; test accuracy: 0.1337
2026-01-21 12:46:08 [INFO]  Epoch 6 loss: 93.53641438484192; train accuracy: 0.8917759430144083; test accuracy: 0.1474
2026-01-21 12:46:22 [INFO]  Epoch 7 loss: 92.43273687362671; train accuracy: 0.9800064756354218; test accuracy: 0.1583
2026-01-21 12:46:36 [INFO]  Epoch 8 loss: 91.19686388969421; train accuracy: 0.9791160757649344; test accuracy: 0.1631
2026-01-21 12:46:50 [INFO]  Epoch 9 loss: 90.88686776161194; train accuracy: 0.9715072041444067; test accuracy: 0.1582
2026-01-21 12:46:50 [INFO]  Client 2 Finish Local Training--------|
2026-01-21 12:46:50 [INFO]  Client 3 Starts Local Trainning--------|
2026-01-21 12:47:02 [INFO]  Epoch 0 loss: 79.14479327201843; train accuracy: 0.9715481967837092; test accuracy: 0.1297
2026-01-21 12:47:15 [INFO]  Epoch 1 loss: 77.15680837631226; train accuracy: 0.9734513274336283; test accuracy: 0.1269
2026-01-21 12:47:28 [INFO]  Epoch 2 loss: 76.92882990837097; train accuracy: 0.9910552859453802; test accuracy: 0.1306
2026-01-21 12:47:40 [INFO]  Epoch 3 loss: 76.27254867553711; train accuracy: 0.9944809211152346; test accuracy: 0.1339
2026-01-21 12:47:53 [INFO]  Epoch 4 loss: 76.9975037574768; train accuracy: 0.8874298220572843; test accuracy: 0.1171
2026-01-21 12:48:06 [INFO]  Epoch 5 loss: 77.52156162261963; train accuracy: 0.928918070225521; test accuracy: 0.1186
2026-01-21 12:48:19 [INFO]  Epoch 6 loss: 76.71227645874023; train accuracy: 0.9876296507755258; test accuracy: 0.1307
2026-01-21 12:48:32 [INFO]  Epoch 7 loss: 76.34079718589783; train accuracy: 0.9824911980207441; test accuracy: 0.129
2026-01-21 12:48:44 [INFO]  Epoch 8 loss: 76.2400119304657; train accuracy: 0.9927681035303073; test accuracy: 0.1293
2026-01-21 12:48:57 [INFO]  Epoch 9 loss: 76.19663786888123; train accuracy: 0.9943857645827386; test accuracy: 0.1312
2026-01-21 12:48:57 [INFO]  Client 3 Finish Local Training--------|
2026-01-21 12:48:57 [INFO]  Client 4 Starts Local Trainning--------|
2026-01-21 12:49:10 [INFO]  Epoch 0 loss: 83.35377979278564; train accuracy: 0.9594038584621011; test accuracy: 0.1263
2026-01-21 12:49:23 [INFO]  Epoch 1 loss: 80.65076446533203; train accuracy: 0.9854621925573741; test accuracy: 0.1308
2026-01-21 12:49:36 [INFO]  Epoch 2 loss: 80.69401431083679; train accuracy: 0.980341958489531; test accuracy: 0.1292
2026-01-21 12:49:49 [INFO]  Epoch 3 loss: 80.42850708961487; train accuracy: 0.9802505257383195; test accuracy: 0.1303
2026-01-21 12:50:03 [INFO]  Epoch 4 loss: 80.49210834503174; train accuracy: 0.889274938282893; test accuracy: 0.1183
2026-01-21 12:50:16 [INFO]  Epoch 5 loss: 81.36731314659119; train accuracy: 0.9724787418853433; test accuracy: 0.1278
2026-01-21 12:50:29 [INFO]  Epoch 6 loss: 80.20565176010132; train accuracy: 0.9883880405961415; test accuracy: 0.1326
2026-01-21 12:50:42 [INFO]  Epoch 7 loss: 79.87629842758179; train accuracy: 0.9937825729176191; test accuracy: 0.1367
2026-01-21 12:50:55 [INFO]  Epoch 8 loss: 79.71834707260132; train accuracy: 0.9956112279418488; test accuracy: 0.1377
2026-01-21 12:51:08 [INFO]  Epoch 9 loss: 79.67560529708862; train accuracy: 0.9958855261954832; test accuracy: 0.135
2026-01-21 12:51:08 [INFO]  Client 4 Finish Local Training--------|
2026-01-21 12:51:08 [INFO]  Round 6 Finish--------|
2026-01-21 12:51:08 [INFO]  Model variance: mean: 0.0036794976331293583, sum: 41473.2109375
2026-01-21 12:51:12 [INFO]  The test accuracy of OneShotFedETF: 0.0099
2026-01-21 12:51:18 [INFO]  The test accuracy of OneshotFedETF+Ensemble: 0.2419
2026-01-21 12:51:18 [INFO]  Save config to ./checkpoints/CIFAR100_alpha0.05/baselines_OneshotFedETF_CIFAR10_results.yaml
2026-01-21 12:51:18 [INFO]  Round 7 starts--------|
2026-01-21 12:51:18 [INFO]  Client 0 Starts Local Trainning--------|
2026-01-21 12:51:30 [INFO]  Epoch 0 loss: 67.14149475097656; train accuracy: 0.9684187032697243; test accuracy: 0.114
2026-01-21 12:51:41 [INFO]  Epoch 1 loss: 65.73234796524048; train accuracy: 0.9911840196406652; test accuracy: 0.1157
2026-01-21 12:51:52 [INFO]  Epoch 2 loss: 65.34111285209656; train accuracy: 0.9958709965405647; test accuracy: 0.1202
2026-01-21 12:52:04 [INFO]  Epoch 3 loss: 65.2136299610138; train accuracy: 0.9974333221738645; test accuracy: 0.1222
2026-01-21 12:52:15 [INFO]  Epoch 4 loss: 65.17049741744995; train accuracy: 0.9979912956143288; test accuracy: 0.1196
2026-01-21 12:52:27 [INFO]  Epoch 5 loss: 65.15392971038818; train accuracy: 0.9982144849905145; test accuracy: 0.1236
2026-01-21 12:52:38 [INFO]  Epoch 6 loss: 65.1349663734436; train accuracy: 0.9986608637428859; test accuracy: 0.1241
2026-01-21 12:52:49 [INFO]  Epoch 7 loss: 65.12413620948792; train accuracy: 0.9986608637428859; test accuracy: 0.1239
2026-01-21 12:53:01 [INFO]  Epoch 8 loss: 65.11579060554504; train accuracy: 0.9987724584309787; test accuracy: 0.124
2026-01-21 12:53:12 [INFO]  Epoch 9 loss: 65.1194589138031; train accuracy: 0.9983260796786073; test accuracy: 0.1229
2026-01-21 12:53:12 [INFO]  Client 0 Finish Local Training--------|
2026-01-21 12:53:12 [INFO]  Client 1 Starts Local Trainning--------|
2026-01-21 12:53:21 [INFO]  Epoch 0 loss: 55.6921706199646; train accuracy: 0.9603536400055256; test accuracy: 0.1075
2026-01-21 12:53:30 [INFO]  Epoch 1 loss: 55.532360792160034; train accuracy: 0.7937560436524382; test accuracy: 0.0928
2026-01-21 12:53:40 [INFO]  Epoch 2 loss: 57.79458284378052; train accuracy: 0.7845006216328222; test accuracy: 0.0949
2026-01-21 12:53:50 [INFO]  Epoch 3 loss: 56.90002083778381; train accuracy: 0.89501312335958; test accuracy: 0.0972
2026-01-21 12:53:59 [INFO]  Epoch 4 loss: 55.76906609535217; train accuracy: 0.9429479209835613; test accuracy: 0.1018
2026-01-21 12:54:09 [INFO]  Epoch 5 loss: 55.24821496009827; train accuracy: 0.9609062025141594; test accuracy: 0.1111
2026-01-21 12:54:19 [INFO]  Epoch 6 loss: 54.93455982208252; train accuracy: 0.980245890316342; test accuracy: 0.1096
2026-01-21 12:54:28 [INFO]  Epoch 7 loss: 54.73289632797241; train accuracy: 0.9878436248100566; test accuracy: 0.1188
2026-01-21 12:54:38 [INFO]  Epoch 8 loss: 54.53814721107483; train accuracy: 0.9911589998618594; test accuracy: 0.1151
2026-01-21 12:54:48 [INFO]  Epoch 9 loss: 54.43341898918152; train accuracy: 0.9961320624395634; test accuracy: 0.1213
2026-01-21 12:54:48 [INFO]  Client 1 Finish Local Training--------|
2026-01-21 12:54:48 [INFO]  Client 2 Starts Local Trainning--------|
2026-01-21 12:55:02 [INFO]  Epoch 0 loss: 94.47105526924133; train accuracy: 0.9655981868220819; test accuracy: 0.1667
2026-01-21 12:55:17 [INFO]  Epoch 1 loss: 91.55621004104614; train accuracy: 0.9724785494576655; test accuracy: 0.1559
2026-01-21 12:55:31 [INFO]  Epoch 2 loss: 90.90664768218994; train accuracy: 0.9870487291565485; test accuracy: 0.1679
2026-01-21 12:55:45 [INFO]  Epoch 3 loss: 90.92469763755798; train accuracy: 0.9900437105390967; test accuracy: 0.1658
2026-01-21 12:56:00 [INFO]  Epoch 4 loss: 90.89320707321167; train accuracy: 0.9847822567589445; test accuracy: 0.1662
2026-01-21 12:56:14 [INFO]  Epoch 5 loss: 91.42735552787781; train accuracy: 0.9764448761534725; test accuracy: 0.161
2026-01-21 12:56:29 [INFO]  Epoch 6 loss: 91.01081800460815; train accuracy: 0.9855107657438886; test accuracy: 0.1608
2026-01-21 12:56:43 [INFO]  Epoch 7 loss: 90.87865710258484; train accuracy: 0.9881010199125789; test accuracy: 0.1645
2026-01-21 12:56:57 [INFO]  Epoch 8 loss: 91.2173330783844; train accuracy: 0.5352112676056338; test accuracy: 0.0869
2026-01-21 12:57:12 [INFO]  Epoch 9 loss: 94.56285285949707; train accuracy: 0.8872429982192003; test accuracy: 0.1427
2026-01-21 12:57:12 [INFO]  Client 2 Finish Local Training--------|
2026-01-21 12:57:12 [INFO]  Client 3 Starts Local Trainning--------|
2026-01-21 12:57:25 [INFO]  Epoch 0 loss: 78.57185411453247; train accuracy: 0.980492910838329; test accuracy: 0.127
2026-01-21 12:57:38 [INFO]  Epoch 1 loss: 76.82732677459717; train accuracy: 0.9232086782757636; test accuracy: 0.1147
2026-01-21 12:57:50 [INFO]  Epoch 2 loss: 77.41789603233337; train accuracy: 0.9782091540584261; test accuracy: 0.122
2026-01-21 12:58:03 [INFO]  Epoch 3 loss: 76.54711985588074; train accuracy: 0.9911504424778761; test accuracy: 0.1283
2026-01-21 12:58:16 [INFO]  Epoch 4 loss: 76.18430876731873; train accuracy: 0.99552764297269; test accuracy: 0.1279
2026-01-21 12:58:28 [INFO]  Epoch 5 loss: 76.0393054485321; train accuracy: 0.9969549909601294; test accuracy: 0.1276
2026-01-21 12:58:42 [INFO]  Epoch 6 loss: 75.99334239959717; train accuracy: 0.9974307736226092; test accuracy: 0.1339
2026-01-21 12:58:55 [INFO]  Epoch 7 loss: 75.96768593788147; train accuracy: 0.9983823389475688; test accuracy: 0.1354
2026-01-21 12:59:07 [INFO]  Epoch 8 loss: 75.9444010257721; train accuracy: 0.9982871824150727; test accuracy: 0.1357
2026-01-21 12:59:21 [INFO]  Epoch 9 loss: 75.93590831756592; train accuracy: 0.9985726520125606; test accuracy: 0.1362
2026-01-21 12:59:21 [INFO]  Client 3 Finish Local Training--------|
2026-01-21 12:59:21 [INFO]  Client 4 Starts Local Trainning--------|
2026-01-21 12:59:34 [INFO]  Epoch 0 loss: 82.93688869476318; train accuracy: 0.9693700283441529; test accuracy: 0.1259
2026-01-21 12:59:47 [INFO]  Epoch 1 loss: 80.49258184432983; train accuracy: 0.9678156715735576; test accuracy: 0.1261
2026-01-21 13:00:01 [INFO]  Epoch 2 loss: 80.13464450836182; train accuracy: 0.9889366371034104; test accuracy: 0.1355
2026-01-21 13:00:14 [INFO]  Epoch 3 loss: 79.80911922454834; train accuracy: 0.9951540641857913; test accuracy: 0.1339
2026-01-21 13:00:27 [INFO]  Epoch 4 loss: 79.67215704917908; train accuracy: 0.9963426899515406; test accuracy: 0.1311
2026-01-21 13:00:40 [INFO]  Epoch 5 loss: 79.62470388412476; train accuracy: 0.9957026606930602; test accuracy: 0.1322
2026-01-21 13:00:53 [INFO]  Epoch 6 loss: 79.61966252326965; train accuracy: 0.996982719210021; test accuracy: 0.1378
2026-01-21 13:01:06 [INFO]  Epoch 7 loss: 79.59379243850708; train accuracy: 0.9976227484685014; test accuracy: 0.1345
2026-01-21 13:01:20 [INFO]  Epoch 8 loss: 79.58642649650574; train accuracy: 0.997348450214867; test accuracy: 0.1365
2026-01-21 13:01:33 [INFO]  Epoch 9 loss: 79.58845925331116; train accuracy: 0.9979884794733473; test accuracy: 0.1379
2026-01-21 13:01:33 [INFO]  Client 4 Finish Local Training--------|
2026-01-21 13:01:33 [INFO]  Round 7 Finish--------|
2026-01-21 13:01:33 [INFO]  Model variance: mean: 0.0038688036147505045, sum: 43606.9609375
2026-01-21 13:01:36 [INFO]  The test accuracy of OneShotFedETF: 0.0097
2026-01-21 13:01:41 [INFO]  The test accuracy of OneshotFedETF+Ensemble: 0.2318
2026-01-21 13:01:41 [INFO]  Save config to ./checkpoints/CIFAR100_alpha0.05/baselines_OneshotFedETF_CIFAR10_results.yaml
2026-01-21 13:01:41 [INFO]  Round 8 starts--------|
2026-01-21 13:01:41 [INFO]  Client 0 Starts Local Trainning--------|
2026-01-21 13:01:53 [INFO]  Epoch 0 loss: 66.83775758743286; train accuracy: 0.9729940854815311; test accuracy: 0.1136
2026-01-21 13:02:04 [INFO]  Epoch 1 loss: 66.30920815467834; train accuracy: 0.8482312241937284; test accuracy: 0.0989
2026-01-21 13:02:15 [INFO]  Epoch 2 loss: 66.45183253288269; train accuracy: 0.9641781051221961; test accuracy: 0.1054
2026-01-21 13:02:27 [INFO]  Epoch 3 loss: 65.7226791381836; train accuracy: 0.985381095859837; test accuracy: 0.1147
2026-01-21 13:02:38 [INFO]  Epoch 4 loss: 65.39320063591003; train accuracy: 0.9921883718335007; test accuracy: 0.1086
2026-01-21 13:02:49 [INFO]  Epoch 5 loss: 65.25251078605652; train accuracy: 0.9973217274857716; test accuracy: 0.1171
2026-01-21 13:03:00 [INFO]  Epoch 6 loss: 65.20172214508057; train accuracy: 0.9983260796786073; test accuracy: 0.1194
2026-01-21 13:03:12 [INFO]  Epoch 7 loss: 65.1621458530426; train accuracy: 0.9986608637428859; test accuracy: 0.116
2026-01-21 13:03:23 [INFO]  Epoch 8 loss: 65.13441467285156; train accuracy: 0.9982144849905145; test accuracy: 0.1175
2026-01-21 13:03:34 [INFO]  Epoch 9 loss: 65.11540818214417; train accuracy: 0.9989956478071644; test accuracy: 0.121
2026-01-21 13:03:34 [INFO]  Client 0 Finish Local Training--------|
2026-01-21 13:03:34 [INFO]  Client 1 Starts Local Trainning--------|
2026-01-21 13:03:43 [INFO]  Epoch 0 loss: 55.75232744216919; train accuracy: 0.970023483906617; test accuracy: 0.1097
2026-01-21 13:03:54 [INFO]  Epoch 1 loss: 54.715200424194336; train accuracy: 0.987981765437215; test accuracy: 0.1146
2026-01-21 13:04:03 [INFO]  Epoch 2 loss: 54.51079297065735; train accuracy: 0.9874292029285813; test accuracy: 0.1199
2026-01-21 13:04:13 [INFO]  Epoch 3 loss: 54.46039962768555; train accuracy: 0.9961320624395634; test accuracy: 0.1215
2026-01-21 13:04:22 [INFO]  Epoch 4 loss: 54.37661528587341; train accuracy: 0.9966846249481973; test accuracy: 0.1222
2026-01-21 13:04:32 [INFO]  Epoch 5 loss: 54.350745677948; train accuracy: 0.9968227655753558; test accuracy: 0.1215
2026-01-21 13:04:42 [INFO]  Epoch 6 loss: 54.31074237823486; train accuracy: 0.9972371874568311; test accuracy: 0.1225
2026-01-21 13:04:51 [INFO]  Epoch 7 loss: 54.29357194900513; train accuracy: 0.9976516093383064; test accuracy: 0.1214
2026-01-21 13:05:01 [INFO]  Epoch 8 loss: 54.28341245651245; train accuracy: 0.9983423124740987; test accuracy: 0.1216
2026-01-21 13:05:11 [INFO]  Epoch 9 loss: 54.27389216423035; train accuracy: 0.9983423124740987; test accuracy: 0.1203
2026-01-21 13:05:11 [INFO]  Client 1 Finish Local Training--------|
2026-01-21 13:05:11 [INFO]  Client 2 Starts Local Trainning--------|
2026-01-21 13:05:25 [INFO]  Epoch 0 loss: 94.87940835952759; train accuracy: 0.9604176784847013; test accuracy: 0.1611
2026-01-21 13:05:40 [INFO]  Epoch 1 loss: 91.71210265159607; train accuracy: 0.9872106200420916; test accuracy: 0.1626
2026-01-21 13:05:54 [INFO]  Epoch 2 loss: 91.22681999206543; train accuracy: 0.9666504775781124; test accuracy: 0.1523
2026-01-21 13:06:08 [INFO]  Epoch 3 loss: 90.95366334915161; train accuracy: 0.985429820301117; test accuracy: 0.1616
2026-01-21 13:06:23 [INFO]  Epoch 4 loss: 90.81039810180664; train accuracy: 0.9885057471264368; test accuracy: 0.1585
2026-01-21 13:06:37 [INFO]  Epoch 5 loss: 90.68692517280579; train accuracy: 0.9938481463493606; test accuracy: 0.1685
2026-01-21 13:06:51 [INFO]  Epoch 6 loss: 90.69495606422424; train accuracy: 0.9929577464788732; test accuracy: 0.1696
2026-01-21 13:07:06 [INFO]  Epoch 7 loss: 90.7787537574768; train accuracy: 0.9841346932167719; test accuracy: 0.1528
2026-01-21 13:07:21 [INFO]  Epoch 8 loss: 90.7882387638092; train accuracy: 0.9953051643192489; test accuracy: 0.1668
2026-01-21 13:07:35 [INFO]  Epoch 9 loss: 90.53843355178833; train accuracy: 0.996033673304193; test accuracy: 0.171
2026-01-21 13:07:35 [INFO]  Client 2 Finish Local Training--------|
2026-01-21 13:07:35 [INFO]  Client 3 Starts Local Trainning--------|
2026-01-21 13:07:48 [INFO]  Epoch 0 loss: 78.14997363090515; train accuracy: 0.9846797982681511; test accuracy: 0.1307
2026-01-21 13:08:01 [INFO]  Epoch 1 loss: 76.57348251342773; train accuracy: 0.946236559139785; test accuracy: 0.1195
2026-01-21 13:08:13 [INFO]  Epoch 2 loss: 77.3505265712738; train accuracy: 0.9803977543058331; test accuracy: 0.1214
2026-01-21 13:08:26 [INFO]  Epoch 3 loss: 76.39423179626465; train accuracy: 0.9948615472452184; test accuracy: 0.1257
2026-01-21 13:08:38 [INFO]  Epoch 4 loss: 76.06492495536804; train accuracy: 0.9966695213626415; test accuracy: 0.1287
2026-01-21 13:08:51 [INFO]  Epoch 5 loss: 75.99204754829407; train accuracy: 0.9982871824150727; test accuracy: 0.1314
2026-01-21 13:09:04 [INFO]  Epoch 6 loss: 75.95947337150574; train accuracy: 0.9980968693500809; test accuracy: 0.1311
2026-01-21 13:09:17 [INFO]  Epoch 7 loss: 75.94942307472229; train accuracy: 0.9985726520125606; test accuracy: 0.1338
2026-01-21 13:09:30 [INFO]  Epoch 8 loss: 75.93084979057312; train accuracy: 0.9985726520125606; test accuracy: 0.1333
2026-01-21 13:09:43 [INFO]  Epoch 9 loss: 75.9237790107727; train accuracy: 0.9987629650775526; test accuracy: 0.135
2026-01-21 13:09:43 [INFO]  Client 3 Finish Local Training--------|
2026-01-21 13:09:43 [INFO]  Client 4 Starts Local Trainning--------|
2026-01-21 13:09:57 [INFO]  Epoch 0 loss: 82.31029796600342; train accuracy: 0.9745816951632075; test accuracy: 0.1265
2026-01-21 13:10:10 [INFO]  Epoch 1 loss: 80.4378924369812; train accuracy: 0.9892109353570449; test accuracy: 0.1281
2026-01-21 13:10:23 [INFO]  Epoch 2 loss: 79.93365383148193; train accuracy: 0.9871994148303922; test accuracy: 0.1197
2026-01-21 13:10:36 [INFO]  Epoch 3 loss: 79.94333004951477; train accuracy: 0.9895766663618908; test accuracy: 0.1225
2026-01-21 13:10:49 [INFO]  Epoch 4 loss: 79.85721588134766; train accuracy: 0.9302368108256377; test accuracy: 0.1085
2026-01-21 13:11:01 [INFO]  Epoch 5 loss: 80.71772241592407; train accuracy: 0.9129560208466673; test accuracy: 0.1046
2026-01-21 13:11:15 [INFO]  Epoch 6 loss: 80.47140789031982; train accuracy: 0.9864679528207003; test accuracy: 0.1229
2026-01-21 13:11:28 [INFO]  Epoch 7 loss: 79.94888043403625; train accuracy: 0.9641583615250983; test accuracy: 0.118
2026-01-21 13:11:41 [INFO]  Epoch 8 loss: 79.98445630073547; train accuracy: 0.9899423973667367; test accuracy: 0.1266
2026-01-21 13:11:55 [INFO]  Epoch 9 loss: 79.8391809463501; train accuracy: 0.9905824266252171; test accuracy: 0.1268
2026-01-21 13:11:55 [INFO]  Client 4 Finish Local Training--------|
2026-01-21 13:11:55 [INFO]  Round 8 Finish--------|
2026-01-21 13:11:55 [INFO]  Model variance: mean: 0.004034886136651039, sum: 45478.94921875
2026-01-21 13:11:58 [INFO]  The test accuracy of OneShotFedETF: 0.0094
2026-01-21 13:12:04 [INFO]  The test accuracy of OneshotFedETF+Ensemble: 0.2449
2026-01-21 13:12:04 [INFO]  Save config to ./checkpoints/CIFAR100_alpha0.05/baselines_OneshotFedETF_CIFAR10_results.yaml
2026-01-21 13:12:04 [INFO]  Round 9 starts--------|
2026-01-21 13:12:04 [INFO]  Client 0 Starts Local Trainning--------|
2026-01-21 13:12:15 [INFO]  Epoch 0 loss: 66.87694692611694; train accuracy: 0.9764535208124093; test accuracy: 0.112
2026-01-21 13:12:26 [INFO]  Epoch 1 loss: 65.53297829627991; train accuracy: 0.9966521593572146; test accuracy: 0.1167
2026-01-21 13:12:38 [INFO]  Epoch 2 loss: 65.21895551681519; train accuracy: 0.9969869434214932; test accuracy: 0.1172
2026-01-21 13:12:49 [INFO]  Epoch 3 loss: 65.15943908691406; train accuracy: 0.998549269054793; test accuracy: 0.1176
2026-01-21 13:13:00 [INFO]  Epoch 4 loss: 65.13067746162415; train accuracy: 0.9989956478071644; test accuracy: 0.1219
2026-01-21 13:13:12 [INFO]  Epoch 5 loss: 65.1064760684967; train accuracy: 0.9988840531190716; test accuracy: 0.1196
2026-01-21 13:13:24 [INFO]  Epoch 6 loss: 65.0884690284729; train accuracy: 0.99921883718335; test accuracy: 0.1235
2026-01-21 13:13:35 [INFO]  Epoch 7 loss: 65.07854461669922; train accuracy: 0.99921883718335; test accuracy: 0.1223
2026-01-21 13:13:47 [INFO]  Epoch 8 loss: 65.07381057739258; train accuracy: 0.9991072424952572; test accuracy: 0.1227
2026-01-21 13:13:59 [INFO]  Epoch 9 loss: 65.07126212120056; train accuracy: 0.99921883718335; test accuracy: 0.1208
2026-01-21 13:13:59 [INFO]  Client 0 Finish Local Training--------|
2026-01-21 13:13:59 [INFO]  Client 1 Starts Local Trainning--------|
2026-01-21 13:14:09 [INFO]  Epoch 0 loss: 55.474154233932495; train accuracy: 0.9736151402127365; test accuracy: 0.1103
2026-01-21 13:14:19 [INFO]  Epoch 1 loss: 55.22343611717224; train accuracy: 0.7611548556430446; test accuracy: 0.084
2026-01-21 13:14:29 [INFO]  Epoch 2 loss: 57.227986574172974; train accuracy: 0.8201409034397016; test accuracy: 0.088
2026-01-21 13:14:39 [INFO]  Epoch 3 loss: 56.89701318740845; train accuracy: 0.84251968503937; test accuracy: 0.0959
2026-01-21 13:14:48 [INFO]  Epoch 4 loss: 55.91397666931152; train accuracy: 0.91725376433209; test accuracy: 0.0987
2026-01-21 13:14:59 [INFO]  Epoch 5 loss: 55.19851589202881; train accuracy: 0.9763779527559056; test accuracy: 0.113
2026-01-21 13:15:09 [INFO]  Epoch 6 loss: 54.70865988731384; train accuracy: 0.9914352811161763; test accuracy: 0.1163
2026-01-21 13:15:19 [INFO]  Epoch 7 loss: 54.50881838798523; train accuracy: 0.9943362342865036; test accuracy: 0.1202
2026-01-21 13:15:29 [INFO]  Epoch 8 loss: 54.4048810005188; train accuracy: 0.9972371874568311; test accuracy: 0.1182
2026-01-21 13:15:39 [INFO]  Epoch 9 loss: 54.348299503326416; train accuracy: 0.9973753280839895; test accuracy: 0.1174
2026-01-21 13:15:39 [INFO]  Client 1 Finish Local Training--------|
2026-01-21 13:15:39 [INFO]  Client 2 Starts Local Trainning--------|
2026-01-21 13:15:53 [INFO]  Epoch 0 loss: 93.91191220283508; train accuracy: 0.968431277319087; test accuracy: 0.1644
2026-01-21 13:16:08 [INFO]  Epoch 1 loss: 92.08685612678528; train accuracy: 0.9367006637526307; test accuracy: 0.1531
2026-01-21 13:16:22 [INFO]  Epoch 2 loss: 91.07960486412048; train accuracy: 0.9925530192650154; test accuracy: 0.1657
2026-01-21 13:16:37 [INFO]  Epoch 3 loss: 90.68056058883667; train accuracy: 0.9951432734337057; test accuracy: 0.1721
2026-01-21 13:16:52 [INFO]  Epoch 4 loss: 90.48780512809753; train accuracy: 0.996600291403594; test accuracy: 0.1713
2026-01-21 13:17:07 [INFO]  Epoch 5 loss: 90.4500789642334; train accuracy: 0.9970050186174518; test accuracy: 0.1734
2026-01-21 13:17:21 [INFO]  Epoch 6 loss: 90.43158984184265; train accuracy: 0.997166909502995; test accuracy: 0.1743
2026-01-21 13:17:36 [INFO]  Epoch 7 loss: 90.4245355129242; train accuracy: 0.9974906912740813; test accuracy: 0.1748
2026-01-21 13:17:50 [INFO]  Epoch 8 loss: 90.41875576972961; train accuracy: 0.9976525821596244; test accuracy: 0.1705
2026-01-21 13:18:04 [INFO]  Epoch 9 loss: 90.41055178642273; train accuracy: 0.997733527602396; test accuracy: 0.1738
2026-01-21 13:18:04 [INFO]  Client 2 Finish Local Training--------|
2026-01-21 13:18:04 [INFO]  Client 3 Starts Local Trainning--------|
2026-01-21 13:18:17 [INFO]  Epoch 0 loss: 77.93224620819092; train accuracy: 0.9875344942430297; test accuracy: 0.13
2026-01-21 13:18:30 [INFO]  Epoch 1 loss: 76.31267523765564; train accuracy: 0.9967646778951375; test accuracy: 0.1328
2026-01-21 13:18:43 [INFO]  Epoch 2 loss: 76.02603316307068; train accuracy: 0.9971453040251214; test accuracy: 0.1268
2026-01-21 13:18:56 [INFO]  Epoch 3 loss: 76.18732357025146; train accuracy: 0.9938148253877629; test accuracy: 0.1278
2026-01-21 13:19:09 [INFO]  Epoch 4 loss: 76.06065964698792; train accuracy: 0.9985726520125606; test accuracy: 0.1343
2026-01-21 13:19:22 [INFO]  Epoch 5 loss: 76.09015703201294; train accuracy: 0.9895327814254449; test accuracy: 0.124
2026-01-21 13:19:35 [INFO]  Epoch 6 loss: 76.06650876998901; train accuracy: 0.9971453040251214; test accuracy: 0.13
2026-01-21 13:19:48 [INFO]  Epoch 7 loss: 75.94159626960754; train accuracy: 0.9984774954800647; test accuracy: 0.1317
2026-01-21 13:20:02 [INFO]  Epoch 8 loss: 75.93789052963257; train accuracy: 0.9960985821676658; test accuracy: 0.13
2026-01-21 13:20:15 [INFO]  Epoch 9 loss: 75.99134302139282; train accuracy: 0.9973356170901132; test accuracy: 0.1273
2026-01-21 13:20:15 [INFO]  Client 3 Finish Local Training--------|
2026-01-21 13:20:15 [INFO]  Client 4 Starts Local Trainning--------|
2026-01-21 13:20:28 [INFO]  Epoch 0 loss: 82.33829689025879; train accuracy: 0.9769589466947061; test accuracy: 0.1275
2026-01-21 13:20:42 [INFO]  Epoch 1 loss: 80.08137679100037; train accuracy: 0.9965255554539636; test accuracy: 0.1366
2026-01-21 13:20:56 [INFO]  Epoch 2 loss: 79.6692373752594; train accuracy: 0.996982719210021; test accuracy: 0.1307
2026-01-21 13:21:09 [INFO]  Epoch 3 loss: 79.70982646942139; train accuracy: 0.9584895309499862; test accuracy: 0.1288
2026-01-21 13:21:23 [INFO]  Epoch 4 loss: 80.1890811920166; train accuracy: 0.9948797659321569; test accuracy: 0.1317
2026-01-21 13:21:36 [INFO]  Epoch 5 loss: 79.75646328926086; train accuracy: 0.9964341227027521; test accuracy: 0.132
2026-01-21 13:21:49 [INFO]  Epoch 6 loss: 79.71930170059204; train accuracy: 0.990948157630063; test accuracy: 0.1236
2026-01-21 13:22:02 [INFO]  Epoch 7 loss: 79.905752658844; train accuracy: 0.9829020755234525; test accuracy: 0.1216
2026-01-21 13:22:16 [INFO]  Epoch 8 loss: 79.7646050453186; train accuracy: 0.9981713449757703; test accuracy: 0.1319
2026-01-21 13:22:28 [INFO]  Epoch 9 loss: 79.5729193687439; train accuracy: 0.9985370759806163; test accuracy: 0.134
2026-01-21 13:22:28 [INFO]  Client 4 Finish Local Training--------|
2026-01-21 13:22:28 [INFO]  Round 9 Finish--------|
2026-01-21 13:22:28 [INFO]  Model variance: mean: 0.0041649965569376945, sum: 46945.48046875
2026-01-21 13:22:32 [INFO]  The test accuracy of OneShotFedETF: 0.0088
2026-01-21 13:22:37 [INFO]  The test accuracy of OneshotFedETF+Ensemble: 0.2451
2026-01-21 13:22:37 [INFO]  Save config to ./checkpoints/CIFAR100_alpha0.05/baselines_OneshotFedETF_CIFAR10_results.yaml
