2026-01-22 00:02:42 [INFO]  Load config from configs/CIFAR100_alpha0.05_seed350234.yaml
2026-01-22 00:02:42 [INFO]  config: {'exp_name': 'CIFAR100_alpha0.05', 'dataset': {'data_name': 'CIFAR100', 'root_path': 'H:/codes/dataset', 'train_batch_size': 512, 'test_batch_size': 256, 'channels': 3, 'num_classes': 100, 'image_size': 32}, 'distribution': {'type': 'dirichlet', 'label_num_per_client': 2, 'alpha': 0.05}, 'client': {'num_clients': 5}, 'server': {'num_rounds': 10, 'frac_clients': 1.0, 'lr': 0.05, 'local_epochs': 10, 'optimizer': 'sgd', 'momentum': 0.9, 'weight_decay': 0.0001, 'loss_name': 'ce', 'model_name': 'resnet18', 'aggregated_by_datasize': True, 'lr_decay_per_round': 0.998}, 'device': 'cuda:0', 'checkpoint': {'save_path': './checkpoints/', 'save_freq': 5, 'result_file': 'CIFAR10_results.yaml'}, 'pretrain': {'lr': 0.01, 'epoch': 70, 'model_path': './pretrain/', 'momentum': 0.9, 'weight_decay': 0.0001, 'model_name': 'resnet18', 'model_file_name': 'resnet18-f37072fd.pth'}, 'DBCD': {'alpha_l_pa': 1, 'alpha_l_pb': 1, 'alpha_l_pc': 0.0, 'Beta_alpha': 0.2, 'unsup_method': 'infonce', 'contrastive_temperature': 0.5, 'encoder_epoch': 40, 'projector_epoch': 10, 'use_pretrain': False, 'aug_batch_size': 512, 'encoder_lr': 0.03, 'cls_optimizer': 'sgd', 'cls_lr': 0.05, 'supcon_temp': 0.07, 'super_gr': 100, 'aux_with_public': True}, 'etf': {'loss_name': 'ce'}, 'visualization': {'interval': 5, 'save_path': 'visualization/resnet18', 'vis_size': 16}, 'resume': True, 'resume_best': False, 'seed': 350234, 'lambda_align_initial': 20.0, 'v9_config': {'use_adaptive_lambda': True, 'lambda_min': 0.1, 'lambda_max': 20.0, 'use_server_optimization': False, 'server_lr': 0.001, 'server_epochs': 20, 'gamma_etf_reg': 0.1}, 'v10_config': {'use_uncertainty_weighting': True, 'sigma_lr': 0.005}}
2026-01-22 00:02:45 [INFO]  Dataset CIFAR100 loaded
2026-01-22 00:02:45 [INFO]  Dataset index dict loaded from preprocessed_data/CIFAR100.pt
2026-01-22 00:02:45 [INFO]  Data distribution generated correctly using the corrected dirichlet function.
2026-01-22 00:02:45 [INFO]  Total assigned samples: 50000
2026-01-22 00:02:45 [INFO]  OneshotOurs
2026-01-22 00:02:46 [INFO]  Round 0 starts--------|
2026-01-22 00:02:46 [INFO]  Client 0 Starts Local Trainning--------|
2026-01-22 00:02:55 [INFO]  generating sample per sample
2026-01-22 00:03:31 [INFO]  Epoch 0 loss: 255.21274375915527; train accuracy: 0.07271662763466043; test accuracy: 0.0128
2026-01-22 00:03:32 [INFO]  Save the model in ./checkpoints/CIFAR100_alpha0.05/local_models/client_0/epoch_0.pth
2026-01-22 00:04:02 [INFO]  Epoch 1 loss: 219.76317977905273; train accuracy: 0.0743559718969555; test accuracy: 0.0137
2026-01-22 00:04:39 [INFO]  Epoch 2 loss: 209.41507148742676; train accuracy: 0.08817330210772834; test accuracy: 0.0162
2026-01-22 00:05:18 [INFO]  Epoch 3 loss: 205.69701766967773; train accuracy: 0.14004683840749416; test accuracy: 0.0275
2026-01-22 00:05:54 [INFO]  Epoch 4 loss: 202.01134204864502; train accuracy: 0.1022248243559719; test accuracy: 0.0197
2026-01-22 00:06:39 [INFO]  Epoch 5 loss: 198.95104503631592; train accuracy: 0.10667447306791569; test accuracy: 0.0214
2026-01-22 00:06:39 [INFO]  Save the model in ./checkpoints/CIFAR100_alpha0.05/local_models/client_0/epoch_5.pth
2026-01-22 00:07:19 [INFO]  Epoch 6 loss: 195.7512969970703; train accuracy: 0.15772833723653396; test accuracy: 0.0307
2026-01-22 00:07:56 [INFO]  Epoch 7 loss: 193.4117259979248; train accuracy: 0.1180327868852459; test accuracy: 0.022
2026-01-22 00:08:41 [INFO]  Epoch 8 loss: 191.19811344146729; train accuracy: 0.14742388758782202; test accuracy: 0.0284
2026-01-22 00:09:21 [INFO]  Epoch 9 loss: 188.97057151794434; train accuracy: 0.1375878220140515; test accuracy: 0.0281
2026-01-22 00:09:21 [INFO]  Client 1 Starts Local Trainning--------|
2026-01-22 00:09:31 [INFO]  generating sample per sample
2026-01-22 00:10:15 [INFO]  Epoch 0 loss: 295.082727432251; train accuracy: 0.05246039240373518; test accuracy: 0.01
2026-01-22 00:10:16 [INFO]  Save the model in ./checkpoints/CIFAR100_alpha0.05/local_models/client_1/epoch_0.pth
2026-01-22 00:11:00 [INFO]  Epoch 1 loss: 250.02955055236816; train accuracy: 0.07827090546637289; test accuracy: 0.0147
2026-01-22 00:11:42 [INFO]  Epoch 2 loss: 239.04778861999512; train accuracy: 0.1476235442241108; test accuracy: 0.0299
2026-01-22 00:12:31 [INFO]  Epoch 3 loss: 234.05971240997314; train accuracy: 0.11090126954149616; test accuracy: 0.0203
2026-01-22 00:13:13 [INFO]  Epoch 4 loss: 229.8490219116211; train accuracy: 0.08949742944077221; test accuracy: 0.0179
2026-01-22 00:13:59 [INFO]  Epoch 5 loss: 227.35698986053467; train accuracy: 0.09998950792151926; test accuracy: 0.0198
2026-01-22 00:13:59 [INFO]  Save the model in ./checkpoints/CIFAR100_alpha0.05/local_models/client_1/epoch_5.pth
2026-01-22 00:14:50 [INFO]  Epoch 6 loss: 222.78115463256836; train accuracy: 0.10680935893400482; test accuracy: 0.023
2026-01-22 00:15:34 [INFO]  Epoch 7 loss: 219.6720666885376; train accuracy: 0.15496799916063372; test accuracy: 0.0326
2026-01-22 00:16:17 [INFO]  Epoch 8 loss: 216.3808946609497; train accuracy: 0.1430070296925821; test accuracy: 0.0306
2026-01-22 00:16:57 [INFO]  Epoch 9 loss: 213.48489570617676; train accuracy: 0.1320952680726052; test accuracy: 0.0269
2026-01-22 00:16:57 [INFO]  Client 2 Starts Local Trainning--------|
2026-01-22 00:17:10 [INFO]  generating sample per sample
2026-01-22 00:18:08 [INFO]  Epoch 0 loss: 366.5319490432739; train accuracy: 0.050697084917617236; test accuracy: 0.0119
2026-01-22 00:18:08 [INFO]  Save the model in ./checkpoints/CIFAR100_alpha0.05/local_models/client_2/epoch_0.pth
2026-01-22 00:18:58 [INFO]  Epoch 1 loss: 315.5816125869751; train accuracy: 0.09209970426700465; test accuracy: 0.0203
2026-01-22 00:19:58 [INFO]  Epoch 2 loss: 301.91291427612305; train accuracy: 0.06311787072243347; test accuracy: 0.015
2026-01-22 00:20:59 [INFO]  Epoch 3 loss: 293.1862564086914; train accuracy: 0.14085340092944656; test accuracy: 0.0355
2026-01-22 00:21:49 [INFO]  Epoch 4 loss: 287.30551624298096; train accuracy: 0.1358681875792142; test accuracy: 0.0369
2026-01-22 00:22:37 [INFO]  Epoch 5 loss: 282.5238342285156; train accuracy: 0.14811998310097169; test accuracy: 0.0411
2026-01-22 00:22:37 [INFO]  Save the model in ./checkpoints/CIFAR100_alpha0.05/local_models/client_2/epoch_5.pth
2026-01-22 00:23:38 [INFO]  Epoch 6 loss: 277.3804864883423; train accuracy: 0.13840304182509505; test accuracy: 0.0386
2026-01-22 00:24:26 [INFO]  Epoch 7 loss: 270.6445789337158; train accuracy: 0.15471060414026194; test accuracy: 0.042
2026-01-22 00:25:25 [INFO]  Epoch 8 loss: 269.26786041259766; train accuracy: 0.16915927334178285; test accuracy: 0.0464
2026-01-22 00:26:25 [INFO]  Epoch 9 loss: 264.3139295578003; train accuracy: 0.19569074778200254; test accuracy: 0.054
2026-01-22 00:26:25 [INFO]  Client 3 Starts Local Trainning--------|
2026-01-22 00:26:36 [INFO]  generating sample per sample
2026-01-22 00:27:22 [INFO]  Epoch 0 loss: 298.55378818511963; train accuracy: 0.08360961458765023; test accuracy: 0.0163
2026-01-22 00:27:22 [INFO]  Save the model in ./checkpoints/CIFAR100_alpha0.05/local_models/client_3/epoch_0.pth
2026-01-22 00:27:59 [INFO]  Epoch 1 loss: 250.18750095367432; train accuracy: 0.11116866970576046; test accuracy: 0.0215
2026-01-22 00:28:39 [INFO]  Epoch 2 loss: 238.7307939529419; train accuracy: 0.13106092001657688; test accuracy: 0.0268
2026-01-22 00:29:24 [INFO]  Epoch 3 loss: 233.20208072662354; train accuracy: 0.10070451719850808; test accuracy: 0.0227
2026-01-22 00:29:59 [INFO]  Epoch 4 loss: 227.96275329589844; train accuracy: 0.09459179444674679; test accuracy: 0.0182
2026-01-22 00:30:43 [INFO]  Epoch 5 loss: 223.65061378479004; train accuracy: 0.08961873186904269; test accuracy: 0.018
2026-01-22 00:30:43 [INFO]  Save the model in ./checkpoints/CIFAR100_alpha0.05/local_models/client_3/epoch_5.pth
2026-01-22 00:31:26 [INFO]  Epoch 6 loss: 220.04332733154297; train accuracy: 0.13323663489432241; test accuracy: 0.0289
2026-01-22 00:32:09 [INFO]  Epoch 7 loss: 216.13028144836426; train accuracy: 0.194571073352673; test accuracy: 0.0396
2026-01-22 00:32:52 [INFO]  Epoch 8 loss: 213.33996868133545; train accuracy: 0.14287194363862413; test accuracy: 0.0287
2026-01-22 00:33:28 [INFO]  Epoch 9 loss: 210.56424808502197; train accuracy: 0.20068379610443432; test accuracy: 0.0448
2026-01-22 00:33:28 [INFO]  Client 4 Starts Local Trainning--------|
2026-01-22 00:33:39 [INFO]  generating sample per sample
2026-01-22 00:34:17 [INFO]  Epoch 0 loss: 320.5275173187256; train accuracy: 0.05401264125646428; test accuracy: 0.0112
2026-01-22 00:34:18 [INFO]  Save the model in ./checkpoints/CIFAR100_alpha0.05/local_models/client_4/epoch_0.pth
2026-01-22 00:35:00 [INFO]  Epoch 1 loss: 269.5401601791382; train accuracy: 0.11472897912277341; test accuracy: 0.0231
2026-01-22 00:35:42 [INFO]  Epoch 2 loss: 257.0214538574219; train accuracy: 0.11290940432867266; test accuracy: 0.0224
2026-01-22 00:36:32 [INFO]  Epoch 3 loss: 249.87069606781006; train accuracy: 0.18032943880482666; test accuracy: 0.0352
2026-01-22 00:37:20 [INFO]  Epoch 4 loss: 245.71418380737305; train accuracy: 0.17879716529400497; test accuracy: 0.0367
2026-01-22 00:38:05 [INFO]  Epoch 5 loss: 240.6342887878418; train accuracy: 0.2062823213943689; test accuracy: 0.0423
2026-01-22 00:38:05 [INFO]  Save the model in ./checkpoints/CIFAR100_alpha0.05/local_models/client_4/epoch_5.pth
2026-01-22 00:38:49 [INFO]  Epoch 6 loss: 235.46037578582764; train accuracy: 0.17008235970120666; test accuracy: 0.0353
2026-01-22 00:39:26 [INFO]  Epoch 7 loss: 231.67616939544678; train accuracy: 0.2299367937176786; test accuracy: 0.048
2026-01-22 00:40:01 [INFO]  Epoch 8 loss: 227.61956596374512; train accuracy: 0.2457383642980272; test accuracy: 0.0536
2026-01-22 00:40:35 [INFO]  Epoch 9 loss: 224.09201526641846; train accuracy: 0.2356828193832599; test accuracy: 0.0483
2026-01-22 00:40:35 [INFO]  Round 0 Finish--------|
2026-01-22 00:40:35 [INFO]  Model variance: mean: 0.0016146963462233543, sum: 18116.9453125
2026-01-22 00:40:35 [INFO]  g_protos_std (global internal): 0.992546
2026-01-22 00:40:35 [INFO]  inter_client_proto_std (cross-client): 0.005851
2026-01-22 00:40:35 [INFO]  g_protos_std (global internal): 0.992546
2026-01-22 00:40:35 [INFO]  inter_client_proto_std (cross-client): 0.005851
2026-01-22 00:40:35 [INFO]  V4 Training | Using Simple Feature-level Server.
2026-01-22 00:40:43 [INFO]  The test accuracy of OursV4+SimpleFeatureServer: 0.1382
2026-01-22 00:40:43 [INFO]  Save config to ./checkpoints/CIFAR100_alpha0.05/baselines_OursV4+SimpleFeatureServer_CIFAR10_results.yaml
2026-01-22 00:40:43 [INFO]  Round 1 starts--------|
2026-01-22 00:40:43 [INFO]  Client 0 Starts Local Trainning--------|
2026-01-22 00:41:18 [INFO]  Epoch 10 loss: 186.58981895446777; train accuracy: 0.18395784543325527; test accuracy: 0.0366
2026-01-22 00:41:19 [INFO]  Save the model in ./checkpoints/CIFAR100_alpha0.05/local_models/client_0/epoch_10.pth
2026-01-22 00:41:55 [INFO]  Epoch 11 loss: 184.42566108703613; train accuracy: 0.16393442622950818; test accuracy: 0.0338
2026-01-22 00:42:31 [INFO]  Epoch 12 loss: 182.53091526031494; train accuracy: 0.19976580796252927; test accuracy: 0.037
2026-01-22 00:43:10 [INFO]  Epoch 13 loss: 180.37988376617432; train accuracy: 0.1715456674473068; test accuracy: 0.0334
2026-01-22 00:43:47 [INFO]  Epoch 14 loss: 178.6814956665039; train accuracy: 0.20971896955503513; test accuracy: 0.0391
2026-01-22 00:44:22 [INFO]  Epoch 15 loss: 176.9725751876831; train accuracy: 0.1661592505854801; test accuracy: 0.033
2026-01-22 00:44:23 [INFO]  Save the model in ./checkpoints/CIFAR100_alpha0.05/local_models/client_0/epoch_15.pth
2026-01-22 00:44:52 [INFO]  Epoch 16 loss: 175.25064754486084; train accuracy: 0.1946135831381733; test accuracy: 0.0402
2026-01-22 00:45:24 [INFO]  Epoch 17 loss: 173.2848997116089; train accuracy: 0.20655737704918034; test accuracy: 0.0402
2026-01-22 00:45:50 [INFO]  Epoch 18 loss: 171.96207523345947; train accuracy: 0.21569086651053865; test accuracy: 0.0447
2026-01-22 00:46:17 [INFO]  Epoch 19 loss: 170.1660327911377; train accuracy: 0.22950819672131148; test accuracy: 0.0446
2026-01-22 00:46:17 [INFO]  Client 1 Starts Local Trainning--------|
2026-01-22 00:47:00 [INFO]  Epoch 10 loss: 210.775652885437; train accuracy: 0.1859196306788375; test accuracy: 0.0393
2026-01-22 00:47:00 [INFO]  Save the model in ./checkpoints/CIFAR100_alpha0.05/local_models/client_1/epoch_10.pth
2026-01-22 00:47:44 [INFO]  Epoch 11 loss: 209.06466102600098; train accuracy: 0.13534781240163676; test accuracy: 0.0266
2026-01-22 00:48:28 [INFO]  Epoch 12 loss: 206.2011022567749; train accuracy: 0.16892246354002727; test accuracy: 0.0352
2026-01-22 00:49:12 [INFO]  Epoch 13 loss: 203.62006187438965; train accuracy: 0.22757318224740322; test accuracy: 0.0457
2026-01-22 00:49:55 [INFO]  Epoch 14 loss: 201.4195327758789; train accuracy: 0.18990662050152135; test accuracy: 0.036
2026-01-22 00:50:29 [INFO]  Epoch 15 loss: 198.651517868042; train accuracy: 0.18927709579267654; test accuracy: 0.0381
2026-01-22 00:50:29 [INFO]  Save the model in ./checkpoints/CIFAR100_alpha0.05/local_models/client_1/epoch_15.pth
2026-01-22 00:51:10 [INFO]  Epoch 16 loss: 195.88368225097656; train accuracy: 0.2357570034623859; test accuracy: 0.0468
2026-01-22 00:51:38 [INFO]  Epoch 17 loss: 194.30501747131348; train accuracy: 0.1749029482740531; test accuracy: 0.0335
2026-01-22 00:52:12 [INFO]  Epoch 18 loss: 192.39581871032715; train accuracy: 0.21802539082992342; test accuracy: 0.0428
2026-01-22 00:52:53 [INFO]  Epoch 19 loss: 190.736234664917; train accuracy: 0.24299653761410137; test accuracy: 0.0489
2026-01-22 00:52:53 [INFO]  Client 2 Starts Local Trainning--------|
2026-01-22 00:53:45 [INFO]  Epoch 10 loss: 259.42733001708984; train accuracy: 0.21943388255175328; test accuracy: 0.0601
2026-01-22 00:53:45 [INFO]  Save the model in ./checkpoints/CIFAR100_alpha0.05/local_models/client_2/epoch_10.pth
2026-01-22 00:54:33 [INFO]  Epoch 11 loss: 257.4719429016113; train accuracy: 0.1971271651880017; test accuracy: 0.0548
2026-01-22 00:55:22 [INFO]  Epoch 12 loss: 255.0106906890869; train accuracy: 0.19349387410223912; test accuracy: 0.0524
2026-01-22 00:56:02 [INFO]  Epoch 13 loss: 252.18156909942627; train accuracy: 0.243177017321504; test accuracy: 0.0652
2026-01-22 00:56:50 [INFO]  Epoch 14 loss: 246.92025470733643; train accuracy: 0.22289818335445713; test accuracy: 0.0581
2026-01-22 00:57:25 [INFO]  Epoch 15 loss: 246.4328556060791; train accuracy: 0.24089564850021125; test accuracy: 0.0655
2026-01-22 00:57:26 [INFO]  Save the model in ./checkpoints/CIFAR100_alpha0.05/local_models/client_2/epoch_15.pth
2026-01-22 00:58:13 [INFO]  Epoch 16 loss: 241.51380348205566; train accuracy: 0.26624419095901986; test accuracy: 0.0691
2026-01-22 00:59:08 [INFO]  Epoch 17 loss: 238.75226211547852; train accuracy: 0.2412336290663287; test accuracy: 0.0632
2026-01-22 01:00:03 [INFO]  Epoch 18 loss: 238.05316829681396; train accuracy: 0.3033375580904098; test accuracy: 0.0795
2026-01-22 01:00:54 [INFO]  Epoch 19 loss: 235.11139583587646; train accuracy: 0.25517532741867344; test accuracy: 0.0657
2026-01-22 01:00:54 [INFO]  Client 3 Starts Local Trainning--------|
2026-01-22 01:01:30 [INFO]  Epoch 10 loss: 207.6871337890625; train accuracy: 0.1915665147119768; test accuracy: 0.0357
2026-01-22 01:01:30 [INFO]  Save the model in ./checkpoints/CIFAR100_alpha0.05/local_models/client_3/epoch_10.pth
2026-01-22 01:02:10 [INFO]  Epoch 11 loss: 205.98927307128906; train accuracy: 0.18970161624533777; test accuracy: 0.0388
2026-01-22 01:02:45 [INFO]  Epoch 12 loss: 204.79882335662842; train accuracy: 0.2236842105263158; test accuracy: 0.0479
2026-01-22 01:03:19 [INFO]  Epoch 13 loss: 201.99993896484375; train accuracy: 0.2053460422710319; test accuracy: 0.0411
2026-01-22 01:04:04 [INFO]  Epoch 14 loss: 200.52241134643555; train accuracy: 0.2120803978450062; test accuracy: 0.0479
2026-01-22 01:04:48 [INFO]  Epoch 15 loss: 197.88563442230225; train accuracy: 0.241815167840862; test accuracy: 0.0571
2026-01-22 01:04:48 [INFO]  Save the model in ./checkpoints/CIFAR100_alpha0.05/local_models/client_3/epoch_15.pth
2026-01-22 01:05:32 [INFO]  Epoch 16 loss: 196.39195728302002; train accuracy: 0.21746788230418565; test accuracy: 0.0482
2026-01-22 01:06:14 [INFO]  Epoch 17 loss: 194.16192722320557; train accuracy: 0.24595938665561543; test accuracy: 0.0526
2026-01-22 01:06:50 [INFO]  Epoch 18 loss: 191.77230739593506; train accuracy: 0.2655408205553253; test accuracy: 0.0604
2026-01-22 01:07:31 [INFO]  Epoch 19 loss: 191.41818046569824; train accuracy: 0.25621632822213014; test accuracy: 0.0596
2026-01-22 01:07:31 [INFO]  Client 4 Starts Local Trainning--------|
2026-01-22 01:08:09 [INFO]  Epoch 10 loss: 220.90641117095947; train accuracy: 0.259433058800996; test accuracy: 0.0549
2026-01-22 01:08:09 [INFO]  Save the model in ./checkpoints/CIFAR100_alpha0.05/local_models/client_4/epoch_10.pth
2026-01-22 01:08:48 [INFO]  Epoch 11 loss: 218.83612728118896; train accuracy: 0.27868224478069337; test accuracy: 0.0592
2026-01-22 01:09:27 [INFO]  Epoch 12 loss: 216.27775764465332; train accuracy: 0.3310668454319096; test accuracy: 0.0731
2026-01-22 01:10:13 [INFO]  Epoch 13 loss: 212.06697273254395; train accuracy: 0.328481133882398; test accuracy: 0.0713
2026-01-22 01:11:06 [INFO]  Epoch 14 loss: 209.63010597229004; train accuracy: 0.32532081976632826; test accuracy: 0.0731
2026-01-22 01:11:57 [INFO]  Epoch 15 loss: 206.3114070892334; train accuracy: 0.3067420034476154; test accuracy: 0.0658
2026-01-22 01:11:58 [INFO]  Save the model in ./checkpoints/CIFAR100_alpha0.05/local_models/client_4/epoch_15.pth
2026-01-22 01:12:46 [INFO]  Epoch 16 loss: 203.51080226898193; train accuracy: 0.3385366787971653; test accuracy: 0.0733
2026-01-22 01:13:27 [INFO]  Epoch 17 loss: 202.56307315826416; train accuracy: 0.32149013598927406; test accuracy: 0.0694
2026-01-22 01:14:14 [INFO]  Epoch 18 loss: 199.02867317199707; train accuracy: 0.3661176019919556; test accuracy: 0.077
2026-01-22 01:14:53 [INFO]  Epoch 19 loss: 195.94551372528076; train accuracy: 0.382685309327715; test accuracy: 0.0849
2026-01-22 01:14:53 [INFO]  Round 1 Finish--------|
2026-01-22 01:14:53 [INFO]  Model variance: mean: 0.002196613233536482, sum: 24646.072265625
2026-01-22 01:14:53 [INFO]  g_protos_std (global internal): 0.992731
2026-01-22 01:14:53 [INFO]  inter_client_proto_std (cross-client): 0.007659
2026-01-22 01:14:53 [INFO]  g_protos_std (global internal): 0.992731
2026-01-22 01:14:53 [INFO]  inter_client_proto_std (cross-client): 0.007659
2026-01-22 01:14:53 [INFO]  V4 Training | Using Simple Feature-level Server.
2026-01-22 01:14:59 [INFO]  The test accuracy of OursV4+SimpleFeatureServer: 0.2052
2026-01-22 01:14:59 [INFO]  Save config to ./checkpoints/CIFAR100_alpha0.05/baselines_OursV4+SimpleFeatureServer_CIFAR10_results.yaml
2026-01-22 01:14:59 [INFO]  Round 2 starts--------|
2026-01-22 01:14:59 [INFO]  Client 0 Starts Local Trainning--------|
2026-01-22 01:15:36 [INFO]  Epoch 20 loss: 168.2155647277832; train accuracy: 0.24344262295081967; test accuracy: 0.0489
2026-01-22 01:15:36 [INFO]  Save the model in ./checkpoints/CIFAR100_alpha0.05/local_models/client_0/epoch_20.pth
2026-01-22 01:16:17 [INFO]  Epoch 21 loss: 167.85396003723145; train accuracy: 0.21569086651053865; test accuracy: 0.0443
2026-01-22 01:16:57 [INFO]  Epoch 22 loss: 166.30931758880615; train accuracy: 0.23278688524590163; test accuracy: 0.0432
2026-01-22 01:17:33 [INFO]  Epoch 23 loss: 165.0371551513672; train accuracy: 0.23641686182669788; test accuracy: 0.0446
2026-01-22 01:18:05 [INFO]  Epoch 24 loss: 163.10809803009033; train accuracy: 0.2970725995316159; test accuracy: 0.0569
2026-01-22 01:18:37 [INFO]  Epoch 25 loss: 162.2350788116455; train accuracy: 0.21405152224824356; test accuracy: 0.0408
2026-01-22 01:18:37 [INFO]  Save the model in ./checkpoints/CIFAR100_alpha0.05/local_models/client_0/epoch_25.pth
2026-01-22 01:19:09 [INFO]  Epoch 26 loss: 160.84919929504395; train accuracy: 0.2851288056206089; test accuracy: 0.0546
2026-01-22 01:19:49 [INFO]  Epoch 27 loss: 159.16280841827393; train accuracy: 0.27096018735363; test accuracy: 0.052
2026-01-22 01:20:30 [INFO]  Epoch 28 loss: 158.6260175704956; train accuracy: 0.26639344262295084; test accuracy: 0.0508
2026-01-22 01:21:08 [INFO]  Epoch 29 loss: 156.3570032119751; train accuracy: 0.3199063231850117; test accuracy: 0.0613
2026-01-22 01:21:08 [INFO]  Client 1 Starts Local Trainning--------|
2026-01-22 01:21:43 [INFO]  Epoch 20 loss: 187.7507038116455; train accuracy: 0.3128737802958766; test accuracy: 0.0658
2026-01-22 01:21:44 [INFO]  Save the model in ./checkpoints/CIFAR100_alpha0.05/local_models/client_1/epoch_20.pth
2026-01-22 01:22:28 [INFO]  Epoch 21 loss: 187.26058959960938; train accuracy: 0.29619137551148883; test accuracy: 0.0583
2026-01-22 01:23:10 [INFO]  Epoch 22 loss: 184.93884754180908; train accuracy: 0.27940404994229356; test accuracy: 0.0555
2026-01-22 01:23:46 [INFO]  Epoch 23 loss: 184.01555824279785; train accuracy: 0.31203441401741683; test accuracy: 0.0627
2026-01-22 01:24:17 [INFO]  Epoch 24 loss: 183.2105712890625; train accuracy: 0.2764662679676844; test accuracy: 0.0549
2026-01-22 01:24:54 [INFO]  Epoch 25 loss: 181.04184246063232; train accuracy: 0.27835484209421885; test accuracy: 0.0557
2026-01-22 01:24:55 [INFO]  Save the model in ./checkpoints/CIFAR100_alpha0.05/local_models/client_1/epoch_25.pth
2026-01-22 01:25:38 [INFO]  Epoch 26 loss: 179.7634038925171; train accuracy: 0.2604133878921414; test accuracy: 0.0514
2026-01-22 01:26:20 [INFO]  Epoch 27 loss: 177.57129764556885; train accuracy: 0.3412023921938936; test accuracy: 0.0668
2026-01-22 01:27:02 [INFO]  Epoch 28 loss: 175.32578945159912; train accuracy: 0.33280872940929596; test accuracy: 0.0656
2026-01-22 01:27:40 [INFO]  Epoch 29 loss: 173.73229789733887; train accuracy: 0.3110901269541496; test accuracy: 0.0614
2026-01-22 01:27:40 [INFO]  Client 2 Starts Local Trainning--------|
2026-01-22 01:28:23 [INFO]  Epoch 20 loss: 231.5877022743225; train accuracy: 0.3055344317701732; test accuracy: 0.0819
2026-01-22 01:28:24 [INFO]  Save the model in ./checkpoints/CIFAR100_alpha0.05/local_models/client_2/epoch_20.pth
2026-01-22 01:29:15 [INFO]  Epoch 21 loss: 231.10605430603027; train accuracy: 0.30063371356147023; test accuracy: 0.0797
2026-01-22 01:29:55 [INFO]  Epoch 22 loss: 228.03893280029297; train accuracy: 0.32344740177439796; test accuracy: 0.0832
2026-01-22 01:30:35 [INFO]  Epoch 23 loss: 228.39199447631836; train accuracy: 0.2800168990283059; test accuracy: 0.0741
2026-01-22 01:31:27 [INFO]  Epoch 24 loss: 225.8554654121399; train accuracy: 0.34913392479932404; test accuracy: 0.0905
2026-01-22 01:32:21 [INFO]  Epoch 25 loss: 224.0060577392578; train accuracy: 0.2888043937473595; test accuracy: 0.0758
2026-01-22 01:32:21 [INFO]  Save the model in ./checkpoints/CIFAR100_alpha0.05/local_models/client_2/epoch_25.pth
2026-01-22 01:33:15 [INFO]  Epoch 26 loss: 220.54649686813354; train accuracy: 0.312716518800169; test accuracy: 0.0808
2026-01-22 01:33:56 [INFO]  Epoch 27 loss: 219.28039932250977; train accuracy: 0.36155471060414024; test accuracy: 0.0943
2026-01-22 01:34:39 [INFO]  Epoch 28 loss: 217.71316242218018; train accuracy: 0.37296155471060416; test accuracy: 0.0962
2026-01-22 01:35:20 [INFO]  Epoch 29 loss: 216.18668508529663; train accuracy: 0.29860583016476555; test accuracy: 0.0796
2026-01-22 01:35:20 [INFO]  Client 3 Starts Local Trainning--------|
2026-01-22 01:35:48 [INFO]  Epoch 20 loss: 187.4019546508789; train accuracy: 0.23331951927061748; test accuracy: 0.0512
2026-01-22 01:35:48 [INFO]  Save the model in ./checkpoints/CIFAR100_alpha0.05/local_models/client_3/epoch_20.pth
2026-01-22 01:36:24 [INFO]  Epoch 21 loss: 187.91481685638428; train accuracy: 0.24368006630750103; test accuracy: 0.0579
2026-01-22 01:37:06 [INFO]  Epoch 22 loss: 186.20060539245605; train accuracy: 0.2943431413178616; test accuracy: 0.0654
2026-01-22 01:37:50 [INFO]  Epoch 23 loss: 184.40450382232666; train accuracy: 0.27818068794032325; test accuracy: 0.0617
2026-01-22 01:38:33 [INFO]  Epoch 24 loss: 183.13569259643555; train accuracy: 0.2596353087443017; test accuracy: 0.0594
2026-01-22 01:39:17 [INFO]  Epoch 25 loss: 181.15237712860107; train accuracy: 0.25331537505180274; test accuracy: 0.0527
2026-01-22 01:39:18 [INFO]  Save the model in ./checkpoints/CIFAR100_alpha0.05/local_models/client_3/epoch_25.pth
2026-01-22 01:39:57 [INFO]  Epoch 26 loss: 181.17825984954834; train accuracy: 0.27279320348114383; test accuracy: 0.0608
2026-01-22 01:40:32 [INFO]  Epoch 27 loss: 178.63985919952393; train accuracy: 0.28346456692913385; test accuracy: 0.0612
2026-01-22 01:41:04 [INFO]  Epoch 28 loss: 177.21728801727295; train accuracy: 0.266991297140489; test accuracy: 0.0578
2026-01-22 01:41:34 [INFO]  Epoch 29 loss: 176.4739227294922; train accuracy: 0.2784915043514298; test accuracy: 0.0615
2026-01-22 01:41:34 [INFO]  Client 4 Starts Local Trainning--------|
2026-01-22 01:42:19 [INFO]  Epoch 20 loss: 192.7013063430786; train accuracy: 0.41562918981038116; test accuracy: 0.0911
2026-01-22 01:42:20 [INFO]  Save the model in ./checkpoints/CIFAR100_alpha0.05/local_models/client_4/epoch_20.pth
2026-01-22 01:43:04 [INFO]  Epoch 21 loss: 191.65468311309814; train accuracy: 0.33355678988699483; test accuracy: 0.0738
2026-01-22 01:43:47 [INFO]  Epoch 22 loss: 189.14496898651123; train accuracy: 0.41323501244972227; test accuracy: 0.0901
2026-01-22 01:44:33 [INFO]  Epoch 23 loss: 189.06877422332764; train accuracy: 0.43143076039072975; test accuracy: 0.0933
2026-01-22 01:45:20 [INFO]  Epoch 24 loss: 185.9252166748047; train accuracy: 0.3688948477303199; test accuracy: 0.0798
2026-01-22 01:46:00 [INFO]  Epoch 25 loss: 184.9134979248047; train accuracy: 0.40413713847921856; test accuracy: 0.0876
2026-01-22 01:46:01 [INFO]  Save the model in ./checkpoints/CIFAR100_alpha0.05/local_models/client_4/epoch_25.pth
2026-01-22 01:46:32 [INFO]  Epoch 26 loss: 182.1143455505371; train accuracy: 0.3642980271978548; test accuracy: 0.0825
2026-01-22 01:47:02 [INFO]  Epoch 27 loss: 181.3592529296875; train accuracy: 0.43909212794483815; test accuracy: 0.0981
2026-01-22 01:47:40 [INFO]  Epoch 28 loss: 179.9508843421936; train accuracy: 0.43775138862286916; test accuracy: 0.0957
2026-01-22 01:48:26 [INFO]  Epoch 29 loss: 178.10633182525635; train accuracy: 0.3997318521356062; test accuracy: 0.0859
2026-01-22 01:48:26 [INFO]  Round 2 Finish--------|
2026-01-22 01:48:26 [INFO]  Model variance: mean: 0.0026891473680734634, sum: 30172.3203125
2026-01-22 01:48:26 [INFO]  g_protos_std (global internal): 0.992873
2026-01-22 01:48:26 [INFO]  inter_client_proto_std (cross-client): 0.008904
2026-01-22 01:48:26 [INFO]  g_protos_std (global internal): 0.992873
2026-01-22 01:48:26 [INFO]  inter_client_proto_std (cross-client): 0.008904
2026-01-22 01:48:26 [INFO]  V4 Training | Using Simple Feature-level Server.
2026-01-22 01:48:34 [INFO]  The test accuracy of OursV4+SimpleFeatureServer: 0.2489
2026-01-22 01:48:34 [INFO]  Save config to ./checkpoints/CIFAR100_alpha0.05/baselines_OursV4+SimpleFeatureServer_CIFAR10_results.yaml
2026-01-22 01:48:34 [INFO]  Round 3 starts--------|
2026-01-22 01:48:34 [INFO]  Client 0 Starts Local Trainning--------|
2026-01-22 01:49:09 [INFO]  Epoch 30 loss: 155.09532260894775; train accuracy: 0.30491803278688523; test accuracy: 0.0552
2026-01-22 01:49:10 [INFO]  Save the model in ./checkpoints/CIFAR100_alpha0.05/local_models/client_0/epoch_30.pth
2026-01-22 01:49:47 [INFO]  Epoch 31 loss: 155.75915431976318; train accuracy: 0.2901639344262295; test accuracy: 0.0537
2026-01-22 01:50:23 [INFO]  Epoch 32 loss: 154.70743560791016; train accuracy: 0.3053864168618267; test accuracy: 0.0599
2026-01-22 01:51:02 [INFO]  Epoch 33 loss: 154.66146087646484; train accuracy: 0.2388758782201405; test accuracy: 0.0446
2026-01-22 01:51:39 [INFO]  Epoch 34 loss: 151.4028720855713; train accuracy: 0.33805620608899295; test accuracy: 0.062
2026-01-22 01:52:13 [INFO]  Epoch 35 loss: 151.7221555709839; train accuracy: 0.3633489461358314; test accuracy: 0.0662
2026-01-22 01:52:13 [INFO]  Save the model in ./checkpoints/CIFAR100_alpha0.05/local_models/client_0/epoch_35.pth
2026-01-22 01:52:38 [INFO]  Epoch 36 loss: 150.31767177581787; train accuracy: 0.30936768149882904; test accuracy: 0.0624
2026-01-22 01:53:04 [INFO]  Epoch 37 loss: 148.56483459472656; train accuracy: 0.32892271662763467; test accuracy: 0.0612
2026-01-22 01:53:32 [INFO]  Epoch 38 loss: 147.55081939697266; train accuracy: 0.37201405152224826; test accuracy: 0.0702
2026-01-22 01:54:08 [INFO]  Epoch 39 loss: 146.38236331939697; train accuracy: 0.352576112412178; test accuracy: 0.0634
2026-01-22 01:54:08 [INFO]  Client 1 Starts Local Trainning--------|
2026-01-22 01:54:51 [INFO]  Epoch 30 loss: 172.9531764984131; train accuracy: 0.33606127373832756; test accuracy: 0.0693
2026-01-22 01:54:51 [INFO]  Save the model in ./checkpoints/CIFAR100_alpha0.05/local_models/client_1/epoch_30.pth
2026-01-22 01:55:36 [INFO]  Epoch 31 loss: 171.97366905212402; train accuracy: 0.24929178470254956; test accuracy: 0.0482
2026-01-22 01:56:18 [INFO]  Epoch 32 loss: 170.87289905548096; train accuracy: 0.3585143216871262; test accuracy: 0.069
2026-01-22 01:57:00 [INFO]  Epoch 33 loss: 169.75803661346436; train accuracy: 0.3377400062952471; test accuracy: 0.0667
2026-01-22 01:57:41 [INFO]  Epoch 34 loss: 168.3118896484375; train accuracy: 0.3147623544224111; test accuracy: 0.0627
2026-01-22 01:58:15 [INFO]  Epoch 35 loss: 167.66601181030273; train accuracy: 0.34277620396600567; test accuracy: 0.0682
2026-01-22 01:58:16 [INFO]  Save the model in ./checkpoints/CIFAR100_alpha0.05/local_models/client_1/epoch_35.pth
2026-01-22 01:58:47 [INFO]  Epoch 36 loss: 166.45886993408203; train accuracy: 0.3845346763193789; test accuracy: 0.0732
2026-01-22 01:59:18 [INFO]  Epoch 37 loss: 164.29679012298584; train accuracy: 0.3276676109537299; test accuracy: 0.0653
2026-01-22 01:59:48 [INFO]  Epoch 38 loss: 164.8824462890625; train accuracy: 0.39103976497744203; test accuracy: 0.0782
2026-01-22 02:00:25 [INFO]  Epoch 39 loss: 163.39123249053955; train accuracy: 0.3908299234078271; test accuracy: 0.0769
2026-01-22 02:00:25 [INFO]  Client 2 Starts Local Trainning--------|
2026-01-22 02:01:17 [INFO]  Epoch 30 loss: 213.75631856918335; train accuracy: 0.36155471060414024; test accuracy: 0.095
2026-01-22 02:01:18 [INFO]  Save the model in ./checkpoints/CIFAR100_alpha0.05/local_models/client_2/epoch_30.pth
2026-01-22 02:02:08 [INFO]  Epoch 31 loss: 212.9490909576416; train accuracy: 0.41174482467258133; test accuracy: 0.1085
2026-01-22 02:03:00 [INFO]  Epoch 32 loss: 212.33661890029907; train accuracy: 0.39501478664976764; test accuracy: 0.1039
2026-01-22 02:03:42 [INFO]  Epoch 33 loss: 210.65936517715454; train accuracy: 0.3670468948035488; test accuracy: 0.096
2026-01-22 02:04:26 [INFO]  Epoch 34 loss: 209.0929708480835; train accuracy: 0.3821715251373046; test accuracy: 0.1005
2026-01-22 02:05:06 [INFO]  Epoch 35 loss: 207.28340339660645; train accuracy: 0.414702154626109; test accuracy: 0.1102
2026-01-22 02:05:06 [INFO]  Save the model in ./checkpoints/CIFAR100_alpha0.05/local_models/client_2/epoch_35.pth
2026-01-22 02:05:46 [INFO]  Epoch 36 loss: 206.2004747390747; train accuracy: 0.38867765103506546; test accuracy: 0.0998
2026-01-22 02:06:33 [INFO]  Epoch 37 loss: 206.29612064361572; train accuracy: 0.36299112801013944; test accuracy: 0.0933
2026-01-22 02:07:18 [INFO]  Epoch 38 loss: 204.25370597839355; train accuracy: 0.414702154626109; test accuracy: 0.1079
2026-01-22 02:08:10 [INFO]  Epoch 39 loss: 202.06888151168823; train accuracy: 0.4217997465145754; test accuracy: 0.1102
2026-01-22 02:08:10 [INFO]  Client 3 Starts Local Trainning--------|
2026-01-22 02:08:51 [INFO]  Epoch 30 loss: 174.3577642440796; train accuracy: 0.3446953999171156; test accuracy: 0.0738
2026-01-22 02:08:52 [INFO]  Save the model in ./checkpoints/CIFAR100_alpha0.05/local_models/client_3/epoch_30.pth
2026-01-22 02:09:26 [INFO]  Epoch 31 loss: 173.34759330749512; train accuracy: 0.31309573145462083; test accuracy: 0.0692
2026-01-22 02:10:06 [INFO]  Epoch 32 loss: 172.1589879989624; train accuracy: 0.3176543721508496; test accuracy: 0.0705
2026-01-22 02:10:46 [INFO]  Epoch 33 loss: 171.28356266021729; train accuracy: 0.3270824699544136; test accuracy: 0.0731
2026-01-22 02:11:18 [INFO]  Epoch 34 loss: 169.59272575378418; train accuracy: 0.30895151263986737; test accuracy: 0.0676
2026-01-22 02:11:53 [INFO]  Epoch 35 loss: 168.72828102111816; train accuracy: 0.31589307915457937; test accuracy: 0.0765
2026-01-22 02:11:54 [INFO]  Save the model in ./checkpoints/CIFAR100_alpha0.05/local_models/client_3/epoch_35.pth
2026-01-22 02:12:27 [INFO]  Epoch 36 loss: 167.28172779083252; train accuracy: 0.2820140903439702; test accuracy: 0.0603
2026-01-22 02:13:08 [INFO]  Epoch 37 loss: 165.62323760986328; train accuracy: 0.32894736842105265; test accuracy: 0.0706
2026-01-22 02:13:51 [INFO]  Epoch 38 loss: 164.87452793121338; train accuracy: 0.36044343141317864; test accuracy: 0.0752
2026-01-22 02:14:27 [INFO]  Epoch 39 loss: 164.54701900482178; train accuracy: 0.3329879817654372; test accuracy: 0.0732
2026-01-22 02:14:27 [INFO]  Client 4 Starts Local Trainning--------|
2026-01-22 02:15:07 [INFO]  Epoch 30 loss: 175.97118663787842; train accuracy: 0.4807508140203026; test accuracy: 0.1045
2026-01-22 02:15:07 [INFO]  Save the model in ./checkpoints/CIFAR100_alpha0.05/local_models/client_4/epoch_30.pth
2026-01-22 02:15:53 [INFO]  Epoch 31 loss: 174.9587745666504; train accuracy: 0.4727063780884888; test accuracy: 0.104
2026-01-22 02:16:38 [INFO]  Epoch 32 loss: 173.32344913482666; train accuracy: 0.5085232714039456; test accuracy: 0.1141
2026-01-22 02:17:15 [INFO]  Epoch 33 loss: 173.21063804626465; train accuracy: 0.46169316222945794; test accuracy: 0.1035
2026-01-22 02:17:53 [INFO]  Epoch 34 loss: 171.3497052192688; train accuracy: 0.5634935836046734; test accuracy: 0.1246
2026-01-22 02:18:31 [INFO]  Epoch 35 loss: 169.88057708740234; train accuracy: 0.4247270637808849; test accuracy: 0.0913
2026-01-22 02:18:32 [INFO]  Save the model in ./checkpoints/CIFAR100_alpha0.05/local_models/client_4/epoch_35.pth
2026-01-22 02:19:17 [INFO]  Epoch 36 loss: 167.8375644683838; train accuracy: 0.520206856923961; test accuracy: 0.1182
2026-01-22 02:19:55 [INFO]  Epoch 37 loss: 167.39265251159668; train accuracy: 0.4843899636085041; test accuracy: 0.1062
2026-01-22 02:20:35 [INFO]  Epoch 38 loss: 165.57316827774048; train accuracy: 0.46303390155142693; test accuracy: 0.1045
2026-01-22 02:21:18 [INFO]  Epoch 39 loss: 165.46449995040894; train accuracy: 0.5212602949626508; test accuracy: 0.1127
2026-01-22 02:21:18 [INFO]  Round 3 Finish--------|
2026-01-22 02:21:18 [INFO]  Model variance: mean: 0.003126422641798854, sum: 35078.5625
2026-01-22 02:21:18 [INFO]  g_protos_std (global internal): 0.992992
2026-01-22 02:21:18 [INFO]  inter_client_proto_std (cross-client): 0.009872
2026-01-22 02:21:18 [INFO]  g_protos_std (global internal): 0.992992
2026-01-22 02:21:18 [INFO]  inter_client_proto_std (cross-client): 0.009872
2026-01-22 02:21:18 [INFO]  V4 Training | Using Simple Feature-level Server.
2026-01-22 02:21:26 [INFO]  The test accuracy of OursV4+SimpleFeatureServer: 0.2878
2026-01-22 02:21:26 [INFO]  Save config to ./checkpoints/CIFAR100_alpha0.05/baselines_OursV4+SimpleFeatureServer_CIFAR10_results.yaml
2026-01-22 02:21:26 [INFO]  Round 4 starts--------|
2026-01-22 02:21:26 [INFO]  Client 0 Starts Local Trainning--------|
2026-01-22 02:22:03 [INFO]  Epoch 40 loss: 145.15452480316162; train accuracy: 0.41943793911007027; test accuracy: 0.076
2026-01-22 02:22:03 [INFO]  Save the model in ./checkpoints/CIFAR100_alpha0.05/local_models/client_0/epoch_40.pth
2026-01-22 02:22:32 [INFO]  Epoch 41 loss: 145.15223693847656; train accuracy: 0.37763466042154564; test accuracy: 0.0694
2026-01-22 02:23:04 [INFO]  Epoch 42 loss: 144.52214908599854; train accuracy: 0.30714285714285716; test accuracy: 0.0583
2026-01-22 02:23:37 [INFO]  Epoch 43 loss: 143.61693382263184; train accuracy: 0.3594847775175644; test accuracy: 0.0659
2026-01-22 02:24:06 [INFO]  Epoch 44 loss: 143.5851707458496; train accuracy: 0.3912177985948478; test accuracy: 0.0788
2026-01-22 02:24:37 [INFO]  Epoch 45 loss: 142.54059982299805; train accuracy: 0.4169789227166276; test accuracy: 0.0789
2026-01-22 02:24:38 [INFO]  Save the model in ./checkpoints/CIFAR100_alpha0.05/local_models/client_0/epoch_45.pth
2026-01-22 02:25:07 [INFO]  Epoch 46 loss: 141.06238842010498; train accuracy: 0.3338407494145199; test accuracy: 0.0653
2026-01-22 02:25:39 [INFO]  Epoch 47 loss: 140.50815629959106; train accuracy: 0.2834894613583138; test accuracy: 0.0542
2026-01-22 02:26:17 [INFO]  Epoch 48 loss: 139.38272094726562; train accuracy: 0.38911007025761124; test accuracy: 0.0722
2026-01-22 02:26:53 [INFO]  Epoch 49 loss: 138.6861047744751; train accuracy: 0.3778688524590164; test accuracy: 0.0698
2026-01-22 02:26:53 [INFO]  Client 1 Starts Local Trainning--------|
2026-01-22 02:27:33 [INFO]  Epoch 40 loss: 160.84729290008545; train accuracy: 0.3918791312559018; test accuracy: 0.0767
2026-01-22 02:27:33 [INFO]  Save the model in ./checkpoints/CIFAR100_alpha0.05/local_models/client_1/epoch_40.pth
2026-01-22 02:28:11 [INFO]  Epoch 41 loss: 160.78539562225342; train accuracy: 0.4250340992550624; test accuracy: 0.0833
2026-01-22 02:28:44 [INFO]  Epoch 42 loss: 160.57162714004517; train accuracy: 0.41307312978701083; test accuracy: 0.0834
2026-01-22 02:29:27 [INFO]  Epoch 43 loss: 158.52447032928467; train accuracy: 0.4187388521666142; test accuracy: 0.0855
2026-01-22 02:30:01 [INFO]  Epoch 44 loss: 157.44725799560547; train accuracy: 0.33029063057391667; test accuracy: 0.0646
2026-01-22 02:30:33 [INFO]  Epoch 45 loss: 157.57322931289673; train accuracy: 0.4657433637603609; test accuracy: 0.0947
2026-01-22 02:30:33 [INFO]  Save the model in ./checkpoints/CIFAR100_alpha0.05/local_models/client_1/epoch_45.pth
2026-01-22 02:31:08 [INFO]  Epoch 46 loss: 156.36215448379517; train accuracy: 0.43877872206484103; test accuracy: 0.0892
2026-01-22 02:31:46 [INFO]  Epoch 47 loss: 155.3361086845398; train accuracy: 0.423145525128528; test accuracy: 0.0871
2026-01-22 02:32:29 [INFO]  Epoch 48 loss: 154.0047721862793; train accuracy: 0.4278669604448641; test accuracy: 0.0849
2026-01-22 02:33:10 [INFO]  Epoch 49 loss: 154.05334758758545; train accuracy: 0.4523135033050047; test accuracy: 0.0933
2026-01-22 02:33:10 [INFO]  Client 2 Starts Local Trainning--------|
2026-01-22 02:33:54 [INFO]  Epoch 40 loss: 200.68206596374512; train accuracy: 0.4939585973806506; test accuracy: 0.1284
2026-01-22 02:33:55 [INFO]  Save the model in ./checkpoints/CIFAR100_alpha0.05/local_models/client_2/epoch_40.pth
2026-01-22 02:34:38 [INFO]  Epoch 41 loss: 199.15480613708496; train accuracy: 0.4365863962822138; test accuracy: 0.114
2026-01-22 02:35:30 [INFO]  Epoch 42 loss: 198.35510540008545; train accuracy: 0.414702154626109; test accuracy: 0.1095
2026-01-22 02:36:09 [INFO]  Epoch 43 loss: 198.4247179031372; train accuracy: 0.43650190114068443; test accuracy: 0.1146
2026-01-22 02:36:47 [INFO]  Epoch 44 loss: 196.36728954315186; train accuracy: 0.4379383185466836; test accuracy: 0.1153
2026-01-22 02:37:38 [INFO]  Epoch 45 loss: 195.0936336517334; train accuracy: 0.43709336713138996; test accuracy: 0.1142
2026-01-22 02:37:38 [INFO]  Save the model in ./checkpoints/CIFAR100_alpha0.05/local_models/client_2/epoch_45.pth
2026-01-22 02:38:29 [INFO]  Epoch 46 loss: 194.95512866973877; train accuracy: 0.389269117025771; test accuracy: 0.1057
2026-01-22 02:39:21 [INFO]  Epoch 47 loss: 191.95099782943726; train accuracy: 0.38098859315589356; test accuracy: 0.1024
2026-01-22 02:40:04 [INFO]  Epoch 48 loss: 191.17951154708862; train accuracy: 0.3760033798056612; test accuracy: 0.1031
2026-01-22 02:40:53 [INFO]  Epoch 49 loss: 190.67112922668457; train accuracy: 0.4062526404731728; test accuracy: 0.1103
2026-01-22 02:40:53 [INFO]  Client 3 Starts Local Trainning--------|
2026-01-22 02:41:36 [INFO]  Epoch 40 loss: 162.01607131958008; train accuracy: 0.3487360132615002; test accuracy: 0.0757
2026-01-22 02:41:36 [INFO]  Save the model in ./checkpoints/CIFAR100_alpha0.05/local_models/client_3/epoch_40.pth
2026-01-22 02:42:08 [INFO]  Epoch 41 loss: 161.68099784851074; train accuracy: 0.3708039784500622; test accuracy: 0.08
2026-01-22 02:42:40 [INFO]  Epoch 42 loss: 161.66843128204346; train accuracy: 0.34915043514297556; test accuracy: 0.0776
2026-01-22 02:43:18 [INFO]  Epoch 43 loss: 159.64708614349365; train accuracy: 0.38354745130542894; test accuracy: 0.0864
2026-01-22 02:44:02 [INFO]  Epoch 44 loss: 158.3350429534912; train accuracy: 0.37826357231661834; test accuracy: 0.0851
2026-01-22 02:44:46 [INFO]  Epoch 45 loss: 158.48565578460693; train accuracy: 0.3483215913800249; test accuracy: 0.0739
2026-01-22 02:44:46 [INFO]  Save the model in ./checkpoints/CIFAR100_alpha0.05/local_models/client_3/epoch_45.pth
2026-01-22 02:45:30 [INFO]  Epoch 46 loss: 157.51937866210938; train accuracy: 0.3518441773725653; test accuracy: 0.0788
2026-01-22 02:46:03 [INFO]  Epoch 47 loss: 155.47979831695557; train accuracy: 0.409966846249482; test accuracy: 0.0903
2026-01-22 02:46:45 [INFO]  Epoch 48 loss: 154.59709644317627; train accuracy: 0.37981765437215087; test accuracy: 0.085
2026-01-22 02:47:23 [INFO]  Epoch 49 loss: 154.00861263275146; train accuracy: 0.3756734355573974; test accuracy: 0.0827
2026-01-22 02:47:23 [INFO]  Client 4 Starts Local Trainning--------|
2026-01-22 02:48:04 [INFO]  Epoch 40 loss: 163.28658246994019; train accuracy: 0.4957862478452404; test accuracy: 0.1059
2026-01-22 02:48:05 [INFO]  Save the model in ./checkpoints/CIFAR100_alpha0.05/local_models/client_4/epoch_40.pth
2026-01-22 02:48:46 [INFO]  Epoch 41 loss: 163.55524015426636; train accuracy: 0.5593755985443402; test accuracy: 0.1259
2026-01-22 02:49:28 [INFO]  Epoch 42 loss: 162.1271162033081; train accuracy: 0.515897337674775; test accuracy: 0.1146
2026-01-22 02:50:14 [INFO]  Epoch 43 loss: 161.45988368988037; train accuracy: 0.5351465236544724; test accuracy: 0.1211
2026-01-22 02:51:02 [INFO]  Epoch 44 loss: 160.60504007339478; train accuracy: 0.5265274851561004; test accuracy: 0.1162
2026-01-22 02:51:46 [INFO]  Epoch 45 loss: 159.01876163482666; train accuracy: 0.5944263551043861; test accuracy: 0.132
2026-01-22 02:51:46 [INFO]  Save the model in ./checkpoints/CIFAR100_alpha0.05/local_models/client_4/epoch_45.pth
2026-01-22 02:52:27 [INFO]  Epoch 46 loss: 157.85591650009155; train accuracy: 0.5575560237502394; test accuracy: 0.1261
2026-01-22 02:53:07 [INFO]  Epoch 47 loss: 156.16650247573853; train accuracy: 0.5429036583030071; test accuracy: 0.1202
2026-01-22 02:53:49 [INFO]  Epoch 48 loss: 155.7601342201233; train accuracy: 0.46686458532848113; test accuracy: 0.1022
2026-01-22 02:54:36 [INFO]  Epoch 49 loss: 155.82146883010864; train accuracy: 0.5094809423482092; test accuracy: 0.1141
2026-01-22 02:54:36 [INFO]  Round 4 Finish--------|
2026-01-22 02:54:36 [INFO]  Model variance: mean: 0.003523829160258174, sum: 39537.4765625
2026-01-22 02:54:36 [INFO]  g_protos_std (global internal): 0.993098
2026-01-22 02:54:36 [INFO]  inter_client_proto_std (cross-client): 0.010662
2026-01-22 02:54:36 [INFO]  g_protos_std (global internal): 0.993098
2026-01-22 02:54:36 [INFO]  inter_client_proto_std (cross-client): 0.010662
2026-01-22 02:54:36 [INFO]  V4 Training | Using Simple Feature-level Server.
2026-01-22 02:54:42 [INFO]  The test accuracy of OursV4+SimpleFeatureServer: 0.3163
2026-01-22 02:54:42 [INFO]  Save config to ./checkpoints/CIFAR100_alpha0.05/baselines_OursV4+SimpleFeatureServer_CIFAR10_results.yaml
2026-01-22 02:54:42 [INFO]  Round 5 starts--------|
2026-01-22 02:54:42 [INFO]  Client 0 Starts Local Trainning--------|
2026-01-22 02:55:15 [INFO]  Epoch 50 loss: 137.13904809951782; train accuracy: 0.46873536299765806; test accuracy: 0.0887
2026-01-22 02:55:15 [INFO]  Save the model in ./checkpoints/CIFAR100_alpha0.05/local_models/client_0/epoch_50.pth
2026-01-22 02:55:54 [INFO]  Epoch 51 loss: 137.02543878555298; train accuracy: 0.39227166276346603; test accuracy: 0.0753
2026-01-22 02:56:35 [INFO]  Epoch 52 loss: 136.23171281814575; train accuracy: 0.4240046838407494; test accuracy: 0.0808
2026-01-22 02:57:15 [INFO]  Epoch 53 loss: 135.84932947158813; train accuracy: 0.4015222482435597; test accuracy: 0.0744
2026-01-22 02:57:46 [INFO]  Epoch 54 loss: 136.16037559509277; train accuracy: 0.46557377049180326; test accuracy: 0.0887
2026-01-22 02:58:19 [INFO]  Epoch 55 loss: 134.80869913101196; train accuracy: 0.5238875878220141; test accuracy: 0.0972
2026-01-22 02:58:20 [INFO]  Save the model in ./checkpoints/CIFAR100_alpha0.05/local_models/client_0/epoch_55.pth
2026-01-22 02:58:54 [INFO]  Epoch 56 loss: 133.65688180923462; train accuracy: 0.3692037470725995; test accuracy: 0.0697
2026-01-22 02:59:35 [INFO]  Epoch 57 loss: 133.23726224899292; train accuracy: 0.435480093676815; test accuracy: 0.0832
2026-01-22 03:00:14 [INFO]  Epoch 58 loss: 132.95852613449097; train accuracy: 0.41053864168618265; test accuracy: 0.0736
2026-01-22 03:00:55 [INFO]  Epoch 59 loss: 131.24462223052979; train accuracy: 0.4490632318501171; test accuracy: 0.0863
2026-01-22 03:00:55 [INFO]  Client 1 Starts Local Trainning--------|
2026-01-22 03:01:32 [INFO]  Epoch 50 loss: 151.4893069267273; train accuracy: 0.4523135033050047; test accuracy: 0.0883
2026-01-22 03:01:32 [INFO]  Save the model in ./checkpoints/CIFAR100_alpha0.05/local_models/client_1/epoch_50.pth
2026-01-22 03:02:12 [INFO]  Epoch 51 loss: 152.05039739608765; train accuracy: 0.5109642220123807; test accuracy: 0.1001
2026-01-22 03:02:55 [INFO]  Epoch 52 loss: 150.89617824554443; train accuracy: 0.48651767915224003; test accuracy: 0.0969
2026-01-22 03:03:30 [INFO]  Epoch 53 loss: 150.48139762878418; train accuracy: 0.38537404259783864; test accuracy: 0.0774
2026-01-22 03:04:02 [INFO]  Epoch 54 loss: 148.21665906906128; train accuracy: 0.4893505403420418; test accuracy: 0.0989
2026-01-22 03:04:34 [INFO]  Epoch 55 loss: 148.63944149017334; train accuracy: 0.4469625432798237; test accuracy: 0.0927
2026-01-22 03:04:35 [INFO]  Save the model in ./checkpoints/CIFAR100_alpha0.05/local_models/client_1/epoch_55.pth
2026-01-22 03:05:12 [INFO]  Epoch 56 loss: 149.18290185928345; train accuracy: 0.5312139334802224; test accuracy: 0.1109
2026-01-22 03:05:49 [INFO]  Epoch 57 loss: 147.1928915977478; train accuracy: 0.5177840730248662; test accuracy: 0.1035
2026-01-22 03:06:25 [INFO]  Epoch 58 loss: 146.09096765518188; train accuracy: 0.5141118455566047; test accuracy: 0.1082
2026-01-22 03:07:00 [INFO]  Epoch 59 loss: 145.45599508285522; train accuracy: 0.48158640226628896; test accuracy: 0.0993
2026-01-22 03:07:00 [INFO]  Client 2 Starts Local Trainning--------|
2026-01-22 03:07:46 [INFO]  Epoch 50 loss: 188.24429035186768; train accuracy: 0.4929446556822983; test accuracy: 0.1293
2026-01-22 03:07:46 [INFO]  Save the model in ./checkpoints/CIFAR100_alpha0.05/local_models/client_2/epoch_50.pth
2026-01-22 03:08:29 [INFO]  Epoch 51 loss: 188.6464786529541; train accuracy: 0.47275031685678076; test accuracy: 0.1237
2026-01-22 03:09:08 [INFO]  Epoch 52 loss: 186.47724151611328; train accuracy: 0.5029995775242924; test accuracy: 0.1344
2026-01-22 03:09:50 [INFO]  Epoch 53 loss: 186.15030241012573; train accuracy: 0.49100126742712297; test accuracy: 0.1318
2026-01-22 03:10:30 [INFO]  Epoch 54 loss: 186.28254461288452; train accuracy: 0.49024081115335866; test accuracy: 0.1303
2026-01-22 03:11:11 [INFO]  Epoch 55 loss: 185.32104349136353; train accuracy: 0.43177017321504013; test accuracy: 0.1159
2026-01-22 03:11:11 [INFO]  Save the model in ./checkpoints/CIFAR100_alpha0.05/local_models/client_2/epoch_55.pth
2026-01-22 03:11:51 [INFO]  Epoch 56 loss: 184.66278743743896; train accuracy: 0.4652302492606675; test accuracy: 0.1234
2026-01-22 03:12:35 [INFO]  Epoch 57 loss: 183.26638650894165; train accuracy: 0.47697507393324884; test accuracy: 0.1309
2026-01-22 03:13:20 [INFO]  Epoch 58 loss: 181.72847318649292; train accuracy: 0.42957329953527673; test accuracy: 0.1151
2026-01-22 03:14:00 [INFO]  Epoch 59 loss: 180.24138021469116; train accuracy: 0.458808618504436; test accuracy: 0.1254
2026-01-22 03:14:00 [INFO]  Client 3 Starts Local Trainning--------|
2026-01-22 03:14:31 [INFO]  Epoch 50 loss: 152.05571794509888; train accuracy: 0.4087235806050559; test accuracy: 0.0898
2026-01-22 03:14:32 [INFO]  Save the model in ./checkpoints/CIFAR100_alpha0.05/local_models/client_3/epoch_50.pth
2026-01-22 03:15:09 [INFO]  Epoch 51 loss: 151.15805673599243; train accuracy: 0.43566100290095316; test accuracy: 0.0966
2026-01-22 03:15:46 [INFO]  Epoch 52 loss: 151.19503784179688; train accuracy: 0.39525486945710736; test accuracy: 0.0886
2026-01-22 03:16:21 [INFO]  Epoch 53 loss: 151.79312372207642; train accuracy: 0.4260256941566515; test accuracy: 0.0941
2026-01-22 03:16:56 [INFO]  Epoch 54 loss: 150.94599771499634; train accuracy: 0.40323249067550765; test accuracy: 0.0888
2026-01-22 03:17:33 [INFO]  Epoch 55 loss: 149.25685214996338; train accuracy: 0.40312888520513884; test accuracy: 0.0914
2026-01-22 03:17:33 [INFO]  Save the model in ./checkpoints/CIFAR100_alpha0.05/local_models/client_3/epoch_55.pth
2026-01-22 03:18:09 [INFO]  Epoch 56 loss: 147.85172843933105; train accuracy: 0.3873808537090758; test accuracy: 0.0865
2026-01-22 03:18:44 [INFO]  Epoch 57 loss: 148.70714950561523; train accuracy: 0.4398052217157066; test accuracy: 0.0942
2026-01-22 03:19:16 [INFO]  Epoch 58 loss: 146.76642560958862; train accuracy: 0.45410277662660586; test accuracy: 0.0966
2026-01-22 03:19:51 [INFO]  Epoch 59 loss: 146.69101190567017; train accuracy: 0.4115209283050145; test accuracy: 0.091
2026-01-22 03:19:51 [INFO]  Client 4 Starts Local Trainning--------|
2026-01-22 03:20:29 [INFO]  Epoch 50 loss: 154.07051753997803; train accuracy: 0.5537253399731852; test accuracy: 0.1174
2026-01-22 03:20:30 [INFO]  Save the model in ./checkpoints/CIFAR100_alpha0.05/local_models/client_4/epoch_50.pth
2026-01-22 03:21:05 [INFO]  Epoch 51 loss: 152.4420714378357; train accuracy: 0.6115686650067037; test accuracy: 0.1381
2026-01-22 03:21:41 [INFO]  Epoch 52 loss: 151.36328315734863; train accuracy: 0.5840835089063398; test accuracy: 0.1286
2026-01-22 03:22:20 [INFO]  Epoch 53 loss: 151.1420202255249; train accuracy: 0.5728787588584562; test accuracy: 0.1285
2026-01-22 03:22:58 [INFO]  Epoch 54 loss: 150.4353265762329; train accuracy: 0.5837004405286343; test accuracy: 0.1239
2026-01-22 03:23:36 [INFO]  Epoch 55 loss: 150.90629625320435; train accuracy: 0.6182723616165485; test accuracy: 0.1395
2026-01-22 03:23:36 [INFO]  Save the model in ./checkpoints/CIFAR100_alpha0.05/local_models/client_4/epoch_55.pth
2026-01-22 03:24:11 [INFO]  Epoch 56 loss: 149.8316569328308; train accuracy: 0.5803485922237119; test accuracy: 0.1314
2026-01-22 03:24:46 [INFO]  Epoch 57 loss: 149.08527088165283; train accuracy: 0.5448190001915342; test accuracy: 0.1206
2026-01-22 03:25:24 [INFO]  Epoch 58 loss: 147.5270619392395; train accuracy: 0.5471174104577667; test accuracy: 0.1245
2026-01-22 03:26:02 [INFO]  Epoch 59 loss: 147.15961074829102; train accuracy: 0.6239226201877035; test accuracy: 0.1385
2026-01-22 03:26:02 [INFO]  Round 5 Finish--------|
2026-01-22 03:26:02 [INFO]  Model variance: mean: 0.0038861010689288378, sum: 43602.1796875
2026-01-22 03:26:02 [INFO]  g_protos_std (global internal): 0.993193
2026-01-22 03:26:02 [INFO]  inter_client_proto_std (cross-client): 0.011324
2026-01-22 03:26:02 [INFO]  g_protos_std (global internal): 0.993193
2026-01-22 03:26:02 [INFO]  inter_client_proto_std (cross-client): 0.011324
2026-01-22 03:26:02 [INFO]  V4 Training | Using Simple Feature-level Server.
2026-01-22 03:26:08 [INFO]  The test accuracy of OursV4+SimpleFeatureServer: 0.3388
2026-01-22 03:26:08 [INFO]  Save config to ./checkpoints/CIFAR100_alpha0.05/baselines_OursV4+SimpleFeatureServer_CIFAR10_results.yaml
2026-01-22 03:26:08 [INFO]  Round 6 starts--------|
2026-01-22 03:26:08 [INFO]  Client 0 Starts Local Trainning--------|
2026-01-22 03:26:41 [INFO]  Epoch 60 loss: 129.70968866348267; train accuracy: 0.522248243559719; test accuracy: 0.099
2026-01-22 03:26:42 [INFO]  Save the model in ./checkpoints/CIFAR100_alpha0.05/local_models/client_0/epoch_60.pth
2026-01-22 03:27:16 [INFO]  Epoch 61 loss: 130.5140471458435; train accuracy: 0.4665105386416862; test accuracy: 0.0875
2026-01-22 03:27:49 [INFO]  Epoch 62 loss: 130.05005073547363; train accuracy: 0.38231850117096017; test accuracy: 0.0733
2026-01-22 03:28:23 [INFO]  Epoch 63 loss: 129.29744672775269; train accuracy: 0.4323185011709602; test accuracy: 0.0815
2026-01-22 03:28:53 [INFO]  Epoch 64 loss: 128.47503852844238; train accuracy: 0.4489461358313817; test accuracy: 0.0872
2026-01-22 03:29:21 [INFO]  Epoch 65 loss: 127.47269773483276; train accuracy: 0.45011709601873534; test accuracy: 0.0853
2026-01-22 03:29:21 [INFO]  Save the model in ./checkpoints/CIFAR100_alpha0.05/local_models/client_0/epoch_65.pth
2026-01-22 03:29:52 [INFO]  Epoch 66 loss: 128.07911491394043; train accuracy: 0.4610070257611241; test accuracy: 0.0862
2026-01-22 03:30:23 [INFO]  Epoch 67 loss: 126.90884971618652; train accuracy: 0.4142857142857143; test accuracy: 0.0833
2026-01-22 03:30:56 [INFO]  Epoch 68 loss: 126.45373964309692; train accuracy: 0.544847775175644; test accuracy: 0.1059
2026-01-22 03:31:27 [INFO]  Epoch 69 loss: 126.13592290878296; train accuracy: 0.49379391100702574; test accuracy: 0.0983
2026-01-22 03:31:27 [INFO]  Client 1 Starts Local Trainning--------|
2026-01-22 03:32:01 [INFO]  Epoch 60 loss: 142.93693447113037; train accuracy: 0.4937572133039555; test accuracy: 0.1016
2026-01-22 03:32:01 [INFO]  Save the model in ./checkpoints/CIFAR100_alpha0.05/local_models/client_1/epoch_60.pth
2026-01-22 03:32:36 [INFO]  Epoch 61 loss: 143.69307279586792; train accuracy: 0.5412863288217395; test accuracy: 0.1119
2026-01-22 03:33:17 [INFO]  Epoch 62 loss: 143.573570728302; train accuracy: 0.4973245199874095; test accuracy: 0.1031
2026-01-22 03:33:58 [INFO]  Epoch 63 loss: 142.64508247375488; train accuracy: 0.4657433637603609; test accuracy: 0.0953
2026-01-22 03:34:35 [INFO]  Epoch 64 loss: 142.04360723495483; train accuracy: 0.49302276781030324; test accuracy: 0.103
2026-01-22 03:35:18 [INFO]  Epoch 65 loss: 141.98904132843018; train accuracy: 0.554296506137866; test accuracy: 0.115
2026-01-22 03:35:19 [INFO]  Save the model in ./checkpoints/CIFAR100_alpha0.05/local_models/client_1/epoch_65.pth
2026-01-22 03:36:04 [INFO]  Epoch 66 loss: 140.77385139465332; train accuracy: 0.5103346973035359; test accuracy: 0.1075
2026-01-22 03:36:48 [INFO]  Epoch 67 loss: 140.4450159072876; train accuracy: 0.5340467946700241; test accuracy: 0.1081
2026-01-22 03:37:31 [INFO]  Epoch 68 loss: 139.08526802062988; train accuracy: 0.5448536355051936; test accuracy: 0.1132
2026-01-22 03:38:04 [INFO]  Epoch 69 loss: 138.65585851669312; train accuracy: 0.5478963382646103; test accuracy: 0.1148
2026-01-22 03:38:04 [INFO]  Client 2 Starts Local Trainning--------|
2026-01-22 03:38:45 [INFO]  Epoch 60 loss: 178.0882363319397; train accuracy: 0.48086185044359947; test accuracy: 0.1263
2026-01-22 03:38:45 [INFO]  Save the model in ./checkpoints/CIFAR100_alpha0.05/local_models/client_2/epoch_60.pth
2026-01-22 03:39:32 [INFO]  Epoch 61 loss: 179.3461399078369; train accuracy: 0.5336713138994508; test accuracy: 0.1394
2026-01-22 03:40:20 [INFO]  Epoch 62 loss: 177.34547901153564; train accuracy: 0.46801858893113646; test accuracy: 0.1239
2026-01-22 03:41:15 [INFO]  Epoch 63 loss: 177.8902177810669; train accuracy: 0.49209970426700467; test accuracy: 0.125
2026-01-22 03:42:07 [INFO]  Epoch 64 loss: 176.89053964614868; train accuracy: 0.5122940430925221; test accuracy: 0.1406
2026-01-22 03:43:03 [INFO]  Epoch 65 loss: 176.24838399887085; train accuracy: 0.504773975496409; test accuracy: 0.1317
2026-01-22 03:43:03 [INFO]  Save the model in ./checkpoints/CIFAR100_alpha0.05/local_models/client_2/epoch_65.pth
2026-01-22 03:43:50 [INFO]  Epoch 66 loss: 175.90687131881714; train accuracy: 0.43168567807351077; test accuracy: 0.1166
2026-01-22 03:44:33 [INFO]  Epoch 67 loss: 174.6155309677124; train accuracy: 0.5301225179552176; test accuracy: 0.142
2026-01-22 03:45:13 [INFO]  Epoch 68 loss: 173.54405069351196; train accuracy: 0.49649345162653147; test accuracy: 0.1338
2026-01-22 03:46:02 [INFO]  Epoch 69 loss: 173.08240938186646; train accuracy: 0.4442754541613857; test accuracy: 0.1188
2026-01-22 03:46:02 [INFO]  Client 3 Starts Local Trainning--------|
2026-01-22 03:46:46 [INFO]  Epoch 60 loss: 144.47138786315918; train accuracy: 0.37577704102776627; test accuracy: 0.0781
2026-01-22 03:46:47 [INFO]  Save the model in ./checkpoints/CIFAR100_alpha0.05/local_models/client_3/epoch_60.pth
2026-01-22 03:47:31 [INFO]  Epoch 61 loss: 144.99764442443848; train accuracy: 0.4663282221301285; test accuracy: 0.1
2026-01-22 03:48:16 [INFO]  Epoch 62 loss: 143.7028374671936; train accuracy: 0.4177372565271446; test accuracy: 0.092
2026-01-22 03:48:58 [INFO]  Epoch 63 loss: 142.96693658828735; train accuracy: 0.4809365934521343; test accuracy: 0.1063
2026-01-22 03:49:35 [INFO]  Epoch 64 loss: 141.87997007369995; train accuracy: 0.41224616659759633; test accuracy: 0.0912
2026-01-22 03:50:15 [INFO]  Epoch 65 loss: 141.37788677215576; train accuracy: 0.42975549108992955; test accuracy: 0.0904
2026-01-22 03:50:15 [INFO]  Save the model in ./checkpoints/CIFAR100_alpha0.05/local_models/client_3/epoch_65.pth
2026-01-22 03:50:49 [INFO]  Epoch 66 loss: 141.61133813858032; train accuracy: 0.4714048901782014; test accuracy: 0.104
2026-01-22 03:51:27 [INFO]  Epoch 67 loss: 141.1400809288025; train accuracy: 0.4372150849564857; test accuracy: 0.098
2026-01-22 03:52:12 [INFO]  Epoch 68 loss: 140.22346687316895; train accuracy: 0.4028180687940323; test accuracy: 0.0938
2026-01-22 03:52:58 [INFO]  Epoch 69 loss: 139.59960222244263; train accuracy: 0.4897430584334853; test accuracy: 0.1087
2026-01-22 03:52:58 [INFO]  Client 4 Starts Local Trainning--------|
2026-01-22 03:53:46 [INFO]  Epoch 60 loss: 144.60809183120728; train accuracy: 0.6335950967247653; test accuracy: 0.1409
2026-01-22 03:53:47 [INFO]  Save the model in ./checkpoints/CIFAR100_alpha0.05/local_models/client_4/epoch_60.pth
2026-01-22 03:54:36 [INFO]  Epoch 61 loss: 146.0030002593994; train accuracy: 0.5621528442827045; test accuracy: 0.1269
2026-01-22 03:55:15 [INFO]  Epoch 62 loss: 145.81354236602783; train accuracy: 0.5904041371384792; test accuracy: 0.134
2026-01-22 03:55:54 [INFO]  Epoch 63 loss: 144.03991031646729; train accuracy: 0.6167400881057269; test accuracy: 0.1368
2026-01-22 03:56:34 [INFO]  Epoch 64 loss: 142.24338340759277; train accuracy: 0.5435740279639916; test accuracy: 0.1223
2026-01-22 03:57:13 [INFO]  Epoch 65 loss: 143.48010921478271; train accuracy: 0.4955947136563877; test accuracy: 0.1113
2026-01-22 03:57:14 [INFO]  Save the model in ./checkpoints/CIFAR100_alpha0.05/local_models/client_4/epoch_65.pth
2026-01-22 03:57:55 [INFO]  Epoch 66 loss: 142.3219861984253; train accuracy: 0.5471174104577667; test accuracy: 0.1213
2026-01-22 03:58:37 [INFO]  Epoch 67 loss: 141.2685422897339; train accuracy: 0.6384792185405095; test accuracy: 0.1417
2026-01-22 03:59:18 [INFO]  Epoch 68 loss: 141.725359916687; train accuracy: 0.6078337483240759; test accuracy: 0.1346
2026-01-22 03:59:57 [INFO]  Epoch 69 loss: 140.300612449646; train accuracy: 0.6443210113005171; test accuracy: 0.1451
2026-01-22 03:59:57 [INFO]  Round 6 Finish--------|
2026-01-22 03:59:57 [INFO]  Model variance: mean: 0.004222960211336613, sum: 47381.75
2026-01-22 03:59:57 [INFO]  g_protos_std (global internal): 0.993280
2026-01-22 03:59:57 [INFO]  inter_client_proto_std (cross-client): 0.011886
2026-01-22 03:59:57 [INFO]  g_protos_std (global internal): 0.993280
2026-01-22 03:59:57 [INFO]  inter_client_proto_std (cross-client): 0.011886
2026-01-22 03:59:57 [INFO]  V4 Training | Using Simple Feature-level Server.
2026-01-22 04:00:03 [INFO]  The test accuracy of OursV4+SimpleFeatureServer: 0.365
2026-01-22 04:00:03 [INFO]  Save config to ./checkpoints/CIFAR100_alpha0.05/baselines_OursV4+SimpleFeatureServer_CIFAR10_results.yaml
2026-01-22 04:00:03 [INFO]  Round 7 starts--------|
2026-01-22 04:00:03 [INFO]  Client 0 Starts Local Trainning--------|
2026-01-22 04:00:33 [INFO]  Epoch 70 loss: 123.55054569244385; train accuracy: 0.5291569086651053; test accuracy: 0.1031
2026-01-22 04:00:34 [INFO]  Save the model in ./checkpoints/CIFAR100_alpha0.05/local_models/client_0/epoch_70.pth
2026-01-22 04:01:02 [INFO]  Epoch 71 loss: 124.86010408401489; train accuracy: 0.4556206088992974; test accuracy: 0.0897
2026-01-22 04:01:30 [INFO]  Epoch 72 loss: 123.43036222457886; train accuracy: 0.5043325526932084; test accuracy: 0.0961
2026-01-22 04:02:02 [INFO]  Epoch 73 loss: 123.79769659042358; train accuracy: 0.47517564402810303; test accuracy: 0.0958
2026-01-22 04:02:33 [INFO]  Epoch 74 loss: 122.66353416442871; train accuracy: 0.4336065573770492; test accuracy: 0.0817
2026-01-22 04:03:07 [INFO]  Epoch 75 loss: 122.65231084823608; train accuracy: 0.4899297423887588; test accuracy: 0.0931
2026-01-22 04:03:07 [INFO]  Save the model in ./checkpoints/CIFAR100_alpha0.05/local_models/client_0/epoch_75.pth
2026-01-22 04:03:39 [INFO]  Epoch 76 loss: 122.4863748550415; train accuracy: 0.4594847775175644; test accuracy: 0.086
2026-01-22 04:04:12 [INFO]  Epoch 77 loss: 121.06906366348267; train accuracy: 0.4710772833723653; test accuracy: 0.09
2026-01-22 04:04:39 [INFO]  Epoch 78 loss: 120.8487286567688; train accuracy: 0.5291569086651053; test accuracy: 0.1029
2026-01-22 04:05:08 [INFO]  Epoch 79 loss: 120.6312608718872; train accuracy: 0.5824355971896955; test accuracy: 0.1123
2026-01-22 04:05:08 [INFO]  Client 1 Starts Local Trainning--------|
2026-01-22 04:05:43 [INFO]  Epoch 70 loss: 137.16615438461304; train accuracy: 0.5408666456825098; test accuracy: 0.1108
2026-01-22 04:05:44 [INFO]  Save the model in ./checkpoints/CIFAR100_alpha0.05/local_models/client_1/epoch_70.pth
2026-01-22 04:06:16 [INFO]  Epoch 71 loss: 137.36995220184326; train accuracy: 0.5975238694785437; test accuracy: 0.1252
2026-01-22 04:06:48 [INFO]  Epoch 72 loss: 138.22935724258423; train accuracy: 0.4980589654810618; test accuracy: 0.1021
2026-01-22 04:07:27 [INFO]  Epoch 73 loss: 136.4581060409546; train accuracy: 0.5355156856573288; test accuracy: 0.109
2026-01-22 04:08:05 [INFO]  Epoch 74 loss: 134.64573764801025; train accuracy: 0.5575490504668975; test accuracy: 0.1192
2026-01-22 04:08:41 [INFO]  Epoch 75 loss: 135.2362084388733; train accuracy: 0.5571293673276676; test accuracy: 0.1165
2026-01-22 04:08:42 [INFO]  Save the model in ./checkpoints/CIFAR100_alpha0.05/local_models/client_1/epoch_75.pth
2026-01-22 04:09:15 [INFO]  Epoch 76 loss: 135.3051495552063; train accuracy: 0.5265974189486937; test accuracy: 0.1131
2026-01-22 04:09:50 [INFO]  Epoch 77 loss: 133.6021866798401; train accuracy: 0.5545063477074809; test accuracy: 0.1174
2026-01-22 04:10:28 [INFO]  Epoch 78 loss: 133.3690881729126; train accuracy: 0.513272479278145; test accuracy: 0.1058
2026-01-22 04:11:05 [INFO]  Epoch 79 loss: 133.2352352142334; train accuracy: 0.5796873360612738; test accuracy: 0.1205
2026-01-22 04:11:05 [INFO]  Client 2 Starts Local Trainning--------|
2026-01-22 04:11:43 [INFO]  Epoch 70 loss: 169.9842014312744; train accuracy: 0.5360371778622729; test accuracy: 0.1407
2026-01-22 04:11:43 [INFO]  Save the model in ./checkpoints/CIFAR100_alpha0.05/local_models/client_2/epoch_70.pth
2026-01-22 04:12:29 [INFO]  Epoch 71 loss: 171.26833391189575; train accuracy: 0.5370511195606252; test accuracy: 0.1396
2026-01-22 04:13:12 [INFO]  Epoch 72 loss: 170.53443670272827; train accuracy: 0.5307139839459231; test accuracy: 0.1426
2026-01-22 04:13:52 [INFO]  Epoch 73 loss: 169.18845176696777; train accuracy: 0.5245458386142797; test accuracy: 0.1491
2026-01-22 04:14:37 [INFO]  Epoch 74 loss: 169.0074257850647; train accuracy: 0.5824250105618927; test accuracy: 0.1491
2026-01-22 04:15:21 [INFO]  Epoch 75 loss: 168.0050015449524; train accuracy: 0.4465568229826785; test accuracy: 0.1222
2026-01-22 04:15:21 [INFO]  Save the model in ./checkpoints/CIFAR100_alpha0.05/local_models/client_2/epoch_75.pth
2026-01-22 04:16:07 [INFO]  Epoch 76 loss: 167.5539312362671; train accuracy: 0.46937051119560624; test accuracy: 0.1253
2026-01-22 04:16:46 [INFO]  Epoch 77 loss: 167.32829093933105; train accuracy: 0.569666244190959; test accuracy: 0.1507
2026-01-22 04:17:30 [INFO]  Epoch 78 loss: 165.44906044006348; train accuracy: 0.5408534009294466; test accuracy: 0.1469
2026-01-22 04:18:12 [INFO]  Epoch 79 loss: 165.44991445541382; train accuracy: 0.6191803971271652; test accuracy: 0.1571
2026-01-22 04:18:12 [INFO]  Client 3 Starts Local Trainning--------|
2026-01-22 04:18:45 [INFO]  Epoch 70 loss: 138.46498775482178; train accuracy: 0.4875673435557397; test accuracy: 0.1028
2026-01-22 04:18:46 [INFO]  Save the model in ./checkpoints/CIFAR100_alpha0.05/local_models/client_3/epoch_70.pth
2026-01-22 04:19:23 [INFO]  Epoch 71 loss: 137.6973295211792; train accuracy: 0.4106920845420638; test accuracy: 0.0893
2026-01-22 04:20:00 [INFO]  Epoch 72 loss: 138.20097303390503; train accuracy: 0.483008702859511; test accuracy: 0.1054
2026-01-22 04:20:36 [INFO]  Epoch 73 loss: 137.61671829223633; train accuracy: 0.442706174886034; test accuracy: 0.0983
2026-01-22 04:21:14 [INFO]  Epoch 74 loss: 136.6329689025879; train accuracy: 0.5205138831330294; test accuracy: 0.1121
2026-01-22 04:21:46 [INFO]  Epoch 75 loss: 136.52913665771484; train accuracy: 0.47358060505594696; test accuracy: 0.1034
2026-01-22 04:21:46 [INFO]  Save the model in ./checkpoints/CIFAR100_alpha0.05/local_models/client_3/epoch_75.pth
2026-01-22 04:22:20 [INFO]  Epoch 76 loss: 135.35777282714844; train accuracy: 0.45658930791545793; test accuracy: 0.0999
2026-01-22 04:22:53 [INFO]  Epoch 77 loss: 135.56827926635742; train accuracy: 0.5147119767923747; test accuracy: 0.1094
2026-01-22 04:23:29 [INFO]  Epoch 78 loss: 133.74088621139526; train accuracy: 0.5254869457107335; test accuracy: 0.112
2026-01-22 04:24:05 [INFO]  Epoch 79 loss: 133.81633186340332; train accuracy: 0.4737878159966846; test accuracy: 0.1004
2026-01-22 04:24:05 [INFO]  Client 4 Starts Local Trainning--------|
2026-01-22 04:24:44 [INFO]  Epoch 70 loss: 139.30856800079346; train accuracy: 0.7220838919747175; test accuracy: 0.1667
2026-01-22 04:24:44 [INFO]  Save the model in ./checkpoints/CIFAR100_alpha0.05/local_models/client_4/epoch_70.pth
2026-01-22 04:25:24 [INFO]  Epoch 71 loss: 139.3207483291626; train accuracy: 0.6270829343037733; test accuracy: 0.1414
2026-01-22 04:26:04 [INFO]  Epoch 72 loss: 138.9733681678772; train accuracy: 0.6351273702355871; test accuracy: 0.1397
2026-01-22 04:26:39 [INFO]  Epoch 73 loss: 138.173481464386; train accuracy: 0.5929898486879908; test accuracy: 0.1322
2026-01-22 04:27:11 [INFO]  Epoch 74 loss: 136.88087511062622; train accuracy: 0.6482474621719977; test accuracy: 0.1415
2026-01-22 04:27:50 [INFO]  Epoch 75 loss: 136.9917631149292; train accuracy: 0.6527485156100364; test accuracy: 0.1446
2026-01-22 04:27:50 [INFO]  Save the model in ./checkpoints/CIFAR100_alpha0.05/local_models/client_4/epoch_75.pth
2026-01-22 04:28:29 [INFO]  Epoch 76 loss: 136.49113941192627; train accuracy: 0.6153035816893315; test accuracy: 0.1344
2026-01-22 04:29:09 [INFO]  Epoch 77 loss: 136.61847352981567; train accuracy: 0.6481516950775713; test accuracy: 0.1451
2026-01-22 04:29:47 [INFO]  Epoch 78 loss: 136.9527678489685; train accuracy: 0.6371384792185405; test accuracy: 0.142
2026-01-22 04:30:29 [INFO]  Epoch 79 loss: 135.54209089279175; train accuracy: 0.6747749473280981; test accuracy: 0.1529
2026-01-22 04:30:29 [INFO]  Round 7 Finish--------|
2026-01-22 04:30:29 [INFO]  Model variance: mean: 0.004536912776529789, sum: 50904.30859375
2026-01-22 04:30:29 [INFO]  g_protos_std (global internal): 0.993361
2026-01-22 04:30:29 [INFO]  inter_client_proto_std (cross-client): 0.012378
2026-01-22 04:30:29 [INFO]  g_protos_std (global internal): 0.993361
2026-01-22 04:30:29 [INFO]  inter_client_proto_std (cross-client): 0.012378
2026-01-22 04:30:29 [INFO]  V4 Training | Using Simple Feature-level Server.
2026-01-22 04:30:36 [INFO]  The test accuracy of OursV4+SimpleFeatureServer: 0.3869
2026-01-22 04:30:36 [INFO]  Save config to ./checkpoints/CIFAR100_alpha0.05/baselines_OursV4+SimpleFeatureServer_CIFAR10_results.yaml
2026-01-22 04:30:36 [INFO]  Round 8 starts--------|
2026-01-22 04:30:36 [INFO]  Client 0 Starts Local Trainning--------|
2026-01-22 04:31:10 [INFO]  Epoch 80 loss: 118.84981632232666; train accuracy: 0.5519906323185012; test accuracy: 0.1038
2026-01-22 04:31:10 [INFO]  Save the model in ./checkpoints/CIFAR100_alpha0.05/local_models/client_0/epoch_80.pth
2026-01-22 04:31:36 [INFO]  Epoch 81 loss: 119.57980442047119; train accuracy: 0.5597189695550351; test accuracy: 0.1046
2026-01-22 04:32:05 [INFO]  Epoch 82 loss: 119.31734943389893; train accuracy: 0.49074941451990634; test accuracy: 0.095
2026-01-22 04:32:38 [INFO]  Epoch 83 loss: 118.39774179458618; train accuracy: 0.49426229508196723; test accuracy: 0.0926
2026-01-22 04:33:12 [INFO]  Epoch 84 loss: 118.42073106765747; train accuracy: 0.582552693208431; test accuracy: 0.1117
2026-01-22 04:33:44 [INFO]  Epoch 85 loss: 117.71000957489014; train accuracy: 0.5186182669789228; test accuracy: 0.0978
2026-01-22 04:33:44 [INFO]  Save the model in ./checkpoints/CIFAR100_alpha0.05/local_models/client_0/epoch_85.pth
2026-01-22 04:34:18 [INFO]  Epoch 86 loss: 116.98217105865479; train accuracy: 0.564168618266979; test accuracy: 0.1058
2026-01-22 04:34:53 [INFO]  Epoch 87 loss: 117.4807710647583; train accuracy: 0.5496487119437939; test accuracy: 0.1051
2026-01-22 04:35:27 [INFO]  Epoch 88 loss: 116.39562273025513; train accuracy: 0.5028103044496487; test accuracy: 0.0985
2026-01-22 04:35:57 [INFO]  Epoch 89 loss: 115.83078241348267; train accuracy: 0.48032786885245904; test accuracy: 0.0897
2026-01-22 04:35:57 [INFO]  Client 1 Starts Local Trainning--------|
2026-01-22 04:36:27 [INFO]  Epoch 80 loss: 130.82123565673828; train accuracy: 0.5639492183401532; test accuracy: 0.1149
2026-01-22 04:36:27 [INFO]  Save the model in ./checkpoints/CIFAR100_alpha0.05/local_models/client_1/epoch_80.pth
2026-01-22 04:37:00 [INFO]  Epoch 81 loss: 131.7527871131897; train accuracy: 0.5705592277830238; test accuracy: 0.1188
2026-01-22 04:37:39 [INFO]  Epoch 82 loss: 131.75070571899414; train accuracy: 0.6063372154023712; test accuracy: 0.1264
2026-01-22 04:38:19 [INFO]  Epoch 83 loss: 129.87864923477173; train accuracy: 0.5185185185185185; test accuracy: 0.1069
2026-01-22 04:38:56 [INFO]  Epoch 84 loss: 130.96490716934204; train accuracy: 0.5529325359353688; test accuracy: 0.1098
2026-01-22 04:39:33 [INFO]  Epoch 85 loss: 129.45462608337402; train accuracy: 0.5141118455566047; test accuracy: 0.1051
2026-01-22 04:39:33 [INFO]  Save the model in ./checkpoints/CIFAR100_alpha0.05/local_models/client_1/epoch_85.pth
2026-01-22 04:40:12 [INFO]  Epoch 86 loss: 130.00623035430908; train accuracy: 0.617668660161578; test accuracy: 0.1284
2026-01-22 04:40:45 [INFO]  Epoch 87 loss: 128.05263996124268; train accuracy: 0.5689854160109118; test accuracy: 0.1169
2026-01-22 04:41:19 [INFO]  Epoch 88 loss: 127.94709825515747; train accuracy: 0.5845136921624173; test accuracy: 0.1191
2026-01-22 04:41:53 [INFO]  Epoch 89 loss: 127.65138053894043; train accuracy: 0.52219074598678; test accuracy: 0.1072
2026-01-22 04:41:53 [INFO]  Client 2 Starts Local Trainning--------|
2026-01-22 04:42:37 [INFO]  Epoch 80 loss: 162.82539701461792; train accuracy: 0.586227291930714; test accuracy: 0.1527
2026-01-22 04:42:37 [INFO]  Save the model in ./checkpoints/CIFAR100_alpha0.05/local_models/client_2/epoch_80.pth
2026-01-22 04:43:23 [INFO]  Epoch 81 loss: 163.14517736434937; train accuracy: 0.5377270806928601; test accuracy: 0.1401
2026-01-22 04:44:09 [INFO]  Epoch 82 loss: 163.74488639831543; train accuracy: 0.5079002957329953; test accuracy: 0.1343
2026-01-22 04:44:54 [INFO]  Epoch 83 loss: 162.2634449005127; train accuracy: 0.5073088297422899; test accuracy: 0.1388
2026-01-22 04:45:35 [INFO]  Epoch 84 loss: 163.47260189056396; train accuracy: 0.5495564005069709; test accuracy: 0.1458
2026-01-22 04:46:21 [INFO]  Epoch 85 loss: 161.16283226013184; train accuracy: 0.512970004224757; test accuracy: 0.1422
2026-01-22 04:46:21 [INFO]  Save the model in ./checkpoints/CIFAR100_alpha0.05/local_models/client_2/epoch_85.pth
2026-01-22 04:47:00 [INFO]  Epoch 86 loss: 160.72026300430298; train accuracy: 0.5933248838191804; test accuracy: 0.1579
2026-01-22 04:47:47 [INFO]  Epoch 87 loss: 160.34360885620117; train accuracy: 0.5956907477820025; test accuracy: 0.1583
2026-01-22 04:48:37 [INFO]  Epoch 88 loss: 160.33095455169678; train accuracy: 0.601182931981411; test accuracy: 0.1587
2026-01-22 04:49:25 [INFO]  Epoch 89 loss: 159.5153923034668; train accuracy: 0.5591043514997888; test accuracy: 0.1518
2026-01-22 04:49:25 [INFO]  Client 3 Starts Local Trainning--------|
2026-01-22 04:50:00 [INFO]  Epoch 80 loss: 131.88373470306396; train accuracy: 0.49088271860754246; test accuracy: 0.1066
2026-01-22 04:50:00 [INFO]  Save the model in ./checkpoints/CIFAR100_alpha0.05/local_models/client_3/epoch_80.pth
2026-01-22 04:50:40 [INFO]  Epoch 81 loss: 132.46675872802734; train accuracy: 0.5295275590551181; test accuracy: 0.1123
2026-01-22 04:51:20 [INFO]  Epoch 82 loss: 132.79122591018677; train accuracy: 0.5336717778698715; test accuracy: 0.1129
2026-01-22 04:51:57 [INFO]  Epoch 83 loss: 131.74453258514404; train accuracy: 0.4841483630335682; test accuracy: 0.1064
2026-01-22 04:52:32 [INFO]  Epoch 84 loss: 130.79576301574707; train accuracy: 0.4976170741815168; test accuracy: 0.1068
2026-01-22 04:53:09 [INFO]  Epoch 85 loss: 129.96474695205688; train accuracy: 0.521446332366349; test accuracy: 0.112
2026-01-22 04:53:09 [INFO]  Save the model in ./checkpoints/CIFAR100_alpha0.05/local_models/client_3/epoch_85.pth
2026-01-22 04:53:45 [INFO]  Epoch 86 loss: 129.94683074951172; train accuracy: 0.49440530460008286; test accuracy: 0.1029
2026-01-22 04:54:17 [INFO]  Epoch 87 loss: 129.78085947036743; train accuracy: 0.4906755076668048; test accuracy: 0.105
2026-01-22 04:54:49 [INFO]  Epoch 88 loss: 129.21749353408813; train accuracy: 0.48611686697057604; test accuracy: 0.1033
2026-01-22 04:55:23 [INFO]  Epoch 89 loss: 128.84691190719604; train accuracy: 0.5121218400331538; test accuracy: 0.11
2026-01-22 04:55:23 [INFO]  Client 4 Starts Local Trainning--------|
2026-01-22 04:55:57 [INFO]  Epoch 80 loss: 134.68955087661743; train accuracy: 0.6469067228500287; test accuracy: 0.141
2026-01-22 04:55:57 [INFO]  Save the model in ./checkpoints/CIFAR100_alpha0.05/local_models/client_4/epoch_80.pth
2026-01-22 04:56:32 [INFO]  Epoch 81 loss: 133.86668586730957; train accuracy: 0.712507182532082; test accuracy: 0.1569
2026-01-22 04:57:09 [INFO]  Epoch 82 loss: 133.17937803268433; train accuracy: 0.6673051139628424; test accuracy: 0.1517
2026-01-22 04:57:45 [INFO]  Epoch 83 loss: 132.91805791854858; train accuracy: 0.67314690672285; test accuracy: 0.1534
2026-01-22 04:58:23 [INFO]  Epoch 84 loss: 132.84835815429688; train accuracy: 0.569048075081402; test accuracy: 0.1277
2026-01-22 04:58:55 [INFO]  Epoch 85 loss: 131.70529413223267; train accuracy: 0.6580157058034859; test accuracy: 0.1452
2026-01-22 04:58:57 [INFO]  Save the model in ./checkpoints/CIFAR100_alpha0.05/local_models/client_4/epoch_85.pth
2026-01-22 04:59:29 [INFO]  Epoch 86 loss: 132.30926942825317; train accuracy: 0.5971078337483241; test accuracy: 0.1313
2026-01-22 05:00:05 [INFO]  Epoch 87 loss: 132.29030561447144; train accuracy: 0.6813828768435166; test accuracy: 0.1567
2026-01-22 05:00:40 [INFO]  Epoch 88 loss: 130.3001594543457; train accuracy: 0.7453552959203218; test accuracy: 0.1688
2026-01-22 05:01:17 [INFO]  Epoch 89 loss: 130.88501405715942; train accuracy: 0.6644321011300517; test accuracy: 0.1483
2026-01-22 05:01:17 [INFO]  Round 8 Finish--------|
2026-01-22 05:01:18 [INFO]  Model variance: mean: 0.004833705723285675, sum: 54234.33203125
2026-01-22 05:01:18 [INFO]  g_protos_std (global internal): 0.993437
2026-01-22 05:01:18 [INFO]  inter_client_proto_std (cross-client): 0.012810
2026-01-22 05:01:18 [INFO]  g_protos_std (global internal): 0.993437
2026-01-22 05:01:18 [INFO]  inter_client_proto_std (cross-client): 0.012810
2026-01-22 05:01:18 [INFO]  V4 Training | Using Simple Feature-level Server.
2026-01-22 05:01:23 [INFO]  The test accuracy of OursV4+SimpleFeatureServer: 0.3878
2026-01-22 05:01:23 [INFO]  Save config to ./checkpoints/CIFAR100_alpha0.05/baselines_OursV4+SimpleFeatureServer_CIFAR10_results.yaml
2026-01-22 05:01:23 [INFO]  Round 9 starts--------|
2026-01-22 05:01:23 [INFO]  Client 0 Starts Local Trainning--------|
2026-01-22 05:01:55 [INFO]  Epoch 90 loss: 114.57288265228271; train accuracy: 0.6008196721311475; test accuracy: 0.1149
2026-01-22 05:01:55 [INFO]  Save the model in ./checkpoints/CIFAR100_alpha0.05/local_models/client_0/epoch_90.pth
2026-01-22 05:02:25 [INFO]  Epoch 91 loss: 115.65456581115723; train accuracy: 0.5822014051522248; test accuracy: 0.112
2026-01-22 05:02:56 [INFO]  Epoch 92 loss: 114.35570192337036; train accuracy: 0.5405152224824356; test accuracy: 0.101
2026-01-22 05:03:24 [INFO]  Epoch 93 loss: 113.87533855438232; train accuracy: 0.5743559718969555; test accuracy: 0.1088
2026-01-22 05:03:53 [INFO]  Epoch 94 loss: 114.14144706726074; train accuracy: 0.5873536299765808; test accuracy: 0.1132
2026-01-22 05:04:24 [INFO]  Epoch 95 loss: 113.83120965957642; train accuracy: 0.5332552693208431; test accuracy: 0.0998
2026-01-22 05:04:24 [INFO]  Save the model in ./checkpoints/CIFAR100_alpha0.05/local_models/client_0/epoch_95.pth
2026-01-22 05:04:56 [INFO]  Epoch 96 loss: 113.54251909255981; train accuracy: 0.5695550351288057; test accuracy: 0.1082
2026-01-22 05:05:26 [INFO]  Epoch 97 loss: 112.92449903488159; train accuracy: 0.46533957845433255; test accuracy: 0.0879
2026-01-22 05:05:59 [INFO]  Epoch 98 loss: 112.29274988174438; train accuracy: 0.5743559718969555; test accuracy: 0.1117
2026-01-22 05:06:31 [INFO]  Epoch 99 loss: 112.36308908462524; train accuracy: 0.5768149882903981; test accuracy: 0.1101
2026-01-22 05:06:31 [INFO]  Client 1 Starts Local Trainning--------|
2026-01-22 05:07:06 [INFO]  Epoch 90 loss: 124.59277486801147; train accuracy: 0.6322526492498164; test accuracy: 0.1295
2026-01-22 05:07:06 [INFO]  Save the model in ./checkpoints/CIFAR100_alpha0.05/local_models/client_1/epoch_90.pth
2026-01-22 05:07:39 [INFO]  Epoch 91 loss: 126.9030590057373; train accuracy: 0.6410659951736439; test accuracy: 0.1353
2026-01-22 05:08:10 [INFO]  Epoch 92 loss: 126.30212640762329; train accuracy: 0.5441191900115413; test accuracy: 0.1093
2026-01-22 05:08:39 [INFO]  Epoch 93 loss: 125.91442728042603; train accuracy: 0.5892351274787535; test accuracy: 0.1223
2026-01-22 05:09:12 [INFO]  Epoch 94 loss: 125.16849040985107; train accuracy: 0.6251180358829084; test accuracy: 0.1317
2026-01-22 05:09:46 [INFO]  Epoch 95 loss: 124.88997173309326; train accuracy: 0.5997272059595006; test accuracy: 0.1227
2026-01-22 05:09:46 [INFO]  Save the model in ./checkpoints/CIFAR100_alpha0.05/local_models/client_1/epoch_95.pth
2026-01-22 05:10:19 [INFO]  Epoch 96 loss: 124.89207363128662; train accuracy: 0.5976287902633511; test accuracy: 0.1253
2026-01-22 05:10:52 [INFO]  Epoch 97 loss: 125.77926635742188; train accuracy: 0.6334067778826986; test accuracy: 0.1328
2026-01-22 05:11:25 [INFO]  Epoch 98 loss: 124.76611280441284; train accuracy: 0.5177840730248662; test accuracy: 0.1046
2026-01-22 05:11:58 [INFO]  Epoch 99 loss: 123.30945777893066; train accuracy: 0.6032945126429545; test accuracy: 0.127
2026-01-22 05:11:58 [INFO]  Client 2 Starts Local Trainning--------|
2026-01-22 05:12:39 [INFO]  Epoch 90 loss: 157.2775936126709; train accuracy: 0.6510350654837347; test accuracy: 0.1656
2026-01-22 05:12:39 [INFO]  Save the model in ./checkpoints/CIFAR100_alpha0.05/local_models/client_2/epoch_90.pth
2026-01-22 05:13:17 [INFO]  Epoch 91 loss: 159.7707839012146; train accuracy: 0.5770173215040135; test accuracy: 0.1507
2026-01-22 05:13:57 [INFO]  Epoch 92 loss: 155.75806045532227; train accuracy: 0.5448246725813266; test accuracy: 0.1408
2026-01-22 05:14:35 [INFO]  Epoch 93 loss: 155.11858415603638; train accuracy: 0.63709336713139; test accuracy: 0.1639
2026-01-22 05:15:17 [INFO]  Epoch 94 loss: 155.7583909034729; train accuracy: 0.6672581326573722; test accuracy: 0.1641
2026-01-22 05:15:57 [INFO]  Epoch 95 loss: 156.28217458724976; train accuracy: 0.605830164765526; test accuracy: 0.153
2026-01-22 05:15:57 [INFO]  Save the model in ./checkpoints/CIFAR100_alpha0.05/local_models/client_2/epoch_95.pth
2026-01-22 05:16:39 [INFO]  Epoch 96 loss: 156.25265073776245; train accuracy: 0.5966201943388255; test accuracy: 0.1575
2026-01-22 05:17:17 [INFO]  Epoch 97 loss: 153.11643362045288; train accuracy: 0.6130122517955218; test accuracy: 0.1495
2026-01-22 05:17:53 [INFO]  Epoch 98 loss: 152.98740339279175; train accuracy: 0.5823405154203634; test accuracy: 0.1562
2026-01-22 05:18:33 [INFO]  Epoch 99 loss: 152.3629424571991; train accuracy: 0.6267004647232784; test accuracy: 0.1612
2026-01-22 05:18:33 [INFO]  Client 3 Starts Local Trainning--------|
2026-01-22 05:19:07 [INFO]  Epoch 90 loss: 127.82567119598389; train accuracy: 0.5100497306257771; test accuracy: 0.11
2026-01-22 05:19:07 [INFO]  Save the model in ./checkpoints/CIFAR100_alpha0.05/local_models/client_3/epoch_90.pth
2026-01-22 05:19:40 [INFO]  Epoch 91 loss: 127.88057899475098; train accuracy: 0.5181309573145462; test accuracy: 0.1101
2026-01-22 05:20:12 [INFO]  Epoch 92 loss: 127.08129262924194; train accuracy: 0.5332573559883962; test accuracy: 0.1097
2026-01-22 05:20:47 [INFO]  Epoch 93 loss: 126.62919998168945; train accuracy: 0.5043514297554911; test accuracy: 0.1056
2026-01-22 05:21:19 [INFO]  Epoch 94 loss: 126.49933433532715; train accuracy: 0.5356402818068794; test accuracy: 0.112
2026-01-22 05:21:50 [INFO]  Epoch 95 loss: 125.18794059753418; train accuracy: 0.542789059262329; test accuracy: 0.1153
2026-01-22 05:21:51 [INFO]  Save the model in ./checkpoints/CIFAR100_alpha0.05/local_models/client_3/epoch_95.pth
2026-01-22 05:22:23 [INFO]  Epoch 96 loss: 125.09077835083008; train accuracy: 0.5211355159552424; test accuracy: 0.1094
2026-01-22 05:22:57 [INFO]  Epoch 97 loss: 124.65386247634888; train accuracy: 0.5463116452548694; test accuracy: 0.1122
2026-01-22 05:23:31 [INFO]  Epoch 98 loss: 123.7327208518982; train accuracy: 0.5612308329879818; test accuracy: 0.1176
2026-01-22 05:24:05 [INFO]  Epoch 99 loss: 124.14459800720215; train accuracy: 0.5577082469954414; test accuracy: 0.1169
2026-01-22 05:24:05 [INFO]  Client 4 Starts Local Trainning--------|
2026-01-22 05:24:44 [INFO]  Epoch 90 loss: 128.55025100708008; train accuracy: 0.6955564068186171; test accuracy: 0.1552
2026-01-22 05:24:45 [INFO]  Save the model in ./checkpoints/CIFAR100_alpha0.05/local_models/client_4/epoch_90.pth
2026-01-22 05:25:28 [INFO]  Epoch 91 loss: 129.4102864265442; train accuracy: 0.6310093851752537; test accuracy: 0.1416
2026-01-22 05:26:06 [INFO]  Epoch 92 loss: 128.30811548233032; train accuracy: 0.6968013790461597; test accuracy: 0.1553
2026-01-22 05:26:45 [INFO]  Epoch 93 loss: 129.5095295906067; train accuracy: 0.7237119325799656; test accuracy: 0.1574
2026-01-22 05:27:25 [INFO]  Epoch 94 loss: 130.36354398727417; train accuracy: 0.6763072208389197; test accuracy: 0.1466
2026-01-22 05:28:09 [INFO]  Epoch 95 loss: 128.28489685058594; train accuracy: 0.6981421183681287; test accuracy: 0.1534
2026-01-22 05:28:09 [INFO]  Save the model in ./checkpoints/CIFAR100_alpha0.05/local_models/client_4/epoch_95.pth
2026-01-22 05:28:48 [INFO]  Epoch 96 loss: 128.29885244369507; train accuracy: 0.6566749664815169; test accuracy: 0.1436
2026-01-22 05:29:26 [INFO]  Epoch 97 loss: 128.25294065475464; train accuracy: 0.692013024324842; test accuracy: 0.1549
2026-01-22 05:30:08 [INFO]  Epoch 98 loss: 127.02181053161621; train accuracy: 0.7204558513694694; test accuracy: 0.1592
2026-01-22 05:30:44 [INFO]  Epoch 99 loss: 126.5767822265625; train accuracy: 0.748898678414097; test accuracy: 0.1689
2026-01-22 05:30:44 [INFO]  Round 9 Finish--------|
2026-01-22 05:30:44 [INFO]  Model variance: mean: 0.005116681102663279, sum: 57409.328125
2026-01-22 05:30:44 [INFO]  g_protos_std (global internal): 0.993509
2026-01-22 05:30:44 [INFO]  inter_client_proto_std (cross-client): 0.013200
2026-01-22 05:30:44 [INFO]  g_protos_std (global internal): 0.993509
2026-01-22 05:30:44 [INFO]  inter_client_proto_std (cross-client): 0.013200
2026-01-22 05:30:44 [INFO]  V4 Training | Using Simple Feature-level Server.
2026-01-22 05:30:49 [INFO]  The test accuracy of OursV4+SimpleFeatureServer: 0.4124
2026-01-22 05:30:49 [INFO]  Save config to ./checkpoints/CIFAR100_alpha0.05/baselines_OursV4+SimpleFeatureServer_CIFAR10_results.yaml
