2026-01-21 11:37:22 [INFO]  Load config from configs/CIFAR100_alpha0.05_seed350234.yaml
2026-01-21 11:37:22 [INFO]  config: {'exp_name': 'CIFAR100_alpha0.05', 'dataset': {'data_name': 'CIFAR100', 'root_path': 'H:/codes/dataset', 'train_batch_size': 512, 'test_batch_size': 256, 'channels': 3, 'num_classes': 100, 'image_size': 32}, 'distribution': {'type': 'dirichlet', 'label_num_per_client': 2, 'alpha': 0.05}, 'client': {'num_clients': 5}, 'server': {'num_rounds': 10, 'frac_clients': 1.0, 'lr': 0.05, 'local_epochs': 10, 'optimizer': 'sgd', 'momentum': 0.9, 'weight_decay': 0.0001, 'loss_name': 'ce', 'model_name': 'resnet18', 'aggregated_by_datasize': True, 'lr_decay_per_round': 0.998}, 'device': 'cuda:0', 'checkpoint': {'save_path': './checkpoints/', 'save_freq': 5, 'result_file': 'CIFAR10_results.yaml'}, 'pretrain': {'lr': 0.01, 'epoch': 70, 'model_path': './pretrain/', 'momentum': 0.9, 'weight_decay': 0.0001, 'model_name': 'resnet18', 'model_file_name': 'resnet18-f37072fd.pth'}, 'DBCD': {'alpha_l_pa': 1, 'alpha_l_pb': 1, 'alpha_l_pc': 0.0, 'Beta_alpha': 0.2, 'unsup_method': 'infonce', 'contrastive_temperature': 0.5, 'encoder_epoch': 40, 'projector_epoch': 10, 'use_pretrain': False, 'aug_batch_size': 512, 'encoder_lr': 0.03, 'cls_optimizer': 'sgd', 'cls_lr': 0.05, 'supcon_temp': 0.07, 'super_gr': 100, 'aux_with_public': True}, 'etf': {'loss_name': 'ce'}, 'visualization': {'interval': 5, 'save_path': 'visualization/resnet18', 'vis_size': 16}, 'resume': True, 'resume_best': False, 'seed': 350234, 'lambda_align_initial': 20.0, 'v9_config': {'use_adaptive_lambda': True, 'lambda_min': 0.1, 'lambda_max': 20.0, 'use_server_optimization': False, 'server_lr': 0.001, 'server_epochs': 20, 'gamma_etf_reg': 0.1}, 'v10_config': {'use_uncertainty_weighting': True, 'sigma_lr': 0.005}}
2026-01-21 11:37:24 [INFO]  Dataset CIFAR100 loaded
2026-01-21 11:37:24 [INFO]  Dataset index dict loaded from preprocessed_data/CIFAR100.pt
2026-01-21 11:37:24 [INFO]  Data distribution generated correctly using the corrected dirichlet function.
2026-01-21 11:37:24 [INFO]  Total assigned samples: 50000
2026-01-21 11:37:25 [INFO]  OneshotFedETF
2026-01-21 11:37:26 [INFO]  Round 0 starts--------|
2026-01-21 11:37:26 [INFO]  Client 0 Starts Local Trainning--------|
2026-01-21 11:37:36 [INFO]  generating sample per sample
2026-01-21 11:37:47 [INFO]  Epoch 0 loss: 75.44893741607666; train accuracy: 0.0942622950819672; test accuracy: 0.0161
2026-01-21 11:37:58 [INFO]  Epoch 1 loss: 74.60170841217041; train accuracy: 0.16697892271662765; test accuracy: 0.0293
2026-01-21 11:38:09 [INFO]  Epoch 2 loss: 74.20406770706177; train accuracy: 0.1914519906323185; test accuracy: 0.0355
2026-01-21 11:38:21 [INFO]  Epoch 3 loss: 73.68239974975586; train accuracy: 0.24391100702576113; test accuracy: 0.0456
2026-01-21 11:38:34 [INFO]  Epoch 4 loss: 72.88383436203003; train accuracy: 0.2789227166276347; test accuracy: 0.0526
2026-01-21 11:38:44 [INFO]  Epoch 5 loss: 72.21395778656006; train accuracy: 0.34355971896955506; test accuracy: 0.0622
2026-01-21 11:38:55 [INFO]  Epoch 6 loss: 71.73109722137451; train accuracy: 0.36007025761124123; test accuracy: 0.0655
2026-01-21 11:39:07 [INFO]  Epoch 7 loss: 71.31956338882446; train accuracy: 0.39379391100702577; test accuracy: 0.069
2026-01-21 11:39:19 [INFO]  Epoch 8 loss: 70.85393381118774; train accuracy: 0.388056206088993; test accuracy: 0.0661
2026-01-21 11:39:31 [INFO]  Epoch 9 loss: 70.81330823898315; train accuracy: 0.4395784543325527; test accuracy: 0.076
2026-01-21 11:39:31 [INFO]  Client 0 Finish Local Training--------|
2026-01-21 11:39:31 [INFO]  Client 1 Starts Local Trainning--------|
2026-01-21 11:39:41 [INFO]  generating sample per sample
2026-01-21 11:39:54 [INFO]  Epoch 0 loss: 84.39554595947266; train accuracy: 0.13398384219913964; test accuracy: 0.0266
2026-01-21 11:40:06 [INFO]  Epoch 1 loss: 83.34368562698364; train accuracy: 0.15171545483160215; test accuracy: 0.0298
2026-01-21 11:40:18 [INFO]  Epoch 2 loss: 82.67804622650146; train accuracy: 0.21477284650089182; test accuracy: 0.0396
2026-01-21 11:40:31 [INFO]  Epoch 3 loss: 81.87735414505005; train accuracy: 0.2687021298919316; test accuracy: 0.054
2026-01-21 11:40:42 [INFO]  Epoch 4 loss: 81.19043302536011; train accuracy: 0.29692582100514114; test accuracy: 0.0569
2026-01-21 11:40:54 [INFO]  Epoch 5 loss: 80.65010833740234; train accuracy: 0.31623124540971564; test accuracy: 0.0627
2026-01-21 11:41:06 [INFO]  Epoch 6 loss: 80.2074179649353; train accuracy: 0.36585877662364913; test accuracy: 0.0695
2026-01-21 11:41:18 [INFO]  Epoch 7 loss: 79.71421575546265; train accuracy: 0.38631832966110585; test accuracy: 0.0734
2026-01-21 11:41:30 [INFO]  Epoch 8 loss: 79.51127052307129; train accuracy: 0.4112894764452838; test accuracy: 0.0811
2026-01-21 11:41:42 [INFO]  Epoch 9 loss: 79.06121158599854; train accuracy: 0.43940824677368584; test accuracy: 0.0844
2026-01-21 11:41:42 [INFO]  Client 1 Finish Local Training--------|
2026-01-21 11:41:42 [INFO]  Client 2 Starts Local Trainning--------|
2026-01-21 11:41:55 [INFO]  generating sample per sample
2026-01-21 11:42:10 [INFO]  Epoch 0 loss: 107.06034851074219; train accuracy: 0.09776087874947191; test accuracy: 0.0248
2026-01-21 11:42:24 [INFO]  Epoch 1 loss: 105.93309020996094; train accuracy: 0.15302070130967468; test accuracy: 0.0345
2026-01-21 11:42:38 [INFO]  Epoch 2 loss: 104.77030658721924; train accuracy: 0.19129700042247572; test accuracy: 0.0448
2026-01-21 11:42:52 [INFO]  Epoch 3 loss: 103.81045341491699; train accuracy: 0.2260245035910435; test accuracy: 0.0531
2026-01-21 11:43:08 [INFO]  Epoch 4 loss: 103.22431659698486; train accuracy: 0.25517532741867344; test accuracy: 0.0597
2026-01-21 11:43:24 [INFO]  Epoch 5 loss: 102.63191556930542; train accuracy: 0.3111956062526405; test accuracy: 0.0711
2026-01-21 11:43:38 [INFO]  Epoch 6 loss: 101.83266687393188; train accuracy: 0.3520912547528517; test accuracy: 0.0797
2026-01-21 11:43:52 [INFO]  Epoch 7 loss: 101.20024061203003; train accuracy: 0.28584706379383185; test accuracy: 0.0646
2026-01-21 11:44:07 [INFO]  Epoch 8 loss: 101.06202793121338; train accuracy: 0.3361216730038023; test accuracy: 0.0737
2026-01-21 11:44:22 [INFO]  Epoch 9 loss: 100.48218297958374; train accuracy: 0.37498943810730884; test accuracy: 0.0811
2026-01-21 11:44:22 [INFO]  Client 2 Finish Local Training--------|
2026-01-21 11:44:22 [INFO]  Client 3 Starts Local Trainning--------|
2026-01-21 11:44:32 [INFO]  generating sample per sample
2026-01-21 11:44:43 [INFO]  Epoch 0 loss: 84.49072217941284; train accuracy: 0.079983423124741; test accuracy: 0.0155
2026-01-21 11:44:56 [INFO]  Epoch 1 loss: 83.57182216644287; train accuracy: 0.15261085785329465; test accuracy: 0.0292
2026-01-21 11:45:08 [INFO]  Epoch 2 loss: 82.81280279159546; train accuracy: 0.17457521757148778; test accuracy: 0.0324
2026-01-21 11:45:20 [INFO]  Epoch 3 loss: 82.16126680374146; train accuracy: 0.22596353087443016; test accuracy: 0.0445
2026-01-21 11:45:32 [INFO]  Epoch 4 loss: 81.49666404724121; train accuracy: 0.28584749274761706; test accuracy: 0.0608
2026-01-21 11:45:44 [INFO]  Epoch 5 loss: 80.90580034255981; train accuracy: 0.3229382511396602; test accuracy: 0.0702
2026-01-21 11:45:56 [INFO]  Epoch 6 loss: 80.31126594543457; train accuracy: 0.35588479071694984; test accuracy: 0.0735
2026-01-21 11:46:08 [INFO]  Epoch 7 loss: 79.82829523086548; train accuracy: 0.39898466639038543; test accuracy: 0.0808
2026-01-21 11:46:20 [INFO]  Epoch 8 loss: 79.37099599838257; train accuracy: 0.42032739328636554; test accuracy: 0.0838
2026-01-21 11:46:32 [INFO]  Epoch 9 loss: 78.94292497634888; train accuracy: 0.43327807708246996; test accuracy: 0.0851
2026-01-21 11:46:32 [INFO]  Client 3 Finish Local Training--------|
2026-01-21 11:46:32 [INFO]  Client 4 Starts Local Trainning--------|
2026-01-21 11:46:44 [INFO]  generating sample per sample
2026-01-21 11:46:57 [INFO]  Epoch 0 loss: 93.31081771850586; train accuracy: 0.15255698142118368; test accuracy: 0.0322
2026-01-21 11:47:10 [INFO]  Epoch 1 loss: 92.03171396255493; train accuracy: 0.1764029879333461; test accuracy: 0.0367
2026-01-21 11:47:23 [INFO]  Epoch 2 loss: 91.08549451828003; train accuracy: 0.22026431718061673; test accuracy: 0.0485
2026-01-21 11:47:36 [INFO]  Epoch 3 loss: 89.96326351165771; train accuracy: 0.26805209729936796; test accuracy: 0.055
2026-01-21 11:47:48 [INFO]  Epoch 4 loss: 89.25109004974365; train accuracy: 0.33269488603715763; test accuracy: 0.0673
2026-01-21 11:48:01 [INFO]  Epoch 5 loss: 88.53452777862549; train accuracy: 0.3272361616548554; test accuracy: 0.0644
2026-01-21 11:48:15 [INFO]  Epoch 6 loss: 88.05413484573364; train accuracy: 0.3863244589159165; test accuracy: 0.0801
2026-01-21 11:48:27 [INFO]  Epoch 7 loss: 87.65229225158691; train accuracy: 0.41821490135989275; test accuracy: 0.0828
2026-01-21 11:48:39 [INFO]  Epoch 8 loss: 87.24581527709961; train accuracy: 0.43411223903466767; test accuracy: 0.0901
2026-01-21 11:48:53 [INFO]  Epoch 9 loss: 86.6879825592041; train accuracy: 0.44905190576517906; test accuracy: 0.0899
2026-01-21 11:48:53 [INFO]  Client 4 Finish Local Training--------|
2026-01-21 11:48:53 [INFO]  Round 0 Finish--------|
2026-01-21 11:48:53 [INFO]  Model variance: mean: 0.0007439127657562494, sum: 8384.962890625
2026-01-21 11:48:56 [INFO]  The test accuracy of OneShotFedETF: 0.0538
2026-01-21 11:49:02 [INFO]  The test accuracy of OneshotFedETF+Ensemble: 0.1431
2026-01-21 11:49:02 [INFO]  Save config to ./checkpoints/CIFAR100_alpha0.05/baselines_OneshotFedETF_CIFAR10_results.yaml
2026-01-21 11:49:02 [INFO]  Round 1 starts--------|
2026-01-21 11:49:02 [INFO]  Client 0 Starts Local Trainning--------|
2026-01-21 11:49:13 [INFO]  Epoch 0 loss: 71.66346311569214; train accuracy: 0.3478922716627635; test accuracy: 0.0654
2026-01-21 11:49:24 [INFO]  Epoch 1 loss: 72.09678268432617; train accuracy: 0.3470725995316159; test accuracy: 0.0653
2026-01-21 11:49:35 [INFO]  Epoch 2 loss: 71.12311363220215; train accuracy: 0.41533957845433256; test accuracy: 0.0776
2026-01-21 11:49:46 [INFO]  Epoch 3 loss: 70.46684503555298; train accuracy: 0.45117096018735364; test accuracy: 0.0784
2026-01-21 11:49:58 [INFO]  Epoch 4 loss: 70.01831340789795; train accuracy: 0.4820843091334895; test accuracy: 0.0868
2026-01-21 11:50:09 [INFO]  Epoch 5 loss: 69.61931133270264; train accuracy: 0.4949648711943794; test accuracy: 0.085
2026-01-21 11:50:21 [INFO]  Epoch 6 loss: 69.40846109390259; train accuracy: 0.5322014051522248; test accuracy: 0.0921
2026-01-21 11:50:33 [INFO]  Epoch 7 loss: 68.98862171173096; train accuracy: 0.5665105386416862; test accuracy: 0.0925
2026-01-21 11:50:44 [INFO]  Epoch 8 loss: 68.75886058807373; train accuracy: 0.5877049180327869; test accuracy: 0.0952
2026-01-21 11:50:55 [INFO]  Epoch 9 loss: 68.47746968269348; train accuracy: 0.5625292740046839; test accuracy: 0.0886
2026-01-21 11:50:55 [INFO]  Client 0 Finish Local Training--------|
2026-01-21 11:50:55 [INFO]  Client 1 Starts Local Trainning--------|
2026-01-21 11:51:07 [INFO]  Epoch 0 loss: 80.23101139068604; train accuracy: 0.38096736963592487; test accuracy: 0.0743
2026-01-21 11:51:18 [INFO]  Epoch 1 loss: 79.08664608001709; train accuracy: 0.4466477809254013; test accuracy: 0.0859
2026-01-21 11:51:30 [INFO]  Epoch 2 loss: 78.54966259002686; train accuracy: 0.4606022453047949; test accuracy: 0.0883
2026-01-21 11:51:42 [INFO]  Epoch 3 loss: 78.14602661132812; train accuracy: 0.47413702654495854; test accuracy: 0.0883
2026-01-21 11:51:55 [INFO]  Epoch 4 loss: 77.96358251571655; train accuracy: 0.5209316965690903; test accuracy: 0.0968
2026-01-21 11:52:07 [INFO]  Epoch 5 loss: 77.48845767974854; train accuracy: 0.5546112684922884; test accuracy: 0.1001
2026-01-21 11:52:18 [INFO]  Epoch 6 loss: 77.31073188781738; train accuracy: 0.5603819116566991; test accuracy: 0.1002
2026-01-21 11:52:30 [INFO]  Epoch 7 loss: 76.95824861526489; train accuracy: 0.5793725737068514; test accuracy: 0.1
2026-01-21 11:52:42 [INFO]  Epoch 8 loss: 76.73484468460083; train accuracy: 0.5631098520616934; test accuracy: 0.0974
2026-01-21 11:52:54 [INFO]  Epoch 9 loss: 76.36041450500488; train accuracy: 0.6269016892246354; test accuracy: 0.1074
2026-01-21 11:52:54 [INFO]  Client 1 Finish Local Training--------|
2026-01-21 11:52:54 [INFO]  Client 2 Starts Local Trainning--------|
2026-01-21 11:53:08 [INFO]  Epoch 0 loss: 101.19167613983154; train accuracy: 0.42729193071398397; test accuracy: 0.096
2026-01-21 11:53:22 [INFO]  Epoch 1 loss: 100.00582838058472; train accuracy: 0.4400506970849176; test accuracy: 0.1001
2026-01-21 11:53:36 [INFO]  Epoch 2 loss: 99.47072982788086; train accuracy: 0.4389522602450359; test accuracy: 0.0967
2026-01-21 11:53:51 [INFO]  Epoch 3 loss: 99.3063268661499; train accuracy: 0.4535699197296155; test accuracy: 0.1007
2026-01-21 11:54:05 [INFO]  Epoch 4 loss: 98.9098711013794; train accuracy: 0.4849176172370089; test accuracy: 0.1045
2026-01-21 11:54:19 [INFO]  Epoch 5 loss: 98.40880393981934; train accuracy: 0.45872412336290663; test accuracy: 0.0967
2026-01-21 11:54:33 [INFO]  Epoch 6 loss: 98.12845277786255; train accuracy: 0.48567807351077313; test accuracy: 0.1027
2026-01-21 11:54:47 [INFO]  Epoch 7 loss: 97.46731638908386; train accuracy: 0.5224334600760456; test accuracy: 0.107
2026-01-21 11:55:02 [INFO]  Epoch 8 loss: 97.161376953125; train accuracy: 0.5334178284748627; test accuracy: 0.1067
2026-01-21 11:55:15 [INFO]  Epoch 9 loss: 96.73659038543701; train accuracy: 0.5747359526827207; test accuracy: 0.113
2026-01-21 11:55:15 [INFO]  Client 2 Finish Local Training--------|
2026-01-21 11:55:15 [INFO]  Client 3 Starts Local Trainning--------|
2026-01-21 11:55:29 [INFO]  Epoch 0 loss: 80.19264268875122; train accuracy: 0.39204309987567343; test accuracy: 0.0795
2026-01-21 11:55:43 [INFO]  Epoch 1 loss: 79.01995515823364; train accuracy: 0.443327807708247; test accuracy: 0.0896
2026-01-21 11:55:55 [INFO]  Epoch 2 loss: 78.48780679702759; train accuracy: 0.4935764608371322; test accuracy: 0.0972
2026-01-21 11:56:07 [INFO]  Epoch 3 loss: 77.9562087059021; train accuracy: 0.5269374222958972; test accuracy: 0.1021
2026-01-21 11:56:19 [INFO]  Epoch 4 loss: 77.60731887817383; train accuracy: 0.5322213012847078; test accuracy: 0.1043
2026-01-21 11:56:32 [INFO]  Epoch 5 loss: 77.32284927368164; train accuracy: 0.5726274347285537; test accuracy: 0.1093
2026-01-21 11:56:45 [INFO]  Epoch 6 loss: 76.92447090148926; train accuracy: 0.6129299627020307; test accuracy: 0.111
2026-01-21 11:56:57 [INFO]  Epoch 7 loss: 76.62828588485718; train accuracy: 0.6281599668462495; test accuracy: 0.1109
2026-01-21 11:57:09 [INFO]  Epoch 8 loss: 76.18928003311157; train accuracy: 0.6544757563199337; test accuracy: 0.1147
2026-01-21 11:57:21 [INFO]  Epoch 9 loss: 76.0504195690155; train accuracy: 0.6630750103605471; test accuracy: 0.1143
2026-01-21 11:57:21 [INFO]  Client 3 Finish Local Training--------|
2026-01-21 11:57:21 [INFO]  Client 4 Starts Local Trainning--------|
2026-01-21 11:57:33 [INFO]  Epoch 0 loss: 87.841796875; train accuracy: 0.42702547404711744; test accuracy: 0.0874
2026-01-21 11:57:46 [INFO]  Epoch 1 loss: 86.7782211303711; train accuracy: 0.4775904999042329; test accuracy: 0.0978
2026-01-21 11:57:59 [INFO]  Epoch 2 loss: 86.23012018203735; train accuracy: 0.4921470982570389; test accuracy: 0.0977
2026-01-21 11:58:12 [INFO]  Epoch 3 loss: 85.80493116378784; train accuracy: 0.4926259337291707; test accuracy: 0.0974
2026-01-21 11:58:25 [INFO]  Epoch 4 loss: 85.51269626617432; train accuracy: 0.5167592415246122; test accuracy: 0.0998
2026-01-21 11:58:38 [INFO]  Epoch 5 loss: 85.27645778656006; train accuracy: 0.5521930664623635; test accuracy: 0.1084
2026-01-21 11:58:50 [INFO]  Epoch 6 loss: 84.82146120071411; train accuracy: 0.6038115303581689; test accuracy: 0.1177
2026-01-21 11:59:03 [INFO]  Epoch 7 loss: 84.31508708000183; train accuracy: 0.5742194981804252; test accuracy: 0.1075
2026-01-21 11:59:15 [INFO]  Epoch 8 loss: 84.14216685295105; train accuracy: 0.5999808465811147; test accuracy: 0.1132
2026-01-21 11:59:28 [INFO]  Epoch 9 loss: 83.72822046279907; train accuracy: 0.6035242290748899; test accuracy: 0.1091
2026-01-21 11:59:28 [INFO]  Client 4 Finish Local Training--------|
2026-01-21 11:59:28 [INFO]  Round 1 Finish--------|
2026-01-21 11:59:28 [INFO]  Model variance: mean: 0.0013703008880838752, sum: 15445.25390625
2026-01-21 11:59:32 [INFO]  The test accuracy of OneShotFedETF: 0.0196
2026-01-21 11:59:37 [INFO]  The test accuracy of OneshotFedETF+Ensemble: 0.2077
2026-01-21 11:59:37 [INFO]  Save config to ./checkpoints/CIFAR100_alpha0.05/baselines_OneshotFedETF_CIFAR10_results.yaml
2026-01-21 11:59:37 [INFO]  Round 2 starts--------|
2026-01-21 11:59:37 [INFO]  Client 0 Starts Local Trainning--------|
2026-01-21 11:59:49 [INFO]  Epoch 0 loss: 69.07789659500122; train accuracy: 0.6037470725995316; test accuracy: 0.0966
2026-01-21 12:00:00 [INFO]  Epoch 1 loss: 68.98158884048462; train accuracy: 0.5900468384074942; test accuracy: 0.0968
2026-01-21 12:00:10 [INFO]  Epoch 2 loss: 68.17603516578674; train accuracy: 0.6355971896955503; test accuracy: 0.0994
2026-01-21 12:00:22 [INFO]  Epoch 3 loss: 67.78723812103271; train accuracy: 0.6501170960187354; test accuracy: 0.1024
2026-01-21 12:00:35 [INFO]  Epoch 4 loss: 67.39430689811707; train accuracy: 0.6927400468384075; test accuracy: 0.1038
2026-01-21 12:00:45 [INFO]  Epoch 5 loss: 67.09334182739258; train accuracy: 0.7197892271662764; test accuracy: 0.1048
2026-01-21 12:00:56 [INFO]  Epoch 6 loss: 66.64304375648499; train accuracy: 0.7154566744730679; test accuracy: 0.1
2026-01-21 12:01:07 [INFO]  Epoch 7 loss: 67.00244379043579; train accuracy: 0.7300936768149883; test accuracy: 0.1
2026-01-21 12:01:19 [INFO]  Epoch 8 loss: 66.28295302391052; train accuracy: 0.7848946135831382; test accuracy: 0.1075
2026-01-21 12:01:30 [INFO]  Epoch 9 loss: 65.86425256729126; train accuracy: 0.7975409836065573; test accuracy: 0.1076
2026-01-21 12:01:30 [INFO]  Client 0 Finish Local Training--------|
2026-01-21 12:01:30 [INFO]  Client 1 Starts Local Trainning--------|
2026-01-21 12:01:43 [INFO]  Epoch 0 loss: 76.84788465499878; train accuracy: 0.6480956877557444; test accuracy: 0.109
2026-01-21 12:01:55 [INFO]  Epoch 1 loss: 76.70195269584656; train accuracy: 0.6097996013010177; test accuracy: 0.1046
2026-01-21 12:02:07 [INFO]  Epoch 2 loss: 76.03855514526367; train accuracy: 0.6344559857307732; test accuracy: 0.1085
2026-01-21 12:02:19 [INFO]  Epoch 3 loss: 75.71929883956909; train accuracy: 0.6807260518308677; test accuracy: 0.1121
2026-01-21 12:02:31 [INFO]  Epoch 4 loss: 75.18257021903992; train accuracy: 0.720491029272899; test accuracy: 0.1163
2026-01-21 12:02:44 [INFO]  Epoch 5 loss: 74.52661776542664; train accuracy: 0.7463015423355367; test accuracy: 0.1167
2026-01-21 12:02:56 [INFO]  Epoch 6 loss: 74.84300541877747; train accuracy: 0.7325569195257581; test accuracy: 0.1166
2026-01-21 12:03:07 [INFO]  Epoch 7 loss: 73.80626463890076; train accuracy: 0.7687545902843353; test accuracy: 0.1129
2026-01-21 12:03:19 [INFO]  Epoch 8 loss: 73.44070816040039; train accuracy: 0.7659217290945336; test accuracy: 0.1118
2026-01-21 12:03:31 [INFO]  Epoch 9 loss: 73.68651795387268; train accuracy: 0.6560696674011122; test accuracy: 0.0984
2026-01-21 12:03:32 [INFO]  Client 1 Finish Local Training--------|
2026-01-21 12:03:32 [INFO]  Client 2 Starts Local Trainning--------|
2026-01-21 12:03:46 [INFO]  Epoch 0 loss: 96.90593981742859; train accuracy: 0.6447824250105619; test accuracy: 0.1228
2026-01-21 12:04:00 [INFO]  Epoch 1 loss: 96.6697142124176; train accuracy: 0.6021968736797634; test accuracy: 0.1177
2026-01-21 12:04:15 [INFO]  Epoch 2 loss: 96.18243503570557; train accuracy: 0.5935783692437685; test accuracy: 0.1097
2026-01-21 12:04:30 [INFO]  Epoch 3 loss: 95.9627161026001; train accuracy: 0.6253485424588087; test accuracy: 0.1178
2026-01-21 12:04:43 [INFO]  Epoch 4 loss: 95.21866297721863; train accuracy: 0.6332910857625687; test accuracy: 0.1155
2026-01-21 12:04:59 [INFO]  Epoch 5 loss: 95.10889315605164; train accuracy: 0.6199408534009294; test accuracy: 0.1119
2026-01-21 12:05:13 [INFO]  Epoch 6 loss: 94.67353343963623; train accuracy: 0.5848753696662442; test accuracy: 0.1065
2026-01-21 12:05:27 [INFO]  Epoch 7 loss: 94.62832736968994; train accuracy: 0.7336713138994507; test accuracy: 0.1212
2026-01-21 12:05:42 [INFO]  Epoch 8 loss: 93.51713275909424; train accuracy: 0.734178284748627; test accuracy: 0.1224
2026-01-21 12:05:56 [INFO]  Epoch 9 loss: 93.06330108642578; train accuracy: 0.7618081960287284; test accuracy: 0.1202
2026-01-21 12:05:56 [INFO]  Client 2 Finish Local Training--------|
2026-01-21 12:05:56 [INFO]  Client 3 Starts Local Trainning--------|
2026-01-21 12:06:08 [INFO]  Epoch 0 loss: 76.62466359138489; train accuracy: 0.671881475341898; test accuracy: 0.1142
2026-01-21 12:06:20 [INFO]  Epoch 1 loss: 75.95720386505127; train accuracy: 0.6736427683381683; test accuracy: 0.1143
2026-01-21 12:06:33 [INFO]  Epoch 2 loss: 75.46753358840942; train accuracy: 0.6441152092830501; test accuracy: 0.1127
2026-01-21 12:06:46 [INFO]  Epoch 3 loss: 75.3706443309784; train accuracy: 0.7154993783671778; test accuracy: 0.123
2026-01-21 12:06:59 [INFO]  Epoch 4 loss: 74.84087014198303; train accuracy: 0.7568379610443431; test accuracy: 0.1234
2026-01-21 12:07:10 [INFO]  Epoch 5 loss: 74.26303029060364; train accuracy: 0.7941359303771239; test accuracy: 0.1237
2026-01-21 12:07:23 [INFO]  Epoch 6 loss: 73.721764087677; train accuracy: 0.7961044343141318; test accuracy: 0.1199
2026-01-21 12:07:35 [INFO]  Epoch 7 loss: 74.64067649841309; train accuracy: 0.7516576875259013; test accuracy: 0.1184
2026-01-21 12:07:47 [INFO]  Epoch 8 loss: 73.34528017044067; train accuracy: 0.8377538334024036; test accuracy: 0.1229
2026-01-21 12:07:59 [INFO]  Epoch 9 loss: 72.5628514289856; train accuracy: 0.8361997513468711; test accuracy: 0.1182
2026-01-21 12:07:59 [INFO]  Client 3 Finish Local Training--------|
2026-01-21 12:07:59 [INFO]  Client 4 Starts Local Trainning--------|
2026-01-21 12:08:12 [INFO]  Epoch 0 loss: 84.01831936836243; train accuracy: 0.6880865734533614; test accuracy: 0.1218
2026-01-21 12:08:25 [INFO]  Epoch 1 loss: 83.43488264083862; train accuracy: 0.6640490327523463; test accuracy: 0.1196
2026-01-21 12:08:38 [INFO]  Epoch 2 loss: 83.42225241661072; train accuracy: 0.6624209921470983; test accuracy: 0.12
2026-01-21 12:08:51 [INFO]  Epoch 3 loss: 82.88743305206299; train accuracy: 0.6873204366979506; test accuracy: 0.1222
2026-01-21 12:09:03 [INFO]  Epoch 4 loss: 82.10818433761597; train accuracy: 0.7217965906914384; test accuracy: 0.1241
2026-01-21 12:09:16 [INFO]  Epoch 5 loss: 82.22219228744507; train accuracy: 0.7110706761156866; test accuracy: 0.12
2026-01-21 12:09:29 [INFO]  Epoch 6 loss: 81.43829083442688; train accuracy: 0.7920896380003831; test accuracy: 0.1319
2026-01-21 12:09:42 [INFO]  Epoch 7 loss: 80.74226379394531; train accuracy: 0.8081785098640107; test accuracy: 0.1304
2026-01-21 12:09:54 [INFO]  Epoch 8 loss: 81.3614387512207; train accuracy: 0.788546255506608; test accuracy: 0.1274
2026-01-21 12:10:07 [INFO]  Epoch 9 loss: 80.98355531692505; train accuracy: 0.8000383068377706; test accuracy: 0.1278
2026-01-21 12:10:07 [INFO]  Client 4 Finish Local Training--------|
2026-01-21 12:10:07 [INFO]  Round 2 Finish--------|
2026-01-21 12:10:07 [INFO]  Model variance: mean: 0.0020494828931987286, sum: 23100.609375
2026-01-21 12:10:10 [INFO]  The test accuracy of OneShotFedETF: 0.0167
2026-01-21 12:10:16 [INFO]  The test accuracy of OneshotFedETF+Ensemble: 0.2241
2026-01-21 12:10:16 [INFO]  Save config to ./checkpoints/CIFAR100_alpha0.05/baselines_OneshotFedETF_CIFAR10_results.yaml
2026-01-21 12:10:16 [INFO]  Round 3 starts--------|
2026-01-21 12:10:16 [INFO]  Client 0 Starts Local Trainning--------|
2026-01-21 12:10:27 [INFO]  Epoch 0 loss: 66.65967440605164; train accuracy: 0.8197892271662763; test accuracy: 0.1102
2026-01-21 12:10:38 [INFO]  Epoch 1 loss: 66.67854428291321; train accuracy: 0.7482435597189696; test accuracy: 0.1031
2026-01-21 12:10:49 [INFO]  Epoch 2 loss: 65.94765448570251; train accuracy: 0.8065573770491803; test accuracy: 0.1089
2026-01-21 12:11:01 [INFO]  Epoch 3 loss: 65.52626276016235; train accuracy: 0.8201405152224824; test accuracy: 0.1067
2026-01-21 12:11:12 [INFO]  Epoch 4 loss: 64.94838190078735; train accuracy: 0.8822014051522248; test accuracy: 0.1137
2026-01-21 12:11:23 [INFO]  Epoch 5 loss: 64.25007653236389; train accuracy: 0.9032786885245901; test accuracy: 0.1119
2026-01-21 12:11:33 [INFO]  Epoch 6 loss: 63.789764642715454; train accuracy: 0.939695550351288; test accuracy: 0.118
2026-01-21 12:11:44 [INFO]  Epoch 7 loss: 63.513954639434814; train accuracy: 0.9466042154566745; test accuracy: 0.1117
2026-01-21 12:11:55 [INFO]  Epoch 8 loss: 63.48546767234802; train accuracy: 0.9238875878220141; test accuracy: 0.1107
2026-01-21 12:12:06 [INFO]  Epoch 9 loss: 65.25502562522888; train accuracy: 0.8076112412177986; test accuracy: 0.0968
2026-01-21 12:12:06 [INFO]  Client 0 Finish Local Training--------|
2026-01-21 12:12:06 [INFO]  Client 1 Starts Local Trainning--------|
2026-01-21 12:12:18 [INFO]  Epoch 0 loss: 74.3902575969696; train accuracy: 0.8553142377504984; test accuracy: 0.1249
2026-01-21 12:12:30 [INFO]  Epoch 1 loss: 75.05807900428772; train accuracy: 0.6909033679571923; test accuracy: 0.1038
2026-01-21 12:12:42 [INFO]  Epoch 2 loss: 74.10992336273193; train accuracy: 0.7955093904102403; test accuracy: 0.1137
2026-01-21 12:12:53 [INFO]  Epoch 3 loss: 73.38846325874329; train accuracy: 0.865491553876823; test accuracy: 0.1243
2026-01-21 12:13:06 [INFO]  Epoch 4 loss: 71.91345882415771; train accuracy: 0.8867904731927395; test accuracy: 0.1229
2026-01-21 12:13:20 [INFO]  Epoch 5 loss: 71.43003964424133; train accuracy: 0.9070401846605812; test accuracy: 0.1234
2026-01-21 12:13:33 [INFO]  Epoch 6 loss: 70.75380897521973; train accuracy: 0.9419788060014689; test accuracy: 0.1252
2026-01-21 12:13:46 [INFO]  Epoch 7 loss: 70.30810284614563; train accuracy: 0.9531004091910608; test accuracy: 0.1235
2026-01-21 12:13:58 [INFO]  Epoch 8 loss: 70.06567549705505; train accuracy: 0.9535200923302907; test accuracy: 0.1188
2026-01-21 12:14:10 [INFO]  Epoch 9 loss: 70.66168236732483; train accuracy: 0.9436575385583884; test accuracy: 0.1239
2026-01-21 12:14:10 [INFO]  Client 1 Finish Local Training--------|
2026-01-21 12:14:10 [INFO]  Client 2 Starts Local Trainning--------|
2026-01-21 12:14:24 [INFO]  Epoch 0 loss: 94.25713968276978; train accuracy: 0.827545416138572; test accuracy: 0.133
2026-01-21 12:14:41 [INFO]  Epoch 1 loss: 93.22839403152466; train accuracy: 0.7280946345585129; test accuracy: 0.12
2026-01-21 12:14:55 [INFO]  Epoch 2 loss: 94.1697006225586; train accuracy: 0.7815800591465991; test accuracy: 0.1293
2026-01-21 12:15:10 [INFO]  Epoch 3 loss: 92.41335582733154; train accuracy: 0.6906632868610055; test accuracy: 0.109
2026-01-21 12:15:25 [INFO]  Epoch 4 loss: 93.11569619178772; train accuracy: 0.7792141951837769; test accuracy: 0.118
2026-01-21 12:15:39 [INFO]  Epoch 5 loss: 91.92134070396423; train accuracy: 0.7476130122517956; test accuracy: 0.1177
2026-01-21 12:15:53 [INFO]  Epoch 6 loss: 91.8655276298523; train accuracy: 0.756822982678496; test accuracy: 0.1203
2026-01-21 12:16:07 [INFO]  Epoch 7 loss: 91.26564407348633; train accuracy: 0.8755386565272497; test accuracy: 0.1299
2026-01-21 12:16:22 [INFO]  Epoch 8 loss: 90.01893973350525; train accuracy: 0.8914237431347698; test accuracy: 0.133
2026-01-21 12:16:36 [INFO]  Epoch 9 loss: 89.35415172576904; train accuracy: 0.8799324038867765; test accuracy: 0.1304
2026-01-21 12:16:36 [INFO]  Client 2 Finish Local Training--------|
2026-01-21 12:16:36 [INFO]  Client 3 Starts Local Trainning--------|
2026-01-21 12:16:48 [INFO]  Epoch 0 loss: 74.14735698699951; train accuracy: 0.8668669705760464; test accuracy: 0.1247
2026-01-21 12:17:00 [INFO]  Epoch 1 loss: 74.47112131118774; train accuracy: 0.7148777455449647; test accuracy: 0.114
2026-01-21 12:17:13 [INFO]  Epoch 2 loss: 74.3135507106781; train accuracy: 0.7278284293410692; test accuracy: 0.1078
2026-01-21 12:17:26 [INFO]  Epoch 3 loss: 73.4638614654541; train accuracy: 0.8404475756319933; test accuracy: 0.1269
2026-01-21 12:17:38 [INFO]  Epoch 4 loss: 72.30796384811401; train accuracy: 0.8830294239535847; test accuracy: 0.1254
2026-01-21 12:17:50 [INFO]  Epoch 5 loss: 71.50482177734375; train accuracy: 0.9004351429755492; test accuracy: 0.1228
2026-01-21 12:18:02 [INFO]  Epoch 6 loss: 70.94273519515991; train accuracy: 0.9379403232490675; test accuracy: 0.1279
2026-01-21 12:18:14 [INFO]  Epoch 7 loss: 70.37073302268982; train accuracy: 0.9576253626191463; test accuracy: 0.1345
2026-01-21 12:18:27 [INFO]  Epoch 8 loss: 71.1386137008667; train accuracy: 0.8890385412349772; test accuracy: 0.1223
2026-01-21 12:18:40 [INFO]  Epoch 9 loss: 70.83110857009888; train accuracy: 0.9537919602154994; test accuracy: 0.1334
2026-01-21 12:18:40 [INFO]  Client 3 Finish Local Training--------|
2026-01-21 12:18:40 [INFO]  Client 4 Starts Local Trainning--------|
2026-01-21 12:18:53 [INFO]  Epoch 0 loss: 81.4823055267334; train accuracy: 0.8649683968588393; test accuracy: 0.1376
2026-01-21 12:19:05 [INFO]  Epoch 1 loss: 81.60146236419678; train accuracy: 0.7750430951924918; test accuracy: 0.1245
2026-01-21 12:19:18 [INFO]  Epoch 2 loss: 81.6734972000122; train accuracy: 0.7692970695269106; test accuracy: 0.1245
2026-01-21 12:19:30 [INFO]  Epoch 3 loss: 80.41798305511475; train accuracy: 0.8610419459873587; test accuracy: 0.1372
2026-01-21 12:19:44 [INFO]  Epoch 4 loss: 79.38823986053467; train accuracy: 0.8760773798122965; test accuracy: 0.1373
2026-01-21 12:19:57 [INFO]  Epoch 5 loss: 78.97290658950806; train accuracy: 0.8579773989657153; test accuracy: 0.1323
2026-01-21 12:20:10 [INFO]  Epoch 6 loss: 78.6452407836914; train accuracy: 0.9215667496648152; test accuracy: 0.1433
2026-01-21 12:20:23 [INFO]  Epoch 7 loss: 77.9797294139862; train accuracy: 0.9248228308753113; test accuracy: 0.1449
2026-01-21 12:20:36 [INFO]  Epoch 8 loss: 77.6200897693634; train accuracy: 0.9529783566366596; test accuracy: 0.1525
2026-01-21 12:20:49 [INFO]  Epoch 9 loss: 77.467111825943; train accuracy: 0.951446083125838; test accuracy: 0.1456
2026-01-21 12:20:49 [INFO]  Client 4 Finish Local Training--------|
2026-01-21 12:20:49 [INFO]  Round 3 Finish--------|
2026-01-21 12:20:49 [INFO]  Model variance: mean: 0.002656021621078253, sum: 29937.169921875
2026-01-21 12:20:52 [INFO]  The test accuracy of OneShotFedETF: 0.0142
2026-01-21 12:20:58 [INFO]  The test accuracy of OneshotFedETF+Ensemble: 0.2159
2026-01-21 12:20:58 [INFO]  Save config to ./checkpoints/CIFAR100_alpha0.05/baselines_OneshotFedETF_CIFAR10_results.yaml
2026-01-21 12:20:58 [INFO]  Round 4 starts--------|
2026-01-21 12:20:58 [INFO]  Client 0 Starts Local Trainning--------|
2026-01-21 12:21:10 [INFO]  Epoch 0 loss: 65.57740473747253; train accuracy: 0.9176814988290398; test accuracy: 0.1146
2026-01-21 12:21:22 [INFO]  Epoch 1 loss: 65.38323736190796; train accuracy: 0.7032786885245902; test accuracy: 0.0926
2026-01-21 12:21:33 [INFO]  Epoch 2 loss: 65.57109880447388; train accuracy: 0.8391100702576112; test accuracy: 0.105
2026-01-21 12:21:45 [INFO]  Epoch 3 loss: 63.822699308395386; train accuracy: 0.9426229508196722; test accuracy: 0.116
2026-01-21 12:21:56 [INFO]  Epoch 4 loss: 62.95144724845886; train accuracy: 0.9626463700234192; test accuracy: 0.1139
2026-01-21 12:22:07 [INFO]  Epoch 5 loss: 62.57070064544678; train accuracy: 0.9685011709601874; test accuracy: 0.1147
2026-01-21 12:22:18 [INFO]  Epoch 6 loss: 62.28333759307861; train accuracy: 0.9768149882903981; test accuracy: 0.1189
2026-01-21 12:22:29 [INFO]  Epoch 7 loss: 62.1543071269989; train accuracy: 0.9818501170960188; test accuracy: 0.1204
2026-01-21 12:22:40 [INFO]  Epoch 8 loss: 61.988322257995605; train accuracy: 0.9862997658079625; test accuracy: 0.1207
2026-01-21 12:22:51 [INFO]  Epoch 9 loss: 61.87567090988159; train accuracy: 0.9892271662763467; test accuracy: 0.1205
2026-01-21 12:22:51 [INFO]  Client 0 Finish Local Training--------|
2026-01-21 12:22:51 [INFO]  Client 1 Starts Local Trainning--------|
2026-01-21 12:23:04 [INFO]  Epoch 0 loss: 73.07245588302612; train accuracy: 0.9441821424824258; test accuracy: 0.1264
2026-01-21 12:23:15 [INFO]  Epoch 1 loss: 74.934406042099; train accuracy: 0.5757003462385899; test accuracy: 0.0999
2026-01-21 12:23:27 [INFO]  Epoch 2 loss: 74.61770868301392; train accuracy: 0.7704333228412549; test accuracy: 0.1115
2026-01-21 12:23:39 [INFO]  Epoch 3 loss: 73.86765718460083; train accuracy: 0.8027489245619557; test accuracy: 0.11
2026-01-21 12:23:51 [INFO]  Epoch 4 loss: 71.53137421607971; train accuracy: 0.9279194208372679; test accuracy: 0.1197
2026-01-21 12:24:05 [INFO]  Epoch 5 loss: 70.3208384513855; train accuracy: 0.962753121393348; test accuracy: 0.1278
2026-01-21 12:24:16 [INFO]  Epoch 6 loss: 69.77929329872131; train accuracy: 0.9647466163046899; test accuracy: 0.1207
2026-01-21 12:24:28 [INFO]  Epoch 7 loss: 69.44271183013916; train accuracy: 0.9796453677473508; test accuracy: 0.1307
2026-01-21 12:24:40 [INFO]  Epoch 8 loss: 69.20401191711426; train accuracy: 0.9845766446333019; test accuracy: 0.1349
2026-01-21 12:24:52 [INFO]  Epoch 9 loss: 69.08002996444702; train accuracy: 0.9867799811142587; test accuracy: 0.13
2026-01-21 12:24:52 [INFO]  Client 1 Finish Local Training--------|
2026-01-21 12:24:52 [INFO]  Client 2 Starts Local Trainning--------|
2026-01-21 12:25:06 [INFO]  Epoch 0 loss: 92.60388565063477; train accuracy: 0.9095901985635826; test accuracy: 0.137
2026-01-21 12:25:20 [INFO]  Epoch 1 loss: 89.67977714538574; train accuracy: 0.9209970426700465; test accuracy: 0.1387
2026-01-21 12:25:35 [INFO]  Epoch 2 loss: 88.74327301979065; train accuracy: 0.8341360371778622; test accuracy: 0.1132
2026-01-21 12:25:50 [INFO]  Epoch 3 loss: 94.0941846370697; train accuracy: 0.7107731305449937; test accuracy: 0.1162
2026-01-21 12:26:04 [INFO]  Epoch 4 loss: 91.0136947631836; train accuracy: 0.8098859315589354; test accuracy: 0.1225
2026-01-21 12:26:19 [INFO]  Epoch 5 loss: 90.39960765838623; train accuracy: 0.8927756653992396; test accuracy: 0.1274
2026-01-21 12:26:33 [INFO]  Epoch 6 loss: 89.2634928226471; train accuracy: 0.938149556400507; test accuracy: 0.1338
2026-01-21 12:26:47 [INFO]  Epoch 7 loss: 88.45002317428589; train accuracy: 0.9597803126320237; test accuracy: 0.1417
2026-01-21 12:27:01 [INFO]  Epoch 8 loss: 88.04919147491455; train accuracy: 0.9709336713138994; test accuracy: 0.1452
2026-01-21 12:27:15 [INFO]  Epoch 9 loss: 87.77571201324463; train accuracy: 0.9688212927756654; test accuracy: 0.1407
2026-01-21 12:27:15 [INFO]  Client 2 Finish Local Training--------|
2026-01-21 12:27:15 [INFO]  Client 3 Starts Local Trainning--------|
2026-01-21 12:27:28 [INFO]  Epoch 0 loss: 73.1647298336029; train accuracy: 0.9291338582677166; test accuracy: 0.1293
2026-01-21 12:27:42 [INFO]  Epoch 1 loss: 72.0644543170929; train accuracy: 0.7646083713220058; test accuracy: 0.1058
2026-01-21 12:27:55 [INFO]  Epoch 2 loss: 73.52412486076355; train accuracy: 0.7131164525486946; test accuracy: 0.1128
2026-01-21 12:28:07 [INFO]  Epoch 3 loss: 72.62217950820923; train accuracy: 0.911210111893908; test accuracy: 0.1279
2026-01-21 12:28:20 [INFO]  Epoch 4 loss: 70.52222967147827; train accuracy: 0.962184003315375; test accuracy: 0.1335
2026-01-21 12:28:33 [INFO]  Epoch 5 loss: 69.73270654678345; train accuracy: 0.9764815582262744; test accuracy: 0.1338
2026-01-21 12:28:45 [INFO]  Epoch 6 loss: 69.37995982170105; train accuracy: 0.984251968503937; test accuracy: 0.132
2026-01-21 12:28:57 [INFO]  Epoch 7 loss: 69.18659591674805; train accuracy: 0.9888106092001657; test accuracy: 0.1302
2026-01-21 12:29:09 [INFO]  Epoch 8 loss: 69.0739758014679; train accuracy: 0.9912971404890178; test accuracy: 0.132
2026-01-21 12:29:21 [INFO]  Epoch 9 loss: 68.99242854118347; train accuracy: 0.9929548280149192; test accuracy: 0.1323
2026-01-21 12:29:21 [INFO]  Client 3 Finish Local Training--------|
2026-01-21 12:29:21 [INFO]  Client 4 Starts Local Trainning--------|
2026-01-21 12:29:33 [INFO]  Epoch 0 loss: 80.3756103515625; train accuracy: 0.9381344570005746; test accuracy: 0.1443
2026-01-21 12:29:47 [INFO]  Epoch 1 loss: 78.4435203075409; train accuracy: 0.9050948094234821; test accuracy: 0.137
2026-01-21 12:30:00 [INFO]  Epoch 2 loss: 78.48442435264587; train accuracy: 0.9285577475579391; test accuracy: 0.1375
2026-01-21 12:30:13 [INFO]  Epoch 3 loss: 77.66624975204468; train accuracy: 0.9300900210687608; test accuracy: 0.1405
2026-01-21 12:30:27 [INFO]  Epoch 4 loss: 77.66796803474426; train accuracy: 0.9497222754261636; test accuracy: 0.1423
2026-01-21 12:30:39 [INFO]  Epoch 5 loss: 76.99244904518127; train accuracy: 0.9729936793717678; test accuracy: 0.1528
2026-01-21 12:30:52 [INFO]  Epoch 6 loss: 76.68707823753357; train accuracy: 0.9779735682819384; test accuracy: 0.152
2026-01-21 12:31:05 [INFO]  Epoch 7 loss: 76.51293110847473; train accuracy: 0.9823788546255506; test accuracy: 0.1556
2026-01-21 12:31:17 [INFO]  Epoch 8 loss: 76.43456315994263; train accuracy: 0.9856349358360468; test accuracy: 0.1552
2026-01-21 12:31:30 [INFO]  Epoch 9 loss: 76.35639262199402; train accuracy: 0.9873587435357212; test accuracy: 0.1518
2026-01-21 12:31:30 [INFO]  Client 4 Finish Local Training--------|
2026-01-21 12:31:30 [INFO]  Round 4 Finish--------|
2026-01-21 12:31:30 [INFO]  Model variance: mean: 0.0030769864097237587, sum: 34682.046875
2026-01-21 12:31:33 [INFO]  The test accuracy of OneShotFedETF: 0.0095
2026-01-21 12:31:39 [INFO]  The test accuracy of OneshotFedETF+Ensemble: 0.2307
2026-01-21 12:31:39 [INFO]  Save config to ./checkpoints/CIFAR100_alpha0.05/baselines_OneshotFedETF_CIFAR10_results.yaml
2026-01-21 12:31:39 [INFO]  Round 5 starts--------|
2026-01-21 12:31:39 [INFO]  Client 0 Starts Local Trainning--------|
2026-01-21 12:31:50 [INFO]  Epoch 0 loss: 64.49993324279785; train accuracy: 0.963231850117096; test accuracy: 0.1149
2026-01-21 12:32:02 [INFO]  Epoch 1 loss: 67.56789541244507; train accuracy: 0.47903981264637; test accuracy: 0.0749
2026-01-21 12:32:13 [INFO]  Epoch 2 loss: 67.83313059806824; train accuracy: 0.804215456674473; test accuracy: 0.109
2026-01-21 12:32:25 [INFO]  Epoch 3 loss: 64.51294898986816; train accuracy: 0.9374707259953161; test accuracy: 0.1145
2026-01-21 12:32:36 [INFO]  Epoch 4 loss: 62.95454788208008; train accuracy: 0.9737704918032787; test accuracy: 0.1165
2026-01-21 12:32:47 [INFO]  Epoch 5 loss: 62.256767988204956; train accuracy: 0.9823185011709602; test accuracy: 0.1184
2026-01-21 12:32:59 [INFO]  Epoch 6 loss: 61.97635340690613; train accuracy: 0.988407494145199; test accuracy: 0.1206
2026-01-21 12:33:11 [INFO]  Epoch 7 loss: 61.826658487319946; train accuracy: 0.9905152224824356; test accuracy: 0.1196
2026-01-21 12:33:22 [INFO]  Epoch 8 loss: 61.743245363235474; train accuracy: 0.9926229508196721; test accuracy: 0.1214
2026-01-21 12:33:34 [INFO]  Epoch 9 loss: 61.6830689907074; train accuracy: 0.9935597189695551; test accuracy: 0.1217
2026-01-21 12:33:34 [INFO]  Client 0 Finish Local Training--------|
2026-01-21 12:33:34 [INFO]  Client 1 Starts Local Trainning--------|
2026-01-21 12:33:46 [INFO]  Epoch 0 loss: 72.16461658477783; train accuracy: 0.9623334382541181; test accuracy: 0.1271
2026-01-21 12:33:59 [INFO]  Epoch 1 loss: 71.02868270874023; train accuracy: 0.7178680096527122; test accuracy: 0.1067
2026-01-21 12:34:11 [INFO]  Epoch 2 loss: 75.79892778396606; train accuracy: 0.8421991396495646; test accuracy: 0.1236
2026-01-21 12:34:24 [INFO]  Epoch 3 loss: 71.13378548622131; train accuracy: 0.9669499527856469; test accuracy: 0.128
2026-01-21 12:34:36 [INFO]  Epoch 4 loss: 69.66457176208496; train accuracy: 0.9806945755954255; test accuracy: 0.1302
2026-01-21 12:34:48 [INFO]  Epoch 5 loss: 69.26548981666565; train accuracy: 0.9858356940509915; test accuracy: 0.1311
2026-01-21 12:35:00 [INFO]  Epoch 6 loss: 69.09094858169556; train accuracy: 0.9878291889623334; test accuracy: 0.1273
2026-01-21 12:35:12 [INFO]  Epoch 7 loss: 68.99520325660706; train accuracy: 0.9900325254432903; test accuracy: 0.133
2026-01-21 12:35:24 [INFO]  Epoch 8 loss: 68.92519426345825; train accuracy: 0.9915014164305949; test accuracy: 0.1303
2026-01-21 12:35:37 [INFO]  Epoch 9 loss: 68.87438941001892; train accuracy: 0.9937047529115518; test accuracy: 0.1308
2026-01-21 12:35:37 [INFO]  Client 1 Finish Local Training--------|
2026-01-21 12:35:37 [INFO]  Client 2 Starts Local Trainning--------|
2026-01-21 12:35:52 [INFO]  Epoch 0 loss: 91.74941945075989; train accuracy: 0.9406844106463879; test accuracy: 0.139
2026-01-21 12:36:07 [INFO]  Epoch 1 loss: 88.60506200790405; train accuracy: 0.9667089142374313; test accuracy: 0.1395
2026-01-21 12:36:21 [INFO]  Epoch 2 loss: 87.88418841362; train accuracy: 0.9731305449936629; test accuracy: 0.1413
2026-01-21 12:36:35 [INFO]  Epoch 3 loss: 87.90492272377014; train accuracy: 0.9734685255597804; test accuracy: 0.1419
2026-01-21 12:36:48 [INFO]  Epoch 4 loss: 87.74315476417542; train accuracy: 0.9606252640473173; test accuracy: 0.135
2026-01-21 12:37:03 [INFO]  Epoch 5 loss: 88.37932348251343; train accuracy: 0.9609632446134347; test accuracy: 0.1336
2026-01-21 12:37:18 [INFO]  Epoch 6 loss: 88.71178793907166; train accuracy: 0.8823827629911281; test accuracy: 0.1246
2026-01-21 12:37:32 [INFO]  Epoch 7 loss: 88.50515842437744; train accuracy: 0.9475285171102662; test accuracy: 0.1277
2026-01-21 12:37:46 [INFO]  Epoch 8 loss: 87.8498682975769; train accuracy: 0.9779467680608365; test accuracy: 0.1374
2026-01-21 12:38:00 [INFO]  Epoch 9 loss: 87.46691417694092; train accuracy: 0.9836924376848332; test accuracy: 0.1432
2026-01-21 12:38:00 [INFO]  Client 2 Finish Local Training--------|
2026-01-21 12:38:00 [INFO]  Client 3 Starts Local Trainning--------|
2026-01-21 12:38:12 [INFO]  Epoch 0 loss: 72.19513416290283; train accuracy: 0.9441566514711976; test accuracy: 0.1274
2026-01-21 12:38:24 [INFO]  Epoch 1 loss: 71.56937265396118; train accuracy: 0.755698300870286; test accuracy: 0.1149
2026-01-21 12:38:35 [INFO]  Epoch 2 loss: 72.76910901069641; train accuracy: 0.9412556983008703; test accuracy: 0.1287
2026-01-21 12:38:48 [INFO]  Epoch 3 loss: 70.14667010307312; train accuracy: 0.9775176129299628; test accuracy: 0.1247
2026-01-21 12:39:00 [INFO]  Epoch 4 loss: 69.3849081993103; train accuracy: 0.9876709490261085; test accuracy: 0.1318
2026-01-21 12:39:12 [INFO]  Epoch 5 loss: 69.10735535621643; train accuracy: 0.9911935350186489; test accuracy: 0.1314
2026-01-21 12:39:23 [INFO]  Epoch 6 loss: 68.97873210906982; train accuracy: 0.9935764608371322; test accuracy: 0.1346
2026-01-21 12:39:35 [INFO]  Epoch 7 loss: 68.902517080307; train accuracy: 0.9952341483630336; test accuracy: 0.1332
2026-01-21 12:39:47 [INFO]  Epoch 8 loss: 68.84926128387451; train accuracy: 0.9959593866556155; test accuracy: 0.1334
2026-01-21 12:39:59 [INFO]  Epoch 9 loss: 68.81774282455444; train accuracy: 0.9965810194778284; test accuracy: 0.1331
2026-01-21 12:39:59 [INFO]  Client 3 Finish Local Training--------|
2026-01-21 12:39:59 [INFO]  Client 4 Starts Local Trainning--------|
2026-01-21 12:40:12 [INFO]  Epoch 0 loss: 79.12375497817993; train accuracy: 0.961980463512737; test accuracy: 0.1437
2026-01-21 12:40:25 [INFO]  Epoch 1 loss: 77.16431260108948; train accuracy: 0.9519249185979697; test accuracy: 0.1452
2026-01-21 12:40:37 [INFO]  Epoch 2 loss: 77.859206199646; train accuracy: 0.8676498755027773; test accuracy: 0.1271
2026-01-21 12:40:50 [INFO]  Epoch 3 loss: 79.09184336662292; train accuracy: 0.9395709634169699; test accuracy: 0.1388
2026-01-21 12:41:02 [INFO]  Epoch 4 loss: 77.28391313552856; train accuracy: 0.950105343803869; test accuracy: 0.1405
2026-01-21 12:41:15 [INFO]  Epoch 5 loss: 76.8945541381836; train accuracy: 0.9831449913809615; test accuracy: 0.1538
2026-01-21 12:41:28 [INFO]  Epoch 6 loss: 76.45424580574036; train accuracy: 0.9742386515993104; test accuracy: 0.148
2026-01-21 12:41:40 [INFO]  Epoch 7 loss: 76.3778944015503; train accuracy: 0.9878375790078529; test accuracy: 0.1533
2026-01-21 12:41:53 [INFO]  Epoch 8 loss: 76.2171106338501; train accuracy: 0.9921470982570388; test accuracy: 0.1554
2026-01-21 12:42:06 [INFO]  Epoch 9 loss: 76.15920329093933; train accuracy: 0.9935836046734342; test accuracy: 0.1574
2026-01-21 12:42:06 [INFO]  Client 4 Finish Local Training--------|
2026-01-21 12:42:06 [INFO]  Round 5 Finish--------|
2026-01-21 12:42:06 [INFO]  Model variance: mean: 0.0033941802103072405, sum: 38257.2734375
2026-01-21 12:42:09 [INFO]  The test accuracy of OneShotFedETF: 0.0098
2026-01-21 12:42:15 [INFO]  The test accuracy of OneshotFedETF+Ensemble: 0.2311
2026-01-21 12:42:15 [INFO]  Save config to ./checkpoints/CIFAR100_alpha0.05/baselines_OneshotFedETF_CIFAR10_results.yaml
2026-01-21 12:42:15 [INFO]  Round 6 starts--------|
2026-01-21 12:42:15 [INFO]  Client 0 Starts Local Trainning--------|
2026-01-21 12:42:25 [INFO]  Epoch 0 loss: 64.06483769416809; train accuracy: 0.9708430913348947; test accuracy: 0.1129
2026-01-21 12:42:37 [INFO]  Epoch 1 loss: 62.83105444908142; train accuracy: 0.9243559718969555; test accuracy: 0.11
2026-01-21 12:42:48 [INFO]  Epoch 2 loss: 62.891658544540405; train accuracy: 0.9666276346604216; test accuracy: 0.1126
2026-01-21 12:42:59 [INFO]  Epoch 3 loss: 62.301745653152466; train accuracy: 0.9799765807962529; test accuracy: 0.1141
2026-01-21 12:43:10 [INFO]  Epoch 4 loss: 61.92050862312317; train accuracy: 0.9915690866510538; test accuracy: 0.1182
2026-01-21 12:43:21 [INFO]  Epoch 5 loss: 61.72274923324585; train accuracy: 0.9923887587822015; test accuracy: 0.1227
2026-01-21 12:43:32 [INFO]  Epoch 6 loss: 61.63920783996582; train accuracy: 0.9953161592505855; test accuracy: 0.1215
2026-01-21 12:43:43 [INFO]  Epoch 7 loss: 61.58673930168152; train accuracy: 0.9960187353629977; test accuracy: 0.1244
2026-01-21 12:43:54 [INFO]  Epoch 8 loss: 61.55635476112366; train accuracy: 0.9968384074941452; test accuracy: 0.124
2026-01-21 12:44:05 [INFO]  Epoch 9 loss: 61.537816286087036; train accuracy: 0.9973067915690866; test accuracy: 0.1235
2026-01-21 12:44:05 [INFO]  Client 0 Finish Local Training--------|
2026-01-21 12:44:05 [INFO]  Client 1 Starts Local Trainning--------|
2026-01-21 12:44:17 [INFO]  Epoch 0 loss: 71.36190223693848; train accuracy: 0.9687336061273738; test accuracy: 0.1246
2026-01-21 12:44:30 [INFO]  Epoch 1 loss: 70.74403381347656; train accuracy: 0.6827195467422096; test accuracy: 0.0941
2026-01-21 12:44:42 [INFO]  Epoch 2 loss: 72.80486035346985; train accuracy: 0.9030531948378974; test accuracy: 0.1207
2026-01-21 12:44:54 [INFO]  Epoch 3 loss: 70.16653680801392; train accuracy: 0.9792256846081209; test accuracy: 0.1277
2026-01-21 12:45:06 [INFO]  Epoch 4 loss: 69.28226828575134; train accuracy: 0.9835274367852271; test accuracy: 0.1241
2026-01-21 12:45:18 [INFO]  Epoch 5 loss: 69.03536081314087; train accuracy: 0.9907669709369427; test accuracy: 0.1294
2026-01-21 12:45:30 [INFO]  Epoch 6 loss: 68.90038108825684; train accuracy: 0.9927604658482846; test accuracy: 0.1314
2026-01-21 12:45:42 [INFO]  Epoch 7 loss: 68.84632086753845; train accuracy: 0.9948588815444339; test accuracy: 0.1287
2026-01-21 12:45:54 [INFO]  Epoch 8 loss: 68.82086300849915; train accuracy: 0.9953834854684713; test accuracy: 0.1271
2026-01-21 12:46:06 [INFO]  Epoch 9 loss: 68.80256795883179; train accuracy: 0.9965376141013534; test accuracy: 0.1299
2026-01-21 12:46:06 [INFO]  Client 1 Finish Local Training--------|
2026-01-21 12:46:06 [INFO]  Client 2 Starts Local Trainning--------|
2026-01-21 12:46:19 [INFO]  Epoch 0 loss: 91.17605018615723; train accuracy: 0.949133924799324; test accuracy: 0.1411
2026-01-21 12:46:33 [INFO]  Epoch 1 loss: 88.12989830970764; train accuracy: 0.9742289818335446; test accuracy: 0.1358
2026-01-21 12:46:47 [INFO]  Epoch 2 loss: 87.43928480148315; train accuracy: 0.9845373891001268; test accuracy: 0.1411
2026-01-21 12:47:01 [INFO]  Epoch 3 loss: 87.32245182991028; train accuracy: 0.9839459231094212; test accuracy: 0.1431
2026-01-21 12:47:15 [INFO]  Epoch 4 loss: 87.28773021697998; train accuracy: 0.9881706801858893; test accuracy: 0.1401
2026-01-21 12:47:28 [INFO]  Epoch 5 loss: 87.35490322113037; train accuracy: 0.9909590198563583; test accuracy: 0.1383
2026-01-21 12:47:43 [INFO]  Epoch 6 loss: 87.12575936317444; train accuracy: 0.9938318546683566; test accuracy: 0.1433
2026-01-21 12:47:57 [INFO]  Epoch 7 loss: 87.2515184879303; train accuracy: 0.9901140684410646; test accuracy: 0.1445
2026-01-21 12:48:11 [INFO]  Epoch 8 loss: 87.04057264328003; train accuracy: 0.9858893113645966; test accuracy: 0.1446
2026-01-21 12:48:25 [INFO]  Epoch 9 loss: 87.02135634422302; train accuracy: 0.9931558935361217; test accuracy: 0.1379
2026-01-21 12:48:25 [INFO]  Client 2 Finish Local Training--------|
2026-01-21 12:48:25 [INFO]  Client 3 Starts Local Trainning--------|
2026-01-21 12:48:37 [INFO]  Epoch 0 loss: 71.47944450378418; train accuracy: 0.9536883547451306; test accuracy: 0.129
2026-01-21 12:48:49 [INFO]  Epoch 1 loss: 69.54508709907532; train accuracy: 0.991815167840862; test accuracy: 0.1321
2026-01-21 12:49:01 [INFO]  Epoch 2 loss: 68.98610997200012; train accuracy: 0.9946125155408205; test accuracy: 0.1322
2026-01-21 12:49:13 [INFO]  Epoch 3 loss: 68.85862016677856; train accuracy: 0.9962702030667219; test accuracy: 0.1331
2026-01-21 12:49:25 [INFO]  Epoch 4 loss: 68.80729269981384; train accuracy: 0.9973062577704103; test accuracy: 0.1322
2026-01-21 12:49:37 [INFO]  Epoch 5 loss: 68.78057026863098; train accuracy: 0.9969954413593037; test accuracy: 0.1346
2026-01-21 12:49:49 [INFO]  Epoch 6 loss: 68.76302599906921; train accuracy: 0.9976170741815168; test accuracy: 0.1335
2026-01-21 12:50:00 [INFO]  Epoch 7 loss: 68.74973487854004; train accuracy: 0.9978242851222544; test accuracy: 0.1327
2026-01-21 12:50:12 [INFO]  Epoch 8 loss: 68.74615097045898; train accuracy: 0.9979278905926233; test accuracy: 0.1336
2026-01-21 12:50:24 [INFO]  Epoch 9 loss: 68.7434594631195; train accuracy: 0.9980314960629921; test accuracy: 0.1345
2026-01-21 12:50:24 [INFO]  Client 3 Finish Local Training--------|
2026-01-21 12:50:24 [INFO]  Client 4 Starts Local Trainning--------|
2026-01-21 12:50:37 [INFO]  Epoch 0 loss: 78.73363065719604; train accuracy: 0.967630722083892; test accuracy: 0.1436
2026-01-21 12:50:49 [INFO]  Epoch 1 loss: 76.91620707511902; train accuracy: 0.9828576900976824; test accuracy: 0.1477
2026-01-21 12:51:02 [INFO]  Epoch 2 loss: 76.68037700653076; train accuracy: 0.9648534763455276; test accuracy: 0.1388
2026-01-21 12:51:15 [INFO]  Epoch 3 loss: 77.27746295928955; train accuracy: 0.9714614058609462; test accuracy: 0.1441
2026-01-21 12:51:28 [INFO]  Epoch 4 loss: 76.60101175308228; train accuracy: 0.9826661559088298; test accuracy: 0.1444
2026-01-21 12:51:40 [INFO]  Epoch 5 loss: 76.29609632492065; train accuracy: 0.9909021260294962; test accuracy: 0.1514
2026-01-21 12:51:53 [INFO]  Epoch 6 loss: 76.16606211662292; train accuracy: 0.9938709059567132; test accuracy: 0.1558
2026-01-21 12:52:06 [INFO]  Epoch 7 loss: 76.13325023651123; train accuracy: 0.9868799080635894; test accuracy: 0.1512
2026-01-21 12:52:18 [INFO]  Epoch 8 loss: 76.12041640281677; train accuracy: 0.9946370427121242; test accuracy: 0.1513
2026-01-21 12:52:31 [INFO]  Epoch 9 loss: 76.08760690689087; train accuracy: 0.9963608504117986; test accuracy: 0.1522
2026-01-21 12:52:31 [INFO]  Client 4 Finish Local Training--------|
2026-01-21 12:52:31 [INFO]  Round 6 Finish--------|
2026-01-21 12:52:31 [INFO]  Model variance: mean: 0.003575628623366356, sum: 40302.45703125
2026-01-21 12:52:34 [INFO]  The test accuracy of OneShotFedETF: 0.0099
2026-01-21 12:52:41 [INFO]  The test accuracy of OneshotFedETF+Ensemble: 0.2403
2026-01-21 12:52:41 [INFO]  Save config to ./checkpoints/CIFAR100_alpha0.05/baselines_OneshotFedETF_CIFAR10_results.yaml
2026-01-21 12:52:41 [INFO]  Round 7 starts--------|
2026-01-21 12:52:41 [INFO]  Client 0 Starts Local Trainning--------|
2026-01-21 12:52:52 [INFO]  Epoch 0 loss: 63.472535371780396; train accuracy: 0.9776346604215457; test accuracy: 0.115
2026-01-21 12:53:03 [INFO]  Epoch 1 loss: 62.147509813308716; train accuracy: 0.9676814988290399; test accuracy: 0.1117
2026-01-21 12:53:14 [INFO]  Epoch 2 loss: 62.01303148269653; train accuracy: 0.9838407494145199; test accuracy: 0.1096
2026-01-21 12:53:25 [INFO]  Epoch 3 loss: 61.9292573928833; train accuracy: 0.992271662763466; test accuracy: 0.1145
2026-01-21 12:53:36 [INFO]  Epoch 4 loss: 61.74902033805847; train accuracy: 0.994847775175644; test accuracy: 0.1177
2026-01-21 12:53:47 [INFO]  Epoch 5 loss: 61.61184215545654; train accuracy: 0.9962529274004683; test accuracy: 0.1208
2026-01-21 12:53:58 [INFO]  Epoch 6 loss: 61.557260036468506; train accuracy: 0.997072599531616; test accuracy: 0.1243
2026-01-21 12:54:08 [INFO]  Epoch 7 loss: 61.531935930252075; train accuracy: 0.9980093676814988; test accuracy: 0.1232
2026-01-21 12:54:19 [INFO]  Epoch 8 loss: 61.513779163360596; train accuracy: 0.9978922716627635; test accuracy: 0.1225
2026-01-21 12:54:30 [INFO]  Epoch 9 loss: 61.50081729888916; train accuracy: 0.9982435597189696; test accuracy: 0.1257
2026-01-21 12:54:30 [INFO]  Client 0 Finish Local Training--------|
2026-01-21 12:54:30 [INFO]  Client 1 Starts Local Trainning--------|
2026-01-21 12:54:42 [INFO]  Epoch 0 loss: 71.1957700252533; train accuracy: 0.9732451998740951; test accuracy: 0.127
2026-01-21 12:54:54 [INFO]  Epoch 1 loss: 69.45277976989746; train accuracy: 0.98216346658273; test accuracy: 0.1233
2026-01-21 12:55:06 [INFO]  Epoch 2 loss: 69.510174036026; train accuracy: 0.9393557863812821; test accuracy: 0.1175
2026-01-21 12:55:18 [INFO]  Epoch 3 loss: 69.81156873703003; train accuracy: 0.9796453677473508; test accuracy: 0.1237
2026-01-21 12:55:29 [INFO]  Epoch 4 loss: 69.83577728271484; train accuracy: 0.9831077536459972; test accuracy: 0.1185
2026-01-21 12:55:42 [INFO]  Epoch 5 loss: 69.07228302955627; train accuracy: 0.9910817332913651; test accuracy: 0.1257
2026-01-21 12:55:54 [INFO]  Epoch 6 loss: 68.9290144443512; train accuracy: 0.9943342776203966; test accuracy: 0.1302
2026-01-21 12:56:06 [INFO]  Epoch 7 loss: 68.87615394592285; train accuracy: 0.992865386633092; test accuracy: 0.1234
2026-01-21 12:56:18 [INFO]  Epoch 8 loss: 68.83898758888245; train accuracy: 0.9965376141013534; test accuracy: 0.1262
2026-01-21 12:56:30 [INFO]  Epoch 9 loss: 68.82179355621338; train accuracy: 0.9965376141013534; test accuracy: 0.1273
2026-01-21 12:56:30 [INFO]  Client 1 Finish Local Training--------|
2026-01-21 12:56:30 [INFO]  Client 2 Starts Local Trainning--------|
2026-01-21 12:56:44 [INFO]  Epoch 0 loss: 90.622807264328; train accuracy: 0.9533586818757921; test accuracy: 0.1384
2026-01-21 12:56:58 [INFO]  Epoch 1 loss: 88.8677921295166; train accuracy: 0.8762146176594846; test accuracy: 0.1211
2026-01-21 12:57:12 [INFO]  Epoch 2 loss: 89.12379312515259; train accuracy: 0.923700887198986; test accuracy: 0.1242
2026-01-21 12:57:26 [INFO]  Epoch 3 loss: 88.1083734035492; train accuracy: 0.969666244190959; test accuracy: 0.128
2026-01-21 12:57:40 [INFO]  Epoch 4 loss: 87.5495023727417; train accuracy: 0.9912125052809464; test accuracy: 0.1427
2026-01-21 12:57:55 [INFO]  Epoch 5 loss: 87.14964962005615; train accuracy: 0.9942543303760034; test accuracy: 0.1501
2026-01-21 12:58:09 [INFO]  Epoch 6 loss: 86.99624800682068; train accuracy: 0.9874947190536544; test accuracy: 0.1434
2026-01-21 12:58:23 [INFO]  Epoch 7 loss: 86.94685053825378; train accuracy: 0.9940853400929447; test accuracy: 0.145
2026-01-21 12:58:38 [INFO]  Epoch 8 loss: 86.91099834442139; train accuracy: 0.9967046894803548; test accuracy: 0.1513
2026-01-21 12:58:51 [INFO]  Epoch 9 loss: 86.89829874038696; train accuracy: 0.9961132234896494; test accuracy: 0.1495
2026-01-21 12:58:51 [INFO]  Client 2 Finish Local Training--------|
2026-01-21 12:58:51 [INFO]  Client 3 Starts Local Trainning--------|
2026-01-21 12:59:03 [INFO]  Epoch 0 loss: 71.07625699043274; train accuracy: 0.9702652300041442; test accuracy: 0.1306
2026-01-21 12:59:16 [INFO]  Epoch 1 loss: 72.82952880859375; train accuracy: 0.38717364276833816; test accuracy: 0.0742
2026-01-21 12:59:27 [INFO]  Epoch 2 loss: 75.85548734664917; train accuracy: 0.8783671777869871; test accuracy: 0.1201
2026-01-21 12:59:39 [INFO]  Epoch 3 loss: 70.64347338676453; train accuracy: 0.9812474098632408; test accuracy: 0.1312
2026-01-21 12:59:51 [INFO]  Epoch 4 loss: 69.3549313545227; train accuracy: 0.993680066307501; test accuracy: 0.1327
2026-01-21 13:00:04 [INFO]  Epoch 5 loss: 69.00019931793213; train accuracy: 0.9956485702445089; test accuracy: 0.1328
2026-01-21 13:00:16 [INFO]  Epoch 6 loss: 68.85400652885437; train accuracy: 0.9969954413593037; test accuracy: 0.1326
2026-01-21 13:00:28 [INFO]  Epoch 7 loss: 68.78999853134155; train accuracy: 0.9976170741815168; test accuracy: 0.1353
2026-01-21 13:00:40 [INFO]  Epoch 8 loss: 68.75814485549927; train accuracy: 0.9979278905926233; test accuracy: 0.1366
2026-01-21 13:00:52 [INFO]  Epoch 9 loss: 68.74111342430115; train accuracy: 0.9982387070037297; test accuracy: 0.1348
2026-01-21 13:00:52 [INFO]  Client 3 Finish Local Training--------|
2026-01-21 13:00:52 [INFO]  Client 4 Starts Local Trainning--------|
2026-01-21 13:01:05 [INFO]  Epoch 0 loss: 78.36725997924805; train accuracy: 0.9721317755219306; test accuracy: 0.145
2026-01-21 13:01:18 [INFO]  Epoch 1 loss: 76.72950291633606; train accuracy: 0.9891783183298218; test accuracy: 0.1487
2026-01-21 13:01:31 [INFO]  Epoch 2 loss: 76.54926753044128; train accuracy: 0.990040222179659; test accuracy: 0.1492
2026-01-21 13:01:44 [INFO]  Epoch 3 loss: 76.45405054092407; train accuracy: 0.9859222371193258; test accuracy: 0.1405
2026-01-21 13:01:56 [INFO]  Epoch 4 loss: 76.51033067703247; train accuracy: 0.966577284045202; test accuracy: 0.1375
2026-01-21 13:02:09 [INFO]  Epoch 5 loss: 76.51286816596985; train accuracy: 0.9840068952307987; test accuracy: 0.1493
2026-01-21 13:02:22 [INFO]  Epoch 6 loss: 76.20632672309875; train accuracy: 0.9928174679180234; test accuracy: 0.1403
2026-01-21 13:02:34 [INFO]  Epoch 7 loss: 76.17347192764282; train accuracy: 0.9966481516950776; test accuracy: 0.1494
2026-01-21 13:02:47 [INFO]  Epoch 8 loss: 76.17997002601624; train accuracy: 0.9813254165868608; test accuracy: 0.1429
2026-01-21 13:02:59 [INFO]  Epoch 9 loss: 77.74074864387512; train accuracy: 0.9287492817467918; test accuracy: 0.1328
2026-01-21 13:02:59 [INFO]  Client 4 Finish Local Training--------|
2026-01-21 13:02:59 [INFO]  Round 7 Finish--------|
2026-01-21 13:02:59 [INFO]  Model variance: mean: 0.0037864879705011845, sum: 42679.14453125
2026-01-21 13:03:03 [INFO]  The test accuracy of OneShotFedETF: 0.01
2026-01-21 13:03:08 [INFO]  The test accuracy of OneshotFedETF+Ensemble: 0.2301
2026-01-21 13:03:08 [INFO]  Save config to ./checkpoints/CIFAR100_alpha0.05/baselines_OneshotFedETF_CIFAR10_results.yaml
2026-01-21 13:03:08 [INFO]  Round 8 starts--------|
2026-01-21 13:03:08 [INFO]  Client 0 Starts Local Trainning--------|
2026-01-21 13:03:19 [INFO]  Epoch 0 loss: 63.21194005012512; train accuracy: 0.9796252927400468; test accuracy: 0.1143
2026-01-21 13:03:30 [INFO]  Epoch 1 loss: 61.95599150657654; train accuracy: 0.9851288056206089; test accuracy: 0.113
2026-01-21 13:03:41 [INFO]  Epoch 2 loss: 62.0653760433197; train accuracy: 0.9757611241217798; test accuracy: 0.1146
2026-01-21 13:03:52 [INFO]  Epoch 3 loss: 61.987061977386475; train accuracy: 0.9833723653395785; test accuracy: 0.1138
2026-01-21 13:04:03 [INFO]  Epoch 4 loss: 61.912391901016235; train accuracy: 0.9844262295081967; test accuracy: 0.1125
2026-01-21 13:04:14 [INFO]  Epoch 5 loss: 61.80761218070984; train accuracy: 0.9838407494145199; test accuracy: 0.1117
2026-01-21 13:04:24 [INFO]  Epoch 6 loss: 61.70297122001648; train accuracy: 0.9971896955503513; test accuracy: 0.1186
2026-01-21 13:04:35 [INFO]  Epoch 7 loss: 61.54092001914978; train accuracy: 0.9977751756440281; test accuracy: 0.1209
2026-01-21 13:04:46 [INFO]  Epoch 8 loss: 61.503639936447144; train accuracy: 0.9984777517564403; test accuracy: 0.1209
2026-01-21 13:04:57 [INFO]  Epoch 9 loss: 61.4830162525177; train accuracy: 0.9983606557377049; test accuracy: 0.1211
2026-01-21 13:04:57 [INFO]  Client 0 Finish Local Training--------|
2026-01-21 13:04:57 [INFO]  Client 1 Starts Local Trainning--------|
2026-01-21 13:05:09 [INFO]  Epoch 0 loss: 70.81755685806274; train accuracy: 0.9753436155702445; test accuracy: 0.1284
2026-01-21 13:05:21 [INFO]  Epoch 1 loss: 69.19782161712646; train accuracy: 0.9921309411394397; test accuracy: 0.1239
2026-01-21 13:05:33 [INFO]  Epoch 2 loss: 68.84725761413574; train accuracy: 0.9934949113419368; test accuracy: 0.1276
2026-01-21 13:05:45 [INFO]  Epoch 3 loss: 68.83393406867981; train accuracy: 0.9959080893925086; test accuracy: 0.1292
2026-01-21 13:05:56 [INFO]  Epoch 4 loss: 68.77289962768555; train accuracy: 0.996222851746931; test accuracy: 0.1325
2026-01-21 13:06:08 [INFO]  Epoch 5 loss: 68.77510738372803; train accuracy: 0.996642534886161; test accuracy: 0.1302
2026-01-21 13:06:20 [INFO]  Epoch 6 loss: 68.82412362098694; train accuracy: 0.9972720595950058; test accuracy: 0.1327
2026-01-21 13:06:31 [INFO]  Epoch 7 loss: 68.80157828330994; train accuracy: 0.9943342776203966; test accuracy: 0.1214
2026-01-21 13:06:43 [INFO]  Epoch 8 loss: 68.76660442352295; train accuracy: 0.9975868219494282; test accuracy: 0.1255
2026-01-21 13:06:55 [INFO]  Epoch 9 loss: 68.74656367301941; train accuracy: 0.9980065050886581; test accuracy: 0.1342
2026-01-21 13:06:55 [INFO]  Client 1 Finish Local Training--------|
2026-01-21 13:06:55 [INFO]  Client 2 Starts Local Trainning--------|
2026-01-21 13:07:09 [INFO]  Epoch 0 loss: 90.40259671211243; train accuracy: 0.9564005069708492; test accuracy: 0.1403
2026-01-21 13:07:23 [INFO]  Epoch 1 loss: 89.48433995246887; train accuracy: 0.8162230671736375; test accuracy: 0.1138
2026-01-21 13:07:37 [INFO]  Epoch 2 loss: 89.09580326080322; train accuracy: 0.9565694972539079; test accuracy: 0.1323
2026-01-21 13:07:51 [INFO]  Epoch 3 loss: 88.05177688598633; train accuracy: 0.9153358681875792; test accuracy: 0.1155
2026-01-21 13:08:06 [INFO]  Epoch 4 loss: 88.27030420303345; train accuracy: 0.9533586818757921; test accuracy: 0.1307
2026-01-21 13:08:20 [INFO]  Epoch 5 loss: 87.80059790611267; train accuracy: 0.9476130122517955; test accuracy: 0.1292
2026-01-21 13:08:34 [INFO]  Epoch 6 loss: 87.43133020401001; train accuracy: 0.9927334178284749; test accuracy: 0.1397
2026-01-21 13:08:48 [INFO]  Epoch 7 loss: 87.24843835830688; train accuracy: 0.9735530207013097; test accuracy: 0.1328
2026-01-21 13:09:02 [INFO]  Epoch 8 loss: 87.22009253501892; train accuracy: 0.9836079425433037; test accuracy: 0.1377
2026-01-21 13:09:17 [INFO]  Epoch 9 loss: 87.16124534606934; train accuracy: 0.9694972539079003; test accuracy: 0.1288
2026-01-21 13:09:17 [INFO]  Client 2 Finish Local Training--------|
2026-01-21 13:09:17 [INFO]  Client 3 Starts Local Trainning--------|
2026-01-21 13:09:29 [INFO]  Epoch 0 loss: 71.14045810699463; train accuracy: 0.9764815582262744; test accuracy: 0.1293
2026-01-21 13:09:41 [INFO]  Epoch 1 loss: 69.49748110771179; train accuracy: 0.9927476170741815; test accuracy: 0.1242
2026-01-21 13:09:53 [INFO]  Epoch 2 loss: 69.04455876350403; train accuracy: 0.9967882304185661; test accuracy: 0.1312
2026-01-21 13:10:05 [INFO]  Epoch 3 loss: 68.83131170272827; train accuracy: 0.9976170741815168; test accuracy: 0.1327
2026-01-21 13:10:16 [INFO]  Epoch 4 loss: 68.7638611793518; train accuracy: 0.9982387070037297; test accuracy: 0.1295
2026-01-21 13:10:28 [INFO]  Epoch 5 loss: 68.73330163955688; train accuracy: 0.9988603398259428; test accuracy: 0.1321
2026-01-21 13:10:41 [INFO]  Epoch 6 loss: 68.7193992137909; train accuracy: 0.9985495234148363; test accuracy: 0.1331
2026-01-21 13:10:52 [INFO]  Epoch 7 loss: 68.71963858604431; train accuracy: 0.9985495234148363; test accuracy: 0.1309
2026-01-21 13:11:04 [INFO]  Epoch 8 loss: 68.70425748825073; train accuracy: 0.9988603398259428; test accuracy: 0.1305
2026-01-21 13:11:17 [INFO]  Epoch 9 loss: 68.70166516304016; train accuracy: 0.9991711562370493; test accuracy: 0.1332
2026-01-21 13:11:17 [INFO]  Client 3 Finish Local Training--------|
2026-01-21 13:11:17 [INFO]  Client 4 Starts Local Trainning--------|
2026-01-21 13:11:30 [INFO]  Epoch 0 loss: 78.52863121032715; train accuracy: 0.973568281938326; test accuracy: 0.1439
2026-01-21 13:11:43 [INFO]  Epoch 1 loss: 76.5858724117279; train accuracy: 0.9844857307029304; test accuracy: 0.146
2026-01-21 13:11:56 [INFO]  Epoch 2 loss: 76.188063621521; train accuracy: 0.9964566175062248; test accuracy: 0.1479
2026-01-21 13:12:09 [INFO]  Epoch 3 loss: 76.05616974830627; train accuracy: 0.9968396858839302; test accuracy: 0.1508
2026-01-21 13:12:21 [INFO]  Epoch 4 loss: 76.00574779510498; train accuracy: 0.9975100555449148; test accuracy: 0.1499
2026-01-21 13:12:34 [INFO]  Epoch 5 loss: 75.97689318656921; train accuracy: 0.9980846581114728; test accuracy: 0.1541
2026-01-21 13:12:46 [INFO]  Epoch 6 loss: 75.96083855628967; train accuracy: 0.9985634935836046; test accuracy: 0.1505
2026-01-21 13:12:59 [INFO]  Epoch 7 loss: 75.9475953578949; train accuracy: 0.998659260678031; test accuracy: 0.156
2026-01-21 13:13:13 [INFO]  Epoch 8 loss: 75.9431402683258; train accuracy: 0.998659260678031; test accuracy: 0.1549
2026-01-21 13:13:26 [INFO]  Epoch 9 loss: 75.9356849193573; train accuracy: 0.9988507948668838; test accuracy: 0.1552
2026-01-21 13:13:26 [INFO]  Client 4 Finish Local Training--------|
2026-01-21 13:13:26 [INFO]  Round 8 Finish--------|
2026-01-21 13:13:26 [INFO]  Model variance: mean: 0.003937993198633194, sum: 44386.82421875
2026-01-21 13:13:29 [INFO]  The test accuracy of OneShotFedETF: 0.0096
2026-01-21 13:13:35 [INFO]  The test accuracy of OneshotFedETF+Ensemble: 0.2171
2026-01-21 13:13:35 [INFO]  Save config to ./checkpoints/CIFAR100_alpha0.05/baselines_OneshotFedETF_CIFAR10_results.yaml
2026-01-21 13:13:35 [INFO]  Round 9 starts--------|
2026-01-21 13:13:35 [INFO]  Client 0 Starts Local Trainning--------|
2026-01-21 13:13:47 [INFO]  Epoch 0 loss: 63.15722870826721; train accuracy: 0.9806791569086651; test accuracy: 0.1164
2026-01-21 13:13:58 [INFO]  Epoch 1 loss: 62.97539496421814; train accuracy: 0.7101873536299765; test accuracy: 0.0849
2026-01-21 13:14:09 [INFO]  Epoch 2 loss: 69.08542156219482; train accuracy: 0.611592505854801; test accuracy: 0.0853
2026-01-21 13:14:20 [INFO]  Epoch 3 loss: 65.47034096717834; train accuracy: 0.9408665105386417; test accuracy: 0.1103
2026-01-21 13:14:31 [INFO]  Epoch 4 loss: 62.6327691078186; train accuracy: 0.9892271662763467; test accuracy: 0.1167
2026-01-21 13:14:43 [INFO]  Epoch 5 loss: 61.86944890022278; train accuracy: 0.9954332552693208; test accuracy: 0.1188
2026-01-21 13:14:54 [INFO]  Epoch 6 loss: 61.63365149497986; train accuracy: 0.9969555035128805; test accuracy: 0.1194
2026-01-21 13:15:05 [INFO]  Epoch 7 loss: 61.55137586593628; train accuracy: 0.997423887587822; test accuracy: 0.118
2026-01-21 13:15:17 [INFO]  Epoch 8 loss: 61.520227670669556; train accuracy: 0.9984777517564403; test accuracy: 0.1207
2026-01-21 13:15:28 [INFO]  Epoch 9 loss: 61.49676537513733; train accuracy: 0.9984777517564403; test accuracy: 0.1222
2026-01-21 13:15:28 [INFO]  Client 0 Finish Local Training--------|
2026-01-21 13:15:28 [INFO]  Client 1 Starts Local Trainning--------|
2026-01-21 13:15:40 [INFO]  Epoch 0 loss: 70.56060838699341; train accuracy: 0.9792256846081209; test accuracy: 0.1292
2026-01-21 13:15:52 [INFO]  Epoch 1 loss: 69.58316969871521; train accuracy: 0.9739796453677474; test accuracy: 0.1235
2026-01-21 13:16:03 [INFO]  Epoch 2 loss: 70.6332654953003; train accuracy: 0.8954988983317596; test accuracy: 0.1169
2026-01-21 13:16:15 [INFO]  Epoch 3 loss: 70.106525182724; train accuracy: 0.9887734760256006; test accuracy: 0.1246
2026-01-21 13:16:27 [INFO]  Epoch 4 loss: 69.0320839881897; train accuracy: 0.9944391984052041; test accuracy: 0.1218
2026-01-21 13:16:39 [INFO]  Epoch 5 loss: 68.90488409996033; train accuracy: 0.9953834854684713; test accuracy: 0.1276
2026-01-21 13:16:51 [INFO]  Epoch 6 loss: 68.90131402015686; train accuracy: 0.993075228202707; test accuracy: 0.1186
2026-01-21 13:17:03 [INFO]  Epoch 7 loss: 68.80960512161255; train accuracy: 0.9970622180253909; test accuracy: 0.1302
2026-01-21 13:17:15 [INFO]  Epoch 8 loss: 68.73797059059143; train accuracy: 0.9985311090126954; test accuracy: 0.1286
2026-01-21 13:17:27 [INFO]  Epoch 9 loss: 68.7129294872284; train accuracy: 0.998426188227888; test accuracy: 0.1281
2026-01-21 13:17:27 [INFO]  Client 1 Finish Local Training--------|
2026-01-21 13:17:27 [INFO]  Client 2 Starts Local Trainning--------|
2026-01-21 13:17:41 [INFO]  Epoch 0 loss: 90.54507350921631; train accuracy: 0.955893536121673; test accuracy: 0.1367
2026-01-21 13:17:55 [INFO]  Epoch 1 loss: 87.51146960258484; train accuracy: 0.9912125052809464; test accuracy: 0.1338
2026-01-21 13:18:09 [INFO]  Epoch 2 loss: 86.98556876182556; train accuracy: 0.9838614279678919; test accuracy: 0.1375
2026-01-21 13:18:23 [INFO]  Epoch 3 loss: 86.99793362617493; train accuracy: 0.9944233206590621; test accuracy: 0.1461
2026-01-21 13:18:37 [INFO]  Epoch 4 loss: 86.88106155395508; train accuracy: 0.9971271651880017; test accuracy: 0.1475
2026-01-21 13:18:52 [INFO]  Epoch 5 loss: 86.81785202026367; train accuracy: 0.9976341360371779; test accuracy: 0.1398
2026-01-21 13:19:07 [INFO]  Epoch 6 loss: 86.80080080032349; train accuracy: 0.9978876214617659; test accuracy: 0.1448
2026-01-21 13:19:21 [INFO]  Epoch 7 loss: 86.79776954650879; train accuracy: 0.9978031263202366; test accuracy: 0.1449
2026-01-21 13:19:36 [INFO]  Epoch 8 loss: 86.79751968383789; train accuracy: 0.998141106886354; test accuracy: 0.1464
2026-01-21 13:19:51 [INFO]  Epoch 9 loss: 86.79435992240906; train accuracy: 0.9982256020278834; test accuracy: 0.15
2026-01-21 13:19:51 [INFO]  Client 2 Finish Local Training--------|
2026-01-21 13:19:51 [INFO]  Client 3 Starts Local Trainning--------|
2026-01-21 13:20:03 [INFO]  Epoch 0 loss: 70.69265556335449; train accuracy: 0.9777248238707004; test accuracy: 0.1289
2026-01-21 13:20:16 [INFO]  Epoch 1 loss: 69.30206608772278; train accuracy: 0.9594902610857853; test accuracy: 0.1311
2026-01-21 13:20:29 [INFO]  Epoch 2 loss: 69.34270191192627; train accuracy: 0.9495441359303771; test accuracy: 0.1214
2026-01-21 13:20:41 [INFO]  Epoch 3 loss: 70.10964179039001; train accuracy: 0.9776212184003316; test accuracy: 0.1212
2026-01-21 13:20:54 [INFO]  Epoch 4 loss: 69.27813458442688; train accuracy: 0.9964774140074596; test accuracy: 0.1261
2026-01-21 13:21:07 [INFO]  Epoch 5 loss: 68.86233282089233; train accuracy: 0.9985495234148363; test accuracy: 0.1322
2026-01-21 13:21:19 [INFO]  Epoch 6 loss: 68.74931859970093; train accuracy: 0.9990675507666805; test accuracy: 0.1337
2026-01-21 13:21:31 [INFO]  Epoch 7 loss: 68.71210265159607; train accuracy: 0.9989639452963116; test accuracy: 0.1337
2026-01-21 13:21:43 [INFO]  Epoch 8 loss: 68.70135760307312; train accuracy: 0.9990675507666805; test accuracy: 0.1332
2026-01-21 13:21:55 [INFO]  Epoch 9 loss: 68.69371962547302; train accuracy: 0.9990675507666805; test accuracy: 0.1335
2026-01-21 13:21:55 [INFO]  Client 3 Finish Local Training--------|
2026-01-21 13:21:55 [INFO]  Client 4 Starts Local Trainning--------|
2026-01-21 13:22:09 [INFO]  Epoch 0 loss: 77.94579935073853; train accuracy: 0.976249760582264; test accuracy: 0.1437
2026-01-21 13:22:22 [INFO]  Epoch 1 loss: 76.47740364074707; train accuracy: 0.995403179467535; test accuracy: 0.1465
2026-01-21 13:22:34 [INFO]  Epoch 2 loss: 76.11688113212585; train accuracy: 0.997318521356062; test accuracy: 0.1475
2026-01-21 13:22:47 [INFO]  Epoch 3 loss: 76.029061794281; train accuracy: 0.9980846581114728; test accuracy: 0.1436
2026-01-21 13:23:00 [INFO]  Epoch 4 loss: 75.98824071884155; train accuracy: 0.9979888910170466; test accuracy: 0.1476
2026-01-21 13:23:13 [INFO]  Epoch 5 loss: 75.95602703094482; train accuracy: 0.9982761923003256; test accuracy: 0.152
2026-01-21 13:23:26 [INFO]  Epoch 6 loss: 75.93776655197144; train accuracy: 0.998659260678031; test accuracy: 0.1512
2026-01-21 13:23:39 [INFO]  Epoch 7 loss: 75.93460750579834; train accuracy: 0.998659260678031; test accuracy: 0.1527
2026-01-21 13:23:51 [INFO]  Epoch 8 loss: 75.92434310913086; train accuracy: 0.9988507948668838; test accuracy: 0.154
2026-01-21 13:24:04 [INFO]  Epoch 9 loss: 75.92572975158691; train accuracy: 0.9987550277724574; test accuracy: 0.152
2026-01-21 13:24:04 [INFO]  Client 4 Finish Local Training--------|
2026-01-21 13:24:04 [INFO]  Round 9 Finish--------|
2026-01-21 13:24:04 [INFO]  Model variance: mean: 0.00408465601503849, sum: 46039.92578125
2026-01-21 13:24:08 [INFO]  The test accuracy of OneShotFedETF: 0.0099
2026-01-21 13:24:14 [INFO]  The test accuracy of OneshotFedETF+Ensemble: 0.2278
2026-01-21 13:24:14 [INFO]  Save config to ./checkpoints/CIFAR100_alpha0.05/baselines_OneshotFedETF_CIFAR10_results.yaml
