2026-01-22 04:55:57 [INFO]  Load config from configs/CIFAR100_alpha0.05_seed350234.yaml
2026-01-22 04:55:57 [INFO]  config: {'exp_name': 'CIFAR100_alpha0.05', 'dataset': {'data_name': 'CIFAR100', 'root_path': 'H:/codes/dataset', 'train_batch_size': 512, 'test_batch_size': 256, 'channels': 3, 'num_classes': 100, 'image_size': 32}, 'distribution': {'type': 'dirichlet', 'label_num_per_client': 2, 'alpha': 0.05}, 'client': {'num_clients': 5}, 'server': {'num_rounds': 10, 'frac_clients': 1.0, 'lr': 0.05, 'local_epochs': 10, 'optimizer': 'sgd', 'momentum': 0.9, 'weight_decay': 0.0001, 'loss_name': 'ce', 'model_name': 'resnet18', 'aggregated_by_datasize': True, 'lr_decay_per_round': 0.998}, 'device': 'cuda:0', 'checkpoint': {'save_path': './checkpoints/', 'save_freq': 5, 'result_file': 'CIFAR10_results.yaml'}, 'pretrain': {'lr': 0.01, 'epoch': 70, 'model_path': './pretrain/', 'momentum': 0.9, 'weight_decay': 0.0001, 'model_name': 'resnet18', 'model_file_name': 'resnet18-f37072fd.pth'}, 'DBCD': {'alpha_l_pa': 1, 'alpha_l_pb': 1, 'alpha_l_pc': 0.0, 'Beta_alpha': 0.2, 'unsup_method': 'infonce', 'contrastive_temperature': 0.5, 'encoder_epoch': 40, 'projector_epoch': 10, 'use_pretrain': False, 'aug_batch_size': 512, 'encoder_lr': 0.03, 'cls_optimizer': 'sgd', 'cls_lr': 0.05, 'supcon_temp': 0.07, 'super_gr': 100, 'aux_with_public': True}, 'etf': {'loss_name': 'ce'}, 'visualization': {'interval': 5, 'save_path': 'visualization/resnet18', 'vis_size': 16}, 'resume': True, 'resume_best': False, 'seed': 350234, 'lambda_align_initial': 20.0, 'v9_config': {'use_adaptive_lambda': True, 'lambda_min': 0.1, 'lambda_max': 20.0, 'use_server_optimization': False, 'server_lr': 0.001, 'server_epochs': 20, 'gamma_etf_reg': 0.1}, 'v10_config': {'use_uncertainty_weighting': True, 'sigma_lr': 0.005}}
2026-01-22 04:55:59 [INFO]  Dataset CIFAR100 loaded
2026-01-22 04:55:59 [INFO]  Dataset index dict loaded from preprocessed_data/CIFAR100.pt
2026-01-22 04:55:59 [INFO]  Data distribution generated correctly using the corrected dirichlet function.
2026-01-22 04:55:59 [INFO]  Total assigned samples: 50000
2026-01-22 04:55:59 [INFO]  OneshotOursV7 with DRCL (ETF Anchors) and Lambda Annealing
2026-01-22 04:56:01 [INFO]  Initialized ETF fixed anchors with shape: torch.Size([100, 512])
2026-01-22 04:56:01 [INFO]  Round 0 starts--------|
2026-01-22 04:56:01 [INFO]  Client 0 Starts Local Trainning--------|
2026-01-22 04:56:09 [INFO]  Using provided lambda_align_initial: 20.0
2026-01-22 04:56:42 [INFO]  Epoch 0 loss: 589.6381568908691; train accuracy: 0.07892271662763466; test accuracy: 0.0136
2026-01-22 04:56:42 [INFO]  Save the model in ./checkpoints/CIFAR100_alpha0.05/local_models/client_0/epoch_0.pth
2026-01-22 04:57:15 [INFO]  Epoch 1 loss: 547.9593887329102; train accuracy: 0.10562060889929742; test accuracy: 0.0188
2026-01-22 04:57:47 [INFO]  Epoch 2 loss: 532.2187442779541; train accuracy: 0.10644028103044496; test accuracy: 0.0197
2026-01-22 04:58:19 [INFO]  Epoch 3 loss: 520.94313621521; train accuracy: 0.08934426229508197; test accuracy: 0.0164
2026-01-22 04:58:51 [INFO]  Epoch 4 loss: 511.1810665130615; train accuracy: 0.08477751756440281; test accuracy: 0.0156
2026-01-22 04:59:23 [INFO]  Epoch 5 loss: 502.1057357788086; train accuracy: 0.13149882903981264; test accuracy: 0.0255
2026-01-22 04:59:23 [INFO]  Save the model in ./checkpoints/CIFAR100_alpha0.05/local_models/client_0/epoch_5.pth
2026-01-22 04:59:56 [INFO]  Epoch 6 loss: 492.89490509033203; train accuracy: 0.13220140515222484; test accuracy: 0.0255
2026-01-22 05:00:28 [INFO]  Epoch 7 loss: 484.08098793029785; train accuracy: 0.09402810304449649; test accuracy: 0.0211
2026-01-22 05:01:01 [INFO]  Epoch 8 loss: 477.7933406829834; train accuracy: 0.1398126463700234; test accuracy: 0.0272
2026-01-22 05:01:33 [INFO]  Epoch 9 loss: 468.2401866912842; train accuracy: 0.15562060889929744; test accuracy: 0.0301
2026-01-22 05:01:33 [INFO]  Client 1 Starts Local Trainning--------|
2026-01-22 05:01:45 [INFO]  Using provided lambda_align_initial: 20.0
2026-01-22 05:02:21 [INFO]  Epoch 0 loss: 668.1495399475098; train accuracy: 0.053719441821424824; test accuracy: 0.0103
2026-01-22 05:02:24 [INFO]  Save the model in ./checkpoints/CIFAR100_alpha0.05/local_models/client_1/epoch_0.pth
2026-01-22 05:03:01 [INFO]  Epoch 1 loss: 616.9728736877441; train accuracy: 0.1324100304270276; test accuracy: 0.0252
2026-01-22 05:03:37 [INFO]  Epoch 2 loss: 600.3142070770264; train accuracy: 0.15738117721120554; test accuracy: 0.0298
2026-01-22 05:04:13 [INFO]  Epoch 3 loss: 587.1349544525146; train accuracy: 0.1419578218445074; test accuracy: 0.0282
2026-01-22 05:04:47 [INFO]  Epoch 4 loss: 577.1330127716064; train accuracy: 0.13797083202182353; test accuracy: 0.0262
2026-01-22 05:05:21 [INFO]  Epoch 5 loss: 566.2281837463379; train accuracy: 0.07554296506137866; test accuracy: 0.0146
2026-01-22 05:05:21 [INFO]  Save the model in ./checkpoints/CIFAR100_alpha0.05/local_models/client_1/epoch_5.pth
2026-01-22 05:05:58 [INFO]  Epoch 6 loss: 556.367998123169; train accuracy: 0.14258734655335223; test accuracy: 0.0269
2026-01-22 05:06:33 [INFO]  Epoch 7 loss: 546.3177852630615; train accuracy: 0.12013429860455356; test accuracy: 0.0237
2026-01-22 05:07:08 [INFO]  Epoch 8 loss: 536.2586250305176; train accuracy: 0.15234497954044696; test accuracy: 0.028
2026-01-22 05:07:44 [INFO]  Epoch 9 loss: 527.3232803344727; train accuracy: 0.1252754170601196; test accuracy: 0.0262
2026-01-22 05:07:44 [INFO]  Client 2 Starts Local Trainning--------|
2026-01-22 05:08:02 [INFO]  Using provided lambda_align_initial: 20.0
2026-01-22 05:08:47 [INFO]  Epoch 0 loss: 837.9954719543457; train accuracy: 0.05171102661596958; test accuracy: 0.0132
2026-01-22 05:08:47 [INFO]  Save the model in ./checkpoints/CIFAR100_alpha0.05/local_models/client_2/epoch_0.pth
2026-01-22 05:09:31 [INFO]  Epoch 1 loss: 779.0176544189453; train accuracy: 0.057625686523024924; test accuracy: 0.0131
2026-01-22 05:10:17 [INFO]  Epoch 2 loss: 757.2931175231934; train accuracy: 0.08956485002112378; test accuracy: 0.0209
2026-01-22 05:11:03 [INFO]  Epoch 3 loss: 739.747652053833; train accuracy: 0.08001689902830587; test accuracy: 0.0206
2026-01-22 05:11:49 [INFO]  Epoch 4 loss: 725.9899158477783; train accuracy: 0.15910435149978877; test accuracy: 0.0441
2026-01-22 05:12:31 [INFO]  Epoch 5 loss: 711.9193801879883; train accuracy: 0.14980988593155894; test accuracy: 0.0384
2026-01-22 05:12:32 [INFO]  Save the model in ./checkpoints/CIFAR100_alpha0.05/local_models/client_2/epoch_5.pth
2026-01-22 05:13:16 [INFO]  Epoch 6 loss: 698.3250350952148; train accuracy: 0.07765103506548374; test accuracy: 0.0204
2026-01-22 05:14:01 [INFO]  Epoch 7 loss: 685.062313079834; train accuracy: 0.19585973806506127; test accuracy: 0.0524
2026-01-22 05:14:46 [INFO]  Epoch 8 loss: 672.6635322570801; train accuracy: 0.1677228559357837; test accuracy: 0.0451
2026-01-22 05:15:33 [INFO]  Epoch 9 loss: 661.1626033782959; train accuracy: 0.1748204478242501; test accuracy: 0.047
2026-01-22 05:15:33 [INFO]  Client 3 Starts Local Trainning--------|
2026-01-22 05:15:46 [INFO]  Using provided lambda_align_initial: 20.0
2026-01-22 05:16:24 [INFO]  Epoch 0 loss: 678.9081535339355; train accuracy: 0.07283464566929133; test accuracy: 0.0155
2026-01-22 05:16:24 [INFO]  Save the model in ./checkpoints/CIFAR100_alpha0.05/local_models/client_3/epoch_0.pth
2026-01-22 05:17:01 [INFO]  Epoch 1 loss: 623.447883605957; train accuracy: 0.07573559883961874; test accuracy: 0.0148
2026-01-22 05:17:37 [INFO]  Epoch 2 loss: 603.6186752319336; train accuracy: 0.1495026937422296; test accuracy: 0.0298
2026-01-22 05:18:15 [INFO]  Epoch 3 loss: 589.1569709777832; train accuracy: 0.14173228346456693; test accuracy: 0.0279
2026-01-22 05:18:51 [INFO]  Epoch 4 loss: 577.6304779052734; train accuracy: 0.17685453791960215; test accuracy: 0.0348
2026-01-22 05:19:29 [INFO]  Epoch 5 loss: 565.8330307006836; train accuracy: 0.16400745959386656; test accuracy: 0.0331
2026-01-22 05:19:29 [INFO]  Save the model in ./checkpoints/CIFAR100_alpha0.05/local_models/client_3/epoch_5.pth
2026-01-22 05:20:06 [INFO]  Epoch 6 loss: 554.5431785583496; train accuracy: 0.21311645254869457; test accuracy: 0.0443
2026-01-22 05:20:42 [INFO]  Epoch 7 loss: 544.3541069030762; train accuracy: 0.12018234562784914; test accuracy: 0.0232
2026-01-22 05:21:17 [INFO]  Epoch 8 loss: 534.8725128173828; train accuracy: 0.2236842105263158; test accuracy: 0.0471
2026-01-22 05:21:52 [INFO]  Epoch 9 loss: 525.767147064209; train accuracy: 0.21477414007459594; test accuracy: 0.0436
2026-01-22 05:21:52 [INFO]  Client 4 Starts Local Trainning--------|
2026-01-22 05:22:03 [INFO]  Using provided lambda_align_initial: 20.0
2026-01-22 05:22:40 [INFO]  Epoch 0 loss: 730.3265914916992; train accuracy: 0.06923960927025474; test accuracy: 0.0146
2026-01-22 05:22:41 [INFO]  Save the model in ./checkpoints/CIFAR100_alpha0.05/local_models/client_4/epoch_0.pth
2026-01-22 05:23:19 [INFO]  Epoch 1 loss: 672.7486896514893; train accuracy: 0.0825512353955181; test accuracy: 0.0152
2026-01-22 05:23:58 [INFO]  Epoch 2 loss: 652.7117977142334; train accuracy: 0.14796016088871863; test accuracy: 0.0298
2026-01-22 05:24:34 [INFO]  Epoch 3 loss: 637.8892192840576; train accuracy: 0.1277533039647577; test accuracy: 0.0252
2026-01-22 05:25:13 [INFO]  Epoch 4 loss: 624.829122543335; train accuracy: 0.17994637042712125; test accuracy: 0.0382
2026-01-22 05:25:51 [INFO]  Epoch 5 loss: 612.2907199859619; train accuracy: 0.14661942156674967; test accuracy: 0.0308
2026-01-22 05:25:52 [INFO]  Save the model in ./checkpoints/CIFAR100_alpha0.05/local_models/client_4/epoch_5.pth
2026-01-22 05:26:31 [INFO]  Epoch 6 loss: 601.6242485046387; train accuracy: 0.16529400497988891; test accuracy: 0.0348
2026-01-22 05:27:08 [INFO]  Epoch 7 loss: 590.7249641418457; train accuracy: 0.22639341122390347; test accuracy: 0.0491
2026-01-22 05:27:46 [INFO]  Epoch 8 loss: 579.2472743988037; train accuracy: 0.16950775713464852; test accuracy: 0.0368
2026-01-22 05:28:23 [INFO]  Epoch 9 loss: 570.2238159179688; train accuracy: 0.2325225052671902; test accuracy: 0.0484
2026-01-22 05:28:23 [INFO]  Round 0 Finish--------|
2026-01-22 05:28:23 [INFO]  Model variance: mean: 0.0016834464622661471, sum: 18888.32421875
2026-01-22 05:28:23 [INFO]  g_protos_std (global internal): 0.977432
2026-01-22 05:28:23 [INFO]  inter_client_proto_std (cross-client): 0.018280
2026-01-22 05:28:23 [INFO]  g_protos_std (global internal): 0.977432
2026-01-22 05:28:23 [INFO]  inter_client_proto_std (cross-client): 0.018280
2026-01-22 05:28:23 [INFO]  V7 Training | Using Simple Feature-level Server.
2026-01-22 05:28:29 [INFO]  The test accuracy of OursV7+SimpleFeatureServer: 0.1389
2026-01-22 05:28:29 [INFO]  Save config to ./checkpoints/CIFAR100_alpha0.05/baselines_OursV7+SimpleFeatureServer_CIFAR10_results.yaml
2026-01-22 05:28:29 [INFO]  Round 1 starts--------|
2026-01-22 05:28:29 [INFO]  Client 0 Starts Local Trainning--------|
2026-01-22 05:28:29 [INFO]  Using provided lambda_align_initial: 20.0
2026-01-22 05:29:01 [INFO]  Epoch 10 loss: 461.1360397338867; train accuracy: 0.22540983606557377; test accuracy: 0.0418
2026-01-22 05:29:02 [INFO]  Save the model in ./checkpoints/CIFAR100_alpha0.05/local_models/client_0/epoch_10.pth
2026-01-22 05:29:33 [INFO]  Epoch 11 loss: 454.59530448913574; train accuracy: 0.19508196721311474; test accuracy: 0.0372
2026-01-22 05:30:06 [INFO]  Epoch 12 loss: 448.8567409515381; train accuracy: 0.1968384074941452; test accuracy: 0.0381
2026-01-22 05:30:36 [INFO]  Epoch 13 loss: 441.9699649810791; train accuracy: 0.1971896955503513; test accuracy: 0.038
2026-01-22 05:31:07 [INFO]  Epoch 14 loss: 434.99242210388184; train accuracy: 0.1812646370023419; test accuracy: 0.0351
2026-01-22 05:31:39 [INFO]  Epoch 15 loss: 428.2429141998291; train accuracy: 0.21920374707259954; test accuracy: 0.0427
2026-01-22 05:31:39 [INFO]  Save the model in ./checkpoints/CIFAR100_alpha0.05/local_models/client_0/epoch_15.pth
2026-01-22 05:32:10 [INFO]  Epoch 16 loss: 421.3816337585449; train accuracy: 0.22295081967213115; test accuracy: 0.0429
2026-01-22 05:32:41 [INFO]  Epoch 17 loss: 416.43129539489746; train accuracy: 0.1581967213114754; test accuracy: 0.0281
2026-01-22 05:33:12 [INFO]  Epoch 18 loss: 410.55045890808105; train accuracy: 0.234192037470726; test accuracy: 0.0434
2026-01-22 05:33:43 [INFO]  Epoch 19 loss: 404.46471786499023; train accuracy: 0.20140515222482436; test accuracy: 0.0387
2026-01-22 05:33:43 [INFO]  Client 1 Starts Local Trainning--------|
2026-01-22 05:33:43 [INFO]  Using provided lambda_align_initial: 20.0
2026-01-22 05:34:19 [INFO]  Epoch 10 loss: 518.8414096832275; train accuracy: 0.14751862343930333; test accuracy: 0.0289
2026-01-22 05:34:19 [INFO]  Save the model in ./checkpoints/CIFAR100_alpha0.05/local_models/client_1/epoch_10.pth
2026-01-22 05:34:52 [INFO]  Epoch 11 loss: 512.4444828033447; train accuracy: 0.14048893085720282; test accuracy: 0.0296
2026-01-22 05:35:25 [INFO]  Epoch 12 loss: 504.2087593078613; train accuracy: 0.11614730878186968; test accuracy: 0.0251
2026-01-22 05:35:59 [INFO]  Epoch 13 loss: 496.60362243652344; train accuracy: 0.1252754170601196; test accuracy: 0.0255
2026-01-22 05:36:33 [INFO]  Epoch 14 loss: 488.77581787109375; train accuracy: 0.1808834330080789; test accuracy: 0.0388
2026-01-22 05:37:09 [INFO]  Epoch 15 loss: 481.5224380493164; train accuracy: 0.1480432273633407; test accuracy: 0.0311
2026-01-22 05:37:09 [INFO]  Save the model in ./checkpoints/CIFAR100_alpha0.05/local_models/client_1/epoch_15.pth
2026-01-22 05:37:44 [INFO]  Epoch 16 loss: 474.34631156921387; train accuracy: 0.18917217500786906; test accuracy: 0.0368
2026-01-22 05:38:18 [INFO]  Epoch 17 loss: 467.1174850463867; train accuracy: 0.2475081313608226; test accuracy: 0.05
2026-01-22 05:38:53 [INFO]  Epoch 18 loss: 460.1335048675537; train accuracy: 0.19525758052670233; test accuracy: 0.039
2026-01-22 05:39:28 [INFO]  Epoch 19 loss: 452.39906883239746; train accuracy: 0.253173853740426; test accuracy: 0.0504
2026-01-22 05:39:28 [INFO]  Client 2 Starts Local Trainning--------|
2026-01-22 05:39:28 [INFO]  Using provided lambda_align_initial: 20.0
2026-01-22 05:40:11 [INFO]  Epoch 10 loss: 649.3297138214111; train accuracy: 0.20752006759611322; test accuracy: 0.0582
2026-01-22 05:40:12 [INFO]  Save the model in ./checkpoints/CIFAR100_alpha0.05/local_models/client_2/epoch_10.pth
2026-01-22 05:40:55 [INFO]  Epoch 11 loss: 640.3651218414307; train accuracy: 0.21867342627798902; test accuracy: 0.0581
2026-01-22 05:41:39 [INFO]  Epoch 12 loss: 629.8418922424316; train accuracy: 0.22881284326151247; test accuracy: 0.061
2026-01-22 05:42:23 [INFO]  Epoch 13 loss: 619.3613796234131; train accuracy: 0.2615124630333756; test accuracy: 0.0681
2026-01-22 05:43:04 [INFO]  Epoch 14 loss: 609.698055267334; train accuracy: 0.27427122940430926; test accuracy: 0.0741
2026-01-22 05:43:47 [INFO]  Epoch 15 loss: 598.5431976318359; train accuracy: 0.23979721166032952; test accuracy: 0.0655
2026-01-22 05:43:47 [INFO]  Save the model in ./checkpoints/CIFAR100_alpha0.05/local_models/client_2/epoch_15.pth
2026-01-22 05:44:31 [INFO]  Epoch 16 loss: 591.8910026550293; train accuracy: 0.24148711449091678; test accuracy: 0.0648
2026-01-22 05:45:13 [INFO]  Epoch 17 loss: 582.8492279052734; train accuracy: 0.263709336713139; test accuracy: 0.0711
2026-01-22 05:45:55 [INFO]  Epoch 18 loss: 573.4008255004883; train accuracy: 0.2533164343050275; test accuracy: 0.0666
2026-01-22 05:46:37 [INFO]  Epoch 19 loss: 564.4256839752197; train accuracy: 0.2772285593578369; test accuracy: 0.0746
2026-01-22 05:46:37 [INFO]  Client 3 Starts Local Trainning--------|
2026-01-22 05:46:37 [INFO]  Using provided lambda_align_initial: 20.0
2026-01-22 05:47:12 [INFO]  Epoch 10 loss: 516.4797439575195; train accuracy: 0.22990053874844593; test accuracy: 0.0505
2026-01-22 05:47:12 [INFO]  Save the model in ./checkpoints/CIFAR100_alpha0.05/local_models/client_3/epoch_10.pth
2026-01-22 05:47:47 [INFO]  Epoch 11 loss: 511.41680335998535; train accuracy: 0.17571487774554498; test accuracy: 0.0398
2026-01-22 05:48:21 [INFO]  Epoch 12 loss: 503.0239849090576; train accuracy: 0.19519270617488604; test accuracy: 0.0425
2026-01-22 05:48:55 [INFO]  Epoch 13 loss: 493.9696922302246; train accuracy: 0.22762121840033153; test accuracy: 0.0489
2026-01-22 05:49:27 [INFO]  Epoch 14 loss: 486.4170570373535; train accuracy: 0.2444053046000829; test accuracy: 0.0494
2026-01-22 05:49:58 [INFO]  Epoch 15 loss: 479.6221122741699; train accuracy: 0.23870700372979695; test accuracy: 0.0518
2026-01-22 05:49:58 [INFO]  Save the model in ./checkpoints/CIFAR100_alpha0.05/local_models/client_3/epoch_15.pth
2026-01-22 05:50:31 [INFO]  Epoch 16 loss: 472.4204578399658; train accuracy: 0.2570451719850808; test accuracy: 0.0553
2026-01-22 05:51:02 [INFO]  Epoch 17 loss: 465.23241424560547; train accuracy: 0.22855366763365106; test accuracy: 0.0488
2026-01-22 05:51:34 [INFO]  Epoch 18 loss: 458.6700210571289; train accuracy: 0.23901782014090345; test accuracy: 0.0551
2026-01-22 05:52:07 [INFO]  Epoch 19 loss: 450.5271987915039; train accuracy: 0.2713427268959801; test accuracy: 0.0618
2026-01-22 05:52:07 [INFO]  Client 4 Starts Local Trainning--------|
2026-01-22 05:52:07 [INFO]  Using provided lambda_align_initial: 20.0
2026-01-22 05:52:39 [INFO]  Epoch 10 loss: 560.9653224945068; train accuracy: 0.2761923003256081; test accuracy: 0.0597
2026-01-22 05:52:40 [INFO]  Save the model in ./checkpoints/CIFAR100_alpha0.05/local_models/client_4/epoch_10.pth
2026-01-22 05:53:13 [INFO]  Epoch 11 loss: 553.7880344390869; train accuracy: 0.24458915916491095; test accuracy: 0.0524
2026-01-22 05:53:46 [INFO]  Epoch 12 loss: 545.2322845458984; train accuracy: 0.28787588584562346; test accuracy: 0.0612
2026-01-22 05:54:19 [INFO]  Epoch 13 loss: 535.509687423706; train accuracy: 0.32302240950009575; test accuracy: 0.0673
2026-01-22 05:54:53 [INFO]  Epoch 14 loss: 527.9029331207275; train accuracy: 0.29659069143842176; test accuracy: 0.0621
2026-01-22 05:55:25 [INFO]  Epoch 15 loss: 519.2353706359863; train accuracy: 0.3402604864968397; test accuracy: 0.0725
2026-01-22 05:55:25 [INFO]  Save the model in ./checkpoints/CIFAR100_alpha0.05/local_models/client_4/epoch_15.pth
2026-01-22 05:55:58 [INFO]  Epoch 16 loss: 509.71123123168945; train accuracy: 0.33346102279256845; test accuracy: 0.0714
2026-01-22 05:56:31 [INFO]  Epoch 17 loss: 501.60320472717285; train accuracy: 0.3481133882398008; test accuracy: 0.0765
2026-01-22 05:57:01 [INFO]  Epoch 18 loss: 494.64362144470215; train accuracy: 0.3727255315073741; test accuracy: 0.0807
2026-01-22 05:57:33 [INFO]  Epoch 19 loss: 486.08421897888184; train accuracy: 0.3319287492817468; test accuracy: 0.0739
2026-01-22 05:57:33 [INFO]  Round 1 Finish--------|
2026-01-22 05:57:33 [INFO]  Model variance: mean: 0.0023253813851624727, sum: 26090.85546875
2026-01-22 05:57:33 [INFO]  g_protos_std (global internal): 0.966943
2026-01-22 05:57:33 [INFO]  inter_client_proto_std (cross-client): 0.030617
2026-01-22 05:57:33 [INFO]  g_protos_std (global internal): 0.966943
2026-01-22 05:57:33 [INFO]  inter_client_proto_std (cross-client): 0.030617
2026-01-22 05:57:33 [INFO]  V7 Training | Using Simple Feature-level Server.
2026-01-22 05:57:38 [INFO]  The test accuracy of OursV7+SimpleFeatureServer: 0.2229
2026-01-22 05:57:38 [INFO]  Save config to ./checkpoints/CIFAR100_alpha0.05/baselines_OursV7+SimpleFeatureServer_CIFAR10_results.yaml
2026-01-22 05:57:38 [INFO]  Round 2 starts--------|
2026-01-22 05:57:38 [INFO]  Client 0 Starts Local Trainning--------|
2026-01-22 05:57:38 [INFO]  Using provided lambda_align_initial: 20.0
2026-01-22 05:58:05 [INFO]  Epoch 20 loss: 398.874906539917; train accuracy: 0.2975409836065574; test accuracy: 0.0543
2026-01-22 05:58:06 [INFO]  Save the model in ./checkpoints/CIFAR100_alpha0.05/local_models/client_0/epoch_20.pth
2026-01-22 05:58:32 [INFO]  Epoch 21 loss: 394.4175262451172; train accuracy: 0.2752927400468384; test accuracy: 0.0506
2026-01-22 05:58:59 [INFO]  Epoch 22 loss: 389.27452850341797; train accuracy: 0.21674473067915692; test accuracy: 0.0406
2026-01-22 05:59:24 [INFO]  Epoch 23 loss: 383.0492916107178; train accuracy: 0.2930913348946136; test accuracy: 0.0537
2026-01-22 05:59:51 [INFO]  Epoch 24 loss: 377.6752510070801; train accuracy: 0.26920374707259953; test accuracy: 0.0459
2026-01-22 06:00:17 [INFO]  Epoch 25 loss: 372.10046005249023; train accuracy: 0.2247072599531616; test accuracy: 0.0417
2026-01-22 06:00:17 [INFO]  Save the model in ./checkpoints/CIFAR100_alpha0.05/local_models/client_0/epoch_25.pth
2026-01-22 06:00:44 [INFO]  Epoch 26 loss: 367.53299713134766; train accuracy: 0.2781030444964871; test accuracy: 0.0512
2026-01-22 06:01:11 [INFO]  Epoch 27 loss: 362.6628532409668; train accuracy: 0.20901639344262296; test accuracy: 0.0385
2026-01-22 06:01:38 [INFO]  Epoch 28 loss: 357.830041885376; train accuracy: 0.28489461358313817; test accuracy: 0.0527
2026-01-22 06:02:04 [INFO]  Epoch 29 loss: 352.33192253112793; train accuracy: 0.26381733021077286; test accuracy: 0.0479
2026-01-22 06:02:04 [INFO]  Client 1 Starts Local Trainning--------|
2026-01-22 06:02:04 [INFO]  Using provided lambda_align_initial: 20.0
2026-01-22 06:02:35 [INFO]  Epoch 20 loss: 445.5073986053467; train accuracy: 0.18612947224845242; test accuracy: 0.0374
2026-01-22 06:02:35 [INFO]  Save the model in ./checkpoints/CIFAR100_alpha0.05/local_models/client_1/epoch_20.pth
2026-01-22 06:03:04 [INFO]  Epoch 21 loss: 440.7203617095947; train accuracy: 0.23302906305739166; test accuracy: 0.0464
2026-01-22 06:03:34 [INFO]  Epoch 22 loss: 435.0102348327637; train accuracy: 0.2661840310565523; test accuracy: 0.0508
2026-01-22 06:04:03 [INFO]  Epoch 23 loss: 429.0917625427246; train accuracy: 0.19095582834959607; test accuracy: 0.0416
2026-01-22 06:04:29 [INFO]  Epoch 24 loss: 422.9324035644531; train accuracy: 0.3784492708005456; test accuracy: 0.0777
2026-01-22 06:04:57 [INFO]  Epoch 25 loss: 416.8054504394531; train accuracy: 0.3273528485993075; test accuracy: 0.0677
2026-01-22 06:04:57 [INFO]  Save the model in ./checkpoints/CIFAR100_alpha0.05/local_models/client_1/epoch_25.pth
2026-01-22 06:05:26 [INFO]  Epoch 26 loss: 410.81991958618164; train accuracy: 0.3604028958136607; test accuracy: 0.0752
2026-01-22 06:05:56 [INFO]  Epoch 27 loss: 405.2247714996338; train accuracy: 0.29209946490399746; test accuracy: 0.059
2026-01-22 06:06:25 [INFO]  Epoch 28 loss: 399.16354179382324; train accuracy: 0.2845451683978596; test accuracy: 0.0594
2026-01-22 06:06:55 [INFO]  Epoch 29 loss: 393.71722984313965; train accuracy: 0.32871681880180464; test accuracy: 0.0662
2026-01-22 06:06:55 [INFO]  Client 2 Starts Local Trainning--------|
2026-01-22 06:06:55 [INFO]  Using provided lambda_align_initial: 20.0
2026-01-22 06:07:29 [INFO]  Epoch 20 loss: 554.5455703735352; train accuracy: 0.28762146176594844; test accuracy: 0.0715
2026-01-22 06:07:29 [INFO]  Save the model in ./checkpoints/CIFAR100_alpha0.05/local_models/client_2/epoch_20.pth
2026-01-22 06:08:04 [INFO]  Epoch 21 loss: 547.2990207672119; train accuracy: 0.2867765103506548; test accuracy: 0.0743
2026-01-22 06:08:39 [INFO]  Epoch 22 loss: 541.4882640838623; train accuracy: 0.3068018588931136; test accuracy: 0.0821
2026-01-22 06:09:14 [INFO]  Epoch 23 loss: 532.6459980010986; train accuracy: 0.3531896915927334; test accuracy: 0.0912
2026-01-22 06:09:50 [INFO]  Epoch 24 loss: 525.3128833770752; train accuracy: 0.34195183776932825; test accuracy: 0.087
2026-01-22 06:10:25 [INFO]  Epoch 25 loss: 517.3378047943115; train accuracy: 0.32260245035910434; test accuracy: 0.0838
2026-01-22 06:10:26 [INFO]  Save the model in ./checkpoints/CIFAR100_alpha0.05/local_models/client_2/epoch_25.pth
2026-01-22 06:11:00 [INFO]  Epoch 26 loss: 511.05615043640137; train accuracy: 0.32412336290663285; test accuracy: 0.0871
2026-01-22 06:11:34 [INFO]  Epoch 27 loss: 503.113489151001; train accuracy: 0.33510773130544996; test accuracy: 0.087
2026-01-22 06:12:10 [INFO]  Epoch 28 loss: 495.63758277893066; train accuracy: 0.36628643852978454; test accuracy: 0.0972
2026-01-22 06:12:45 [INFO]  Epoch 29 loss: 489.77855491638184; train accuracy: 0.3659484579636671; test accuracy: 0.0932
2026-01-22 06:12:45 [INFO]  Client 3 Starts Local Trainning--------|
2026-01-22 06:12:45 [INFO]  Using provided lambda_align_initial: 20.0
2026-01-22 06:13:13 [INFO]  Epoch 20 loss: 443.4981880187988; train accuracy: 0.3121632822213013; test accuracy: 0.0675
2026-01-22 06:13:13 [INFO]  Save the model in ./checkpoints/CIFAR100_alpha0.05/local_models/client_3/epoch_20.pth
2026-01-22 06:13:41 [INFO]  Epoch 21 loss: 438.82728385925293; train accuracy: 0.29765851636966434; test accuracy: 0.067
2026-01-22 06:14:09 [INFO]  Epoch 22 loss: 432.4683132171631; train accuracy: 0.2707210940737671; test accuracy: 0.0565
2026-01-22 06:14:37 [INFO]  Epoch 23 loss: 426.0092887878418; train accuracy: 0.29413593037712393; test accuracy: 0.0623
2026-01-22 06:15:04 [INFO]  Epoch 24 loss: 419.36666679382324; train accuracy: 0.24668462494819726; test accuracy: 0.0555
2026-01-22 06:15:33 [INFO]  Epoch 25 loss: 414.3251495361328; train accuracy: 0.3423124740986324; test accuracy: 0.073
2026-01-22 06:15:33 [INFO]  Save the model in ./checkpoints/CIFAR100_alpha0.05/local_models/client_3/epoch_25.pth
2026-01-22 06:16:02 [INFO]  Epoch 26 loss: 407.8140869140625; train accuracy: 0.282117695814339; test accuracy: 0.0611
2026-01-22 06:16:32 [INFO]  Epoch 27 loss: 402.5942802429199; train accuracy: 0.3028387898881061; test accuracy: 0.063
2026-01-22 06:17:01 [INFO]  Epoch 28 loss: 396.22803688049316; train accuracy: 0.2969332780770825; test accuracy: 0.0637
2026-01-22 06:17:30 [INFO]  Epoch 29 loss: 390.55183029174805; train accuracy: 0.2964152507252383; test accuracy: 0.0636
2026-01-22 06:17:30 [INFO]  Client 4 Starts Local Trainning--------|
2026-01-22 06:17:30 [INFO]  Using provided lambda_align_initial: 20.0
2026-01-22 06:18:02 [INFO]  Epoch 20 loss: 479.1771640777588; train accuracy: 0.45996935452978355; test accuracy: 0.1004
2026-01-22 06:18:02 [INFO]  Save the model in ./checkpoints/CIFAR100_alpha0.05/local_models/client_4/epoch_20.pth
2026-01-22 06:18:33 [INFO]  Epoch 21 loss: 472.3775691986084; train accuracy: 0.3189044244397625; test accuracy: 0.0694
2026-01-22 06:19:02 [INFO]  Epoch 22 loss: 464.9122886657715; train accuracy: 0.3837387473664049; test accuracy: 0.0837
2026-01-22 06:19:32 [INFO]  Epoch 23 loss: 458.80316734313965; train accuracy: 0.3610419459873587; test accuracy: 0.0785
2026-01-22 06:20:02 [INFO]  Epoch 24 loss: 451.2627639770508; train accuracy: 0.42568473472514845; test accuracy: 0.0934
2026-01-22 06:20:33 [INFO]  Epoch 25 loss: 445.43409538269043; train accuracy: 0.3568281938325991; test accuracy: 0.0817
2026-01-22 06:20:34 [INFO]  Save the model in ./checkpoints/CIFAR100_alpha0.05/local_models/client_4/epoch_25.pth
2026-01-22 06:21:05 [INFO]  Epoch 26 loss: 438.00493240356445; train accuracy: 0.40413713847921856; test accuracy: 0.0892
2026-01-22 06:21:37 [INFO]  Epoch 27 loss: 431.67505264282227; train accuracy: 0.40174296111855967; test accuracy: 0.0895
2026-01-22 06:22:06 [INFO]  Epoch 28 loss: 425.29148864746094; train accuracy: 0.43870905956713274; test accuracy: 0.0976
2026-01-22 06:22:37 [INFO]  Epoch 29 loss: 419.99341583251953; train accuracy: 0.4675349549894656; test accuracy: 0.1038
2026-01-22 06:22:37 [INFO]  Round 2 Finish--------|
2026-01-22 06:22:37 [INFO]  Model variance: mean: 0.002860012464225292, sum: 32089.43359375
2026-01-22 06:22:37 [INFO]  g_protos_std (global internal): 0.958711
2026-01-22 06:22:37 [INFO]  inter_client_proto_std (cross-client): 0.040270
2026-01-22 06:22:37 [INFO]  g_protos_std (global internal): 0.958711
2026-01-22 06:22:37 [INFO]  inter_client_proto_std (cross-client): 0.040270
2026-01-22 06:22:37 [INFO]  V7 Training | Using Simple Feature-level Server.
2026-01-22 06:22:42 [INFO]  The test accuracy of OursV7+SimpleFeatureServer: 0.2697
2026-01-22 06:22:42 [INFO]  Save config to ./checkpoints/CIFAR100_alpha0.05/baselines_OursV7+SimpleFeatureServer_CIFAR10_results.yaml
2026-01-22 06:22:42 [INFO]  Round 3 starts--------|
2026-01-22 06:22:42 [INFO]  Client 0 Starts Local Trainning--------|
2026-01-22 06:22:42 [INFO]  Using provided lambda_align_initial: 20.0
2026-01-22 06:23:06 [INFO]  Epoch 30 loss: 347.2754211425781; train accuracy: 0.28501170960187355; test accuracy: 0.0525
2026-01-22 06:23:07 [INFO]  Save the model in ./checkpoints/CIFAR100_alpha0.05/local_models/client_0/epoch_30.pth
2026-01-22 06:23:33 [INFO]  Epoch 31 loss: 343.3403034210205; train accuracy: 0.3370023419203747; test accuracy: 0.0636
2026-01-22 06:24:00 [INFO]  Epoch 32 loss: 338.74713134765625; train accuracy: 0.29929742388758784; test accuracy: 0.0553
2026-01-22 06:24:27 [INFO]  Epoch 33 loss: 334.30297660827637; train accuracy: 0.3545667447306792; test accuracy: 0.0686
2026-01-22 06:24:55 [INFO]  Epoch 34 loss: 329.87211418151855; train accuracy: 0.3250585480093677; test accuracy: 0.0624
2026-01-22 06:25:22 [INFO]  Epoch 35 loss: 325.61875915527344; train accuracy: 0.3357142857142857; test accuracy: 0.0593
2026-01-22 06:25:22 [INFO]  Save the model in ./checkpoints/CIFAR100_alpha0.05/local_models/client_0/epoch_35.pth
2026-01-22 06:25:48 [INFO]  Epoch 36 loss: 320.3882369995117; train accuracy: 0.3881733021077283; test accuracy: 0.0733
2026-01-22 06:26:11 [INFO]  Epoch 37 loss: 317.7900085449219; train accuracy: 0.3152224824355972; test accuracy: 0.0576
2026-01-22 06:26:37 [INFO]  Epoch 38 loss: 312.18190574645996; train accuracy: 0.36311475409836064; test accuracy: 0.0661
2026-01-22 06:27:03 [INFO]  Epoch 39 loss: 308.0316696166992; train accuracy: 0.30995316159250585; test accuracy: 0.0581
2026-01-22 06:27:03 [INFO]  Client 1 Starts Local Trainning--------|
2026-01-22 06:27:03 [INFO]  Using provided lambda_align_initial: 20.0
2026-01-22 06:27:31 [INFO]  Epoch 30 loss: 387.2461109161377; train accuracy: 0.421152030217186; test accuracy: 0.0868
2026-01-22 06:27:32 [INFO]  Save the model in ./checkpoints/CIFAR100_alpha0.05/local_models/client_1/epoch_30.pth
2026-01-22 06:28:00 [INFO]  Epoch 31 loss: 383.6917667388916; train accuracy: 0.3021718602455146; test accuracy: 0.0626
2026-01-22 06:28:29 [INFO]  Epoch 32 loss: 377.7623519897461; train accuracy: 0.36690798447172385; test accuracy: 0.0732
2026-01-22 06:28:58 [INFO]  Epoch 33 loss: 372.50800704956055; train accuracy: 0.3529535200923303; test accuracy: 0.0726
2026-01-22 06:29:24 [INFO]  Epoch 34 loss: 368.8916530609131; train accuracy: 0.2987094743468681; test accuracy: 0.062
2026-01-22 06:29:54 [INFO]  Epoch 35 loss: 362.4923610687256; train accuracy: 0.39523659636974084; test accuracy: 0.0805
2026-01-22 06:29:54 [INFO]  Save the model in ./checkpoints/CIFAR100_alpha0.05/local_models/client_1/epoch_35.pth
2026-01-22 06:30:23 [INFO]  Epoch 36 loss: 358.1724281311035; train accuracy: 0.40226628895184136; test accuracy: 0.0814
2026-01-22 06:30:51 [INFO]  Epoch 37 loss: 353.10066986083984; train accuracy: 0.3807575280663099; test accuracy: 0.0776
2026-01-22 06:31:20 [INFO]  Epoch 38 loss: 347.28809928894043; train accuracy: 0.3702654495855629; test accuracy: 0.077
2026-01-22 06:31:49 [INFO]  Epoch 39 loss: 343.2066173553467; train accuracy: 0.3848494386738013; test accuracy: 0.0798
2026-01-22 06:31:49 [INFO]  Client 2 Starts Local Trainning--------|
2026-01-22 06:31:49 [INFO]  Using provided lambda_align_initial: 20.0
2026-01-22 06:32:24 [INFO]  Epoch 30 loss: 480.8627414703369; train accuracy: 0.42864385297845375; test accuracy: 0.107
2026-01-22 06:32:24 [INFO]  Save the model in ./checkpoints/CIFAR100_alpha0.05/local_models/client_2/epoch_30.pth
2026-01-22 06:32:59 [INFO]  Epoch 31 loss: 476.9931221008301; train accuracy: 0.4196873679763414; test accuracy: 0.1118
2026-01-22 06:33:36 [INFO]  Epoch 32 loss: 469.25786781311035; train accuracy: 0.3268272074355725; test accuracy: 0.0842
2026-01-22 06:34:10 [INFO]  Epoch 33 loss: 463.3879108428955; train accuracy: 0.3876637093367131; test accuracy: 0.1002
2026-01-22 06:34:46 [INFO]  Epoch 34 loss: 456.7834529876709; train accuracy: 0.4387832699619772; test accuracy: 0.1154
2026-01-22 06:35:21 [INFO]  Epoch 35 loss: 450.6519012451172; train accuracy: 0.43177017321504013; test accuracy: 0.1081
2026-01-22 06:35:24 [INFO]  Save the model in ./checkpoints/CIFAR100_alpha0.05/local_models/client_2/epoch_35.pth
2026-01-22 06:36:00 [INFO]  Epoch 36 loss: 445.1629753112793; train accuracy: 0.39433882551753274; test accuracy: 0.1033
2026-01-22 06:36:34 [INFO]  Epoch 37 loss: 438.68829917907715; train accuracy: 0.4768905787917195; test accuracy: 0.1204
2026-01-22 06:37:08 [INFO]  Epoch 38 loss: 432.8578243255615; train accuracy: 0.4024503591043515; test accuracy: 0.1036
2026-01-22 06:37:43 [INFO]  Epoch 39 loss: 425.97476959228516; train accuracy: 0.3884241656104774; test accuracy: 0.1023
2026-01-22 06:37:43 [INFO]  Client 3 Starts Local Trainning--------|
2026-01-22 06:37:43 [INFO]  Using provided lambda_align_initial: 20.0
2026-01-22 06:38:10 [INFO]  Epoch 30 loss: 385.32997703552246; train accuracy: 0.3508081226688769; test accuracy: 0.0777
2026-01-22 06:38:10 [INFO]  Save the model in ./checkpoints/CIFAR100_alpha0.05/local_models/client_3/epoch_30.pth
2026-01-22 06:38:40 [INFO]  Epoch 31 loss: 380.3070945739746; train accuracy: 0.31527144633236637; test accuracy: 0.0659
2026-01-22 06:39:08 [INFO]  Epoch 32 loss: 375.84758377075195; train accuracy: 0.3116452548694571; test accuracy: 0.0666
2026-01-22 06:39:39 [INFO]  Epoch 33 loss: 370.5805072784424; train accuracy: 0.2935142975549109; test accuracy: 0.0607
2026-01-22 06:40:09 [INFO]  Epoch 34 loss: 365.5110111236572; train accuracy: 0.33744301699129714; test accuracy: 0.072
2026-01-22 06:40:38 [INFO]  Epoch 35 loss: 360.2634048461914; train accuracy: 0.3156858682138417; test accuracy: 0.0688
2026-01-22 06:40:39 [INFO]  Save the model in ./checkpoints/CIFAR100_alpha0.05/local_models/client_3/epoch_35.pth
2026-01-22 06:41:08 [INFO]  Epoch 36 loss: 355.4027633666992; train accuracy: 0.2925818483215914; test accuracy: 0.0663
2026-01-22 06:41:36 [INFO]  Epoch 37 loss: 351.10458183288574; train accuracy: 0.33837546622461667; test accuracy: 0.0747
2026-01-22 06:42:04 [INFO]  Epoch 38 loss: 345.6365966796875; train accuracy: 0.3458350600911728; test accuracy: 0.0751
2026-01-22 06:42:34 [INFO]  Epoch 39 loss: 341.036922454834; train accuracy: 0.3157894736842105; test accuracy: 0.0739
2026-01-22 06:42:34 [INFO]  Client 4 Starts Local Trainning--------|
2026-01-22 06:42:34 [INFO]  Using provided lambda_align_initial: 20.0
2026-01-22 06:43:04 [INFO]  Epoch 30 loss: 412.77494621276855; train accuracy: 0.44378471557172955; test accuracy: 0.0968
2026-01-22 06:43:05 [INFO]  Save the model in ./checkpoints/CIFAR100_alpha0.05/local_models/client_4/epoch_30.pth
2026-01-22 06:43:36 [INFO]  Epoch 31 loss: 408.3564643859863; train accuracy: 0.47490902126029494; test accuracy: 0.1093
2026-01-22 06:44:06 [INFO]  Epoch 32 loss: 403.1014289855957; train accuracy: 0.4027006320628232; test accuracy: 0.0881
2026-01-22 06:44:37 [INFO]  Epoch 33 loss: 395.0851345062256; train accuracy: 0.4920513311626125; test accuracy: 0.1089
2026-01-22 06:45:08 [INFO]  Epoch 34 loss: 390.8614616394043; train accuracy: 0.413426546638575; test accuracy: 0.0908
2026-01-22 06:45:40 [INFO]  Epoch 35 loss: 386.3134822845459; train accuracy: 0.4866883738747366; test accuracy: 0.11
2026-01-22 06:45:40 [INFO]  Save the model in ./checkpoints/CIFAR100_alpha0.05/local_models/client_4/epoch_35.pth
2026-01-22 06:46:12 [INFO]  Epoch 36 loss: 379.18543434143066; train accuracy: 0.5071825320819766; test accuracy: 0.1127
2026-01-22 06:46:43 [INFO]  Epoch 37 loss: 373.70398712158203; train accuracy: 0.5048841218157442; test accuracy: 0.115
2026-01-22 06:47:14 [INFO]  Epoch 38 loss: 368.8967933654785; train accuracy: 0.4964566175062249; test accuracy: 0.1103
2026-01-22 06:47:44 [INFO]  Epoch 39 loss: 363.1618900299072; train accuracy: 0.43392070484581496; test accuracy: 0.0985
2026-01-22 06:47:44 [INFO]  Round 3 Finish--------|
2026-01-22 06:47:44 [INFO]  Model variance: mean: 0.003328604158014059, sum: 37347.046875
2026-01-22 06:47:44 [INFO]  g_protos_std (global internal): 0.952035
2026-01-22 06:47:44 [INFO]  inter_client_proto_std (cross-client): 0.048110
2026-01-22 06:47:44 [INFO]  g_protos_std (global internal): 0.952035
2026-01-22 06:47:44 [INFO]  inter_client_proto_std (cross-client): 0.048110
2026-01-22 06:47:44 [INFO]  V7 Training | Using Simple Feature-level Server.
2026-01-22 06:47:49 [INFO]  The test accuracy of OursV7+SimpleFeatureServer: 0.3068
2026-01-22 06:47:49 [INFO]  Save config to ./checkpoints/CIFAR100_alpha0.05/baselines_OursV7+SimpleFeatureServer_CIFAR10_results.yaml
2026-01-22 06:47:49 [INFO]  Round 4 starts--------|
2026-01-22 06:47:49 [INFO]  Client 0 Starts Local Trainning--------|
2026-01-22 06:47:49 [INFO]  Using provided lambda_align_initial: 20.0
2026-01-22 06:48:15 [INFO]  Epoch 40 loss: 302.6739978790283; train accuracy: 0.4336065573770492; test accuracy: 0.0816
2026-01-22 06:48:16 [INFO]  Save the model in ./checkpoints/CIFAR100_alpha0.05/local_models/client_0/epoch_40.pth
2026-01-22 06:48:42 [INFO]  Epoch 41 loss: 300.08764839172363; train accuracy: 0.38559718969555035; test accuracy: 0.0711
2026-01-22 06:49:09 [INFO]  Epoch 42 loss: 296.1986656188965; train accuracy: 0.4139344262295082; test accuracy: 0.0755
2026-01-22 06:49:37 [INFO]  Epoch 43 loss: 291.79129791259766; train accuracy: 0.3001170960187354; test accuracy: 0.0584
2026-01-22 06:50:05 [INFO]  Epoch 44 loss: 289.0833263397217; train accuracy: 0.3583138173302108; test accuracy: 0.0648
2026-01-22 06:50:32 [INFO]  Epoch 45 loss: 284.7061290740967; train accuracy: 0.361943793911007; test accuracy: 0.0677
2026-01-22 06:50:33 [INFO]  Save the model in ./checkpoints/CIFAR100_alpha0.05/local_models/client_0/epoch_45.pth
2026-01-22 06:51:00 [INFO]  Epoch 46 loss: 281.45153045654297; train accuracy: 0.40398126463700235; test accuracy: 0.0759
2026-01-22 06:51:26 [INFO]  Epoch 47 loss: 277.17142391204834; train accuracy: 0.3838407494145199; test accuracy: 0.0714
2026-01-22 06:52:00 [INFO]  Epoch 48 loss: 273.6933298110962; train accuracy: 0.3298594847775176; test accuracy: 0.0568
2026-01-22 06:52:34 [INFO]  Epoch 49 loss: 269.8999500274658; train accuracy: 0.37236533957845436; test accuracy: 0.0683
2026-01-22 06:52:34 [INFO]  Client 1 Starts Local Trainning--------|
2026-01-22 06:52:34 [INFO]  Using provided lambda_align_initial: 20.0
2026-01-22 06:53:12 [INFO]  Epoch 40 loss: 337.7391662597656; train accuracy: 0.43605078165984684; test accuracy: 0.0937
2026-01-22 06:53:13 [INFO]  Save the model in ./checkpoints/CIFAR100_alpha0.05/local_models/client_1/epoch_40.pth
2026-01-22 06:53:48 [INFO]  Epoch 41 loss: 335.2187747955322; train accuracy: 0.35798971776308885; test accuracy: 0.0747
2026-01-22 06:54:20 [INFO]  Epoch 42 loss: 329.90374183654785; train accuracy: 0.423145525128528; test accuracy: 0.0863
2026-01-22 06:54:51 [INFO]  Epoch 43 loss: 324.8979377746582; train accuracy: 0.39660056657223797; test accuracy: 0.0824
2026-01-22 06:55:29 [INFO]  Epoch 44 loss: 321.6048812866211; train accuracy: 0.40940090231874937; test accuracy: 0.0828
2026-01-22 06:56:08 [INFO]  Epoch 45 loss: 316.058536529541; train accuracy: 0.4453887315077117; test accuracy: 0.0907
2026-01-22 06:56:08 [INFO]  Save the model in ./checkpoints/CIFAR100_alpha0.05/local_models/client_1/epoch_45.pth
2026-01-22 06:56:46 [INFO]  Epoch 46 loss: 312.3512783050537; train accuracy: 0.4970097576329871; test accuracy: 0.1028
2026-01-22 06:57:24 [INFO]  Epoch 47 loss: 308.326922416687; train accuracy: 0.45923827510229775; test accuracy: 0.0938
2026-01-22 06:58:04 [INFO]  Epoch 48 loss: 302.8310880661011; train accuracy: 0.4383590389256112; test accuracy: 0.0917
2026-01-22 06:58:43 [INFO]  Epoch 49 loss: 299.91032123565674; train accuracy: 0.4470674640646312; test accuracy: 0.0916
2026-01-22 06:58:43 [INFO]  Client 2 Starts Local Trainning--------|
2026-01-22 06:58:43 [INFO]  Using provided lambda_align_initial: 20.0
2026-01-22 06:59:27 [INFO]  Epoch 40 loss: 418.9137420654297; train accuracy: 0.4153781157583439; test accuracy: 0.1072
2026-01-22 06:59:27 [INFO]  Save the model in ./checkpoints/CIFAR100_alpha0.05/local_models/client_2/epoch_40.pth
2026-01-22 07:00:14 [INFO]  Epoch 41 loss: 415.7454299926758; train accuracy: 0.3770173215040135; test accuracy: 0.1035
2026-01-22 07:01:01 [INFO]  Epoch 42 loss: 409.7720413208008; train accuracy: 0.37456696239966203; test accuracy: 0.0986
2026-01-22 07:01:48 [INFO]  Epoch 43 loss: 403.58853340148926; train accuracy: 0.45737220109843685; test accuracy: 0.1213
2026-01-22 07:02:36 [INFO]  Epoch 44 loss: 398.4557132720947; train accuracy: 0.44021968736797634; test accuracy: 0.1178
2026-01-22 07:03:22 [INFO]  Epoch 45 loss: 391.933217048645; train accuracy: 0.43058724123362907; test accuracy: 0.1159
2026-01-22 07:03:22 [INFO]  Save the model in ./checkpoints/CIFAR100_alpha0.05/local_models/client_2/epoch_45.pth
2026-01-22 07:04:08 [INFO]  Epoch 46 loss: 386.3000535964966; train accuracy: 0.4603295310519645; test accuracy: 0.1221
2026-01-22 07:04:46 [INFO]  Epoch 47 loss: 381.9153003692627; train accuracy: 0.4398817068018589; test accuracy: 0.1154
2026-01-22 07:05:29 [INFO]  Epoch 48 loss: 376.4193649291992; train accuracy: 0.45754119138149557; test accuracy: 0.1183
2026-01-22 07:06:13 [INFO]  Epoch 49 loss: 371.15403938293457; train accuracy: 0.4790874524714829; test accuracy: 0.1246
2026-01-22 07:06:13 [INFO]  Client 3 Starts Local Trainning--------|
2026-01-22 07:06:13 [INFO]  Using provided lambda_align_initial: 20.0
2026-01-22 07:06:50 [INFO]  Epoch 40 loss: 335.0780334472656; train accuracy: 0.3712184003315375; test accuracy: 0.0818
2026-01-22 07:06:50 [INFO]  Save the model in ./checkpoints/CIFAR100_alpha0.05/local_models/client_3/epoch_40.pth
2026-01-22 07:07:29 [INFO]  Epoch 41 loss: 331.4390506744385; train accuracy: 0.3714256112722752; test accuracy: 0.0834
2026-01-22 07:08:06 [INFO]  Epoch 42 loss: 327.06724548339844; train accuracy: 0.37515540820555326; test accuracy: 0.0798
2026-01-22 07:08:44 [INFO]  Epoch 43 loss: 323.60024070739746; train accuracy: 0.3297762121840033; test accuracy: 0.0739
2026-01-22 07:09:21 [INFO]  Epoch 44 loss: 317.97327613830566; train accuracy: 0.35039370078740156; test accuracy: 0.0779
2026-01-22 07:09:58 [INFO]  Epoch 45 loss: 313.33728790283203; train accuracy: 0.3583713220058019; test accuracy: 0.074
2026-01-22 07:09:59 [INFO]  Save the model in ./checkpoints/CIFAR100_alpha0.05/local_models/client_3/epoch_45.pth
2026-01-22 07:10:36 [INFO]  Epoch 46 loss: 310.68121242523193; train accuracy: 0.3922503108164111; test accuracy: 0.0887
2026-01-22 07:11:13 [INFO]  Epoch 47 loss: 305.95240211486816; train accuracy: 0.3601326150020721; test accuracy: 0.0774
2026-01-22 07:11:51 [INFO]  Epoch 48 loss: 300.27702236175537; train accuracy: 0.3437629506837961; test accuracy: 0.0768
2026-01-22 07:12:28 [INFO]  Epoch 49 loss: 296.25092792510986; train accuracy: 0.3499792789059262; test accuracy: 0.075
2026-01-22 07:12:28 [INFO]  Client 4 Starts Local Trainning--------|
2026-01-22 07:12:28 [INFO]  Using provided lambda_align_initial: 20.0
2026-01-22 07:13:07 [INFO]  Epoch 40 loss: 357.2610321044922; train accuracy: 0.4812296494924344; test accuracy: 0.1056
2026-01-22 07:13:07 [INFO]  Save the model in ./checkpoints/CIFAR100_alpha0.05/local_models/client_4/epoch_40.pth
2026-01-22 07:13:44 [INFO]  Epoch 41 loss: 353.73792934417725; train accuracy: 0.5694311434591075; test accuracy: 0.1263
2026-01-22 07:14:23 [INFO]  Epoch 42 loss: 350.26462173461914; train accuracy: 0.513215859030837; test accuracy: 0.1129
2026-01-22 07:15:00 [INFO]  Epoch 43 loss: 344.51002502441406; train accuracy: 0.460352422907489; test accuracy: 0.1028
2026-01-22 07:15:41 [INFO]  Epoch 44 loss: 341.19396209716797; train accuracy: 0.47318521356062054; test accuracy: 0.1045
2026-01-22 07:16:20 [INFO]  Epoch 45 loss: 334.71453285217285; train accuracy: 0.52049415820724; test accuracy: 0.1151
2026-01-22 07:16:21 [INFO]  Save the model in ./checkpoints/CIFAR100_alpha0.05/local_models/client_4/epoch_45.pth
2026-01-22 07:16:59 [INFO]  Epoch 46 loss: 330.0203666687012; train accuracy: 0.5427121241141544; test accuracy: 0.123
2026-01-22 07:17:37 [INFO]  Epoch 47 loss: 326.0592231750488; train accuracy: 0.5693353763646811; test accuracy: 0.1246
2026-01-22 07:18:17 [INFO]  Epoch 48 loss: 320.4232759475708; train accuracy: 0.5019153418885272; test accuracy: 0.1141
2026-01-22 07:18:57 [INFO]  Epoch 49 loss: 315.4514846801758; train accuracy: 0.5242290748898678; test accuracy: 0.1168
2026-01-22 07:18:57 [INFO]  Round 4 Finish--------|
2026-01-22 07:18:57 [INFO]  Model variance: mean: 0.003746644128113985, sum: 42037.46875
2026-01-22 07:18:57 [INFO]  g_protos_std (global internal): 0.946651
2026-01-22 07:18:57 [INFO]  inter_client_proto_std (cross-client): 0.054436
2026-01-22 07:18:57 [INFO]  g_protos_std (global internal): 0.946651
2026-01-22 07:18:57 [INFO]  inter_client_proto_std (cross-client): 0.054436
2026-01-22 07:18:57 [INFO]  V7 Training | Using Simple Feature-level Server.
2026-01-22 07:19:02 [INFO]  The test accuracy of OursV7+SimpleFeatureServer: 0.3365
2026-01-22 07:19:02 [INFO]  Save config to ./checkpoints/CIFAR100_alpha0.05/baselines_OursV7+SimpleFeatureServer_CIFAR10_results.yaml
2026-01-22 07:19:02 [INFO]  Round 5 starts--------|
2026-01-22 07:19:02 [INFO]  Client 0 Starts Local Trainning--------|
2026-01-22 07:19:02 [INFO]  Using provided lambda_align_initial: 20.0
2026-01-22 07:19:35 [INFO]  Epoch 50 loss: 263.9046401977539; train accuracy: 0.39449648711943797; test accuracy: 0.0736
2026-01-22 07:19:35 [INFO]  Save the model in ./checkpoints/CIFAR100_alpha0.05/local_models/client_0/epoch_50.pth
2026-01-22 07:20:08 [INFO]  Epoch 51 loss: 261.59657859802246; train accuracy: 0.46088992974238874; test accuracy: 0.0886
2026-01-22 07:20:40 [INFO]  Epoch 52 loss: 258.49076747894287; train accuracy: 0.41053864168618265; test accuracy: 0.0766
2026-01-22 07:21:12 [INFO]  Epoch 53 loss: 254.35606002807617; train accuracy: 0.38524590163934425; test accuracy: 0.0703
2026-01-22 07:21:46 [INFO]  Epoch 54 loss: 251.53479957580566; train accuracy: 0.4050351288056206; test accuracy: 0.0748
2026-01-22 07:22:19 [INFO]  Epoch 55 loss: 247.84959030151367; train accuracy: 0.42798594847775173; test accuracy: 0.0762
2026-01-22 07:22:19 [INFO]  Save the model in ./checkpoints/CIFAR100_alpha0.05/local_models/client_0/epoch_55.pth
2026-01-22 07:22:53 [INFO]  Epoch 56 loss: 244.82649612426758; train accuracy: 0.4673302107728337; test accuracy: 0.0906
2026-01-22 07:23:26 [INFO]  Epoch 57 loss: 242.1471471786499; train accuracy: 0.40386416861826696; test accuracy: 0.0761
2026-01-22 07:24:00 [INFO]  Epoch 58 loss: 237.89748668670654; train accuracy: 0.5004683840749414; test accuracy: 0.0951
2026-01-22 07:24:33 [INFO]  Epoch 59 loss: 234.43999004364014; train accuracy: 0.417096018735363; test accuracy: 0.0795
2026-01-22 07:24:33 [INFO]  Client 1 Starts Local Trainning--------|
2026-01-22 07:24:33 [INFO]  Using provided lambda_align_initial: 20.0
2026-01-22 07:25:09 [INFO]  Epoch 50 loss: 293.34669971466064; train accuracy: 0.5915433847445178; test accuracy: 0.1237
2026-01-22 07:25:09 [INFO]  Save the model in ./checkpoints/CIFAR100_alpha0.05/local_models/client_1/epoch_50.pth
2026-01-22 07:25:46 [INFO]  Epoch 51 loss: 291.2166633605957; train accuracy: 0.4396180883433008; test accuracy: 0.0907
2026-01-22 07:26:22 [INFO]  Epoch 52 loss: 286.9840660095215; train accuracy: 0.44717238484943866; test accuracy: 0.0912
2026-01-22 07:26:58 [INFO]  Epoch 53 loss: 283.5936975479126; train accuracy: 0.4042597838631833; test accuracy: 0.0804
2026-01-22 07:27:34 [INFO]  Epoch 54 loss: 278.97171115875244; train accuracy: 0.4622809778617144; test accuracy: 0.0969
2026-01-22 07:28:10 [INFO]  Epoch 55 loss: 275.8343114852905; train accuracy: 0.44969048368481795; test accuracy: 0.0918
2026-01-22 07:28:10 [INFO]  Save the model in ./checkpoints/CIFAR100_alpha0.05/local_models/client_1/epoch_55.pth
2026-01-22 07:28:47 [INFO]  Epoch 56 loss: 271.1193332672119; train accuracy: 0.48567831287378027; test accuracy: 0.0994
2026-01-22 07:29:23 [INFO]  Epoch 57 loss: 266.9806127548218; train accuracy: 0.46815654181093275; test accuracy: 0.0961
2026-01-22 07:29:59 [INFO]  Epoch 58 loss: 263.78364658355713; train accuracy: 0.5013115098100934; test accuracy: 0.1045
2026-01-22 07:30:36 [INFO]  Epoch 59 loss: 260.152813911438; train accuracy: 0.5092854894554611; test accuracy: 0.1062
2026-01-22 07:30:36 [INFO]  Client 2 Starts Local Trainning--------|
2026-01-22 07:30:36 [INFO]  Using provided lambda_align_initial: 20.0
2026-01-22 07:31:21 [INFO]  Epoch 50 loss: 364.7257843017578; train accuracy: 0.4322771440642163; test accuracy: 0.1146
2026-01-22 07:31:22 [INFO]  Save the model in ./checkpoints/CIFAR100_alpha0.05/local_models/client_2/epoch_50.pth
2026-01-22 07:32:08 [INFO]  Epoch 51 loss: 360.42640495300293; train accuracy: 0.4644697929869033; test accuracy: 0.1275
2026-01-22 07:32:54 [INFO]  Epoch 52 loss: 358.25533390045166; train accuracy: 0.4811998310097169; test accuracy: 0.1258
2026-01-22 07:33:39 [INFO]  Epoch 53 loss: 350.8571548461914; train accuracy: 0.4848331220954795; test accuracy: 0.1302
2026-01-22 07:34:26 [INFO]  Epoch 54 loss: 345.4454402923584; train accuracy: 0.46497676383607944; test accuracy: 0.1209
2026-01-22 07:35:10 [INFO]  Epoch 55 loss: 340.65863704681396; train accuracy: 0.4710604140261935; test accuracy: 0.1282
2026-01-22 07:35:10 [INFO]  Save the model in ./checkpoints/CIFAR100_alpha0.05/local_models/client_2/epoch_55.pth
2026-01-22 07:35:55 [INFO]  Epoch 56 loss: 335.4946126937866; train accuracy: 0.48238276299112803; test accuracy: 0.1271
2026-01-22 07:36:40 [INFO]  Epoch 57 loss: 331.75465297698975; train accuracy: 0.49700042247570764; test accuracy: 0.1306
2026-01-22 07:37:25 [INFO]  Epoch 58 loss: 327.44811058044434; train accuracy: 0.5277566539923955; test accuracy: 0.1415
2026-01-22 07:38:11 [INFO]  Epoch 59 loss: 321.5928373336792; train accuracy: 0.5120405576679341; test accuracy: 0.1364
2026-01-22 07:38:11 [INFO]  Client 3 Starts Local Trainning--------|
2026-01-22 07:38:11 [INFO]  Using provided lambda_align_initial: 20.0
2026-01-22 07:38:49 [INFO]  Epoch 50 loss: 291.1329689025879; train accuracy: 0.45959386655615414; test accuracy: 0.0981
2026-01-22 07:38:50 [INFO]  Save the model in ./checkpoints/CIFAR100_alpha0.05/local_models/client_3/epoch_50.pth
2026-01-22 07:39:27 [INFO]  Epoch 51 loss: 288.0134906768799; train accuracy: 0.3910070451719851; test accuracy: 0.0861
2026-01-22 07:40:04 [INFO]  Epoch 52 loss: 285.38841438293457; train accuracy: 0.380957314546208; test accuracy: 0.0828
2026-01-22 07:40:41 [INFO]  Epoch 53 loss: 280.5435628890991; train accuracy: 0.41380024865312887; test accuracy: 0.0915
2026-01-22 07:41:18 [INFO]  Epoch 54 loss: 277.36994075775146; train accuracy: 0.4177372565271446; test accuracy: 0.0923
2026-01-22 07:41:54 [INFO]  Epoch 55 loss: 273.08207416534424; train accuracy: 0.449647741400746; test accuracy: 0.098
2026-01-22 07:41:54 [INFO]  Save the model in ./checkpoints/CIFAR100_alpha0.05/local_models/client_3/epoch_55.pth
2026-01-22 07:42:30 [INFO]  Epoch 56 loss: 268.37134075164795; train accuracy: 0.4251968503937008; test accuracy: 0.0956
2026-01-22 07:43:07 [INFO]  Epoch 57 loss: 265.57017707824707; train accuracy: 0.41804807293825114; test accuracy: 0.092
2026-01-22 07:43:44 [INFO]  Epoch 58 loss: 261.29064655303955; train accuracy: 0.412453377538334; test accuracy: 0.0947
2026-01-22 07:44:20 [INFO]  Epoch 59 loss: 257.7258005142212; train accuracy: 0.44705760464152505; test accuracy: 0.0964
2026-01-22 07:44:20 [INFO]  Client 4 Starts Local Trainning--------|
2026-01-22 07:44:20 [INFO]  Using provided lambda_align_initial: 20.0
2026-01-22 07:44:58 [INFO]  Epoch 50 loss: 310.807336807251; train accuracy: 0.5049798889101704; test accuracy: 0.1122
2026-01-22 07:44:59 [INFO]  Save the model in ./checkpoints/CIFAR100_alpha0.05/local_models/client_4/epoch_50.pth
2026-01-22 07:45:38 [INFO]  Epoch 51 loss: 307.63414478302; train accuracy: 0.5459682053246504; test accuracy: 0.1223
2026-01-22 07:46:18 [INFO]  Epoch 52 loss: 302.40900707244873; train accuracy: 0.508906339781651; test accuracy: 0.1125
2026-01-22 07:46:58 [INFO]  Epoch 53 loss: 298.6032018661499; train accuracy: 0.5612909404328673; test accuracy: 0.1288
2026-01-22 07:47:38 [INFO]  Epoch 54 loss: 295.3564968109131; train accuracy: 0.6160697184447423; test accuracy: 0.136
2026-01-22 07:48:18 [INFO]  Epoch 55 loss: 289.87232780456543; train accuracy: 0.5594713656387665; test accuracy: 0.1273
2026-01-22 07:48:18 [INFO]  Save the model in ./checkpoints/CIFAR100_alpha0.05/local_models/client_4/epoch_55.pth
2026-01-22 07:48:59 [INFO]  Epoch 56 loss: 285.85894298553467; train accuracy: 0.5768052097299368; test accuracy: 0.1303
2026-01-22 07:49:38 [INFO]  Epoch 57 loss: 282.03651237487793; train accuracy: 0.6059184064355487; test accuracy: 0.1376
2026-01-22 07:50:18 [INFO]  Epoch 58 loss: 277.07101345062256; train accuracy: 0.5123539551809998; test accuracy: 0.1122
2026-01-22 07:50:57 [INFO]  Epoch 59 loss: 273.10579013824463; train accuracy: 0.5421375215475962; test accuracy: 0.1217
2026-01-22 07:50:57 [INFO]  Round 5 Finish--------|
2026-01-22 07:50:57 [INFO]  Model variance: mean: 0.004127796273678541, sum: 46314.0078125
2026-01-22 07:50:57 [INFO]  g_protos_std (global internal): 0.942421
2026-01-22 07:50:57 [INFO]  inter_client_proto_std (cross-client): 0.059421
2026-01-22 07:50:57 [INFO]  g_protos_std (global internal): 0.942421
2026-01-22 07:50:57 [INFO]  inter_client_proto_std (cross-client): 0.059421
2026-01-22 07:50:57 [INFO]  V7 Training | Using Simple Feature-level Server.
2026-01-22 07:51:03 [INFO]  The test accuracy of OursV7+SimpleFeatureServer: 0.3684
2026-01-22 07:51:03 [INFO]  Save config to ./checkpoints/CIFAR100_alpha0.05/baselines_OursV7+SimpleFeatureServer_CIFAR10_results.yaml
2026-01-22 07:51:03 [INFO]  Round 6 starts--------|
2026-01-22 07:51:03 [INFO]  Client 0 Starts Local Trainning--------|
2026-01-22 07:51:03 [INFO]  Using provided lambda_align_initial: 20.0
2026-01-22 07:51:37 [INFO]  Epoch 60 loss: 229.81048679351807; train accuracy: 0.4639344262295082; test accuracy: 0.0867
2026-01-22 07:51:37 [INFO]  Save the model in ./checkpoints/CIFAR100_alpha0.05/local_models/client_0/epoch_60.pth
2026-01-22 07:52:11 [INFO]  Epoch 61 loss: 226.7942991256714; train accuracy: 0.48114754098360657; test accuracy: 0.0936
2026-01-22 07:52:44 [INFO]  Epoch 62 loss: 223.93937873840332; train accuracy: 0.4639344262295082; test accuracy: 0.0873
2026-01-22 07:53:17 [INFO]  Epoch 63 loss: 221.5501308441162; train accuracy: 0.47552693208430913; test accuracy: 0.093
2026-01-22 07:53:49 [INFO]  Epoch 64 loss: 218.63347148895264; train accuracy: 0.4165105386416862; test accuracy: 0.08
2026-01-22 07:54:23 [INFO]  Epoch 65 loss: 214.75722885131836; train accuracy: 0.41405152224824354; test accuracy: 0.0794
2026-01-22 07:54:24 [INFO]  Save the model in ./checkpoints/CIFAR100_alpha0.05/local_models/client_0/epoch_65.pth
2026-01-22 07:54:57 [INFO]  Epoch 66 loss: 211.12491512298584; train accuracy: 0.4788056206088993; test accuracy: 0.0898
2026-01-22 07:55:31 [INFO]  Epoch 67 loss: 208.37739849090576; train accuracy: 0.4015222482435597; test accuracy: 0.0808
2026-01-22 07:56:05 [INFO]  Epoch 68 loss: 204.92862510681152; train accuracy: 0.5098360655737705; test accuracy: 0.0966
2026-01-22 07:56:39 [INFO]  Epoch 69 loss: 202.27452087402344; train accuracy: 0.5281030444964872; test accuracy: 0.1014
2026-01-22 07:56:39 [INFO]  Client 1 Starts Local Trainning--------|
2026-01-22 07:56:39 [INFO]  Using provided lambda_align_initial: 20.0
2026-01-22 07:57:14 [INFO]  Epoch 60 loss: 254.99851512908936; train accuracy: 0.5388731507711678; test accuracy: 0.1103
2026-01-22 07:57:14 [INFO]  Save the model in ./checkpoints/CIFAR100_alpha0.05/local_models/client_1/epoch_60.pth
2026-01-22 07:57:50 [INFO]  Epoch 61 loss: 252.96965980529785; train accuracy: 0.5432798237330815; test accuracy: 0.1137
2026-01-22 07:58:26 [INFO]  Epoch 62 loss: 248.94302940368652; train accuracy: 0.4491658797607806; test accuracy: 0.0961
2026-01-22 07:59:02 [INFO]  Epoch 63 loss: 245.00783824920654; train accuracy: 0.5469520512013429; test accuracy: 0.1176
2026-01-22 07:59:37 [INFO]  Epoch 64 loss: 240.97670936584473; train accuracy: 0.47161892770957925; test accuracy: 0.0969
2026-01-22 08:00:13 [INFO]  Epoch 65 loss: 238.77791786193848; train accuracy: 0.5140069247717973; test accuracy: 0.1078
2026-01-22 08:00:13 [INFO]  Save the model in ./checkpoints/CIFAR100_alpha0.05/local_models/client_1/epoch_65.pth
2026-01-22 08:00:50 [INFO]  Epoch 66 loss: 233.52684211730957; train accuracy: 0.5679362081628371; test accuracy: 0.1185
2026-01-22 08:01:26 [INFO]  Epoch 67 loss: 231.33913230895996; train accuracy: 0.48945546112684923; test accuracy: 0.1039
2026-01-22 08:02:02 [INFO]  Epoch 68 loss: 227.35621070861816; train accuracy: 0.5012065890252859; test accuracy: 0.1066
2026-01-22 08:02:37 [INFO]  Epoch 69 loss: 223.48025512695312; train accuracy: 0.5244990032525443; test accuracy: 0.1122
2026-01-22 08:02:37 [INFO]  Client 2 Starts Local Trainning--------|
2026-01-22 08:02:37 [INFO]  Using provided lambda_align_initial: 20.0
2026-01-22 08:03:22 [INFO]  Epoch 60 loss: 315.5262613296509; train accuracy: 0.43523447401774396; test accuracy: 0.1186
2026-01-22 08:03:22 [INFO]  Save the model in ./checkpoints/CIFAR100_alpha0.05/local_models/client_2/epoch_60.pth
2026-01-22 08:04:06 [INFO]  Epoch 61 loss: 312.72971630096436; train accuracy: 0.5242923531896916; test accuracy: 0.1391
2026-01-22 08:04:50 [INFO]  Epoch 62 loss: 309.1140899658203; train accuracy: 0.5275876637093367; test accuracy: 0.138
2026-01-22 08:05:33 [INFO]  Epoch 63 loss: 303.23339557647705; train accuracy: 0.5253907900295733; test accuracy: 0.1394
2026-01-22 08:06:17 [INFO]  Epoch 64 loss: 298.68079948425293; train accuracy: 0.5463455851288551; test accuracy: 0.1422
2026-01-22 08:07:00 [INFO]  Epoch 65 loss: 294.7908992767334; train accuracy: 0.5099281791297; test accuracy: 0.1331
2026-01-22 08:07:01 [INFO]  Save the model in ./checkpoints/CIFAR100_alpha0.05/local_models/client_2/epoch_65.pth
2026-01-22 08:07:44 [INFO]  Epoch 66 loss: 290.1091241836548; train accuracy: 0.480523869877482; test accuracy: 0.1268
2026-01-22 08:08:28 [INFO]  Epoch 67 loss: 287.0183229446411; train accuracy: 0.5807351077313054; test accuracy: 0.1565
2026-01-22 08:09:11 [INFO]  Epoch 68 loss: 282.32970809936523; train accuracy: 0.4911702577101817; test accuracy: 0.1265
2026-01-22 08:09:55 [INFO]  Epoch 69 loss: 277.40409660339355; train accuracy: 0.5510773130544994; test accuracy: 0.1461
2026-01-22 08:09:55 [INFO]  Client 3 Starts Local Trainning--------|
2026-01-22 08:09:55 [INFO]  Using provided lambda_align_initial: 20.0
2026-01-22 08:10:31 [INFO]  Epoch 60 loss: 252.23211002349854; train accuracy: 0.4778284293410692; test accuracy: 0.0995
2026-01-22 08:10:31 [INFO]  Save the model in ./checkpoints/CIFAR100_alpha0.05/local_models/client_3/epoch_60.pth
2026-01-22 08:11:07 [INFO]  Epoch 61 loss: 250.59444999694824; train accuracy: 0.4693327807708247; test accuracy: 0.1036
2026-01-22 08:11:43 [INFO]  Epoch 62 loss: 246.62965393066406; train accuracy: 0.429444674678823; test accuracy: 0.0953
2026-01-22 08:12:19 [INFO]  Epoch 63 loss: 243.76657104492188; train accuracy: 0.421259842519685; test accuracy: 0.0878
2026-01-22 08:12:55 [INFO]  Epoch 64 loss: 239.67210578918457; train accuracy: 0.44104848736013263; test accuracy: 0.0948
2026-01-22 08:13:30 [INFO]  Epoch 65 loss: 236.47140789031982; train accuracy: 0.4128677994198094; test accuracy: 0.0919
2026-01-22 08:13:30 [INFO]  Save the model in ./checkpoints/CIFAR100_alpha0.05/local_models/client_3/epoch_65.pth
2026-01-22 08:14:06 [INFO]  Epoch 66 loss: 231.7551851272583; train accuracy: 0.44280978035640284; test accuracy: 0.0978
2026-01-22 08:14:41 [INFO]  Epoch 67 loss: 228.42788124084473; train accuracy: 0.4915043514297555; test accuracy: 0.1075
2026-01-22 08:15:17 [INFO]  Epoch 68 loss: 225.61613368988037; train accuracy: 0.4962702030667219; test accuracy: 0.1076
2026-01-22 08:15:54 [INFO]  Epoch 69 loss: 221.8070363998413; train accuracy: 0.483630335681724; test accuracy: 0.105
2026-01-22 08:15:54 [INFO]  Client 4 Starts Local Trainning--------|
2026-01-22 08:15:54 [INFO]  Using provided lambda_align_initial: 20.0
2026-01-22 08:16:32 [INFO]  Epoch 60 loss: 268.84391021728516; train accuracy: 0.6149205133116261; test accuracy: 0.1414
2026-01-22 08:16:33 [INFO]  Save the model in ./checkpoints/CIFAR100_alpha0.05/local_models/client_4/epoch_60.pth
2026-01-22 08:17:11 [INFO]  Epoch 61 loss: 263.95263671875; train accuracy: 0.5902126029496265; test accuracy: 0.1346
2026-01-22 08:17:50 [INFO]  Epoch 62 loss: 260.0339813232422; train accuracy: 0.4997126987167209; test accuracy: 0.1095
2026-01-22 08:18:28 [INFO]  Epoch 63 loss: 257.51532459259033; train accuracy: 0.4932963033901551; test accuracy: 0.1078
2026-01-22 08:19:07 [INFO]  Epoch 64 loss: 253.66271781921387; train accuracy: 0.5769967439187895; test accuracy: 0.1255
2026-01-22 08:19:45 [INFO]  Epoch 65 loss: 248.6629819869995; train accuracy: 0.6188469641831067; test accuracy: 0.1357
2026-01-22 08:19:45 [INFO]  Save the model in ./checkpoints/CIFAR100_alpha0.05/local_models/client_4/epoch_65.pth
2026-01-22 08:20:23 [INFO]  Epoch 66 loss: 246.1782741546631; train accuracy: 0.5846581114728979; test accuracy: 0.1315
2026-01-22 08:21:01 [INFO]  Epoch 67 loss: 242.02255153656006; train accuracy: 0.5139819957862478; test accuracy: 0.1092
2026-01-22 08:21:38 [INFO]  Epoch 68 loss: 237.61702060699463; train accuracy: 0.6670178126795633; test accuracy: 0.1447
2026-01-22 08:22:16 [INFO]  Epoch 69 loss: 233.57143020629883; train accuracy: 0.5518099980846581; test accuracy: 0.121
2026-01-22 08:22:16 [INFO]  Round 6 Finish--------|
2026-01-22 08:22:16 [INFO]  Model variance: mean: 0.00447721965610981, sum: 50234.546875
2026-01-22 08:22:16 [INFO]  g_protos_std (global internal): 0.939239
2026-01-22 08:22:16 [INFO]  inter_client_proto_std (cross-client): 0.063188
2026-01-22 08:22:16 [INFO]  g_protos_std (global internal): 0.939239
2026-01-22 08:22:16 [INFO]  inter_client_proto_std (cross-client): 0.063188
2026-01-22 08:22:16 [INFO]  V7 Training | Using Simple Feature-level Server.
2026-01-22 08:22:22 [INFO]  The test accuracy of OursV7+SimpleFeatureServer: 0.3798
2026-01-22 08:22:22 [INFO]  Save config to ./checkpoints/CIFAR100_alpha0.05/baselines_OursV7+SimpleFeatureServer_CIFAR10_results.yaml
2026-01-22 08:22:22 [INFO]  Round 7 starts--------|
2026-01-22 08:22:22 [INFO]  Client 0 Starts Local Trainning--------|
2026-01-22 08:22:22 [INFO]  Using provided lambda_align_initial: 20.0
2026-01-22 08:22:54 [INFO]  Epoch 70 loss: 197.72787475585938; train accuracy: 0.5355971896955504; test accuracy: 0.1007
2026-01-22 08:22:54 [INFO]  Save the model in ./checkpoints/CIFAR100_alpha0.05/local_models/client_0/epoch_70.pth
2026-01-22 08:23:27 [INFO]  Epoch 71 loss: 195.26952362060547; train accuracy: 0.44426229508196724; test accuracy: 0.0888
2026-01-22 08:24:00 [INFO]  Epoch 72 loss: 192.2707633972168; train accuracy: 0.4772833723653396; test accuracy: 0.0898
2026-01-22 08:24:33 [INFO]  Epoch 73 loss: 189.68463897705078; train accuracy: 0.43302107728337236; test accuracy: 0.0869
2026-01-22 08:25:05 [INFO]  Epoch 74 loss: 187.05700969696045; train accuracy: 0.47388758782201407; test accuracy: 0.094
2026-01-22 08:25:37 [INFO]  Epoch 75 loss: 183.4307336807251; train accuracy: 0.4832552693208431; test accuracy: 0.0915
2026-01-22 08:25:37 [INFO]  Save the model in ./checkpoints/CIFAR100_alpha0.05/local_models/client_0/epoch_75.pth
2026-01-22 08:26:10 [INFO]  Epoch 76 loss: 180.93576526641846; train accuracy: 0.5754098360655737; test accuracy: 0.1051
2026-01-22 08:26:43 [INFO]  Epoch 77 loss: 177.8591947555542; train accuracy: 0.5215456674473068; test accuracy: 0.1008
2026-01-22 08:27:15 [INFO]  Epoch 78 loss: 175.2904462814331; train accuracy: 0.4888758782201405; test accuracy: 0.0905
2026-01-22 08:27:48 [INFO]  Epoch 79 loss: 171.80045223236084; train accuracy: 0.5723653395784544; test accuracy: 0.1077
2026-01-22 08:27:48 [INFO]  Client 1 Starts Local Trainning--------|
2026-01-22 08:27:48 [INFO]  Using provided lambda_align_initial: 20.0
2026-01-22 08:28:24 [INFO]  Epoch 70 loss: 217.91463470458984; train accuracy: 0.5634246144161158; test accuracy: 0.1236
2026-01-22 08:28:24 [INFO]  Save the model in ./checkpoints/CIFAR100_alpha0.05/local_models/client_1/epoch_70.pth
2026-01-22 08:28:59 [INFO]  Epoch 71 loss: 216.0807399749756; train accuracy: 0.5886056027699087; test accuracy: 0.1287
2026-01-22 08:29:34 [INFO]  Epoch 72 loss: 212.6035213470459; train accuracy: 0.4612317700136397; test accuracy: 0.1017
2026-01-22 08:30:09 [INFO]  Epoch 73 loss: 210.06958961486816; train accuracy: 0.5470569719861504; test accuracy: 0.1196
2026-01-22 08:30:45 [INFO]  Epoch 74 loss: 206.8861083984375; train accuracy: 0.5337320323156017; test accuracy: 0.111
2026-01-22 08:31:20 [INFO]  Epoch 75 loss: 202.85018920898438; train accuracy: 0.5908089392508656; test accuracy: 0.1245
2026-01-22 08:31:20 [INFO]  Save the model in ./checkpoints/CIFAR100_alpha0.05/local_models/client_1/epoch_75.pth
2026-01-22 08:31:56 [INFO]  Epoch 76 loss: 198.78063678741455; train accuracy: 0.5207218549994754; test accuracy: 0.1087
2026-01-22 08:32:31 [INFO]  Epoch 77 loss: 196.8537483215332; train accuracy: 0.5290105969992656; test accuracy: 0.1125
2026-01-22 08:33:06 [INFO]  Epoch 78 loss: 193.29229354858398; train accuracy: 0.6400167873255692; test accuracy: 0.1327
2026-01-22 08:33:42 [INFO]  Epoch 79 loss: 189.51352977752686; train accuracy: 0.5814709894030007; test accuracy: 0.1233
2026-01-22 08:33:42 [INFO]  Client 2 Starts Local Trainning--------|
2026-01-22 08:33:42 [INFO]  Using provided lambda_align_initial: 20.0
2026-01-22 08:34:25 [INFO]  Epoch 70 loss: 271.48016357421875; train accuracy: 0.5060414026193494; test accuracy: 0.1375
2026-01-22 08:34:25 [INFO]  Save the model in ./checkpoints/CIFAR100_alpha0.05/local_models/client_2/epoch_70.pth
2026-01-22 08:35:08 [INFO]  Epoch 71 loss: 268.96959686279297; train accuracy: 0.5110266159695818; test accuracy: 0.1333
2026-01-22 08:35:52 [INFO]  Epoch 72 loss: 264.2623529434204; train accuracy: 0.5860583016476553; test accuracy: 0.1517
2026-01-22 08:36:34 [INFO]  Epoch 73 loss: 261.3934020996094; train accuracy: 0.5434727503168568; test accuracy: 0.1408
2026-01-22 08:37:17 [INFO]  Epoch 74 loss: 256.729754447937; train accuracy: 0.5499788762146176; test accuracy: 0.149
2026-01-22 08:38:00 [INFO]  Epoch 75 loss: 252.03963470458984; train accuracy: 0.5658639628221377; test accuracy: 0.1482
2026-01-22 08:38:01 [INFO]  Save the model in ./checkpoints/CIFAR100_alpha0.05/local_models/client_2/epoch_75.pth
2026-01-22 08:38:45 [INFO]  Epoch 76 loss: 248.37389945983887; train accuracy: 0.581326573722011; test accuracy: 0.1496
2026-01-22 08:39:29 [INFO]  Epoch 77 loss: 244.031343460083; train accuracy: 0.5260667511618082; test accuracy: 0.1364
2026-01-22 08:40:13 [INFO]  Epoch 78 loss: 240.74623107910156; train accuracy: 0.4874524714828897; test accuracy: 0.1336
2026-01-22 08:40:57 [INFO]  Epoch 79 loss: 236.28310298919678; train accuracy: 0.5112801013941698; test accuracy: 0.1312
2026-01-22 08:40:57 [INFO]  Client 3 Starts Local Trainning--------|
2026-01-22 08:40:57 [INFO]  Using provided lambda_align_initial: 20.0
2026-01-22 08:41:33 [INFO]  Epoch 70 loss: 217.21246433258057; train accuracy: 0.5194778284293411; test accuracy: 0.1086
2026-01-22 08:41:33 [INFO]  Save the model in ./checkpoints/CIFAR100_alpha0.05/local_models/client_3/epoch_70.pth
2026-01-22 08:42:09 [INFO]  Epoch 71 loss: 214.74313068389893; train accuracy: 0.4474720265230004; test accuracy: 0.0985
2026-01-22 08:42:45 [INFO]  Epoch 72 loss: 212.5084285736084; train accuracy: 0.363344384583506; test accuracy: 0.0812
2026-01-22 08:43:20 [INFO]  Epoch 73 loss: 208.43892860412598; train accuracy: 0.45700372979693327; test accuracy: 0.096
2026-01-22 08:43:56 [INFO]  Epoch 74 loss: 205.06237888336182; train accuracy: 0.4871529216742644; test accuracy: 0.1087
2026-01-22 08:44:31 [INFO]  Epoch 75 loss: 202.35272407531738; train accuracy: 0.4792789059262329; test accuracy: 0.1016
2026-01-22 08:44:31 [INFO]  Save the model in ./checkpoints/CIFAR100_alpha0.05/local_models/client_3/epoch_75.pth
2026-01-22 08:45:06 [INFO]  Epoch 76 loss: 199.6492576599121; train accuracy: 0.5225859925404062; test accuracy: 0.112
2026-01-22 08:45:42 [INFO]  Epoch 77 loss: 195.49772548675537; train accuracy: 0.41732283464566927; test accuracy: 0.0881
2026-01-22 08:46:17 [INFO]  Epoch 78 loss: 192.8799343109131; train accuracy: 0.420638209697472; test accuracy: 0.0938
2026-01-22 08:46:53 [INFO]  Epoch 79 loss: 189.13571548461914; train accuracy: 0.4906755076668048; test accuracy: 0.1039
2026-01-22 08:46:53 [INFO]  Client 4 Starts Local Trainning--------|
2026-01-22 08:46:53 [INFO]  Using provided lambda_align_initial: 20.0
2026-01-22 08:47:31 [INFO]  Epoch 70 loss: 228.7168960571289; train accuracy: 0.6340739321968971; test accuracy: 0.1412
2026-01-22 08:47:31 [INFO]  Save the model in ./checkpoints/CIFAR100_alpha0.05/local_models/client_4/epoch_70.pth
2026-01-22 08:48:09 [INFO]  Epoch 71 loss: 226.2704734802246; train accuracy: 0.6221988124880291; test accuracy: 0.1412
2026-01-22 08:48:49 [INFO]  Epoch 72 loss: 222.9488172531128; train accuracy: 0.6515993104769201; test accuracy: 0.1455
2026-01-22 08:49:27 [INFO]  Epoch 73 loss: 219.3155174255371; train accuracy: 0.6350316031411607; test accuracy: 0.139
2026-01-22 08:50:04 [INFO]  Epoch 74 loss: 215.00057220458984; train accuracy: 0.6124305688565409; test accuracy: 0.1365
2026-01-22 08:50:42 [INFO]  Epoch 75 loss: 211.01801681518555; train accuracy: 0.6185596628998277; test accuracy: 0.1414
2026-01-22 08:50:42 [INFO]  Save the model in ./checkpoints/CIFAR100_alpha0.05/local_models/client_4/epoch_75.pth
2026-01-22 08:51:21 [INFO]  Epoch 76 loss: 208.64492321014404; train accuracy: 0.6379046159739513; test accuracy: 0.1429
2026-01-22 08:52:01 [INFO]  Epoch 77 loss: 204.95306491851807; train accuracy: 0.5797739896571538; test accuracy: 0.1351
2026-01-22 08:52:40 [INFO]  Epoch 78 loss: 200.80793285369873; train accuracy: 0.6396284236736257; test accuracy: 0.1425
2026-01-22 08:53:18 [INFO]  Epoch 79 loss: 198.6030216217041; train accuracy: 0.6221030453936027; test accuracy: 0.138
2026-01-22 08:53:18 [INFO]  Round 7 Finish--------|
2026-01-22 08:53:18 [INFO]  Model variance: mean: 0.004799366928637028, sum: 53849.0546875
2026-01-22 08:53:18 [INFO]  g_protos_std (global internal): 0.937041
2026-01-22 08:53:18 [INFO]  inter_client_proto_std (cross-client): 0.065818
2026-01-22 08:53:18 [INFO]  g_protos_std (global internal): 0.937041
2026-01-22 08:53:18 [INFO]  inter_client_proto_std (cross-client): 0.065818
2026-01-22 08:53:18 [INFO]  V7 Training | Using Simple Feature-level Server.
2026-01-22 08:53:24 [INFO]  The test accuracy of OursV7+SimpleFeatureServer: 0.4182
2026-01-22 08:53:24 [INFO]  Save config to ./checkpoints/CIFAR100_alpha0.05/baselines_OursV7+SimpleFeatureServer_CIFAR10_results.yaml
2026-01-22 08:53:24 [INFO]  Round 8 starts--------|
2026-01-22 08:53:24 [INFO]  Client 0 Starts Local Trainning--------|
2026-01-22 08:53:24 [INFO]  Using provided lambda_align_initial: 20.0
2026-01-22 08:53:55 [INFO]  Epoch 80 loss: 166.72250270843506; train accuracy: 0.6049180327868853; test accuracy: 0.1165
2026-01-22 08:53:56 [INFO]  Save the model in ./checkpoints/CIFAR100_alpha0.05/local_models/client_0/epoch_80.pth
2026-01-22 08:54:28 [INFO]  Epoch 81 loss: 165.760666847229; train accuracy: 0.54192037470726; test accuracy: 0.104
2026-01-22 08:54:59 [INFO]  Epoch 82 loss: 162.51623058319092; train accuracy: 0.5312646370023419; test accuracy: 0.1065
2026-01-22 08:55:31 [INFO]  Epoch 83 loss: 160.10633087158203; train accuracy: 0.582903981264637; test accuracy: 0.1101
2026-01-22 08:56:03 [INFO]  Epoch 84 loss: 157.59883213043213; train accuracy: 0.5266978922716627; test accuracy: 0.0975
2026-01-22 08:56:35 [INFO]  Epoch 85 loss: 154.2705593109131; train accuracy: 0.5224824355971897; test accuracy: 0.0968
2026-01-22 08:56:35 [INFO]  Save the model in ./checkpoints/CIFAR100_alpha0.05/local_models/client_0/epoch_85.pth
2026-01-22 08:57:08 [INFO]  Epoch 86 loss: 151.1005916595459; train accuracy: 0.5264637002341921; test accuracy: 0.096
2026-01-22 08:57:40 [INFO]  Epoch 87 loss: 149.06161403656006; train accuracy: 0.4855971896955503; test accuracy: 0.0934
2026-01-22 08:58:12 [INFO]  Epoch 88 loss: 146.403902053833; train accuracy: 0.605503512880562; test accuracy: 0.1154
2026-01-22 08:58:43 [INFO]  Epoch 89 loss: 142.3703212738037; train accuracy: 0.5792740046838407; test accuracy: 0.1146
2026-01-22 08:58:43 [INFO]  Client 1 Starts Local Trainning--------|
2026-01-22 08:58:43 [INFO]  Using provided lambda_align_initial: 20.0
2026-01-22 08:59:19 [INFO]  Epoch 80 loss: 185.19341564178467; train accuracy: 0.6285804217815549; test accuracy: 0.1345
2026-01-22 08:59:19 [INFO]  Save the model in ./checkpoints/CIFAR100_alpha0.05/local_models/client_1/epoch_80.pth
2026-01-22 08:59:55 [INFO]  Epoch 81 loss: 183.1591682434082; train accuracy: 0.5787430489980065; test accuracy: 0.1275
2026-01-22 09:00:30 [INFO]  Epoch 82 loss: 180.71107006072998; train accuracy: 0.6202916797817648; test accuracy: 0.1339
2026-01-22 09:01:03 [INFO]  Epoch 83 loss: 176.71992874145508; train accuracy: 0.6325674116042388; test accuracy: 0.132
2026-01-22 09:01:38 [INFO]  Epoch 84 loss: 172.9686737060547; train accuracy: 0.5462176057076907; test accuracy: 0.1179
2026-01-22 09:02:13 [INFO]  Epoch 85 loss: 169.95893478393555; train accuracy: 0.5804217815549261; test accuracy: 0.1236
2026-01-22 09:02:13 [INFO]  Save the model in ./checkpoints/CIFAR100_alpha0.05/local_models/client_1/epoch_85.pth
2026-01-22 09:02:49 [INFO]  Epoch 86 loss: 167.95230388641357; train accuracy: 0.6345609065155807; test accuracy: 0.1377
2026-01-22 09:03:24 [INFO]  Epoch 87 loss: 164.5489912033081; train accuracy: 0.5230301122652398; test accuracy: 0.111
2026-01-22 09:03:59 [INFO]  Epoch 88 loss: 160.53230571746826; train accuracy: 0.5365648935054034; test accuracy: 0.1116
2026-01-22 09:04:33 [INFO]  Epoch 89 loss: 158.0084147453308; train accuracy: 0.564368901479383; test accuracy: 0.1167
2026-01-22 09:04:33 [INFO]  Client 2 Starts Local Trainning--------|
2026-01-22 09:04:33 [INFO]  Using provided lambda_align_initial: 20.0
2026-01-22 09:05:16 [INFO]  Epoch 80 loss: 230.26202774047852; train accuracy: 0.5891001267427123; test accuracy: 0.1506
2026-01-22 09:05:16 [INFO]  Save the model in ./checkpoints/CIFAR100_alpha0.05/local_models/client_2/epoch_80.pth
2026-01-22 09:06:00 [INFO]  Epoch 81 loss: 227.92352867126465; train accuracy: 0.586227291930714; test accuracy: 0.1496
2026-01-22 09:06:43 [INFO]  Epoch 82 loss: 221.7675542831421; train accuracy: 0.5196451204055766; test accuracy: 0.1426
2026-01-22 09:07:27 [INFO]  Epoch 83 loss: 219.81243228912354; train accuracy: 0.5634136037177863; test accuracy: 0.1497
2026-01-22 09:08:10 [INFO]  Epoch 84 loss: 216.16325664520264; train accuracy: 0.5268272074355724; test accuracy: 0.1409
2026-01-22 09:08:52 [INFO]  Epoch 85 loss: 211.86654138565063; train accuracy: 0.6234051542036333; test accuracy: 0.1563
2026-01-22 09:08:52 [INFO]  Save the model in ./checkpoints/CIFAR100_alpha0.05/local_models/client_2/epoch_85.pth
2026-01-22 09:09:35 [INFO]  Epoch 86 loss: 208.68609809875488; train accuracy: 0.6214617659484579; test accuracy: 0.1618
2026-01-22 09:10:18 [INFO]  Epoch 87 loss: 203.6291799545288; train accuracy: 0.5874947190536545; test accuracy: 0.152
2026-01-22 09:11:00 [INFO]  Epoch 88 loss: 198.57332515716553; train accuracy: 0.577608787494719; test accuracy: 0.1498
2026-01-22 09:11:42 [INFO]  Epoch 89 loss: 196.62760305404663; train accuracy: 0.5937473595268272; test accuracy: 0.1478
2026-01-22 09:11:42 [INFO]  Client 3 Starts Local Trainning--------|
2026-01-22 09:11:42 [INFO]  Using provided lambda_align_initial: 20.0
2026-01-22 09:12:19 [INFO]  Epoch 80 loss: 184.33886051177979; train accuracy: 0.5582262743472856; test accuracy: 0.1201
2026-01-22 09:12:19 [INFO]  Save the model in ./checkpoints/CIFAR100_alpha0.05/local_models/client_3/epoch_80.pth
2026-01-22 09:12:54 [INFO]  Epoch 81 loss: 182.57933712005615; train accuracy: 0.4940944881889764; test accuracy: 0.1053
2026-01-22 09:13:29 [INFO]  Epoch 82 loss: 180.08595848083496; train accuracy: 0.5438251139660174; test accuracy: 0.1152
2026-01-22 09:14:04 [INFO]  Epoch 83 loss: 176.1482915878296; train accuracy: 0.45783257355988394; test accuracy: 0.0958
2026-01-22 09:14:38 [INFO]  Epoch 84 loss: 174.21623039245605; train accuracy: 0.5142975549108993; test accuracy: 0.1097
2026-01-22 09:15:13 [INFO]  Epoch 85 loss: 170.56142234802246; train accuracy: 0.48777455449647744; test accuracy: 0.1021
2026-01-22 09:15:14 [INFO]  Save the model in ./checkpoints/CIFAR100_alpha0.05/local_models/client_3/epoch_85.pth
2026-01-22 09:15:47 [INFO]  Epoch 86 loss: 166.55806064605713; train accuracy: 0.5076668048072939; test accuracy: 0.1099
2026-01-22 09:16:22 [INFO]  Epoch 87 loss: 163.62619876861572; train accuracy: 0.5633029423953585; test accuracy: 0.1244
2026-01-22 09:16:56 [INFO]  Epoch 88 loss: 161.01302909851074; train accuracy: 0.5552217157065893; test accuracy: 0.1193
2026-01-22 09:17:31 [INFO]  Epoch 89 loss: 157.2411403656006; train accuracy: 0.4858060505594695; test accuracy: 0.1075
2026-01-22 09:17:31 [INFO]  Client 4 Starts Local Trainning--------|
2026-01-22 09:17:31 [INFO]  Using provided lambda_align_initial: 20.0
2026-01-22 09:18:08 [INFO]  Epoch 80 loss: 193.18192195892334; train accuracy: 0.5842750430951925; test accuracy: 0.133
2026-01-22 09:18:08 [INFO]  Save the model in ./checkpoints/CIFAR100_alpha0.05/local_models/client_4/epoch_80.pth
2026-01-22 09:18:45 [INFO]  Epoch 81 loss: 190.96325588226318; train accuracy: 0.5963416969929133; test accuracy: 0.1316
2026-01-22 09:19:22 [INFO]  Epoch 82 loss: 186.9677791595459; train accuracy: 0.6066845431909595; test accuracy: 0.1371
2026-01-22 09:19:58 [INFO]  Epoch 83 loss: 183.38306045532227; train accuracy: 0.6151120475004789; test accuracy: 0.1341
2026-01-22 09:20:35 [INFO]  Epoch 84 loss: 179.8027629852295; train accuracy: 0.5847538785673243; test accuracy: 0.1313
2026-01-22 09:21:12 [INFO]  Epoch 85 loss: 176.02635383605957; train accuracy: 0.6619421566749665; test accuracy: 0.1478
2026-01-22 09:21:13 [INFO]  Save the model in ./checkpoints/CIFAR100_alpha0.05/local_models/client_4/epoch_85.pth
2026-01-22 09:21:51 [INFO]  Epoch 86 loss: 173.64102506637573; train accuracy: 0.6608887186362766; test accuracy: 0.151
2026-01-22 09:22:27 [INFO]  Epoch 87 loss: 169.24560689926147; train accuracy: 0.6153035816893315; test accuracy: 0.1389
2026-01-22 09:23:03 [INFO]  Epoch 88 loss: 166.6895775794983; train accuracy: 0.6449913809615017; test accuracy: 0.1485
2026-01-22 09:23:40 [INFO]  Epoch 89 loss: 163.02968406677246; train accuracy: 0.6140586094617889; test accuracy: 0.1405
2026-01-22 09:23:40 [INFO]  Round 8 Finish--------|
2026-01-22 09:23:40 [INFO]  Model variance: mean: 0.00509960250928998, sum: 57217.70703125
2026-01-22 09:23:40 [INFO]  g_protos_std (global internal): 0.935771
2026-01-22 09:23:40 [INFO]  inter_client_proto_std (cross-client): 0.067378
2026-01-22 09:23:40 [INFO]  g_protos_std (global internal): 0.935771
2026-01-22 09:23:40 [INFO]  inter_client_proto_std (cross-client): 0.067378
2026-01-22 09:23:40 [INFO]  V7 Training | Using Simple Feature-level Server.
2026-01-22 09:23:45 [INFO]  The test accuracy of OursV7+SimpleFeatureServer: 0.4335
2026-01-22 09:23:45 [INFO]  Save config to ./checkpoints/CIFAR100_alpha0.05/baselines_OursV7+SimpleFeatureServer_CIFAR10_results.yaml
2026-01-22 09:23:45 [INFO]  Round 9 starts--------|
2026-01-22 09:23:45 [INFO]  Client 0 Starts Local Trainning--------|
2026-01-22 09:23:45 [INFO]  Using provided lambda_align_initial: 20.0
2026-01-22 09:24:15 [INFO]  Epoch 90 loss: 139.68136644363403; train accuracy: 0.52903981264637; test accuracy: 0.0963
2026-01-22 09:24:16 [INFO]  Save the model in ./checkpoints/CIFAR100_alpha0.05/local_models/client_0/epoch_90.pth
2026-01-22 09:24:47 [INFO]  Epoch 91 loss: 137.2306604385376; train accuracy: 0.5677985948477752; test accuracy: 0.1082
2026-01-22 09:25:17 [INFO]  Epoch 92 loss: 134.37087106704712; train accuracy: 0.5091334894613583; test accuracy: 0.0965
2026-01-22 09:25:48 [INFO]  Epoch 93 loss: 131.76550340652466; train accuracy: 0.5208430913348946; test accuracy: 0.0985
2026-01-22 09:26:18 [INFO]  Epoch 94 loss: 129.506365776062; train accuracy: 0.5818501170960187; test accuracy: 0.1088
2026-01-22 09:26:48 [INFO]  Epoch 95 loss: 126.19152307510376; train accuracy: 0.5382903981264637; test accuracy: 0.1021
2026-01-22 09:26:48 [INFO]  Save the model in ./checkpoints/CIFAR100_alpha0.05/local_models/client_0/epoch_95.pth
2026-01-22 09:27:20 [INFO]  Epoch 96 loss: 123.37562990188599; train accuracy: 0.5244730679156908; test accuracy: 0.0988
2026-01-22 09:27:50 [INFO]  Epoch 97 loss: 121.45664834976196; train accuracy: 0.5583138173302108; test accuracy: 0.1116
2026-01-22 09:28:20 [INFO]  Epoch 98 loss: 118.05618619918823; train accuracy: 0.5296252927400469; test accuracy: 0.0993
2026-01-22 09:28:51 [INFO]  Epoch 99 loss: 115.3944149017334; train accuracy: 0.5370023419203747; test accuracy: 0.1023
2026-01-22 09:28:51 [INFO]  Client 1 Starts Local Trainning--------|
2026-01-22 09:28:51 [INFO]  Using provided lambda_align_initial: 20.0
2026-01-22 09:29:25 [INFO]  Epoch 90 loss: 153.4507932662964; train accuracy: 0.6485153708949742; test accuracy: 0.1349
2026-01-22 09:29:25 [INFO]  Save the model in ./checkpoints/CIFAR100_alpha0.05/local_models/client_1/epoch_90.pth
2026-01-22 09:29:58 [INFO]  Epoch 91 loss: 151.50094175338745; train accuracy: 0.6261672437309831; test accuracy: 0.129
2026-01-22 09:30:32 [INFO]  Epoch 92 loss: 147.55184602737427; train accuracy: 0.6553352219074599; test accuracy: 0.1355
2026-01-22 09:31:05 [INFO]  Epoch 93 loss: 144.66910409927368; train accuracy: 0.5431749029482741; test accuracy: 0.1111
2026-01-22 09:31:39 [INFO]  Epoch 94 loss: 142.12325954437256; train accuracy: 0.5914384639597104; test accuracy: 0.1202
2026-01-22 09:32:13 [INFO]  Epoch 95 loss: 139.604341506958; train accuracy: 0.6739062008183822; test accuracy: 0.1464
2026-01-22 09:32:13 [INFO]  Save the model in ./checkpoints/CIFAR100_alpha0.05/local_models/client_1/epoch_95.pth
2026-01-22 09:32:47 [INFO]  Epoch 96 loss: 136.0133819580078; train accuracy: 0.5250236071765817; test accuracy: 0.113
2026-01-22 09:33:21 [INFO]  Epoch 97 loss: 132.8661437034607; train accuracy: 0.6270066100094429; test accuracy: 0.1307
2026-01-22 09:33:55 [INFO]  Epoch 98 loss: 129.66544103622437; train accuracy: 0.5659427132514951; test accuracy: 0.1172
2026-01-22 09:34:30 [INFO]  Epoch 99 loss: 126.22945213317871; train accuracy: 0.6732766761095373; test accuracy: 0.1386
2026-01-22 09:34:30 [INFO]  Client 2 Starts Local Trainning--------|
2026-01-22 09:34:30 [INFO]  Using provided lambda_align_initial: 20.0
2026-01-22 09:35:12 [INFO]  Epoch 90 loss: 191.18531322479248; train accuracy: 0.5723700887198986; test accuracy: 0.1463
2026-01-22 09:35:12 [INFO]  Save the model in ./checkpoints/CIFAR100_alpha0.05/local_models/client_2/epoch_90.pth
2026-01-22 09:35:52 [INFO]  Epoch 91 loss: 187.99333000183105; train accuracy: 0.5576679340937896; test accuracy: 0.1544
2026-01-22 09:36:33 [INFO]  Epoch 92 loss: 184.1992530822754; train accuracy: 0.6192648922686945; test accuracy: 0.1531
2026-01-22 09:37:15 [INFO]  Epoch 93 loss: 181.47051572799683; train accuracy: 0.5961132234896493; test accuracy: 0.1575
2026-01-22 09:37:54 [INFO]  Epoch 94 loss: 178.29190921783447; train accuracy: 0.5700887198986059; test accuracy: 0.1508
2026-01-22 09:38:34 [INFO]  Epoch 95 loss: 173.77705097198486; train accuracy: 0.6692015209125475; test accuracy: 0.1694
2026-01-22 09:38:34 [INFO]  Save the model in ./checkpoints/CIFAR100_alpha0.05/local_models/client_2/epoch_95.pth
2026-01-22 09:39:13 [INFO]  Epoch 96 loss: 169.52606534957886; train accuracy: 0.5580904098014364; test accuracy: 0.1421
2026-01-22 09:39:53 [INFO]  Epoch 97 loss: 164.04057264328003; train accuracy: 0.5869877482044782; test accuracy: 0.1534
2026-01-22 09:40:32 [INFO]  Epoch 98 loss: 162.498366355896; train accuracy: 0.5999155048584707; test accuracy: 0.1482
2026-01-22 09:41:12 [INFO]  Epoch 99 loss: 158.18407201766968; train accuracy: 0.6119983100971694; test accuracy: 0.1552
2026-01-22 09:41:12 [INFO]  Client 3 Starts Local Trainning--------|
2026-01-22 09:41:12 [INFO]  Using provided lambda_align_initial: 20.0
2026-01-22 09:41:45 [INFO]  Epoch 90 loss: 153.71379232406616; train accuracy: 0.48135101533360963; test accuracy: 0.1051
2026-01-22 09:41:45 [INFO]  Save the model in ./checkpoints/CIFAR100_alpha0.05/local_models/client_3/epoch_90.pth
2026-01-22 09:42:18 [INFO]  Epoch 91 loss: 151.00101280212402; train accuracy: 0.5290095317032739; test accuracy: 0.1108
2026-01-22 09:42:51 [INFO]  Epoch 92 loss: 147.74189376831055; train accuracy: 0.5047658516369664; test accuracy: 0.1072
2026-01-22 09:43:24 [INFO]  Epoch 93 loss: 145.86817407608032; train accuracy: 0.5154372150849564; test accuracy: 0.1094
2026-01-22 09:43:57 [INFO]  Epoch 94 loss: 142.40904474258423; train accuracy: 0.5490053874844592; test accuracy: 0.1162
2026-01-22 09:44:31 [INFO]  Epoch 95 loss: 139.14966487884521; train accuracy: 0.6035018648984667; test accuracy: 0.1256
2026-01-22 09:44:31 [INFO]  Save the model in ./checkpoints/CIFAR100_alpha0.05/local_models/client_3/epoch_95.pth
2026-01-22 09:45:04 [INFO]  Epoch 96 loss: 135.56960773468018; train accuracy: 0.5766680480729383; test accuracy: 0.1254
2026-01-22 09:45:36 [INFO]  Epoch 97 loss: 133.08729791641235; train accuracy: 0.5052838789888107; test accuracy: 0.1093
2026-01-22 09:46:08 [INFO]  Epoch 98 loss: 130.40696716308594; train accuracy: 0.5437215084956486; test accuracy: 0.1143
2026-01-22 09:46:41 [INFO]  Epoch 99 loss: 126.90827560424805; train accuracy: 0.4985495234148363; test accuracy: 0.1095
2026-01-22 09:46:41 [INFO]  Client 4 Starts Local Trainning--------|
2026-01-22 09:46:41 [INFO]  Using provided lambda_align_initial: 20.0
2026-01-22 09:47:16 [INFO]  Epoch 90 loss: 158.63856601715088; train accuracy: 0.7322352039839112; test accuracy: 0.165
2026-01-22 09:47:17 [INFO]  Save the model in ./checkpoints/CIFAR100_alpha0.05/local_models/client_4/epoch_90.pth
2026-01-22 09:47:51 [INFO]  Epoch 91 loss: 156.84301137924194; train accuracy: 0.6521739130434783; test accuracy: 0.1451
2026-01-22 09:48:26 [INFO]  Epoch 92 loss: 152.90074968338013; train accuracy: 0.675828385366788; test accuracy: 0.151
2026-01-22 09:49:00 [INFO]  Epoch 93 loss: 150.53268098831177; train accuracy: 0.6981421183681287; test accuracy: 0.1571
2026-01-22 09:49:34 [INFO]  Epoch 94 loss: 145.7272915840149; train accuracy: 0.6588776096533231; test accuracy: 0.1468
2026-01-22 09:50:08 [INFO]  Epoch 95 loss: 143.36952114105225; train accuracy: 0.6565791993870906; test accuracy: 0.1499
2026-01-22 09:50:08 [INFO]  Save the model in ./checkpoints/CIFAR100_alpha0.05/local_models/client_4/epoch_95.pth
2026-01-22 09:50:42 [INFO]  Epoch 96 loss: 140.17544651031494; train accuracy: 0.7014939666730512; test accuracy: 0.1548
2026-01-22 09:51:16 [INFO]  Epoch 97 loss: 135.81102895736694; train accuracy: 0.67314690672285; test accuracy: 0.1489
2026-01-22 09:51:51 [INFO]  Epoch 98 loss: 133.03653478622437; train accuracy: 0.6209538402604865; test accuracy: 0.142
2026-01-22 09:52:24 [INFO]  Epoch 99 loss: 131.24188566207886; train accuracy: 0.7177743727255315; test accuracy: 0.1589
2026-01-22 09:52:24 [INFO]  Round 9 Finish--------|
2026-01-22 09:52:24 [INFO]  Model variance: mean: 0.0053781261667609215, sum: 60342.75
2026-01-22 09:52:24 [INFO]  g_protos_std (global internal): 0.935400
2026-01-22 09:52:24 [INFO]  inter_client_proto_std (cross-client): 0.067907
2026-01-22 09:52:24 [INFO]  g_protos_std (global internal): 0.935400
2026-01-22 09:52:24 [INFO]  inter_client_proto_std (cross-client): 0.067907
2026-01-22 09:52:24 [INFO]  V7 Training | Using Simple Feature-level Server.
2026-01-22 09:52:29 [INFO]  The test accuracy of OursV7+SimpleFeatureServer: 0.4481
2026-01-22 09:52:29 [INFO]  Save config to ./checkpoints/CIFAR100_alpha0.05/baselines_OursV7+SimpleFeatureServer_CIFAR10_results.yaml
