2026-01-22 04:55:26 [INFO]  Load config from configs/CIFAR100_alpha0.05_seed114514.yaml
2026-01-22 04:55:26 [INFO]  config: {'exp_name': 'CIFAR100_alpha0.05', 'dataset': {'data_name': 'CIFAR100', 'root_path': 'H:/codes/dataset', 'train_batch_size': 512, 'test_batch_size': 256, 'channels': 3, 'num_classes': 100, 'image_size': 32}, 'distribution': {'type': 'dirichlet', 'label_num_per_client': 2, 'alpha': 0.05}, 'client': {'num_clients': 5}, 'server': {'num_rounds': 10, 'frac_clients': 1.0, 'lr': 0.05, 'local_epochs': 10, 'optimizer': 'sgd', 'momentum': 0.9, 'weight_decay': 0.0001, 'loss_name': 'ce', 'model_name': 'resnet18', 'aggregated_by_datasize': True, 'lr_decay_per_round': 0.998}, 'device': 'cuda:0', 'checkpoint': {'save_path': './checkpoints/', 'save_freq': 5, 'result_file': 'CIFAR10_results.yaml'}, 'pretrain': {'lr': 0.01, 'epoch': 70, 'model_path': './pretrain/', 'momentum': 0.9, 'weight_decay': 0.0001, 'model_name': 'resnet18', 'model_file_name': 'resnet18-f37072fd.pth'}, 'DBCD': {'alpha_l_pa': 1, 'alpha_l_pb': 1, 'alpha_l_pc': 0.0, 'Beta_alpha': 0.2, 'unsup_method': 'infonce', 'contrastive_temperature': 0.5, 'encoder_epoch': 40, 'projector_epoch': 10, 'use_pretrain': False, 'aug_batch_size': 512, 'encoder_lr': 0.03, 'cls_optimizer': 'sgd', 'cls_lr': 0.05, 'supcon_temp': 0.07, 'super_gr': 100, 'aux_with_public': True}, 'etf': {'loss_name': 'ce'}, 'visualization': {'interval': 5, 'save_path': 'visualization/resnet18', 'vis_size': 16}, 'resume': True, 'resume_best': False, 'seed': 114514, 'lambda_align_initial': 20.0, 'v9_config': {'use_adaptive_lambda': True, 'lambda_min': 0.1, 'lambda_max': 20.0, 'use_server_optimization': False, 'server_lr': 0.001, 'server_epochs': 20, 'gamma_etf_reg': 0.1}, 'v10_config': {'use_uncertainty_weighting': True, 'sigma_lr': 0.005}}
2026-01-22 04:55:28 [INFO]  Dataset CIFAR100 loaded
2026-01-22 04:55:28 [INFO]  Dataset index dict loaded from preprocessed_data/CIFAR100.pt
2026-01-22 04:55:28 [INFO]  Data distribution generated correctly using the corrected dirichlet function.
2026-01-22 04:55:28 [INFO]  Total assigned samples: 50000
2026-01-22 04:55:28 [INFO]  OneshotOurs
2026-01-22 04:55:29 [INFO]  Round 0 starts--------|
2026-01-22 04:55:29 [INFO]  Client 0 Starts Local Trainning--------|
2026-01-22 04:55:39 [INFO]  generating sample per sample
2026-01-22 04:56:09 [INFO]  Epoch 0 loss: 291.9545726776123; train accuracy: 0.02979578172079009; test accuracy: 0.011
2026-01-22 04:56:09 [INFO]  Save the model in ./checkpoints/CIFAR100_alpha0.05/local_models/client_0/epoch_0.pth
2026-01-22 04:56:39 [INFO]  Epoch 1 loss: 248.50299739837646; train accuracy: 0.08124093293159246; test accuracy: 0.0169
2026-01-22 04:57:09 [INFO]  Epoch 2 loss: 232.45589447021484; train accuracy: 0.09262359111706282; test accuracy: 0.0187
2026-01-22 04:57:40 [INFO]  Epoch 3 loss: 226.57164192199707; train accuracy: 0.0918424283004129; test accuracy: 0.0174
2026-01-22 04:58:11 [INFO]  Epoch 4 loss: 221.7171277999878; train accuracy: 0.09909608302644794; test accuracy: 0.0229
2026-01-22 04:58:41 [INFO]  Epoch 5 loss: 218.96943759918213; train accuracy: 0.11315701372614663; test accuracy: 0.0229
2026-01-22 04:58:41 [INFO]  Save the model in ./checkpoints/CIFAR100_alpha0.05/local_models/client_0/epoch_5.pth
2026-01-22 04:59:12 [INFO]  Epoch 6 loss: 216.32623100280762; train accuracy: 0.12063385782836737; test accuracy: 0.0306
2026-01-22 04:59:41 [INFO]  Epoch 7 loss: 213.19023418426514; train accuracy: 0.06360897221292267; test accuracy: 0.0123
2026-01-22 05:00:13 [INFO]  Epoch 8 loss: 211.34077167510986; train accuracy: 0.14228322731837964; test accuracy: 0.0338
2026-01-22 05:00:47 [INFO]  Epoch 9 loss: 208.3708152770996; train accuracy: 0.07387568351746457; test accuracy: 0.0213
2026-01-22 05:00:47 [INFO]  Client 1 Starts Local Trainning--------|
2026-01-22 05:00:55 [INFO]  generating sample per sample
2026-01-22 05:01:19 [INFO]  Epoch 0 loss: 232.3857593536377; train accuracy: 0.10913109545517337; test accuracy: 0.0185
2026-01-22 05:01:20 [INFO]  Save the model in ./checkpoints/CIFAR100_alpha0.05/local_models/client_1/epoch_0.pth
2026-01-22 05:01:44 [INFO]  Epoch 1 loss: 191.39922618865967; train accuracy: 0.10498687664041995; test accuracy: 0.0215
2026-01-22 05:02:09 [INFO]  Epoch 2 loss: 180.3949737548828; train accuracy: 0.15002072109407377; test accuracy: 0.0241
2026-01-22 05:02:33 [INFO]  Epoch 3 loss: 176.1837863922119; train accuracy: 0.10705898604779665; test accuracy: 0.0249
2026-01-22 05:02:59 [INFO]  Epoch 4 loss: 172.24388599395752; train accuracy: 0.17543859649122806; test accuracy: 0.0302
2026-01-22 05:03:23 [INFO]  Epoch 5 loss: 168.461895942688; train accuracy: 0.17820140903439702; test accuracy: 0.0282
2026-01-22 05:03:24 [INFO]  Save the model in ./checkpoints/CIFAR100_alpha0.05/local_models/client_1/epoch_5.pth
2026-01-22 05:03:49 [INFO]  Epoch 6 loss: 166.7978172302246; train accuracy: 0.1968503937007874; test accuracy: 0.0346
2026-01-22 05:04:14 [INFO]  Epoch 7 loss: 164.4710178375244; train accuracy: 0.24381820693465947; test accuracy: 0.0419
2026-01-22 05:04:39 [INFO]  Epoch 8 loss: 160.72838687896729; train accuracy: 0.27462356679099326; test accuracy: 0.0512
2026-01-22 05:05:03 [INFO]  Epoch 9 loss: 158.78396606445312; train accuracy: 0.2123221439425335; test accuracy: 0.0362
2026-01-22 05:05:03 [INFO]  Client 2 Starts Local Trainning--------|
2026-01-22 05:05:17 [INFO]  generating sample per sample
2026-01-22 05:05:57 [INFO]  Epoch 0 loss: 367.6226463317871; train accuracy: 0.07730289784685122; test accuracy: 0.0188
2026-01-22 05:05:57 [INFO]  Save the model in ./checkpoints/CIFAR100_alpha0.05/local_models/client_2/epoch_0.pth
2026-01-22 05:06:38 [INFO]  Epoch 1 loss: 320.97374629974365; train accuracy: 0.11040958394042416; test accuracy: 0.0276
2026-01-22 05:07:18 [INFO]  Epoch 2 loss: 307.3351011276245; train accuracy: 0.09405860450056662; test accuracy: 0.0243
2026-01-22 05:08:02 [INFO]  Epoch 3 loss: 300.2170686721802; train accuracy: 0.0938157681722519; test accuracy: 0.0271
2026-01-22 05:08:43 [INFO]  Epoch 4 loss: 293.79362392425537; train accuracy: 0.14885866925692084; test accuracy: 0.0359
2026-01-22 05:09:26 [INFO]  Epoch 5 loss: 288.6144905090332; train accuracy: 0.10895256597053586; test accuracy: 0.0306
2026-01-22 05:09:26 [INFO]  Save the model in ./checkpoints/CIFAR100_alpha0.05/local_models/client_2/epoch_5.pth
2026-01-22 05:10:09 [INFO]  Epoch 6 loss: 283.0477590560913; train accuracy: 0.1562247045491339; test accuracy: 0.0416
2026-01-22 05:10:52 [INFO]  Epoch 7 loss: 277.57476234436035; train accuracy: 0.15654848632022017; test accuracy: 0.0421
2026-01-22 05:11:34 [INFO]  Epoch 8 loss: 272.38957118988037; train accuracy: 0.15314877772381416; test accuracy: 0.0427
2026-01-22 05:12:15 [INFO]  Epoch 9 loss: 266.6369152069092; train accuracy: 0.1397118342237332; test accuracy: 0.0379
2026-01-22 05:12:15 [INFO]  Client 3 Starts Local Trainning--------|
2026-01-22 05:12:26 [INFO]  generating sample per sample
2026-01-22 05:13:03 [INFO]  Epoch 0 loss: 318.63805961608887; train accuracy: 0.07688647825673232; test accuracy: 0.017
2026-01-22 05:13:03 [INFO]  Save the model in ./checkpoints/CIFAR100_alpha0.05/local_models/client_3/epoch_0.pth
2026-01-22 05:13:40 [INFO]  Epoch 1 loss: 273.8910884857178; train accuracy: 0.08716338376629555; test accuracy: 0.0222
2026-01-22 05:14:18 [INFO]  Epoch 2 loss: 262.49841594696045; train accuracy: 0.08440384432391283; test accuracy: 0.0198
2026-01-22 05:14:56 [INFO]  Epoch 3 loss: 256.10746479034424; train accuracy: 0.0911599581311257; test accuracy: 0.0187
2026-01-22 05:15:32 [INFO]  Epoch 4 loss: 249.4329071044922; train accuracy: 0.09867732419830622; test accuracy: 0.0208
2026-01-22 05:16:09 [INFO]  Epoch 5 loss: 245.18868923187256; train accuracy: 0.17794271576743745; test accuracy: 0.0378
2026-01-22 05:16:09 [INFO]  Save the model in ./checkpoints/CIFAR100_alpha0.05/local_models/client_3/epoch_5.pth
2026-01-22 05:16:45 [INFO]  Epoch 6 loss: 240.4176025390625; train accuracy: 0.11894566561994481; test accuracy: 0.0271
2026-01-22 05:17:22 [INFO]  Epoch 7 loss: 235.59808158874512; train accuracy: 0.11618612617756209; test accuracy: 0.0237
2026-01-22 05:17:59 [INFO]  Epoch 8 loss: 233.3883514404297; train accuracy: 0.2146731373108764; test accuracy: 0.0465
2026-01-22 05:18:34 [INFO]  Epoch 9 loss: 229.96586990356445; train accuracy: 0.16395470549053193; test accuracy: 0.0373
2026-01-22 05:18:34 [INFO]  Client 4 Starts Local Trainning--------|
2026-01-22 05:18:46 [INFO]  generating sample per sample
2026-01-22 05:19:23 [INFO]  Epoch 0 loss: 341.9361400604248; train accuracy: 0.05943128828746457; test accuracy: 0.0126
2026-01-22 05:19:24 [INFO]  Save the model in ./checkpoints/CIFAR100_alpha0.05/local_models/client_4/epoch_0.pth
2026-01-22 05:19:58 [INFO]  Epoch 1 loss: 292.82520389556885; train accuracy: 0.057419767760811924; test accuracy: 0.0123
2026-01-22 05:20:33 [INFO]  Epoch 2 loss: 280.1645631790161; train accuracy: 0.08439242936819968; test accuracy: 0.0164
2026-01-22 05:21:07 [INFO]  Epoch 3 loss: 274.5253963470459; train accuracy: 0.08996982719210021; test accuracy: 0.02
2026-01-22 05:21:45 [INFO]  Epoch 4 loss: 269.06358337402344; train accuracy: 0.07945506080277956; test accuracy: 0.0159
2026-01-22 05:22:19 [INFO]  Epoch 5 loss: 265.5506525039673; train accuracy: 0.11904544207735211; test accuracy: 0.0243
2026-01-22 05:22:19 [INFO]  Save the model in ./checkpoints/CIFAR100_alpha0.05/local_models/client_4/epoch_5.pth
2026-01-22 05:22:56 [INFO]  Epoch 6 loss: 261.4166316986084; train accuracy: 0.10414190362988023; test accuracy: 0.0233
2026-01-22 05:23:33 [INFO]  Epoch 7 loss: 257.60849475860596; train accuracy: 0.0934442717381366; test accuracy: 0.0216
2026-01-22 05:24:10 [INFO]  Epoch 8 loss: 253.7051420211792; train accuracy: 0.10990216695620371; test accuracy: 0.0243
2026-01-22 05:24:47 [INFO]  Epoch 9 loss: 250.39853954315186; train accuracy: 0.13303465301270914; test accuracy: 0.0293
2026-01-22 05:24:47 [INFO]  Round 0 Finish--------|
2026-01-22 05:24:47 [INFO]  Model variance: mean: 0.0016171988099813461, sum: 18145.0234375
2026-01-22 05:24:47 [INFO]  g_protos_std (global internal): 0.999880
2026-01-22 05:24:47 [INFO]  inter_client_proto_std (cross-client): 0.005990
2026-01-22 05:24:47 [INFO]  g_protos_std (global internal): 0.999880
2026-01-22 05:24:47 [INFO]  inter_client_proto_std (cross-client): 0.005990
2026-01-22 05:24:47 [INFO]  V4 Training | Using Simple Feature-level Server.
2026-01-22 05:24:53 [INFO]  The test accuracy of OursV4+SimpleFeatureServer: 0.1427
2026-01-22 05:24:53 [INFO]  Save config to ./checkpoints/CIFAR100_alpha0.05/baselines_OursV4+SimpleFeatureServer_CIFAR10_results.yaml
2026-01-22 05:24:53 [INFO]  Round 1 starts--------|
2026-01-22 05:24:53 [INFO]  Client 0 Starts Local Trainning--------|
2026-01-22 05:25:24 [INFO]  Epoch 10 loss: 206.31347846984863; train accuracy: 0.1681731949559201; test accuracy: 0.0384
2026-01-22 05:25:24 [INFO]  Save the model in ./checkpoints/CIFAR100_alpha0.05/local_models/client_0/epoch_10.pth
2026-01-22 05:25:56 [INFO]  Epoch 11 loss: 203.89144706726074; train accuracy: 0.13770784510657294; test accuracy: 0.033
2026-01-22 05:26:27 [INFO]  Epoch 12 loss: 202.3089723587036; train accuracy: 0.1214150206450173; test accuracy: 0.028
2026-01-22 05:26:59 [INFO]  Epoch 13 loss: 200.26394271850586; train accuracy: 0.12788751255440242; test accuracy: 0.0325
2026-01-22 05:27:30 [INFO]  Epoch 14 loss: 197.81864261627197; train accuracy: 0.14775136703492914; test accuracy: 0.0316
2026-01-22 05:28:02 [INFO]  Epoch 15 loss: 195.28447914123535; train accuracy: 0.19651824573150317; test accuracy: 0.0438
2026-01-22 05:28:03 [INFO]  Save the model in ./checkpoints/CIFAR100_alpha0.05/local_models/client_0/epoch_15.pth
2026-01-22 05:28:37 [INFO]  Epoch 16 loss: 193.73487949371338; train accuracy: 0.1870326972436112; test accuracy: 0.0422
2026-01-22 05:29:10 [INFO]  Epoch 17 loss: 192.50588130950928; train accuracy: 0.14295279544693673; test accuracy: 0.0258
2026-01-22 05:29:41 [INFO]  Epoch 18 loss: 190.421067237854; train accuracy: 0.18156455752706172; test accuracy: 0.0451
2026-01-22 05:30:15 [INFO]  Epoch 19 loss: 188.07894229888916; train accuracy: 0.18145296283896886; test accuracy: 0.0423
2026-01-22 05:30:15 [INFO]  Client 1 Starts Local Trainning--------|
2026-01-22 05:30:41 [INFO]  Epoch 10 loss: 156.2971248626709; train accuracy: 0.2076253626191463; test accuracy: 0.0394
2026-01-22 05:30:41 [INFO]  Save the model in ./checkpoints/CIFAR100_alpha0.05/local_models/client_1/epoch_10.pth
2026-01-22 05:31:08 [INFO]  Epoch 11 loss: 155.8370018005371; train accuracy: 0.2906478795413731; test accuracy: 0.0527
2026-01-22 05:31:34 [INFO]  Epoch 12 loss: 153.48583698272705; train accuracy: 0.27614311368973615; test accuracy: 0.0454
2026-01-22 05:32:02 [INFO]  Epoch 13 loss: 152.23701763153076; train accuracy: 0.3040475203757425; test accuracy: 0.051
2026-01-22 05:32:30 [INFO]  Epoch 14 loss: 150.43921947479248; train accuracy: 0.35294930238983285; test accuracy: 0.0596
2026-01-22 05:32:56 [INFO]  Epoch 15 loss: 148.2747678756714; train accuracy: 0.2867799419809366; test accuracy: 0.0525
2026-01-22 05:32:56 [INFO]  Save the model in ./checkpoints/CIFAR100_alpha0.05/local_models/client_1/epoch_15.pth
2026-01-22 05:33:24 [INFO]  Epoch 16 loss: 147.5844955444336; train accuracy: 0.24423262881613483; test accuracy: 0.0466
2026-01-22 05:33:50 [INFO]  Epoch 17 loss: 147.15819644927979; train accuracy: 0.34010222406409724; test accuracy: 0.0597
2026-01-22 05:34:17 [INFO]  Epoch 18 loss: 143.57793712615967; train accuracy: 0.31938112999033014; test accuracy: 0.0555
2026-01-22 05:34:43 [INFO]  Epoch 19 loss: 143.33859968185425; train accuracy: 0.3728415527006493; test accuracy: 0.0663
2026-01-22 05:34:43 [INFO]  Client 2 Starts Local Trainning--------|
2026-01-22 05:35:29 [INFO]  Epoch 10 loss: 263.3837995529175; train accuracy: 0.20916302412174195; test accuracy: 0.0588
2026-01-22 05:35:29 [INFO]  Save the model in ./checkpoints/CIFAR100_alpha0.05/local_models/client_2/epoch_10.pth
2026-01-22 05:36:14 [INFO]  Epoch 11 loss: 258.9818105697632; train accuracy: 0.2095677513355998; test accuracy: 0.0567
2026-01-22 05:36:59 [INFO]  Epoch 12 loss: 255.40559577941895; train accuracy: 0.26234418002266474; test accuracy: 0.0731
2026-01-22 05:37:44 [INFO]  Epoch 13 loss: 251.87617301940918; train accuracy: 0.2370082564351627; test accuracy: 0.0653
2026-01-22 05:38:29 [INFO]  Epoch 14 loss: 250.80011463165283; train accuracy: 0.1988829528897523; test accuracy: 0.0559
2026-01-22 05:39:14 [INFO]  Epoch 15 loss: 247.06917190551758; train accuracy: 0.20794884248016837; test accuracy: 0.0579
2026-01-22 05:39:14 [INFO]  Save the model in ./checkpoints/CIFAR100_alpha0.05/local_models/client_2/epoch_15.pth
2026-01-22 05:40:00 [INFO]  Epoch 16 loss: 241.53308296203613; train accuracy: 0.21410069613080784; test accuracy: 0.0584
2026-01-22 05:40:46 [INFO]  Epoch 17 loss: 240.21720504760742; train accuracy: 0.2892180670228266; test accuracy: 0.0782
2026-01-22 05:41:31 [INFO]  Epoch 18 loss: 236.21123504638672; train accuracy: 0.27319086935405534; test accuracy: 0.0748
2026-01-22 05:42:17 [INFO]  Epoch 19 loss: 232.62137460708618; train accuracy: 0.29261777561923263; test accuracy: 0.0795
2026-01-22 05:42:17 [INFO]  Client 3 Starts Local Trainning--------|
2026-01-22 05:43:01 [INFO]  Epoch 10 loss: 226.55999565124512; train accuracy: 0.21924065087068229; test accuracy: 0.0529
2026-01-22 05:43:02 [INFO]  Save the model in ./checkpoints/CIFAR100_alpha0.05/local_models/client_3/epoch_10.pth
2026-01-22 05:43:39 [INFO]  Epoch 11 loss: 225.1120843887329; train accuracy: 0.20848796269863926; test accuracy: 0.051
2026-01-22 05:44:19 [INFO]  Epoch 12 loss: 222.3590383529663; train accuracy: 0.22685317347035874; test accuracy: 0.0492
2026-01-22 05:44:58 [INFO]  Epoch 13 loss: 219.27956676483154; train accuracy: 0.17746693310495765; test accuracy: 0.0412
2026-01-22 05:45:38 [INFO]  Epoch 14 loss: 216.79308414459229; train accuracy: 0.206870301646208; test accuracy: 0.048
2026-01-22 05:46:18 [INFO]  Epoch 15 loss: 214.6558837890625; train accuracy: 0.23789133123988962; test accuracy: 0.0579
2026-01-22 05:46:18 [INFO]  Save the model in ./checkpoints/CIFAR100_alpha0.05/local_models/client_3/epoch_15.pth
2026-01-22 05:46:58 [INFO]  Epoch 16 loss: 211.2077932357788; train accuracy: 0.26405937767627746; test accuracy: 0.0647
2026-01-22 05:47:38 [INFO]  Epoch 17 loss: 208.79561138153076; train accuracy: 0.23132553049766866; test accuracy: 0.0559
2026-01-22 05:48:18 [INFO]  Epoch 18 loss: 207.29481887817383; train accuracy: 0.28537444095537157; test accuracy: 0.0636
2026-01-22 05:48:58 [INFO]  Epoch 19 loss: 204.69976043701172; train accuracy: 0.33523646398325246; test accuracy: 0.0782
2026-01-22 05:48:59 [INFO]  Client 4 Starts Local Trainning--------|
2026-01-22 05:49:38 [INFO]  Epoch 10 loss: 246.01558685302734; train accuracy: 0.14647526744079728; test accuracy: 0.0337
2026-01-22 05:49:39 [INFO]  Save the model in ./checkpoints/CIFAR100_alpha0.05/local_models/client_4/epoch_10.pth
2026-01-22 05:50:22 [INFO]  Epoch 11 loss: 244.4668550491333; train accuracy: 0.15945871811282802; test accuracy: 0.0374
2026-01-22 05:51:04 [INFO]  Epoch 12 loss: 241.59381008148193; train accuracy: 0.1572643320837524; test accuracy: 0.0361
2026-01-22 05:51:44 [INFO]  Epoch 13 loss: 237.50761032104492; train accuracy: 0.21020389503520162; test accuracy: 0.0487
2026-01-22 05:52:24 [INFO]  Epoch 14 loss: 234.7478542327881; train accuracy: 0.14830392246502697; test accuracy: 0.0356
2026-01-22 05:53:03 [INFO]  Epoch 15 loss: 233.12601566314697; train accuracy: 0.2273018195117491; test accuracy: 0.0542
2026-01-22 05:53:03 [INFO]  Save the model in ./checkpoints/CIFAR100_alpha0.05/local_models/client_4/epoch_15.pth
2026-01-22 05:53:43 [INFO]  Epoch 16 loss: 229.78437995910645; train accuracy: 0.2627777269818049; test accuracy: 0.0613
2026-01-22 05:54:25 [INFO]  Epoch 17 loss: 227.971604347229; train accuracy: 0.24878851604644783; test accuracy: 0.0564
2026-01-22 05:55:06 [INFO]  Epoch 18 loss: 225.58458518981934; train accuracy: 0.21788424613696625; test accuracy: 0.0517
2026-01-22 05:55:45 [INFO]  Epoch 19 loss: 224.0441951751709; train accuracy: 0.23159915881868887; test accuracy: 0.0527
2026-01-22 05:55:45 [INFO]  Round 1 Finish--------|
2026-01-22 05:55:45 [INFO]  Model variance: mean: 0.0022013920824974775, sum: 24699.69140625
2026-01-22 05:55:45 [INFO]  g_protos_std (global internal): 1.000067
2026-01-22 05:55:45 [INFO]  inter_client_proto_std (cross-client): 0.007818
2026-01-22 05:55:45 [INFO]  g_protos_std (global internal): 1.000067
2026-01-22 05:55:45 [INFO]  inter_client_proto_std (cross-client): 0.007818
2026-01-22 05:55:45 [INFO]  V4 Training | Using Simple Feature-level Server.
2026-01-22 05:55:51 [INFO]  The test accuracy of OursV4+SimpleFeatureServer: 0.2088
2026-01-22 05:55:51 [INFO]  Save config to ./checkpoints/CIFAR100_alpha0.05/baselines_OursV4+SimpleFeatureServer_CIFAR10_results.yaml
2026-01-22 05:55:51 [INFO]  Round 2 starts--------|
2026-01-22 05:55:51 [INFO]  Client 0 Starts Local Trainning--------|
2026-01-22 05:56:21 [INFO]  Epoch 20 loss: 184.88397121429443; train accuracy: 0.2297734627831715; test accuracy: 0.0517
2026-01-22 05:56:22 [INFO]  Save the model in ./checkpoints/CIFAR100_alpha0.05/local_models/client_0/epoch_20.pth
2026-01-22 05:56:55 [INFO]  Epoch 21 loss: 184.55861854553223; train accuracy: 0.2285459212141502; test accuracy: 0.0533
2026-01-22 05:57:30 [INFO]  Epoch 22 loss: 182.55237674713135; train accuracy: 0.25588661979689764; test accuracy: 0.0571
2026-01-22 05:58:04 [INFO]  Epoch 23 loss: 180.73322010040283; train accuracy: 0.2530967525945765; test accuracy: 0.0587
2026-01-22 05:58:37 [INFO]  Epoch 24 loss: 178.35541820526123; train accuracy: 0.30331436223635755; test accuracy: 0.0681
2026-01-22 05:59:09 [INFO]  Epoch 25 loss: 177.81681156158447; train accuracy: 0.2711750920656177; test accuracy: 0.0606
2026-01-22 05:59:14 [INFO]  Save the model in ./checkpoints/CIFAR100_alpha0.05/local_models/client_0/epoch_25.pth
2026-01-22 05:59:46 [INFO]  Epoch 26 loss: 176.84482860565186; train accuracy: 0.3055462559982145; test accuracy: 0.0696
2026-01-22 06:00:20 [INFO]  Epoch 27 loss: 174.52194023132324; train accuracy: 0.2922664881151657; test accuracy: 0.0667
2026-01-22 06:00:52 [INFO]  Epoch 28 loss: 172.48135375976562; train accuracy: 0.2826693449391809; test accuracy: 0.0657
2026-01-22 06:01:25 [INFO]  Epoch 29 loss: 172.0517978668213; train accuracy: 0.27017073987278206; test accuracy: 0.062
2026-01-22 06:01:25 [INFO]  Client 1 Starts Local Trainning--------|
2026-01-22 06:01:51 [INFO]  Epoch 20 loss: 140.80214595794678; train accuracy: 0.31081641110650643; test accuracy: 0.0564
2026-01-22 06:01:52 [INFO]  Save the model in ./checkpoints/CIFAR100_alpha0.05/local_models/client_1/epoch_20.pth
2026-01-22 06:02:19 [INFO]  Epoch 21 loss: 140.06106090545654; train accuracy: 0.3667633651056776; test accuracy: 0.0654
2026-01-22 06:02:46 [INFO]  Epoch 22 loss: 139.1147084236145; train accuracy: 0.37933416217709626; test accuracy: 0.0668
2026-01-22 06:03:13 [INFO]  Epoch 23 loss: 137.7492904663086; train accuracy: 0.3963254593175853; test accuracy: 0.0727
2026-01-22 06:03:40 [INFO]  Epoch 24 loss: 136.69281101226807; train accuracy: 0.40640972510015194; test accuracy: 0.0701
2026-01-22 06:04:10 [INFO]  Epoch 25 loss: 136.45236110687256; train accuracy: 0.4120734908136483; test accuracy: 0.0715
2026-01-22 06:04:11 [INFO]  Save the model in ./checkpoints/CIFAR100_alpha0.05/local_models/client_1/epoch_25.pth
2026-01-22 06:04:39 [INFO]  Epoch 26 loss: 134.8717179298401; train accuracy: 0.4272689598010775; test accuracy: 0.0724
2026-01-22 06:05:04 [INFO]  Epoch 27 loss: 133.5732831954956; train accuracy: 0.386655615416494; test accuracy: 0.0677
2026-01-22 06:05:33 [INFO]  Epoch 28 loss: 132.5792465209961; train accuracy: 0.4191186627987291; test accuracy: 0.0737
2026-01-22 06:06:01 [INFO]  Epoch 29 loss: 132.0447998046875; train accuracy: 0.4047520375742506; test accuracy: 0.071
2026-01-22 06:06:01 [INFO]  Client 2 Starts Local Trainning--------|
2026-01-22 06:06:47 [INFO]  Epoch 20 loss: 230.9718770980835; train accuracy: 0.33414278776104905; test accuracy: 0.0883
2026-01-22 06:06:48 [INFO]  Save the model in ./checkpoints/CIFAR100_alpha0.05/local_models/client_2/epoch_20.pth
2026-01-22 06:07:33 [INFO]  Epoch 21 loss: 228.49609851837158; train accuracy: 0.31738708110733366; test accuracy: 0.0872
2026-01-22 06:08:22 [INFO]  Epoch 22 loss: 226.93523406982422; train accuracy: 0.2824186498300146; test accuracy: 0.0779
2026-01-22 06:09:09 [INFO]  Epoch 23 loss: 224.14949560165405; train accuracy: 0.2730289784685122; test accuracy: 0.0744
2026-01-22 06:09:54 [INFO]  Epoch 24 loss: 220.35312175750732; train accuracy: 0.3669256920835357; test accuracy: 0.0971
2026-01-22 06:10:43 [INFO]  Epoch 25 loss: 220.26587772369385; train accuracy: 0.32086773514651123; test accuracy: 0.089
2026-01-22 06:10:43 [INFO]  Save the model in ./checkpoints/CIFAR100_alpha0.05/local_models/client_2/epoch_25.pth
2026-01-22 06:11:32 [INFO]  Epoch 26 loss: 218.76483631134033; train accuracy: 0.322810425773029; test accuracy: 0.0845
2026-01-22 06:12:18 [INFO]  Epoch 27 loss: 215.66779232025146; train accuracy: 0.33721871458636876; test accuracy: 0.0914
2026-01-22 06:13:08 [INFO]  Epoch 28 loss: 215.63223552703857; train accuracy: 0.3479035130322163; test accuracy: 0.0942
2026-01-22 06:13:57 [INFO]  Epoch 29 loss: 212.0251898765564; train accuracy: 0.3977659057795046; test accuracy: 0.1051
2026-01-22 06:13:57 [INFO]  Client 3 Starts Local Trainning--------|
2026-01-22 06:14:37 [INFO]  Epoch 20 loss: 201.9417266845703; train accuracy: 0.2755733181082881; test accuracy: 0.0701
2026-01-22 06:14:37 [INFO]  Save the model in ./checkpoints/CIFAR100_alpha0.05/local_models/client_3/epoch_20.pth
2026-01-22 06:15:17 [INFO]  Epoch 21 loss: 201.67038249969482; train accuracy: 0.29260633742506426; test accuracy: 0.0728
2026-01-22 06:15:59 [INFO]  Epoch 22 loss: 199.32503700256348; train accuracy: 0.3621657626796079; test accuracy: 0.0855
2026-01-22 06:16:40 [INFO]  Epoch 23 loss: 197.26576614379883; train accuracy: 0.34018460367304215; test accuracy: 0.0796
2026-01-22 06:17:18 [INFO]  Epoch 24 loss: 195.72104930877686; train accuracy: 0.40232181939290135; test accuracy: 0.0891
2026-01-22 06:17:58 [INFO]  Epoch 25 loss: 193.61939811706543; train accuracy: 0.32495955847368924; test accuracy: 0.0746
2026-01-22 06:17:58 [INFO]  Save the model in ./checkpoints/CIFAR100_alpha0.05/local_models/client_3/epoch_25.pth
2026-01-22 06:18:40 [INFO]  Epoch 26 loss: 191.84533596038818; train accuracy: 0.3634027976020554; test accuracy: 0.0861
2026-01-22 06:19:19 [INFO]  Epoch 27 loss: 191.13968563079834; train accuracy: 0.3833856694262061; test accuracy: 0.0909
2026-01-22 06:20:00 [INFO]  Epoch 28 loss: 187.797589302063; train accuracy: 0.3468455609477591; test accuracy: 0.0842
2026-01-22 06:20:40 [INFO]  Epoch 29 loss: 187.3035020828247; train accuracy: 0.3573127795223142; test accuracy: 0.0845
2026-01-22 06:20:40 [INFO]  Client 4 Starts Local Trainning--------|
2026-01-22 06:21:22 [INFO]  Epoch 20 loss: 220.59389209747314; train accuracy: 0.34086129651641217; test accuracy: 0.0781
2026-01-22 06:21:23 [INFO]  Save the model in ./checkpoints/CIFAR100_alpha0.05/local_models/client_4/epoch_20.pth
2026-01-22 06:22:03 [INFO]  Epoch 21 loss: 220.64616775512695; train accuracy: 0.21084392429368198; test accuracy: 0.0527
2026-01-22 06:22:43 [INFO]  Epoch 22 loss: 218.23479747772217; train accuracy: 0.31644875194294597; test accuracy: 0.074
2026-01-22 06:23:26 [INFO]  Epoch 23 loss: 215.16943073272705; train accuracy: 0.242205357959221; test accuracy: 0.0572
2026-01-22 06:24:07 [INFO]  Epoch 24 loss: 213.88124465942383; train accuracy: 0.3191917344792905; test accuracy: 0.0724
2026-01-22 06:24:47 [INFO]  Epoch 25 loss: 212.8009214401245; train accuracy: 0.27393252262960593; test accuracy: 0.0662
2026-01-22 06:24:48 [INFO]  Save the model in ./checkpoints/CIFAR100_alpha0.05/local_models/client_4/epoch_25.pth
2026-01-22 06:25:31 [INFO]  Epoch 26 loss: 210.33272743225098; train accuracy: 0.31644875194294597; test accuracy: 0.0731
2026-01-22 06:26:15 [INFO]  Epoch 27 loss: 209.15505981445312; train accuracy: 0.281887171985005; test accuracy: 0.0656
2026-01-22 06:26:55 [INFO]  Epoch 28 loss: 206.13422679901123; train accuracy: 0.3014537807442626; test accuracy: 0.0709
2026-01-22 06:27:37 [INFO]  Epoch 29 loss: 204.08742904663086; train accuracy: 0.3606107707780927; test accuracy: 0.0873
2026-01-22 06:27:37 [INFO]  Round 2 Finish--------|
2026-01-22 06:27:37 [INFO]  Model variance: mean: 0.0026984456926584244, sum: 30276.6484375
2026-01-22 06:27:37 [INFO]  g_protos_std (global internal): 1.000210
2026-01-22 06:27:37 [INFO]  inter_client_proto_std (cross-client): 0.009053
2026-01-22 06:27:37 [INFO]  g_protos_std (global internal): 1.000210
2026-01-22 06:27:37 [INFO]  inter_client_proto_std (cross-client): 0.009053
2026-01-22 06:27:37 [INFO]  V4 Training | Using Simple Feature-level Server.
2026-01-22 06:27:44 [INFO]  The test accuracy of OursV4+SimpleFeatureServer: 0.2681
2026-01-22 06:27:44 [INFO]  Save config to ./checkpoints/CIFAR100_alpha0.05/baselines_OursV4+SimpleFeatureServer_CIFAR10_results.yaml
2026-01-22 06:27:44 [INFO]  Round 3 starts--------|
2026-01-22 06:27:44 [INFO]  Client 0 Starts Local Trainning--------|
2026-01-22 06:28:21 [INFO]  Epoch 30 loss: 169.68178939819336; train accuracy: 0.30621582412677156; test accuracy: 0.0684
2026-01-22 06:28:21 [INFO]  Save the model in ./checkpoints/CIFAR100_alpha0.05/local_models/client_0/epoch_30.pth
2026-01-22 06:28:58 [INFO]  Epoch 31 loss: 169.63257122039795; train accuracy: 0.24617788193282; test accuracy: 0.0564
2026-01-22 06:29:32 [INFO]  Epoch 32 loss: 169.21759605407715; train accuracy: 0.27150987612989624; test accuracy: 0.0675
2026-01-22 06:30:09 [INFO]  Epoch 33 loss: 168.79275798797607; train accuracy: 0.3158129673027564; test accuracy: 0.0675
2026-01-22 06:30:45 [INFO]  Epoch 34 loss: 166.72243690490723; train accuracy: 0.3403637986831827; test accuracy: 0.0758
2026-01-22 06:31:21 [INFO]  Epoch 35 loss: 165.9221544265747; train accuracy: 0.27128668675371054; test accuracy: 0.0626
2026-01-22 06:31:22 [INFO]  Save the model in ./checkpoints/CIFAR100_alpha0.05/local_models/client_0/epoch_35.pth
2026-01-22 06:31:57 [INFO]  Epoch 36 loss: 164.46424674987793; train accuracy: 0.28858386340810177; test accuracy: 0.0649
2026-01-22 06:32:32 [INFO]  Epoch 37 loss: 162.44228649139404; train accuracy: 0.3509652940520031; test accuracy: 0.0765
2026-01-22 06:33:11 [INFO]  Epoch 38 loss: 160.6251654624939; train accuracy: 0.31592456199084923; test accuracy: 0.0722
2026-01-22 06:33:46 [INFO]  Epoch 39 loss: 160.92223453521729; train accuracy: 0.31715210355987056; test accuracy: 0.0675
2026-01-22 06:33:46 [INFO]  Client 1 Starts Local Trainning--------|
2026-01-22 06:34:14 [INFO]  Epoch 30 loss: 129.73326301574707; train accuracy: 0.4170465533913524; test accuracy: 0.0737
2026-01-22 06:34:14 [INFO]  Save the model in ./checkpoints/CIFAR100_alpha0.05/local_models/client_1/epoch_30.pth
2026-01-22 06:34:43 [INFO]  Epoch 31 loss: 129.6348991394043; train accuracy: 0.45752175714877746; test accuracy: 0.0804
2026-01-22 06:35:12 [INFO]  Epoch 32 loss: 129.41952800750732; train accuracy: 0.4489570382649537; test accuracy: 0.0778
2026-01-22 06:35:40 [INFO]  Epoch 33 loss: 127.7030897140503; train accuracy: 0.3992264124879127; test accuracy: 0.0709
2026-01-22 06:36:10 [INFO]  Epoch 34 loss: 126.15255069732666; train accuracy: 0.3945296311645255; test accuracy: 0.0701
2026-01-22 06:36:37 [INFO]  Epoch 35 loss: 126.05036878585815; train accuracy: 0.43472855366763363; test accuracy: 0.0741
2026-01-22 06:36:37 [INFO]  Save the model in ./checkpoints/CIFAR100_alpha0.05/local_models/client_1/epoch_35.pth
2026-01-22 06:37:06 [INFO]  Epoch 36 loss: 125.02497959136963; train accuracy: 0.5032463047382235; test accuracy: 0.0878
2026-01-22 06:37:34 [INFO]  Epoch 37 loss: 123.65264415740967; train accuracy: 0.452134272689598; test accuracy: 0.0799
2026-01-22 06:38:04 [INFO]  Epoch 38 loss: 123.91013622283936; train accuracy: 0.4970299765160934; test accuracy: 0.0897
2026-01-22 06:38:34 [INFO]  Epoch 39 loss: 123.81327819824219; train accuracy: 0.47976239812128746; test accuracy: 0.0828
2026-01-22 06:38:34 [INFO]  Client 2 Starts Local Trainning--------|
2026-01-22 06:39:18 [INFO]  Epoch 30 loss: 209.0769910812378; train accuracy: 0.4041605957584588; test accuracy: 0.1088
2026-01-22 06:39:19 [INFO]  Save the model in ./checkpoints/CIFAR100_alpha0.05/local_models/client_2/epoch_30.pth
2026-01-22 06:40:07 [INFO]  Epoch 31 loss: 209.80708599090576; train accuracy: 0.3118018455560952; test accuracy: 0.0851
2026-01-22 06:40:55 [INFO]  Epoch 32 loss: 206.71107053756714; train accuracy: 0.39711834223733206; test accuracy: 0.1075
2026-01-22 06:41:40 [INFO]  Epoch 33 loss: 204.99786472320557; train accuracy: 0.3479844584749879; test accuracy: 0.0923
2026-01-22 06:42:27 [INFO]  Epoch 34 loss: 203.63706493377686; train accuracy: 0.4004371053909665; test accuracy: 0.1072
2026-01-22 06:43:16 [INFO]  Epoch 35 loss: 203.10554838180542; train accuracy: 0.42682531973449894; test accuracy: 0.1134
2026-01-22 06:43:16 [INFO]  Save the model in ./checkpoints/CIFAR100_alpha0.05/local_models/client_2/epoch_35.pth
2026-01-22 06:44:01 [INFO]  Epoch 36 loss: 201.86010074615479; train accuracy: 0.4537801521774324; test accuracy: 0.1208
2026-01-22 06:44:48 [INFO]  Epoch 37 loss: 199.23502445220947; train accuracy: 0.3280718795531812; test accuracy: 0.086
2026-01-22 06:45:37 [INFO]  Epoch 38 loss: 199.30279684066772; train accuracy: 0.3841670713938805; test accuracy: 0.1025
2026-01-22 06:46:23 [INFO]  Epoch 39 loss: 195.85858297348022; train accuracy: 0.38230532621013436; test accuracy: 0.1035
2026-01-22 06:46:23 [INFO]  Client 3 Starts Local Trainning--------|
2026-01-22 06:47:03 [INFO]  Epoch 30 loss: 185.09266662597656; train accuracy: 0.3895708440384432; test accuracy: 0.0927
2026-01-22 06:47:03 [INFO]  Save the model in ./checkpoints/CIFAR100_alpha0.05/local_models/client_3/epoch_30.pth
2026-01-22 06:47:44 [INFO]  Epoch 31 loss: 183.80604076385498; train accuracy: 0.3911885050908745; test accuracy: 0.0904
2026-01-22 06:48:24 [INFO]  Epoch 32 loss: 182.91872596740723; train accuracy: 0.3909030354933866; test accuracy: 0.0902
2026-01-22 06:49:02 [INFO]  Epoch 33 loss: 182.4012041091919; train accuracy: 0.4220192216195642; test accuracy: 0.099
2026-01-22 06:49:42 [INFO]  Epoch 34 loss: 181.5175313949585; train accuracy: 0.37187172899419546; test accuracy: 0.0858
2026-01-22 06:50:25 [INFO]  Epoch 35 loss: 179.5417718887329; train accuracy: 0.38157769530878294; test accuracy: 0.088
2026-01-22 06:50:25 [INFO]  Save the model in ./checkpoints/CIFAR100_alpha0.05/local_models/client_3/epoch_35.pth
2026-01-22 06:51:07 [INFO]  Epoch 36 loss: 178.96002388000488; train accuracy: 0.43733942335141307; test accuracy: 0.103
2026-01-22 06:51:48 [INFO]  Epoch 37 loss: 177.13665771484375; train accuracy: 0.3894756875059473; test accuracy: 0.0901
2026-01-22 06:52:32 [INFO]  Epoch 38 loss: 175.43407011032104; train accuracy: 0.46065277381292224; test accuracy: 0.1113
2026-01-22 06:53:14 [INFO]  Epoch 39 loss: 174.55234622955322; train accuracy: 0.4564658863831002; test accuracy: 0.1093
2026-01-22 06:53:14 [INFO]  Client 4 Starts Local Trainning--------|
2026-01-22 06:53:57 [INFO]  Epoch 30 loss: 202.6122121810913; train accuracy: 0.39380085946786136; test accuracy: 0.0896
2026-01-22 06:53:57 [INFO]  Save the model in ./checkpoints/CIFAR100_alpha0.05/local_models/client_4/epoch_30.pth
2026-01-22 06:54:40 [INFO]  Epoch 31 loss: 201.4066743850708; train accuracy: 0.39023498217061353; test accuracy: 0.0911
2026-01-22 06:55:24 [INFO]  Epoch 32 loss: 201.32930374145508; train accuracy: 0.3882234616439609; test accuracy: 0.0916
2026-01-22 06:56:07 [INFO]  Epoch 33 loss: 199.1509428024292; train accuracy: 0.3360153607022035; test accuracy: 0.0802
2026-01-22 06:56:48 [INFO]  Epoch 34 loss: 196.68721103668213; train accuracy: 0.41748194203163574; test accuracy: 0.1035
2026-01-22 06:57:31 [INFO]  Epoch 35 loss: 196.82522106170654; train accuracy: 0.41519612325134864; test accuracy: 0.0978
2026-01-22 06:57:31 [INFO]  Save the model in ./checkpoints/CIFAR100_alpha0.05/local_models/client_4/epoch_35.pth
2026-01-22 06:58:14 [INFO]  Epoch 36 loss: 194.43221950531006; train accuracy: 0.3778915607570632; test accuracy: 0.0901
2026-01-22 06:58:56 [INFO]  Epoch 37 loss: 193.97468757629395; train accuracy: 0.39672670750662886; test accuracy: 0.0965
2026-01-22 06:59:39 [INFO]  Epoch 38 loss: 191.8798589706421; train accuracy: 0.4821248971381549; test accuracy: 0.1134
2026-01-22 07:00:23 [INFO]  Epoch 39 loss: 190.51142358779907; train accuracy: 0.42982536344518607; test accuracy: 0.1004
2026-01-22 07:00:23 [INFO]  Round 3 Finish--------|
2026-01-22 07:00:23 [INFO]  Model variance: mean: 0.003136308630928397, sum: 35189.484375
2026-01-22 07:00:23 [INFO]  g_protos_std (global internal): 1.000329
2026-01-22 07:00:23 [INFO]  inter_client_proto_std (cross-client): 0.009993
2026-01-22 07:00:23 [INFO]  g_protos_std (global internal): 1.000329
2026-01-22 07:00:23 [INFO]  inter_client_proto_std (cross-client): 0.009993
2026-01-22 07:00:23 [INFO]  V4 Training | Using Simple Feature-level Server.
2026-01-22 07:00:29 [INFO]  The test accuracy of OursV4+SimpleFeatureServer: 0.293
2026-01-22 07:00:29 [INFO]  Save config to ./checkpoints/CIFAR100_alpha0.05/baselines_OursV4+SimpleFeatureServer_CIFAR10_results.yaml
2026-01-22 07:00:29 [INFO]  Round 4 starts--------|
2026-01-22 07:00:29 [INFO]  Client 0 Starts Local Trainning--------|
2026-01-22 07:01:07 [INFO]  Epoch 40 loss: 158.84744358062744; train accuracy: 0.4155786184577614; test accuracy: 0.0888
2026-01-22 07:01:07 [INFO]  Save the model in ./checkpoints/CIFAR100_alpha0.05/local_models/client_0/epoch_40.pth
2026-01-22 07:01:42 [INFO]  Epoch 41 loss: 157.62113666534424; train accuracy: 0.34527396495926793; test accuracy: 0.0756
2026-01-22 07:02:17 [INFO]  Epoch 42 loss: 157.21524953842163; train accuracy: 0.29427519250083695; test accuracy: 0.0664
2026-01-22 07:02:55 [INFO]  Epoch 43 loss: 156.7415590286255; train accuracy: 0.35699140720901684; test accuracy: 0.0766
2026-01-22 07:03:33 [INFO]  Epoch 44 loss: 155.910418510437; train accuracy: 0.366365361008816; test accuracy: 0.0789
2026-01-22 07:04:09 [INFO]  Epoch 45 loss: 155.09725856781006; train accuracy: 0.3559870550161812; test accuracy: 0.0748
2026-01-22 07:04:09 [INFO]  Save the model in ./checkpoints/CIFAR100_alpha0.05/local_models/client_0/epoch_45.pth
2026-01-22 07:04:44 [INFO]  Epoch 46 loss: 154.31784915924072; train accuracy: 0.348844994978239; test accuracy: 0.0723
2026-01-22 07:05:21 [INFO]  Epoch 47 loss: 153.31125783920288; train accuracy: 0.3584421381542239; test accuracy: 0.0759
2026-01-22 07:05:57 [INFO]  Epoch 48 loss: 152.11568689346313; train accuracy: 0.359781274411338; test accuracy: 0.078
2026-01-22 07:06:31 [INFO]  Epoch 49 loss: 151.10442638397217; train accuracy: 0.36257114161365916; test accuracy: 0.075
2026-01-22 07:06:31 [INFO]  Client 1 Starts Local Trainning--------|
2026-01-22 07:07:01 [INFO]  Epoch 40 loss: 121.78288507461548; train accuracy: 0.5629230556706727; test accuracy: 0.0985
2026-01-22 07:07:01 [INFO]  Save the model in ./checkpoints/CIFAR100_alpha0.05/local_models/client_1/epoch_40.pth
2026-01-22 07:07:31 [INFO]  Epoch 41 loss: 121.90732336044312; train accuracy: 0.4569691946401437; test accuracy: 0.0816
2026-01-22 07:08:00 [INFO]  Epoch 42 loss: 120.71927881240845; train accuracy: 0.5138831330294239; test accuracy: 0.0896
2026-01-22 07:08:30 [INFO]  Epoch 43 loss: 119.73447704315186; train accuracy: 0.45434452272413317; test accuracy: 0.0805
2026-01-22 07:08:58 [INFO]  Epoch 44 loss: 119.13092184066772; train accuracy: 0.450891007045172; test accuracy: 0.0811
2026-01-22 07:09:27 [INFO]  Epoch 45 loss: 118.56510734558105; train accuracy: 0.5170603674540682; test accuracy: 0.0883
2026-01-22 07:09:27 [INFO]  Save the model in ./checkpoints/CIFAR100_alpha0.05/local_models/client_1/epoch_45.pth
2026-01-22 07:09:56 [INFO]  Epoch 46 loss: 119.60240316390991; train accuracy: 0.5341898052217157; test accuracy: 0.0925
2026-01-22 07:10:26 [INFO]  Epoch 47 loss: 117.22307300567627; train accuracy: 0.4866694294792098; test accuracy: 0.0856
2026-01-22 07:10:57 [INFO]  Epoch 48 loss: 117.38258171081543; train accuracy: 0.5480038679375604; test accuracy: 0.0971
2026-01-22 07:11:24 [INFO]  Epoch 49 loss: 116.45072269439697; train accuracy: 0.600359165630612; test accuracy: 0.1066
2026-01-22 07:11:24 [INFO]  Client 2 Starts Local Trainning--------|
2026-01-22 07:12:14 [INFO]  Epoch 40 loss: 193.4644479751587; train accuracy: 0.4197021207706006; test accuracy: 0.1121
2026-01-22 07:12:14 [INFO]  Save the model in ./checkpoints/CIFAR100_alpha0.05/local_models/client_2/epoch_40.pth
2026-01-22 07:13:03 [INFO]  Epoch 41 loss: 194.72740507125854; train accuracy: 0.44835680751173707; test accuracy: 0.1171
2026-01-22 07:13:50 [INFO]  Epoch 42 loss: 193.72042274475098; train accuracy: 0.39995143273433703; test accuracy: 0.1049
2026-01-22 07:14:36 [INFO]  Epoch 43 loss: 192.49355697631836; train accuracy: 0.3522745669418812; test accuracy: 0.091
2026-01-22 07:15:23 [INFO]  Epoch 44 loss: 190.96294403076172; train accuracy: 0.4632507689817063; test accuracy: 0.1222
2026-01-22 07:16:10 [INFO]  Epoch 45 loss: 190.13503551483154; train accuracy: 0.4113647401651287; test accuracy: 0.1093
2026-01-22 07:16:10 [INFO]  Save the model in ./checkpoints/CIFAR100_alpha0.05/local_models/client_2/epoch_45.pth
2026-01-22 07:16:54 [INFO]  Epoch 46 loss: 187.95453453063965; train accuracy: 0.4732070584426097; test accuracy: 0.1273
2026-01-22 07:17:42 [INFO]  Epoch 47 loss: 186.80880498886108; train accuracy: 0.4927958555933301; test accuracy: 0.13
2026-01-22 07:18:29 [INFO]  Epoch 48 loss: 185.3640913963318; train accuracy: 0.5106847984458475; test accuracy: 0.1341
2026-01-22 07:19:13 [INFO]  Epoch 49 loss: 184.70581150054932; train accuracy: 0.4910960012951271; test accuracy: 0.1303
2026-01-22 07:19:13 [INFO]  Client 3 Starts Local Trainning--------|
2026-01-22 07:19:53 [INFO]  Epoch 40 loss: 173.18410539627075; train accuracy: 0.47235702730992485; test accuracy: 0.1129
2026-01-22 07:19:53 [INFO]  Save the model in ./checkpoints/CIFAR100_alpha0.05/local_models/client_3/epoch_40.pth
2026-01-22 07:20:34 [INFO]  Epoch 41 loss: 171.3093376159668; train accuracy: 0.4782567323246741; test accuracy: 0.1095
2026-01-22 07:21:16 [INFO]  Epoch 42 loss: 170.93182277679443; train accuracy: 0.4478066419259682; test accuracy: 0.1058
2026-01-22 07:21:55 [INFO]  Epoch 43 loss: 169.9338183403015; train accuracy: 0.45446759920068514; test accuracy: 0.1074
2026-01-22 07:22:36 [INFO]  Epoch 44 loss: 168.8639030456543; train accuracy: 0.4415263107812351; test accuracy: 0.1036
2026-01-22 07:23:17 [INFO]  Epoch 45 loss: 167.9777774810791; train accuracy: 0.5035683699685983; test accuracy: 0.1165
2026-01-22 07:23:18 [INFO]  Save the model in ./checkpoints/CIFAR100_alpha0.05/local_models/client_3/epoch_45.pth
2026-01-22 07:23:55 [INFO]  Epoch 46 loss: 168.05898809432983; train accuracy: 0.4567513559805881; test accuracy: 0.107
2026-01-22 07:24:35 [INFO]  Epoch 47 loss: 165.14357566833496; train accuracy: 0.49195927300409176; test accuracy: 0.1123
2026-01-22 07:25:16 [INFO]  Epoch 48 loss: 164.39923477172852; train accuracy: 0.49272052526405935; test accuracy: 0.1146
2026-01-22 07:25:57 [INFO]  Epoch 49 loss: 163.9864673614502; train accuracy: 0.5205062327528784; test accuracy: 0.1198
2026-01-22 07:25:57 [INFO]  Client 4 Starts Local Trainning--------|
2026-01-22 07:26:35 [INFO]  Epoch 40 loss: 188.64379596710205; train accuracy: 0.46420407790070406; test accuracy: 0.1113
2026-01-22 07:26:36 [INFO]  Save the model in ./checkpoints/CIFAR100_alpha0.05/local_models/client_4/epoch_40.pth
2026-01-22 07:27:16 [INFO]  Epoch 41 loss: 188.57839965820312; train accuracy: 0.48395355216238456; test accuracy: 0.1136
2026-01-22 07:27:58 [INFO]  Epoch 42 loss: 187.82073211669922; train accuracy: 0.4242479656212855; test accuracy: 0.1012
2026-01-22 07:28:40 [INFO]  Epoch 43 loss: 187.32798624038696; train accuracy: 0.41675048002194387; test accuracy: 0.1003
2026-01-22 07:29:19 [INFO]  Epoch 44 loss: 185.45267820358276; train accuracy: 0.4740788150315443; test accuracy: 0.1159
2026-01-22 07:30:02 [INFO]  Epoch 45 loss: 185.13564491271973; train accuracy: 0.5211666819054586; test accuracy: 0.1231
2026-01-22 07:30:02 [INFO]  Save the model in ./checkpoints/CIFAR100_alpha0.05/local_models/client_4/epoch_45.pth
2026-01-22 07:30:44 [INFO]  Epoch 46 loss: 182.48451232910156; train accuracy: 0.4901709792447655; test accuracy: 0.1209
2026-01-22 07:31:23 [INFO]  Epoch 47 loss: 182.23421144485474; train accuracy: 0.4853250434305568; test accuracy: 0.1223
2026-01-22 07:32:03 [INFO]  Epoch 48 loss: 181.74337339401245; train accuracy: 0.4599067385937643; test accuracy: 0.1075
2026-01-22 07:32:45 [INFO]  Epoch 49 loss: 179.91922235488892; train accuracy: 0.41272743896863856; test accuracy: 0.0992
2026-01-22 07:32:45 [INFO]  Round 4 Finish--------|
2026-01-22 07:32:45 [INFO]  Model variance: mean: 0.003529983339831233, sum: 39606.52734375
2026-01-22 07:32:45 [INFO]  g_protos_std (global internal): 1.000432
2026-01-22 07:32:45 [INFO]  inter_client_proto_std (cross-client): 0.010751
2026-01-22 07:32:45 [INFO]  g_protos_std (global internal): 1.000432
2026-01-22 07:32:45 [INFO]  inter_client_proto_std (cross-client): 0.010751
2026-01-22 07:32:45 [INFO]  V4 Training | Using Simple Feature-level Server.
2026-01-22 07:32:51 [INFO]  The test accuracy of OursV4+SimpleFeatureServer: 0.3308
2026-01-22 07:32:51 [INFO]  Save config to ./checkpoints/CIFAR100_alpha0.05/baselines_OursV4+SimpleFeatureServer_CIFAR10_results.yaml
2026-01-22 07:32:51 [INFO]  Round 5 starts--------|
2026-01-22 07:32:51 [INFO]  Client 0 Starts Local Trainning--------|
2026-01-22 07:33:26 [INFO]  Epoch 50 loss: 149.91045475006104; train accuracy: 0.4332105791764312; test accuracy: 0.091
2026-01-22 07:33:27 [INFO]  Save the model in ./checkpoints/CIFAR100_alpha0.05/local_models/client_0/epoch_50.pth
2026-01-22 07:34:00 [INFO]  Epoch 51 loss: 149.89189672470093; train accuracy: 0.3921437339582636; test accuracy: 0.0831
2026-01-22 07:34:34 [INFO]  Epoch 52 loss: 148.9554443359375; train accuracy: 0.3912509764535208; test accuracy: 0.0816
2026-01-22 07:35:10 [INFO]  Epoch 53 loss: 148.68629550933838; train accuracy: 0.34705947996875347; test accuracy: 0.0727
2026-01-22 07:35:44 [INFO]  Epoch 54 loss: 146.88403224945068; train accuracy: 0.3701595804039728; test accuracy: 0.0791
2026-01-22 07:36:16 [INFO]  Epoch 55 loss: 146.47205352783203; train accuracy: 0.41513223970539004; test accuracy: 0.0864
2026-01-22 07:36:16 [INFO]  Save the model in ./checkpoints/CIFAR100_alpha0.05/local_models/client_0/epoch_55.pth
2026-01-22 07:36:50 [INFO]  Epoch 56 loss: 145.66028356552124; train accuracy: 0.4031916080794554; test accuracy: 0.0839
2026-01-22 07:37:25 [INFO]  Epoch 57 loss: 147.2924451828003; train accuracy: 0.35029572592344604; test accuracy: 0.0771
2026-01-22 07:37:58 [INFO]  Epoch 58 loss: 144.78924131393433; train accuracy: 0.43164825354313135; test accuracy: 0.0915
2026-01-22 07:38:30 [INFO]  Epoch 59 loss: 145.4730682373047; train accuracy: 0.40732061153889076; test accuracy: 0.086
2026-01-22 07:38:30 [INFO]  Client 1 Starts Local Trainning--------|
2026-01-22 07:38:56 [INFO]  Epoch 50 loss: 114.93907880783081; train accuracy: 0.5354330708661418; test accuracy: 0.0958
2026-01-22 07:38:57 [INFO]  Save the model in ./checkpoints/CIFAR100_alpha0.05/local_models/client_1/epoch_50.pth
2026-01-22 07:39:24 [INFO]  Epoch 51 loss: 115.85756731033325; train accuracy: 0.5448266335129162; test accuracy: 0.0941
2026-01-22 07:39:54 [INFO]  Epoch 52 loss: 114.18824195861816; train accuracy: 0.5253488050835751; test accuracy: 0.0904
2026-01-22 07:40:23 [INFO]  Epoch 53 loss: 114.40931606292725; train accuracy: 0.5468987429202928; test accuracy: 0.0983
2026-01-22 07:40:50 [INFO]  Epoch 54 loss: 113.47088289260864; train accuracy: 0.5649951650780495; test accuracy: 0.099
2026-01-22 07:41:17 [INFO]  Epoch 55 loss: 112.16794157028198; train accuracy: 0.564857024450891; test accuracy: 0.1046
2026-01-22 07:41:18 [INFO]  Save the model in ./checkpoints/CIFAR100_alpha0.05/local_models/client_1/epoch_55.pth
2026-01-22 07:41:45 [INFO]  Epoch 56 loss: 112.58597087860107; train accuracy: 0.5292167426440116; test accuracy: 0.0876
2026-01-22 07:42:15 [INFO]  Epoch 57 loss: 112.4022364616394; train accuracy: 0.592347009255422; test accuracy: 0.101
2026-01-22 07:42:44 [INFO]  Epoch 58 loss: 110.3715181350708; train accuracy: 0.5879265091863517; test accuracy: 0.1048
2026-01-22 07:43:11 [INFO]  Epoch 59 loss: 110.36729097366333; train accuracy: 0.5171985080812267; test accuracy: 0.0908
2026-01-22 07:43:11 [INFO]  Client 2 Starts Local Trainning--------|
2026-01-22 07:43:56 [INFO]  Epoch 50 loss: 181.59302139282227; train accuracy: 0.42277804759592036; test accuracy: 0.1133
2026-01-22 07:43:57 [INFO]  Save the model in ./checkpoints/CIFAR100_alpha0.05/local_models/client_2/epoch_50.pth
2026-01-22 07:44:43 [INFO]  Epoch 51 loss: 183.3853907585144; train accuracy: 0.4722357131293508; test accuracy: 0.1241
2026-01-22 07:45:29 [INFO]  Epoch 52 loss: 182.3415699005127; train accuracy: 0.5012141816415736; test accuracy: 0.1323
2026-01-22 07:46:12 [INFO]  Epoch 53 loss: 181.3521146774292; train accuracy: 0.5085802169337866; test accuracy: 0.134
2026-01-22 07:47:00 [INFO]  Epoch 54 loss: 179.8226613998413; train accuracy: 0.5295450866116238; test accuracy: 0.1398
2026-01-22 07:47:45 [INFO]  Epoch 55 loss: 179.49511909484863; train accuracy: 0.5385300307592683; test accuracy: 0.144
2026-01-22 07:47:46 [INFO]  Save the model in ./checkpoints/CIFAR100_alpha0.05/local_models/client_2/epoch_55.pth
2026-01-22 07:48:28 [INFO]  Epoch 56 loss: 177.13234615325928; train accuracy: 0.5108466893313907; test accuracy: 0.1364
2026-01-22 07:49:12 [INFO]  Epoch 57 loss: 175.67904472351074; train accuracy: 0.5287356321839081; test accuracy: 0.1384
2026-01-22 07:50:00 [INFO]  Epoch 58 loss: 176.48133182525635; train accuracy: 0.5467055204791971; test accuracy: 0.145
2026-01-22 07:50:44 [INFO]  Epoch 59 loss: 174.78253078460693; train accuracy: 0.5063946899789542; test accuracy: 0.1333
2026-01-22 07:50:44 [INFO]  Client 3 Starts Local Trainning--------|
2026-01-22 07:51:23 [INFO]  Epoch 50 loss: 162.1459174156189; train accuracy: 0.5203159196878866; test accuracy: 0.1185
2026-01-22 07:51:24 [INFO]  Save the model in ./checkpoints/CIFAR100_alpha0.05/local_models/client_3/epoch_50.pth
2026-01-22 07:52:05 [INFO]  Epoch 51 loss: 161.339768409729; train accuracy: 0.5024264915786468; test accuracy: 0.115
2026-01-22 07:52:47 [INFO]  Epoch 52 loss: 160.93314266204834; train accuracy: 0.49881054334380054; test accuracy: 0.1151
2026-01-22 07:53:26 [INFO]  Epoch 53 loss: 160.38716077804565; train accuracy: 0.4319155009991436; test accuracy: 0.1052
2026-01-22 07:54:08 [INFO]  Epoch 54 loss: 159.11709642410278; train accuracy: 0.5488628794366733; test accuracy: 0.1247
2026-01-22 07:54:48 [INFO]  Epoch 55 loss: 159.2302188873291; train accuracy: 0.562565420116091; test accuracy: 0.1296
2026-01-22 07:54:49 [INFO]  Save the model in ./checkpoints/CIFAR100_alpha0.05/local_models/client_3/epoch_55.pth
2026-01-22 07:55:29 [INFO]  Epoch 56 loss: 158.34866857528687; train accuracy: 0.47721001046721856; test accuracy: 0.1059
2026-01-22 07:56:09 [INFO]  Epoch 57 loss: 157.227557182312; train accuracy: 0.5679893424683604; test accuracy: 0.1285
2026-01-22 07:56:49 [INFO]  Epoch 58 loss: 155.1751799583435; train accuracy: 0.5131791797506899; test accuracy: 0.1186
2026-01-22 07:57:29 [INFO]  Epoch 59 loss: 154.54024600982666; train accuracy: 0.5934912931772767; test accuracy: 0.1335
2026-01-22 07:57:29 [INFO]  Client 4 Starts Local Trainning--------|
2026-01-22 07:58:07 [INFO]  Epoch 50 loss: 177.11494398117065; train accuracy: 0.572460455335101; test accuracy: 0.1408
2026-01-22 07:58:07 [INFO]  Save the model in ./checkpoints/CIFAR100_alpha0.05/local_models/client_4/epoch_50.pth
2026-01-22 07:58:47 [INFO]  Epoch 51 loss: 177.58771753311157; train accuracy: 0.4553351010331901; test accuracy: 0.112
2026-01-22 07:59:29 [INFO]  Epoch 52 loss: 176.6081714630127; train accuracy: 0.4319283167230502; test accuracy: 0.1036
2026-01-22 08:00:11 [INFO]  Epoch 53 loss: 177.9529528617859; train accuracy: 0.5056231141995062; test accuracy: 0.1198
2026-01-22 08:00:48 [INFO]  Epoch 54 loss: 175.93108224868774; train accuracy: 0.49355399103959036; test accuracy: 0.1204
2026-01-22 08:01:30 [INFO]  Epoch 55 loss: 173.98899602890015; train accuracy: 0.5088232604919082; test accuracy: 0.1236
2026-01-22 08:01:30 [INFO]  Save the model in ./checkpoints/CIFAR100_alpha0.05/local_models/client_4/epoch_55.pth
2026-01-22 08:02:11 [INFO]  Epoch 56 loss: 173.65245962142944; train accuracy: 0.4545122062722867; test accuracy: 0.1101
2026-01-22 08:02:49 [INFO]  Epoch 57 loss: 171.96332550048828; train accuracy: 0.4847764469232879; test accuracy: 0.1142
2026-01-22 08:03:29 [INFO]  Epoch 58 loss: 171.74292707443237; train accuracy: 0.4808448386211941; test accuracy: 0.1149
2026-01-22 08:04:11 [INFO]  Epoch 59 loss: 171.71391248703003; train accuracy: 0.5154978513303465; test accuracy: 0.1263
2026-01-22 08:04:11 [INFO]  Round 5 Finish--------|
2026-01-22 08:04:11 [INFO]  Model variance: mean: 0.003894849680364132, sum: 43700.33984375
2026-01-22 08:04:11 [INFO]  g_protos_std (global internal): 1.000525
2026-01-22 08:04:11 [INFO]  inter_client_proto_std (cross-client): 0.011386
2026-01-22 08:04:11 [INFO]  g_protos_std (global internal): 1.000525
2026-01-22 08:04:11 [INFO]  inter_client_proto_std (cross-client): 0.011386
2026-01-22 08:04:11 [INFO]  V4 Training | Using Simple Feature-level Server.
2026-01-22 08:04:17 [INFO]  The test accuracy of OursV4+SimpleFeatureServer: 0.3691
2026-01-22 08:04:17 [INFO]  Save config to ./checkpoints/CIFAR100_alpha0.05/baselines_OursV4+SimpleFeatureServer_CIFAR10_results.yaml
2026-01-22 08:04:17 [INFO]  Round 6 starts--------|
2026-01-22 08:04:17 [INFO]  Client 0 Starts Local Trainning--------|
2026-01-22 08:04:53 [INFO]  Epoch 60 loss: 142.19090843200684; train accuracy: 0.46122084588773576; test accuracy: 0.0961
2026-01-22 08:04:53 [INFO]  Save the model in ./checkpoints/CIFAR100_alpha0.05/local_models/client_0/epoch_60.pth
2026-01-22 08:05:24 [INFO]  Epoch 61 loss: 141.30764484405518; train accuracy: 0.4347729048097311; test accuracy: 0.0941
2026-01-22 08:05:57 [INFO]  Epoch 62 loss: 141.1251540184021; train accuracy: 0.40821336904363353; test accuracy: 0.0838
2026-01-22 08:06:31 [INFO]  Epoch 63 loss: 141.7569704055786; train accuracy: 0.4034147974556411; test accuracy: 0.0819
2026-01-22 08:07:06 [INFO]  Epoch 64 loss: 140.48976850509644; train accuracy: 0.43164825354313135; test accuracy: 0.0895
2026-01-22 08:07:38 [INFO]  Epoch 65 loss: 140.1840181350708; train accuracy: 0.4721571253208347; test accuracy: 0.0965
2026-01-22 08:07:39 [INFO]  Save the model in ./checkpoints/CIFAR100_alpha0.05/local_models/client_0/epoch_65.pth
2026-01-22 08:08:12 [INFO]  Epoch 66 loss: 140.4764747619629; train accuracy: 0.40955250530074766; test accuracy: 0.0842
2026-01-22 08:08:45 [INFO]  Epoch 67 loss: 138.5319356918335; train accuracy: 0.46479187590670684; test accuracy: 0.0965
2026-01-22 08:09:14 [INFO]  Epoch 68 loss: 137.47647619247437; train accuracy: 0.3776364245061935; test accuracy: 0.0806
2026-01-22 08:09:44 [INFO]  Epoch 69 loss: 138.31014347076416; train accuracy: 0.4372279879477737; test accuracy: 0.0883
2026-01-22 08:09:44 [INFO]  Client 1 Starts Local Trainning--------|
2026-01-22 08:10:09 [INFO]  Epoch 60 loss: 108.59841918945312; train accuracy: 0.6150020721094074; test accuracy: 0.1065
2026-01-22 08:10:09 [INFO]  Save the model in ./checkpoints/CIFAR100_alpha0.05/local_models/client_1/epoch_60.pth
2026-01-22 08:10:35 [INFO]  Epoch 61 loss: 109.9855728149414; train accuracy: 0.6126536814477138; test accuracy: 0.107
2026-01-22 08:10:59 [INFO]  Epoch 62 loss: 109.21893215179443; train accuracy: 0.5557397430584334; test accuracy: 0.0985
2026-01-22 08:11:27 [INFO]  Epoch 63 loss: 108.4780502319336; train accuracy: 0.6246719160104987; test accuracy: 0.1084
2026-01-22 08:11:52 [INFO]  Epoch 64 loss: 109.01379489898682; train accuracy: 0.6202514159414284; test accuracy: 0.1091
2026-01-22 08:12:18 [INFO]  Epoch 65 loss: 107.66014432907104; train accuracy: 0.5433070866141733; test accuracy: 0.0951
2026-01-22 08:12:19 [INFO]  Save the model in ./checkpoints/CIFAR100_alpha0.05/local_models/client_1/epoch_65.pth
2026-01-22 08:12:47 [INFO]  Epoch 66 loss: 107.4538950920105; train accuracy: 0.6020168531565133; test accuracy: 0.1051
2026-01-22 08:13:14 [INFO]  Epoch 67 loss: 107.68322038650513; train accuracy: 0.6098908689045448; test accuracy: 0.1033
2026-01-22 08:13:42 [INFO]  Epoch 68 loss: 105.78888082504272; train accuracy: 0.5837822903715982; test accuracy: 0.1061
2026-01-22 08:14:09 [INFO]  Epoch 69 loss: 105.63338947296143; train accuracy: 0.5499378367177787; test accuracy: 0.0929
2026-01-22 08:14:09 [INFO]  Client 2 Starts Local Trainning--------|
2026-01-22 08:14:54 [INFO]  Epoch 60 loss: 171.44800996780396; train accuracy: 0.5454103933948519; test accuracy: 0.1436
2026-01-22 08:14:54 [INFO]  Save the model in ./checkpoints/CIFAR100_alpha0.05/local_models/client_2/epoch_60.pth
2026-01-22 08:15:38 [INFO]  Epoch 61 loss: 173.07162380218506; train accuracy: 0.5498623927472883; test accuracy: 0.1432
2026-01-22 08:16:24 [INFO]  Epoch 62 loss: 172.02513885498047; train accuracy: 0.48802007446980733; test accuracy: 0.1313
2026-01-22 08:17:08 [INFO]  Epoch 63 loss: 171.8060073852539; train accuracy: 0.5205601424639793; test accuracy: 0.1404
2026-01-22 08:17:54 [INFO]  Epoch 64 loss: 171.35608196258545; train accuracy: 0.5497005018617452; test accuracy: 0.1493
2026-01-22 08:18:40 [INFO]  Epoch 65 loss: 169.10909605026245; train accuracy: 0.5287356321839081; test accuracy: 0.1401
2026-01-22 08:18:40 [INFO]  Save the model in ./checkpoints/CIFAR100_alpha0.05/local_models/client_2/epoch_65.pth
2026-01-22 08:19:25 [INFO]  Epoch 66 loss: 168.68141555786133; train accuracy: 0.6157519831633479; test accuracy: 0.1593
2026-01-22 08:20:08 [INFO]  Epoch 67 loss: 168.16696882247925; train accuracy: 0.6069289299012466; test accuracy: 0.1577
2026-01-22 08:20:52 [INFO]  Epoch 68 loss: 169.27708768844604; train accuracy: 0.508499271491015; test accuracy: 0.1311
2026-01-22 08:21:37 [INFO]  Epoch 69 loss: 166.53198432922363; train accuracy: 0.5859640602234094; test accuracy: 0.1536
2026-01-22 08:21:37 [INFO]  Client 3 Starts Local Trainning--------|
2026-01-22 08:22:17 [INFO]  Epoch 60 loss: 152.24497890472412; train accuracy: 0.5952992672946997; test accuracy: 0.1361
2026-01-22 08:22:17 [INFO]  Save the model in ./checkpoints/CIFAR100_alpha0.05/local_models/client_3/epoch_60.pth
2026-01-22 08:22:54 [INFO]  Epoch 61 loss: 153.07105684280396; train accuracy: 0.5618993243886192; test accuracy: 0.1285
2026-01-22 08:23:33 [INFO]  Epoch 62 loss: 154.23199272155762; train accuracy: 0.5423922352269483; test accuracy: 0.123
2026-01-22 08:24:09 [INFO]  Epoch 63 loss: 152.26934576034546; train accuracy: 0.5751260824055572; test accuracy: 0.1316
2026-01-22 08:24:47 [INFO]  Epoch 64 loss: 151.51142168045044; train accuracy: 0.5540964887239509; test accuracy: 0.1278
2026-01-22 08:25:25 [INFO]  Epoch 65 loss: 151.07294940948486; train accuracy: 0.5355409648872395; test accuracy: 0.1202
2026-01-22 08:25:26 [INFO]  Save the model in ./checkpoints/CIFAR100_alpha0.05/local_models/client_3/epoch_65.pth
2026-01-22 08:26:06 [INFO]  Epoch 66 loss: 150.9870138168335; train accuracy: 0.5420116090969646; test accuracy: 0.1238
2026-01-22 08:26:43 [INFO]  Epoch 67 loss: 148.9709391593933; train accuracy: 0.5311637643924255; test accuracy: 0.1207
2026-01-22 08:27:22 [INFO]  Epoch 68 loss: 148.71725368499756; train accuracy: 0.5773146826529642; test accuracy: 0.1288
2026-01-22 08:28:00 [INFO]  Epoch 69 loss: 148.1076316833496; train accuracy: 0.5750309258730611; test accuracy: 0.1295
2026-01-22 08:28:00 [INFO]  Client 4 Starts Local Trainning--------|
2026-01-22 08:28:41 [INFO]  Epoch 60 loss: 169.10864305496216; train accuracy: 0.5003200146292401; test accuracy: 0.1185
2026-01-22 08:28:41 [INFO]  Save the model in ./checkpoints/CIFAR100_alpha0.05/local_models/client_4/epoch_60.pth
2026-01-22 08:29:20 [INFO]  Epoch 61 loss: 169.45742559432983; train accuracy: 0.553168144829478; test accuracy: 0.127
2026-01-22 08:30:01 [INFO]  Epoch 62 loss: 167.54459428787231; train accuracy: 0.5852610405047088; test accuracy: 0.1425
2026-01-22 08:30:41 [INFO]  Epoch 63 loss: 168.16490840911865; train accuracy: 0.5506080277955564; test accuracy: 0.1292
2026-01-22 08:31:20 [INFO]  Epoch 64 loss: 167.98697805404663; train accuracy: 0.5251897229587639; test accuracy: 0.1271
2026-01-22 08:32:00 [INFO]  Epoch 65 loss: 165.97414112091064; train accuracy: 0.5190637286275944; test accuracy: 0.1249
2026-01-22 08:32:01 [INFO]  Save the model in ./checkpoints/CIFAR100_alpha0.05/local_models/client_4/epoch_65.pth
2026-01-22 08:32:40 [INFO]  Epoch 66 loss: 165.36928606033325; train accuracy: 0.5535338758343239; test accuracy: 0.1327
2026-01-22 08:33:19 [INFO]  Epoch 67 loss: 163.58562707901; train accuracy: 0.4962969735759349; test accuracy: 0.1205
2026-01-22 08:33:58 [INFO]  Epoch 68 loss: 164.1953821182251; train accuracy: 0.5150406875742891; test accuracy: 0.1235
2026-01-22 08:34:37 [INFO]  Epoch 69 loss: 162.6509871482849; train accuracy: 0.5077260674773704; test accuracy: 0.1234
2026-01-22 08:34:37 [INFO]  Round 6 Finish--------|
2026-01-22 08:34:37 [INFO]  Model variance: mean: 0.004234607797116041, sum: 47512.4375
2026-01-22 08:34:37 [INFO]  g_protos_std (global internal): 1.000609
2026-01-22 08:34:37 [INFO]  inter_client_proto_std (cross-client): 0.011926
2026-01-22 08:34:37 [INFO]  g_protos_std (global internal): 1.000609
2026-01-22 08:34:37 [INFO]  inter_client_proto_std (cross-client): 0.011926
2026-01-22 08:34:37 [INFO]  V4 Training | Using Simple Feature-level Server.
2026-01-22 08:34:43 [INFO]  The test accuracy of OursV4+SimpleFeatureServer: 0.3859
2026-01-22 08:34:43 [INFO]  Save config to ./checkpoints/CIFAR100_alpha0.05/baselines_OursV4+SimpleFeatureServer_CIFAR10_results.yaml
2026-01-22 08:34:43 [INFO]  Round 7 starts--------|
2026-01-22 08:34:43 [INFO]  Client 0 Starts Local Trainning--------|
2026-01-22 08:35:16 [INFO]  Epoch 70 loss: 135.43504524230957; train accuracy: 0.47918759067068406; test accuracy: 0.0984
2026-01-22 08:35:16 [INFO]  Save the model in ./checkpoints/CIFAR100_alpha0.05/local_models/client_0/epoch_70.pth
2026-01-22 08:35:50 [INFO]  Epoch 71 loss: 136.0282793045044; train accuracy: 0.46691217498047094; test accuracy: 0.0975
2026-01-22 08:36:23 [INFO]  Epoch 72 loss: 135.0150933265686; train accuracy: 0.46557303872335676; test accuracy: 0.0989
2026-01-22 08:36:57 [INFO]  Epoch 73 loss: 135.7683606147766; train accuracy: 0.44191496484767323; test accuracy: 0.0918
2026-01-22 08:37:29 [INFO]  Epoch 74 loss: 134.385094165802; train accuracy: 0.43242941635978127; test accuracy: 0.0877
2026-01-22 08:38:03 [INFO]  Epoch 75 loss: 133.6106195449829; train accuracy: 0.4792991853587769; test accuracy: 0.0965
2026-01-22 08:38:04 [INFO]  Save the model in ./checkpoints/CIFAR100_alpha0.05/local_models/client_0/epoch_75.pth
2026-01-22 08:38:37 [INFO]  Epoch 76 loss: 133.7051191329956; train accuracy: 0.4787412119183127; test accuracy: 0.0986
2026-01-22 08:39:10 [INFO]  Epoch 77 loss: 133.7896523475647; train accuracy: 0.43756277201205224; test accuracy: 0.0921
2026-01-22 08:39:41 [INFO]  Epoch 78 loss: 132.86497688293457; train accuracy: 0.46668898560428523; test accuracy: 0.0961
2026-01-22 08:40:14 [INFO]  Epoch 79 loss: 133.06409692764282; train accuracy: 0.5205892199531302; test accuracy: 0.1087
2026-01-22 08:40:14 [INFO]  Client 1 Starts Local Trainning--------|
2026-01-22 08:40:41 [INFO]  Epoch 70 loss: 105.17316150665283; train accuracy: 0.6416632131509877; test accuracy: 0.1133
2026-01-22 08:40:41 [INFO]  Save the model in ./checkpoints/CIFAR100_alpha0.05/local_models/client_1/epoch_70.pth
2026-01-22 08:41:07 [INFO]  Epoch 71 loss: 104.55318355560303; train accuracy: 0.601602431275038; test accuracy: 0.1038
2026-01-22 08:41:35 [INFO]  Epoch 72 loss: 105.42656087875366; train accuracy: 0.5982870562232353; test accuracy: 0.1017
2026-01-22 08:42:02 [INFO]  Epoch 73 loss: 103.768874168396; train accuracy: 0.5946953999171156; test accuracy: 0.1001
2026-01-22 08:42:30 [INFO]  Epoch 74 loss: 103.27441883087158; train accuracy: 0.5678961182483768; test accuracy: 0.1037
2026-01-22 08:42:56 [INFO]  Epoch 75 loss: 103.98741865158081; train accuracy: 0.6437353225583644; test accuracy: 0.113
2026-01-22 08:42:57 [INFO]  Save the model in ./checkpoints/CIFAR100_alpha0.05/local_models/client_1/epoch_75.pth
2026-01-22 08:43:24 [INFO]  Epoch 76 loss: 103.32413482666016; train accuracy: 0.6383478380991849; test accuracy: 0.1136
2026-01-22 08:43:52 [INFO]  Epoch 77 loss: 104.28789567947388; train accuracy: 0.6083713220058019; test accuracy: 0.105
2026-01-22 08:44:18 [INFO]  Epoch 78 loss: 102.79314088821411; train accuracy: 0.6350324630473823; test accuracy: 0.1092
2026-01-22 08:44:45 [INFO]  Epoch 79 loss: 102.73744249343872; train accuracy: 0.6564442602569416; test accuracy: 0.117
2026-01-22 08:44:45 [INFO]  Client 2 Starts Local Trainning--------|
2026-01-22 08:45:28 [INFO]  Epoch 70 loss: 163.72805261611938; train accuracy: 0.5749554800064757; test accuracy: 0.1506
2026-01-22 08:45:29 [INFO]  Save the model in ./checkpoints/CIFAR100_alpha0.05/local_models/client_2/epoch_70.pth
2026-01-22 08:46:14 [INFO]  Epoch 71 loss: 166.8003444671631; train accuracy: 0.5598186822081916; test accuracy: 0.1513
2026-01-22 08:46:57 [INFO]  Epoch 72 loss: 164.72095584869385; train accuracy: 0.5269548324429335; test accuracy: 0.1391
2026-01-22 08:47:41 [INFO]  Epoch 73 loss: 163.21214199066162; train accuracy: 0.636150234741784; test accuracy: 0.1653
2026-01-22 08:48:26 [INFO]  Epoch 74 loss: 163.08084344863892; train accuracy: 0.49061032863849763; test accuracy: 0.1289
2026-01-22 08:49:11 [INFO]  Epoch 75 loss: 163.98224639892578; train accuracy: 0.6774324105552857; test accuracy: 0.1787
2026-01-22 08:49:11 [INFO]  Save the model in ./checkpoints/CIFAR100_alpha0.05/local_models/client_2/epoch_75.pth
2026-01-22 08:49:57 [INFO]  Epoch 76 loss: 162.26896333694458; train accuracy: 0.5764934434191356; test accuracy: 0.149
2026-01-22 08:50:40 [INFO]  Epoch 77 loss: 162.21222066879272; train accuracy: 0.6082240569855917; test accuracy: 0.1606
2026-01-22 08:51:26 [INFO]  Epoch 78 loss: 161.63408374786377; train accuracy: 0.5543953375424964; test accuracy: 0.146
2026-01-22 08:52:11 [INFO]  Epoch 79 loss: 159.06264925003052; train accuracy: 0.6148615832928606; test accuracy: 0.1605
2026-01-22 08:52:11 [INFO]  Client 3 Starts Local Trainning--------|
2026-01-22 08:52:49 [INFO]  Epoch 70 loss: 145.48083543777466; train accuracy: 0.6103339994290609; test accuracy: 0.1399
2026-01-22 08:52:49 [INFO]  Save the model in ./checkpoints/CIFAR100_alpha0.05/local_models/client_3/epoch_70.pth
2026-01-22 08:53:28 [INFO]  Epoch 71 loss: 146.09520530700684; train accuracy: 0.6253687315634219; test accuracy: 0.1427
2026-01-22 08:54:05 [INFO]  Epoch 72 loss: 145.00259160995483; train accuracy: 0.6053858597392711; test accuracy: 0.1351
2026-01-22 08:54:44 [INFO]  Epoch 73 loss: 144.67461395263672; train accuracy: 0.5275478161575792; test accuracy: 0.1185
2026-01-22 08:55:21 [INFO]  Epoch 74 loss: 144.61028480529785; train accuracy: 0.5933961366447806; test accuracy: 0.1344
2026-01-22 08:55:59 [INFO]  Epoch 75 loss: 144.10198307037354; train accuracy: 0.595013797697212; test accuracy: 0.1336
2026-01-22 08:55:59 [INFO]  Save the model in ./checkpoints/CIFAR100_alpha0.05/local_models/client_3/epoch_75.pth
2026-01-22 08:56:39 [INFO]  Epoch 76 loss: 144.5768575668335; train accuracy: 0.5682748120658483; test accuracy: 0.1283
2026-01-22 08:57:19 [INFO]  Epoch 77 loss: 143.4008069038391; train accuracy: 0.6109049386240365; test accuracy: 0.1341
2026-01-22 08:57:57 [INFO]  Epoch 78 loss: 142.6474404335022; train accuracy: 0.577600152250452; test accuracy: 0.1285
2026-01-22 08:58:37 [INFO]  Epoch 79 loss: 140.89661598205566; train accuracy: 0.5958702064896755; test accuracy: 0.1317
2026-01-22 08:58:37 [INFO]  Client 4 Starts Local Trainning--------|
2026-01-22 08:59:16 [INFO]  Epoch 70 loss: 160.84549760818481; train accuracy: 0.6107707780927129; test accuracy: 0.1485
2026-01-22 08:59:16 [INFO]  Save the model in ./checkpoints/CIFAR100_alpha0.05/local_models/client_4/epoch_70.pth
2026-01-22 08:59:54 [INFO]  Epoch 71 loss: 159.8634796142578; train accuracy: 0.48468501417207643; test accuracy: 0.1194
2026-01-22 09:00:33 [INFO]  Epoch 72 loss: 161.4468812942505; train accuracy: 0.5862668007680351; test accuracy: 0.1397
2026-01-22 09:01:12 [INFO]  Epoch 73 loss: 160.18384170532227; train accuracy: 0.5197037578860748; test accuracy: 0.1249
2026-01-22 09:01:51 [INFO]  Epoch 74 loss: 158.3273220062256; train accuracy: 0.5208009509006126; test accuracy: 0.1269
2026-01-22 09:02:30 [INFO]  Epoch 75 loss: 158.19400787353516; train accuracy: 0.58964981256286; test accuracy: 0.1407
2026-01-22 09:02:30 [INFO]  Save the model in ./checkpoints/CIFAR100_alpha0.05/local_models/client_4/epoch_75.pth
2026-01-22 09:03:11 [INFO]  Epoch 76 loss: 159.07286405563354; train accuracy: 0.555819694614611; test accuracy: 0.1327
2026-01-22 09:03:49 [INFO]  Epoch 77 loss: 157.12478017807007; train accuracy: 0.5829752217244217; test accuracy: 0.1388
2026-01-22 09:04:29 [INFO]  Epoch 78 loss: 157.6511459350586; train accuracy: 0.5827923562219988; test accuracy: 0.138
2026-01-22 09:05:07 [INFO]  Epoch 79 loss: 156.82444190979004; train accuracy: 0.5517966535613057; test accuracy: 0.1322
2026-01-22 09:05:07 [INFO]  Round 7 Finish--------|
2026-01-22 09:05:07 [INFO]  Model variance: mean: 0.00455122347921133, sum: 51064.875
2026-01-22 09:05:07 [INFO]  g_protos_std (global internal): 1.000687
2026-01-22 09:05:07 [INFO]  inter_client_proto_std (cross-client): 0.012394
2026-01-22 09:05:07 [INFO]  g_protos_std (global internal): 1.000687
2026-01-22 09:05:07 [INFO]  inter_client_proto_std (cross-client): 0.012394
2026-01-22 09:05:07 [INFO]  V4 Training | Using Simple Feature-level Server.
2026-01-22 09:05:14 [INFO]  The test accuracy of OursV4+SimpleFeatureServer: 0.4055
2026-01-22 09:05:14 [INFO]  Save config to ./checkpoints/CIFAR100_alpha0.05/baselines_OursV4+SimpleFeatureServer_CIFAR10_results.yaml
2026-01-22 09:05:14 [INFO]  Round 8 starts--------|
2026-01-22 09:05:14 [INFO]  Client 0 Starts Local Trainning--------|
2026-01-22 09:05:46 [INFO]  Epoch 80 loss: 129.50826930999756; train accuracy: 0.5724807499163039; test accuracy: 0.1143
2026-01-22 09:05:47 [INFO]  Save the model in ./checkpoints/CIFAR100_alpha0.05/local_models/client_0/epoch_80.pth
2026-01-22 09:06:18 [INFO]  Epoch 81 loss: 131.3407006263733; train accuracy: 0.43332217386452404; test accuracy: 0.0906
2026-01-22 09:06:50 [INFO]  Epoch 82 loss: 130.14284133911133; train accuracy: 0.5272849012387011; test accuracy: 0.1053
2026-01-22 09:07:22 [INFO]  Epoch 83 loss: 128.46492862701416; train accuracy: 0.5721459658520255; test accuracy: 0.1164
2026-01-22 09:07:55 [INFO]  Epoch 84 loss: 129.40793704986572; train accuracy: 0.48822676040620466; test accuracy: 0.0997
2026-01-22 09:08:28 [INFO]  Epoch 85 loss: 129.00358724594116; train accuracy: 0.5202544358888517; test accuracy: 0.1039
2026-01-22 09:08:28 [INFO]  Save the model in ./checkpoints/CIFAR100_alpha0.05/local_models/client_0/epoch_85.pth
2026-01-22 09:09:02 [INFO]  Epoch 86 loss: 128.07708740234375; train accuracy: 0.5294052003124651; test accuracy: 0.1074
2026-01-22 09:09:35 [INFO]  Epoch 87 loss: 127.92330265045166; train accuracy: 0.5516125432429416; test accuracy: 0.115
2026-01-22 09:10:07 [INFO]  Epoch 88 loss: 128.04690647125244; train accuracy: 0.5137819439794665; test accuracy: 0.1028
2026-01-22 09:10:41 [INFO]  Epoch 89 loss: 126.05900430679321; train accuracy: 0.49235576386564; test accuracy: 0.098
2026-01-22 09:10:41 [INFO]  Client 1 Starts Local Trainning--------|
2026-01-22 09:11:08 [INFO]  Epoch 80 loss: 100.1770167350769; train accuracy: 0.6969194640143667; test accuracy: 0.1221
2026-01-22 09:11:08 [INFO]  Save the model in ./checkpoints/CIFAR100_alpha0.05/local_models/client_1/epoch_80.pth
2026-01-22 09:11:34 [INFO]  Epoch 81 loss: 100.49784469604492; train accuracy: 0.6442878850669982; test accuracy: 0.1135
2026-01-22 09:12:01 [INFO]  Epoch 82 loss: 101.20835828781128; train accuracy: 0.6424920569139384; test accuracy: 0.1079
2026-01-22 09:12:30 [INFO]  Epoch 83 loss: 100.46709728240967; train accuracy: 0.5756319933692499; test accuracy: 0.1041
2026-01-22 09:12:56 [INFO]  Epoch 84 loss: 99.86250686645508; train accuracy: 0.6220472440944882; test accuracy: 0.1033
2026-01-22 09:13:23 [INFO]  Epoch 85 loss: 99.82357406616211; train accuracy: 0.6419394944053046; test accuracy: 0.1139
2026-01-22 09:13:24 [INFO]  Save the model in ./checkpoints/CIFAR100_alpha0.05/local_models/client_1/epoch_85.pth
2026-01-22 09:13:51 [INFO]  Epoch 86 loss: 99.10886669158936; train accuracy: 0.5826771653543307; test accuracy: 0.1042
2026-01-22 09:14:18 [INFO]  Epoch 87 loss: 98.4024920463562; train accuracy: 0.6230142284845973; test accuracy: 0.1099
2026-01-22 09:14:43 [INFO]  Epoch 88 loss: 98.81692886352539; train accuracy: 0.6520237601878712; test accuracy: 0.1128
2026-01-22 09:15:11 [INFO]  Epoch 89 loss: 97.87448692321777; train accuracy: 0.6161071971266749; test accuracy: 0.1104
2026-01-22 09:15:11 [INFO]  Client 2 Starts Local Trainning--------|
2026-01-22 09:15:55 [INFO]  Epoch 80 loss: 157.19169163703918; train accuracy: 0.5980249311963737; test accuracy: 0.1556
2026-01-22 09:15:55 [INFO]  Save the model in ./checkpoints/CIFAR100_alpha0.05/local_models/client_2/epoch_80.pth
2026-01-22 09:16:39 [INFO]  Epoch 81 loss: 158.87699794769287; train accuracy: 0.5935729318439372; test accuracy: 0.1551
2026-01-22 09:17:23 [INFO]  Epoch 82 loss: 157.97576236724854; train accuracy: 0.5586045005666181; test accuracy: 0.1481
2026-01-22 09:18:04 [INFO]  Epoch 83 loss: 157.6690011024475; train accuracy: 0.6121094382386272; test accuracy: 0.1581
2026-01-22 09:18:46 [INFO]  Epoch 84 loss: 156.69089460372925; train accuracy: 0.6134855107657439; test accuracy: 0.1595
2026-01-22 09:19:30 [INFO]  Epoch 85 loss: 155.95464611053467; train accuracy: 0.5846689331390643; test accuracy: 0.1566
2026-01-22 09:19:30 [INFO]  Save the model in ./checkpoints/CIFAR100_alpha0.05/local_models/client_2/epoch_85.pth
2026-01-22 09:20:14 [INFO]  Epoch 86 loss: 155.4609875679016; train accuracy: 0.6648049214829205; test accuracy: 0.1709
2026-01-22 09:20:57 [INFO]  Epoch 87 loss: 154.52494049072266; train accuracy: 0.6579245588473369; test accuracy: 0.1766
2026-01-22 09:21:40 [INFO]  Epoch 88 loss: 154.26149606704712; train accuracy: 0.5529383195726081; test accuracy: 0.1448
2026-01-22 09:22:25 [INFO]  Epoch 89 loss: 153.27096462249756; train accuracy: 0.6069289299012466; test accuracy: 0.1584
2026-01-22 09:22:25 [INFO]  Client 3 Starts Local Trainning--------|
2026-01-22 09:23:04 [INFO]  Epoch 80 loss: 139.33573579788208; train accuracy: 0.6184223046912171; test accuracy: 0.1374
2026-01-22 09:23:05 [INFO]  Save the model in ./checkpoints/CIFAR100_alpha0.05/local_models/client_3/epoch_80.pth
2026-01-22 09:23:42 [INFO]  Epoch 81 loss: 140.9785099029541; train accuracy: 0.5746502997430774; test accuracy: 0.1284
2026-01-22 09:24:22 [INFO]  Epoch 82 loss: 139.29045629501343; train accuracy: 0.5861642401750881; test accuracy: 0.1317
2026-01-22 09:25:00 [INFO]  Epoch 83 loss: 139.77830696105957; train accuracy: 0.5945380150347321; test accuracy: 0.1378
2026-01-22 09:25:38 [INFO]  Epoch 84 loss: 139.0201277732849; train accuracy: 0.5830240746027214; test accuracy: 0.1292
2026-01-22 09:26:16 [INFO]  Epoch 85 loss: 138.50165462493896; train accuracy: 0.6276524883433248; test accuracy: 0.1412
2026-01-22 09:26:16 [INFO]  Save the model in ./checkpoints/CIFAR100_alpha0.05/local_models/client_3/epoch_85.pth
2026-01-22 09:26:56 [INFO]  Epoch 86 loss: 138.20911264419556; train accuracy: 0.6581025787420306; test accuracy: 0.1473
2026-01-22 09:27:34 [INFO]  Epoch 87 loss: 136.44902753829956; train accuracy: 0.6070035207917024; test accuracy: 0.1335
2026-01-22 09:28:13 [INFO]  Epoch 88 loss: 136.5939974784851; train accuracy: 0.6283185840707964; test accuracy: 0.1398
2026-01-22 09:28:50 [INFO]  Epoch 89 loss: 137.17626476287842; train accuracy: 0.6417356551527262; test accuracy: 0.1432
2026-01-22 09:28:50 [INFO]  Client 4 Starts Local Trainning--------|
2026-01-22 09:29:28 [INFO]  Epoch 80 loss: 153.9706516265869; train accuracy: 0.5949529121331261; test accuracy: 0.1423
2026-01-22 09:29:28 [INFO]  Save the model in ./checkpoints/CIFAR100_alpha0.05/local_models/client_4/epoch_80.pth
2026-01-22 09:30:09 [INFO]  Epoch 81 loss: 153.84714794158936; train accuracy: 0.5954100758891835; test accuracy: 0.1415
2026-01-22 09:30:48 [INFO]  Epoch 82 loss: 154.06072616577148; train accuracy: 0.5376245771235256; test accuracy: 0.1262
2026-01-22 09:31:26 [INFO]  Epoch 83 loss: 154.2364935874939; train accuracy: 0.6158910121605559; test accuracy: 0.1441
2026-01-22 09:32:05 [INFO]  Epoch 84 loss: 152.8464903831482; train accuracy: 0.5901984090701289; test accuracy: 0.1465
2026-01-22 09:32:44 [INFO]  Epoch 85 loss: 153.07004356384277; train accuracy: 0.6219255737405138; test accuracy: 0.152
2026-01-22 09:32:44 [INFO]  Save the model in ./checkpoints/CIFAR100_alpha0.05/local_models/client_4/epoch_85.pth
2026-01-22 09:33:25 [INFO]  Epoch 86 loss: 152.11642742156982; train accuracy: 0.5405504251622931; test accuracy: 0.1306
2026-01-22 09:34:04 [INFO]  Epoch 87 loss: 150.0648069381714; train accuracy: 0.541099021669562; test accuracy: 0.1289
2026-01-22 09:34:44 [INFO]  Epoch 88 loss: 149.8157000541687; train accuracy: 0.5491451037761726; test accuracy: 0.1364
2026-01-22 09:35:22 [INFO]  Epoch 89 loss: 150.0363793373108; train accuracy: 0.5739233793544848; test accuracy: 0.1361
2026-01-22 09:35:22 [INFO]  Round 8 Finish--------|
2026-01-22 09:35:22 [INFO]  Model variance: mean: 0.0048493859358131886, sum: 54410.26953125
2026-01-22 09:35:22 [INFO]  g_protos_std (global internal): 1.000761
2026-01-22 09:35:22 [INFO]  inter_client_proto_std (cross-client): 0.012805
2026-01-22 09:35:22 [INFO]  g_protos_std (global internal): 1.000761
2026-01-22 09:35:22 [INFO]  inter_client_proto_std (cross-client): 0.012805
2026-01-22 09:35:22 [INFO]  V4 Training | Using Simple Feature-level Server.
2026-01-22 09:35:28 [INFO]  The test accuracy of OursV4+SimpleFeatureServer: 0.421
2026-01-22 09:35:28 [INFO]  Save config to ./checkpoints/CIFAR100_alpha0.05/baselines_OursV4+SimpleFeatureServer_CIFAR10_results.yaml
2026-01-22 09:35:28 [INFO]  Round 9 starts--------|
2026-01-22 09:35:28 [INFO]  Client 0 Starts Local Trainning--------|
2026-01-22 09:36:02 [INFO]  Epoch 90 loss: 124.56152629852295; train accuracy: 0.5522821113714987; test accuracy: 0.1073
2026-01-22 09:36:03 [INFO]  Save the model in ./checkpoints/CIFAR100_alpha0.05/local_models/client_0/epoch_90.pth
2026-01-22 09:36:36 [INFO]  Epoch 91 loss: 125.60046100616455; train accuracy: 0.4787412119183127; test accuracy: 0.1001
2026-01-22 09:37:09 [INFO]  Epoch 92 loss: 125.05531072616577; train accuracy: 0.4999442026559536; test accuracy: 0.0995
2026-01-22 09:37:41 [INFO]  Epoch 93 loss: 125.32073974609375; train accuracy: 0.4656846334114496; test accuracy: 0.095
2026-01-22 09:38:14 [INFO]  Epoch 94 loss: 124.9335241317749; train accuracy: 0.5539560316928914; test accuracy: 0.1067
2026-01-22 09:38:45 [INFO]  Epoch 95 loss: 124.04798936843872; train accuracy: 0.5952460662872447; test accuracy: 0.1192
2026-01-22 09:38:46 [INFO]  Save the model in ./checkpoints/CIFAR100_alpha0.05/local_models/client_0/epoch_95.pth
2026-01-22 09:39:17 [INFO]  Epoch 96 loss: 122.65764617919922; train accuracy: 0.49391808949893984; test accuracy: 0.101
2026-01-22 09:39:48 [INFO]  Epoch 97 loss: 123.30938148498535; train accuracy: 0.5282892534315367; test accuracy: 0.104
2026-01-22 09:40:20 [INFO]  Epoch 98 loss: 122.63224506378174; train accuracy: 0.5230443030911729; test accuracy: 0.1074
2026-01-22 09:40:54 [INFO]  Epoch 99 loss: 121.82495164871216; train accuracy: 0.4940296841870327; test accuracy: 0.1013
2026-01-22 09:40:54 [INFO]  Client 1 Starts Local Trainning--------|
2026-01-22 09:41:18 [INFO]  Epoch 90 loss: 96.51161003112793; train accuracy: 0.7032739328636552; test accuracy: 0.1228
2026-01-22 09:41:19 [INFO]  Save the model in ./checkpoints/CIFAR100_alpha0.05/local_models/client_1/epoch_90.pth
2026-01-22 09:41:44 [INFO]  Epoch 91 loss: 97.53545141220093; train accuracy: 0.647603260118801; test accuracy: 0.1132
2026-01-22 09:42:08 [INFO]  Epoch 92 loss: 97.30603551864624; train accuracy: 0.6889073076391767; test accuracy: 0.1199
2026-01-22 09:42:34 [INFO]  Epoch 93 loss: 96.94378662109375; train accuracy: 0.6655615416493991; test accuracy: 0.114
2026-01-22 09:43:01 [INFO]  Epoch 94 loss: 97.84744453430176; train accuracy: 0.6176267440254178; test accuracy: 0.1079
2026-01-22 09:43:26 [INFO]  Epoch 95 loss: 96.76461362838745; train accuracy: 0.6680480729382512; test accuracy: 0.1162
2026-01-22 09:43:26 [INFO]  Save the model in ./checkpoints/CIFAR100_alpha0.05/local_models/client_1/epoch_95.pth
2026-01-22 09:43:52 [INFO]  Epoch 96 loss: 95.43572950363159; train accuracy: 0.6306119629783119; test accuracy: 0.1115
2026-01-22 09:44:18 [INFO]  Epoch 97 loss: 95.69104194641113; train accuracy: 0.6654234010222406; test accuracy: 0.1157
2026-01-22 09:44:44 [INFO]  Epoch 98 loss: 93.41810321807861; train accuracy: 0.6737118386517474; test accuracy: 0.1154
2026-01-22 09:45:09 [INFO]  Epoch 99 loss: 94.40503168106079; train accuracy: 0.699820417184694; test accuracy: 0.1279
2026-01-22 09:45:09 [INFO]  Client 2 Starts Local Trainning--------|
2026-01-22 09:45:51 [INFO]  Epoch 90 loss: 152.70485544204712; train accuracy: 0.640683179536992; test accuracy: 0.1692
2026-01-22 09:45:51 [INFO]  Save the model in ./checkpoints/CIFAR100_alpha0.05/local_models/client_2/epoch_90.pth
2026-01-22 09:46:33 [INFO]  Epoch 91 loss: 152.8389129638672; train accuracy: 0.6634288489558038; test accuracy: 0.1714
2026-01-22 09:47:13 [INFO]  Epoch 92 loss: 152.9401993751526; train accuracy: 0.6427877610490529; test accuracy: 0.1694
2026-01-22 09:47:55 [INFO]  Epoch 93 loss: 151.7646622657776; train accuracy: 0.6466731423020884; test accuracy: 0.1687
2026-01-22 09:48:36 [INFO]  Epoch 94 loss: 150.88195657730103; train accuracy: 0.6547676865792456; test accuracy: 0.1684
2026-01-22 09:49:17 [INFO]  Epoch 95 loss: 150.3271884918213; train accuracy: 0.5468674113647402; test accuracy: 0.1437
2026-01-22 09:49:17 [INFO]  Save the model in ./checkpoints/CIFAR100_alpha0.05/local_models/client_2/epoch_95.pth
2026-01-22 09:49:56 [INFO]  Epoch 96 loss: 150.75079536437988; train accuracy: 0.6750849927149102; test accuracy: 0.1773
2026-01-22 09:50:36 [INFO]  Epoch 97 loss: 150.66830611228943; train accuracy: 0.6773514651125142; test accuracy: 0.1774
2026-01-22 09:51:16 [INFO]  Epoch 98 loss: 149.32143831253052; train accuracy: 0.5738222438076737; test accuracy: 0.1528
2026-01-22 09:51:57 [INFO]  Epoch 99 loss: 149.25671124458313; train accuracy: 0.6431115428201393; test accuracy: 0.1698
2026-01-22 09:51:57 [INFO]  Client 3 Starts Local Trainning--------|
2026-01-22 09:52:30 [INFO]  Epoch 90 loss: 133.41299104690552; train accuracy: 0.629365305928252; test accuracy: 0.1399
2026-01-22 09:52:31 [INFO]  Save the model in ./checkpoints/CIFAR100_alpha0.05/local_models/client_3/epoch_90.pth
2026-01-22 09:53:06 [INFO]  Epoch 91 loss: 135.1360478401184; train accuracy: 0.6286992102007802; test accuracy: 0.1419
2026-01-22 09:53:41 [INFO]  Epoch 92 loss: 135.40325498580933; train accuracy: 0.6383100199828718; test accuracy: 0.1407
2026-01-22 09:54:18 [INFO]  Epoch 93 loss: 133.91106939315796; train accuracy: 0.6533447521172329; test accuracy: 0.1441
2026-01-22 09:54:54 [INFO]  Epoch 94 loss: 133.22997760772705; train accuracy: 0.6351698544105053; test accuracy: 0.1399
2026-01-22 09:55:31 [INFO]  Epoch 95 loss: 133.2831907272339; train accuracy: 0.6223237225235513; test accuracy: 0.1377
2026-01-22 09:55:31 [INFO]  Save the model in ./checkpoints/CIFAR100_alpha0.05/local_models/client_3/epoch_95.pth
2026-01-22 09:56:05 [INFO]  Epoch 96 loss: 133.1895546913147; train accuracy: 0.6196593396136645; test accuracy: 0.1369
2026-01-22 09:56:42 [INFO]  Epoch 97 loss: 133.02374696731567; train accuracy: 0.6710438671614807; test accuracy: 0.1507
2026-01-22 09:57:15 [INFO]  Epoch 98 loss: 132.3737668991089; train accuracy: 0.6065277381292226; test accuracy: 0.134
2026-01-22 09:57:50 [INFO]  Epoch 99 loss: 131.4596996307373; train accuracy: 0.6234656009135027; test accuracy: 0.1394
2026-01-22 09:57:50 [INFO]  Client 4 Starts Local Trainning--------|
2026-01-22 09:58:27 [INFO]  Epoch 90 loss: 147.12168073654175; train accuracy: 0.6429551065191551; test accuracy: 0.1466
2026-01-22 09:58:27 [INFO]  Save the model in ./checkpoints/CIFAR100_alpha0.05/local_models/client_4/epoch_90.pth
2026-01-22 09:59:04 [INFO]  Epoch 91 loss: 148.63756656646729; train accuracy: 0.5933071226113193; test accuracy: 0.1449
2026-01-22 09:59:39 [INFO]  Epoch 92 loss: 148.29084634780884; train accuracy: 0.6509097558745542; test accuracy: 0.1542
2026-01-22 10:00:14 [INFO]  Epoch 93 loss: 147.97995853424072; train accuracy: 0.586815397275304; test accuracy: 0.1399
2026-01-22 10:00:49 [INFO]  Epoch 94 loss: 147.64919185638428; train accuracy: 0.5821523269635184; test accuracy: 0.1417
2026-01-22 10:01:24 [INFO]  Epoch 95 loss: 148.09335565567017; train accuracy: 0.6800768035110176; test accuracy: 0.1563
2026-01-22 10:01:24 [INFO]  Save the model in ./checkpoints/CIFAR100_alpha0.05/local_models/client_4/epoch_95.pth
2026-01-22 10:02:00 [INFO]  Epoch 96 loss: 147.40353393554688; train accuracy: 0.6408521532412911; test accuracy: 0.1488
2026-01-22 10:02:35 [INFO]  Epoch 97 loss: 145.58210945129395; train accuracy: 0.6431379720215781; test accuracy: 0.151
2026-01-22 10:03:11 [INFO]  Epoch 98 loss: 146.2280535697937; train accuracy: 0.6459723873091341; test accuracy: 0.1485
2026-01-22 10:03:44 [INFO]  Epoch 99 loss: 144.62503910064697; train accuracy: 0.6023589649812563; test accuracy: 0.1411
2026-01-22 10:03:45 [INFO]  Round 9 Finish--------|
2026-01-22 10:03:45 [INFO]  Model variance: mean: 0.005133565049618483, sum: 57598.765625
2026-01-22 10:03:45 [INFO]  g_protos_std (global internal): 1.000829
2026-01-22 10:03:45 [INFO]  inter_client_proto_std (cross-client): 0.013170
2026-01-22 10:03:45 [INFO]  g_protos_std (global internal): 1.000829
2026-01-22 10:03:45 [INFO]  inter_client_proto_std (cross-client): 0.013170
2026-01-22 10:03:45 [INFO]  V4 Training | Using Simple Feature-level Server.
2026-01-22 10:03:52 [INFO]  The test accuracy of OursV4+SimpleFeatureServer: 0.4392
2026-01-22 10:03:52 [INFO]  Save config to ./checkpoints/CIFAR100_alpha0.05/baselines_OursV4+SimpleFeatureServer_CIFAR10_results.yaml
