2026-01-21 11:32:44 [INFO]  Load config from configs/CIFAR100_alpha0.05_seed42.yaml
2026-01-21 11:32:44 [INFO]  config: {'exp_name': 'CIFAR100_alpha0.05', 'dataset': {'data_name': 'CIFAR100', 'root_path': 'H:/codes/dataset', 'train_batch_size': 512, 'test_batch_size': 256, 'channels': 3, 'num_classes': 100, 'image_size': 32}, 'distribution': {'type': 'dirichlet', 'label_num_per_client': 2, 'alpha': 0.05}, 'client': {'num_clients': 5}, 'server': {'num_rounds': 10, 'frac_clients': 1.0, 'lr': 0.05, 'local_epochs': 10, 'optimizer': 'sgd', 'momentum': 0.9, 'weight_decay': 0.0001, 'loss_name': 'ce', 'model_name': 'resnet18', 'aggregated_by_datasize': True, 'lr_decay_per_round': 0.998}, 'device': 'cuda:0', 'checkpoint': {'save_path': './checkpoints/', 'save_freq': 5, 'result_file': 'CIFAR10_results.yaml'}, 'pretrain': {'lr': 0.01, 'epoch': 70, 'model_path': './pretrain/', 'momentum': 0.9, 'weight_decay': 0.0001, 'model_name': 'resnet18', 'model_file_name': 'resnet18-f37072fd.pth'}, 'DBCD': {'alpha_l_pa': 1, 'alpha_l_pb': 1, 'alpha_l_pc': 0.0, 'Beta_alpha': 0.2, 'unsup_method': 'infonce', 'contrastive_temperature': 0.5, 'encoder_epoch': 40, 'projector_epoch': 10, 'use_pretrain': False, 'aug_batch_size': 512, 'encoder_lr': 0.03, 'cls_optimizer': 'sgd', 'cls_lr': 0.05, 'supcon_temp': 0.07, 'super_gr': 100, 'aux_with_public': True}, 'etf': {'loss_name': 'ce'}, 'visualization': {'interval': 5, 'save_path': 'visualization/resnet18', 'vis_size': 16}, 'resume': True, 'resume_best': False, 'seed': 42, 'lambda_align_initial': 20.0, 'v9_config': {'use_adaptive_lambda': True, 'lambda_min': 0.1, 'lambda_max': 20.0, 'use_server_optimization': False, 'server_lr': 0.001, 'server_epochs': 20, 'gamma_etf_reg': 0.1}, 'v10_config': {'use_uncertainty_weighting': True, 'sigma_lr': 0.005}}
2026-01-21 11:32:45 [INFO]  Dataset CIFAR100 loaded
2026-01-21 11:32:45 [INFO]  Dataset index dict loaded from preprocessed_data/CIFAR100.pt
2026-01-21 11:32:45 [INFO]  Data distribution generated correctly using the corrected dirichlet function.
2026-01-21 11:32:45 [INFO]  Total assigned samples: 50000
2026-01-21 11:32:46 [INFO]  OneshotFedETF
2026-01-21 11:32:47 [INFO]  Round 0 starts--------|
2026-01-21 11:32:47 [INFO]  Client 0 Starts Local Trainning--------|
2026-01-21 11:32:59 [INFO]  generating sample per sample
2026-01-21 11:33:09 [INFO]  Epoch 0 loss: 70.67401504516602; train accuracy: 0.10842118963946375; test accuracy: 0.0163
2026-01-21 11:33:18 [INFO]  Epoch 1 loss: 69.93346452713013; train accuracy: 0.15683977612911623; test accuracy: 0.0246
2026-01-21 11:33:28 [INFO]  Epoch 2 loss: 69.39493227005005; train accuracy: 0.16543017050631265; test accuracy: 0.0271
2026-01-21 11:33:38 [INFO]  Epoch 3 loss: 69.11232471466064; train accuracy: 0.1282051282051282; test accuracy: 0.0218
2026-01-21 11:33:47 [INFO]  Epoch 4 loss: 69.5940294265747; train accuracy: 0.16451906807236757; test accuracy: 0.0245
2026-01-21 11:33:57 [INFO]  Epoch 5 loss: 68.94143438339233; train accuracy: 0.18482363660028633; test accuracy: 0.0301
2026-01-21 11:34:07 [INFO]  Epoch 6 loss: 68.86239671707153; train accuracy: 0.21098529220356632; test accuracy: 0.0353
2026-01-21 11:34:16 [INFO]  Epoch 7 loss: 68.25400638580322; train accuracy: 0.12299882858258493; test accuracy: 0.0211
2026-01-21 11:34:26 [INFO]  Epoch 8 loss: 70.53021717071533; train accuracy: 0.15944292594038786; test accuracy: 0.0252
2026-01-21 11:34:35 [INFO]  Epoch 9 loss: 69.05511379241943; train accuracy: 0.14304308212937655; test accuracy: 0.0236
2026-01-21 11:34:35 [INFO]  Client 0 Finish Local Training--------|
2026-01-21 11:34:35 [INFO]  Client 1 Starts Local Trainning--------|
2026-01-21 11:34:48 [INFO]  generating sample per sample
2026-01-21 11:35:01 [INFO]  Epoch 0 loss: 106.84706830978394; train accuracy: 0.11206824454294556; test accuracy: 0.0255
2026-01-21 11:35:14 [INFO]  Epoch 1 loss: 105.39797353744507; train accuracy: 0.19110144685121686; test accuracy: 0.0453
2026-01-21 11:35:27 [INFO]  Epoch 2 loss: 104.22460412979126; train accuracy: 0.24655013799448022; test accuracy: 0.0596
2026-01-21 11:35:41 [INFO]  Epoch 3 loss: 102.97787523269653; train accuracy: 0.28410136321819857; test accuracy: 0.069
2026-01-21 11:35:54 [INFO]  Epoch 4 loss: 102.08753967285156; train accuracy: 0.3295140921635862; test accuracy: 0.0768
2026-01-21 11:36:07 [INFO]  Epoch 5 loss: 101.4525990486145; train accuracy: 0.38203562766580246; test accuracy: 0.0896
2026-01-21 11:36:20 [INFO]  Epoch 6 loss: 100.84860706329346; train accuracy: 0.40821276239859494; test accuracy: 0.0958
2026-01-21 11:36:33 [INFO]  Epoch 7 loss: 100.15470886230469; train accuracy: 0.4226812745671991; test accuracy: 0.1001
2026-01-21 11:36:46 [INFO]  Epoch 8 loss: 99.75080919265747; train accuracy: 0.4674249393660617; test accuracy: 0.1104
2026-01-21 11:36:59 [INFO]  Epoch 9 loss: 98.9240837097168; train accuracy: 0.5003763485824203; test accuracy: 0.1187
2026-01-21 11:36:59 [INFO]  Client 1 Finish Local Training--------|
2026-01-21 11:36:59 [INFO]  Client 2 Starts Local Trainning--------|
2026-01-21 11:37:08 [INFO]  generating sample per sample
2026-01-21 11:37:18 [INFO]  Epoch 0 loss: 70.96009826660156; train accuracy: 0.1146741918932786; test accuracy: 0.0171
2026-01-21 11:37:29 [INFO]  Epoch 1 loss: 69.94206523895264; train accuracy: 0.1904822986146742; test accuracy: 0.0276
2026-01-21 11:37:39 [INFO]  Epoch 2 loss: 69.40999794006348; train accuracy: 0.23614674191893278; test accuracy: 0.036
2026-01-21 11:37:49 [INFO]  Epoch 3 loss: 68.75018548965454; train accuracy: 0.28912262698819907; test accuracy: 0.0435
2026-01-21 11:38:00 [INFO]  Epoch 4 loss: 68.01887321472168; train accuracy: 0.30759363776295534; test accuracy: 0.0465
2026-01-21 11:38:11 [INFO]  Epoch 5 loss: 67.59777212142944; train accuracy: 0.3580041046690611; test accuracy: 0.0541
2026-01-21 11:38:21 [INFO]  Epoch 6 loss: 67.14381408691406; train accuracy: 0.37352488455618266; test accuracy: 0.056
2026-01-21 11:38:32 [INFO]  Epoch 7 loss: 66.85581493377686; train accuracy: 0.3604412519240636; test accuracy: 0.0544
2026-01-21 11:38:44 [INFO]  Epoch 8 loss: 66.68773937225342; train accuracy: 0.38314520266803487; test accuracy: 0.0573
2026-01-21 11:38:56 [INFO]  Epoch 9 loss: 66.40037107467651; train accuracy: 0.41572601334017445; test accuracy: 0.0618
2026-01-21 11:38:56 [INFO]  Client 2 Finish Local Training--------|
2026-01-21 11:38:56 [INFO]  Client 3 Starts Local Trainning--------|
2026-01-21 11:39:14 [INFO]  generating sample per sample
2026-01-21 11:39:28 [INFO]  Epoch 0 loss: 107.01380920410156; train accuracy: 0.10562685093780849; test accuracy: 0.0263
2026-01-21 11:39:42 [INFO]  Epoch 1 loss: 105.75984239578247; train accuracy: 0.16428101349128002; test accuracy: 0.0414
2026-01-21 11:39:56 [INFO]  Epoch 2 loss: 104.51074266433716; train accuracy: 0.22680157946692991; test accuracy: 0.0552
2026-01-21 11:40:10 [INFO]  Epoch 3 loss: 103.3341212272644; train accuracy: 0.27772293517604474; test accuracy: 0.0716
2026-01-21 11:40:24 [INFO]  Epoch 4 loss: 102.50865697860718; train accuracy: 0.30322474498190194; test accuracy: 0.0748
2026-01-21 11:40:39 [INFO]  Epoch 5 loss: 101.87875318527222; train accuracy: 0.3359657782165186; test accuracy: 0.0791
2026-01-21 11:40:53 [INFO]  Epoch 6 loss: 101.4024977684021; train accuracy: 0.356614017769003; test accuracy: 0.0857
2026-01-21 11:41:08 [INFO]  Epoch 7 loss: 101.01087760925293; train accuracy: 0.3803060217176703; test accuracy: 0.0894
2026-01-21 11:41:22 [INFO]  Epoch 8 loss: 100.44554948806763; train accuracy: 0.3987331358999671; test accuracy: 0.0947
2026-01-21 11:41:37 [INFO]  Epoch 9 loss: 99.85675573348999; train accuracy: 0.4227541954590326; test accuracy: 0.0961
2026-01-21 11:41:37 [INFO]  Client 3 Finish Local Training--------|
2026-01-21 11:41:37 [INFO]  Client 4 Starts Local Trainning--------|
2026-01-21 11:41:49 [INFO]  generating sample per sample
2026-01-21 11:42:02 [INFO]  Epoch 0 loss: 93.54493570327759; train accuracy: 0.09425441967717141; test accuracy: 0.0201
2026-01-21 11:42:16 [INFO]  Epoch 1 loss: 92.55458641052246; train accuracy: 0.1603574173712529; test accuracy: 0.0344
2026-01-21 11:42:30 [INFO]  Epoch 2 loss: 91.71827363967896; train accuracy: 0.1818793235972329; test accuracy: 0.0394
2026-01-21 11:42:45 [INFO]  Epoch 3 loss: 90.98627090454102; train accuracy: 0.25499615680245963; test accuracy: 0.056
2026-01-21 11:42:59 [INFO]  Epoch 4 loss: 90.43157577514648; train accuracy: 0.2735395849346656; test accuracy: 0.0588
2026-01-21 11:43:12 [INFO]  Epoch 5 loss: 89.95139503479004; train accuracy: 0.30361260568793236; test accuracy: 0.0657
2026-01-21 11:43:25 [INFO]  Epoch 6 loss: 89.50375652313232; train accuracy: 0.3208109146810146; test accuracy: 0.0686
2026-01-21 11:43:38 [INFO]  Epoch 7 loss: 89.00281715393066; train accuracy: 0.3481936971560338; test accuracy: 0.0728
2026-01-21 11:43:51 [INFO]  Epoch 8 loss: 88.60547876358032; train accuracy: 0.37442352036894694; test accuracy: 0.0783
2026-01-21 11:44:03 [INFO]  Epoch 9 loss: 88.14888858795166; train accuracy: 0.4166026133743274; test accuracy: 0.0847
2026-01-21 11:44:03 [INFO]  Client 4 Finish Local Training--------|
2026-01-21 11:44:03 [INFO]  Round 0 Finish--------|
2026-01-21 11:44:03 [INFO]  Model variance: mean: 0.000755488290451467, sum: 8515.435546875
2026-01-21 11:44:07 [INFO]  The test accuracy of OneShotFedETF: 0.0261
2026-01-21 11:44:12 [INFO]  The test accuracy of OneshotFedETF+Ensemble: 0.1719
2026-01-21 11:44:12 [INFO]  Save config to ./checkpoints/CIFAR100_alpha0.05/baselines_OneshotFedETF_CIFAR10_results.yaml
2026-01-21 11:44:12 [INFO]  Round 1 starts--------|
2026-01-21 11:44:12 [INFO]  Client 0 Starts Local Trainning--------|
2026-01-21 11:44:23 [INFO]  Epoch 0 loss: 69.05043125152588; train accuracy: 0.21866458414681764; test accuracy: 0.0354
2026-01-21 11:44:33 [INFO]  Epoch 1 loss: 68.69132280349731; train accuracy: 0.2233502538071066; test accuracy: 0.036
2026-01-21 11:44:43 [INFO]  Epoch 2 loss: 68.51503944396973; train accuracy: 0.22998828582584926; test accuracy: 0.0367
2026-01-21 11:44:53 [INFO]  Epoch 3 loss: 68.238032579422; train accuracy: 0.20955355980736692; test accuracy: 0.0349
2026-01-21 11:45:04 [INFO]  Epoch 4 loss: 68.1468071937561; train accuracy: 0.24873096446700507; test accuracy: 0.0418
2026-01-21 11:45:14 [INFO]  Epoch 5 loss: 68.19934940338135; train accuracy: 0.28035923467395546; test accuracy: 0.0481
2026-01-21 11:45:24 [INFO]  Epoch 6 loss: 68.02459669113159; train accuracy: 0.28413380190029935; test accuracy: 0.0465
2026-01-21 11:45:34 [INFO]  Epoch 7 loss: 67.69117069244385; train accuracy: 0.27294025771183134; test accuracy: 0.0459
2026-01-21 11:45:44 [INFO]  Epoch 8 loss: 67.92092323303223; train accuracy: 0.2730704152023949; test accuracy: 0.0447
2026-01-21 11:45:54 [INFO]  Epoch 9 loss: 67.91268348693848; train accuracy: 0.3070415202394898; test accuracy: 0.0516
2026-01-21 11:45:54 [INFO]  Client 0 Finish Local Training--------|
2026-01-21 11:45:54 [INFO]  Client 1 Starts Local Trainning--------|
2026-01-21 11:46:08 [INFO]  Epoch 0 loss: 99.93139171600342; train accuracy: 0.48749686376181317; test accuracy: 0.1174
2026-01-21 11:46:23 [INFO]  Epoch 1 loss: 98.89067029953003; train accuracy: 0.49284937693401354; test accuracy: 0.1177
2026-01-21 11:46:36 [INFO]  Epoch 2 loss: 98.59290599822998; train accuracy: 0.5176047503554403; test accuracy: 0.1212
2026-01-21 11:46:51 [INFO]  Epoch 3 loss: 97.95394229888916; train accuracy: 0.5504725265534833; test accuracy: 0.1287
2026-01-21 11:47:06 [INFO]  Epoch 4 loss: 97.54062223434448; train accuracy: 0.546458141674333; test accuracy: 0.1297
2026-01-21 11:47:21 [INFO]  Epoch 5 loss: 97.12844562530518; train accuracy: 0.547127205820858; test accuracy: 0.1262
2026-01-21 11:47:35 [INFO]  Epoch 6 loss: 96.67329597473145; train accuracy: 0.6119427950154721; test accuracy: 0.1369
2026-01-21 11:47:50 [INFO]  Epoch 7 loss: 96.12141275405884; train accuracy: 0.6467341306347746; test accuracy: 0.1438
2026-01-21 11:48:04 [INFO]  Epoch 8 loss: 95.53632974624634; train accuracy: 0.6407125533160491; test accuracy: 0.1401
2026-01-21 11:48:18 [INFO]  Epoch 9 loss: 95.12118673324585; train accuracy: 0.6931504557999498; test accuracy: 0.1473
2026-01-21 11:48:18 [INFO]  Client 1 Finish Local Training--------|
2026-01-21 11:48:18 [INFO]  Client 2 Starts Local Trainning--------|
2026-01-21 11:48:29 [INFO]  Epoch 0 loss: 67.55148983001709; train accuracy: 0.36351975371985634; test accuracy: 0.0552
2026-01-21 11:48:40 [INFO]  Epoch 1 loss: 66.50274705886841; train accuracy: 0.43637762955361725; test accuracy: 0.0649
2026-01-21 11:48:50 [INFO]  Epoch 2 loss: 66.21283102035522; train accuracy: 0.43201641867624424; test accuracy: 0.0619
2026-01-21 11:49:00 [INFO]  Epoch 3 loss: 65.99451303482056; train accuracy: 0.4563878912262699; test accuracy: 0.0671
2026-01-21 11:49:10 [INFO]  Epoch 4 loss: 65.80331945419312; train accuracy: 0.48755772190867114; test accuracy: 0.0711
2026-01-21 11:49:20 [INFO]  Epoch 5 loss: 65.30299377441406; train accuracy: 0.504104669061057; test accuracy: 0.074
2026-01-21 11:49:31 [INFO]  Epoch 6 loss: 65.08385133743286; train accuracy: 0.48486403283735247; test accuracy: 0.0713
2026-01-21 11:49:41 [INFO]  Epoch 7 loss: 65.08803844451904; train accuracy: 0.5233453052847614; test accuracy: 0.0776
2026-01-21 11:49:52 [INFO]  Epoch 8 loss: 64.92269325256348; train accuracy: 0.49987172909184197; test accuracy: 0.0721
2026-01-21 11:50:04 [INFO]  Epoch 9 loss: 64.79812908172607; train accuracy: 0.5275782452539765; test accuracy: 0.0776
2026-01-21 11:50:04 [INFO]  Client 2 Finish Local Training--------|
2026-01-21 11:50:04 [INFO]  Client 3 Starts Local Trainning--------|
2026-01-21 11:50:19 [INFO]  Epoch 0 loss: 100.80931377410889; train accuracy: 0.43147416913458375; test accuracy: 0.1008
2026-01-21 11:50:34 [INFO]  Epoch 1 loss: 99.67061233520508; train accuracy: 0.4525337282000658; test accuracy: 0.105
2026-01-21 11:50:48 [INFO]  Epoch 2 loss: 99.24234247207642; train accuracy: 0.465531424810793; test accuracy: 0.1049
2026-01-21 11:51:02 [INFO]  Epoch 3 loss: 98.81155395507812; train accuracy: 0.4836294833826917; test accuracy: 0.107
2026-01-21 11:51:15 [INFO]  Epoch 4 loss: 98.35378503799438; train accuracy: 0.5006581112207963; test accuracy: 0.1133
2026-01-21 11:51:29 [INFO]  Epoch 5 loss: 97.85013914108276; train accuracy: 0.5567620927936822; test accuracy: 0.1194
2026-01-21 11:51:44 [INFO]  Epoch 6 loss: 97.44605493545532; train accuracy: 0.5405561039815728; test accuracy: 0.1167
2026-01-21 11:51:58 [INFO]  Epoch 7 loss: 97.07774829864502; train accuracy: 0.6252056597564989; test accuracy: 0.1263
2026-01-21 11:52:12 [INFO]  Epoch 8 loss: 96.53517317771912; train accuracy: 0.6317045080618624; test accuracy: 0.1274
2026-01-21 11:52:26 [INFO]  Epoch 9 loss: 95.88901662826538; train accuracy: 0.6661730832510694; test accuracy: 0.1277
2026-01-21 11:52:26 [INFO]  Client 3 Finish Local Training--------|
2026-01-21 11:52:26 [INFO]  Client 4 Starts Local Trainning--------|
2026-01-21 11:52:39 [INFO]  Epoch 0 loss: 89.10523414611816; train accuracy: 0.3644312067640277; test accuracy: 0.0774
2026-01-21 11:52:52 [INFO]  Epoch 1 loss: 88.08231449127197; train accuracy: 0.3996925441967717; test accuracy: 0.0817
2026-01-21 11:53:06 [INFO]  Epoch 2 loss: 87.50531005859375; train accuracy: 0.44004611837048424; test accuracy: 0.09
2026-01-21 11:53:18 [INFO]  Epoch 3 loss: 87.16094779968262; train accuracy: 0.46464258262874714; test accuracy: 0.0929
2026-01-21 11:53:30 [INFO]  Epoch 4 loss: 86.73119592666626; train accuracy: 0.4692544196771714; test accuracy: 0.0959
2026-01-21 11:53:43 [INFO]  Epoch 5 loss: 86.27412509918213; train accuracy: 0.5071099154496541; test accuracy: 0.0982
2026-01-21 11:53:58 [INFO]  Epoch 6 loss: 85.96858406066895; train accuracy: 0.5442928516525749; test accuracy: 0.1041
2026-01-21 11:54:11 [INFO]  Epoch 7 loss: 85.72077703475952; train accuracy: 0.5668716372021522; test accuracy: 0.1059
2026-01-21 11:54:23 [INFO]  Epoch 8 loss: 85.19067335128784; train accuracy: 0.5919485011529593; test accuracy: 0.1092
2026-01-21 11:54:36 [INFO]  Epoch 9 loss: 84.8683090209961; train accuracy: 0.6098193697156034; test accuracy: 0.1058
2026-01-21 11:54:36 [INFO]  Client 4 Finish Local Training--------|
2026-01-21 11:54:36 [INFO]  Round 1 Finish--------|
2026-01-21 11:54:36 [INFO]  Model variance: mean: 0.0013557954225689173, sum: 15281.7568359375
2026-01-21 11:54:40 [INFO]  The test accuracy of OneShotFedETF: 0.0114
2026-01-21 11:54:45 [INFO]  The test accuracy of OneshotFedETF+Ensemble: 0.2291
2026-01-21 11:54:45 [INFO]  Save config to ./checkpoints/CIFAR100_alpha0.05/baselines_OneshotFedETF_CIFAR10_results.yaml
2026-01-21 11:54:45 [INFO]  Round 2 starts--------|
2026-01-21 11:54:45 [INFO]  Client 0 Starts Local Trainning--------|
2026-01-21 11:54:57 [INFO]  Epoch 0 loss: 67.44287824630737; train accuracy: 0.33398412078615125; test accuracy: 0.0529
2026-01-21 11:55:07 [INFO]  Epoch 1 loss: 67.23350191116333; train accuracy: 0.3158922295978134; test accuracy: 0.0535
2026-01-21 11:55:17 [INFO]  Epoch 2 loss: 67.78191709518433; train accuracy: 0.27085773786281403; test accuracy: 0.0426
2026-01-21 11:55:28 [INFO]  Epoch 3 loss: 68.41884660720825; train accuracy: 0.2902512039567877; test accuracy: 0.0471
2026-01-21 11:55:38 [INFO]  Epoch 4 loss: 67.62667894363403; train accuracy: 0.2868671092021346; test accuracy: 0.0451
2026-01-21 11:55:48 [INFO]  Epoch 5 loss: 67.92428970336914; train accuracy: 0.2328517506182481; test accuracy: 0.0374
2026-01-21 11:55:58 [INFO]  Epoch 6 loss: 67.75223541259766; train accuracy: 0.2905115189379149; test accuracy: 0.0472
2026-01-21 11:56:08 [INFO]  Epoch 7 loss: 67.6883635520935; train accuracy: 0.3105557724847065; test accuracy: 0.0526
2026-01-21 11:56:19 [INFO]  Epoch 8 loss: 67.69115877151489; train accuracy: 0.3278667187296629; test accuracy: 0.0548
2026-01-21 11:56:29 [INFO]  Epoch 9 loss: 67.32337760925293; train accuracy: 0.33385396329558764; test accuracy: 0.0541
2026-01-21 11:56:29 [INFO]  Client 0 Finish Local Training--------|
2026-01-21 11:56:29 [INFO]  Client 1 Starts Local Trainning--------|
2026-01-21 11:56:43 [INFO]  Epoch 0 loss: 96.09262990951538; train accuracy: 0.7046081793091913; test accuracy: 0.1514
2026-01-21 11:56:59 [INFO]  Epoch 1 loss: 95.69287848472595; train accuracy: 0.6658860918290541; test accuracy: 0.1413
2026-01-21 11:57:13 [INFO]  Epoch 2 loss: 95.02060437202454; train accuracy: 0.7017646566864598; test accuracy: 0.1515
2026-01-21 11:57:27 [INFO]  Epoch 3 loss: 94.26414370536804; train accuracy: 0.7460065233754286; test accuracy: 0.1569
2026-01-21 11:57:41 [INFO]  Epoch 4 loss: 93.7759382724762; train accuracy: 0.7444174960274317; test accuracy: 0.1505
2026-01-21 11:57:58 [INFO]  Epoch 5 loss: 93.09375357627869; train accuracy: 0.7819687212511499; test accuracy: 0.1515
2026-01-21 11:58:13 [INFO]  Epoch 6 loss: 92.44077587127686; train accuracy: 0.8247888266287531; test accuracy: 0.1594
2026-01-21 11:58:29 [INFO]  Epoch 7 loss: 91.984384059906; train accuracy: 0.8181818181818182; test accuracy: 0.152
2026-01-21 11:58:43 [INFO]  Epoch 8 loss: 91.93911790847778; train accuracy: 0.8487915028853391; test accuracy: 0.1579
2026-01-21 11:58:57 [INFO]  Epoch 9 loss: 91.27518248558044; train accuracy: 0.8584092999916367; test accuracy: 0.1622
2026-01-21 11:58:57 [INFO]  Client 1 Finish Local Training--------|
2026-01-21 11:58:57 [INFO]  Client 2 Starts Local Trainning--------|
2026-01-21 11:59:08 [INFO]  Epoch 0 loss: 64.67053747177124; train accuracy: 0.6104412519240636; test accuracy: 0.0881
2026-01-21 11:59:18 [INFO]  Epoch 1 loss: 64.29967975616455; train accuracy: 0.5632375577219086; test accuracy: 0.0816
2026-01-21 11:59:28 [INFO]  Epoch 2 loss: 64.18378448486328; train accuracy: 0.564391995895331; test accuracy: 0.0802
2026-01-21 11:59:39 [INFO]  Epoch 3 loss: 63.898292779922485; train accuracy: 0.6200615700359159; test accuracy: 0.0876
2026-01-21 11:59:50 [INFO]  Epoch 4 loss: 63.50914907455444; train accuracy: 0.6616213442791175; test accuracy: 0.0908
2026-01-21 12:00:00 [INFO]  Epoch 5 loss: 63.31844115257263; train accuracy: 0.6918932786044125; test accuracy: 0.0953
2026-01-21 12:00:11 [INFO]  Epoch 6 loss: 62.909013986587524; train accuracy: 0.6697024114930734; test accuracy: 0.0861
2026-01-21 12:00:22 [INFO]  Epoch 7 loss: 62.87614464759827; train accuracy: 0.6926629040533607; test accuracy: 0.0901
2026-01-21 12:00:32 [INFO]  Epoch 8 loss: 62.56070923805237; train accuracy: 0.7294766546947152; test accuracy: 0.0892
2026-01-21 12:00:43 [INFO]  Epoch 9 loss: 62.40831995010376; train accuracy: 0.7588506926629041; test accuracy: 0.0939
2026-01-21 12:00:43 [INFO]  Client 2 Finish Local Training--------|
2026-01-21 12:00:43 [INFO]  Client 3 Starts Local Trainning--------|
2026-01-21 12:00:58 [INFO]  Epoch 0 loss: 96.4042661190033; train accuracy: 0.7065646594274433; test accuracy: 0.1367
2026-01-21 12:01:13 [INFO]  Epoch 1 loss: 96.3079514503479; train accuracy: 0.6820500164527805; test accuracy: 0.1361
2026-01-21 12:01:28 [INFO]  Epoch 2 loss: 95.71874856948853; train accuracy: 0.6920862125699243; test accuracy: 0.1349
2026-01-21 12:01:43 [INFO]  Epoch 3 loss: 94.8803505897522; train accuracy: 0.7243336623889437; test accuracy: 0.1331
2026-01-21 12:01:58 [INFO]  Epoch 4 loss: 94.84917736053467; train accuracy: 0.7685093780848964; test accuracy: 0.1397
2026-01-21 12:02:12 [INFO]  Epoch 5 loss: 94.10709953308105; train accuracy: 0.7049193813754524; test accuracy: 0.1295
2026-01-21 12:02:27 [INFO]  Epoch 6 loss: 93.45457053184509; train accuracy: 0.8130964132938466; test accuracy: 0.1413
2026-01-21 12:02:41 [INFO]  Epoch 7 loss: 92.64964842796326; train accuracy: 0.8225567620927937; test accuracy: 0.1407
2026-01-21 12:02:56 [INFO]  Epoch 8 loss: 92.25773739814758; train accuracy: 0.8612207963145772; test accuracy: 0.1391
2026-01-21 12:03:10 [INFO]  Epoch 9 loss: 91.78296136856079; train accuracy: 0.8866403422178348; test accuracy: 0.1425
2026-01-21 12:03:10 [INFO]  Client 3 Finish Local Training--------|
2026-01-21 12:03:10 [INFO]  Client 4 Starts Local Trainning--------|
2026-01-21 12:03:23 [INFO]  Epoch 0 loss: 85.14822006225586; train accuracy: 0.6609338970023059; test accuracy: 0.1159
2026-01-21 12:03:37 [INFO]  Epoch 1 loss: 84.66676163673401; train accuracy: 0.6109723289777095; test accuracy: 0.1079
2026-01-21 12:03:49 [INFO]  Epoch 2 loss: 84.12273263931274; train accuracy: 0.6447924673328209; test accuracy: 0.1107
2026-01-21 12:04:02 [INFO]  Epoch 3 loss: 83.87871551513672; train accuracy: 0.6642966948501153; test accuracy: 0.1085
2026-01-21 12:04:15 [INFO]  Epoch 4 loss: 83.28574109077454; train accuracy: 0.7323212913143735; test accuracy: 0.1184
2026-01-21 12:04:29 [INFO]  Epoch 5 loss: 82.9894950389862; train accuracy: 0.7028247501921598; test accuracy: 0.1119
2026-01-21 12:04:42 [INFO]  Epoch 6 loss: 82.32691144943237; train accuracy: 0.7401037663335895; test accuracy: 0.1159
2026-01-21 12:04:56 [INFO]  Epoch 7 loss: 82.23638391494751; train accuracy: 0.7671983089930823; test accuracy: 0.1145
2026-01-21 12:05:09 [INFO]  Epoch 8 loss: 80.94300699234009; train accuracy: 0.8439661798616449; test accuracy: 0.1251
2026-01-21 12:05:22 [INFO]  Epoch 9 loss: 79.9595856666565; train accuracy: 0.8842236740968485; test accuracy: 0.1248
2026-01-21 12:05:22 [INFO]  Client 4 Finish Local Training--------|
2026-01-21 12:05:22 [INFO]  Round 2 Finish--------|
2026-01-21 12:05:22 [INFO]  Model variance: mean: 0.002023936714977026, sum: 22812.666015625
2026-01-21 12:05:25 [INFO]  The test accuracy of OneShotFedETF: 0.0205
2026-01-21 12:05:31 [INFO]  The test accuracy of OneshotFedETF+Ensemble: 0.2404
2026-01-21 12:05:31 [INFO]  Save config to ./checkpoints/CIFAR100_alpha0.05/baselines_OneshotFedETF_CIFAR10_results.yaml
2026-01-21 12:05:31 [INFO]  Round 3 starts--------|
2026-01-21 12:05:31 [INFO]  Client 0 Starts Local Trainning--------|
2026-01-21 12:05:41 [INFO]  Epoch 0 loss: 67.08312129974365; train accuracy: 0.3852661720682025; test accuracy: 0.0623
2026-01-21 12:05:52 [INFO]  Epoch 1 loss: 66.45057725906372; train accuracy: 0.26903553299492383; test accuracy: 0.0437
2026-01-21 12:06:04 [INFO]  Epoch 2 loss: 67.84688663482666; train accuracy: 0.33762853052193154; test accuracy: 0.0569
2026-01-21 12:06:15 [INFO]  Epoch 3 loss: 67.51990079879761; train accuracy: 0.3429649876350384; test accuracy: 0.056
2026-01-21 12:06:25 [INFO]  Epoch 4 loss: 67.42477512359619; train accuracy: 0.3598854614083041; test accuracy: 0.0598
2026-01-21 12:06:35 [INFO]  Epoch 5 loss: 67.01169395446777; train accuracy: 0.3747234153325524; test accuracy: 0.0613
2026-01-21 12:06:46 [INFO]  Epoch 6 loss: 66.84069490432739; train accuracy: 0.30196537810751006; test accuracy: 0.0521
2026-01-21 12:06:57 [INFO]  Epoch 7 loss: 67.44963693618774; train accuracy: 0.3727710529740987; test accuracy: 0.0599
2026-01-21 12:07:07 [INFO]  Epoch 8 loss: 66.6489884853363; train accuracy: 0.4154627098789535; test accuracy: 0.0662
2026-01-21 12:07:18 [INFO]  Epoch 9 loss: 66.40946674346924; train accuracy: 0.3796693999739685; test accuracy: 0.0601
2026-01-21 12:07:18 [INFO]  Client 0 Finish Local Training--------|
2026-01-21 12:07:18 [INFO]  Client 1 Starts Local Trainning--------|
2026-01-21 12:07:34 [INFO]  Epoch 0 loss: 93.46439671516418; train accuracy: 0.8643472442920465; test accuracy: 0.1617
2026-01-21 12:07:49 [INFO]  Epoch 1 loss: 92.96654224395752; train accuracy: 0.689470602994062; test accuracy: 0.1384
2026-01-21 12:08:03 [INFO]  Epoch 2 loss: 92.78861618041992; train accuracy: 0.827046918123275; test accuracy: 0.1575
2026-01-21 12:08:17 [INFO]  Epoch 3 loss: 90.66099071502686; train accuracy: 0.9107635694572217; test accuracy: 0.1627
2026-01-21 12:08:31 [INFO]  Epoch 4 loss: 89.51039409637451; train accuracy: 0.9391987956845362; test accuracy: 0.168
2026-01-21 12:08:46 [INFO]  Epoch 5 loss: 89.28060841560364; train accuracy: 0.9294137325416074; test accuracy: 0.1661
2026-01-21 12:09:00 [INFO]  Epoch 6 loss: 88.99155783653259; train accuracy: 0.9540854729447186; test accuracy: 0.1697
2026-01-21 12:09:14 [INFO]  Epoch 7 loss: 88.58259916305542; train accuracy: 0.9678012879484821; test accuracy: 0.1742
2026-01-21 12:09:29 [INFO]  Epoch 8 loss: 88.0252013206482; train accuracy: 0.9781717822196203; test accuracy: 0.1753
2026-01-21 12:09:43 [INFO]  Epoch 9 loss: 87.74854516983032; train accuracy: 0.9831061303002425; test accuracy: 0.1763
2026-01-21 12:09:43 [INFO]  Client 1 Finish Local Training--------|
2026-01-21 12:09:43 [INFO]  Client 2 Starts Local Trainning--------|
2026-01-21 12:09:54 [INFO]  Epoch 0 loss: 62.42192983627319; train accuracy: 0.8202924576706003; test accuracy: 0.1018
2026-01-21 12:10:04 [INFO]  Epoch 1 loss: 63.07634782791138; train accuracy: 0.6641867624422781; test accuracy: 0.0865
2026-01-21 12:10:14 [INFO]  Epoch 2 loss: 62.55792427062988; train accuracy: 0.7233196511031298; test accuracy: 0.0894
2026-01-21 12:10:24 [INFO]  Epoch 3 loss: 61.96842908859253; train accuracy: 0.7538481272447409; test accuracy: 0.0926
2026-01-21 12:10:35 [INFO]  Epoch 4 loss: 61.459542989730835; train accuracy: 0.8075936377629553; test accuracy: 0.0963
2026-01-21 12:10:45 [INFO]  Epoch 5 loss: 61.1064887046814; train accuracy: 0.823370959466393; test accuracy: 0.099
2026-01-21 12:10:55 [INFO]  Epoch 6 loss: 60.882601737976074; train accuracy: 0.8568496664956388; test accuracy: 0.0993
2026-01-21 12:11:06 [INFO]  Epoch 7 loss: 60.53750419616699; train accuracy: 0.8712160082093381; test accuracy: 0.0995
2026-01-21 12:11:18 [INFO]  Epoch 8 loss: 60.203949213027954; train accuracy: 0.9058491534120061; test accuracy: 0.1014
2026-01-21 12:11:29 [INFO]  Epoch 9 loss: 60.015833139419556; train accuracy: 0.8456900974858902; test accuracy: 0.0866
2026-01-21 12:11:29 [INFO]  Client 2 Finish Local Training--------|
2026-01-21 12:11:29 [INFO]  Client 3 Starts Local Trainning--------|
2026-01-21 12:11:43 [INFO]  Epoch 0 loss: 93.32009792327881; train accuracy: 0.8937150378413952; test accuracy: 0.1452
2026-01-21 12:11:57 [INFO]  Epoch 1 loss: 95.0041983127594; train accuracy: 0.7615169463639355; test accuracy: 0.1354
2026-01-21 12:12:12 [INFO]  Epoch 2 loss: 92.29409790039062; train accuracy: 0.8529944060546232; test accuracy: 0.1398
2026-01-21 12:12:27 [INFO]  Epoch 3 loss: 91.00125122070312; train accuracy: 0.8989799276077657; test accuracy: 0.1386
2026-01-21 12:12:41 [INFO]  Epoch 4 loss: 90.6708152294159; train accuracy: 0.9100855544587035; test accuracy: 0.1329
2026-01-21 12:12:55 [INFO]  Epoch 5 loss: 89.36468839645386; train accuracy: 0.9401941428101349; test accuracy: 0.1435
2026-01-21 12:13:10 [INFO]  Epoch 6 loss: 88.92346811294556; train accuracy: 0.9341888779203685; test accuracy: 0.1454
2026-01-21 12:13:24 [INFO]  Epoch 7 loss: 88.82380628585815; train accuracy: 0.9418394208621257; test accuracy: 0.1372
2026-01-21 12:13:38 [INFO]  Epoch 8 loss: 88.60789847373962; train accuracy: 0.9654491609081934; test accuracy: 0.1487
2026-01-21 12:13:53 [INFO]  Epoch 9 loss: 88.53017520904541; train accuracy: 0.9541790062520566; test accuracy: 0.1362
2026-01-21 12:13:53 [INFO]  Client 3 Finish Local Training--------|
2026-01-21 12:13:53 [INFO]  Client 4 Starts Local Trainning--------|
2026-01-21 12:14:07 [INFO]  Epoch 0 loss: 82.0970811843872; train accuracy: 0.8686587240584166; test accuracy: 0.126
2026-01-21 12:14:20 [INFO]  Epoch 1 loss: 83.73538208007812; train accuracy: 0.6029976940814757; test accuracy: 0.1029
2026-01-21 12:14:33 [INFO]  Epoch 2 loss: 82.41707587242126; train accuracy: 0.837913143735588; test accuracy: 0.1281
2026-01-21 12:14:46 [INFO]  Epoch 3 loss: 80.41074299812317; train accuracy: 0.8740392006149116; test accuracy: 0.1266
2026-01-21 12:14:58 [INFO]  Epoch 4 loss: 79.66062307357788; train accuracy: 0.9032475019215987; test accuracy: 0.1332
2026-01-21 12:15:12 [INFO]  Epoch 5 loss: 78.75693869590759; train accuracy: 0.93543428132206; test accuracy: 0.1361
2026-01-21 12:15:25 [INFO]  Epoch 6 loss: 77.96818256378174; train accuracy: 0.9499423520368947; test accuracy: 0.1375
2026-01-21 12:15:38 [INFO]  Epoch 7 loss: 77.51619672775269; train accuracy: 0.9588777863182167; test accuracy: 0.1379
2026-01-21 12:15:50 [INFO]  Epoch 8 loss: 77.54056310653687; train accuracy: 0.9466756341275941; test accuracy: 0.1344
2026-01-21 12:16:03 [INFO]  Epoch 9 loss: 79.61173748970032; train accuracy: 0.7571099154496541; test accuracy: 0.112
2026-01-21 12:16:03 [INFO]  Client 4 Finish Local Training--------|
2026-01-21 12:16:03 [INFO]  Round 3 Finish--------|
2026-01-21 12:16:03 [INFO]  Model variance: mean: 0.0025682030245661736, sum: 28947.328125
2026-01-21 12:16:06 [INFO]  The test accuracy of OneShotFedETF: 0.015
2026-01-21 12:16:12 [INFO]  The test accuracy of OneshotFedETF+Ensemble: 0.2349
2026-01-21 12:16:12 [INFO]  Save config to ./checkpoints/CIFAR100_alpha0.05/baselines_OneshotFedETF_CIFAR10_results.yaml
2026-01-21 12:16:12 [INFO]  Round 4 starts--------|
2026-01-21 12:16:12 [INFO]  Client 0 Starts Local Trainning--------|
2026-01-21 12:16:22 [INFO]  Epoch 0 loss: 66.495934009552; train accuracy: 0.44722113757646753; test accuracy: 0.0706
2026-01-21 12:16:32 [INFO]  Epoch 1 loss: 65.94329929351807; train accuracy: 0.3580632565404139; test accuracy: 0.0586
2026-01-21 12:16:42 [INFO]  Epoch 2 loss: 66.62814331054688; train accuracy: 0.3615775087856306; test accuracy: 0.0603
2026-01-21 12:16:53 [INFO]  Epoch 3 loss: 67.14429092407227; train accuracy: 0.293895613692568; test accuracy: 0.0521
2026-01-21 12:17:03 [INFO]  Epoch 4 loss: 67.68747282028198; train accuracy: 0.1974489131849538; test accuracy: 0.0337
2026-01-21 12:17:13 [INFO]  Epoch 5 loss: 69.27744150161743; train accuracy: 0.2834830144474815; test accuracy: 0.05
2026-01-21 12:17:24 [INFO]  Epoch 6 loss: 67.89492654800415; train accuracy: 0.3617076662761942; test accuracy: 0.0612
2026-01-21 12:17:34 [INFO]  Epoch 7 loss: 67.1191201210022; train accuracy: 0.27489262007028503; test accuracy: 0.0468
2026-01-21 12:17:44 [INFO]  Epoch 8 loss: 68.39229488372803; train accuracy: 0.24768970454249642; test accuracy: 0.0462
2026-01-21 12:17:54 [INFO]  Epoch 9 loss: 68.67399597167969; train accuracy: 0.2306390732786672; test accuracy: 0.0395
2026-01-21 12:17:54 [INFO]  Client 0 Finish Local Training--------|
2026-01-21 12:17:54 [INFO]  Client 1 Starts Local Trainning--------|
2026-01-21 12:18:09 [INFO]  Epoch 0 loss: 92.15929794311523; train accuracy: 0.9220540269298318; test accuracy: 0.1633
2026-01-21 12:18:23 [INFO]  Epoch 1 loss: 93.75054907798767; train accuracy: 0.730032616877143; test accuracy: 0.1399
2026-01-21 12:18:37 [INFO]  Epoch 2 loss: 91.00004935264587; train accuracy: 0.9336790164757046; test accuracy: 0.1647
2026-01-21 12:18:51 [INFO]  Epoch 3 loss: 88.71103549003601; train accuracy: 0.9676340219118508; test accuracy: 0.1731
2026-01-21 12:19:06 [INFO]  Epoch 4 loss: 88.45266509056091; train accuracy: 0.952161913523459; test accuracy: 0.1671
2026-01-21 12:19:19 [INFO]  Epoch 5 loss: 88.15725946426392; train accuracy: 0.9796771765493016; test accuracy: 0.1742
2026-01-21 12:19:33 [INFO]  Epoch 6 loss: 87.6241204738617; train accuracy: 0.9854478548130802; test accuracy: 0.1741
2026-01-21 12:19:48 [INFO]  Epoch 7 loss: 87.42795205116272; train accuracy: 0.9908003679852806; test accuracy: 0.1791
2026-01-21 12:20:02 [INFO]  Epoch 8 loss: 87.2627592086792; train accuracy: 0.9936438906080121; test accuracy: 0.1786
2026-01-21 12:20:16 [INFO]  Epoch 9 loss: 87.14337158203125; train accuracy: 0.9951492849376934; test accuracy: 0.1818
2026-01-21 12:20:16 [INFO]  Client 1 Finish Local Training--------|
2026-01-21 12:20:16 [INFO]  Client 2 Starts Local Trainning--------|
2026-01-21 12:20:26 [INFO]  Epoch 0 loss: 60.99167060852051; train accuracy: 0.9240636223704464; test accuracy: 0.1055
2026-01-21 12:20:37 [INFO]  Epoch 1 loss: 60.101932525634766; train accuracy: 0.9143150333504361; test accuracy: 0.1017
2026-01-21 12:20:48 [INFO]  Epoch 2 loss: 60.06098437309265; train accuracy: 0.8999486916367367; test accuracy: 0.0971
2026-01-21 12:20:59 [INFO]  Epoch 3 loss: 59.776509523391724; train accuracy: 0.9179066187788609; test accuracy: 0.0987
2026-01-21 12:21:10 [INFO]  Epoch 4 loss: 59.33755159378052; train accuracy: 0.9502308876346844; test accuracy: 0.106
2026-01-21 12:21:20 [INFO]  Epoch 5 loss: 59.102426528930664; train accuracy: 0.944202154951257; test accuracy: 0.0979
2026-01-21 12:21:31 [INFO]  Epoch 6 loss: 59.056618213653564; train accuracy: 0.9588250384812724; test accuracy: 0.1043
2026-01-21 12:21:41 [INFO]  Epoch 7 loss: 58.68176984786987; train accuracy: 0.9744740892765521; test accuracy: 0.1062
2026-01-21 12:21:51 [INFO]  Epoch 8 loss: 58.462456703186035; train accuracy: 0.9783222165212929; test accuracy: 0.1107
2026-01-21 12:22:01 [INFO]  Epoch 9 loss: 58.31158137321472; train accuracy: 0.9851205746536685; test accuracy: 0.109
2026-01-21 12:22:01 [INFO]  Client 2 Finish Local Training--------|
2026-01-21 12:22:01 [INFO]  Client 3 Starts Local Trainning--------|
2026-01-21 12:22:15 [INFO]  Epoch 0 loss: 91.92972040176392; train accuracy: 0.9550839091806516; test accuracy: 0.1468
2026-01-21 12:22:29 [INFO]  Epoch 1 loss: 92.69749879837036; train accuracy: 0.5783152352747615; test accuracy: 0.1057
2026-01-21 12:22:44 [INFO]  Epoch 2 loss: 94.35559797286987; train accuracy: 0.8427936821322803; test accuracy: 0.1401
2026-01-21 12:22:58 [INFO]  Epoch 3 loss: 89.8794903755188; train accuracy: 0.9503126028298783; test accuracy: 0.1374
2026-01-21 12:23:12 [INFO]  Epoch 4 loss: 88.28558373451233; train accuracy: 0.9610891740704179; test accuracy: 0.1373
2026-01-21 12:23:25 [INFO]  Epoch 5 loss: 87.82665395736694; train accuracy: 0.9743336623889437; test accuracy: 0.1448
2026-01-21 12:23:40 [INFO]  Epoch 6 loss: 87.55718541145325; train accuracy: 0.9809970384995064; test accuracy: 0.1464
2026-01-21 12:23:54 [INFO]  Epoch 7 loss: 87.4122486114502; train accuracy: 0.9845343863112866; test accuracy: 0.1455
2026-01-21 12:24:08 [INFO]  Epoch 8 loss: 88.27312207221985; train accuracy: 0.8571076011846002; test accuracy: 0.1244
2026-01-21 12:24:23 [INFO]  Epoch 9 loss: 89.13615560531616; train accuracy: 0.9721125370187562; test accuracy: 0.1439
2026-01-21 12:24:23 [INFO]  Client 3 Finish Local Training--------|
2026-01-21 12:24:23 [INFO]  Client 4 Starts Local Trainning--------|
2026-01-21 12:24:36 [INFO]  Epoch 0 loss: 81.35455775260925; train accuracy: 0.92467332820907; test accuracy: 0.1285
2026-01-21 12:24:48 [INFO]  Epoch 1 loss: 79.86898922920227; train accuracy: 0.7335703305149884; test accuracy: 0.1046
2026-01-21 12:25:02 [INFO]  Epoch 2 loss: 83.85331010818481; train accuracy: 0.7730591852421215; test accuracy: 0.1217
2026-01-21 12:25:15 [INFO]  Epoch 3 loss: 79.86053013801575; train accuracy: 0.90728285933897; test accuracy: 0.1279
2026-01-21 12:25:28 [INFO]  Epoch 4 loss: 78.03252840042114; train accuracy: 0.9507109915449654; test accuracy: 0.1362
2026-01-21 12:25:40 [INFO]  Epoch 5 loss: 77.28404879570007; train accuracy: 0.9640661029976941; test accuracy: 0.1337
2026-01-21 12:25:53 [INFO]  Epoch 6 loss: 77.17953252792358; train accuracy: 0.9624327440430438; test accuracy: 0.1283
2026-01-21 12:26:06 [INFO]  Epoch 7 loss: 76.8247332572937; train accuracy: 0.9810722521137587; test accuracy: 0.1395
2026-01-21 12:26:19 [INFO]  Epoch 8 loss: 76.59595274925232; train accuracy: 0.9802075326671791; test accuracy: 0.14
2026-01-21 12:26:32 [INFO]  Epoch 9 loss: 76.91713571548462; train accuracy: 0.9781898539584934; test accuracy: 0.1345
2026-01-21 12:26:32 [INFO]  Client 4 Finish Local Training--------|
2026-01-21 12:26:32 [INFO]  Round 4 Finish--------|
2026-01-21 12:26:32 [INFO]  Model variance: mean: 0.003021084703505039, sum: 34051.953125
2026-01-21 12:26:36 [INFO]  The test accuracy of OneShotFedETF: 0.0101
2026-01-21 12:26:41 [INFO]  The test accuracy of OneshotFedETF+Ensemble: 0.2623
2026-01-21 12:26:41 [INFO]  Save config to ./checkpoints/CIFAR100_alpha0.05/baselines_OneshotFedETF_CIFAR10_results.yaml
2026-01-21 12:26:41 [INFO]  Round 5 starts--------|
2026-01-21 12:26:41 [INFO]  Client 0 Starts Local Trainning--------|
2026-01-21 12:26:51 [INFO]  Epoch 0 loss: 67.9645128250122; train accuracy: 0.33112065599375246; test accuracy: 0.0537
2026-01-21 12:27:02 [INFO]  Epoch 1 loss: 66.75227880477905; train accuracy: 0.34023168033320317; test accuracy: 0.0566
2026-01-21 12:27:12 [INFO]  Epoch 2 loss: 67.4719557762146; train accuracy: 0.39880255108681506; test accuracy: 0.0637
2026-01-21 12:27:23 [INFO]  Epoch 3 loss: 66.4096097946167; train accuracy: 0.43264349863334634; test accuracy: 0.0685
2026-01-21 12:27:33 [INFO]  Epoch 4 loss: 65.87817788124084; train accuracy: 0.42314200182220485; test accuracy: 0.069
2026-01-21 12:27:43 [INFO]  Epoch 5 loss: 66.35615873336792; train accuracy: 0.4594559416894442; test accuracy: 0.0747
2026-01-21 12:27:53 [INFO]  Epoch 6 loss: 65.79637670516968; train accuracy: 0.4646622413119875; test accuracy: 0.0737
2026-01-21 12:28:04 [INFO]  Epoch 7 loss: 65.7732744216919; train accuracy: 0.4509957048028114; test accuracy: 0.0712
2026-01-21 12:28:14 [INFO]  Epoch 8 loss: 65.53292512893677; train accuracy: 0.3075621502017441; test accuracy: 0.0503
2026-01-21 12:28:24 [INFO]  Epoch 9 loss: 66.87021064758301; train accuracy: 0.4254848366523493; test accuracy: 0.0684
2026-01-21 12:28:24 [INFO]  Client 0 Finish Local Training--------|
2026-01-21 12:28:24 [INFO]  Client 1 Starts Local Trainning--------|
2026-01-21 12:28:39 [INFO]  Epoch 0 loss: 91.32042622566223; train accuracy: 0.9403696579409551; test accuracy: 0.1686
2026-01-21 12:28:53 [INFO]  Epoch 1 loss: 89.37695002555847; train accuracy: 0.8319812662038973; test accuracy: 0.1539
2026-01-21 12:29:07 [INFO]  Epoch 2 loss: 91.49876117706299; train accuracy: 0.8002843522622731; test accuracy: 0.1442
2026-01-21 12:29:21 [INFO]  Epoch 3 loss: 90.50091791152954; train accuracy: 0.9245630174793008; test accuracy: 0.1604
2026-01-21 12:29:36 [INFO]  Epoch 4 loss: 88.3492021560669; train accuracy: 0.9736555992305762; test accuracy: 0.1704
2026-01-21 12:29:51 [INFO]  Epoch 5 loss: 87.71294379234314; train accuracy: 0.9730701681023668; test accuracy: 0.1644
2026-01-21 12:30:05 [INFO]  Epoch 6 loss: 87.56129741668701; train accuracy: 0.9912185330768587; test accuracy: 0.1705
2026-01-21 12:30:19 [INFO]  Epoch 7 loss: 87.22633504867554; train accuracy: 0.9899640378021243; test accuracy: 0.1729
2026-01-21 12:30:34 [INFO]  Epoch 8 loss: 87.13219237327576; train accuracy: 0.9948147528644309; test accuracy: 0.1761
2026-01-21 12:30:49 [INFO]  Epoch 9 loss: 87.015958070755; train accuracy: 0.9965710462490591; test accuracy: 0.1767
2026-01-21 12:30:49 [INFO]  Client 1 Finish Local Training--------|
2026-01-21 12:30:49 [INFO]  Client 2 Starts Local Trainning--------|
2026-01-21 12:30:59 [INFO]  Epoch 0 loss: 60.13829779624939; train accuracy: 0.9588250384812724; test accuracy: 0.1029
2026-01-21 12:31:09 [INFO]  Epoch 1 loss: 58.88584518432617; train accuracy: 0.9454848640328374; test accuracy: 0.0953
2026-01-21 12:31:20 [INFO]  Epoch 2 loss: 59.348228454589844; train accuracy: 0.8842996408414572; test accuracy: 0.0913
2026-01-21 12:31:30 [INFO]  Epoch 3 loss: 62.530526638031006; train accuracy: 0.6434068753206773; test accuracy: 0.0798
2026-01-21 12:31:41 [INFO]  Epoch 4 loss: 61.445016384124756; train accuracy: 0.8778860954335557; test accuracy: 0.0978
2026-01-21 12:31:51 [INFO]  Epoch 5 loss: 59.78433966636658; train accuracy: 0.9438173422267829; test accuracy: 0.0981
2026-01-21 12:32:02 [INFO]  Epoch 6 loss: 58.93757343292236; train accuracy: 0.9711390456644433; test accuracy: 0.1011
2026-01-21 12:32:12 [INFO]  Epoch 7 loss: 58.50372362136841; train accuracy: 0.9810159055926116; test accuracy: 0.1065
2026-01-21 12:32:22 [INFO]  Epoch 8 loss: 58.27675104141235; train accuracy: 0.9864032837352489; test accuracy: 0.1107
2026-01-21 12:32:32 [INFO]  Epoch 9 loss: 58.14452815055847; train accuracy: 0.9888404309902514; test accuracy: 0.1111
2026-01-21 12:32:32 [INFO]  Client 2 Finish Local Training--------|
2026-01-21 12:32:32 [INFO]  Client 3 Starts Local Trainning--------|
2026-01-21 12:32:47 [INFO]  Epoch 0 loss: 91.1623387336731; train accuracy: 0.9677525501809806; test accuracy: 0.1455
2026-01-21 12:33:01 [INFO]  Epoch 1 loss: 88.18170428276062; train accuracy: 0.9758144126357354; test accuracy: 0.1422
2026-01-21 12:33:15 [INFO]  Epoch 2 loss: 87.42864203453064; train accuracy: 0.9834649555774926; test accuracy: 0.1412
2026-01-21 12:33:29 [INFO]  Epoch 3 loss: 87.34479475021362; train accuracy: 0.9836294833826916; test accuracy: 0.1375
2026-01-21 12:33:43 [INFO]  Epoch 4 loss: 89.45440149307251; train accuracy: 0.82321487331359; test accuracy: 0.123
2026-01-21 12:33:57 [INFO]  Epoch 5 loss: 90.18938517570496; train accuracy: 0.959279368213228; test accuracy: 0.1345
2026-01-21 12:34:11 [INFO]  Epoch 6 loss: 87.90723323822021; train accuracy: 0.9715366897005594; test accuracy: 0.1413
2026-01-21 12:34:25 [INFO]  Epoch 7 loss: 87.80224585533142; train accuracy: 0.9616650213886146; test accuracy: 0.1378
2026-01-21 12:34:39 [INFO]  Epoch 8 loss: 88.02551794052124; train accuracy: 0.963557091148404; test accuracy: 0.1254
2026-01-21 12:34:53 [INFO]  Epoch 9 loss: 87.97205400466919; train accuracy: 0.9570582428430404; test accuracy: 0.1382
2026-01-21 12:34:53 [INFO]  Client 3 Finish Local Training--------|
2026-01-21 12:34:53 [INFO]  Client 4 Starts Local Trainning--------|
2026-01-21 12:35:06 [INFO]  Epoch 0 loss: 80.56325078010559; train accuracy: 0.9508070714834742; test accuracy: 0.1321
2026-01-21 12:35:20 [INFO]  Epoch 1 loss: 78.04031109809875; train accuracy: 0.9607033051498847; test accuracy: 0.1372
2026-01-21 12:35:33 [INFO]  Epoch 2 loss: 77.44235301017761; train accuracy: 0.9626249039200615; test accuracy: 0.1298
2026-01-21 12:35:45 [INFO]  Epoch 3 loss: 77.33486104011536; train accuracy: 0.957532667179093; test accuracy: 0.1283
2026-01-21 12:35:58 [INFO]  Epoch 4 loss: 77.21425032615662; train accuracy: 0.9568601076095311; test accuracy: 0.1292
2026-01-21 12:36:10 [INFO]  Epoch 5 loss: 77.06144046783447; train accuracy: 0.9380284396617986; test accuracy: 0.1298
2026-01-21 12:36:23 [INFO]  Epoch 6 loss: 77.25153684616089; train accuracy: 0.9795349730976172; test accuracy: 0.1377
2026-01-21 12:36:36 [INFO]  Epoch 7 loss: 77.57638478279114; train accuracy: 0.9425441967717141; test accuracy: 0.1339
2026-01-21 12:36:49 [INFO]  Epoch 8 loss: 79.20972895622253; train accuracy: 0.7999615680245965; test accuracy: 0.1182
2026-01-21 12:37:01 [INFO]  Epoch 9 loss: 78.60066318511963; train accuracy: 0.9524404304381245; test accuracy: 0.1236
2026-01-21 12:37:01 [INFO]  Client 4 Finish Local Training--------|
2026-01-21 12:37:01 [INFO]  Round 5 Finish--------|
2026-01-21 12:37:01 [INFO]  Model variance: mean: 0.0034147242549806833, sum: 38488.8359375
2026-01-21 12:37:04 [INFO]  The test accuracy of OneShotFedETF: 0.01
2026-01-21 12:37:10 [INFO]  The test accuracy of OneshotFedETF+Ensemble: 0.254
2026-01-21 12:37:10 [INFO]  Save config to ./checkpoints/CIFAR100_alpha0.05/baselines_OneshotFedETF_CIFAR10_results.yaml
2026-01-21 12:37:10 [INFO]  Round 6 starts--------|
2026-01-21 12:37:10 [INFO]  Client 0 Starts Local Trainning--------|
2026-01-21 12:37:20 [INFO]  Epoch 0 loss: 66.27536249160767; train accuracy: 0.4919953143303397; test accuracy: 0.0804
2026-01-21 12:37:30 [INFO]  Epoch 1 loss: 65.325204372406; train accuracy: 0.4662241311987505; test accuracy: 0.0746
2026-01-21 12:37:40 [INFO]  Epoch 2 loss: 65.85469913482666; train accuracy: 0.38292333723805805; test accuracy: 0.0602
2026-01-21 12:37:50 [INFO]  Epoch 3 loss: 66.35150194168091; train accuracy: 0.4077834179357022; test accuracy: 0.0666
2026-01-21 12:38:01 [INFO]  Epoch 4 loss: 66.25796627998352; train accuracy: 0.43524664844461797; test accuracy: 0.071
2026-01-21 12:38:10 [INFO]  Epoch 5 loss: 65.62077975273132; train accuracy: 0.45802420929324483; test accuracy: 0.0743
2026-01-21 12:38:20 [INFO]  Epoch 6 loss: 65.64477396011353; train accuracy: 0.49915397631133673; test accuracy: 0.08
2026-01-21 12:38:31 [INFO]  Epoch 7 loss: 65.10525059700012; train accuracy: 0.4939476766887934; test accuracy: 0.0795
2026-01-21 12:38:41 [INFO]  Epoch 8 loss: 65.62292289733887; train accuracy: 0.4969412989717558; test accuracy: 0.079
2026-01-21 12:38:51 [INFO]  Epoch 9 loss: 65.83833980560303; train accuracy: 0.46921775348171285; test accuracy: 0.0741
2026-01-21 12:38:51 [INFO]  Client 0 Finish Local Training--------|
2026-01-21 12:38:51 [INFO]  Client 1 Starts Local Trainning--------|
2026-01-21 12:39:05 [INFO]  Epoch 0 loss: 90.86964964866638; train accuracy: 0.9494856569373589; test accuracy: 0.1678
2026-01-21 12:39:18 [INFO]  Epoch 1 loss: 90.4814031124115; train accuracy: 0.7511081374926821; test accuracy: 0.1446
2026-01-21 12:39:32 [INFO]  Epoch 2 loss: 90.18436598777771; train accuracy: 0.967132223801957; test accuracy: 0.1611
2026-01-21 12:39:46 [INFO]  Epoch 3 loss: 87.82264161109924; train accuracy: 0.985280588776449; test accuracy: 0.1676
2026-01-21 12:40:00 [INFO]  Epoch 4 loss: 87.283273935318; train accuracy: 0.9943129547545371; test accuracy: 0.1757
2026-01-21 12:40:14 [INFO]  Epoch 5 loss: 87.0480318069458; train accuracy: 0.9966546792673747; test accuracy: 0.1737
2026-01-21 12:40:29 [INFO]  Epoch 6 loss: 86.96529412269592; train accuracy: 0.9970728443589529; test accuracy: 0.1812
2026-01-21 12:40:43 [INFO]  Epoch 7 loss: 86.92820429801941; train accuracy: 0.997741908505478; test accuracy: 0.18
2026-01-21 12:40:57 [INFO]  Epoch 8 loss: 86.88171052932739; train accuracy: 0.9980764405787405; test accuracy: 0.1793
2026-01-21 12:41:12 [INFO]  Epoch 9 loss: 86.85711312294006; train accuracy: 0.9982437066153718; test accuracy: 0.1795
2026-01-21 12:41:12 [INFO]  Client 1 Finish Local Training--------|
2026-01-21 12:41:12 [INFO]  Client 2 Starts Local Trainning--------|
2026-01-21 12:41:22 [INFO]  Epoch 0 loss: 59.806437969207764; train accuracy: 0.9687018984094408; test accuracy: 0.1016
2026-01-21 12:41:32 [INFO]  Epoch 1 loss: 58.51346254348755; train accuracy: 0.9848640328373525; test accuracy: 0.1081
2026-01-21 12:41:43 [INFO]  Epoch 2 loss: 58.20283079147339; train accuracy: 0.9902514109799897; test accuracy: 0.1087
2026-01-21 12:41:53 [INFO]  Epoch 3 loss: 58.097601652145386; train accuracy: 0.9920472036942022; test accuracy: 0.1102
2026-01-21 12:42:03 [INFO]  Epoch 4 loss: 58.04088497161865; train accuracy: 0.9933299127757824; test accuracy: 0.1092
2026-01-21 12:42:14 [INFO]  Epoch 5 loss: 58.00110745429993; train accuracy: 0.9934581836839405; test accuracy: 0.1118
2026-01-21 12:42:25 [INFO]  Epoch 6 loss: 57.97036671638489; train accuracy: 0.995895330938943; test accuracy: 0.1099
2026-01-21 12:42:35 [INFO]  Epoch 7 loss: 57.950918674468994; train accuracy: 0.9948691636736788; test accuracy: 0.1096
2026-01-21 12:42:46 [INFO]  Epoch 8 loss: 58.05296540260315; train accuracy: 0.9837095946639303; test accuracy: 0.108
2026-01-21 12:42:56 [INFO]  Epoch 9 loss: 58.30160927772522; train accuracy: 0.9444586967675731; test accuracy: 0.0914
2026-01-21 12:42:56 [INFO]  Client 2 Finish Local Training--------|
2026-01-21 12:42:56 [INFO]  Client 3 Starts Local Trainning--------|
2026-01-21 12:43:10 [INFO]  Epoch 0 loss: 90.61677432060242; train accuracy: 0.9727706482395525; test accuracy: 0.1461
2026-01-21 12:43:25 [INFO]  Epoch 1 loss: 87.71134448051453; train accuracy: 0.9911977624218493; test accuracy: 0.1498
2026-01-21 12:43:39 [INFO]  Epoch 2 loss: 87.13346767425537; train accuracy: 0.9874136229022705; test accuracy: 0.1438
2026-01-21 12:43:53 [INFO]  Epoch 3 loss: 87.10208511352539; train accuracy: 0.9921849292530438; test accuracy: 0.1412
2026-01-21 12:44:08 [INFO]  Epoch 4 loss: 87.0171799659729; train accuracy: 0.9935011516946364; test accuracy: 0.1432
2026-01-21 12:44:23 [INFO]  Epoch 5 loss: 86.94890832901001; train accuracy: 0.9944883185258309; test accuracy: 0.1435
2026-01-21 12:44:38 [INFO]  Epoch 6 loss: 86.94801831245422; train accuracy: 0.9902105955906548; test accuracy: 0.1408
2026-01-21 12:44:52 [INFO]  Epoch 7 loss: 86.94093751907349; train accuracy: 0.9948996380388285; test accuracy: 0.151
2026-01-21 12:45:06 [INFO]  Epoch 8 loss: 87.00531840324402; train accuracy: 0.9882362619282659; test accuracy: 0.1373
2026-01-21 12:45:21 [INFO]  Epoch 9 loss: 86.98571038246155; train accuracy: 0.9950641658440277; test accuracy: 0.1443
2026-01-21 12:45:21 [INFO]  Client 3 Finish Local Training--------|
2026-01-21 12:45:21 [INFO]  Client 4 Starts Local Trainning--------|
2026-01-21 12:45:33 [INFO]  Epoch 0 loss: 80.27505469322205; train accuracy: 0.9507109915449654; test accuracy: 0.128
2026-01-21 12:45:46 [INFO]  Epoch 1 loss: 77.12213706970215; train accuracy: 0.9885664873174481; test accuracy: 0.1444
2026-01-21 12:45:58 [INFO]  Epoch 2 loss: 76.27993321418762; train accuracy: 0.9913528055342045; test accuracy: 0.1447
2026-01-21 12:46:11 [INFO]  Epoch 3 loss: 76.17939472198486; train accuracy: 0.9925057647963106; test accuracy: 0.1414
2026-01-21 12:46:23 [INFO]  Epoch 4 loss: 76.20333576202393; train accuracy: 0.9923136049192929; test accuracy: 0.1412
2026-01-21 12:46:36 [INFO]  Epoch 5 loss: 76.10694098472595; train accuracy: 0.995196003074558; test accuracy: 0.145
2026-01-21 12:46:49 [INFO]  Epoch 6 loss: 76.05366778373718; train accuracy: 0.9961568024596464; test accuracy: 0.144
2026-01-21 12:47:01 [INFO]  Epoch 7 loss: 76.02722096443176; train accuracy: 0.9955803228285934; test accuracy: 0.1432
2026-01-21 12:47:13 [INFO]  Epoch 8 loss: 76.01557540893555; train accuracy: 0.9968293620292084; test accuracy: 0.1503
2026-01-21 12:47:26 [INFO]  Epoch 9 loss: 76.0013382434845; train accuracy: 0.9968293620292084; test accuracy: 0.1447
2026-01-21 12:47:26 [INFO]  Client 4 Finish Local Training--------|
2026-01-21 12:47:26 [INFO]  Round 6 Finish--------|
2026-01-21 12:47:26 [INFO]  Model variance: mean: 0.003568418323993683, sum: 40221.1875
2026-01-21 12:47:29 [INFO]  The test accuracy of OneShotFedETF: 0.01
2026-01-21 12:47:34 [INFO]  The test accuracy of OneshotFedETF+Ensemble: 0.2585
2026-01-21 12:47:34 [INFO]  Save config to ./checkpoints/CIFAR100_alpha0.05/baselines_OneshotFedETF_CIFAR10_results.yaml
2026-01-21 12:47:34 [INFO]  Round 7 starts--------|
2026-01-21 12:47:34 [INFO]  Client 0 Starts Local Trainning--------|
2026-01-21 12:47:45 [INFO]  Epoch 0 loss: 65.70017290115356; train accuracy: 0.5247950019523624; test accuracy: 0.0837
2026-01-21 12:47:55 [INFO]  Epoch 1 loss: 64.97419595718384; train accuracy: 0.4412338930105428; test accuracy: 0.0698
2026-01-21 12:48:05 [INFO]  Epoch 2 loss: 65.37313914299011; train accuracy: 0.5165950800468567; test accuracy: 0.0821
2026-01-21 12:48:15 [INFO]  Epoch 3 loss: 64.84798836708069; train accuracy: 0.5400234283483014; test accuracy: 0.0858
2026-01-21 12:48:26 [INFO]  Epoch 4 loss: 64.54238986968994; train accuracy: 0.44644019263308604; test accuracy: 0.0687
2026-01-21 12:48:35 [INFO]  Epoch 5 loss: 66.18675708770752; train accuracy: 0.47390342314200185; test accuracy: 0.0755
2026-01-21 12:48:45 [INFO]  Epoch 6 loss: 65.23809289932251; train accuracy: 0.5055316933489522; test accuracy: 0.0788
2026-01-21 12:48:56 [INFO]  Epoch 7 loss: 65.65802001953125; train accuracy: 0.5163347650657295; test accuracy: 0.0808
2026-01-21 12:49:07 [INFO]  Epoch 8 loss: 64.82669687271118; train accuracy: 0.45503058701028243; test accuracy: 0.071
2026-01-21 12:49:17 [INFO]  Epoch 9 loss: 65.2264609336853; train accuracy: 0.42444357672784067; test accuracy: 0.0686
2026-01-21 12:49:17 [INFO]  Client 0 Finish Local Training--------|
2026-01-21 12:49:17 [INFO]  Client 1 Starts Local Trainning--------|
2026-01-21 12:49:30 [INFO]  Epoch 0 loss: 90.8325047492981; train accuracy: 0.9538345738897717; test accuracy: 0.1661
2026-01-21 12:49:44 [INFO]  Epoch 1 loss: 88.03914189338684; train accuracy: 0.9916366981684369; test accuracy: 0.174
2026-01-21 12:49:58 [INFO]  Epoch 2 loss: 87.18904852867126; train accuracy: 0.9936438906080121; test accuracy: 0.1769
2026-01-21 12:50:12 [INFO]  Epoch 3 loss: 86.97150301933289; train accuracy: 0.9969055783223216; test accuracy: 0.1722
2026-01-21 12:50:26 [INFO]  Epoch 4 loss: 86.96614360809326; train accuracy: 0.9974073764322154; test accuracy: 0.1796
2026-01-21 12:50:40 [INFO]  Epoch 5 loss: 86.87508702278137; train accuracy: 0.9984946056703187; test accuracy: 0.1813
2026-01-21 12:50:54 [INFO]  Epoch 6 loss: 86.84430289268494; train accuracy: 0.998410972652003; test accuracy: 0.1805
2026-01-21 12:51:09 [INFO]  Epoch 7 loss: 86.81908106803894; train accuracy: 0.9987455047252656; test accuracy: 0.1776
2026-01-21 12:51:23 [INFO]  Epoch 8 loss: 86.79845976829529; train accuracy: 0.9987455047252656; test accuracy: 0.1798
2026-01-21 12:51:37 [INFO]  Epoch 9 loss: 86.79115724563599; train accuracy: 0.9988291377435812; test accuracy: 0.18
2026-01-21 12:51:37 [INFO]  Client 1 Finish Local Training--------|
2026-01-21 12:51:37 [INFO]  Client 2 Starts Local Trainning--------|
2026-01-21 12:51:47 [INFO]  Epoch 0 loss: 59.41397404670715; train accuracy: 0.9731913801949718; test accuracy: 0.1008
2026-01-21 12:51:57 [INFO]  Epoch 1 loss: 58.389384508132935; train accuracy: 0.987429451000513; test accuracy: 0.1093
2026-01-21 12:52:08 [INFO]  Epoch 2 loss: 58.08200192451477; train accuracy: 0.9948691636736788; test accuracy: 0.112
2026-01-21 12:52:18 [INFO]  Epoch 3 loss: 57.982261180877686; train accuracy: 0.995895330938943; test accuracy: 0.1094
2026-01-21 12:52:28 [INFO]  Epoch 4 loss: 57.946954011917114; train accuracy: 0.9961518727552591; test accuracy: 0.1101
2026-01-21 12:52:38 [INFO]  Epoch 5 loss: 57.94122314453125; train accuracy: 0.9763981528989225; test accuracy: 0.1064
2026-01-21 12:52:49 [INFO]  Epoch 6 loss: 58.07802057266235; train accuracy: 0.9426629040533607; test accuracy: 0.0968
2026-01-21 12:52:59 [INFO]  Epoch 7 loss: 58.53880763053894; train accuracy: 0.8757054899948692; test accuracy: 0.0831
2026-01-21 12:53:09 [INFO]  Epoch 8 loss: 62.51275944709778; train accuracy: 0.7505130836326321; test accuracy: 0.0833
2026-01-21 12:53:19 [INFO]  Epoch 9 loss: 60.72382712364197; train accuracy: 0.9453565931246793; test accuracy: 0.0947
2026-01-21 12:53:19 [INFO]  Client 2 Finish Local Training--------|
2026-01-21 12:53:19 [INFO]  Client 3 Starts Local Trainning--------|
2026-01-21 12:53:34 [INFO]  Epoch 0 loss: 89.99551677703857; train accuracy: 0.9763079960513327; test accuracy: 0.1465
2026-01-21 12:53:48 [INFO]  Epoch 1 loss: 87.71192336082458; train accuracy: 0.9772951628825272; test accuracy: 0.1325
2026-01-21 12:54:03 [INFO]  Epoch 2 loss: 87.9120078086853; train accuracy: 0.978035538005923; test accuracy: 0.1383
2026-01-21 12:54:17 [INFO]  Epoch 3 loss: 87.28497099876404; train accuracy: 0.9948996380388285; test accuracy: 0.1431
2026-01-21 12:54:31 [INFO]  Epoch 4 loss: 86.93229389190674; train accuracy: 0.9960513326752222; test accuracy: 0.1403
2026-01-21 12:54:46 [INFO]  Epoch 5 loss: 86.99414920806885; train accuracy: 0.9962158604804212; test accuracy: 0.143
2026-01-21 12:55:00 [INFO]  Epoch 6 loss: 86.87206816673279; train accuracy: 0.9970384995064165; test accuracy: 0.1415
2026-01-21 12:55:14 [INFO]  Epoch 7 loss: 86.83770775794983; train accuracy: 0.9947351102336295; test accuracy: 0.1449
2026-01-21 12:55:29 [INFO]  Epoch 8 loss: 86.90598011016846; train accuracy: 0.9924317209608424; test accuracy: 0.1366
2026-01-21 12:55:43 [INFO]  Epoch 9 loss: 86.89226937294006; train accuracy: 0.9967917077986179; test accuracy: 0.1422
2026-01-21 12:55:43 [INFO]  Client 3 Finish Local Training--------|
2026-01-21 12:55:43 [INFO]  Client 4 Starts Local Trainning--------|
2026-01-21 12:55:56 [INFO]  Epoch 0 loss: 79.35749506950378; train accuracy: 0.9613758647194466; test accuracy: 0.1345
2026-01-21 12:56:09 [INFO]  Epoch 1 loss: 76.86946058273315; train accuracy: 0.9609915449654112; test accuracy: 0.1256
2026-01-21 12:56:22 [INFO]  Epoch 2 loss: 76.41248774528503; train accuracy: 0.9914488854727133; test accuracy: 0.1405
2026-01-21 12:56:35 [INFO]  Epoch 3 loss: 76.28322052955627; train accuracy: 0.990488086087625; test accuracy: 0.1332
2026-01-21 12:56:47 [INFO]  Epoch 4 loss: 76.35549592971802; train accuracy: 0.976652574942352; test accuracy: 0.1316
2026-01-21 12:57:00 [INFO]  Epoch 5 loss: 76.62735605239868; train accuracy: 0.9852036894696388; test accuracy: 0.1394
2026-01-21 12:57:12 [INFO]  Epoch 6 loss: 78.07786846160889; train accuracy: 0.763162951575711; test accuracy: 0.1136
2026-01-21 12:57:25 [INFO]  Epoch 7 loss: 84.92082214355469; train accuracy: 0.6417179093005381; test accuracy: 0.1012
2026-01-21 12:57:38 [INFO]  Epoch 8 loss: 79.85989379882812; train accuracy: 0.9708877786318216; test accuracy: 0.1358
2026-01-21 12:57:50 [INFO]  Epoch 9 loss: 76.80103206634521; train accuracy: 0.9930822444273636; test accuracy: 0.1381
2026-01-21 12:57:50 [INFO]  Client 4 Finish Local Training--------|
2026-01-21 12:57:50 [INFO]  Round 7 Finish--------|
2026-01-21 12:57:50 [INFO]  Model variance: mean: 0.003787103109061718, sum: 42686.078125
2026-01-21 12:57:54 [INFO]  The test accuracy of OneShotFedETF: 0.01
2026-01-21 12:57:59 [INFO]  The test accuracy of OneshotFedETF+Ensemble: 0.249
2026-01-21 12:57:59 [INFO]  Save config to ./checkpoints/CIFAR100_alpha0.05/baselines_OneshotFedETF_CIFAR10_results.yaml
2026-01-21 12:57:59 [INFO]  Round 8 starts--------|
2026-01-21 12:57:59 [INFO]  Client 0 Starts Local Trainning--------|
2026-01-21 12:58:10 [INFO]  Epoch 0 loss: 65.579843044281; train accuracy: 0.5486138227254979; test accuracy: 0.0851
2026-01-21 12:58:20 [INFO]  Epoch 1 loss: 64.3463294506073; train accuracy: 0.5659247689704543; test accuracy: 0.0881
2026-01-21 12:58:30 [INFO]  Epoch 2 loss: 64.29333996772766; train accuracy: 0.5762072107249773; test accuracy: 0.0913
2026-01-21 12:58:40 [INFO]  Epoch 3 loss: 63.9904727935791; train accuracy: 0.5405440583105557; test accuracy: 0.0859
2026-01-21 12:58:50 [INFO]  Epoch 4 loss: 65.0051908493042; train accuracy: 0.553559807366914; test accuracy: 0.089
2026-01-21 12:59:00 [INFO]  Epoch 5 loss: 64.68489956855774; train accuracy: 0.57412469087596; test accuracy: 0.0893
2026-01-21 12:59:10 [INFO]  Epoch 6 loss: 64.7205171585083; train accuracy: 0.5542105948197319; test accuracy: 0.0892
2026-01-21 12:59:20 [INFO]  Epoch 7 loss: 64.65122318267822; train accuracy: 0.4861382272549785; test accuracy: 0.0756
2026-01-21 12:59:30 [INFO]  Epoch 8 loss: 65.22149705886841; train accuracy: 0.5122998828582584; test accuracy: 0.08
2026-01-21 12:59:40 [INFO]  Epoch 9 loss: 64.78945994377136; train accuracy: 0.5260965768579982; test accuracy: 0.0807
2026-01-21 12:59:40 [INFO]  Client 0 Finish Local Training--------|
2026-01-21 12:59:40 [INFO]  Client 1 Starts Local Trainning--------|
2026-01-21 12:59:54 [INFO]  Epoch 0 loss: 90.46418738365173; train accuracy: 0.9568453625491344; test accuracy: 0.1675
2026-01-21 13:00:08 [INFO]  Epoch 1 loss: 94.38764524459839; train accuracy: 0.5166847871539684; test accuracy: 0.1113
2026-01-21 13:00:22 [INFO]  Epoch 2 loss: 93.99063467979431; train accuracy: 0.8391737057790416; test accuracy: 0.1512
2026-01-21 13:00:36 [INFO]  Epoch 3 loss: 89.26353788375854; train accuracy: 0.9593543530986033; test accuracy: 0.1691
2026-01-21 13:00:50 [INFO]  Epoch 4 loss: 87.96386909484863; train accuracy: 0.9726520030107887; test accuracy: 0.168
2026-01-21 13:01:04 [INFO]  Epoch 5 loss: 88.14270687103271; train accuracy: 0.949234757882412; test accuracy: 0.1573
2026-01-21 13:01:18 [INFO]  Epoch 6 loss: 87.86861872673035; train accuracy: 0.9729029020657356; test accuracy: 0.1648
2026-01-21 13:01:32 [INFO]  Epoch 7 loss: 87.58191537857056; train accuracy: 0.9760809567617296; test accuracy: 0.1657
2026-01-21 13:01:46 [INFO]  Epoch 8 loss: 87.5541775226593; train accuracy: 0.9692230492598478; test accuracy: 0.1628
2026-01-21 13:01:59 [INFO]  Epoch 9 loss: 87.3319444656372; train accuracy: 0.9729029020657356; test accuracy: 0.1651
2026-01-21 13:01:59 [INFO]  Client 1 Finish Local Training--------|
2026-01-21 13:01:59 [INFO]  Client 2 Starts Local Trainning--------|
2026-01-21 13:02:09 [INFO]  Epoch 0 loss: 59.81565737724304; train accuracy: 0.9678040020523345; test accuracy: 0.0995
2026-01-21 13:02:20 [INFO]  Epoch 1 loss: 58.619741916656494; train accuracy: 0.9924320164186763; test accuracy: 0.1091
2026-01-21 13:02:31 [INFO]  Epoch 2 loss: 58.136906147003174; train accuracy: 0.995510518214469; test accuracy: 0.1103
2026-01-21 13:02:41 [INFO]  Epoch 3 loss: 58.06518220901489; train accuracy: 0.9948691636736788; test accuracy: 0.1061
2026-01-21 13:02:51 [INFO]  Epoch 4 loss: 57.955538272857666; train accuracy: 0.9971780400205233; test accuracy: 0.11
2026-01-21 13:03:01 [INFO]  Epoch 5 loss: 57.92039918899536; train accuracy: 0.9973063109286814; test accuracy: 0.1104
2026-01-21 13:03:12 [INFO]  Epoch 6 loss: 57.89838743209839; train accuracy: 0.9979476654694716; test accuracy: 0.1105
2026-01-21 13:03:23 [INFO]  Epoch 7 loss: 57.889803647994995; train accuracy: 0.9976911236531555; test accuracy: 0.1085
2026-01-21 13:03:33 [INFO]  Epoch 8 loss: 57.93589663505554; train accuracy: 0.9969214982042073; test accuracy: 0.1103
2026-01-21 13:03:43 [INFO]  Epoch 9 loss: 57.9578742980957; train accuracy: 0.9978193945613135; test accuracy: 0.1064
2026-01-21 13:03:43 [INFO]  Client 2 Finish Local Training--------|
2026-01-21 13:03:43 [INFO]  Client 3 Starts Local Trainning--------|
2026-01-21 13:03:57 [INFO]  Epoch 0 loss: 89.80428147315979; train accuracy: 0.9783645936163211; test accuracy: 0.1476
2026-01-21 13:04:11 [INFO]  Epoch 1 loss: 87.50765752792358; train accuracy: 0.9930898321816387; test accuracy: 0.137
2026-01-21 13:04:25 [INFO]  Epoch 2 loss: 87.16449975967407; train accuracy: 0.9863441921684765; test accuracy: 0.1381
2026-01-21 13:04:39 [INFO]  Epoch 3 loss: 87.14342904090881; train accuracy: 0.9928430404738401; test accuracy: 0.1346
2026-01-21 13:04:54 [INFO]  Epoch 4 loss: 86.93088889122009; train accuracy: 0.9944060546232313; test accuracy: 0.1446
2026-01-21 13:05:08 [INFO]  Epoch 5 loss: 86.91710472106934; train accuracy: 0.9966271799934189; test accuracy: 0.1414
2026-01-21 13:05:22 [INFO]  Epoch 6 loss: 86.9285352230072; train accuracy: 0.9964626521882198; test accuracy: 0.1433
2026-01-21 13:05:36 [INFO]  Epoch 7 loss: 86.85148668289185; train accuracy: 0.9974498190194143; test accuracy: 0.1399
2026-01-21 13:05:50 [INFO]  Epoch 8 loss: 86.82594394683838; train accuracy: 0.9865909838762751; test accuracy: 0.1368
2026-01-21 13:06:04 [INFO]  Epoch 9 loss: 87.31423950195312; train accuracy: 0.9797630799605134; test accuracy: 0.1318
2026-01-21 13:06:04 [INFO]  Client 3 Finish Local Training--------|
2026-01-21 13:06:04 [INFO]  Client 4 Starts Local Trainning--------|
2026-01-21 13:06:16 [INFO]  Epoch 0 loss: 79.45635223388672; train accuracy: 0.9622405841660261; test accuracy: 0.1299
2026-01-21 13:06:29 [INFO]  Epoch 1 loss: 76.82403802871704; train accuracy: 0.9930822444273636; test accuracy: 0.1473
2026-01-21 13:06:41 [INFO]  Epoch 2 loss: 76.15744400024414; train accuracy: 0.9920253651037664; test accuracy: 0.1384
2026-01-21 13:06:54 [INFO]  Epoch 3 loss: 76.06159853935242; train accuracy: 0.9958685626441199; test accuracy: 0.1447
2026-01-21 13:07:07 [INFO]  Epoch 4 loss: 76.01085567474365; train accuracy: 0.9973097617217525; test accuracy: 0.1419
2026-01-21 13:07:19 [INFO]  Epoch 5 loss: 75.99126076698303; train accuracy: 0.9964450422751729; test accuracy: 0.1423
2026-01-21 13:07:32 [INFO]  Epoch 6 loss: 76.01493906974792; train accuracy: 0.997021521906226; test accuracy: 0.1389
2026-01-21 13:07:44 [INFO]  Epoch 7 loss: 75.98111510276794; train accuracy: 0.9983666410453498; test accuracy: 0.1412
2026-01-21 13:07:56 [INFO]  Epoch 8 loss: 75.95428919792175; train accuracy: 0.9987509607993851; test accuracy: 0.1456
2026-01-21 13:08:09 [INFO]  Epoch 9 loss: 75.94325828552246; train accuracy: 0.9988470407378939; test accuracy: 0.1441
2026-01-21 13:08:09 [INFO]  Client 4 Finish Local Training--------|
2026-01-21 13:08:09 [INFO]  Round 8 Finish--------|
2026-01-21 13:08:09 [INFO]  Model variance: mean: 0.00398977380245924, sum: 44970.46484375
2026-01-21 13:08:12 [INFO]  The test accuracy of OneShotFedETF: 0.01
2026-01-21 13:08:18 [INFO]  The test accuracy of OneshotFedETF+Ensemble: 0.2341
2026-01-21 13:08:18 [INFO]  Save config to ./checkpoints/CIFAR100_alpha0.05/baselines_OneshotFedETF_CIFAR10_results.yaml
2026-01-21 13:08:18 [INFO]  Round 9 starts--------|
2026-01-21 13:08:18 [INFO]  Client 0 Starts Local Trainning--------|
2026-01-21 13:08:28 [INFO]  Epoch 0 loss: 64.78982830047607; train accuracy: 0.5732135884420149; test accuracy: 0.0892
2026-01-21 13:08:38 [INFO]  Epoch 1 loss: 64.34852766990662; train accuracy: 0.556032799687622; test accuracy: 0.087
2026-01-21 13:08:48 [INFO]  Epoch 2 loss: 64.57485675811768; train accuracy: 0.5531693348952232; test accuracy: 0.0845
2026-01-21 13:08:58 [INFO]  Epoch 3 loss: 64.26865983009338; train accuracy: 0.4776779903683457; test accuracy: 0.073
2026-01-21 13:09:08 [INFO]  Epoch 4 loss: 65.11688446998596; train accuracy: 0.5659247689704543; test accuracy: 0.0898
2026-01-21 13:09:17 [INFO]  Epoch 5 loss: 64.17542791366577; train accuracy: 0.5902642197058441; test accuracy: 0.0881
2026-01-21 13:09:27 [INFO]  Epoch 6 loss: 63.90867829322815; train accuracy: 0.6039307562150201; test accuracy: 0.0932
2026-01-21 13:09:37 [INFO]  Epoch 7 loss: 64.6159565448761; train accuracy: 0.6147338279317974; test accuracy: 0.0939
2026-01-21 13:09:47 [INFO]  Epoch 8 loss: 63.756351709365845; train accuracy: 0.6264480020825198; test accuracy: 0.0966
2026-01-21 13:09:57 [INFO]  Epoch 9 loss: 63.30252242088318; train accuracy: 0.5281790967070155; test accuracy: 0.0803
2026-01-21 13:09:57 [INFO]  Client 0 Finish Local Training--------|
2026-01-21 13:09:57 [INFO]  Client 1 Starts Local Trainning--------|
2026-01-21 13:10:11 [INFO]  Epoch 0 loss: 90.87473797798157; train accuracy: 0.9555908672743999; test accuracy: 0.1675
2026-01-21 13:10:24 [INFO]  Epoch 1 loss: 87.8316535949707; train accuracy: 0.979844442585933; test accuracy: 0.1731
2026-01-21 13:10:38 [INFO]  Epoch 2 loss: 87.20982027053833; train accuracy: 0.9973237434138998; test accuracy: 0.1726
2026-01-21 13:10:51 [INFO]  Epoch 3 loss: 87.05098485946655; train accuracy: 0.9836915614284519; test accuracy: 0.1666
2026-01-21 13:11:05 [INFO]  Epoch 4 loss: 87.17518210411072; train accuracy: 0.9944802207911684; test accuracy: 0.1663
2026-01-21 13:11:19 [INFO]  Epoch 5 loss: 87.4286003112793; train accuracy: 0.9872041481977084; test accuracy: 0.1627
2026-01-21 13:11:32 [INFO]  Epoch 6 loss: 87.15414667129517; train accuracy: 0.9917203311867525; test accuracy: 0.1621
2026-01-21 13:11:46 [INFO]  Epoch 7 loss: 86.9333131313324; train accuracy: 0.9975746424688468; test accuracy: 0.1716
2026-01-21 13:12:00 [INFO]  Epoch 8 loss: 86.84337854385376; train accuracy: 0.8599983273396337; test accuracy: 0.1317
2026-01-21 13:12:14 [INFO]  Epoch 9 loss: 88.48202657699585; train accuracy: 0.9572635276407125; test accuracy: 0.1593
2026-01-21 13:12:14 [INFO]  Client 1 Finish Local Training--------|
2026-01-21 13:12:14 [INFO]  Client 2 Starts Local Trainning--------|
2026-01-21 13:12:24 [INFO]  Epoch 0 loss: 59.1485595703125; train accuracy: 0.9802462801436634; test accuracy: 0.1013
2026-01-21 13:12:34 [INFO]  Epoch 1 loss: 58.20853924751282; train accuracy: 0.995638789122627; test accuracy: 0.1096
2026-01-21 13:12:44 [INFO]  Epoch 2 loss: 58.03586745262146; train accuracy: 0.9962801436634171; test accuracy: 0.1046
2026-01-21 13:12:55 [INFO]  Epoch 3 loss: 57.94850826263428; train accuracy: 0.9970497691123653; test accuracy: 0.1058
2026-01-21 13:13:05 [INFO]  Epoch 4 loss: 57.91674208641052; train accuracy: 0.9975628527449975; test accuracy: 0.1087
2026-01-21 13:13:15 [INFO]  Epoch 5 loss: 58.27183151245117; train accuracy: 0.9887121600820934; test accuracy: 0.1029
2026-01-21 13:13:25 [INFO]  Epoch 6 loss: 58.084699630737305; train accuracy: 0.9974345818368394; test accuracy: 0.1058
2026-01-21 13:13:35 [INFO]  Epoch 7 loss: 57.933260679244995; train accuracy: 0.9975628527449975; test accuracy: 0.1051
2026-01-21 13:13:45 [INFO]  Epoch 8 loss: 57.89167356491089; train accuracy: 0.9987172909184197; test accuracy: 0.1064
2026-01-21 13:13:56 [INFO]  Epoch 9 loss: 57.86648654937744; train accuracy: 0.9985890200102616; test accuracy: 0.1112
2026-01-21 13:13:56 [INFO]  Client 2 Finish Local Training--------|
2026-01-21 13:13:56 [INFO]  Client 3 Starts Local Trainning--------|
2026-01-21 13:14:10 [INFO]  Epoch 0 loss: 89.58321738243103; train accuracy: 0.9784468575189207; test accuracy: 0.1438
2026-01-21 13:14:24 [INFO]  Epoch 1 loss: 87.32043218612671; train accuracy: 0.9945705824284304; test accuracy: 0.1389
2026-01-21 13:14:39 [INFO]  Epoch 2 loss: 86.91054439544678; train accuracy: 0.9951464297466271; test accuracy: 0.1394
2026-01-21 13:14:53 [INFO]  Epoch 3 loss: 86.90680837631226; train accuracy: 0.9955577492596249; test accuracy: 0.1434
2026-01-21 13:15:07 [INFO]  Epoch 4 loss: 87.158616065979; train accuracy: 0.9710431062849622; test accuracy: 0.1257
2026-01-21 13:15:21 [INFO]  Epoch 5 loss: 87.43084931373596; train accuracy: 0.990539651201053; test accuracy: 0.1394
2026-01-21 13:15:35 [INFO]  Epoch 6 loss: 87.06982421875; train accuracy: 0.990539651201053; test accuracy: 0.135
2026-01-21 13:15:49 [INFO]  Epoch 7 loss: 87.01021456718445; train accuracy: 0.9930075682790391; test accuracy: 0.1395
2026-01-21 13:16:04 [INFO]  Epoch 8 loss: 87.057137966156; train accuracy: 0.9922671931556433; test accuracy: 0.1395
2026-01-21 13:16:19 [INFO]  Epoch 9 loss: 86.89957118034363; train accuracy: 0.9969562356038171; test accuracy: 0.141
2026-01-21 13:16:19 [INFO]  Client 3 Finish Local Training--------|
2026-01-21 13:16:19 [INFO]  Client 4 Starts Local Trainning--------|
2026-01-21 13:16:31 [INFO]  Epoch 0 loss: 78.78509664535522; train accuracy: 0.9739623366641046; test accuracy: 0.1326
2026-01-21 13:16:43 [INFO]  Epoch 1 loss: 77.9437825679779; train accuracy: 0.7498078401229823; test accuracy: 0.1018
2026-01-21 13:16:56 [INFO]  Epoch 2 loss: 80.90639853477478; train accuracy: 0.8916218293620292; test accuracy: 0.118
2026-01-21 13:17:09 [INFO]  Epoch 3 loss: 77.2458393573761; train accuracy: 0.9930822444273636; test accuracy: 0.1443
2026-01-21 13:17:21 [INFO]  Epoch 4 loss: 76.19348812103271; train accuracy: 0.9972136817832437; test accuracy: 0.1434
2026-01-21 13:17:34 [INFO]  Epoch 5 loss: 76.03703904151917; train accuracy: 0.997021521906226; test accuracy: 0.1403
2026-01-21 13:17:46 [INFO]  Epoch 6 loss: 75.98968410491943; train accuracy: 0.9983666410453498; test accuracy: 0.1423
2026-01-21 13:17:59 [INFO]  Epoch 7 loss: 75.96832084655762; train accuracy: 0.9987509607993851; test accuracy: 0.1444
2026-01-21 13:18:12 [INFO]  Epoch 8 loss: 75.9415032863617; train accuracy: 0.9990392006149116; test accuracy: 0.1427
2026-01-21 13:18:25 [INFO]  Epoch 9 loss: 75.93119788169861; train accuracy: 0.9991352805534205; test accuracy: 0.145
2026-01-21 13:18:25 [INFO]  Client 4 Finish Local Training--------|
2026-01-21 13:18:25 [INFO]  Round 9 Finish--------|
2026-01-21 13:18:25 [INFO]  Model variance: mean: 0.004179695621132851, sum: 47111.15625
2026-01-21 13:18:28 [INFO]  The test accuracy of OneShotFedETF: 0.01
2026-01-21 13:18:33 [INFO]  The test accuracy of OneshotFedETF+Ensemble: 0.2453
2026-01-21 13:18:33 [INFO]  Save config to ./checkpoints/CIFAR100_alpha0.05/baselines_OneshotFedETF_CIFAR10_results.yaml
