2026-01-22 05:30:55 [INFO]  Load config from configs/CIFAR100_alpha0.05_seed42.yaml
2026-01-22 05:30:55 [INFO]  config: {'exp_name': 'CIFAR100_alpha0.05', 'dataset': {'data_name': 'CIFAR100', 'root_path': 'H:/codes/dataset', 'train_batch_size': 512, 'test_batch_size': 256, 'channels': 3, 'num_classes': 100, 'image_size': 32}, 'distribution': {'type': 'dirichlet', 'label_num_per_client': 2, 'alpha': 0.05}, 'client': {'num_clients': 5}, 'server': {'num_rounds': 10, 'frac_clients': 1.0, 'lr': 0.05, 'local_epochs': 10, 'optimizer': 'sgd', 'momentum': 0.9, 'weight_decay': 0.0001, 'loss_name': 'ce', 'model_name': 'resnet18', 'aggregated_by_datasize': True, 'lr_decay_per_round': 0.998}, 'device': 'cuda:0', 'checkpoint': {'save_path': './checkpoints/', 'save_freq': 5, 'result_file': 'CIFAR10_results.yaml'}, 'pretrain': {'lr': 0.01, 'epoch': 70, 'model_path': './pretrain/', 'momentum': 0.9, 'weight_decay': 0.0001, 'model_name': 'resnet18', 'model_file_name': 'resnet18-f37072fd.pth'}, 'DBCD': {'alpha_l_pa': 1, 'alpha_l_pb': 1, 'alpha_l_pc': 0.0, 'Beta_alpha': 0.2, 'unsup_method': 'infonce', 'contrastive_temperature': 0.5, 'encoder_epoch': 40, 'projector_epoch': 10, 'use_pretrain': False, 'aug_batch_size': 512, 'encoder_lr': 0.03, 'cls_optimizer': 'sgd', 'cls_lr': 0.05, 'supcon_temp': 0.07, 'super_gr': 100, 'aux_with_public': True}, 'etf': {'loss_name': 'ce'}, 'visualization': {'interval': 5, 'save_path': 'visualization/resnet18', 'vis_size': 16}, 'resume': True, 'resume_best': False, 'seed': 42, 'lambda_align_initial': 20.0, 'v9_config': {'use_adaptive_lambda': True, 'lambda_min': 0.1, 'lambda_max': 20.0, 'use_server_optimization': False, 'server_lr': 0.001, 'server_epochs': 20, 'gamma_etf_reg': 0.1}, 'v10_config': {'use_uncertainty_weighting': True, 'sigma_lr': 0.005}}
2026-01-22 05:30:57 [INFO]  Dataset CIFAR100 loaded
2026-01-22 05:30:57 [INFO]  Dataset index dict loaded from preprocessed_data/CIFAR100.pt
2026-01-22 05:30:57 [INFO]  Data distribution generated correctly using the corrected dirichlet function.
2026-01-22 05:30:57 [INFO]  Total assigned samples: 50000
2026-01-22 05:30:57 [INFO]  OneshotOursV7 with DRCL (ETF Anchors) and Lambda Annealing
2026-01-22 05:30:59 [INFO]  Initialized ETF fixed anchors with shape: torch.Size([100, 512])
2026-01-22 05:30:59 [INFO]  Round 0 starts--------|
2026-01-22 05:30:59 [INFO]  Client 0 Starts Local Trainning--------|
2026-01-22 05:31:07 [INFO]  Using provided lambda_align_initial: 20.0
2026-01-22 05:31:38 [INFO]  Epoch 0 loss: 559.1591262817383; train accuracy: 0.08421189639463751; test accuracy: 0.0157
2026-01-22 05:31:38 [INFO]  Save the model in ./checkpoints/CIFAR100_alpha0.05/local_models/client_0/epoch_0.pth
2026-01-22 05:32:11 [INFO]  Epoch 1 loss: 511.7528076171875; train accuracy: 0.11623063907327867; test accuracy: 0.0198
2026-01-22 05:32:42 [INFO]  Epoch 2 loss: 498.4618396759033; train accuracy: 0.13028764805414553; test accuracy: 0.0207
2026-01-22 05:33:13 [INFO]  Epoch 3 loss: 488.3844184875488; train accuracy: 0.14890016920473773; test accuracy: 0.026
2026-01-22 05:33:43 [INFO]  Epoch 4 loss: 478.96398162841797; train accuracy: 0.1491604841858649; test accuracy: 0.0259
2026-01-22 05:34:11 [INFO]  Epoch 5 loss: 470.9362316131592; train accuracy: 0.12143693869582195; test accuracy: 0.0202
2026-01-22 05:34:11 [INFO]  Save the model in ./checkpoints/CIFAR100_alpha0.05/local_models/client_0/epoch_5.pth
2026-01-22 05:34:39 [INFO]  Epoch 6 loss: 461.4863739013672; train accuracy: 0.20161395288298842; test accuracy: 0.0329
2026-01-22 05:35:07 [INFO]  Epoch 7 loss: 453.4996147155762; train accuracy: 0.1888585188077574; test accuracy: 0.0348
2026-01-22 05:35:33 [INFO]  Epoch 8 loss: 444.49222564697266; train accuracy: 0.16386828061954967; test accuracy: 0.0285
2026-01-22 05:35:59 [INFO]  Epoch 9 loss: 440.51666259765625; train accuracy: 0.22009631654301706; test accuracy: 0.0379
2026-01-22 05:35:59 [INFO]  Client 1 Starts Local Trainning--------|
2026-01-22 05:36:11 [INFO]  Using provided lambda_align_initial: 20.0
2026-01-22 05:36:57 [INFO]  Epoch 0 loss: 830.1810417175293; train accuracy: 0.09918875972233838; test accuracy: 0.0231
2026-01-22 05:36:58 [INFO]  Save the model in ./checkpoints/CIFAR100_alpha0.05/local_models/client_1/epoch_0.pth
2026-01-22 05:37:44 [INFO]  Epoch 1 loss: 777.5593509674072; train accuracy: 0.12394413314376516; test accuracy: 0.0294
2026-01-22 05:38:31 [INFO]  Epoch 2 loss: 755.758508682251; train accuracy: 0.08890189846951577; test accuracy: 0.0212
2026-01-22 05:39:14 [INFO]  Epoch 3 loss: 738.4424686431885; train accuracy: 0.10562850213264197; test accuracy: 0.0274
2026-01-22 05:39:53 [INFO]  Epoch 4 loss: 723.8674354553223; train accuracy: 0.13339466421343146; test accuracy: 0.0347
2026-01-22 05:40:36 [INFO]  Epoch 5 loss: 709.4434585571289; train accuracy: 0.1701095592539935; test accuracy: 0.0432
2026-01-22 05:40:36 [INFO]  Save the model in ./checkpoints/CIFAR100_alpha0.05/local_models/client_1/epoch_5.pth
2026-01-22 05:41:24 [INFO]  Epoch 6 loss: 696.9588165283203; train accuracy: 0.16550974324663378; test accuracy: 0.0409
2026-01-22 05:42:12 [INFO]  Epoch 7 loss: 684.9842948913574; train accuracy: 0.19394496947394832; test accuracy: 0.0537
2026-01-22 05:42:58 [INFO]  Epoch 8 loss: 673.8670673370361; train accuracy: 0.16233168855063979; test accuracy: 0.0438
2026-01-22 05:43:45 [INFO]  Epoch 9 loss: 662.3990840911865; train accuracy: 0.16283348666053357; test accuracy: 0.0466
2026-01-22 05:43:45 [INFO]  Client 2 Starts Local Trainning--------|
2026-01-22 05:43:53 [INFO]  Using provided lambda_align_initial: 20.0
2026-01-22 05:44:23 [INFO]  Epoch 0 loss: 563.459545135498; train accuracy: 0.06862493586454592; test accuracy: 0.0108
2026-01-22 05:44:23 [INFO]  Save the model in ./checkpoints/CIFAR100_alpha0.05/local_models/client_2/epoch_0.pth
2026-01-22 05:44:48 [INFO]  Epoch 1 loss: 512.9467277526855; train accuracy: 0.09107234479220112; test accuracy: 0.0152
2026-01-22 05:45:13 [INFO]  Epoch 2 loss: 496.70244216918945; train accuracy: 0.13391482811698308; test accuracy: 0.0202
2026-01-22 05:45:44 [INFO]  Epoch 3 loss: 486.72669792175293; train accuracy: 0.09261159569009748; test accuracy: 0.0149
2026-01-22 05:46:16 [INFO]  Epoch 4 loss: 477.26691818237305; train accuracy: 0.13943047716777834; test accuracy: 0.0213
2026-01-22 05:46:47 [INFO]  Epoch 5 loss: 468.97570991516113; train accuracy: 0.13609543355566958; test accuracy: 0.0199
2026-01-22 05:46:48 [INFO]  Save the model in ./checkpoints/CIFAR100_alpha0.05/local_models/client_2/epoch_5.pth
2026-01-22 05:47:20 [INFO]  Epoch 6 loss: 459.3547115325928; train accuracy: 0.10684966649563879; test accuracy: 0.016
2026-01-22 05:47:53 [INFO]  Epoch 7 loss: 450.88821601867676; train accuracy: 0.12827090815802974; test accuracy: 0.0194
2026-01-22 05:48:25 [INFO]  Epoch 8 loss: 443.68569564819336; train accuracy: 0.1844535659312468; test accuracy: 0.0288
2026-01-22 05:48:58 [INFO]  Epoch 9 loss: 436.3668384552002; train accuracy: 0.18047716777834788; test accuracy: 0.0261
2026-01-22 05:48:58 [INFO]  Client 3 Starts Local Trainning--------|
2026-01-22 05:49:10 [INFO]  Using provided lambda_align_initial: 20.0
2026-01-22 05:49:51 [INFO]  Epoch 0 loss: 859.6031227111816; train accuracy: 0.07066469233300428; test accuracy: 0.0171
2026-01-22 05:49:51 [INFO]  Save the model in ./checkpoints/CIFAR100_alpha0.05/local_models/client_3/epoch_0.pth
2026-01-22 05:50:33 [INFO]  Epoch 1 loss: 793.786678314209; train accuracy: 0.11895360315893386; test accuracy: 0.0279
2026-01-22 05:51:24 [INFO]  Epoch 2 loss: 770.8986930847168; train accuracy: 0.12101020072392234; test accuracy: 0.0294
2026-01-22 05:52:12 [INFO]  Epoch 3 loss: 754.1997032165527; train accuracy: 0.10998683777558407; test accuracy: 0.028
2026-01-22 05:53:03 [INFO]  Epoch 4 loss: 738.8753814697266; train accuracy: 0.1316222441592629; test accuracy: 0.0321
2026-01-22 05:53:54 [INFO]  Epoch 5 loss: 724.3016929626465; train accuracy: 0.16123724909509707; test accuracy: 0.0379
2026-01-22 05:53:54 [INFO]  Save the model in ./checkpoints/CIFAR100_alpha0.05/local_models/client_3/epoch_5.pth
2026-01-22 05:54:40 [INFO]  Epoch 6 loss: 710.6902980804443; train accuracy: 0.15309312273774267; test accuracy: 0.0367
2026-01-22 05:55:21 [INFO]  Epoch 7 loss: 698.275016784668; train accuracy: 0.14651201052977952; test accuracy: 0.0364
2026-01-22 05:55:58 [INFO]  Epoch 8 loss: 684.3188247680664; train accuracy: 0.15375123395853899; test accuracy: 0.0396
2026-01-22 05:56:40 [INFO]  Epoch 9 loss: 673.0927963256836; train accuracy: 0.17917077986179664; test accuracy: 0.0445
2026-01-22 05:56:40 [INFO]  Client 4 Starts Local Trainning--------|
2026-01-22 05:56:50 [INFO]  Using provided lambda_align_initial: 20.0
2026-01-22 05:57:25 [INFO]  Epoch 0 loss: 740.1864433288574; train accuracy: 0.0893543428132206; test accuracy: 0.0182
2026-01-22 05:57:26 [INFO]  Save the model in ./checkpoints/CIFAR100_alpha0.05/local_models/client_4/epoch_0.pth
2026-01-22 05:58:02 [INFO]  Epoch 1 loss: 692.2930641174316; train accuracy: 0.07167563412759416; test accuracy: 0.019
2026-01-22 05:58:36 [INFO]  Epoch 2 loss: 674.1563091278076; train accuracy: 0.05351652574942352; test accuracy: 0.0142
2026-01-22 05:59:13 [INFO]  Epoch 3 loss: 660.1966457366943; train accuracy: 0.09012298232129132; test accuracy: 0.0225
2026-01-22 05:59:49 [INFO]  Epoch 4 loss: 647.8551979064941; train accuracy: 0.09396617986164489; test accuracy: 0.0231
2026-01-22 06:00:20 [INFO]  Epoch 5 loss: 637.2368564605713; train accuracy: 0.11183704842428902; test accuracy: 0.0272
2026-01-22 06:00:21 [INFO]  Save the model in ./checkpoints/CIFAR100_alpha0.05/local_models/client_4/epoch_5.pth
2026-01-22 06:00:53 [INFO]  Epoch 6 loss: 625.606912612915; train accuracy: 0.12221368178324366; test accuracy: 0.0255
2026-01-22 06:01:28 [INFO]  Epoch 7 loss: 614.5641288757324; train accuracy: 0.10953112990007687; test accuracy: 0.0254
2026-01-22 06:02:03 [INFO]  Epoch 8 loss: 605.104621887207; train accuracy: 0.19802075326671792; test accuracy: 0.0494
2026-01-22 06:02:39 [INFO]  Epoch 9 loss: 594.6894111633301; train accuracy: 0.19744427363566489; test accuracy: 0.0528
2026-01-22 06:02:39 [INFO]  Round 0 Finish--------|
2026-01-22 06:02:39 [INFO]  Model variance: mean: 0.0016651781043037772, sum: 18683.3515625
2026-01-22 06:02:39 [INFO]  g_protos_std (global internal): 0.978239
2026-01-22 06:02:39 [INFO]  inter_client_proto_std (cross-client): 0.017769
2026-01-22 06:02:39 [INFO]  g_protos_std (global internal): 0.978239
2026-01-22 06:02:39 [INFO]  inter_client_proto_std (cross-client): 0.017769
2026-01-22 06:02:39 [INFO]  V7 Training | Using Simple Feature-level Server.
2026-01-22 06:02:45 [INFO]  The test accuracy of OursV7+SimpleFeatureServer: 0.1552
2026-01-22 06:02:45 [INFO]  Save config to ./checkpoints/CIFAR100_alpha0.05/baselines_OursV7+SimpleFeatureServer_CIFAR10_results.yaml
2026-01-22 06:02:45 [INFO]  Round 1 starts--------|
2026-01-22 06:02:45 [INFO]  Client 0 Starts Local Trainning--------|
2026-01-22 06:02:45 [INFO]  Using provided lambda_align_initial: 20.0
2026-01-22 06:03:12 [INFO]  Epoch 10 loss: 429.95542335510254; train accuracy: 0.285175061824808; test accuracy: 0.0519
2026-01-22 06:03:14 [INFO]  Save the model in ./checkpoints/CIFAR100_alpha0.05/local_models/client_0/epoch_10.pth
2026-01-22 06:03:42 [INFO]  Epoch 11 loss: 426.56769943237305; train accuracy: 0.18677599895874009; test accuracy: 0.0323
2026-01-22 06:04:08 [INFO]  Epoch 12 loss: 417.2111701965332; train accuracy: 0.26838474554210595; test accuracy: 0.0473
2026-01-22 06:04:34 [INFO]  Epoch 13 loss: 415.29793548583984; train accuracy: 0.26682285565534297; test accuracy: 0.0432
2026-01-22 06:04:58 [INFO]  Epoch 14 loss: 407.9662494659424; train accuracy: 0.2436548223350254; test accuracy: 0.0415
2026-01-22 06:05:22 [INFO]  Epoch 15 loss: 400.7480049133301; train accuracy: 0.2564102564102564; test accuracy: 0.0429
2026-01-22 06:05:22 [INFO]  Save the model in ./checkpoints/CIFAR100_alpha0.05/local_models/client_0/epoch_15.pth
2026-01-22 06:05:47 [INFO]  Epoch 16 loss: 397.04477882385254; train accuracy: 0.25458805154236624; test accuracy: 0.0442
2026-01-22 06:06:14 [INFO]  Epoch 17 loss: 387.2391300201416; train accuracy: 0.25549915397631134; test accuracy: 0.0454
2026-01-22 06:06:41 [INFO]  Epoch 18 loss: 384.08058166503906; train accuracy: 0.27580372250423013; test accuracy: 0.0471
2026-01-22 06:07:08 [INFO]  Epoch 19 loss: 381.1499423980713; train accuracy: 0.3179747494468307; test accuracy: 0.0545
2026-01-22 06:07:08 [INFO]  Client 1 Starts Local Trainning--------|
2026-01-22 06:07:08 [INFO]  Using provided lambda_align_initial: 20.0
2026-01-22 06:07:45 [INFO]  Epoch 10 loss: 650.5397834777832; train accuracy: 0.25198628418499625; test accuracy: 0.0656
2026-01-22 06:07:46 [INFO]  Save the model in ./checkpoints/CIFAR100_alpha0.05/local_models/client_1/epoch_10.pth
2026-01-22 06:08:26 [INFO]  Epoch 11 loss: 643.5224323272705; train accuracy: 0.23952496445596722; test accuracy: 0.0656
2026-01-22 06:09:05 [INFO]  Epoch 12 loss: 632.777910232544; train accuracy: 0.21911850798695326; test accuracy: 0.0587
2026-01-22 06:09:46 [INFO]  Epoch 13 loss: 621.6056823730469; train accuracy: 0.22012210420674083; test accuracy: 0.0608
2026-01-22 06:10:22 [INFO]  Epoch 14 loss: 611.7240734100342; train accuracy: 0.26177134732792506; test accuracy: 0.0725
2026-01-22 06:10:59 [INFO]  Epoch 15 loss: 602.3316307067871; train accuracy: 0.23417245128376682; test accuracy: 0.0634
2026-01-22 06:10:59 [INFO]  Save the model in ./checkpoints/CIFAR100_alpha0.05/local_models/client_1/epoch_15.pth
2026-01-22 06:11:38 [INFO]  Epoch 16 loss: 592.2489681243896; train accuracy: 0.27715982269800116; test accuracy: 0.0738
2026-01-22 06:12:19 [INFO]  Epoch 17 loss: 584.4440250396729; train accuracy: 0.30049343480806223; test accuracy: 0.0778
2026-01-22 06:12:59 [INFO]  Epoch 18 loss: 575.414119720459; train accuracy: 0.32081625825876053; test accuracy: 0.0849
2026-01-22 06:13:37 [INFO]  Epoch 19 loss: 566.7874755859375; train accuracy: 0.35293133729196285; test accuracy: 0.0945
2026-01-22 06:13:37 [INFO]  Client 2 Starts Local Trainning--------|
2026-01-22 06:13:37 [INFO]  Using provided lambda_align_initial: 20.0
2026-01-22 06:14:02 [INFO]  Epoch 10 loss: 429.33092308044434; train accuracy: 0.1720112878399179; test accuracy: 0.0258
2026-01-22 06:14:02 [INFO]  Save the model in ./checkpoints/CIFAR100_alpha0.05/local_models/client_2/epoch_10.pth
2026-01-22 06:14:29 [INFO]  Epoch 11 loss: 423.7442035675049; train accuracy: 0.11698306824012314; test accuracy: 0.018
2026-01-22 06:14:54 [INFO]  Epoch 12 loss: 417.24671936035156; train accuracy: 0.18907131862493587; test accuracy: 0.0292
2026-01-22 06:15:18 [INFO]  Epoch 13 loss: 411.1534423828125; train accuracy: 0.15649050795279631; test accuracy: 0.0238
2026-01-22 06:15:42 [INFO]  Epoch 14 loss: 405.7895927429199; train accuracy: 0.2099794766546947; test accuracy: 0.0324
2026-01-22 06:16:09 [INFO]  Epoch 15 loss: 399.48607444763184; train accuracy: 0.23512057465366853; test accuracy: 0.0359
2026-01-22 06:16:09 [INFO]  Save the model in ./checkpoints/CIFAR100_alpha0.05/local_models/client_2/epoch_15.pth
2026-01-22 06:16:36 [INFO]  Epoch 16 loss: 393.24757957458496; train accuracy: 0.23858388917393536; test accuracy: 0.0363
2026-01-22 06:17:03 [INFO]  Epoch 17 loss: 388.0042552947998; train accuracy: 0.2258850692662904; test accuracy: 0.0337
2026-01-22 06:17:29 [INFO]  Epoch 18 loss: 381.93553352355957; train accuracy: 0.24371472550025655; test accuracy: 0.0384
2026-01-22 06:17:56 [INFO]  Epoch 19 loss: 376.88638496398926; train accuracy: 0.2652642380708055; test accuracy: 0.0407
2026-01-22 06:17:56 [INFO]  Client 3 Starts Local Trainning--------|
2026-01-22 06:17:56 [INFO]  Using provided lambda_align_initial: 20.0
2026-01-22 06:18:37 [INFO]  Epoch 10 loss: 661.5186958312988; train accuracy: 0.19587035208950312; test accuracy: 0.0499
2026-01-22 06:18:37 [INFO]  Save the model in ./checkpoints/CIFAR100_alpha0.05/local_models/client_3/epoch_10.pth
2026-01-22 06:19:17 [INFO]  Epoch 11 loss: 652.4736404418945; train accuracy: 0.20549522869364922; test accuracy: 0.0526
2026-01-22 06:19:54 [INFO]  Epoch 12 loss: 642.2383575439453; train accuracy: 0.1644455412964791; test accuracy: 0.0423
2026-01-22 06:20:31 [INFO]  Epoch 13 loss: 631.0004692077637; train accuracy: 0.18945376768673905; test accuracy: 0.0484
2026-01-22 06:21:10 [INFO]  Epoch 14 loss: 620.4013519287109; train accuracy: 0.22178348140835802; test accuracy: 0.0546
2026-01-22 06:21:51 [INFO]  Epoch 15 loss: 610.4852352142334; train accuracy: 0.22976307996051332; test accuracy: 0.0562
2026-01-22 06:21:51 [INFO]  Save the model in ./checkpoints/CIFAR100_alpha0.05/local_models/client_3/epoch_15.pth
2026-01-22 06:22:31 [INFO]  Epoch 16 loss: 601.0814628601074; train accuracy: 0.1968575189206976; test accuracy: 0.0504
2026-01-22 06:23:09 [INFO]  Epoch 17 loss: 591.8619537353516; train accuracy: 0.22894044093451793; test accuracy: 0.0582
2026-01-22 06:23:50 [INFO]  Epoch 18 loss: 582.6941356658936; train accuracy: 0.22836459361632117; test accuracy: 0.0597
2026-01-22 06:24:31 [INFO]  Epoch 19 loss: 574.9221935272217; train accuracy: 0.23527476143468246; test accuracy: 0.0587
2026-01-22 06:24:31 [INFO]  Client 4 Starts Local Trainning--------|
2026-01-22 06:24:31 [INFO]  Using provided lambda_align_initial: 20.0
2026-01-22 06:25:03 [INFO]  Epoch 10 loss: 584.7207298278809; train accuracy: 0.16660261337432744; test accuracy: 0.0378
2026-01-22 06:25:04 [INFO]  Save the model in ./checkpoints/CIFAR100_alpha0.05/local_models/client_4/epoch_10.pth
2026-01-22 06:25:37 [INFO]  Epoch 11 loss: 576.0319938659668; train accuracy: 0.20359338970023058; test accuracy: 0.0484
2026-01-22 06:26:10 [INFO]  Epoch 12 loss: 567.5742607116699; train accuracy: 0.23770176787086855; test accuracy: 0.0607
2026-01-22 06:26:45 [INFO]  Epoch 13 loss: 559.3734874725342; train accuracy: 0.13076479631053037; test accuracy: 0.0319
2026-01-22 06:27:20 [INFO]  Epoch 14 loss: 551.5426788330078; train accuracy: 0.2086856264411991; test accuracy: 0.0548
2026-01-22 06:27:54 [INFO]  Epoch 15 loss: 541.9534397125244; train accuracy: 0.2614335126825519; test accuracy: 0.0717
2026-01-22 06:27:54 [INFO]  Save the model in ./checkpoints/CIFAR100_alpha0.05/local_models/client_4/epoch_15.pth
2026-01-22 06:28:29 [INFO]  Epoch 16 loss: 534.094669342041; train accuracy: 0.20196003074558033; test accuracy: 0.0577
2026-01-22 06:29:03 [INFO]  Epoch 17 loss: 525.7800827026367; train accuracy: 0.30188316679477323; test accuracy: 0.0807
2026-01-22 06:29:36 [INFO]  Epoch 18 loss: 517.8819561004639; train accuracy: 0.2834358186010761; test accuracy: 0.0763
2026-01-22 06:30:09 [INFO]  Epoch 19 loss: 510.4329204559326; train accuracy: 0.3042851652574942; test accuracy: 0.0821
2026-01-22 06:30:09 [INFO]  Round 1 Finish--------|
2026-01-22 06:30:09 [INFO]  Model variance: mean: 0.0023060019593685865, sum: 25873.416015625
2026-01-22 06:30:09 [INFO]  g_protos_std (global internal): 0.967700
2026-01-22 06:30:09 [INFO]  inter_client_proto_std (cross-client): 0.029752
2026-01-22 06:30:09 [INFO]  g_protos_std (global internal): 0.967700
2026-01-22 06:30:09 [INFO]  inter_client_proto_std (cross-client): 0.029752
2026-01-22 06:30:09 [INFO]  V7 Training | Using Simple Feature-level Server.
2026-01-22 06:30:13 [INFO]  The test accuracy of OursV7+SimpleFeatureServer: 0.2244
2026-01-22 06:30:13 [INFO]  Save config to ./checkpoints/CIFAR100_alpha0.05/baselines_OursV7+SimpleFeatureServer_CIFAR10_results.yaml
2026-01-22 06:30:13 [INFO]  Round 2 starts--------|
2026-01-22 06:30:13 [INFO]  Client 0 Starts Local Trainning--------|
2026-01-22 06:30:13 [INFO]  Using provided lambda_align_initial: 20.0
2026-01-22 06:30:38 [INFO]  Epoch 20 loss: 374.17187690734863; train accuracy: 0.31276844982428736; test accuracy: 0.0548
2026-01-22 06:30:39 [INFO]  Save the model in ./checkpoints/CIFAR100_alpha0.05/local_models/client_0/epoch_20.pth
2026-01-22 06:31:05 [INFO]  Epoch 21 loss: 370.39434814453125; train accuracy: 0.3437459325784199; test accuracy: 0.0606
2026-01-22 06:31:31 [INFO]  Epoch 22 loss: 365.18360328674316; train accuracy: 0.33893010542756735; test accuracy: 0.0578
2026-01-22 06:31:57 [INFO]  Epoch 23 loss: 360.6661624908447; train accuracy: 0.301054275673565; test accuracy: 0.0524
2026-01-22 06:32:23 [INFO]  Epoch 24 loss: 354.87218856811523; train accuracy: 0.3777170376155148; test accuracy: 0.0642
2026-01-22 06:32:49 [INFO]  Epoch 25 loss: 349.3162422180176; train accuracy: 0.27580372250423013; test accuracy: 0.0502
2026-01-22 06:32:49 [INFO]  Save the model in ./checkpoints/CIFAR100_alpha0.05/local_models/client_0/epoch_25.pth
2026-01-22 06:33:17 [INFO]  Epoch 26 loss: 342.8070812225342; train accuracy: 0.31367955225823246; test accuracy: 0.055
2026-01-22 06:33:43 [INFO]  Epoch 27 loss: 341.5503158569336; train accuracy: 0.3579330990498503; test accuracy: 0.0617
2026-01-22 06:34:09 [INFO]  Epoch 28 loss: 336.8032913208008; train accuracy: 0.36470128855915657; test accuracy: 0.0648
2026-01-22 06:34:34 [INFO]  Epoch 29 loss: 332.8703022003174; train accuracy: 0.39541845633216194; test accuracy: 0.066
2026-01-22 06:34:34 [INFO]  Client 1 Starts Local Trainning--------|
2026-01-22 06:34:34 [INFO]  Using provided lambda_align_initial: 20.0
2026-01-22 06:35:09 [INFO]  Epoch 20 loss: 557.8670845031738; train accuracy: 0.3686543447353015; test accuracy: 0.095
2026-01-22 06:35:10 [INFO]  Save the model in ./checkpoints/CIFAR100_alpha0.05/local_models/client_1/epoch_20.pth
2026-01-22 06:35:47 [INFO]  Epoch 21 loss: 551.585542678833; train accuracy: 0.31855816676423854; test accuracy: 0.0867
2026-01-22 06:36:26 [INFO]  Epoch 22 loss: 544.0419788360596; train accuracy: 0.33269214685958015; test accuracy: 0.087
2026-01-22 06:37:04 [INFO]  Epoch 23 loss: 535.5144672393799; train accuracy: 0.3773521786401271; test accuracy: 0.1025
2026-01-22 06:37:44 [INFO]  Epoch 24 loss: 528.4190425872803; train accuracy: 0.42895375094087146; test accuracy: 0.1157
2026-01-22 06:38:24 [INFO]  Epoch 25 loss: 519.8413391113281; train accuracy: 0.37935937107970225; test accuracy: 0.0995
2026-01-22 06:38:24 [INFO]  Save the model in ./checkpoints/CIFAR100_alpha0.05/local_models/client_1/epoch_25.pth
2026-01-22 06:39:03 [INFO]  Epoch 26 loss: 512.4018783569336; train accuracy: 0.3895625993142092; test accuracy: 0.1034
2026-01-22 06:39:40 [INFO]  Epoch 27 loss: 504.64277839660645; train accuracy: 0.4350589612779125; test accuracy: 0.1164
2026-01-22 06:40:17 [INFO]  Epoch 28 loss: 498.35300636291504; train accuracy: 0.3975913690725098; test accuracy: 0.1056
2026-01-22 06:40:56 [INFO]  Epoch 29 loss: 490.2246036529541; train accuracy: 0.38630091159989965; test accuracy: 0.1048
2026-01-22 06:40:56 [INFO]  Client 2 Starts Local Trainning--------|
2026-01-22 06:40:56 [INFO]  Using provided lambda_align_initial: 20.0
2026-01-22 06:41:22 [INFO]  Epoch 20 loss: 371.7188014984131; train accuracy: 0.27039507439712673; test accuracy: 0.0415
2026-01-22 06:41:22 [INFO]  Save the model in ./checkpoints/CIFAR100_alpha0.05/local_models/client_2/epoch_20.pth
2026-01-22 06:41:48 [INFO]  Epoch 21 loss: 367.5075054168701; train accuracy: 0.2968188814776809; test accuracy: 0.0469
2026-01-22 06:42:14 [INFO]  Epoch 22 loss: 362.27519035339355; train accuracy: 0.2680861980502822; test accuracy: 0.0419
2026-01-22 06:42:41 [INFO]  Epoch 23 loss: 357.9416904449463; train accuracy: 0.280271934325295; test accuracy: 0.0437
2026-01-22 06:43:08 [INFO]  Epoch 24 loss: 351.6666660308838; train accuracy: 0.2569266290405336; test accuracy: 0.0386
2026-01-22 06:43:34 [INFO]  Epoch 25 loss: 346.8417148590088; train accuracy: 0.27180605438686506; test accuracy: 0.0436
2026-01-22 06:43:35 [INFO]  Save the model in ./checkpoints/CIFAR100_alpha0.05/local_models/client_2/epoch_25.pth
2026-01-22 06:44:01 [INFO]  Epoch 26 loss: 342.4651679992676; train accuracy: 0.39456131349409956; test accuracy: 0.063
2026-01-22 06:44:24 [INFO]  Epoch 27 loss: 336.5369758605957; train accuracy: 0.3134940995382247; test accuracy: 0.0493
2026-01-22 06:44:48 [INFO]  Epoch 28 loss: 332.08934211730957; train accuracy: 0.3759620318111852; test accuracy: 0.0579
2026-01-22 06:45:13 [INFO]  Epoch 29 loss: 327.7670612335205; train accuracy: 0.32042072857875836; test accuracy: 0.0503
2026-01-22 06:45:13 [INFO]  Client 3 Starts Local Trainning--------|
2026-01-22 06:45:13 [INFO]  Using provided lambda_align_initial: 20.0
2026-01-22 06:45:55 [INFO]  Epoch 20 loss: 565.2609844207764; train accuracy: 0.2691674893056927; test accuracy: 0.0693
2026-01-22 06:45:56 [INFO]  Save the model in ./checkpoints/CIFAR100_alpha0.05/local_models/client_3/epoch_20.pth
2026-01-22 06:46:37 [INFO]  Epoch 21 loss: 558.8347682952881; train accuracy: 0.25074037512339586; test accuracy: 0.0641
2026-01-22 06:47:16 [INFO]  Epoch 22 loss: 550.4964904785156; train accuracy: 0.25115169463639353; test accuracy: 0.0627
2026-01-22 06:47:56 [INFO]  Epoch 23 loss: 543.594072341919; train accuracy: 0.2582263902599539; test accuracy: 0.0645
2026-01-22 06:48:38 [INFO]  Epoch 24 loss: 534.2921352386475; train accuracy: 0.2582263902599539; test accuracy: 0.0665
2026-01-22 06:49:17 [INFO]  Epoch 25 loss: 526.0635299682617; train accuracy: 0.29327081276735767; test accuracy: 0.0712
2026-01-22 06:49:17 [INFO]  Save the model in ./checkpoints/CIFAR100_alpha0.05/local_models/client_3/epoch_25.pth
2026-01-22 06:49:56 [INFO]  Epoch 26 loss: 519.9836730957031; train accuracy: 0.3168805528134255; test accuracy: 0.0815
2026-01-22 06:50:38 [INFO]  Epoch 27 loss: 511.1953353881836; train accuracy: 0.3188548864758144; test accuracy: 0.0797
2026-01-22 06:51:17 [INFO]  Epoch 28 loss: 504.19789695739746; train accuracy: 0.2610233629483383; test accuracy: 0.0653
2026-01-22 06:51:59 [INFO]  Epoch 29 loss: 497.43843269348145; train accuracy: 0.32181638696939785; test accuracy: 0.082
2026-01-22 06:51:59 [INFO]  Client 4 Starts Local Trainning--------|
2026-01-22 06:51:59 [INFO]  Using provided lambda_align_initial: 20.0
2026-01-22 06:52:35 [INFO]  Epoch 20 loss: 502.23201751708984; train accuracy: 0.32350115295926213; test accuracy: 0.0894
2026-01-22 06:52:36 [INFO]  Save the model in ./checkpoints/CIFAR100_alpha0.05/local_models/client_4/epoch_20.pth
2026-01-22 06:53:13 [INFO]  Epoch 21 loss: 497.2461128234863; train accuracy: 0.34925057647963104; test accuracy: 0.0951
2026-01-22 06:53:49 [INFO]  Epoch 22 loss: 490.00911712646484; train accuracy: 0.3143735588009224; test accuracy: 0.0822
2026-01-22 06:54:22 [INFO]  Epoch 23 loss: 483.3269233703613; train accuracy: 0.30601460415065335; test accuracy: 0.0846
2026-01-22 06:54:56 [INFO]  Epoch 24 loss: 476.17126083374023; train accuracy: 0.3077440430438125; test accuracy: 0.0778
2026-01-22 06:55:31 [INFO]  Epoch 25 loss: 469.70079803466797; train accuracy: 0.3368562644119908; test accuracy: 0.089
2026-01-22 06:55:32 [INFO]  Save the model in ./checkpoints/CIFAR100_alpha0.05/local_models/client_4/epoch_25.pth
2026-01-22 06:56:08 [INFO]  Epoch 26 loss: 462.13107681274414; train accuracy: 0.3267678708685626; test accuracy: 0.0894
2026-01-22 06:56:42 [INFO]  Epoch 27 loss: 455.8458003997803; train accuracy: 0.316391237509608; test accuracy: 0.0877
2026-01-22 06:57:16 [INFO]  Epoch 28 loss: 450.7548713684082; train accuracy: 0.3517486548808609; test accuracy: 0.0965
2026-01-22 06:57:53 [INFO]  Epoch 29 loss: 444.45999336242676; train accuracy: 0.3452152190622598; test accuracy: 0.0974
2026-01-22 06:57:53 [INFO]  Round 2 Finish--------|
2026-01-22 06:57:53 [INFO]  Model variance: mean: 0.002847423078492284, sum: 31948.177734375
2026-01-22 06:57:53 [INFO]  g_protos_std (global internal): 0.959331
2026-01-22 06:57:53 [INFO]  inter_client_proto_std (cross-client): 0.039232
2026-01-22 06:57:53 [INFO]  g_protos_std (global internal): 0.959331
2026-01-22 06:57:53 [INFO]  inter_client_proto_std (cross-client): 0.039232
2026-01-22 06:57:53 [INFO]  V7 Training | Using Simple Feature-level Server.
2026-01-22 06:57:59 [INFO]  The test accuracy of OursV7+SimpleFeatureServer: 0.2738
2026-01-22 06:57:59 [INFO]  Save config to ./checkpoints/CIFAR100_alpha0.05/baselines_OursV7+SimpleFeatureServer_CIFAR10_results.yaml
2026-01-22 06:57:59 [INFO]  Round 3 starts--------|
2026-01-22 06:57:59 [INFO]  Client 0 Starts Local Trainning--------|
2026-01-22 06:57:59 [INFO]  Using provided lambda_align_initial: 20.0
2026-01-22 06:58:26 [INFO]  Epoch 30 loss: 323.47644233703613; train accuracy: 0.42991019133151115; test accuracy: 0.0722
2026-01-22 06:58:26 [INFO]  Save the model in ./checkpoints/CIFAR100_alpha0.05/local_models/client_0/epoch_30.pth
2026-01-22 06:58:53 [INFO]  Epoch 31 loss: 323.3348503112793; train accuracy: 0.4085643628790837; test accuracy: 0.0693
2026-01-22 06:59:20 [INFO]  Epoch 32 loss: 322.64680671691895; train accuracy: 0.3162827020695041; test accuracy: 0.056
2026-01-22 06:59:44 [INFO]  Epoch 33 loss: 316.1926155090332; train accuracy: 0.36274892620070287; test accuracy: 0.0642
2026-01-22 07:00:08 [INFO]  Epoch 34 loss: 309.9850254058838; train accuracy: 0.33593648314460495; test accuracy: 0.0578
2026-01-22 07:00:36 [INFO]  Epoch 35 loss: 305.40807247161865; train accuracy: 0.3628790836912664; test accuracy: 0.062
2026-01-22 07:00:37 [INFO]  Save the model in ./checkpoints/CIFAR100_alpha0.05/local_models/client_0/epoch_35.pth
2026-01-22 07:01:04 [INFO]  Epoch 36 loss: 303.44432258605957; train accuracy: 0.3171938045034492; test accuracy: 0.0556
2026-01-22 07:01:31 [INFO]  Epoch 37 loss: 299.9184341430664; train accuracy: 0.38084081738904074; test accuracy: 0.0659
2026-01-22 07:02:00 [INFO]  Epoch 38 loss: 294.86090660095215; train accuracy: 0.32942860861642587; test accuracy: 0.0571
2026-01-22 07:02:28 [INFO]  Epoch 39 loss: 290.9502944946289; train accuracy: 0.45216712221788363; test accuracy: 0.0763
2026-01-22 07:02:28 [INFO]  Client 1 Starts Local Trainning--------|
2026-01-22 07:02:28 [INFO]  Using provided lambda_align_initial: 20.0
2026-01-22 07:03:08 [INFO]  Epoch 30 loss: 483.10290336608887; train accuracy: 0.4251902651166681; test accuracy: 0.1136
2026-01-22 07:03:08 [INFO]  Save the model in ./checkpoints/CIFAR100_alpha0.05/local_models/client_1/epoch_30.pth
2026-01-22 07:03:48 [INFO]  Epoch 31 loss: 478.03719902038574; train accuracy: 0.3537676674751192; test accuracy: 0.0944
2026-01-22 07:04:28 [INFO]  Epoch 32 loss: 470.6967430114746; train accuracy: 0.3870536087647403; test accuracy: 0.1003
2026-01-22 07:05:06 [INFO]  Epoch 33 loss: 465.68457221984863; train accuracy: 0.3907334615706281; test accuracy: 0.1089
2026-01-22 07:05:46 [INFO]  Epoch 34 loss: 458.39591789245605; train accuracy: 0.4217613113657272; test accuracy: 0.1137
2026-01-22 07:06:27 [INFO]  Epoch 35 loss: 451.32016944885254; train accuracy: 0.4092163586183825; test accuracy: 0.1143
2026-01-22 07:06:28 [INFO]  Save the model in ./checkpoints/CIFAR100_alpha0.05/local_models/client_1/epoch_35.pth
2026-01-22 07:07:11 [INFO]  Epoch 36 loss: 445.10108757019043; train accuracy: 0.41030358785648574; test accuracy: 0.1144
2026-01-22 07:07:52 [INFO]  Epoch 37 loss: 437.9419803619385; train accuracy: 0.39951492849376935; test accuracy: 0.1082
2026-01-22 07:08:33 [INFO]  Epoch 38 loss: 433.0029773712158; train accuracy: 0.37133060132140167; test accuracy: 0.0972
2026-01-22 07:09:12 [INFO]  Epoch 39 loss: 426.8246326446533; train accuracy: 0.4681776365309024; test accuracy: 0.1227
2026-01-22 07:09:12 [INFO]  Client 2 Starts Local Trainning--------|
2026-01-22 07:09:12 [INFO]  Using provided lambda_align_initial: 20.0
2026-01-22 07:09:36 [INFO]  Epoch 30 loss: 321.73715591430664; train accuracy: 0.38801949717804; test accuracy: 0.0604
2026-01-22 07:09:36 [INFO]  Save the model in ./checkpoints/CIFAR100_alpha0.05/local_models/client_2/epoch_30.pth
2026-01-22 07:10:01 [INFO]  Epoch 31 loss: 319.14588356018066; train accuracy: 0.2965623396613648; test accuracy: 0.0474
2026-01-22 07:10:28 [INFO]  Epoch 32 loss: 315.6472339630127; train accuracy: 0.38686505900461776; test accuracy: 0.0622
2026-01-22 07:10:55 [INFO]  Epoch 33 loss: 309.6882743835449; train accuracy: 0.4150846587993843; test accuracy: 0.0653
2026-01-22 07:11:23 [INFO]  Epoch 34 loss: 306.2912349700928; train accuracy: 0.3454335556695741; test accuracy: 0.0572
2026-01-22 07:11:50 [INFO]  Epoch 35 loss: 302.46481132507324; train accuracy: 0.3486403283735249; test accuracy: 0.0573
2026-01-22 07:11:51 [INFO]  Save the model in ./checkpoints/CIFAR100_alpha0.05/local_models/client_2/epoch_35.pth
2026-01-22 07:12:18 [INFO]  Epoch 36 loss: 297.9826602935791; train accuracy: 0.38417136993329914; test accuracy: 0.0619
2026-01-22 07:12:45 [INFO]  Epoch 37 loss: 294.7196865081787; train accuracy: 0.3164443304258594; test accuracy: 0.0496
2026-01-22 07:13:11 [INFO]  Epoch 38 loss: 290.30707931518555; train accuracy: 0.35543868650590044; test accuracy: 0.0541
2026-01-22 07:13:36 [INFO]  Epoch 39 loss: 285.4508457183838; train accuracy: 0.3886608517188302; test accuracy: 0.0633
2026-01-22 07:13:36 [INFO]  Client 3 Starts Local Trainning--------|
2026-01-22 07:13:36 [INFO]  Using provided lambda_align_initial: 20.0
2026-01-22 07:14:15 [INFO]  Epoch 30 loss: 489.55764389038086; train accuracy: 0.29401118789075353; test accuracy: 0.0728
2026-01-22 07:14:16 [INFO]  Save the model in ./checkpoints/CIFAR100_alpha0.05/local_models/client_3/epoch_30.pth
2026-01-22 07:14:53 [INFO]  Epoch 31 loss: 484.4429473876953; train accuracy: 0.28126028298782496; test accuracy: 0.069
2026-01-22 07:15:30 [INFO]  Epoch 32 loss: 476.37177085876465; train accuracy: 0.3019085225403093; test accuracy: 0.0744
2026-01-22 07:16:09 [INFO]  Epoch 33 loss: 470.5432720184326; train accuracy: 0.3168805528134255; test accuracy: 0.0761
2026-01-22 07:16:49 [INFO]  Epoch 34 loss: 462.664270401001; train accuracy: 0.33917407041790065; test accuracy: 0.0863
2026-01-22 07:17:29 [INFO]  Epoch 35 loss: 456.16618156433105; train accuracy: 0.32568279039157616; test accuracy: 0.0791
2026-01-22 07:17:30 [INFO]  Save the model in ./checkpoints/CIFAR100_alpha0.05/local_models/client_3/epoch_35.pth
2026-01-22 07:18:10 [INFO]  Epoch 36 loss: 450.5409526824951; train accuracy: 0.35093780848963474; test accuracy: 0.0852
2026-01-22 07:18:50 [INFO]  Epoch 37 loss: 445.4456081390381; train accuracy: 0.34526159921026656; test accuracy: 0.0858
2026-01-22 07:19:29 [INFO]  Epoch 38 loss: 437.9799861907959; train accuracy: 0.3889437314906219; test accuracy: 0.0968
2026-01-22 07:20:06 [INFO]  Epoch 39 loss: 430.8780345916748; train accuracy: 0.35422836459361634; test accuracy: 0.0852
2026-01-22 07:20:06 [INFO]  Client 4 Starts Local Trainning--------|
2026-01-22 07:20:06 [INFO]  Using provided lambda_align_initial: 20.0
2026-01-22 07:20:38 [INFO]  Epoch 30 loss: 436.8208827972412; train accuracy: 0.4027671022290546; test accuracy: 0.1037
2026-01-22 07:20:38 [INFO]  Save the model in ./checkpoints/CIFAR100_alpha0.05/local_models/client_4/epoch_30.pth
2026-01-22 07:21:11 [INFO]  Epoch 31 loss: 432.2881832122803; train accuracy: 0.3398347425057648; test accuracy: 0.0926
2026-01-22 07:21:46 [INFO]  Epoch 32 loss: 427.6323719024658; train accuracy: 0.3623174481168332; test accuracy: 0.0986
2026-01-22 07:22:21 [INFO]  Epoch 33 loss: 420.3001194000244; train accuracy: 0.3996925441967717; test accuracy: 0.1104
2026-01-22 07:22:56 [INFO]  Epoch 34 loss: 415.3960990905762; train accuracy: 0.40536126056879324; test accuracy: 0.1071
2026-01-22 07:23:32 [INFO]  Epoch 35 loss: 408.47472381591797; train accuracy: 0.38864335126825517; test accuracy: 0.1096
2026-01-22 07:23:33 [INFO]  Save the model in ./checkpoints/CIFAR100_alpha0.05/local_models/client_4/epoch_35.pth
2026-01-22 07:24:08 [INFO]  Epoch 36 loss: 403.91112899780273; train accuracy: 0.32820906994619525; test accuracy: 0.0934
2026-01-22 07:24:42 [INFO]  Epoch 37 loss: 396.9640998840332; train accuracy: 0.4421598770176787; test accuracy: 0.1181
2026-01-22 07:25:11 [INFO]  Epoch 38 loss: 392.57979011535645; train accuracy: 0.39690622598001535; test accuracy: 0.1099
2026-01-22 07:25:41 [INFO]  Epoch 39 loss: 386.8285484313965; train accuracy: 0.4321675634127594; test accuracy: 0.1169
2026-01-22 07:25:41 [INFO]  Round 3 Finish--------|
2026-01-22 07:25:41 [INFO]  Model variance: mean: 0.003320262534543872, sum: 37253.453125
2026-01-22 07:25:41 [INFO]  g_protos_std (global internal): 0.952534
2026-01-22 07:25:41 [INFO]  inter_client_proto_std (cross-client): 0.046933
2026-01-22 07:25:41 [INFO]  g_protos_std (global internal): 0.952534
2026-01-22 07:25:41 [INFO]  inter_client_proto_std (cross-client): 0.046933
2026-01-22 07:25:41 [INFO]  V7 Training | Using Simple Feature-level Server.
2026-01-22 07:25:46 [INFO]  The test accuracy of OursV7+SimpleFeatureServer: 0.3133
2026-01-22 07:25:46 [INFO]  Save config to ./checkpoints/CIFAR100_alpha0.05/baselines_OursV7+SimpleFeatureServer_CIFAR10_results.yaml
2026-01-22 07:25:46 [INFO]  Round 4 starts--------|
2026-01-22 07:25:46 [INFO]  Client 0 Starts Local Trainning--------|
2026-01-22 07:25:46 [INFO]  Using provided lambda_align_initial: 20.0
2026-01-22 07:26:12 [INFO]  Epoch 40 loss: 287.594144821167; train accuracy: 0.4625797214629702; test accuracy: 0.077
2026-01-22 07:26:12 [INFO]  Save the model in ./checkpoints/CIFAR100_alpha0.05/local_models/client_0/epoch_40.pth
2026-01-22 07:26:39 [INFO]  Epoch 41 loss: 283.41092109680176; train accuracy: 0.43563712091630874; test accuracy: 0.074
2026-01-22 07:27:04 [INFO]  Epoch 42 loss: 280.40139389038086; train accuracy: 0.4293895613692568; test accuracy: 0.0742
2026-01-22 07:27:31 [INFO]  Epoch 43 loss: 273.90943717956543; train accuracy: 0.4262657815957308; test accuracy: 0.0729
2026-01-22 07:27:56 [INFO]  Epoch 44 loss: 270.3548822402954; train accuracy: 0.420929324482624; test accuracy: 0.0728
2026-01-22 07:28:20 [INFO]  Epoch 45 loss: 266.7087688446045; train accuracy: 0.46856696602889497; test accuracy: 0.0795
2026-01-22 07:28:21 [INFO]  Save the model in ./checkpoints/CIFAR100_alpha0.05/local_models/client_0/epoch_45.pth
2026-01-22 07:28:47 [INFO]  Epoch 46 loss: 261.85250663757324; train accuracy: 0.4753351555382012; test accuracy: 0.0809
2026-01-22 07:29:15 [INFO]  Epoch 47 loss: 259.86332607269287; train accuracy: 0.4457894051802681; test accuracy: 0.0766
2026-01-22 07:29:40 [INFO]  Epoch 48 loss: 257.0545072555542; train accuracy: 0.4653130287648054; test accuracy: 0.0789
2026-01-22 07:30:05 [INFO]  Epoch 49 loss: 253.31441402435303; train accuracy: 0.449563972406612; test accuracy: 0.0768
2026-01-22 07:30:05 [INFO]  Client 1 Starts Local Trainning--------|
2026-01-22 07:30:05 [INFO]  Using provided lambda_align_initial: 20.0
2026-01-22 07:30:41 [INFO]  Epoch 40 loss: 420.365514755249; train accuracy: 0.4538763903989295; test accuracy: 0.1278
2026-01-22 07:30:41 [INFO]  Save the model in ./checkpoints/CIFAR100_alpha0.05/local_models/client_1/epoch_40.pth
2026-01-22 07:31:21 [INFO]  Epoch 41 loss: 415.8295307159424; train accuracy: 0.43781885088232836; test accuracy: 0.1226
2026-01-22 07:32:02 [INFO]  Epoch 42 loss: 409.89575576782227; train accuracy: 0.40018399264029436; test accuracy: 0.1107
2026-01-22 07:32:42 [INFO]  Epoch 43 loss: 405.2585220336914; train accuracy: 0.4215104123107803; test accuracy: 0.1154
2026-01-22 07:33:22 [INFO]  Epoch 44 loss: 398.0788640975952; train accuracy: 0.4787153968386719; test accuracy: 0.1283
2026-01-22 07:34:04 [INFO]  Epoch 45 loss: 392.4688653945923; train accuracy: 0.48540603830392237; test accuracy: 0.1335
2026-01-22 07:34:04 [INFO]  Save the model in ./checkpoints/CIFAR100_alpha0.05/local_models/client_1/epoch_45.pth
2026-01-22 07:34:44 [INFO]  Epoch 46 loss: 387.82044506073; train accuracy: 0.45270552814251064; test accuracy: 0.1237
2026-01-22 07:35:19 [INFO]  Epoch 47 loss: 381.45985889434814; train accuracy: 0.424521200970143; test accuracy: 0.1181
2026-01-22 07:35:56 [INFO]  Epoch 48 loss: 376.14385986328125; train accuracy: 0.4859078364138162; test accuracy: 0.1324
2026-01-22 07:36:35 [INFO]  Epoch 49 loss: 371.10861587524414; train accuracy: 0.5053943296813582; test accuracy: 0.1396
2026-01-22 07:36:35 [INFO]  Client 2 Starts Local Trainning--------|
2026-01-22 07:36:35 [INFO]  Using provided lambda_align_initial: 20.0
2026-01-22 07:37:02 [INFO]  Epoch 40 loss: 281.1919422149658; train accuracy: 0.38904566444330424; test accuracy: 0.0626
2026-01-22 07:37:02 [INFO]  Save the model in ./checkpoints/CIFAR100_alpha0.05/local_models/client_2/epoch_40.pth
2026-01-22 07:37:30 [INFO]  Epoch 41 loss: 277.35841178894043; train accuracy: 0.4304771677783479; test accuracy: 0.0674
2026-01-22 07:37:58 [INFO]  Epoch 42 loss: 274.6949167251587; train accuracy: 0.4298358132375577; test accuracy: 0.0673
2026-01-22 07:38:25 [INFO]  Epoch 43 loss: 270.6643714904785; train accuracy: 0.38737814263724984; test accuracy: 0.0621
2026-01-22 07:38:53 [INFO]  Epoch 44 loss: 267.4660587310791; train accuracy: 0.4417650076962545; test accuracy: 0.0743
2026-01-22 07:39:21 [INFO]  Epoch 45 loss: 263.9292964935303; train accuracy: 0.3757054899948692; test accuracy: 0.0584
2026-01-22 07:39:22 [INFO]  Save the model in ./checkpoints/CIFAR100_alpha0.05/local_models/client_2/epoch_45.pth
2026-01-22 07:39:50 [INFO]  Epoch 46 loss: 260.0591106414795; train accuracy: 0.39635710620831194; test accuracy: 0.0672
2026-01-22 07:40:13 [INFO]  Epoch 47 loss: 256.42728424072266; train accuracy: 0.39276552077988713; test accuracy: 0.0627
2026-01-22 07:40:38 [INFO]  Epoch 48 loss: 251.51500606536865; train accuracy: 0.4884556182657773; test accuracy: 0.0838
2026-01-22 07:41:05 [INFO]  Epoch 49 loss: 248.86424255371094; train accuracy: 0.4651103129810159; test accuracy: 0.0751
2026-01-22 07:41:05 [INFO]  Client 3 Starts Local Trainning--------|
2026-01-22 07:41:05 [INFO]  Using provided lambda_align_initial: 20.0
2026-01-22 07:41:46 [INFO]  Epoch 40 loss: 424.89566802978516; train accuracy: 0.33358012504113194; test accuracy: 0.0813
2026-01-22 07:41:46 [INFO]  Save the model in ./checkpoints/CIFAR100_alpha0.05/local_models/client_3/epoch_40.pth
2026-01-22 07:42:27 [INFO]  Epoch 41 loss: 419.57309913635254; train accuracy: 0.3116979269496545; test accuracy: 0.0783
2026-01-22 07:43:08 [INFO]  Epoch 42 loss: 414.39426040649414; train accuracy: 0.4095097071405067; test accuracy: 0.1015
2026-01-22 07:43:50 [INFO]  Epoch 43 loss: 410.0363883972168; train accuracy: 0.36237249095097074; test accuracy: 0.0863
2026-01-22 07:44:31 [INFO]  Epoch 44 loss: 403.3525142669678; train accuracy: 0.43427114182296805; test accuracy: 0.105
2026-01-22 07:45:09 [INFO]  Epoch 45 loss: 396.9030990600586; train accuracy: 0.4045738729845344; test accuracy: 0.0997
2026-01-22 07:45:09 [INFO]  Save the model in ./checkpoints/CIFAR100_alpha0.05/local_models/client_3/epoch_45.pth
2026-01-22 07:45:48 [INFO]  Epoch 46 loss: 391.74724197387695; train accuracy: 0.38351431391905233; test accuracy: 0.0935
2026-01-22 07:46:29 [INFO]  Epoch 47 loss: 385.0127601623535; train accuracy: 0.3987331358999671; test accuracy: 0.0991
2026-01-22 07:47:10 [INFO]  Epoch 48 loss: 380.56653118133545; train accuracy: 0.37964791049687396; test accuracy: 0.092
2026-01-22 07:47:52 [INFO]  Epoch 49 loss: 375.5136890411377; train accuracy: 0.3914116485686081; test accuracy: 0.0968
2026-01-22 07:47:52 [INFO]  Client 4 Starts Local Trainning--------|
2026-01-22 07:47:52 [INFO]  Using provided lambda_align_initial: 20.0
2026-01-22 07:48:26 [INFO]  Epoch 40 loss: 380.2097568511963; train accuracy: 0.44590699461952343; test accuracy: 0.1176
2026-01-22 07:48:27 [INFO]  Save the model in ./checkpoints/CIFAR100_alpha0.05/local_models/client_4/epoch_40.pth
2026-01-22 07:49:03 [INFO]  Epoch 41 loss: 375.3685646057129; train accuracy: 0.45858954650269024; test accuracy: 0.1211
2026-01-22 07:49:38 [INFO]  Epoch 42 loss: 371.2166519165039; train accuracy: 0.4610876249039201; test accuracy: 0.1237
2026-01-22 07:50:09 [INFO]  Epoch 43 loss: 365.86486053466797; train accuracy: 0.41804381245196004; test accuracy: 0.1121
2026-01-22 07:50:41 [INFO]  Epoch 44 loss: 360.2292242050171; train accuracy: 0.4675249807840123; test accuracy: 0.1255
2026-01-22 07:51:16 [INFO]  Epoch 45 loss: 355.299729347229; train accuracy: 0.4142966948501153; test accuracy: 0.1139
2026-01-22 07:51:16 [INFO]  Save the model in ./checkpoints/CIFAR100_alpha0.05/local_models/client_4/epoch_45.pth
2026-01-22 07:51:52 [INFO]  Epoch 46 loss: 350.7741060256958; train accuracy: 0.4793428132205995; test accuracy: 0.1323
2026-01-22 07:52:30 [INFO]  Epoch 47 loss: 345.6229476928711; train accuracy: 0.48405073020753264; test accuracy: 0.1285
2026-01-22 07:53:06 [INFO]  Epoch 48 loss: 341.28892707824707; train accuracy: 0.46224058416602615; test accuracy: 0.1273
2026-01-22 07:53:40 [INFO]  Epoch 49 loss: 336.21869945526123; train accuracy: 0.522770945426595; test accuracy: 0.1361
2026-01-22 07:53:40 [INFO]  Round 4 Finish--------|
2026-01-22 07:53:40 [INFO]  Model variance: mean: 0.003744743997231126, sum: 42016.1484375
2026-01-22 07:53:40 [INFO]  g_protos_std (global internal): 0.947074
2026-01-22 07:53:40 [INFO]  inter_client_proto_std (cross-client): 0.053124
2026-01-22 07:53:40 [INFO]  g_protos_std (global internal): 0.947074
2026-01-22 07:53:40 [INFO]  inter_client_proto_std (cross-client): 0.053124
2026-01-22 07:53:40 [INFO]  V7 Training | Using Simple Feature-level Server.
2026-01-22 07:53:46 [INFO]  The test accuracy of OursV7+SimpleFeatureServer: 0.3543
2026-01-22 07:53:46 [INFO]  Save config to ./checkpoints/CIFAR100_alpha0.05/baselines_OursV7+SimpleFeatureServer_CIFAR10_results.yaml
2026-01-22 07:53:46 [INFO]  Round 5 starts--------|
2026-01-22 07:53:46 [INFO]  Client 0 Starts Local Trainning--------|
2026-01-22 07:53:46 [INFO]  Using provided lambda_align_initial: 20.0
2026-01-22 07:54:12 [INFO]  Epoch 50 loss: 246.4887113571167; train accuracy: 0.47221137576467526; test accuracy: 0.0793
2026-01-22 07:54:12 [INFO]  Save the model in ./checkpoints/CIFAR100_alpha0.05/local_models/client_0/epoch_50.pth
2026-01-22 07:54:37 [INFO]  Epoch 51 loss: 251.51817989349365; train accuracy: 0.509957048028114; test accuracy: 0.086
2026-01-22 07:55:01 [INFO]  Epoch 52 loss: 239.88464260101318; train accuracy: 0.43069113627489264; test accuracy: 0.0727
2026-01-22 07:55:26 [INFO]  Epoch 53 loss: 243.7285556793213; train accuracy: 0.38500585708707535; test accuracy: 0.065
2026-01-22 07:55:54 [INFO]  Epoch 54 loss: 235.81963539123535; train accuracy: 0.4292594038786932; test accuracy: 0.0723
2026-01-22 07:56:21 [INFO]  Epoch 55 loss: 232.97083187103271; train accuracy: 0.4981127163868281; test accuracy: 0.0873
2026-01-22 07:56:22 [INFO]  Save the model in ./checkpoints/CIFAR100_alpha0.05/local_models/client_0/epoch_55.pth
2026-01-22 07:56:47 [INFO]  Epoch 56 loss: 231.6255578994751; train accuracy: 0.5487439802160614; test accuracy: 0.0956
2026-01-22 07:57:14 [INFO]  Epoch 57 loss: 229.1139326095581; train accuracy: 0.43238318365221917; test accuracy: 0.0752
2026-01-22 07:57:39 [INFO]  Epoch 58 loss: 226.20736026763916; train accuracy: 0.4762462579721463; test accuracy: 0.082
2026-01-22 07:58:04 [INFO]  Epoch 59 loss: 219.76850032806396; train accuracy: 0.47598594299101915; test accuracy: 0.0833
2026-01-22 07:58:04 [INFO]  Client 1 Starts Local Trainning--------|
2026-01-22 07:58:04 [INFO]  Using provided lambda_align_initial: 20.0
2026-01-22 07:58:43 [INFO]  Epoch 50 loss: 364.68712615966797; train accuracy: 0.5093250815421928; test accuracy: 0.1375
2026-01-22 07:58:43 [INFO]  Save the model in ./checkpoints/CIFAR100_alpha0.05/local_models/client_1/epoch_50.pth
2026-01-22 07:59:21 [INFO]  Epoch 51 loss: 360.860782623291; train accuracy: 0.5037216693150456; test accuracy: 0.1376
2026-01-22 07:59:56 [INFO]  Epoch 52 loss: 355.2403631210327; train accuracy: 0.5074015221209334; test accuracy: 0.134
2026-01-22 08:00:32 [INFO]  Epoch 53 loss: 351.3904571533203; train accuracy: 0.5063142928828301; test accuracy: 0.1407
2026-01-22 08:01:12 [INFO]  Epoch 54 loss: 345.2729482650757; train accuracy: 0.5443673162164423; test accuracy: 0.1478
2026-01-22 08:01:51 [INFO]  Epoch 55 loss: 341.82561111450195; train accuracy: 0.5022162749853643; test accuracy: 0.1361
2026-01-22 08:01:51 [INFO]  Save the model in ./checkpoints/CIFAR100_alpha0.05/local_models/client_1/epoch_55.pth
2026-01-22 08:02:29 [INFO]  Epoch 56 loss: 335.6289939880371; train accuracy: 0.4849042401940286; test accuracy: 0.1327
2026-01-22 08:03:07 [INFO]  Epoch 57 loss: 330.8359079360962; train accuracy: 0.5753951660115414; test accuracy: 0.1549
2026-01-22 08:03:49 [INFO]  Epoch 58 loss: 326.31460666656494; train accuracy: 0.49644559672158567; test accuracy: 0.1379
2026-01-22 08:04:26 [INFO]  Epoch 59 loss: 319.96020698547363; train accuracy: 0.4803880572049845; test accuracy: 0.1317
2026-01-22 08:04:26 [INFO]  Client 2 Starts Local Trainning--------|
2026-01-22 08:04:26 [INFO]  Using provided lambda_align_initial: 20.0
2026-01-22 08:04:48 [INFO]  Epoch 50 loss: 245.28465270996094; train accuracy: 0.4470241149307337; test accuracy: 0.074
2026-01-22 08:04:49 [INFO]  Save the model in ./checkpoints/CIFAR100_alpha0.05/local_models/client_2/epoch_50.pth
2026-01-22 08:05:14 [INFO]  Epoch 51 loss: 241.7152500152588; train accuracy: 0.43945613134941; test accuracy: 0.0695
2026-01-22 08:05:40 [INFO]  Epoch 52 loss: 238.39488220214844; train accuracy: 0.4366341713699333; test accuracy: 0.0762
2026-01-22 08:06:07 [INFO]  Epoch 53 loss: 235.3811159133911; train accuracy: 0.49384299640841456; test accuracy: 0.0858
2026-01-22 08:06:34 [INFO]  Epoch 54 loss: 232.42555046081543; train accuracy: 0.45933812211390457; test accuracy: 0.0755
2026-01-22 08:06:59 [INFO]  Epoch 55 loss: 228.30516529083252; train accuracy: 0.45997947665469474; test accuracy: 0.0773
2026-01-22 08:07:00 [INFO]  Save the model in ./checkpoints/CIFAR100_alpha0.05/local_models/client_2/epoch_55.pth
2026-01-22 08:07:27 [INFO]  Epoch 56 loss: 226.32606983184814; train accuracy: 0.5051308363263212; test accuracy: 0.082
2026-01-22 08:07:54 [INFO]  Epoch 57 loss: 221.85146522521973; train accuracy: 0.4279117496151873; test accuracy: 0.0682
2026-01-22 08:08:21 [INFO]  Epoch 58 loss: 219.070294380188; train accuracy: 0.5071831708568497; test accuracy: 0.0806
2026-01-22 08:08:48 [INFO]  Epoch 59 loss: 216.04355430603027; train accuracy: 0.49717804002052335; test accuracy: 0.0818
2026-01-22 08:08:48 [INFO]  Client 3 Starts Local Trainning--------|
2026-01-22 08:08:48 [INFO]  Using provided lambda_align_initial: 20.0
2026-01-22 08:09:23 [INFO]  Epoch 50 loss: 368.45160388946533; train accuracy: 0.4714544257979599; test accuracy: 0.1135
2026-01-22 08:09:24 [INFO]  Save the model in ./checkpoints/CIFAR100_alpha0.05/local_models/client_3/epoch_50.pth
2026-01-22 08:10:00 [INFO]  Epoch 51 loss: 364.2852096557617; train accuracy: 0.40391576176373806; test accuracy: 0.0979
2026-01-22 08:10:39 [INFO]  Epoch 52 loss: 358.8529682159424; train accuracy: 0.43353076669957225; test accuracy: 0.1045
2026-01-22 08:11:19 [INFO]  Epoch 53 loss: 354.841591835022; train accuracy: 0.4920204014478447; test accuracy: 0.1217
2026-01-22 08:11:58 [INFO]  Epoch 54 loss: 349.45673847198486; train accuracy: 0.4309805857189865; test accuracy: 0.1058
2026-01-22 08:12:36 [INFO]  Epoch 55 loss: 344.7628974914551; train accuracy: 0.4140342217834814; test accuracy: 0.1014
2026-01-22 08:12:37 [INFO]  Save the model in ./checkpoints/CIFAR100_alpha0.05/local_models/client_3/epoch_55.pth
2026-01-22 08:13:15 [INFO]  Epoch 56 loss: 340.2824115753174; train accuracy: 0.4636393550510036; test accuracy: 0.1122
2026-01-22 08:13:54 [INFO]  Epoch 57 loss: 334.3421821594238; train accuracy: 0.4909509707140507; test accuracy: 0.1173
2026-01-22 08:14:29 [INFO]  Epoch 58 loss: 330.7667179107666; train accuracy: 0.5116814741691346; test accuracy: 0.1261
2026-01-22 08:15:06 [INFO]  Epoch 59 loss: 324.7256603240967; train accuracy: 0.37372490950970716; test accuracy: 0.0931
2026-01-22 08:15:06 [INFO]  Client 4 Starts Local Trainning--------|
2026-01-22 08:15:06 [INFO]  Using provided lambda_align_initial: 20.0
2026-01-22 08:15:40 [INFO]  Epoch 50 loss: 330.03361988067627; train accuracy: 0.5342044581091469; test accuracy: 0.1447
2026-01-22 08:15:40 [INFO]  Save the model in ./checkpoints/CIFAR100_alpha0.05/local_models/client_4/epoch_50.pth
2026-01-22 08:16:14 [INFO]  Epoch 51 loss: 327.2350969314575; train accuracy: 0.48952728670253653; test accuracy: 0.1314
2026-01-22 08:16:49 [INFO]  Epoch 52 loss: 322.4829788208008; train accuracy: 0.5028823981552651; test accuracy: 0.131
2026-01-22 08:17:22 [INFO]  Epoch 53 loss: 317.53059482574463; train accuracy: 0.517966948501153; test accuracy: 0.1411
2026-01-22 08:17:56 [INFO]  Epoch 54 loss: 313.3216161727905; train accuracy: 0.5076863950807071; test accuracy: 0.1356
2026-01-22 08:18:30 [INFO]  Epoch 55 loss: 308.7583360671997; train accuracy: 0.4998078401229823; test accuracy: 0.1342
2026-01-22 08:18:30 [INFO]  Save the model in ./checkpoints/CIFAR100_alpha0.05/local_models/client_4/epoch_55.pth
2026-01-22 08:19:00 [INFO]  Epoch 56 loss: 304.26765060424805; train accuracy: 0.5177747886241353; test accuracy: 0.1326
2026-01-22 08:19:33 [INFO]  Epoch 57 loss: 299.55395698547363; train accuracy: 0.5315142198308993; test accuracy: 0.1423
2026-01-22 08:20:07 [INFO]  Epoch 58 loss: 294.31061267852783; train accuracy: 0.5132590315142198; test accuracy: 0.1352
2026-01-22 08:20:40 [INFO]  Epoch 59 loss: 290.3143663406372; train accuracy: 0.4550345887778632; test accuracy: 0.1184
2026-01-22 08:20:40 [INFO]  Round 5 Finish--------|
2026-01-22 08:20:40 [INFO]  Model variance: mean: 0.004131860099732876, sum: 46359.6015625
2026-01-22 08:20:40 [INFO]  g_protos_std (global internal): 0.942783
2026-01-22 08:20:40 [INFO]  inter_client_proto_std (cross-client): 0.057993
2026-01-22 08:20:40 [INFO]  g_protos_std (global internal): 0.942783
2026-01-22 08:20:40 [INFO]  inter_client_proto_std (cross-client): 0.057993
2026-01-22 08:20:40 [INFO]  V7 Training | Using Simple Feature-level Server.
2026-01-22 08:20:45 [INFO]  The test accuracy of OursV7+SimpleFeatureServer: 0.3853
2026-01-22 08:20:45 [INFO]  Save config to ./checkpoints/CIFAR100_alpha0.05/baselines_OursV7+SimpleFeatureServer_CIFAR10_results.yaml
2026-01-22 08:20:45 [INFO]  Round 6 starts--------|
2026-01-22 08:20:45 [INFO]  Client 0 Starts Local Trainning--------|
2026-01-22 08:20:45 [INFO]  Using provided lambda_align_initial: 20.0
2026-01-22 08:21:10 [INFO]  Epoch 60 loss: 217.34049224853516; train accuracy: 0.5742548483665235; test accuracy: 0.0954
2026-01-22 08:21:11 [INFO]  Save the model in ./checkpoints/CIFAR100_alpha0.05/local_models/client_0/epoch_60.pth
2026-01-22 08:21:36 [INFO]  Epoch 61 loss: 213.27500820159912; train accuracy: 0.47221137576467526; test accuracy: 0.0803
2026-01-22 08:22:01 [INFO]  Epoch 62 loss: 209.2155351638794; train accuracy: 0.5178966549524925; test accuracy: 0.0885
2026-01-22 08:22:27 [INFO]  Epoch 63 loss: 209.22506141662598; train accuracy: 0.4906937394247039; test accuracy: 0.0824
2026-01-22 08:22:52 [INFO]  Epoch 64 loss: 205.90634059906006; train accuracy: 0.5117792528960041; test accuracy: 0.0904
2026-01-22 08:23:18 [INFO]  Epoch 65 loss: 204.55346870422363; train accuracy: 0.5039698034621892; test accuracy: 0.0856
2026-01-22 08:23:18 [INFO]  Save the model in ./checkpoints/CIFAR100_alpha0.05/local_models/client_0/epoch_65.pth
2026-01-22 08:23:41 [INFO]  Epoch 66 loss: 198.05655670166016; train accuracy: 0.5141220877261486; test accuracy: 0.0884
2026-01-22 08:24:05 [INFO]  Epoch 67 loss: 197.14094829559326; train accuracy: 0.49954444878302745; test accuracy: 0.0845
2026-01-22 08:24:31 [INFO]  Epoch 68 loss: 192.26012992858887; train accuracy: 0.5154236626317844; test accuracy: 0.0848
2026-01-22 08:24:57 [INFO]  Epoch 69 loss: 187.9683132171631; train accuracy: 0.5181569699336197; test accuracy: 0.0886
2026-01-22 08:24:57 [INFO]  Client 1 Starts Local Trainning--------|
2026-01-22 08:24:57 [INFO]  Using provided lambda_align_initial: 20.0
2026-01-22 08:25:36 [INFO]  Epoch 60 loss: 313.6426582336426; train accuracy: 0.4846533411390817; test accuracy: 0.1351
2026-01-22 08:25:37 [INFO]  Save the model in ./checkpoints/CIFAR100_alpha0.05/local_models/client_1/epoch_60.pth
2026-01-22 08:26:16 [INFO]  Epoch 61 loss: 310.8495798110962; train accuracy: 0.5039725683699925; test accuracy: 0.1363
2026-01-22 08:26:57 [INFO]  Epoch 62 loss: 306.6398811340332; train accuracy: 0.546458141674333; test accuracy: 0.1528
2026-01-22 08:27:36 [INFO]  Epoch 63 loss: 302.6153955459595; train accuracy: 0.5229572635276407; test accuracy: 0.1435
2026-01-22 08:28:12 [INFO]  Epoch 64 loss: 298.00262928009033; train accuracy: 0.4570544450949235; test accuracy: 0.125
2026-01-22 08:28:47 [INFO]  Epoch 65 loss: 293.4389600753784; train accuracy: 0.5039725683699925; test accuracy: 0.1352
2026-01-22 08:28:47 [INFO]  Save the model in ./checkpoints/CIFAR100_alpha0.05/local_models/client_1/epoch_65.pth
2026-01-22 08:29:25 [INFO]  Epoch 66 loss: 289.1075086593628; train accuracy: 0.5453709124362298; test accuracy: 0.1464
2026-01-22 08:30:04 [INFO]  Epoch 67 loss: 283.460000038147; train accuracy: 0.54670904072928; test accuracy: 0.1494
2026-01-22 08:30:42 [INFO]  Epoch 68 loss: 278.84102058410645; train accuracy: 0.5896964121435143; test accuracy: 0.1606
2026-01-22 08:31:21 [INFO]  Epoch 69 loss: 275.8036298751831; train accuracy: 0.5388475370076106; test accuracy: 0.1485
2026-01-22 08:31:21 [INFO]  Client 2 Starts Local Trainning--------|
2026-01-22 08:31:21 [INFO]  Using provided lambda_align_initial: 20.0
2026-01-22 08:31:48 [INFO]  Epoch 60 loss: 211.23236179351807; train accuracy: 0.5547716777834787; test accuracy: 0.0923
2026-01-22 08:31:49 [INFO]  Save the model in ./checkpoints/CIFAR100_alpha0.05/local_models/client_2/epoch_60.pth
2026-01-22 08:32:16 [INFO]  Epoch 61 loss: 208.5376033782959; train accuracy: 0.5015392508978963; test accuracy: 0.0836
2026-01-22 08:32:40 [INFO]  Epoch 62 loss: 207.0943784713745; train accuracy: 0.5196254489481785; test accuracy: 0.0851
2026-01-22 08:33:03 [INFO]  Epoch 63 loss: 203.18203926086426; train accuracy: 0.5554130323242689; test accuracy: 0.0947
2026-01-22 08:33:27 [INFO]  Epoch 64 loss: 200.3935546875; train accuracy: 0.47178040020523343; test accuracy: 0.0771
2026-01-22 08:33:54 [INFO]  Epoch 65 loss: 196.73370552062988; train accuracy: 0.5269368907131863; test accuracy: 0.0861
2026-01-22 08:33:55 [INFO]  Save the model in ./checkpoints/CIFAR100_alpha0.05/local_models/client_2/epoch_65.pth
2026-01-22 08:34:21 [INFO]  Epoch 66 loss: 194.87437438964844; train accuracy: 0.569138019497178; test accuracy: 0.0945
2026-01-22 08:34:47 [INFO]  Epoch 67 loss: 191.30742073059082; train accuracy: 0.56900974858902; test accuracy: 0.0945
2026-01-22 08:35:14 [INFO]  Epoch 68 loss: 189.17685413360596; train accuracy: 0.5123140071831709; test accuracy: 0.0878
2026-01-22 08:35:41 [INFO]  Epoch 69 loss: 185.9463882446289; train accuracy: 0.48858388917393536; test accuracy: 0.0787
2026-01-22 08:35:41 [INFO]  Client 3 Starts Local Trainning--------|
2026-01-22 08:35:41 [INFO]  Using provided lambda_align_initial: 20.0
2026-01-22 08:36:22 [INFO]  Epoch 60 loss: 318.9067506790161; train accuracy: 0.48297137216189534; test accuracy: 0.1187
2026-01-22 08:36:22 [INFO]  Save the model in ./checkpoints/CIFAR100_alpha0.05/local_models/client_3/epoch_60.pth
2026-01-22 08:37:00 [INFO]  Epoch 61 loss: 315.2105894088745; train accuracy: 0.43838433695294504; test accuracy: 0.1068
2026-01-22 08:37:36 [INFO]  Epoch 62 loss: 310.47398567199707; train accuracy: 0.4590325765054294; test accuracy: 0.1075
2026-01-22 08:38:12 [INFO]  Epoch 63 loss: 307.40018939971924; train accuracy: 0.41938137545245147; test accuracy: 0.1051
2026-01-22 08:38:52 [INFO]  Epoch 64 loss: 301.9256229400635; train accuracy: 0.5732971372161896; test accuracy: 0.1422
2026-01-22 08:39:33 [INFO]  Epoch 65 loss: 298.47925186157227; train accuracy: 0.46915103652517276; test accuracy: 0.1166
2026-01-22 08:39:33 [INFO]  Save the model in ./checkpoints/CIFAR100_alpha0.05/local_models/client_3/epoch_65.pth
2026-01-22 08:40:14 [INFO]  Epoch 66 loss: 293.7012996673584; train accuracy: 0.46487331358999673; test accuracy: 0.1137
2026-01-22 08:40:53 [INFO]  Epoch 67 loss: 289.0596103668213; train accuracy: 0.3627015465613689; test accuracy: 0.0868
2026-01-22 08:41:34 [INFO]  Epoch 68 loss: 283.6674995422363; train accuracy: 0.5118460019743336; test accuracy: 0.1251
2026-01-22 08:42:10 [INFO]  Epoch 69 loss: 279.91993045806885; train accuracy: 0.5027969726883843; test accuracy: 0.1245
2026-01-22 08:42:10 [INFO]  Client 4 Starts Local Trainning--------|
2026-01-22 08:42:10 [INFO]  Using provided lambda_align_initial: 20.0
2026-01-22 08:42:40 [INFO]  Epoch 60 loss: 286.4390983581543; train accuracy: 0.5568793235972329; test accuracy: 0.1433
2026-01-22 08:42:40 [INFO]  Save the model in ./checkpoints/CIFAR100_alpha0.05/local_models/client_4/epoch_60.pth
2026-01-22 08:43:14 [INFO]  Epoch 61 loss: 281.9894504547119; train accuracy: 0.52815142198309; test accuracy: 0.1436
2026-01-22 08:43:47 [INFO]  Epoch 62 loss: 278.4107551574707; train accuracy: 0.48789392774788626; test accuracy: 0.1317
2026-01-22 08:44:20 [INFO]  Epoch 63 loss: 275.0587549209595; train accuracy: 0.5364142966948501; test accuracy: 0.1413
2026-01-22 08:44:55 [INFO]  Epoch 64 loss: 270.9339179992676; train accuracy: 0.4809761721752498; test accuracy: 0.1304
2026-01-22 08:45:29 [INFO]  Epoch 65 loss: 266.48894214630127; train accuracy: 0.5198885472713297; test accuracy: 0.1356
2026-01-22 08:45:30 [INFO]  Save the model in ./checkpoints/CIFAR100_alpha0.05/local_models/client_4/epoch_65.pth
2026-01-22 08:46:02 [INFO]  Epoch 66 loss: 261.667706489563; train accuracy: 0.5035549577248271; test accuracy: 0.1317
2026-01-22 08:46:35 [INFO]  Epoch 67 loss: 257.32862758636475; train accuracy: 0.5503458877786318; test accuracy: 0.1468
2026-01-22 08:47:07 [INFO]  Epoch 68 loss: 253.68526363372803; train accuracy: 0.509511913912375; test accuracy: 0.1312
2026-01-22 08:47:37 [INFO]  Epoch 69 loss: 249.59074783325195; train accuracy: 0.5085511145272867; test accuracy: 0.1388
2026-01-22 08:47:37 [INFO]  Round 6 Finish--------|
2026-01-22 08:47:37 [INFO]  Model variance: mean: 0.004486380610615015, sum: 50337.3359375
2026-01-22 08:47:37 [INFO]  g_protos_std (global internal): 0.939570
2026-01-22 08:47:37 [INFO]  inter_client_proto_std (cross-client): 0.061658
2026-01-22 08:47:37 [INFO]  g_protos_std (global internal): 0.939570
2026-01-22 08:47:37 [INFO]  inter_client_proto_std (cross-client): 0.061658
2026-01-22 08:47:37 [INFO]  V7 Training | Using Simple Feature-level Server.
2026-01-22 08:47:43 [INFO]  The test accuracy of OursV7+SimpleFeatureServer: 0.3968
2026-01-22 08:47:43 [INFO]  Save config to ./checkpoints/CIFAR100_alpha0.05/baselines_OursV7+SimpleFeatureServer_CIFAR10_results.yaml
2026-01-22 08:47:43 [INFO]  Round 7 starts--------|
2026-01-22 08:47:43 [INFO]  Client 0 Starts Local Trainning--------|
2026-01-22 08:47:43 [INFO]  Using provided lambda_align_initial: 20.0
2026-01-22 08:48:09 [INFO]  Epoch 70 loss: 187.1915225982666; train accuracy: 0.5326044513861773; test accuracy: 0.0908
2026-01-22 08:48:10 [INFO]  Save the model in ./checkpoints/CIFAR100_alpha0.05/local_models/client_0/epoch_70.pth
2026-01-22 08:48:36 [INFO]  Epoch 71 loss: 181.17002534866333; train accuracy: 0.4748145255759469; test accuracy: 0.0853
2026-01-22 08:49:02 [INFO]  Epoch 72 loss: 181.15838146209717; train accuracy: 0.4944683066510478; test accuracy: 0.0829
2026-01-22 08:49:29 [INFO]  Epoch 73 loss: 176.90504360198975; train accuracy: 0.5393726408954835; test accuracy: 0.0925
2026-01-22 08:49:54 [INFO]  Epoch 74 loss: 175.16477870941162; train accuracy: 0.5254457894051803; test accuracy: 0.0868
2026-01-22 08:50:20 [INFO]  Epoch 75 loss: 174.90964221954346; train accuracy: 0.5592867369517116; test accuracy: 0.0923
2026-01-22 08:50:20 [INFO]  Save the model in ./checkpoints/CIFAR100_alpha0.05/local_models/client_0/epoch_75.pth
2026-01-22 08:50:46 [INFO]  Epoch 76 loss: 171.3720998764038; train accuracy: 0.494077834179357; test accuracy: 0.0827
2026-01-22 08:51:12 [INFO]  Epoch 77 loss: 170.11396884918213; train accuracy: 0.563842249121437; test accuracy: 0.0922
2026-01-22 08:51:37 [INFO]  Epoch 78 loss: 164.46302604675293; train accuracy: 0.5411948457633737; test accuracy: 0.0924
2026-01-22 08:52:00 [INFO]  Epoch 79 loss: 163.37395000457764; train accuracy: 0.5311727189899779; test accuracy: 0.0884
2026-01-22 08:52:00 [INFO]  Client 1 Starts Local Trainning--------|
2026-01-22 08:52:00 [INFO]  Using provided lambda_align_initial: 20.0
2026-01-22 08:52:35 [INFO]  Epoch 70 loss: 268.60413932800293; train accuracy: 0.5905327423266705; test accuracy: 0.165
2026-01-22 08:52:36 [INFO]  Save the model in ./checkpoints/CIFAR100_alpha0.05/local_models/client_1/epoch_70.pth
2026-01-22 08:53:15 [INFO]  Epoch 71 loss: 266.9643507003784; train accuracy: 0.6009032365978089; test accuracy: 0.1625
2026-01-22 08:53:52 [INFO]  Epoch 72 loss: 261.5801706314087; train accuracy: 0.5774023584511165; test accuracy: 0.1609
2026-01-22 08:54:31 [INFO]  Epoch 73 loss: 256.8110456466675; train accuracy: 0.5955507234256084; test accuracy: 0.162
2026-01-22 08:55:10 [INFO]  Epoch 74 loss: 253.25155067443848; train accuracy: 0.5578322321652588; test accuracy: 0.1457
2026-01-22 08:55:47 [INFO]  Epoch 75 loss: 249.70301055908203; train accuracy: 0.5728861754620724; test accuracy: 0.156
2026-01-22 08:55:47 [INFO]  Save the model in ./checkpoints/CIFAR100_alpha0.05/local_models/client_1/epoch_75.pth
2026-01-22 08:56:25 [INFO]  Epoch 76 loss: 244.2552194595337; train accuracy: 0.5642719745755624; test accuracy: 0.1557
2026-01-22 08:56:59 [INFO]  Epoch 77 loss: 241.22325038909912; train accuracy: 0.5952998243706615; test accuracy: 0.1578
2026-01-22 08:57:37 [INFO]  Epoch 78 loss: 235.75290870666504; train accuracy: 0.5861838253742577; test accuracy: 0.1624
2026-01-22 08:58:16 [INFO]  Epoch 79 loss: 233.02066230773926; train accuracy: 0.5531487831395835; test accuracy: 0.1505
2026-01-22 08:58:16 [INFO]  Client 2 Starts Local Trainning--------|
2026-01-22 08:58:16 [INFO]  Using provided lambda_align_initial: 20.0
2026-01-22 08:58:42 [INFO]  Epoch 70 loss: 181.63635444641113; train accuracy: 0.56054386865059; test accuracy: 0.0942
2026-01-22 08:58:42 [INFO]  Save the model in ./checkpoints/CIFAR100_alpha0.05/local_models/client_2/epoch_70.pth
2026-01-22 08:59:08 [INFO]  Epoch 71 loss: 180.48038005828857; train accuracy: 0.4978193945613135; test accuracy: 0.0861
2026-01-22 08:59:33 [INFO]  Epoch 72 loss: 176.42745876312256; train accuracy: 0.45972293483837867; test accuracy: 0.0756
2026-01-22 08:59:58 [INFO]  Epoch 73 loss: 173.08942890167236; train accuracy: 0.5155207798871216; test accuracy: 0.0855
2026-01-22 09:00:25 [INFO]  Epoch 74 loss: 171.13599586486816; train accuracy: 0.5448948178553105; test accuracy: 0.0948
2026-01-22 09:00:49 [INFO]  Epoch 75 loss: 167.709641456604; train accuracy: 0.46459722934838377; test accuracy: 0.0775
2026-01-22 09:00:50 [INFO]  Save the model in ./checkpoints/CIFAR100_alpha0.05/local_models/client_2/epoch_75.pth
2026-01-22 09:01:12 [INFO]  Epoch 76 loss: 165.6107063293457; train accuracy: 0.5910723447922012; test accuracy: 0.0996
2026-01-22 09:01:34 [INFO]  Epoch 77 loss: 162.98603630065918; train accuracy: 0.5423293996921498; test accuracy: 0.0922
2026-01-22 09:01:59 [INFO]  Epoch 78 loss: 160.05546283721924; train accuracy: 0.5717034376603386; test accuracy: 0.097
2026-01-22 09:02:26 [INFO]  Epoch 79 loss: 157.98649406433105; train accuracy: 0.6068496664956388; test accuracy: 0.1013
2026-01-22 09:02:26 [INFO]  Client 3 Starts Local Trainning--------|
2026-01-22 09:02:26 [INFO]  Using provided lambda_align_initial: 20.0
2026-01-22 09:03:06 [INFO]  Epoch 70 loss: 273.4311771392822; train accuracy: 0.5686903586706153; test accuracy: 0.1353
2026-01-22 09:03:06 [INFO]  Save the model in ./checkpoints/CIFAR100_alpha0.05/local_models/client_3/epoch_70.pth
2026-01-22 09:03:46 [INFO]  Epoch 71 loss: 273.3341054916382; train accuracy: 0.462323132609411; test accuracy: 0.1133
2026-01-22 09:04:24 [INFO]  Epoch 72 loss: 267.20609760284424; train accuracy: 0.4917736097400461; test accuracy: 0.1229
2026-01-22 09:05:03 [INFO]  Epoch 73 loss: 262.94946002960205; train accuracy: 0.5572556762092794; test accuracy: 0.1366
2026-01-22 09:05:41 [INFO]  Epoch 74 loss: 258.25822830200195; train accuracy: 0.4744159262915433; test accuracy: 0.1164
2026-01-22 09:06:16 [INFO]  Epoch 75 loss: 253.7930679321289; train accuracy: 0.5316716025008227; test accuracy: 0.1303
2026-01-22 09:06:16 [INFO]  Save the model in ./checkpoints/CIFAR100_alpha0.05/local_models/client_3/epoch_75.pth
2026-01-22 09:06:55 [INFO]  Epoch 76 loss: 248.86855697631836; train accuracy: 0.4407699901283317; test accuracy: 0.1057
2026-01-22 09:07:34 [INFO]  Epoch 77 loss: 246.1299343109131; train accuracy: 0.4634748272458045; test accuracy: 0.1099
2026-01-22 09:08:13 [INFO]  Epoch 78 loss: 241.57532405853271; train accuracy: 0.46182954919381375; test accuracy: 0.1135
2026-01-22 09:08:52 [INFO]  Epoch 79 loss: 236.71876335144043; train accuracy: 0.5286278381046396; test accuracy: 0.1319
2026-01-22 09:08:52 [INFO]  Client 4 Starts Local Trainning--------|
2026-01-22 09:08:52 [INFO]  Using provided lambda_align_initial: 20.0
2026-01-22 09:09:26 [INFO]  Epoch 70 loss: 244.40931129455566; train accuracy: 0.5824365872405841; test accuracy: 0.1546
2026-01-22 09:09:27 [INFO]  Save the model in ./checkpoints/CIFAR100_alpha0.05/local_models/client_4/epoch_70.pth
2026-01-22 09:10:00 [INFO]  Epoch 71 loss: 241.80513095855713; train accuracy: 0.5857033051498847; test accuracy: 0.1531
2026-01-22 09:10:29 [INFO]  Epoch 72 loss: 237.66671562194824; train accuracy: 0.5313220599538816; test accuracy: 0.1455
2026-01-22 09:10:58 [INFO]  Epoch 73 loss: 233.49297046661377; train accuracy: 0.5325710991544965; test accuracy: 0.1453
2026-01-22 09:11:33 [INFO]  Epoch 74 loss: 230.0550127029419; train accuracy: 0.5429477325134512; test accuracy: 0.1474
2026-01-22 09:12:07 [INFO]  Epoch 75 loss: 226.70437240600586; train accuracy: 0.49673328209069945; test accuracy: 0.1319
2026-01-22 09:12:08 [INFO]  Save the model in ./checkpoints/CIFAR100_alpha0.05/local_models/client_4/epoch_75.pth
2026-01-22 09:12:42 [INFO]  Epoch 76 loss: 221.9831953048706; train accuracy: 0.5701383551114527; test accuracy: 0.1472
2026-01-22 09:13:15 [INFO]  Epoch 77 loss: 219.3658390045166; train accuracy: 0.5338201383551114; test accuracy: 0.1412
2026-01-22 09:13:48 [INFO]  Epoch 78 loss: 214.33604049682617; train accuracy: 0.48952728670253653; test accuracy: 0.1318
2026-01-22 09:14:20 [INFO]  Epoch 79 loss: 211.3242998123169; train accuracy: 0.5236356648731745; test accuracy: 0.1407
2026-01-22 09:14:20 [INFO]  Round 7 Finish--------|
2026-01-22 09:14:20 [INFO]  Model variance: mean: 0.0048147509805858135, sum: 54021.66015625
2026-01-22 09:14:20 [INFO]  g_protos_std (global internal): 0.937338
2026-01-22 09:14:20 [INFO]  inter_client_proto_std (cross-client): 0.064231
2026-01-22 09:14:20 [INFO]  g_protos_std (global internal): 0.937338
2026-01-22 09:14:20 [INFO]  inter_client_proto_std (cross-client): 0.064231
2026-01-22 09:14:20 [INFO]  V7 Training | Using Simple Feature-level Server.
2026-01-22 09:14:26 [INFO]  The test accuracy of OursV7+SimpleFeatureServer: 0.4219
2026-01-22 09:14:26 [INFO]  Save config to ./checkpoints/CIFAR100_alpha0.05/baselines_OursV7+SimpleFeatureServer_CIFAR10_results.yaml
2026-01-22 09:14:26 [INFO]  Round 8 starts--------|
2026-01-22 09:14:26 [INFO]  Client 0 Starts Local Trainning--------|
2026-01-22 09:14:26 [INFO]  Using provided lambda_align_initial: 20.0
2026-01-22 09:14:50 [INFO]  Epoch 80 loss: 157.32977390289307; train accuracy: 0.5713913835741247; test accuracy: 0.0909
2026-01-22 09:14:51 [INFO]  Save the model in ./checkpoints/CIFAR100_alpha0.05/local_models/client_0/epoch_80.pth
2026-01-22 09:15:13 [INFO]  Epoch 81 loss: 151.8388786315918; train accuracy: 0.5319536639333594; test accuracy: 0.0906
2026-01-22 09:15:36 [INFO]  Epoch 82 loss: 159.3609266281128; train accuracy: 0.48002082519849015; test accuracy: 0.0807
2026-01-22 09:16:00 [INFO]  Epoch 83 loss: 153.35315895080566; train accuracy: 0.5470519328387349; test accuracy: 0.0943
2026-01-22 09:16:25 [INFO]  Epoch 84 loss: 149.51199626922607; train accuracy: 0.5491344526877522; test accuracy: 0.0949
2026-01-22 09:16:50 [INFO]  Epoch 85 loss: 143.94864797592163; train accuracy: 0.5594168944422752; test accuracy: 0.0941
2026-01-22 09:16:50 [INFO]  Save the model in ./checkpoints/CIFAR100_alpha0.05/local_models/client_0/epoch_85.pth
2026-01-22 09:17:16 [INFO]  Epoch 86 loss: 141.88919925689697; train accuracy: 0.4970714564623194; test accuracy: 0.0823
2026-01-22 09:17:40 [INFO]  Epoch 87 loss: 138.32175302505493; train accuracy: 0.5257061043863074; test accuracy: 0.0918
2026-01-22 09:18:07 [INFO]  Epoch 88 loss: 139.25455951690674; train accuracy: 0.6056228035923468; test accuracy: 0.1008
2026-01-22 09:18:31 [INFO]  Epoch 89 loss: 134.38369464874268; train accuracy: 0.5613692568007289; test accuracy: 0.0929
2026-01-22 09:18:31 [INFO]  Client 1 Starts Local Trainning--------|
2026-01-22 09:18:31 [INFO]  Using provided lambda_align_initial: 20.0
2026-01-22 09:19:07 [INFO]  Epoch 80 loss: 227.34602546691895; train accuracy: 0.6299238939533328; test accuracy: 0.1776
2026-01-22 09:19:07 [INFO]  Save the model in ./checkpoints/CIFAR100_alpha0.05/local_models/client_1/epoch_80.pth
2026-01-22 09:19:40 [INFO]  Epoch 81 loss: 224.78672409057617; train accuracy: 0.5428619218867609; test accuracy: 0.1432
2026-01-22 09:20:13 [INFO]  Epoch 82 loss: 220.09563636779785; train accuracy: 0.6208915279752446; test accuracy: 0.1698
2026-01-22 09:20:52 [INFO]  Epoch 83 loss: 217.2141876220703; train accuracy: 0.6693986785983106; test accuracy: 0.1908
2026-01-22 09:21:29 [INFO]  Epoch 84 loss: 212.18154621124268; train accuracy: 0.5828385046416326; test accuracy: 0.1611
2026-01-22 09:22:07 [INFO]  Epoch 85 loss: 208.26548862457275; train accuracy: 0.610604666722422; test accuracy: 0.1695
2026-01-22 09:22:08 [INFO]  Save the model in ./checkpoints/CIFAR100_alpha0.05/local_models/client_1/epoch_85.pth
2026-01-22 09:22:44 [INFO]  Epoch 86 loss: 204.4940481185913; train accuracy: 0.6017395667809651; test accuracy: 0.162
2026-01-22 09:23:21 [INFO]  Epoch 87 loss: 199.47561264038086; train accuracy: 0.5942125951325583; test accuracy: 0.1672
2026-01-22 09:23:57 [INFO]  Epoch 88 loss: 195.6306176185608; train accuracy: 0.5971397507736054; test accuracy: 0.1662
2026-01-22 09:24:28 [INFO]  Epoch 89 loss: 191.5058560371399; train accuracy: 0.5983106130300243; test accuracy: 0.1657
2026-01-22 09:24:28 [INFO]  Client 2 Starts Local Trainning--------|
2026-01-22 09:24:28 [INFO]  Using provided lambda_align_initial: 20.0
2026-01-22 09:24:52 [INFO]  Epoch 80 loss: 154.34566688537598; train accuracy: 0.6192919445869677; test accuracy: 0.109
2026-01-22 09:24:52 [INFO]  Save the model in ./checkpoints/CIFAR100_alpha0.05/local_models/client_2/epoch_80.pth
2026-01-22 09:25:17 [INFO]  Epoch 81 loss: 151.84574699401855; train accuracy: 0.5886351975371986; test accuracy: 0.0957
2026-01-22 09:25:42 [INFO]  Epoch 82 loss: 150.79666996002197; train accuracy: 0.5189840944073884; test accuracy: 0.0891
2026-01-22 09:26:07 [INFO]  Epoch 83 loss: 146.16625595092773; train accuracy: 0.5237301180092355; test accuracy: 0.0851
2026-01-22 09:26:31 [INFO]  Epoch 84 loss: 144.52387619018555; train accuracy: 0.5826064648537712; test accuracy: 0.0978
2026-01-22 09:26:54 [INFO]  Epoch 85 loss: 140.75703811645508; train accuracy: 0.6499486916367367; test accuracy: 0.108
2026-01-22 09:26:55 [INFO]  Save the model in ./checkpoints/CIFAR100_alpha0.05/local_models/client_2/epoch_85.pth
2026-01-22 09:27:19 [INFO]  Epoch 86 loss: 139.10193824768066; train accuracy: 0.5781169830682401; test accuracy: 0.0993
2026-01-22 09:27:43 [INFO]  Epoch 87 loss: 136.64966011047363; train accuracy: 0.633786557208825; test accuracy: 0.1153
2026-01-22 09:28:08 [INFO]  Epoch 88 loss: 134.31205940246582; train accuracy: 0.5669574140584915; test accuracy: 0.0964
2026-01-22 09:28:30 [INFO]  Epoch 89 loss: 131.17037105560303; train accuracy: 0.6009492047203694; test accuracy: 0.1049
2026-01-22 09:28:30 [INFO]  Client 3 Starts Local Trainning--------|
2026-01-22 09:28:30 [INFO]  Using provided lambda_align_initial: 20.0
2026-01-22 09:29:02 [INFO]  Epoch 80 loss: 231.7477788925171; train accuracy: 0.5527311615663048; test accuracy: 0.1336
2026-01-22 09:29:03 [INFO]  Save the model in ./checkpoints/CIFAR100_alpha0.05/local_models/client_3/epoch_80.pth
2026-01-22 09:29:34 [INFO]  Epoch 81 loss: 229.76611804962158; train accuracy: 0.47902270483711745; test accuracy: 0.1166
2026-01-22 09:30:06 [INFO]  Epoch 82 loss: 225.46941375732422; train accuracy: 0.5917242513984864; test accuracy: 0.14
2026-01-22 09:30:37 [INFO]  Epoch 83 loss: 220.8723659515381; train accuracy: 0.5111056268509379; test accuracy: 0.1216
2026-01-22 09:31:10 [INFO]  Epoch 84 loss: 218.09438610076904; train accuracy: 0.5138203356367226; test accuracy: 0.1262
2026-01-22 09:31:42 [INFO]  Epoch 85 loss: 212.9523115158081; train accuracy: 0.5174399473511023; test accuracy: 0.1251
2026-01-22 09:31:43 [INFO]  Save the model in ./checkpoints/CIFAR100_alpha0.05/local_models/client_3/epoch_85.pth
2026-01-22 09:32:15 [INFO]  Epoch 86 loss: 209.2903881072998; train accuracy: 0.47293517604475155; test accuracy: 0.1104
2026-01-22 09:32:47 [INFO]  Epoch 87 loss: 206.51434707641602; train accuracy: 0.5916419874958868; test accuracy: 0.1436
2026-01-22 09:33:20 [INFO]  Epoch 88 loss: 202.56528282165527; train accuracy: 0.5538005923000987; test accuracy: 0.1331
2026-01-22 09:33:54 [INFO]  Epoch 89 loss: 197.90645027160645; train accuracy: 0.4903751233958539; test accuracy: 0.1176
2026-01-22 09:33:54 [INFO]  Client 4 Starts Local Trainning--------|
2026-01-22 09:33:54 [INFO]  Using provided lambda_align_initial: 20.0
2026-01-22 09:34:21 [INFO]  Epoch 80 loss: 204.5556812286377; train accuracy: 0.5791698693312837; test accuracy: 0.1491
2026-01-22 09:34:22 [INFO]  Save the model in ./checkpoints/CIFAR100_alpha0.05/local_models/client_4/epoch_80.pth
2026-01-22 09:34:50 [INFO]  Epoch 81 loss: 203.30352306365967; train accuracy: 0.5533243658724059; test accuracy: 0.1516
2026-01-22 09:35:18 [INFO]  Epoch 82 loss: 200.66219425201416; train accuracy: 0.5694657955418908; test accuracy: 0.1501
2026-01-22 09:35:46 [INFO]  Epoch 83 loss: 196.47843742370605; train accuracy: 0.5764796310530361; test accuracy: 0.1556
2026-01-22 09:36:13 [INFO]  Epoch 84 loss: 193.1200566291809; train accuracy: 0.5823405073020753; test accuracy: 0.1529
2026-01-22 09:36:41 [INFO]  Epoch 85 loss: 190.0531129837036; train accuracy: 0.6110684089162183; test accuracy: 0.1603
2026-01-22 09:36:41 [INFO]  Save the model in ./checkpoints/CIFAR100_alpha0.05/local_models/client_4/epoch_85.pth
2026-01-22 09:37:09 [INFO]  Epoch 86 loss: 186.19209480285645; train accuracy: 0.5967524980784013; test accuracy: 0.1575
2026-01-22 09:37:35 [INFO]  Epoch 87 loss: 181.1006898880005; train accuracy: 0.5706187548039969; test accuracy: 0.1504
2026-01-22 09:38:01 [INFO]  Epoch 88 loss: 177.70966482162476; train accuracy: 0.6053036126056879; test accuracy: 0.1549
2026-01-22 09:38:27 [INFO]  Epoch 89 loss: 174.2570300102234; train accuracy: 0.6372982321291314; test accuracy: 0.1693
2026-01-22 09:38:27 [INFO]  Round 8 Finish--------|
2026-01-22 09:38:27 [INFO]  Model variance: mean: 0.0051171923987567425, sum: 57415.0625
2026-01-22 09:38:27 [INFO]  g_protos_std (global internal): 0.936053
2026-01-22 09:38:27 [INFO]  inter_client_proto_std (cross-client): 0.065756
2026-01-22 09:38:27 [INFO]  g_protos_std (global internal): 0.936053
2026-01-22 09:38:27 [INFO]  inter_client_proto_std (cross-client): 0.065756
2026-01-22 09:38:27 [INFO]  V7 Training | Using Simple Feature-level Server.
2026-01-22 09:38:31 [INFO]  The test accuracy of OursV7+SimpleFeatureServer: 0.4496
2026-01-22 09:38:31 [INFO]  Save config to ./checkpoints/CIFAR100_alpha0.05/baselines_OursV7+SimpleFeatureServer_CIFAR10_results.yaml
2026-01-22 09:38:31 [INFO]  Round 9 starts--------|
2026-01-22 09:38:31 [INFO]  Client 0 Starts Local Trainning--------|
2026-01-22 09:38:31 [INFO]  Using provided lambda_align_initial: 20.0
2026-01-22 09:38:50 [INFO]  Epoch 90 loss: 129.07998657226562; train accuracy: 0.6388129636860601; test accuracy: 0.1052
2026-01-22 09:38:51 [INFO]  Save the model in ./checkpoints/CIFAR100_alpha0.05/local_models/client_0/epoch_90.pth
2026-01-22 09:39:10 [INFO]  Epoch 91 loss: 126.39897346496582; train accuracy: 0.6018482363660028; test accuracy: 0.0974
2026-01-22 09:39:30 [INFO]  Epoch 92 loss: 126.95305299758911; train accuracy: 0.5349472862163217; test accuracy: 0.0888
2026-01-22 09:39:51 [INFO]  Epoch 93 loss: 123.78568315505981; train accuracy: 0.46518287127424185; test accuracy: 0.0796
2026-01-22 09:40:10 [INFO]  Epoch 94 loss: 118.13571453094482; train accuracy: 0.5751659508004686; test accuracy: 0.0961
2026-01-22 09:40:30 [INFO]  Epoch 95 loss: 119.72114515304565; train accuracy: 0.5195887023298191; test accuracy: 0.0887
2026-01-22 09:40:30 [INFO]  Save the model in ./checkpoints/CIFAR100_alpha0.05/local_models/client_0/epoch_95.pth
2026-01-22 09:40:52 [INFO]  Epoch 96 loss: 114.03040361404419; train accuracy: 0.5368996485747755; test accuracy: 0.0878
2026-01-22 09:41:12 [INFO]  Epoch 97 loss: 113.14007186889648; train accuracy: 0.5521280749707146; test accuracy: 0.091
2026-01-22 09:41:32 [INFO]  Epoch 98 loss: 109.22786092758179; train accuracy: 0.5223220096316543; test accuracy: 0.0864
2026-01-22 09:41:51 [INFO]  Epoch 99 loss: 105.81367492675781; train accuracy: 0.5670961863855265; test accuracy: 0.0937
2026-01-22 09:41:51 [INFO]  Client 1 Starts Local Trainning--------|
2026-01-22 09:41:51 [INFO]  Using provided lambda_align_initial: 20.0
2026-01-22 09:42:20 [INFO]  Epoch 90 loss: 186.41534996032715; train accuracy: 0.6187170694990383; test accuracy: 0.1671
2026-01-22 09:42:20 [INFO]  Save the model in ./checkpoints/CIFAR100_alpha0.05/local_models/client_1/epoch_90.pth
2026-01-22 09:42:49 [INFO]  Epoch 91 loss: 183.36994075775146; train accuracy: 0.6341055448691143; test accuracy: 0.1771
2026-01-22 09:43:19 [INFO]  Epoch 92 loss: 180.34717845916748; train accuracy: 0.5561595717989463; test accuracy: 0.1517
2026-01-22 09:43:50 [INFO]  Epoch 93 loss: 176.45879554748535; train accuracy: 0.5881073847955173; test accuracy: 0.1611
2026-01-22 09:44:20 [INFO]  Epoch 94 loss: 172.3098587989807; train accuracy: 0.5927908338211926; test accuracy: 0.1644
2026-01-22 09:44:49 [INFO]  Epoch 95 loss: 168.19739866256714; train accuracy: 0.620138830810404; test accuracy: 0.1684
2026-01-22 09:44:50 [INFO]  Save the model in ./checkpoints/CIFAR100_alpha0.05/local_models/client_1/epoch_95.pth
2026-01-22 09:45:19 [INFO]  Epoch 96 loss: 163.9784436225891; train accuracy: 0.5901145772350924; test accuracy: 0.1624
2026-01-22 09:45:49 [INFO]  Epoch 97 loss: 160.9244990348816; train accuracy: 0.655264698502969; test accuracy: 0.1822
2026-01-22 09:46:19 [INFO]  Epoch 98 loss: 157.40727043151855; train accuracy: 0.6360291042903738; test accuracy: 0.1734
2026-01-22 09:46:49 [INFO]  Epoch 99 loss: 153.05876541137695; train accuracy: 0.676089320063561; test accuracy: 0.1849
2026-01-22 09:46:49 [INFO]  Client 2 Starts Local Trainning--------|
2026-01-22 09:46:49 [INFO]  Using provided lambda_align_initial: 20.0
2026-01-22 09:47:11 [INFO]  Epoch 90 loss: 126.94894027709961; train accuracy: 0.6408414571575167; test accuracy: 0.1087
2026-01-22 09:47:11 [INFO]  Save the model in ./checkpoints/CIFAR100_alpha0.05/local_models/client_2/epoch_90.pth
2026-01-22 09:47:31 [INFO]  Epoch 91 loss: 125.76540517807007; train accuracy: 0.6309645972293484; test accuracy: 0.1063
2026-01-22 09:47:50 [INFO]  Epoch 92 loss: 123.44128227233887; train accuracy: 0.5075679835813237; test accuracy: 0.0843
2026-01-22 09:48:10 [INFO]  Epoch 93 loss: 120.23005628585815; train accuracy: 0.6182657773217034; test accuracy: 0.104
2026-01-22 09:48:29 [INFO]  Epoch 94 loss: 119.65246391296387; train accuracy: 0.5229604925602873; test accuracy: 0.0874
2026-01-22 09:48:49 [INFO]  Epoch 95 loss: 114.80617761611938; train accuracy: 0.672396100564392; test accuracy: 0.1166
2026-01-22 09:48:49 [INFO]  Save the model in ./checkpoints/CIFAR100_alpha0.05/local_models/client_2/epoch_95.pth
2026-01-22 09:49:08 [INFO]  Epoch 96 loss: 112.06147813796997; train accuracy: 0.6081323755772191; test accuracy: 0.1007
2026-01-22 09:49:27 [INFO]  Epoch 97 loss: 110.74979829788208; train accuracy: 0.4970497691123653; test accuracy: 0.0836
2026-01-22 09:49:46 [INFO]  Epoch 98 loss: 108.45188760757446; train accuracy: 0.586326321190354; test accuracy: 0.1031
2026-01-22 09:50:06 [INFO]  Epoch 99 loss: 105.55910587310791; train accuracy: 0.5268086198050282; test accuracy: 0.0866
2026-01-22 09:50:06 [INFO]  Client 3 Starts Local Trainning--------|
2026-01-22 09:50:06 [INFO]  Using provided lambda_align_initial: 20.0
2026-01-22 09:50:35 [INFO]  Epoch 90 loss: 192.3602695465088; train accuracy: 0.6508719973675551; test accuracy: 0.1553
2026-01-22 09:50:36 [INFO]  Save the model in ./checkpoints/CIFAR100_alpha0.05/local_models/client_3/epoch_90.pth
2026-01-22 09:51:06 [INFO]  Epoch 91 loss: 189.01498079299927; train accuracy: 0.6124547548535703; test accuracy: 0.145
2026-01-22 09:51:40 [INFO]  Epoch 92 loss: 186.90746355056763; train accuracy: 0.4683283974991774; test accuracy: 0.1122
2026-01-22 09:52:15 [INFO]  Epoch 93 loss: 182.25696897506714; train accuracy: 0.6090819348469891; test accuracy: 0.147
2026-01-22 09:52:48 [INFO]  Epoch 94 loss: 178.40540647506714; train accuracy: 0.5398979927607765; test accuracy: 0.1274
2026-01-22 09:53:22 [INFO]  Epoch 95 loss: 174.6462812423706; train accuracy: 0.4930898321816387; test accuracy: 0.1196
2026-01-22 09:53:23 [INFO]  Save the model in ./checkpoints/CIFAR100_alpha0.05/local_models/client_3/epoch_95.pth
2026-01-22 09:53:59 [INFO]  Epoch 96 loss: 170.88595533370972; train accuracy: 0.5675386640342218; test accuracy: 0.1379
2026-01-22 09:54:34 [INFO]  Epoch 97 loss: 167.22522020339966; train accuracy: 0.5480421191181309; test accuracy: 0.1314
2026-01-22 09:55:04 [INFO]  Epoch 98 loss: 163.03472900390625; train accuracy: 0.5900789733464955; test accuracy: 0.1407
2026-01-22 09:55:35 [INFO]  Epoch 99 loss: 160.2669243812561; train accuracy: 0.5515794669299111; test accuracy: 0.134
2026-01-22 09:55:35 [INFO]  Client 4 Starts Local Trainning--------|
2026-01-22 09:55:35 [INFO]  Using provided lambda_align_initial: 20.0
2026-01-22 09:56:04 [INFO]  Epoch 90 loss: 169.64338779449463; train accuracy: 0.5940622598001537; test accuracy: 0.1565
2026-01-22 09:56:05 [INFO]  Save the model in ./checkpoints/CIFAR100_alpha0.05/local_models/client_4/epoch_90.pth
2026-01-22 09:56:34 [INFO]  Epoch 91 loss: 166.85260343551636; train accuracy: 0.5618754803996926; test accuracy: 0.1537
2026-01-22 09:57:04 [INFO]  Epoch 92 loss: 163.35485458374023; train accuracy: 0.661510376633359; test accuracy: 0.1746
2026-01-22 09:57:33 [INFO]  Epoch 93 loss: 159.44054079055786; train accuracy: 0.5576479631053036; test accuracy: 0.1474
2026-01-22 09:58:03 [INFO]  Epoch 94 loss: 157.02617835998535; train accuracy: 0.5576479631053036; test accuracy: 0.1426
2026-01-22 09:58:29 [INFO]  Epoch 95 loss: 151.93081045150757; train accuracy: 0.6263451191391237; test accuracy: 0.1693
2026-01-22 09:58:30 [INFO]  Save the model in ./checkpoints/CIFAR100_alpha0.05/local_models/client_4/epoch_95.pth
2026-01-22 09:58:58 [INFO]  Epoch 96 loss: 149.19737911224365; train accuracy: 0.5875288239815527; test accuracy: 0.1597
2026-01-22 09:59:23 [INFO]  Epoch 97 loss: 145.74248361587524; train accuracy: 0.6544004611837049; test accuracy: 0.1685
2026-01-22 09:59:49 [INFO]  Epoch 98 loss: 140.73328828811646; train accuracy: 0.6239431206764028; test accuracy: 0.1677
2026-01-22 10:00:17 [INFO]  Epoch 99 loss: 138.0378932952881; train accuracy: 0.5729246733282091; test accuracy: 0.1538
2026-01-22 10:00:17 [INFO]  Round 9 Finish--------|
2026-01-22 10:00:17 [INFO]  Model variance: mean: 0.005400508176535368, sum: 60593.875
2026-01-22 10:00:17 [INFO]  g_protos_std (global internal): 0.935674
2026-01-22 10:00:17 [INFO]  inter_client_proto_std (cross-client): 0.066282
2026-01-22 10:00:17 [INFO]  g_protos_std (global internal): 0.935674
2026-01-22 10:00:17 [INFO]  inter_client_proto_std (cross-client): 0.066282
2026-01-22 10:00:17 [INFO]  V7 Training | Using Simple Feature-level Server.
2026-01-22 10:00:23 [INFO]  The test accuracy of OursV7+SimpleFeatureServer: 0.4673
2026-01-22 10:00:23 [INFO]  Save config to ./checkpoints/CIFAR100_alpha0.05/baselines_OursV7+SimpleFeatureServer_CIFAR10_results.yaml
