2026-01-22 00:02:17 [INFO]  Load config from configs/CIFAR100_alpha0.05_seed42.yaml
2026-01-22 00:02:17 [INFO]  config: {'exp_name': 'CIFAR100_alpha0.05', 'dataset': {'data_name': 'CIFAR100', 'root_path': 'H:/codes/dataset', 'train_batch_size': 512, 'test_batch_size': 256, 'channels': 3, 'num_classes': 100, 'image_size': 32}, 'distribution': {'type': 'dirichlet', 'label_num_per_client': 2, 'alpha': 0.05}, 'client': {'num_clients': 5}, 'server': {'num_rounds': 10, 'frac_clients': 1.0, 'lr': 0.05, 'local_epochs': 10, 'optimizer': 'sgd', 'momentum': 0.9, 'weight_decay': 0.0001, 'loss_name': 'ce', 'model_name': 'resnet18', 'aggregated_by_datasize': True, 'lr_decay_per_round': 0.998}, 'device': 'cuda:0', 'checkpoint': {'save_path': './checkpoints/', 'save_freq': 5, 'result_file': 'CIFAR10_results.yaml'}, 'pretrain': {'lr': 0.01, 'epoch': 70, 'model_path': './pretrain/', 'momentum': 0.9, 'weight_decay': 0.0001, 'model_name': 'resnet18', 'model_file_name': 'resnet18-f37072fd.pth'}, 'DBCD': {'alpha_l_pa': 1, 'alpha_l_pb': 1, 'alpha_l_pc': 0.0, 'Beta_alpha': 0.2, 'unsup_method': 'infonce', 'contrastive_temperature': 0.5, 'encoder_epoch': 40, 'projector_epoch': 10, 'use_pretrain': False, 'aug_batch_size': 512, 'encoder_lr': 0.03, 'cls_optimizer': 'sgd', 'cls_lr': 0.05, 'supcon_temp': 0.07, 'super_gr': 100, 'aux_with_public': True}, 'etf': {'loss_name': 'ce'}, 'visualization': {'interval': 5, 'save_path': 'visualization/resnet18', 'vis_size': 16}, 'resume': True, 'resume_best': False, 'seed': 42, 'lambda_align_initial': 20.0, 'v9_config': {'use_adaptive_lambda': True, 'lambda_min': 0.1, 'lambda_max': 20.0, 'use_server_optimization': False, 'server_lr': 0.001, 'server_epochs': 20, 'gamma_etf_reg': 0.1}, 'v10_config': {'use_uncertainty_weighting': True, 'sigma_lr': 0.005}}
2026-01-22 00:02:19 [INFO]  Dataset CIFAR100 loaded
2026-01-22 00:02:19 [INFO]  Dataset index dict loaded from preprocessed_data/CIFAR100.pt
2026-01-22 00:02:19 [INFO]  Data distribution generated correctly using the corrected dirichlet function.
2026-01-22 00:02:19 [INFO]  Total assigned samples: 50000
2026-01-22 00:02:20 [INFO]  OneshotOurs
2026-01-22 00:02:21 [INFO]  Round 0 starts--------|
2026-01-22 00:02:21 [INFO]  Client 0 Starts Local Trainning--------|
2026-01-22 00:02:29 [INFO]  generating sample per sample
2026-01-22 00:02:48 [INFO]  Epoch 0 loss: 239.8785810470581; train accuracy: 0.0640374853572823; test accuracy: 0.0129
2026-01-22 00:02:49 [INFO]  Save the model in ./checkpoints/CIFAR100_alpha0.05/local_models/client_0/epoch_0.pth
2026-01-22 00:03:07 [INFO]  Epoch 1 loss: 202.10806274414062; train accuracy: 0.09189118833788884; test accuracy: 0.0161
2026-01-22 00:03:26 [INFO]  Epoch 2 loss: 191.3551836013794; train accuracy: 0.12039567877131328; test accuracy: 0.0208
2026-01-22 00:03:45 [INFO]  Epoch 3 loss: 183.3808078765869; train accuracy: 0.1844331641285956; test accuracy: 0.03
2026-01-22 00:04:05 [INFO]  Epoch 4 loss: 180.55128240585327; train accuracy: 0.15788103605362488; test accuracy: 0.0247
2026-01-22 00:04:24 [INFO]  Epoch 5 loss: 180.61033058166504; train accuracy: 0.17480150982689055; test accuracy: 0.0293
2026-01-22 00:04:24 [INFO]  Save the model in ./checkpoints/CIFAR100_alpha0.05/local_models/client_0/epoch_5.pth
2026-01-22 00:04:43 [INFO]  Epoch 6 loss: 174.89451026916504; train accuracy: 0.15905245346869712; test accuracy: 0.0265
2026-01-22 00:05:02 [INFO]  Epoch 7 loss: 172.97251224517822; train accuracy: 0.216061434335546; test accuracy: 0.036
2026-01-22 00:05:21 [INFO]  Epoch 8 loss: 165.94615411758423; train accuracy: 0.2074710399583496; test accuracy: 0.0361
2026-01-22 00:05:41 [INFO]  Epoch 9 loss: 164.66704082489014; train accuracy: 0.17402056488350903; test accuracy: 0.0305
2026-01-22 00:05:41 [INFO]  Client 1 Starts Local Trainning--------|
2026-01-22 00:05:53 [INFO]  generating sample per sample
2026-01-22 00:06:24 [INFO]  Epoch 0 loss: 357.55879306793213; train accuracy: 0.07075353349502383; test accuracy: 0.0158
2026-01-22 00:06:24 [INFO]  Save the model in ./checkpoints/CIFAR100_alpha0.05/local_models/client_1/epoch_0.pth
2026-01-22 00:07:00 [INFO]  Epoch 1 loss: 314.4668426513672; train accuracy: 0.08706197206657189; test accuracy: 0.0217
2026-01-22 00:07:36 [INFO]  Epoch 2 loss: 301.08479595184326; train accuracy: 0.12988207744417496; test accuracy: 0.032
2026-01-22 00:08:12 [INFO]  Epoch 3 loss: 292.6907014846802; train accuracy: 0.09726520030107887; test accuracy: 0.025
2026-01-22 00:08:48 [INFO]  Epoch 4 loss: 286.3398790359497; train accuracy: 0.07259345989796771; test accuracy: 0.0186
2026-01-22 00:09:21 [INFO]  Epoch 5 loss: 280.27114486694336; train accuracy: 0.10504307100443255; test accuracy: 0.0294
2026-01-22 00:09:21 [INFO]  Save the model in ./checkpoints/CIFAR100_alpha0.05/local_models/client_1/epoch_5.pth
2026-01-22 00:09:56 [INFO]  Epoch 6 loss: 276.29776096343994; train accuracy: 0.1920214100526888; test accuracy: 0.0458
2026-01-22 00:10:30 [INFO]  Epoch 7 loss: 269.9444990158081; train accuracy: 0.21200970143012463; test accuracy: 0.0569
2026-01-22 00:11:05 [INFO]  Epoch 8 loss: 266.20169734954834; train accuracy: 0.1898469515764824; test accuracy: 0.0499
2026-01-22 00:11:41 [INFO]  Epoch 9 loss: 262.1022672653198; train accuracy: 0.19427950154721083; test accuracy: 0.0534
2026-01-22 00:11:41 [INFO]  Client 2 Starts Local Trainning--------|
2026-01-22 00:11:49 [INFO]  generating sample per sample
2026-01-22 00:12:13 [INFO]  Epoch 0 loss: 249.59725189208984; train accuracy: 0.05823499230374551; test accuracy: 0.0101
2026-01-22 00:12:13 [INFO]  Save the model in ./checkpoints/CIFAR100_alpha0.05/local_models/client_2/epoch_0.pth
2026-01-22 00:12:37 [INFO]  Epoch 1 loss: 205.38892364501953; train accuracy: 0.1271164699846075; test accuracy: 0.02
2026-01-22 00:13:01 [INFO]  Epoch 2 loss: 194.9107789993286; train accuracy: 0.10094920472036942; test accuracy: 0.0156
2026-01-22 00:13:28 [INFO]  Epoch 3 loss: 190.07934379577637; train accuracy: 0.12378142637249871; test accuracy: 0.0189
2026-01-22 00:13:51 [INFO]  Epoch 4 loss: 186.26087093353271; train accuracy: 0.09325295023088763; test accuracy: 0.0165
2026-01-22 00:14:14 [INFO]  Epoch 5 loss: 184.09020519256592; train accuracy: 0.1482811698306824; test accuracy: 0.0214
2026-01-22 00:14:14 [INFO]  Save the model in ./checkpoints/CIFAR100_alpha0.05/local_models/client_2/epoch_5.pth
2026-01-22 00:14:38 [INFO]  Epoch 6 loss: 180.86689853668213; train accuracy: 0.1296818881477681; test accuracy: 0.0205
2026-01-22 00:15:01 [INFO]  Epoch 7 loss: 178.35980796813965; train accuracy: 0.15097485890200102; test accuracy: 0.0251
2026-01-22 00:15:23 [INFO]  Epoch 8 loss: 176.24403953552246; train accuracy: 0.16995895330938943; test accuracy: 0.0252
2026-01-22 00:15:48 [INFO]  Epoch 9 loss: 173.611328125; train accuracy: 0.21139045664443304; test accuracy: 0.0318
2026-01-22 00:15:48 [INFO]  Client 3 Starts Local Trainning--------|
2026-01-22 00:16:01 [INFO]  generating sample per sample
2026-01-22 00:16:38 [INFO]  Epoch 0 loss: 379.0769052505493; train accuracy: 0.07156959526159921; test accuracy: 0.0184
2026-01-22 00:16:39 [INFO]  Save the model in ./checkpoints/CIFAR100_alpha0.05/local_models/client_3/epoch_0.pth
2026-01-22 00:17:14 [INFO]  Epoch 1 loss: 322.0852584838867; train accuracy: 0.10636722606120434; test accuracy: 0.0262
2026-01-22 00:17:49 [INFO]  Epoch 2 loss: 309.4832954406738; train accuracy: 0.10554458703520896; test accuracy: 0.0239
2026-01-22 00:18:26 [INFO]  Epoch 3 loss: 301.15769481658936; train accuracy: 0.117143797301744; test accuracy: 0.0289
2026-01-22 00:19:02 [INFO]  Epoch 4 loss: 295.869215965271; train accuracy: 0.12331358999670944; test accuracy: 0.028
2026-01-22 00:19:41 [INFO]  Epoch 5 loss: 290.68164348602295; train accuracy: 0.14527805199078644; test accuracy: 0.0351
2026-01-22 00:19:41 [INFO]  Save the model in ./checkpoints/CIFAR100_alpha0.05/local_models/client_3/epoch_5.pth
2026-01-22 00:20:17 [INFO]  Epoch 6 loss: 286.5227680206299; train accuracy: 0.12898979927607765; test accuracy: 0.0321
2026-01-22 00:20:51 [INFO]  Epoch 7 loss: 281.42265033721924; train accuracy: 0.1275913129318855; test accuracy: 0.0314
2026-01-22 00:21:25 [INFO]  Epoch 8 loss: 277.3049840927124; train accuracy: 0.13351431391905233; test accuracy: 0.0329
2026-01-22 00:22:01 [INFO]  Epoch 9 loss: 272.98016929626465; train accuracy: 0.14174070417900625; test accuracy: 0.035
2026-01-22 00:22:01 [INFO]  Client 4 Starts Local Trainning--------|
2026-01-22 00:22:12 [INFO]  generating sample per sample
2026-01-22 00:22:42 [INFO]  Epoch 0 loss: 322.83598041534424; train accuracy: 0.08685626441199078; test accuracy: 0.0175
2026-01-22 00:22:43 [INFO]  Save the model in ./checkpoints/CIFAR100_alpha0.05/local_models/client_4/epoch_0.pth
2026-01-22 00:23:12 [INFO]  Epoch 1 loss: 280.6353483200073; train accuracy: 0.07734435049961567; test accuracy: 0.0161
2026-01-22 00:23:41 [INFO]  Epoch 2 loss: 271.6133499145508; train accuracy: 0.09425441967717141; test accuracy: 0.0214
2026-01-22 00:24:10 [INFO]  Epoch 3 loss: 264.2378225326538; train accuracy: 0.06715987701767871; test accuracy: 0.0167
2026-01-22 00:24:39 [INFO]  Epoch 4 loss: 260.30403995513916; train accuracy: 0.11904304381245195; test accuracy: 0.0265
2026-01-22 00:25:07 [INFO]  Epoch 5 loss: 255.79002857208252; train accuracy: 0.10684089162182936; test accuracy: 0.0267
2026-01-22 00:25:08 [INFO]  Save the model in ./checkpoints/CIFAR100_alpha0.05/local_models/client_4/epoch_5.pth
2026-01-22 00:25:39 [INFO]  Epoch 6 loss: 251.93424129486084; train accuracy: 0.12048424289008455; test accuracy: 0.0326
2026-01-22 00:26:08 [INFO]  Epoch 7 loss: 248.95152854919434; train accuracy: 0.18034204458109146; test accuracy: 0.0433
2026-01-22 00:26:36 [INFO]  Epoch 8 loss: 245.46322917938232; train accuracy: 0.12221368178324366; test accuracy: 0.0305
2026-01-22 00:27:04 [INFO]  Epoch 9 loss: 242.34846305847168; train accuracy: 0.1440238278247502; test accuracy: 0.0373
2026-01-22 00:27:04 [INFO]  Round 0 Finish--------|
2026-01-22 00:27:04 [INFO]  Model variance: mean: 0.001611317740753293, sum: 18079.037109375
2026-01-22 00:27:04 [INFO]  g_protos_std (global internal): 0.993236
2026-01-22 00:27:04 [INFO]  inter_client_proto_std (cross-client): 0.005988
2026-01-22 00:27:04 [INFO]  g_protos_std (global internal): 0.993236
2026-01-22 00:27:04 [INFO]  inter_client_proto_std (cross-client): 0.005988
2026-01-22 00:27:04 [INFO]  V4 Training | Using Simple Feature-level Server.
2026-01-22 00:27:09 [INFO]  The test accuracy of OursV4+SimpleFeatureServer: 0.1623
2026-01-22 00:27:09 [INFO]  Save config to ./checkpoints/CIFAR100_alpha0.05/baselines_OursV4+SimpleFeatureServer_CIFAR10_results.yaml
2026-01-22 00:27:09 [INFO]  Round 1 starts--------|
2026-01-22 00:27:09 [INFO]  Client 0 Starts Local Trainning--------|
2026-01-22 00:27:32 [INFO]  Epoch 10 loss: 163.82328033447266; train accuracy: 0.2789275022777561; test accuracy: 0.0471
2026-01-22 00:27:32 [INFO]  Save the model in ./checkpoints/CIFAR100_alpha0.05/local_models/client_0/epoch_10.pth
2026-01-22 00:27:55 [INFO]  Epoch 11 loss: 165.12629318237305; train accuracy: 0.2872575816738253; test accuracy: 0.0487
2026-01-22 00:28:18 [INFO]  Epoch 12 loss: 159.20193243026733; train accuracy: 0.2622673434856176; test accuracy: 0.0446
2026-01-22 00:28:40 [INFO]  Epoch 13 loss: 159.89119625091553; train accuracy: 0.20278537029806065; test accuracy: 0.0341
2026-01-22 00:29:03 [INFO]  Epoch 14 loss: 157.46925115585327; train accuracy: 0.224781986203306; test accuracy: 0.039
2026-01-22 00:29:25 [INFO]  Epoch 15 loss: 155.71748065948486; train accuracy: 0.2631784459195627; test accuracy: 0.0445
2026-01-22 00:29:26 [INFO]  Save the model in ./checkpoints/CIFAR100_alpha0.05/local_models/client_0/epoch_15.pth
2026-01-22 00:29:46 [INFO]  Epoch 16 loss: 152.3367953300476; train accuracy: 0.28035923467395546; test accuracy: 0.0472
2026-01-22 00:30:06 [INFO]  Epoch 17 loss: 152.62527227401733; train accuracy: 0.2988415983339841; test accuracy: 0.0519
2026-01-22 00:30:26 [INFO]  Epoch 18 loss: 149.75353240966797; train accuracy: 0.3639203436157751; test accuracy: 0.0618
2026-01-22 00:30:47 [INFO]  Epoch 19 loss: 148.12782859802246; train accuracy: 0.32396199401275544; test accuracy: 0.0557
2026-01-22 00:30:47 [INFO]  Client 1 Starts Local Trainning--------|
2026-01-22 00:31:18 [INFO]  Epoch 10 loss: 257.85802364349365; train accuracy: 0.15948816592790835; test accuracy: 0.041
2026-01-22 00:31:18 [INFO]  Save the model in ./checkpoints/CIFAR100_alpha0.05/local_models/client_1/epoch_10.pth
2026-01-22 00:31:54 [INFO]  Epoch 11 loss: 255.45135307312012; train accuracy: 0.2360123776867107; test accuracy: 0.0644
2026-01-22 00:32:28 [INFO]  Epoch 12 loss: 252.44615173339844; train accuracy: 0.25365894455130883; test accuracy: 0.0694
2026-01-22 00:33:02 [INFO]  Epoch 13 loss: 248.12523078918457; train accuracy: 0.2953081876724931; test accuracy: 0.0777
2026-01-22 00:33:37 [INFO]  Epoch 14 loss: 245.38602256774902; train accuracy: 0.27465083214853225; test accuracy: 0.0705
2026-01-22 00:34:13 [INFO]  Epoch 15 loss: 241.88090705871582; train accuracy: 0.2904574726101865; test accuracy: 0.0798
2026-01-22 00:34:13 [INFO]  Save the model in ./checkpoints/CIFAR100_alpha0.05/local_models/client_1/epoch_15.pth
2026-01-22 00:34:48 [INFO]  Epoch 16 loss: 239.52294540405273; train accuracy: 0.31178389228067244; test accuracy: 0.0849
2026-01-22 00:35:22 [INFO]  Epoch 17 loss: 236.84498405456543; train accuracy: 0.3367901647570461; test accuracy: 0.0927
2026-01-22 00:35:57 [INFO]  Epoch 18 loss: 235.18248844146729; train accuracy: 0.35719662122606005; test accuracy: 0.0968
2026-01-22 00:36:32 [INFO]  Epoch 19 loss: 231.0600004196167; train accuracy: 0.30442418666889687; test accuracy: 0.0847
2026-01-22 00:36:32 [INFO]  Client 2 Starts Local Trainning--------|
2026-01-22 00:36:55 [INFO]  Epoch 10 loss: 170.41609001159668; train accuracy: 0.15482298614674192; test accuracy: 0.0223
2026-01-22 00:36:56 [INFO]  Save the model in ./checkpoints/CIFAR100_alpha0.05/local_models/client_2/epoch_10.pth
2026-01-22 00:37:17 [INFO]  Epoch 11 loss: 168.9960069656372; train accuracy: 0.18394048229861468; test accuracy: 0.0286
2026-01-22 00:37:41 [INFO]  Epoch 12 loss: 167.54954147338867; train accuracy: 0.19112365315546434; test accuracy: 0.03
2026-01-22 00:38:07 [INFO]  Epoch 13 loss: 165.0625343322754; train accuracy: 0.16970241149307336; test accuracy: 0.0258
2026-01-22 00:38:30 [INFO]  Epoch 14 loss: 162.5927448272705; train accuracy: 0.20651616213442792; test accuracy: 0.0297
2026-01-22 00:38:53 [INFO]  Epoch 15 loss: 161.2217845916748; train accuracy: 0.21087737301180093; test accuracy: 0.0331
2026-01-22 00:38:54 [INFO]  Save the model in ./checkpoints/CIFAR100_alpha0.05/local_models/client_2/epoch_15.pth
2026-01-22 00:39:19 [INFO]  Epoch 16 loss: 159.45072174072266; train accuracy: 0.24794766546947153; test accuracy: 0.0387
2026-01-22 00:39:43 [INFO]  Epoch 17 loss: 157.82733964920044; train accuracy: 0.2771934325295023; test accuracy: 0.0433
2026-01-22 00:40:07 [INFO]  Epoch 18 loss: 157.0769329071045; train accuracy: 0.22511544381734222; test accuracy: 0.0364
2026-01-22 00:40:30 [INFO]  Epoch 19 loss: 155.333758354187; train accuracy: 0.26577732170343765; test accuracy: 0.0416
2026-01-22 00:40:30 [INFO]  Client 3 Starts Local Trainning--------|
2026-01-22 00:41:05 [INFO]  Epoch 10 loss: 267.77719593048096; train accuracy: 0.17119118130964134; test accuracy: 0.0446
2026-01-22 00:41:05 [INFO]  Save the model in ./checkpoints/CIFAR100_alpha0.05/local_models/client_3/epoch_10.pth
2026-01-22 00:41:41 [INFO]  Epoch 11 loss: 266.3153600692749; train accuracy: 0.18550510036196116; test accuracy: 0.049
2026-01-22 00:42:16 [INFO]  Epoch 12 loss: 262.7626619338989; train accuracy: 0.19422507403751235; test accuracy: 0.0497
2026-01-22 00:42:52 [INFO]  Epoch 13 loss: 259.20789337158203; train accuracy: 0.16551497203027313; test accuracy: 0.0436
2026-01-22 00:43:26 [INFO]  Epoch 14 loss: 256.8325433731079; train accuracy: 0.17900625205659756; test accuracy: 0.0448
2026-01-22 00:44:01 [INFO]  Epoch 15 loss: 253.68792819976807; train accuracy: 0.19611714379730175; test accuracy: 0.0507
2026-01-22 00:44:02 [INFO]  Save the model in ./checkpoints/CIFAR100_alpha0.05/local_models/client_3/epoch_15.pth
2026-01-22 00:44:37 [INFO]  Epoch 16 loss: 251.23518085479736; train accuracy: 0.20261599210266534; test accuracy: 0.0517
2026-01-22 00:45:12 [INFO]  Epoch 17 loss: 248.30160522460938; train accuracy: 0.2194800921355709; test accuracy: 0.0566
2026-01-22 00:45:47 [INFO]  Epoch 18 loss: 247.134126663208; train accuracy: 0.23568608094768015; test accuracy: 0.0595
2026-01-22 00:46:22 [INFO]  Epoch 19 loss: 242.84482288360596; train accuracy: 0.253208292201382; test accuracy: 0.0645
2026-01-22 00:46:22 [INFO]  Client 4 Starts Local Trainning--------|
2026-01-22 00:46:53 [INFO]  Epoch 10 loss: 239.06348037719727; train accuracy: 0.202152190622598; test accuracy: 0.0509
2026-01-22 00:46:53 [INFO]  Save the model in ./checkpoints/CIFAR100_alpha0.05/local_models/client_4/epoch_10.pth
2026-01-22 00:47:24 [INFO]  Epoch 11 loss: 236.30521488189697; train accuracy: 0.18524212144504226; test accuracy: 0.0439
2026-01-22 00:47:54 [INFO]  Epoch 12 loss: 234.5406093597412; train accuracy: 0.17054189085318985; test accuracy: 0.0512
2026-01-22 00:48:24 [INFO]  Epoch 13 loss: 231.31494045257568; train accuracy: 0.2224250576479631; test accuracy: 0.0613
2026-01-22 00:48:53 [INFO]  Epoch 14 loss: 228.46478080749512; train accuracy: 0.19513835511145272; test accuracy: 0.0495
2026-01-22 00:49:23 [INFO]  Epoch 15 loss: 226.49024772644043; train accuracy: 0.2576863950807072; test accuracy: 0.0643
2026-01-22 00:49:24 [INFO]  Save the model in ./checkpoints/CIFAR100_alpha0.05/local_models/client_4/epoch_15.pth
2026-01-22 00:49:56 [INFO]  Epoch 16 loss: 223.38145542144775; train accuracy: 0.27892006149116066; test accuracy: 0.0702
2026-01-22 00:50:27 [INFO]  Epoch 17 loss: 221.11390686035156; train accuracy: 0.19686779400461182; test accuracy: 0.0482
2026-01-22 00:50:58 [INFO]  Epoch 18 loss: 218.0352668762207; train accuracy: 0.3146617986164489; test accuracy: 0.0836
2026-01-22 00:51:29 [INFO]  Epoch 19 loss: 215.79602909088135; train accuracy: 0.24404304381245195; test accuracy: 0.0656
2026-01-22 00:51:29 [INFO]  Round 1 Finish--------|
2026-01-22 00:51:29 [INFO]  Model variance: mean: 0.0021952581591904163, sum: 24630.8671875
2026-01-22 00:51:29 [INFO]  g_protos_std (global internal): 0.993427
2026-01-22 00:51:29 [INFO]  inter_client_proto_std (cross-client): 0.007904
2026-01-22 00:51:29 [INFO]  g_protos_std (global internal): 0.993427
2026-01-22 00:51:29 [INFO]  inter_client_proto_std (cross-client): 0.007904
2026-01-22 00:51:29 [INFO]  V4 Training | Using Simple Feature-level Server.
2026-01-22 00:51:34 [INFO]  The test accuracy of OursV4+SimpleFeatureServer: 0.2195
2026-01-22 00:51:34 [INFO]  Save config to ./checkpoints/CIFAR100_alpha0.05/baselines_OursV4+SimpleFeatureServer_CIFAR10_results.yaml
2026-01-22 00:51:34 [INFO]  Round 2 starts--------|
2026-01-22 00:51:34 [INFO]  Client 0 Starts Local Trainning--------|
2026-01-22 00:51:58 [INFO]  Epoch 20 loss: 150.31504440307617; train accuracy: 0.35103475204998047; test accuracy: 0.0586
2026-01-22 00:51:59 [INFO]  Save the model in ./checkpoints/CIFAR100_alpha0.05/local_models/client_0/epoch_20.pth
2026-01-22 00:52:21 [INFO]  Epoch 21 loss: 147.59461116790771; train accuracy: 0.3747234153325524; test accuracy: 0.0644
2026-01-22 00:52:45 [INFO]  Epoch 22 loss: 145.63355350494385; train accuracy: 0.2902512039567877; test accuracy: 0.0492
2026-01-22 00:53:07 [INFO]  Epoch 23 loss: 146.25148677825928; train accuracy: 0.3380190029936223; test accuracy: 0.0577
2026-01-22 00:53:30 [INFO]  Epoch 24 loss: 144.07992553710938; train accuracy: 0.36001561889886763; test accuracy: 0.0641
2026-01-22 00:53:53 [INFO]  Epoch 25 loss: 144.32143211364746; train accuracy: 0.3126382923337238; test accuracy: 0.0565
2026-01-22 00:53:54 [INFO]  Save the model in ./checkpoints/CIFAR100_alpha0.05/local_models/client_0/epoch_25.pth
2026-01-22 00:54:17 [INFO]  Epoch 26 loss: 141.80524682998657; train accuracy: 0.3509045945594169; test accuracy: 0.0631
2026-01-22 00:54:40 [INFO]  Epoch 27 loss: 141.27382564544678; train accuracy: 0.3906026291813094; test accuracy: 0.0675
2026-01-22 00:55:02 [INFO]  Epoch 28 loss: 138.77425718307495; train accuracy: 0.37381231289860734; test accuracy: 0.0651
2026-01-22 00:55:25 [INFO]  Epoch 29 loss: 136.40148448944092; train accuracy: 0.3333333333333333; test accuracy: 0.0583
2026-01-22 00:55:25 [INFO]  Client 1 Starts Local Trainning--------|
2026-01-22 00:56:00 [INFO]  Epoch 20 loss: 227.47300338745117; train accuracy: 0.3815338295559087; test accuracy: 0.1021
2026-01-22 00:56:01 [INFO]  Save the model in ./checkpoints/CIFAR100_alpha0.05/local_models/client_1/epoch_20.pth
2026-01-22 00:56:34 [INFO]  Epoch 21 loss: 227.72554397583008; train accuracy: 0.3657271890942544; test accuracy: 0.0999
2026-01-22 00:57:09 [INFO]  Epoch 22 loss: 225.68359470367432; train accuracy: 0.3626327674165761; test accuracy: 0.0997
2026-01-22 00:57:42 [INFO]  Epoch 23 loss: 223.82730674743652; train accuracy: 0.32407794597307016; test accuracy: 0.0879
2026-01-22 00:58:15 [INFO]  Epoch 24 loss: 221.3282413482666; train accuracy: 0.3321903487496864; test accuracy: 0.092
2026-01-22 00:58:49 [INFO]  Epoch 25 loss: 219.73094940185547; train accuracy: 0.36915614284519527; test accuracy: 0.1028
2026-01-22 00:58:50 [INFO]  Save the model in ./checkpoints/CIFAR100_alpha0.05/local_models/client_1/epoch_25.pth
2026-01-22 00:59:22 [INFO]  Epoch 26 loss: 216.06636142730713; train accuracy: 0.39575144266956597; test accuracy: 0.1046
2026-01-22 00:59:56 [INFO]  Epoch 27 loss: 215.52245044708252; train accuracy: 0.3681525466254077; test accuracy: 0.1002
2026-01-22 01:00:31 [INFO]  Epoch 28 loss: 213.11384391784668; train accuracy: 0.36430542778288866; test accuracy: 0.098
2026-01-22 01:01:02 [INFO]  Epoch 29 loss: 211.73788213729858; train accuracy: 0.4266956594463494; test accuracy: 0.1145
2026-01-22 01:01:02 [INFO]  Client 2 Starts Local Trainning--------|
2026-01-22 01:01:25 [INFO]  Epoch 20 loss: 153.7947769165039; train accuracy: 0.2729604925602873; test accuracy: 0.0428
2026-01-22 01:01:25 [INFO]  Save the model in ./checkpoints/CIFAR100_alpha0.05/local_models/client_2/epoch_20.pth
2026-01-22 01:01:51 [INFO]  Epoch 21 loss: 153.61201190948486; train accuracy: 0.30579784504874297; test accuracy: 0.0492
2026-01-22 01:02:15 [INFO]  Epoch 22 loss: 151.79486751556396; train accuracy: 0.27783478707029247; test accuracy: 0.0432
2026-01-22 01:02:38 [INFO]  Epoch 23 loss: 150.2766876220703; train accuracy: 0.28514622883530016; test accuracy: 0.0455
2026-01-22 01:03:00 [INFO]  Epoch 24 loss: 149.1701946258545; train accuracy: 0.2526936890713186; test accuracy: 0.0394
2026-01-22 01:03:22 [INFO]  Epoch 25 loss: 147.86145734786987; train accuracy: 0.297588506926629; test accuracy: 0.047
2026-01-22 01:03:23 [INFO]  Save the model in ./checkpoints/CIFAR100_alpha0.05/local_models/client_2/epoch_25.pth
2026-01-22 01:03:45 [INFO]  Epoch 26 loss: 147.5088086128235; train accuracy: 0.28912262698819907; test accuracy: 0.0456
2026-01-22 01:04:07 [INFO]  Epoch 27 loss: 146.52976989746094; train accuracy: 0.2669317598768599; test accuracy: 0.0444
2026-01-22 01:04:29 [INFO]  Epoch 28 loss: 145.21244955062866; train accuracy: 0.3464597229348384; test accuracy: 0.0549
2026-01-22 01:04:52 [INFO]  Epoch 29 loss: 143.96115732192993; train accuracy: 0.3504361210877373; test accuracy: 0.0567
2026-01-22 01:04:52 [INFO]  Client 3 Starts Local Trainning--------|
2026-01-22 01:05:26 [INFO]  Epoch 20 loss: 240.02324962615967; train accuracy: 0.28504442250740375; test accuracy: 0.0728
2026-01-22 01:05:26 [INFO]  Save the model in ./checkpoints/CIFAR100_alpha0.05/local_models/client_3/epoch_20.pth
2026-01-22 01:06:01 [INFO]  Epoch 21 loss: 238.45173740386963; train accuracy: 0.2601184600197433; test accuracy: 0.0671
2026-01-22 01:06:35 [INFO]  Epoch 22 loss: 236.3138551712036; train accuracy: 0.2885817703191839; test accuracy: 0.0732
2026-01-22 01:07:09 [INFO]  Epoch 23 loss: 234.89597129821777; train accuracy: 0.2435011516946364; test accuracy: 0.0636
2026-01-22 01:07:46 [INFO]  Epoch 24 loss: 231.73512172698975; train accuracy: 0.2755840737084567; test accuracy: 0.0694
2026-01-22 01:08:20 [INFO]  Epoch 25 loss: 230.71306800842285; train accuracy: 0.271964461994077; test accuracy: 0.0684
2026-01-22 01:08:20 [INFO]  Save the model in ./checkpoints/CIFAR100_alpha0.05/local_models/client_3/epoch_25.pth
2026-01-22 01:08:58 [INFO]  Epoch 26 loss: 228.05069160461426; train accuracy: 0.2485192497532083; test accuracy: 0.064
2026-01-22 01:09:31 [INFO]  Epoch 27 loss: 226.17926216125488; train accuracy: 0.28093122737742676; test accuracy: 0.0696
2026-01-22 01:10:05 [INFO]  Epoch 28 loss: 224.13029289245605; train accuracy: 0.3058571898650872; test accuracy: 0.0756
2026-01-22 01:10:41 [INFO]  Epoch 29 loss: 222.85817337036133; train accuracy: 0.2671108917407042; test accuracy: 0.0648
2026-01-22 01:10:41 [INFO]  Client 4 Starts Local Trainning--------|
2026-01-22 01:11:11 [INFO]  Epoch 20 loss: 212.30539321899414; train accuracy: 0.23251345119139125; test accuracy: 0.0692
2026-01-22 01:11:11 [INFO]  Save the model in ./checkpoints/CIFAR100_alpha0.05/local_models/client_4/epoch_20.pth
2026-01-22 01:11:41 [INFO]  Epoch 21 loss: 211.88409328460693; train accuracy: 0.27190622598001535; test accuracy: 0.072
2026-01-22 01:12:14 [INFO]  Epoch 22 loss: 209.05745887756348; train accuracy: 0.34579169869331283; test accuracy: 0.0896
2026-01-22 01:12:42 [INFO]  Epoch 23 loss: 207.33171272277832; train accuracy: 0.3368562644119908; test accuracy: 0.0909
2026-01-22 01:13:11 [INFO]  Epoch 24 loss: 205.93741035461426; train accuracy: 0.3195618754803997; test accuracy: 0.0873
2026-01-22 01:13:41 [INFO]  Epoch 25 loss: 203.5445213317871; train accuracy: 0.3183128362797848; test accuracy: 0.0854
2026-01-22 01:13:41 [INFO]  Save the model in ./checkpoints/CIFAR100_alpha0.05/local_models/client_4/epoch_25.pth
2026-01-22 01:14:15 [INFO]  Epoch 26 loss: 202.62465286254883; train accuracy: 0.3003458877786318; test accuracy: 0.0847
2026-01-22 01:14:47 [INFO]  Epoch 27 loss: 201.87958240509033; train accuracy: 0.36683320522674867; test accuracy: 0.0968
2026-01-22 01:15:20 [INFO]  Epoch 28 loss: 198.66698455810547; train accuracy: 0.4060338201383551; test accuracy: 0.105
2026-01-22 01:15:51 [INFO]  Epoch 29 loss: 196.725435256958; train accuracy: 0.36135664873174483; test accuracy: 0.0947
2026-01-22 01:15:51 [INFO]  Round 2 Finish--------|
2026-01-22 01:15:51 [INFO]  Model variance: mean: 0.0026873911265283823, sum: 30152.615234375
2026-01-22 01:15:51 [INFO]  g_protos_std (global internal): 0.993573
2026-01-22 01:15:51 [INFO]  inter_client_proto_std (cross-client): 0.009196
2026-01-22 01:15:51 [INFO]  g_protos_std (global internal): 0.993573
2026-01-22 01:15:51 [INFO]  inter_client_proto_std (cross-client): 0.009196
2026-01-22 01:15:51 [INFO]  V4 Training | Using Simple Feature-level Server.
2026-01-22 01:15:57 [INFO]  The test accuracy of OursV4+SimpleFeatureServer: 0.2774
2026-01-22 01:15:57 [INFO]  Save config to ./checkpoints/CIFAR100_alpha0.05/baselines_OursV4+SimpleFeatureServer_CIFAR10_results.yaml
2026-01-22 01:15:57 [INFO]  Round 3 starts--------|
2026-01-22 01:15:57 [INFO]  Client 0 Starts Local Trainning--------|
2026-01-22 01:16:22 [INFO]  Epoch 30 loss: 140.84142398834229; train accuracy: 0.4358974358974359; test accuracy: 0.0744
2026-01-22 01:16:22 [INFO]  Save the model in ./checkpoints/CIFAR100_alpha0.05/local_models/client_0/epoch_30.pth
2026-01-22 01:16:47 [INFO]  Epoch 31 loss: 140.90865421295166; train accuracy: 0.43550696342574513; test accuracy: 0.0743
2026-01-22 01:17:13 [INFO]  Epoch 32 loss: 134.2606818675995; train accuracy: 0.3596251464271769; test accuracy: 0.0622
2026-01-22 01:17:38 [INFO]  Epoch 33 loss: 134.26610469818115; train accuracy: 0.39008199921905506; test accuracy: 0.0676
2026-01-22 01:18:03 [INFO]  Epoch 34 loss: 136.34818935394287; train accuracy: 0.3752440452948067; test accuracy: 0.0645
2026-01-22 01:18:29 [INFO]  Epoch 35 loss: 134.26003694534302; train accuracy: 0.39073278667187294; test accuracy: 0.0668
2026-01-22 01:18:29 [INFO]  Save the model in ./checkpoints/CIFAR100_alpha0.05/local_models/client_0/epoch_35.pth
2026-01-22 01:18:54 [INFO]  Epoch 36 loss: 134.55763721466064; train accuracy: 0.3674345958609918; test accuracy: 0.0641
2026-01-22 01:19:19 [INFO]  Epoch 37 loss: 135.32930374145508; train accuracy: 0.4478719250292854; test accuracy: 0.0754
2026-01-22 01:19:43 [INFO]  Epoch 38 loss: 133.92703819274902; train accuracy: 0.4257451516334765; test accuracy: 0.073
2026-01-22 01:20:10 [INFO]  Epoch 39 loss: 131.69266843795776; train accuracy: 0.42652609657685797; test accuracy: 0.0752
2026-01-22 01:20:10 [INFO]  Client 1 Starts Local Trainning--------|
2026-01-22 01:20:50 [INFO]  Epoch 30 loss: 209.027494430542; train accuracy: 0.41005268880153883; test accuracy: 0.1076
2026-01-22 01:20:50 [INFO]  Save the model in ./checkpoints/CIFAR100_alpha0.05/local_models/client_1/epoch_30.pth
2026-01-22 01:21:31 [INFO]  Epoch 31 loss: 208.00058269500732; train accuracy: 0.39826043321903487; test accuracy: 0.1082
2026-01-22 01:22:11 [INFO]  Epoch 32 loss: 208.31679344177246; train accuracy: 0.40168938696997575; test accuracy: 0.1085
2026-01-22 01:22:49 [INFO]  Epoch 33 loss: 206.79850006103516; train accuracy: 0.40654010203228236; test accuracy: 0.1063
2026-01-22 01:23:28 [INFO]  Epoch 34 loss: 203.6944613456726; train accuracy: 0.43020824621560594; test accuracy: 0.116
2026-01-22 01:24:05 [INFO]  Epoch 35 loss: 202.09146308898926; train accuracy: 0.4266120264280338; test accuracy: 0.1147
2026-01-22 01:24:06 [INFO]  Save the model in ./checkpoints/CIFAR100_alpha0.05/local_models/client_1/epoch_35.pth
2026-01-22 01:24:42 [INFO]  Epoch 36 loss: 200.60071516036987; train accuracy: 0.4646650497616459; test accuracy: 0.1269
2026-01-22 01:25:17 [INFO]  Epoch 37 loss: 200.19028663635254; train accuracy: 0.40411474450112905; test accuracy: 0.1074
2026-01-22 01:25:54 [INFO]  Epoch 38 loss: 197.17927646636963; train accuracy: 0.42845195283097764; test accuracy: 0.1147
2026-01-22 01:26:31 [INFO]  Epoch 39 loss: 197.07483577728271; train accuracy: 0.4409132725600067; test accuracy: 0.1145
2026-01-22 01:26:31 [INFO]  Client 2 Starts Local Trainning--------|
2026-01-22 01:26:58 [INFO]  Epoch 30 loss: 141.911958694458; train accuracy: 0.3753206772703951; test accuracy: 0.061
2026-01-22 01:26:58 [INFO]  Save the model in ./checkpoints/CIFAR100_alpha0.05/local_models/client_2/epoch_30.pth
2026-01-22 01:27:24 [INFO]  Epoch 31 loss: 141.72201299667358; train accuracy: 0.44125192406362235; test accuracy: 0.071
2026-01-22 01:27:51 [INFO]  Epoch 32 loss: 140.34985637664795; train accuracy: 0.4279117496151873; test accuracy: 0.0672
2026-01-22 01:28:18 [INFO]  Epoch 33 loss: 140.2410535812378; train accuracy: 0.38776295536172395; test accuracy: 0.0627
2026-01-22 01:28:44 [INFO]  Epoch 34 loss: 139.37762832641602; train accuracy: 0.41008209338122115; test accuracy: 0.0684
2026-01-22 01:29:08 [INFO]  Epoch 35 loss: 137.19833707809448; train accuracy: 0.3254232939969215; test accuracy: 0.0534
2026-01-22 01:29:09 [INFO]  Save the model in ./checkpoints/CIFAR100_alpha0.05/local_models/client_2/epoch_35.pth
2026-01-22 01:29:34 [INFO]  Epoch 36 loss: 137.6882438659668; train accuracy: 0.3948178553104156; test accuracy: 0.0648
2026-01-22 01:30:00 [INFO]  Epoch 37 loss: 136.19647359848022; train accuracy: 0.3394048229861467; test accuracy: 0.054
2026-01-22 01:30:25 [INFO]  Epoch 38 loss: 136.0187530517578; train accuracy: 0.4081580297588507; test accuracy: 0.069
2026-01-22 01:30:50 [INFO]  Epoch 39 loss: 133.25420570373535; train accuracy: 0.4291944586967676; test accuracy: 0.0723
2026-01-22 01:30:50 [INFO]  Client 3 Starts Local Trainning--------|
2026-01-22 01:31:29 [INFO]  Epoch 30 loss: 220.35454845428467; train accuracy: 0.29302402105955905; test accuracy: 0.0736
2026-01-22 01:31:29 [INFO]  Save the model in ./checkpoints/CIFAR100_alpha0.05/local_models/client_3/epoch_30.pth
2026-01-22 01:32:07 [INFO]  Epoch 31 loss: 218.57968139648438; train accuracy: 0.31951299769661073; test accuracy: 0.0784
2026-01-22 01:32:44 [INFO]  Epoch 32 loss: 217.22029399871826; train accuracy: 0.3159756498848305; test accuracy: 0.0776
2026-01-22 01:33:21 [INFO]  Epoch 33 loss: 215.70984077453613; train accuracy: 0.3190194142810135; test accuracy: 0.0802
2026-01-22 01:33:58 [INFO]  Epoch 34 loss: 214.68101978302002; train accuracy: 0.2714708785784798; test accuracy: 0.0682
2026-01-22 01:34:37 [INFO]  Epoch 35 loss: 212.41047382354736; train accuracy: 0.3631951299769661; test accuracy: 0.0895
2026-01-22 01:34:37 [INFO]  Save the model in ./checkpoints/CIFAR100_alpha0.05/local_models/client_3/epoch_35.pth
2026-01-22 01:35:14 [INFO]  Epoch 36 loss: 210.45680332183838; train accuracy: 0.3153175386640342; test accuracy: 0.0754
2026-01-22 01:35:50 [INFO]  Epoch 37 loss: 209.67063999176025; train accuracy: 0.32181638696939785; test accuracy: 0.0803
2026-01-22 01:36:23 [INFO]  Epoch 38 loss: 207.09729671478271; train accuracy: 0.3464955577492596; test accuracy: 0.0852
2026-01-22 01:36:57 [INFO]  Epoch 39 loss: 206.76042652130127; train accuracy: 0.37462981243830207; test accuracy: 0.091
2026-01-22 01:36:57 [INFO]  Client 4 Starts Local Trainning--------|
2026-01-22 01:37:26 [INFO]  Epoch 30 loss: 193.75720691680908; train accuracy: 0.42073405073020753; test accuracy: 0.105
2026-01-22 01:37:27 [INFO]  Save the model in ./checkpoints/CIFAR100_alpha0.05/local_models/client_4/epoch_30.pth
2026-01-22 01:37:57 [INFO]  Epoch 31 loss: 194.72869873046875; train accuracy: 0.39046887009992315; test accuracy: 0.0998
2026-01-22 01:38:27 [INFO]  Epoch 32 loss: 193.61082363128662; train accuracy: 0.40343966179861646; test accuracy: 0.1053
2026-01-22 01:38:58 [INFO]  Epoch 33 loss: 191.2556562423706; train accuracy: 0.4030553420445811; test accuracy: 0.1037
2026-01-22 01:39:30 [INFO]  Epoch 34 loss: 189.3862910270691; train accuracy: 0.4218870099923136; test accuracy: 0.1122
2026-01-22 01:40:01 [INFO]  Epoch 35 loss: 187.84733486175537; train accuracy: 0.4316871637202152; test accuracy: 0.1136
2026-01-22 01:40:01 [INFO]  Save the model in ./checkpoints/CIFAR100_alpha0.05/local_models/client_4/epoch_35.pth
2026-01-22 01:40:33 [INFO]  Epoch 36 loss: 187.52632427215576; train accuracy: 0.43793235972328975; test accuracy: 0.1136
2026-01-22 01:41:06 [INFO]  Epoch 37 loss: 184.3798418045044; train accuracy: 0.4414873174481168; test accuracy: 0.1171
2026-01-22 01:41:36 [INFO]  Epoch 38 loss: 183.84119129180908; train accuracy: 0.42909300538047657; test accuracy: 0.1098
2026-01-22 01:42:07 [INFO]  Epoch 39 loss: 181.58579015731812; train accuracy: 0.4722328977709454; test accuracy: 0.1265
2026-01-22 01:42:07 [INFO]  Round 3 Finish--------|
2026-01-22 01:42:07 [INFO]  Model variance: mean: 0.0031279390677809715, sum: 35095.578125
2026-01-22 01:42:07 [INFO]  g_protos_std (global internal): 0.993696
2026-01-22 01:42:07 [INFO]  inter_client_proto_std (cross-client): 0.010178
2026-01-22 01:42:07 [INFO]  g_protos_std (global internal): 0.993696
2026-01-22 01:42:07 [INFO]  inter_client_proto_std (cross-client): 0.010178
2026-01-22 01:42:07 [INFO]  V4 Training | Using Simple Feature-level Server.
2026-01-22 01:42:12 [INFO]  The test accuracy of OursV4+SimpleFeatureServer: 0.3123
2026-01-22 01:42:12 [INFO]  Save config to ./checkpoints/CIFAR100_alpha0.05/baselines_OursV4+SimpleFeatureServer_CIFAR10_results.yaml
2026-01-22 01:42:12 [INFO]  Round 4 starts--------|
2026-01-22 01:42:12 [INFO]  Client 0 Starts Local Trainning--------|
2026-01-22 01:42:35 [INFO]  Epoch 40 loss: 129.3468246459961; train accuracy: 0.456722634387609; test accuracy: 0.0803
2026-01-22 01:42:35 [INFO]  Save the model in ./checkpoints/CIFAR100_alpha0.05/local_models/client_0/epoch_40.pth
2026-01-22 01:42:58 [INFO]  Epoch 41 loss: 129.35138082504272; train accuracy: 0.49030326695301313; test accuracy: 0.0822
2026-01-22 01:43:22 [INFO]  Epoch 42 loss: 128.08627462387085; train accuracy: 0.34856175972927245; test accuracy: 0.0611
2026-01-22 01:43:44 [INFO]  Epoch 43 loss: 126.60426568984985; train accuracy: 0.3909931016530001; test accuracy: 0.0677
2026-01-22 01:44:09 [INFO]  Epoch 44 loss: 129.0607089996338; train accuracy: 0.44774176753872186; test accuracy: 0.079
2026-01-22 01:44:33 [INFO]  Epoch 45 loss: 125.64569568634033; train accuracy: 0.44644019263308604; test accuracy: 0.0789
2026-01-22 01:44:34 [INFO]  Save the model in ./checkpoints/CIFAR100_alpha0.05/local_models/client_0/epoch_45.pth
2026-01-22 01:44:59 [INFO]  Epoch 46 loss: 126.03103446960449; train accuracy: 0.42704672653911235; test accuracy: 0.0738
2026-01-22 01:45:24 [INFO]  Epoch 47 loss: 128.2683243751526; train accuracy: 0.41311987504880904; test accuracy: 0.0719
2026-01-22 01:45:49 [INFO]  Epoch 48 loss: 125.80667066574097; train accuracy: 0.44891318495379406; test accuracy: 0.0775
2026-01-22 01:46:15 [INFO]  Epoch 49 loss: 123.94459104537964; train accuracy: 0.49082389691526745; test accuracy: 0.0826
2026-01-22 01:46:15 [INFO]  Client 1 Starts Local Trainning--------|
2026-01-22 01:46:52 [INFO]  Epoch 40 loss: 194.07486391067505; train accuracy: 0.43723341975411895; test accuracy: 0.1203
2026-01-22 01:46:52 [INFO]  Save the model in ./checkpoints/CIFAR100_alpha0.05/local_models/client_1/epoch_40.pth
2026-01-22 01:47:29 [INFO]  Epoch 41 loss: 193.90307998657227; train accuracy: 0.4582253073513423; test accuracy: 0.1207
2026-01-22 01:48:07 [INFO]  Epoch 42 loss: 192.25301837921143; train accuracy: 0.4726938195199465; test accuracy: 0.1246
2026-01-22 01:48:44 [INFO]  Epoch 43 loss: 191.247296333313; train accuracy: 0.47018482897047753; test accuracy: 0.1275
2026-01-22 01:49:20 [INFO]  Epoch 44 loss: 191.09520864486694; train accuracy: 0.3745922890357113; test accuracy: 0.0977
2026-01-22 01:49:54 [INFO]  Epoch 45 loss: 190.85730600357056; train accuracy: 0.4733628836664715; test accuracy: 0.1317
2026-01-22 01:49:54 [INFO]  Save the model in ./checkpoints/CIFAR100_alpha0.05/local_models/client_1/epoch_45.pth
2026-01-22 01:50:31 [INFO]  Epoch 46 loss: 190.2024097442627; train accuracy: 0.516768420172284; test accuracy: 0.1383
2026-01-22 01:51:08 [INFO]  Epoch 47 loss: 188.31997442245483; train accuracy: 0.48607510245044744; test accuracy: 0.1285
2026-01-22 01:51:45 [INFO]  Epoch 48 loss: 186.15577936172485; train accuracy: 0.44810571213515094; test accuracy: 0.1215
2026-01-22 01:52:21 [INFO]  Epoch 49 loss: 185.52268505096436; train accuracy: 0.528560675754788; test accuracy: 0.1405
2026-01-22 01:52:21 [INFO]  Client 2 Starts Local Trainning--------|
2026-01-22 01:52:46 [INFO]  Epoch 40 loss: 131.26353120803833; train accuracy: 0.4744740892765521; test accuracy: 0.0792
2026-01-22 01:52:46 [INFO]  Save the model in ./checkpoints/CIFAR100_alpha0.05/local_models/client_2/epoch_40.pth
2026-01-22 01:53:11 [INFO]  Epoch 41 loss: 130.97408771514893; train accuracy: 0.34851205746536684; test accuracy: 0.0561
2026-01-22 01:53:35 [INFO]  Epoch 42 loss: 132.2293062210083; train accuracy: 0.37685992816829145; test accuracy: 0.0586
2026-01-22 01:54:00 [INFO]  Epoch 43 loss: 131.18475341796875; train accuracy: 0.39674191893278604; test accuracy: 0.0665
2026-01-22 01:54:28 [INFO]  Epoch 44 loss: 130.84549856185913; train accuracy: 0.45997947665469474; test accuracy: 0.0809
2026-01-22 01:54:53 [INFO]  Epoch 45 loss: 129.1047215461731; train accuracy: 0.40071831708568495; test accuracy: 0.0675
2026-01-22 01:54:53 [INFO]  Save the model in ./checkpoints/CIFAR100_alpha0.05/local_models/client_2/epoch_45.pth
2026-01-22 01:55:20 [INFO]  Epoch 46 loss: 128.32145643234253; train accuracy: 0.504104669061057; test accuracy: 0.0865
2026-01-22 01:55:44 [INFO]  Epoch 47 loss: 127.21618461608887; train accuracy: 0.49114930733709594; test accuracy: 0.0805
2026-01-22 01:56:09 [INFO]  Epoch 48 loss: 127.2678451538086; train accuracy: 0.4771677783478707; test accuracy: 0.0807
2026-01-22 01:56:34 [INFO]  Epoch 49 loss: 125.2279372215271; train accuracy: 0.504617752693689; test accuracy: 0.0868
2026-01-22 01:56:34 [INFO]  Client 3 Starts Local Trainning--------|
2026-01-22 01:57:12 [INFO]  Epoch 40 loss: 205.08887100219727; train accuracy: 0.44134583744652844; test accuracy: 0.1097
2026-01-22 01:57:13 [INFO]  Save the model in ./checkpoints/CIFAR100_alpha0.05/local_models/client_3/epoch_40.pth
2026-01-22 01:57:52 [INFO]  Epoch 41 loss: 203.33582592010498; train accuracy: 0.40901612372490953; test accuracy: 0.1012
2026-01-22 01:58:30 [INFO]  Epoch 42 loss: 203.0320749282837; train accuracy: 0.4163376110562685; test accuracy: 0.104
2026-01-22 01:59:04 [INFO]  Epoch 43 loss: 202.18700218200684; train accuracy: 0.3534879894702205; test accuracy: 0.088
2026-01-22 01:59:41 [INFO]  Epoch 44 loss: 201.08281230926514; train accuracy: 0.3854063836788417; test accuracy: 0.0924
2026-01-22 02:00:20 [INFO]  Epoch 45 loss: 198.71335411071777; train accuracy: 0.36023362948338267; test accuracy: 0.088
2026-01-22 02:00:20 [INFO]  Save the model in ./checkpoints/CIFAR100_alpha0.05/local_models/client_3/epoch_45.pth
2026-01-22 02:00:57 [INFO]  Epoch 46 loss: 198.0257387161255; train accuracy: 0.4109081934846989; test accuracy: 0.1002
2026-01-22 02:01:37 [INFO]  Epoch 47 loss: 196.18180751800537; train accuracy: 0.3392563343205002; test accuracy: 0.0829
2026-01-22 02:02:14 [INFO]  Epoch 48 loss: 194.59121179580688; train accuracy: 0.38458374465284634; test accuracy: 0.0909
2026-01-22 02:02:52 [INFO]  Epoch 49 loss: 193.67556476593018; train accuracy: 0.3991444554129648; test accuracy: 0.0952
2026-01-22 02:02:52 [INFO]  Client 4 Starts Local Trainning--------|
2026-01-22 02:03:25 [INFO]  Epoch 40 loss: 179.64245080947876; train accuracy: 0.4496541122213682; test accuracy: 0.116
2026-01-22 02:03:26 [INFO]  Save the model in ./checkpoints/CIFAR100_alpha0.05/local_models/client_4/epoch_40.pth
2026-01-22 02:03:57 [INFO]  Epoch 41 loss: 180.0597152709961; train accuracy: 0.44446579554189086; test accuracy: 0.1129
2026-01-22 02:04:27 [INFO]  Epoch 42 loss: 179.0876989364624; train accuracy: 0.42496156802459645; test accuracy: 0.1168
2026-01-22 02:04:59 [INFO]  Epoch 43 loss: 178.31360864639282; train accuracy: 0.45196003074558033; test accuracy: 0.1177
2026-01-22 02:05:29 [INFO]  Epoch 44 loss: 177.03120756149292; train accuracy: 0.4730015372790161; test accuracy: 0.1239
2026-01-22 02:06:01 [INFO]  Epoch 45 loss: 176.44692134857178; train accuracy: 0.5103766333589547; test accuracy: 0.1341
2026-01-22 02:06:02 [INFO]  Save the model in ./checkpoints/CIFAR100_alpha0.05/local_models/client_4/epoch_45.pth
2026-01-22 02:06:33 [INFO]  Epoch 46 loss: 174.6533432006836; train accuracy: 0.4181398923904689; test accuracy: 0.1092
2026-01-22 02:07:05 [INFO]  Epoch 47 loss: 172.53440284729004; train accuracy: 0.47079169869331283; test accuracy: 0.127
2026-01-22 02:07:39 [INFO]  Epoch 48 loss: 172.36529779434204; train accuracy: 0.4480207532667179; test accuracy: 0.1193
2026-01-22 02:08:13 [INFO]  Epoch 49 loss: 171.3965859413147; train accuracy: 0.48712528823981555; test accuracy: 0.131
2026-01-22 02:08:13 [INFO]  Round 4 Finish--------|
2026-01-22 02:08:13 [INFO]  Model variance: mean: 0.003525919746607542, sum: 39560.93359375
2026-01-22 02:08:13 [INFO]  g_protos_std (global internal): 0.993805
2026-01-22 02:08:13 [INFO]  inter_client_proto_std (cross-client): 0.010971
2026-01-22 02:08:13 [INFO]  g_protos_std (global internal): 0.993805
2026-01-22 02:08:13 [INFO]  inter_client_proto_std (cross-client): 0.010971
2026-01-22 02:08:13 [INFO]  V4 Training | Using Simple Feature-level Server.
2026-01-22 02:08:18 [INFO]  The test accuracy of OursV4+SimpleFeatureServer: 0.3362
2026-01-22 02:08:18 [INFO]  Save config to ./checkpoints/CIFAR100_alpha0.05/baselines_OursV4+SimpleFeatureServer_CIFAR10_results.yaml
2026-01-22 02:08:18 [INFO]  Round 5 starts--------|
2026-01-22 02:08:18 [INFO]  Client 0 Starts Local Trainning--------|
2026-01-22 02:08:44 [INFO]  Epoch 50 loss: 124.60278272628784; train accuracy: 0.5534296498763503; test accuracy: 0.0937
2026-01-22 02:08:44 [INFO]  Save the model in ./checkpoints/CIFAR100_alpha0.05/local_models/client_0/epoch_50.pth
2026-01-22 02:09:10 [INFO]  Epoch 51 loss: 123.68892002105713; train accuracy: 0.4892620070285045; test accuracy: 0.0839
2026-01-22 02:09:35 [INFO]  Epoch 52 loss: 127.01320266723633; train accuracy: 0.3941168814265261; test accuracy: 0.069
2026-01-22 02:10:00 [INFO]  Epoch 53 loss: 127.08456945419312; train accuracy: 0.5013666536509176; test accuracy: 0.0897
2026-01-22 02:10:25 [INFO]  Epoch 54 loss: 119.39044380187988; train accuracy: 0.3745932578419888; test accuracy: 0.0662
2026-01-22 02:10:50 [INFO]  Epoch 55 loss: 120.90196895599365; train accuracy: 0.4470909800859039; test accuracy: 0.0803
2026-01-22 02:10:52 [INFO]  Save the model in ./checkpoints/CIFAR100_alpha0.05/local_models/client_0/epoch_55.pth
2026-01-22 02:11:16 [INFO]  Epoch 56 loss: 123.16066646575928; train accuracy: 0.4292594038786932; test accuracy: 0.074
2026-01-22 02:11:39 [INFO]  Epoch 57 loss: 122.04641199111938; train accuracy: 0.46596381621762334; test accuracy: 0.0811
2026-01-22 02:12:03 [INFO]  Epoch 58 loss: 124.28410816192627; train accuracy: 0.5197188598203827; test accuracy: 0.0941
2026-01-22 02:12:27 [INFO]  Epoch 59 loss: 121.73935508728027; train accuracy: 0.4486528699726669; test accuracy: 0.0783
2026-01-22 02:12:27 [INFO]  Client 1 Starts Local Trainning--------|
2026-01-22 02:13:04 [INFO]  Epoch 50 loss: 182.03208112716675; train accuracy: 0.5096596136154554; test accuracy: 0.1404
2026-01-22 02:13:05 [INFO]  Save the model in ./checkpoints/CIFAR100_alpha0.05/local_models/client_1/epoch_50.pth
2026-01-22 02:13:40 [INFO]  Epoch 51 loss: 183.34593439102173; train accuracy: 0.4851551392489755; test accuracy: 0.1356
2026-01-22 02:14:19 [INFO]  Epoch 52 loss: 182.49590587615967; train accuracy: 0.5302333361211006; test accuracy: 0.1474
2026-01-22 02:14:58 [INFO]  Epoch 53 loss: 181.31281661987305; train accuracy: 0.523793593710797; test accuracy: 0.1416
2026-01-22 02:15:36 [INFO]  Epoch 54 loss: 180.39639711380005; train accuracy: 0.5024671740403112; test accuracy: 0.1345
2026-01-22 02:16:12 [INFO]  Epoch 55 loss: 179.78010654449463; train accuracy: 0.49928911934431713; test accuracy: 0.1389
2026-01-22 02:16:12 [INFO]  Save the model in ./checkpoints/CIFAR100_alpha0.05/local_models/client_1/epoch_55.pth
2026-01-22 02:16:49 [INFO]  Epoch 56 loss: 177.75015211105347; train accuracy: 0.5025508070586268; test accuracy: 0.1373
2026-01-22 02:17:26 [INFO]  Epoch 57 loss: 177.8765993118286; train accuracy: 0.4897549552563352; test accuracy: 0.1327
2026-01-22 02:18:02 [INFO]  Epoch 58 loss: 176.62528038024902; train accuracy: 0.5427782888684453; test accuracy: 0.1512
2026-01-22 02:18:39 [INFO]  Epoch 59 loss: 175.85632848739624; train accuracy: 0.5366730785314042; test accuracy: 0.1457
2026-01-22 02:18:39 [INFO]  Client 2 Starts Local Trainning--------|
2026-01-22 02:19:05 [INFO]  Epoch 50 loss: 123.28503561019897; train accuracy: 0.5203950743971267; test accuracy: 0.0847
2026-01-22 02:19:05 [INFO]  Save the model in ./checkpoints/CIFAR100_alpha0.05/local_models/client_2/epoch_50.pth
2026-01-22 02:19:30 [INFO]  Epoch 51 loss: 124.52163076400757; train accuracy: 0.4475371985633658; test accuracy: 0.0722
2026-01-22 02:19:55 [INFO]  Epoch 52 loss: 123.72174978256226; train accuracy: 0.49551051821446895; test accuracy: 0.0832
2026-01-22 02:20:20 [INFO]  Epoch 53 loss: 123.70516347885132; train accuracy: 0.44202154951257056; test accuracy: 0.0743
2026-01-22 02:20:46 [INFO]  Epoch 54 loss: 123.01155996322632; train accuracy: 0.5017957927142124; test accuracy: 0.0843
2026-01-22 02:21:12 [INFO]  Epoch 55 loss: 122.4765682220459; train accuracy: 0.5306567470497691; test accuracy: 0.09
2026-01-22 02:21:12 [INFO]  Save the model in ./checkpoints/CIFAR100_alpha0.05/local_models/client_2/epoch_55.pth
2026-01-22 02:21:38 [INFO]  Epoch 56 loss: 121.80815601348877; train accuracy: 0.46587993842996406; test accuracy: 0.0785
2026-01-22 02:22:03 [INFO]  Epoch 57 loss: 120.94699716567993; train accuracy: 0.4989738327347358; test accuracy: 0.086
2026-01-22 02:22:28 [INFO]  Epoch 58 loss: 120.98764657974243; train accuracy: 0.45933812211390457; test accuracy: 0.076
2026-01-22 02:22:52 [INFO]  Epoch 59 loss: 120.41402006149292; train accuracy: 0.53450487429451; test accuracy: 0.0871
2026-01-22 02:22:52 [INFO]  Client 3 Starts Local Trainning--------|
2026-01-22 02:23:30 [INFO]  Epoch 50 loss: 191.8953137397766; train accuracy: 0.3376110562685094; test accuracy: 0.082
2026-01-22 02:23:30 [INFO]  Save the model in ./checkpoints/CIFAR100_alpha0.05/local_models/client_3/epoch_50.pth
2026-01-22 02:24:09 [INFO]  Epoch 51 loss: 192.00009489059448; train accuracy: 0.42620927936821323; test accuracy: 0.106
2026-01-22 02:24:47 [INFO]  Epoch 52 loss: 192.16667556762695; train accuracy: 0.44027640671273444; test accuracy: 0.1061
2026-01-22 02:25:24 [INFO]  Epoch 53 loss: 190.63546752929688; train accuracy: 0.4460348798947022; test accuracy: 0.1083
2026-01-22 02:26:01 [INFO]  Epoch 54 loss: 189.23990488052368; train accuracy: 0.3793188548864758; test accuracy: 0.0943
2026-01-22 02:26:40 [INFO]  Epoch 55 loss: 188.23233032226562; train accuracy: 0.4634748272458045; test accuracy: 0.1149
2026-01-22 02:26:40 [INFO]  Save the model in ./checkpoints/CIFAR100_alpha0.05/local_models/client_3/epoch_55.pth
2026-01-22 02:27:17 [INFO]  Epoch 56 loss: 187.37194347381592; train accuracy: 0.42316551497203025; test accuracy: 0.1053
2026-01-22 02:27:57 [INFO]  Epoch 57 loss: 187.9237184524536; train accuracy: 0.41913458374465284; test accuracy: 0.1051
2026-01-22 02:28:35 [INFO]  Epoch 58 loss: 185.02487134933472; train accuracy: 0.4868377755840737; test accuracy: 0.1234
2026-01-22 02:29:13 [INFO]  Epoch 59 loss: 184.56863927841187; train accuracy: 0.4165844027640671; test accuracy: 0.103
2026-01-22 02:29:13 [INFO]  Client 4 Starts Local Trainning--------|
2026-01-22 02:29:46 [INFO]  Epoch 50 loss: 168.89475011825562; train accuracy: 0.486837048424289; test accuracy: 0.1283
2026-01-22 02:29:46 [INFO]  Save the model in ./checkpoints/CIFAR100_alpha0.05/local_models/client_4/epoch_50.pth
2026-01-22 02:30:19 [INFO]  Epoch 51 loss: 169.48358726501465; train accuracy: 0.5004803996925442; test accuracy: 0.1331
2026-01-22 02:30:51 [INFO]  Epoch 52 loss: 168.41723203659058; train accuracy: 0.4421598770176787; test accuracy: 0.1166
2026-01-22 02:31:21 [INFO]  Epoch 53 loss: 167.75369787216187; train accuracy: 0.4753074558032283; test accuracy: 0.1257
2026-01-22 02:31:53 [INFO]  Epoch 54 loss: 165.04243898391724; train accuracy: 0.45666794773251346; test accuracy: 0.1209
2026-01-22 02:32:26 [INFO]  Epoch 55 loss: 164.71612167358398; train accuracy: 0.4505188316679477; test accuracy: 0.1206
2026-01-22 02:32:26 [INFO]  Save the model in ./checkpoints/CIFAR100_alpha0.05/local_models/client_4/epoch_55.pth
2026-01-22 02:32:56 [INFO]  Epoch 56 loss: 164.7615294456482; train accuracy: 0.47367409684857803; test accuracy: 0.1243
2026-01-22 02:33:25 [INFO]  Epoch 57 loss: 164.13217210769653; train accuracy: 0.513739431206764; test accuracy: 0.1431
2026-01-22 02:33:57 [INFO]  Epoch 58 loss: 163.07764148712158; train accuracy: 0.5329554189085319; test accuracy: 0.1404
2026-01-22 02:34:31 [INFO]  Epoch 59 loss: 161.57317543029785; train accuracy: 0.5453497309761721; test accuracy: 0.1468
2026-01-22 02:34:31 [INFO]  Round 5 Finish--------|
2026-01-22 02:34:31 [INFO]  Model variance: mean: 0.003889493178576231, sum: 43640.23828125
2026-01-22 02:34:31 [INFO]  g_protos_std (global internal): 0.993901
2026-01-22 02:34:31 [INFO]  inter_client_proto_std (cross-client): 0.011624
2026-01-22 02:34:31 [INFO]  g_protos_std (global internal): 0.993901
2026-01-22 02:34:31 [INFO]  inter_client_proto_std (cross-client): 0.011624
2026-01-22 02:34:31 [INFO]  V4 Training | Using Simple Feature-level Server.
2026-01-22 02:34:36 [INFO]  The test accuracy of OursV4+SimpleFeatureServer: 0.3546
2026-01-22 02:34:36 [INFO]  Save config to ./checkpoints/CIFAR100_alpha0.05/baselines_OursV4+SimpleFeatureServer_CIFAR10_results.yaml
2026-01-22 02:34:36 [INFO]  Round 6 starts--------|
2026-01-22 02:34:36 [INFO]  Client 0 Starts Local Trainning--------|
2026-01-22 02:35:00 [INFO]  Epoch 60 loss: 119.75991106033325; train accuracy: 0.5418456332161916; test accuracy: 0.0914
2026-01-22 02:35:00 [INFO]  Save the model in ./checkpoints/CIFAR100_alpha0.05/local_models/client_0/epoch_60.pth
2026-01-22 02:35:25 [INFO]  Epoch 61 loss: 119.30106163024902; train accuracy: 0.534556813744631; test accuracy: 0.0915
2026-01-22 02:35:50 [INFO]  Epoch 62 loss: 114.96889925003052; train accuracy: 0.49967460627359106; test accuracy: 0.0863
2026-01-22 02:36:14 [INFO]  Epoch 63 loss: 115.64803171157837; train accuracy: 0.4992841338019003; test accuracy: 0.0848
2026-01-22 02:36:39 [INFO]  Epoch 64 loss: 114.92318153381348; train accuracy: 0.4798906677079266; test accuracy: 0.0856
2026-01-22 02:37:20 [INFO]  Epoch 65 loss: 120.09269332885742; train accuracy: 0.4862683847455421; test accuracy: 0.0844
2026-01-22 02:37:20 [INFO]  Save the model in ./checkpoints/CIFAR100_alpha0.05/local_models/client_0/epoch_65.pth
2026-01-22 02:38:04 [INFO]  Epoch 66 loss: 120.0342001914978; train accuracy: 0.4795001952362358; test accuracy: 0.0822
2026-01-22 02:38:49 [INFO]  Epoch 67 loss: 113.56839847564697; train accuracy: 0.5318235064427957; test accuracy: 0.0904
2026-01-22 02:39:34 [INFO]  Epoch 68 loss: 114.79002237319946; train accuracy: 0.5349472862163217; test accuracy: 0.0925
2026-01-22 02:40:20 [INFO]  Epoch 69 loss: 115.54503345489502; train accuracy: 0.4395418456332162; test accuracy: 0.0732
2026-01-22 02:40:20 [INFO]  Client 1 Starts Local Trainning--------|
2026-01-22 02:41:16 [INFO]  Epoch 60 loss: 172.98209762573242; train accuracy: 0.5523960859747429; test accuracy: 0.1516
2026-01-22 02:41:16 [INFO]  Save the model in ./checkpoints/CIFAR100_alpha0.05/local_models/client_1/epoch_60.pth
2026-01-22 02:41:55 [INFO]  Epoch 61 loss: 173.54190111160278; train accuracy: 0.5470435728025425; test accuracy: 0.1503
2026-01-22 02:42:36 [INFO]  Epoch 62 loss: 172.5663356781006; train accuracy: 0.5344986200551978; test accuracy: 0.1436
2026-01-22 02:43:15 [INFO]  Epoch 63 loss: 172.2081036567688; train accuracy: 0.5388475370076106; test accuracy: 0.1483
2026-01-22 02:43:54 [INFO]  Epoch 64 loss: 171.41001749038696; train accuracy: 0.5159320899891278; test accuracy: 0.1425
2026-01-22 02:44:33 [INFO]  Epoch 65 loss: 170.45895195007324; train accuracy: 0.5006272476373672; test accuracy: 0.1405
2026-01-22 02:44:33 [INFO]  Save the model in ./checkpoints/CIFAR100_alpha0.05/local_models/client_1/epoch_65.pth
2026-01-22 02:45:40 [INFO]  Epoch 66 loss: 169.3879623413086; train accuracy: 0.5103286777619804; test accuracy: 0.1408
2026-01-22 02:46:45 [INFO]  Epoch 67 loss: 169.24989461898804; train accuracy: 0.5334113908170945; test accuracy: 0.15
2026-01-22 02:47:45 [INFO]  Epoch 68 loss: 167.88279008865356; train accuracy: 0.6281676005687046; test accuracy: 0.1734
2026-01-22 02:48:51 [INFO]  Epoch 69 loss: 167.83513641357422; train accuracy: 0.506565191937777; test accuracy: 0.1387
2026-01-22 02:48:51 [INFO]  Client 2 Starts Local Trainning--------|
2026-01-22 02:49:36 [INFO]  Epoch 60 loss: 117.69614934921265; train accuracy: 0.6268599281682914; test accuracy: 0.1097
2026-01-22 02:49:36 [INFO]  Save the model in ./checkpoints/CIFAR100_alpha0.05/local_models/client_2/epoch_60.pth
2026-01-22 02:50:21 [INFO]  Epoch 61 loss: 117.95360803604126; train accuracy: 0.5223191380194971; test accuracy: 0.0896
2026-01-22 02:51:07 [INFO]  Epoch 62 loss: 118.01972532272339; train accuracy: 0.5197537198563366; test accuracy: 0.0868
2026-01-22 02:51:57 [INFO]  Epoch 63 loss: 116.67164039611816; train accuracy: 0.5575936377629553; test accuracy: 0.0916
2026-01-22 02:52:41 [INFO]  Epoch 64 loss: 117.04933977127075; train accuracy: 0.5906875320677271; test accuracy: 0.1039
2026-01-22 02:53:23 [INFO]  Epoch 65 loss: 116.4977617263794; train accuracy: 0.5074397126731657; test accuracy: 0.0877
2026-01-22 02:53:23 [INFO]  Save the model in ./checkpoints/CIFAR100_alpha0.05/local_models/client_2/epoch_65.pth
2026-01-22 02:54:09 [INFO]  Epoch 66 loss: 115.56570434570312; train accuracy: 0.5395074397126731; test accuracy: 0.091
2026-01-22 02:54:53 [INFO]  Epoch 67 loss: 115.80893135070801; train accuracy: 0.4690867111339148; test accuracy: 0.0772
2026-01-22 02:55:38 [INFO]  Epoch 68 loss: 114.74206161499023; train accuracy: 0.5854284248332479; test accuracy: 0.1046
2026-01-22 02:56:22 [INFO]  Epoch 69 loss: 114.50972557067871; train accuracy: 0.5468188814776809; test accuracy: 0.0913
2026-01-22 02:56:22 [INFO]  Client 3 Starts Local Trainning--------|
2026-01-22 02:57:31 [INFO]  Epoch 60 loss: 180.6423659324646; train accuracy: 0.4277722935176045; test accuracy: 0.1053
2026-01-22 02:57:31 [INFO]  Save the model in ./checkpoints/CIFAR100_alpha0.05/local_models/client_3/epoch_60.pth
2026-01-22 02:58:39 [INFO]  Epoch 61 loss: 181.8004012107849; train accuracy: 0.49152681803224746; test accuracy: 0.1208
2026-01-22 02:59:47 [INFO]  Epoch 62 loss: 181.48916292190552; train accuracy: 0.40177690029615004; test accuracy: 0.1001
2026-01-22 03:00:53 [INFO]  Epoch 63 loss: 180.29671621322632; train accuracy: 0.5442579795985522; test accuracy: 0.135
2026-01-22 03:02:07 [INFO]  Epoch 64 loss: 180.03424072265625; train accuracy: 0.4190523198420533; test accuracy: 0.1017
2026-01-22 03:03:13 [INFO]  Epoch 65 loss: 179.15296125411987; train accuracy: 0.394290885159592; test accuracy: 0.0963
2026-01-22 03:03:14 [INFO]  Save the model in ./checkpoints/CIFAR100_alpha0.05/local_models/client_3/epoch_65.pth
2026-01-22 03:04:24 [INFO]  Epoch 66 loss: 178.10117530822754; train accuracy: 0.4543435340572557; test accuracy: 0.1107
2026-01-22 03:05:33 [INFO]  Epoch 67 loss: 176.65675115585327; train accuracy: 0.4502303389272787; test accuracy: 0.1131
2026-01-22 03:06:41 [INFO]  Epoch 68 loss: 175.6087098121643; train accuracy: 0.5159591971043106; test accuracy: 0.124
2026-01-22 03:07:50 [INFO]  Epoch 69 loss: 176.47626304626465; train accuracy: 0.5180980585718986; test accuracy: 0.1247
2026-01-22 03:07:50 [INFO]  Client 4 Starts Local Trainning--------|
2026-01-22 03:08:49 [INFO]  Epoch 60 loss: 160.69823169708252; train accuracy: 0.5458301306687163; test accuracy: 0.1458
2026-01-22 03:08:50 [INFO]  Save the model in ./checkpoints/CIFAR100_alpha0.05/local_models/client_4/epoch_60.pth
2026-01-22 03:09:50 [INFO]  Epoch 61 loss: 160.22020053863525; train accuracy: 0.5291122213681784; test accuracy: 0.1399
2026-01-22 03:10:49 [INFO]  Epoch 62 loss: 160.33193922042847; train accuracy: 0.4809761721752498; test accuracy: 0.1286
2026-01-22 03:11:55 [INFO]  Epoch 63 loss: 158.23710250854492; train accuracy: 0.5021137586471944; test accuracy: 0.1317
2026-01-22 03:12:54 [INFO]  Epoch 64 loss: 157.0136194229126; train accuracy: 0.5487125288239816; test accuracy: 0.144
2026-01-22 03:13:52 [INFO]  Epoch 65 loss: 155.8551836013794; train accuracy: 0.574173712528824; test accuracy: 0.1528
2026-01-22 03:13:52 [INFO]  Save the model in ./checkpoints/CIFAR100_alpha0.05/local_models/client_4/epoch_65.pth
2026-01-22 03:14:52 [INFO]  Epoch 66 loss: 156.6936159133911; train accuracy: 0.5148923904688701; test accuracy: 0.1371
2026-01-22 03:15:52 [INFO]  Epoch 67 loss: 155.3321681022644; train accuracy: 0.5303612605687933; test accuracy: 0.1361
2026-01-22 03:16:52 [INFO]  Epoch 68 loss: 153.62839651107788; train accuracy: 0.5367986164488855; test accuracy: 0.1437
2026-01-22 03:17:50 [INFO]  Epoch 69 loss: 154.59747791290283; train accuracy: 0.529304381245196; test accuracy: 0.1398
2026-01-22 03:17:50 [INFO]  Round 6 Finish--------|
2026-01-22 03:17:50 [INFO]  Model variance: mean: 0.00423041358590126, sum: 47465.375
2026-01-22 03:17:50 [INFO]  g_protos_std (global internal): 0.993991
2026-01-22 03:17:50 [INFO]  inter_client_proto_std (cross-client): 0.012185
2026-01-22 03:17:50 [INFO]  g_protos_std (global internal): 0.993991
2026-01-22 03:17:50 [INFO]  inter_client_proto_std (cross-client): 0.012185
2026-01-22 03:17:50 [INFO]  V4 Training | Using Simple Feature-level Server.
2026-01-22 03:17:57 [INFO]  The test accuracy of OursV4+SimpleFeatureServer: 0.3851
2026-01-22 03:17:57 [INFO]  Save config to ./checkpoints/CIFAR100_alpha0.05/baselines_OursV4+SimpleFeatureServer_CIFAR10_results.yaml
2026-01-22 03:17:57 [INFO]  Round 7 starts--------|
2026-01-22 03:17:57 [INFO]  Client 0 Starts Local Trainning--------|
2026-01-22 03:18:40 [INFO]  Epoch 70 loss: 113.35270929336548; train accuracy: 0.5784198880645581; test accuracy: 0.0991
2026-01-22 03:18:41 [INFO]  Save the model in ./checkpoints/CIFAR100_alpha0.05/local_models/client_0/epoch_70.pth
2026-01-22 03:19:25 [INFO]  Epoch 71 loss: 116.45500612258911; train accuracy: 0.5327346088767408; test accuracy: 0.091
2026-01-22 03:20:10 [INFO]  Epoch 72 loss: 113.19958305358887; train accuracy: 0.46882728101002213; test accuracy: 0.0818
2026-01-22 03:20:54 [INFO]  Epoch 73 loss: 115.2617506980896; train accuracy: 0.5318235064427957; test accuracy: 0.0933
2026-01-22 03:21:44 [INFO]  Epoch 74 loss: 114.01807308197021; train accuracy: 0.4686971235194585; test accuracy: 0.0821
2026-01-22 03:22:30 [INFO]  Epoch 75 loss: 112.4607925415039; train accuracy: 0.534556813744631; test accuracy: 0.0909
2026-01-22 03:22:31 [INFO]  Save the model in ./checkpoints/CIFAR100_alpha0.05/local_models/client_0/epoch_75.pth
2026-01-22 03:23:16 [INFO]  Epoch 76 loss: 109.38424348831177; train accuracy: 0.6161655603279969; test accuracy: 0.1064
2026-01-22 03:24:00 [INFO]  Epoch 77 loss: 113.74439334869385; train accuracy: 0.563191461668619; test accuracy: 0.0945
2026-01-22 03:24:43 [INFO]  Epoch 78 loss: 111.94753503799438; train accuracy: 0.5322139789144865; test accuracy: 0.0918
2026-01-22 03:25:27 [INFO]  Epoch 79 loss: 108.0381076335907; train accuracy: 0.537029806065339; test accuracy: 0.0973
2026-01-22 03:25:27 [INFO]  Client 1 Starts Local Trainning--------|
2026-01-22 03:26:30 [INFO]  Epoch 70 loss: 164.12176752090454; train accuracy: 0.5594212595132558; test accuracy: 0.1517
2026-01-22 03:26:30 [INFO]  Save the model in ./checkpoints/CIFAR100_alpha0.05/local_models/client_1/epoch_70.pth
2026-01-22 03:27:38 [INFO]  Epoch 71 loss: 166.27427101135254; train accuracy: 0.6360291042903738; test accuracy: 0.1736
2026-01-22 03:28:42 [INFO]  Epoch 72 loss: 165.20067596435547; train accuracy: 0.541021995483817; test accuracy: 0.1516
2026-01-22 03:29:49 [INFO]  Epoch 73 loss: 165.7450656890869; train accuracy: 0.5442836831981266; test accuracy: 0.1491
2026-01-22 03:30:59 [INFO]  Epoch 74 loss: 164.7995924949646; train accuracy: 0.5586685623484151; test accuracy: 0.1566
2026-01-22 03:32:13 [INFO]  Epoch 75 loss: 164.5048007965088; train accuracy: 0.5972233837919211; test accuracy: 0.1631
2026-01-22 03:32:13 [INFO]  Save the model in ./checkpoints/CIFAR100_alpha0.05/local_models/client_1/epoch_75.pth
2026-01-22 03:33:21 [INFO]  Epoch 76 loss: 162.86721754074097; train accuracy: 0.5571631680187338; test accuracy: 0.1521
2026-01-22 03:34:25 [INFO]  Epoch 77 loss: 163.22581434249878; train accuracy: 0.566864598143347; test accuracy: 0.1566
2026-01-22 03:35:33 [INFO]  Epoch 78 loss: 162.4152536392212; train accuracy: 0.6071757129714811; test accuracy: 0.1673
2026-01-22 03:36:40 [INFO]  Epoch 79 loss: 159.8626856803894; train accuracy: 0.5935435309860333; test accuracy: 0.1588
2026-01-22 03:36:40 [INFO]  Client 2 Starts Local Trainning--------|
2026-01-22 03:37:24 [INFO]  Epoch 70 loss: 111.66530990600586; train accuracy: 0.5995382247306311; test accuracy: 0.1051
2026-01-22 03:37:24 [INFO]  Save the model in ./checkpoints/CIFAR100_alpha0.05/local_models/client_2/epoch_70.pth
2026-01-22 03:38:10 [INFO]  Epoch 71 loss: 112.55521297454834; train accuracy: 0.569266290405336; test accuracy: 0.0966
2026-01-22 03:38:52 [INFO]  Epoch 72 loss: 113.01974868774414; train accuracy: 0.5624679322729605; test accuracy: 0.0961
2026-01-22 03:39:38 [INFO]  Epoch 73 loss: 112.09411525726318; train accuracy: 0.5269368907131863; test accuracy: 0.0923
2026-01-22 03:40:22 [INFO]  Epoch 74 loss: 112.9918565750122; train accuracy: 0.5788866085171883; test accuracy: 0.0983
2026-01-22 03:41:10 [INFO]  Epoch 75 loss: 111.3870940208435; train accuracy: 0.5448948178553105; test accuracy: 0.0948
2026-01-22 03:41:11 [INFO]  Save the model in ./checkpoints/CIFAR100_alpha0.05/local_models/client_2/epoch_75.pth
2026-01-22 03:41:55 [INFO]  Epoch 76 loss: 111.14768362045288; train accuracy: 0.543355566957414; test accuracy: 0.0919
2026-01-22 03:42:40 [INFO]  Epoch 77 loss: 110.9818787574768; train accuracy: 0.5860697793740379; test accuracy: 0.1002
2026-01-22 03:43:24 [INFO]  Epoch 78 loss: 109.67899322509766; train accuracy: 0.6149307337095946; test accuracy: 0.11
2026-01-22 03:44:09 [INFO]  Epoch 79 loss: 110.87881231307983; train accuracy: 0.6544381734222678; test accuracy: 0.1137
2026-01-22 03:44:09 [INFO]  Client 3 Starts Local Trainning--------|
2026-01-22 03:45:20 [INFO]  Epoch 70 loss: 173.06672191619873; train accuracy: 0.5370187561697927; test accuracy: 0.1314
2026-01-22 03:45:20 [INFO]  Save the model in ./checkpoints/CIFAR100_alpha0.05/local_models/client_3/epoch_70.pth
2026-01-22 03:46:25 [INFO]  Epoch 71 loss: 173.95784759521484; train accuracy: 0.48922342875946034; test accuracy: 0.1167
2026-01-22 03:47:33 [INFO]  Epoch 72 loss: 172.29171562194824; train accuracy: 0.5357847976307996; test accuracy: 0.135
2026-01-22 03:48:39 [INFO]  Epoch 73 loss: 172.26430082321167; train accuracy: 0.49777887462981246; test accuracy: 0.1257
2026-01-22 03:49:49 [INFO]  Epoch 74 loss: 171.5780758857727; train accuracy: 0.5240210595590655; test accuracy: 0.1266
2026-01-22 03:51:02 [INFO]  Epoch 75 loss: 170.10512685775757; train accuracy: 0.540885159591971; test accuracy: 0.126
2026-01-22 03:51:02 [INFO]  Save the model in ./checkpoints/CIFAR100_alpha0.05/local_models/client_3/epoch_75.pth
2026-01-22 03:52:15 [INFO]  Epoch 76 loss: 169.91886949539185; train accuracy: 0.4372326423165515; test accuracy: 0.1055
2026-01-22 03:53:24 [INFO]  Epoch 77 loss: 169.5159239768982; train accuracy: 0.496791707798618; test accuracy: 0.1207
2026-01-22 03:54:32 [INFO]  Epoch 78 loss: 168.00274896621704; train accuracy: 0.4491609081934847; test accuracy: 0.1105
2026-01-22 03:55:40 [INFO]  Epoch 79 loss: 167.58304834365845; train accuracy: 0.5051003619611715; test accuracy: 0.1217
2026-01-22 03:55:40 [INFO]  Client 4 Starts Local Trainning--------|
2026-01-22 03:56:40 [INFO]  Epoch 70 loss: 150.3998498916626; train accuracy: 0.555053804765565; test accuracy: 0.1449
2026-01-22 03:56:40 [INFO]  Save the model in ./checkpoints/CIFAR100_alpha0.05/local_models/client_4/epoch_70.pth
2026-01-22 03:57:38 [INFO]  Epoch 71 loss: 152.34879732131958; train accuracy: 0.5515949269792467; test accuracy: 0.1486
2026-01-22 03:58:37 [INFO]  Epoch 72 loss: 151.00374031066895; train accuracy: 0.5688893159108378; test accuracy: 0.1521
2026-01-22 03:59:31 [INFO]  Epoch 73 loss: 150.32597494125366; train accuracy: 0.5278631821675634; test accuracy: 0.1433
2026-01-22 04:00:27 [INFO]  Epoch 74 loss: 150.54815578460693; train accuracy: 0.5516910069177555; test accuracy: 0.1419
2026-01-22 04:01:01 [INFO]  Epoch 75 loss: 149.75342655181885; train accuracy: 0.5084550345887778; test accuracy: 0.1352
2026-01-22 04:01:02 [INFO]  Save the model in ./checkpoints/CIFAR100_alpha0.05/local_models/client_4/epoch_75.pth
2026-01-22 04:01:31 [INFO]  Epoch 76 loss: 148.9467544555664; train accuracy: 0.6224058416602614; test accuracy: 0.1618
2026-01-22 04:02:02 [INFO]  Epoch 77 loss: 148.13233184814453; train accuracy: 0.5374711760184473; test accuracy: 0.142
2026-01-22 04:02:34 [INFO]  Epoch 78 loss: 146.95280075073242; train accuracy: 0.53228285933897; test accuracy: 0.1396
2026-01-22 04:03:05 [INFO]  Epoch 79 loss: 145.3834137916565; train accuracy: 0.556206764027671; test accuracy: 0.147
2026-01-22 04:03:05 [INFO]  Round 7 Finish--------|
2026-01-22 04:03:05 [INFO]  Model variance: mean: 0.004547941032797098, sum: 51028.046875
2026-01-22 04:03:05 [INFO]  g_protos_std (global internal): 0.994074
2026-01-22 04:03:05 [INFO]  inter_client_proto_std (cross-client): 0.012670
2026-01-22 04:03:05 [INFO]  g_protos_std (global internal): 0.994074
2026-01-22 04:03:05 [INFO]  inter_client_proto_std (cross-client): 0.012670
2026-01-22 04:03:05 [INFO]  V4 Training | Using Simple Feature-level Server.
2026-01-22 04:03:10 [INFO]  The test accuracy of OursV4+SimpleFeatureServer: 0.399
2026-01-22 04:03:10 [INFO]  Save config to ./checkpoints/CIFAR100_alpha0.05/baselines_OursV4+SimpleFeatureServer_CIFAR10_results.yaml
2026-01-22 04:03:10 [INFO]  Round 8 starts--------|
2026-01-22 04:03:10 [INFO]  Client 0 Starts Local Trainning--------|
2026-01-22 04:03:32 [INFO]  Epoch 80 loss: 108.48950290679932; train accuracy: 0.5970324092151503; test accuracy: 0.1011
2026-01-22 04:03:33 [INFO]  Save the model in ./checkpoints/CIFAR100_alpha0.05/local_models/client_0/epoch_80.pth
2026-01-22 04:03:56 [INFO]  Epoch 81 loss: 107.83389234542847; train accuracy: 0.5207601197448913; test accuracy: 0.0917
2026-01-22 04:04:19 [INFO]  Epoch 82 loss: 111.22059440612793; train accuracy: 0.5008460236886633; test accuracy: 0.0862
2026-01-22 04:04:42 [INFO]  Epoch 83 loss: 108.45233869552612; train accuracy: 0.5657946114798906; test accuracy: 0.0981
2026-01-22 04:05:05 [INFO]  Epoch 84 loss: 108.74335193634033; train accuracy: 0.5508265000650787; test accuracy: 0.0942
2026-01-22 04:05:28 [INFO]  Epoch 85 loss: 108.0642580986023; train accuracy: 0.5677469738383444; test accuracy: 0.0999
2026-01-22 04:05:28 [INFO]  Save the model in ./checkpoints/CIFAR100_alpha0.05/local_models/client_0/epoch_85.pth
2026-01-22 04:05:52 [INFO]  Epoch 86 loss: 110.63046073913574; train accuracy: 0.48210334504750746; test accuracy: 0.0876
2026-01-22 04:06:17 [INFO]  Epoch 87 loss: 107.89295768737793; train accuracy: 0.5245346869712352; test accuracy: 0.0895
2026-01-22 04:06:41 [INFO]  Epoch 88 loss: 108.40182542800903; train accuracy: 0.5971625667057139; test accuracy: 0.0995
2026-01-22 04:07:05 [INFO]  Epoch 89 loss: 105.92513513565063; train accuracy: 0.5121697253676949; test accuracy: 0.089
2026-01-22 04:07:05 [INFO]  Client 1 Starts Local Trainning--------|
2026-01-22 04:07:44 [INFO]  Epoch 80 loss: 158.71181344985962; train accuracy: 0.5891109810153048; test accuracy: 0.1624
2026-01-22 04:07:45 [INFO]  Save the model in ./checkpoints/CIFAR100_alpha0.05/local_models/client_1/epoch_80.pth
2026-01-22 04:08:18 [INFO]  Epoch 81 loss: 158.70313358306885; train accuracy: 0.5991469432131805; test accuracy: 0.1614
2026-01-22 04:08:53 [INFO]  Epoch 82 loss: 159.8939733505249; train accuracy: 0.5713807811323911; test accuracy: 0.1597
2026-01-22 04:09:29 [INFO]  Epoch 83 loss: 158.2938995361328; train accuracy: 0.5916199715647738; test accuracy: 0.1649
2026-01-22 04:10:05 [INFO]  Epoch 84 loss: 158.2338948249817; train accuracy: 0.6107719327590533; test accuracy: 0.1692
2026-01-22 04:10:41 [INFO]  Epoch 85 loss: 156.60214042663574; train accuracy: 0.6163753449862005; test accuracy: 0.1732
2026-01-22 04:10:41 [INFO]  Save the model in ./checkpoints/CIFAR100_alpha0.05/local_models/client_1/epoch_85.pth
2026-01-22 04:11:17 [INFO]  Epoch 86 loss: 157.4565601348877; train accuracy: 0.5046416325165175; test accuracy: 0.1382
2026-01-22 04:11:52 [INFO]  Epoch 87 loss: 156.67131280899048; train accuracy: 0.5510579576816927; test accuracy: 0.1508
2026-01-22 04:12:26 [INFO]  Epoch 88 loss: 155.5138692855835; train accuracy: 0.5782386886342729; test accuracy: 0.1576
2026-01-22 04:13:02 [INFO]  Epoch 89 loss: 153.7673625946045; train accuracy: 0.6539265702099188; test accuracy: 0.182
2026-01-22 04:13:02 [INFO]  Client 2 Starts Local Trainning--------|
2026-01-22 04:13:25 [INFO]  Epoch 80 loss: 108.62725639343262; train accuracy: 0.6580297588506927; test accuracy: 0.1128
2026-01-22 04:13:26 [INFO]  Save the model in ./checkpoints/CIFAR100_alpha0.05/local_models/client_2/epoch_80.pth
2026-01-22 04:13:52 [INFO]  Epoch 81 loss: 108.84156274795532; train accuracy: 0.5810672139558748; test accuracy: 0.0985
2026-01-22 04:14:16 [INFO]  Epoch 82 loss: 108.1807188987732; train accuracy: 0.5844022575679836; test accuracy: 0.0987
2026-01-22 04:14:41 [INFO]  Epoch 83 loss: 107.9807333946228; train accuracy: 0.5767060030785018; test accuracy: 0.0993
2026-01-22 04:15:06 [INFO]  Epoch 84 loss: 107.12829828262329; train accuracy: 0.6126218573627501; test accuracy: 0.1068
2026-01-22 04:15:28 [INFO]  Epoch 85 loss: 107.47665309906006; train accuracy: 0.5268086198050282; test accuracy: 0.0899
2026-01-22 04:15:29 [INFO]  Save the model in ./checkpoints/CIFAR100_alpha0.05/local_models/client_2/epoch_85.pth
2026-01-22 04:15:52 [INFO]  Epoch 86 loss: 107.48797130584717; train accuracy: 0.5969728065674705; test accuracy: 0.1044
2026-01-22 04:16:17 [INFO]  Epoch 87 loss: 107.3149995803833; train accuracy: 0.5216777834787071; test accuracy: 0.0883
2026-01-22 04:16:40 [INFO]  Epoch 88 loss: 106.64190673828125; train accuracy: 0.5262955361723961; test accuracy: 0.0864
2026-01-22 04:17:04 [INFO]  Epoch 89 loss: 106.41926383972168; train accuracy: 0.6094150846587993; test accuracy: 0.1046
2026-01-22 04:17:04 [INFO]  Client 3 Starts Local Trainning--------|
2026-01-22 04:17:42 [INFO]  Epoch 80 loss: 166.02089500427246; train accuracy: 0.5342217834814084; test accuracy: 0.123
2026-01-22 04:17:42 [INFO]  Save the model in ./checkpoints/CIFAR100_alpha0.05/local_models/client_3/epoch_80.pth
2026-01-22 04:18:17 [INFO]  Epoch 81 loss: 167.3771562576294; train accuracy: 0.44340243501151694; test accuracy: 0.1075
2026-01-22 04:18:52 [INFO]  Epoch 82 loss: 165.43549489974976; train accuracy: 0.6205166173083251; test accuracy: 0.153
2026-01-22 04:19:28 [INFO]  Epoch 83 loss: 165.1645770072937; train accuracy: 0.593205001645278; test accuracy: 0.1433
2026-01-22 04:20:04 [INFO]  Epoch 84 loss: 164.67575216293335; train accuracy: 0.5297795327410333; test accuracy: 0.1314
2026-01-22 04:20:43 [INFO]  Epoch 85 loss: 164.26458072662354; train accuracy: 0.5059230009871668; test accuracy: 0.1231
2026-01-22 04:20:44 [INFO]  Save the model in ./checkpoints/CIFAR100_alpha0.05/local_models/client_3/epoch_85.pth
2026-01-22 04:21:19 [INFO]  Epoch 86 loss: 164.33316230773926; train accuracy: 0.5870352089503126; test accuracy: 0.1388
2026-01-22 04:21:56 [INFO]  Epoch 87 loss: 162.38052606582642; train accuracy: 0.619282658769332; test accuracy: 0.1494
2026-01-22 04:22:31 [INFO]  Epoch 88 loss: 161.94343280792236; train accuracy: 0.5419545903257651; test accuracy: 0.1306
2026-01-22 04:23:07 [INFO]  Epoch 89 loss: 160.73012351989746; train accuracy: 0.44192168476472526; test accuracy: 0.1043
2026-01-22 04:23:07 [INFO]  Client 4 Starts Local Trainning--------|
2026-01-22 04:23:38 [INFO]  Epoch 80 loss: 144.00336170196533; train accuracy: 0.6272098385857033; test accuracy: 0.1638
2026-01-22 04:23:38 [INFO]  Save the model in ./checkpoints/CIFAR100_alpha0.05/local_models/client_4/epoch_80.pth
2026-01-22 04:24:10 [INFO]  Epoch 81 loss: 144.04600286483765; train accuracy: 0.5279592621060722; test accuracy: 0.1393
2026-01-22 04:24:41 [INFO]  Epoch 82 loss: 144.963707447052; train accuracy: 0.5851268255188317; test accuracy: 0.1504
2026-01-22 04:25:12 [INFO]  Epoch 83 loss: 145.10526752471924; train accuracy: 0.6200999231360492; test accuracy: 0.1569
2026-01-22 04:25:44 [INFO]  Epoch 84 loss: 143.45294332504272; train accuracy: 0.5798424289008455; test accuracy: 0.1527
2026-01-22 04:26:15 [INFO]  Epoch 85 loss: 142.61966753005981; train accuracy: 0.5717717140661029; test accuracy: 0.1474
2026-01-22 04:26:16 [INFO]  Save the model in ./checkpoints/CIFAR100_alpha0.05/local_models/client_4/epoch_85.pth
2026-01-22 04:26:51 [INFO]  Epoch 86 loss: 141.52961254119873; train accuracy: 0.5787855495772483; test accuracy: 0.1492
2026-01-22 04:27:23 [INFO]  Epoch 87 loss: 141.3505244255066; train accuracy: 0.5661029976940815; test accuracy: 0.1488
2026-01-22 04:27:54 [INFO]  Epoch 88 loss: 141.1049780845642; train accuracy: 0.5437163720215219; test accuracy: 0.1443
2026-01-22 04:28:24 [INFO]  Epoch 89 loss: 140.8487720489502; train accuracy: 0.577152190622598; test accuracy: 0.1497
2026-01-22 04:28:24 [INFO]  Round 8 Finish--------|
2026-01-22 04:28:24 [INFO]  Model variance: mean: 0.004848812241107225, sum: 54403.83203125
2026-01-22 04:28:24 [INFO]  g_protos_std (global internal): 0.994152
2026-01-22 04:28:24 [INFO]  inter_client_proto_std (cross-client): 0.013101
2026-01-22 04:28:24 [INFO]  g_protos_std (global internal): 0.994152
2026-01-22 04:28:24 [INFO]  inter_client_proto_std (cross-client): 0.013101
2026-01-22 04:28:24 [INFO]  V4 Training | Using Simple Feature-level Server.
2026-01-22 04:28:29 [INFO]  The test accuracy of OursV4+SimpleFeatureServer: 0.423
2026-01-22 04:28:29 [INFO]  Save config to ./checkpoints/CIFAR100_alpha0.05/baselines_OursV4+SimpleFeatureServer_CIFAR10_results.yaml
2026-01-22 04:28:29 [INFO]  Round 9 starts--------|
2026-01-22 04:28:29 [INFO]  Client 0 Starts Local Trainning--------|
2026-01-22 04:28:53 [INFO]  Epoch 90 loss: 108.39997434616089; train accuracy: 0.5371599635559027; test accuracy: 0.0932
2026-01-22 04:28:53 [INFO]  Save the model in ./checkpoints/CIFAR100_alpha0.05/local_models/client_0/epoch_90.pth
2026-01-22 04:29:18 [INFO]  Epoch 91 loss: 102.63282263278961; train accuracy: 0.5827150852531563; test accuracy: 0.1001
2026-01-22 04:29:41 [INFO]  Epoch 92 loss: 110.82472944259644; train accuracy: 0.5603279968762203; test accuracy: 0.0953
2026-01-22 04:30:04 [INFO]  Epoch 93 loss: 106.86408472061157; train accuracy: 0.6109592607054536; test accuracy: 0.1038
2026-01-22 04:30:29 [INFO]  Epoch 94 loss: 104.17477226257324; train accuracy: 0.5240140570089808; test accuracy: 0.0911
2026-01-22 04:30:52 [INFO]  Epoch 95 loss: 103.74910402297974; train accuracy: 0.6338669790446441; test accuracy: 0.1048
2026-01-22 04:30:53 [INFO]  Save the model in ./checkpoints/CIFAR100_alpha0.05/local_models/client_0/epoch_95.pth
2026-01-22 04:31:17 [INFO]  Epoch 96 loss: 103.6345386505127; train accuracy: 0.5506963425745152; test accuracy: 0.096
2026-01-22 04:31:42 [INFO]  Epoch 97 loss: 104.37303590774536; train accuracy: 0.583756345177665; test accuracy: 0.102
2026-01-22 04:32:07 [INFO]  Epoch 98 loss: 105.74214267730713; train accuracy: 0.4645320838214239; test accuracy: 0.0823
2026-01-22 04:32:29 [INFO]  Epoch 99 loss: 103.65438270568848; train accuracy: 0.5940387869321879; test accuracy: 0.1026
2026-01-22 04:32:29 [INFO]  Client 1 Starts Local Trainning--------|
2026-01-22 04:33:04 [INFO]  Epoch 90 loss: 152.0178804397583; train accuracy: 0.6420506816090993; test accuracy: 0.1776
2026-01-22 04:33:04 [INFO]  Save the model in ./checkpoints/CIFAR100_alpha0.05/local_models/client_1/epoch_90.pth
2026-01-22 04:33:44 [INFO]  Epoch 91 loss: 152.75133228302002; train accuracy: 0.6131136572718909; test accuracy: 0.1757
2026-01-22 04:34:18 [INFO]  Epoch 92 loss: 152.11584949493408; train accuracy: 0.5523960859747429; test accuracy: 0.1544
2026-01-22 04:34:55 [INFO]  Epoch 93 loss: 151.1611819267273; train accuracy: 0.6166262440411474; test accuracy: 0.1712
2026-01-22 04:35:30 [INFO]  Epoch 94 loss: 150.61354112625122; train accuracy: 0.6406289202977336; test accuracy: 0.1783
2026-01-22 04:36:07 [INFO]  Epoch 95 loss: 151.64235639572144; train accuracy: 0.6463995985615121; test accuracy: 0.1811
2026-01-22 04:36:07 [INFO]  Save the model in ./checkpoints/CIFAR100_alpha0.05/local_models/client_1/epoch_95.pth
2026-01-22 04:36:43 [INFO]  Epoch 96 loss: 151.2463035583496; train accuracy: 0.6301747930082797; test accuracy: 0.1726
2026-01-22 04:37:19 [INFO]  Epoch 97 loss: 150.98868608474731; train accuracy: 0.6856234841515431; test accuracy: 0.1915
2026-01-22 04:37:57 [INFO]  Epoch 98 loss: 148.98679494857788; train accuracy: 0.6111064648323158; test accuracy: 0.1673
2026-01-22 04:38:34 [INFO]  Epoch 99 loss: 149.6195192337036; train accuracy: 0.6481558919461403; test accuracy: 0.1837
2026-01-22 04:38:34 [INFO]  Client 2 Starts Local Trainning--------|
2026-01-22 04:38:58 [INFO]  Epoch 90 loss: 104.06529092788696; train accuracy: 0.6038994356080041; test accuracy: 0.1046
2026-01-22 04:38:59 [INFO]  Save the model in ./checkpoints/CIFAR100_alpha0.05/local_models/client_2/epoch_90.pth
2026-01-22 04:39:23 [INFO]  Epoch 91 loss: 105.52976989746094; train accuracy: 0.5791431503335044; test accuracy: 0.0973
2026-01-22 04:39:50 [INFO]  Epoch 92 loss: 104.98628520965576; train accuracy: 0.6386608517188301; test accuracy: 0.1119
2026-01-22 04:40:16 [INFO]  Epoch 93 loss: 104.38813924789429; train accuracy: 0.6444330425859415; test accuracy: 0.112
2026-01-22 04:40:41 [INFO]  Epoch 94 loss: 104.44612550735474; train accuracy: 0.5822216521292971; test accuracy: 0.0959
2026-01-22 04:41:06 [INFO]  Epoch 95 loss: 103.18116664886475; train accuracy: 0.6747049769112365; test accuracy: 0.1192
2026-01-22 04:41:06 [INFO]  Save the model in ./checkpoints/CIFAR100_alpha0.05/local_models/client_2/epoch_95.pth
2026-01-22 04:41:31 [INFO]  Epoch 96 loss: 102.53420925140381; train accuracy: 0.5960749102103643; test accuracy: 0.1052
2026-01-22 04:41:55 [INFO]  Epoch 97 loss: 102.48373603820801; train accuracy: 0.5882503848127245; test accuracy: 0.1004
2026-01-22 04:42:21 [INFO]  Epoch 98 loss: 103.63025760650635; train accuracy: 0.5355310415597743; test accuracy: 0.0936
2026-01-22 04:42:45 [INFO]  Epoch 99 loss: 102.29002904891968; train accuracy: 0.6219856336582863; test accuracy: 0.1093
2026-01-22 04:42:45 [INFO]  Client 3 Starts Local Trainning--------|
2026-01-22 04:43:24 [INFO]  Epoch 90 loss: 158.45173740386963; train accuracy: 0.5148075024679171; test accuracy: 0.1235
2026-01-22 04:43:24 [INFO]  Save the model in ./checkpoints/CIFAR100_alpha0.05/local_models/client_3/epoch_90.pth
2026-01-22 04:44:01 [INFO]  Epoch 91 loss: 159.26907110214233; train accuracy: 0.5398157288581771; test accuracy: 0.1267
2026-01-22 04:44:40 [INFO]  Epoch 92 loss: 158.2530574798584; train accuracy: 0.5200723922342876; test accuracy: 0.1248
2026-01-22 04:45:17 [INFO]  Epoch 93 loss: 158.68532800674438; train accuracy: 0.5650707469562356; test accuracy: 0.136
2026-01-22 04:45:55 [INFO]  Epoch 94 loss: 158.197678565979; train accuracy: 0.556433037183284; test accuracy: 0.1367
2026-01-22 04:46:36 [INFO]  Epoch 95 loss: 158.5464744567871; train accuracy: 0.6252879236590984; test accuracy: 0.1526
2026-01-22 04:46:36 [INFO]  Save the model in ./checkpoints/CIFAR100_alpha0.05/local_models/client_3/epoch_95.pth
2026-01-22 04:47:13 [INFO]  Epoch 96 loss: 156.72890520095825; train accuracy: 0.6112207963145772; test accuracy: 0.1463
2026-01-22 04:47:53 [INFO]  Epoch 97 loss: 156.16098260879517; train accuracy: 0.5750246791707798; test accuracy: 0.1422
2026-01-22 04:48:33 [INFO]  Epoch 98 loss: 156.25963687896729; train accuracy: 0.6487331358999671; test accuracy: 0.1554
2026-01-22 04:49:16 [INFO]  Epoch 99 loss: 155.00261974334717; train accuracy: 0.48223099703849953; test accuracy: 0.1132
2026-01-22 04:49:16 [INFO]  Client 4 Starts Local Trainning--------|
2026-01-22 04:49:51 [INFO]  Epoch 90 loss: 138.45897006988525; train accuracy: 0.6269215987701768; test accuracy: 0.1638
2026-01-22 04:49:52 [INFO]  Save the model in ./checkpoints/CIFAR100_alpha0.05/local_models/client_4/epoch_90.pth
2026-01-22 04:50:28 [INFO]  Epoch 91 loss: 139.38010263442993; train accuracy: 0.6219254419677172; test accuracy: 0.1632
2026-01-22 04:51:03 [INFO]  Epoch 92 loss: 138.36208152770996; train accuracy: 0.6005956956187548; test accuracy: 0.1552
2026-01-22 04:51:37 [INFO]  Epoch 93 loss: 138.0672106742859; train accuracy: 0.5869523443504996; test accuracy: 0.1539
2026-01-22 04:52:14 [INFO]  Epoch 94 loss: 139.33140087127686; train accuracy: 0.6000192159877018; test accuracy: 0.1603
2026-01-22 04:52:51 [INFO]  Epoch 95 loss: 137.0248351097107; train accuracy: 0.5707148347425057; test accuracy: 0.1488
2026-01-22 04:52:51 [INFO]  Save the model in ./checkpoints/CIFAR100_alpha0.05/local_models/client_4/epoch_95.pth
2026-01-22 04:53:29 [INFO]  Epoch 96 loss: 137.42749738693237; train accuracy: 0.544869331283628; test accuracy: 0.1422
2026-01-22 04:54:05 [INFO]  Epoch 97 loss: 136.64936065673828; train accuracy: 0.6175057647963106; test accuracy: 0.155
2026-01-22 04:54:39 [INFO]  Epoch 98 loss: 136.44521617889404; train accuracy: 0.5967524980784013; test accuracy: 0.1544
2026-01-22 04:55:15 [INFO]  Epoch 99 loss: 135.43865633010864; train accuracy: 0.5563989239046887; test accuracy: 0.1452
2026-01-22 04:55:15 [INFO]  Round 9 Finish--------|
2026-01-22 04:55:15 [INFO]  Model variance: mean: 0.005133955739438534, sum: 57603.1484375
2026-01-22 04:55:15 [INFO]  g_protos_std (global internal): 0.994226
2026-01-22 04:55:15 [INFO]  inter_client_proto_std (cross-client): 0.013484
2026-01-22 04:55:15 [INFO]  g_protos_std (global internal): 0.994226
2026-01-22 04:55:15 [INFO]  inter_client_proto_std (cross-client): 0.013484
2026-01-22 04:55:15 [INFO]  V4 Training | Using Simple Feature-level Server.
2026-01-22 04:55:20 [INFO]  The test accuracy of OursV4+SimpleFeatureServer: 0.417
2026-01-22 04:55:20 [INFO]  Save config to ./checkpoints/CIFAR100_alpha0.05/baselines_OursV4+SimpleFeatureServer_CIFAR10_results.yaml
