2026-01-22 10:03:57 [INFO]  Load config from configs/SVHN_alpha0.05_seed42.yaml
2026-01-22 10:03:57 [INFO]  config: {'exp_name': 'SVHN_alpha0.05', 'dataset': {'data_name': 'SVHN', 'root_path': '~/datasets/', 'train_batch_size': 256, 'test_batch_size': 256, 'channels': 3, 'num_classes': 10, 'image_size': 32, 'aux_data_name': 'SVHN', 'aux_root_path': '~/datasets/', 'aux_split': 'test'}, 'distribution': {'type': 'dirichlet', 'label_num_per_client': 2, 'alpha': 0.05}, 'client': {'num_clients': 5}, 'server': {'num_rounds': 50, 'frac_clients': 1.0, 'lr': 0.05, 'local_epochs': 1, 'optimizer': 'sgd', 'momentum': 0.9, 'weight_decay': 0.0001, 'loss_name': 'ce', 'model_name': 'resnet18', 'aggregated_by_datasize': True, 'lr_decay_per_round': 0.998}, 'device': 'cuda:0', 'checkpoint': {'save_path': './checkpoints/', 'save_freq': 5, 'result_file': 'SVHN_results.yaml'}, 'pretrain': {'lr': 0.01, 'epoch': 70, 'model_path': './pretrain/', 'momentum': 0.9, 'weight_decay': 0.0001, 'model_name': 'resnet18', 'model_file_name': 'resnet18-f37072fd.pth'}, 'DBCD': {'alpha_l_pa': 1, 'alpha_l_pb': 1, 'alpha_l_pc': 0.0, 'Beta_alpha': 0.2, 'unsup_method': 'infonce', 'contrastive_temperature': 0.5, 'encoder_epoch': 40, 'projector_epoch': 10, 'use_pretrain': False, 'aug_batch_size': 512, 'encoder_lr': 0.03, 'cls_optimizer': 'sgd', 'cls_lr': 0.05, 'supcon_temp': 0.07, 'super_gr': 100, 'aux_with_public': True}, 'etf': {'loss_name': 'ce'}, 'visualization': {'interval': 5, 'save_path': 'visualization/resnet18', 'vis_size': 16}, 'resume': True, 'resume_best': False, 'seed': 42, 'lambda_align_initial': 10.0, 'v9_config': {'use_adaptive_lambda': True, 'lambda_min': 0.1, 'lambda_max': 20.0, 'use_server_optimization': False, 'server_lr': 0.001, 'server_epochs': 20, 'gamma_etf_reg': 0.1}, 'v10_config': {'use_uncertainty_weighting': True, 'sigma_lr': 0.005}}
2026-01-22 10:04:01 [INFO]  Dataset SVHN loaded
2026-01-22 10:04:01 [INFO]  Dataset index dict loaded from preprocessed_data/SVHN.pt
2026-01-22 10:04:01 [INFO]  Data distribution generated correctly using the corrected dirichlet function.
2026-01-22 10:04:01 [INFO]  Total assigned samples: 73257
2026-01-22 10:04:01 [INFO]  OneshotOurs
2026-01-22 10:04:02 [INFO]  Round 0 starts--------|
2026-01-22 10:04:02 [INFO]  Client 0 Starts Local Trainning--------|
2026-01-22 10:04:07 [INFO]  generating sample per sample
2026-01-22 10:05:12 [INFO]  Epoch 0 loss: 446.80193185806274; train accuracy: 0.5842365258423653; test accuracy: 0.10214351567301783
2026-01-22 10:05:13 [INFO]  Save the model in ./checkpoints/SVHN_alpha0.05/local_models/client_0/epoch_0.pth
2026-01-22 10:05:13 [INFO]  Client 1 Starts Local Trainning--------|
2026-01-22 10:05:25 [INFO]  generating sample per sample
2026-01-22 10:07:45 [INFO]  Epoch 0 loss: 1057.6406183242798; train accuracy: 0.19227534450410816; test accuracy: 0.09177166564228642
2026-01-22 10:07:45 [INFO]  Save the model in ./checkpoints/SVHN_alpha0.05/local_models/client_1/epoch_0.pth
2026-01-22 10:07:45 [INFO]  Client 2 Starts Local Trainning--------|
2026-01-22 10:07:45 [INFO]  generating sample per sample
2026-01-22 10:07:53 [INFO]  Epoch 0 loss: 22.950770378112793; train accuracy: 0.0; test accuracy: 0.07582974800245851
2026-01-22 10:07:53 [INFO]  Save the model in ./checkpoints/SVHN_alpha0.05/local_models/client_2/epoch_0.pth
2026-01-22 10:07:53 [INFO]  Client 3 Starts Local Trainning--------|
2026-01-22 10:07:57 [INFO]  generating sample per sample
2026-01-22 10:08:50 [INFO]  Epoch 0 loss: 320.24922227859497; train accuracy: 0.9463471340427434; test accuracy: 0.15941917639827904
2026-01-22 10:08:50 [INFO]  Save the model in ./checkpoints/SVHN_alpha0.05/local_models/client_3/epoch_0.pth
2026-01-22 10:08:50 [INFO]  Client 4 Starts Local Trainning--------|
2026-01-22 10:08:58 [INFO]  generating sample per sample
2026-01-22 10:10:15 [INFO]  Epoch 0 loss: 583.78151512146; train accuracy: 0.46902240683320656; test accuracy: 0.10264290104486785
2026-01-22 10:10:15 [INFO]  Save the model in ./checkpoints/SVHN_alpha0.05/local_models/client_4/epoch_0.pth
2026-01-22 10:10:15 [INFO]  Round 0 Finish--------|
2026-01-22 10:10:15 [INFO]  Model variance: mean: 0.0007387876394204795, sum: 8255.177734375
2026-01-22 10:10:15 [INFO]  g_protos_std (global internal): 1.011295
2026-01-22 10:10:15 [INFO]  inter_client_proto_std (cross-client): 0.006624
2026-01-22 10:10:15 [INFO]  g_protos_std (global internal): 1.011295
2026-01-22 10:10:15 [INFO]  inter_client_proto_std (cross-client): 0.006624
2026-01-22 10:10:15 [INFO]  V4 Training | Using Simple Feature-level Server.
2026-01-22 10:10:33 [INFO]  The test accuracy of OursV4+SimpleFeatureServer: 0.3117317148125384
2026-01-22 10:10:33 [INFO]  Save config to ./checkpoints/SVHN_alpha0.05/baselines_OursV4+SimpleFeatureServer_SVHN_results.yaml
2026-01-22 10:10:33 [INFO]  Round 1 starts--------|
2026-01-22 10:10:33 [INFO]  Client 0 Starts Local Trainning--------|
2026-01-22 10:11:36 [INFO]  Epoch 1 loss: 387.67959356307983; train accuracy: 0.7933348079333481; test accuracy: 0.14090350338045482
2026-01-22 10:11:36 [INFO]  Client 1 Starts Local Trainning--------|
2026-01-22 10:13:54 [INFO]  Epoch 1 loss: 916.1123847961426; train accuracy: 0.7447111341139937; test accuracy: 0.3501843884449908
2026-01-22 10:13:54 [INFO]  Client 2 Starts Local Trainning--------|
2026-01-22 10:14:04 [INFO]  Epoch 1 loss: 19.67179012298584; train accuracy: 0.34523809523809523; test accuracy: 0.0743700061462815
2026-01-22 10:14:04 [INFO]  Client 3 Starts Local Trainning--------|
2026-01-22 10:14:59 [INFO]  Epoch 1 loss: 291.67481660842896; train accuracy: 0.9467048198157918; test accuracy: 0.16237707437000615
2026-01-22 10:14:59 [INFO]  Client 4 Starts Local Trainning--------|
2026-01-22 10:16:17 [INFO]  Epoch 1 loss: 555.2336378097534; train accuracy: 0.5188088691277131; test accuracy: 0.11916103257529195
2026-01-22 10:16:17 [INFO]  Round 1 Finish--------|
2026-01-22 10:16:17 [INFO]  Model variance: mean: 0.0010014367289841175, sum: 11190.005859375
2026-01-22 10:16:17 [INFO]  g_protos_std (global internal): 1.011325
2026-01-22 10:16:17 [INFO]  inter_client_proto_std (cross-client): 0.007774
2026-01-22 10:16:17 [INFO]  g_protos_std (global internal): 1.011325
2026-01-22 10:16:17 [INFO]  inter_client_proto_std (cross-client): 0.007774
2026-01-22 10:16:17 [INFO]  V4 Training | Using Simple Feature-level Server.
2026-01-22 10:16:33 [INFO]  The test accuracy of OursV4+SimpleFeatureServer: 0.3802243392747388
2026-01-22 10:16:33 [INFO]  Save config to ./checkpoints/SVHN_alpha0.05/baselines_OursV4+SimpleFeatureServer_SVHN_results.yaml
2026-01-22 10:16:33 [INFO]  Round 2 starts--------|
2026-01-22 10:16:33 [INFO]  Client 0 Starts Local Trainning--------|
2026-01-22 10:17:37 [INFO]  Epoch 2 loss: 374.3111686706543; train accuracy: 0.722775197227752; test accuracy: 0.13206822372464658
2026-01-22 10:17:37 [INFO]  Client 1 Starts Local Trainning--------|
2026-01-22 10:19:57 [INFO]  Epoch 2 loss: 852.6537356376648; train accuracy: 0.8011580513683121; test accuracy: 0.36662569145666873
2026-01-22 10:19:57 [INFO]  Client 2 Starts Local Trainning--------|
2026-01-22 10:20:05 [INFO]  Epoch 2 loss: 17.979265213012695; train accuracy: 0.6607142857142857; test accuracy: 0.06799323909035034
2026-01-22 10:20:05 [INFO]  Client 3 Starts Local Trainning--------|
2026-01-22 10:20:55 [INFO]  Epoch 2 loss: 288.46012592315674; train accuracy: 0.9463471340427434; test accuracy: 0.15938076213890595
2026-01-22 10:20:55 [INFO]  Client 4 Starts Local Trainning--------|
2026-01-22 10:22:14 [INFO]  Epoch 2 loss: 539.4220252037048; train accuracy: 0.5770783361610016; test accuracy: 0.1290719114935464
2026-01-22 10:22:14 [INFO]  Round 2 Finish--------|
2026-01-22 10:22:14 [INFO]  Model variance: mean: 0.0012154948199167848, sum: 13581.880859375
2026-01-22 10:22:14 [INFO]  g_protos_std (global internal): 1.011367
2026-01-22 10:22:14 [INFO]  inter_client_proto_std (cross-client): 0.008733
2026-01-22 10:22:14 [INFO]  g_protos_std (global internal): 1.011367
2026-01-22 10:22:14 [INFO]  inter_client_proto_std (cross-client): 0.008733
2026-01-22 10:22:14 [INFO]  V4 Training | Using Simple Feature-level Server.
2026-01-22 10:22:30 [INFO]  The test accuracy of OursV4+SimpleFeatureServer: 0.40803626306084817
2026-01-22 10:22:30 [INFO]  Save config to ./checkpoints/SVHN_alpha0.05/baselines_OursV4+SimpleFeatureServer_SVHN_results.yaml
2026-01-22 10:22:30 [INFO]  Round 3 starts--------|
2026-01-22 10:22:30 [INFO]  Client 0 Starts Local Trainning--------|
2026-01-22 10:23:37 [INFO]  Epoch 3 loss: 364.4144039154053; train accuracy: 0.8655902086559021; test accuracy: 0.16107098955132146
2026-01-22 10:23:37 [INFO]  Client 1 Starts Local Trainning--------|
2026-01-22 10:26:00 [INFO]  Epoch 3 loss: 819.2729477882385; train accuracy: 0.8405576761337905; test accuracy: 0.4048478795328826
2026-01-22 10:26:00 [INFO]  Client 2 Starts Local Trainning--------|
2026-01-22 10:26:09 [INFO]  Epoch 3 loss: 16.61456871032715; train accuracy: 0.8214285714285714; test accuracy: 0.0661877688998156
2026-01-22 10:26:09 [INFO]  Client 3 Starts Local Trainning--------|
2026-01-22 10:27:08 [INFO]  Epoch 3 loss: 287.365864276886; train accuracy: 0.907001699007422; test accuracy: 0.17447756607252612
2026-01-22 10:27:08 [INFO]  Client 4 Starts Local Trainning--------|
2026-01-22 10:28:33 [INFO]  Epoch 3 loss: 514.5545463562012; train accuracy: 0.6155736266307845; test accuracy: 0.14720344191763982
2026-01-22 10:28:33 [INFO]  Round 3 Finish--------|
2026-01-22 10:28:33 [INFO]  Model variance: mean: 0.0014019811060279608, sum: 15665.669921875
2026-01-22 10:28:33 [INFO]  g_protos_std (global internal): 1.011395
2026-01-22 10:28:33 [INFO]  inter_client_proto_std (cross-client): 0.009455
2026-01-22 10:28:33 [INFO]  g_protos_std (global internal): 1.011395
2026-01-22 10:28:33 [INFO]  inter_client_proto_std (cross-client): 0.009455
2026-01-22 10:28:33 [INFO]  V4 Training | Using Simple Feature-level Server.
2026-01-22 10:28:49 [INFO]  The test accuracy of OursV4+SimpleFeatureServer: 0.4219038106945298
2026-01-22 10:28:49 [INFO]  Save config to ./checkpoints/SVHN_alpha0.05/baselines_OursV4+SimpleFeatureServer_SVHN_results.yaml
2026-01-22 10:28:49 [INFO]  Round 4 starts--------|
2026-01-22 10:28:49 [INFO]  Client 0 Starts Local Trainning--------|
2026-01-22 10:29:58 [INFO]  Epoch 4 loss: 359.054283618927; train accuracy: 0.7726904077269041; test accuracy: 0.14013521819299324
2026-01-22 10:29:58 [INFO]  Client 1 Starts Local Trainning--------|
2026-01-22 10:32:29 [INFO]  Epoch 4 loss: 798.7914304733276; train accuracy: 0.8312415087015592; test accuracy: 0.3868315918869084
2026-01-22 10:32:29 [INFO]  Client 2 Starts Local Trainning--------|
2026-01-22 10:32:38 [INFO]  Epoch 4 loss: 15.290045261383057; train accuracy: 0.8531746031746031; test accuracy: 0.06576521204671174
2026-01-22 10:32:38 [INFO]  Client 3 Starts Local Trainning--------|
2026-01-22 10:33:35 [INFO]  Epoch 4 loss: 286.38185691833496; train accuracy: 0.9463471340427434; test accuracy: 0.15938076213890595
2026-01-22 10:33:35 [INFO]  Client 4 Starts Local Trainning--------|
2026-01-22 10:35:01 [INFO]  Epoch 4 loss: 488.14269971847534; train accuracy: 0.7030363306616744; test accuracy: 0.1697141979102643
2026-01-22 10:35:01 [INFO]  Round 4 Finish--------|
2026-01-22 10:35:01 [INFO]  Model variance: mean: 0.0015687515260651708, sum: 17529.154296875
2026-01-22 10:35:01 [INFO]  g_protos_std (global internal): 1.011414
2026-01-22 10:35:01 [INFO]  inter_client_proto_std (cross-client): 0.010102
2026-01-22 10:35:01 [INFO]  g_protos_std (global internal): 1.011414
2026-01-22 10:35:01 [INFO]  inter_client_proto_std (cross-client): 0.010102
2026-01-22 10:35:01 [INFO]  V4 Training | Using Simple Feature-level Server.
2026-01-22 10:35:17 [INFO]  The test accuracy of OursV4+SimpleFeatureServer: 0.44345421020282727
2026-01-22 10:35:17 [INFO]  Save config to ./checkpoints/SVHN_alpha0.05/baselines_OursV4+SimpleFeatureServer_SVHN_results.yaml
2026-01-22 10:35:17 [INFO]  Round 5 starts--------|
2026-01-22 10:35:17 [INFO]  Client 0 Starts Local Trainning--------|
2026-01-22 10:36:24 [INFO]  Epoch 5 loss: 352.57856035232544; train accuracy: 0.8974415689744157; test accuracy: 0.18822987092808852
2026-01-22 10:36:24 [INFO]  Save the model in ./checkpoints/SVHN_alpha0.05/local_models/client_0/epoch_5.pth
2026-01-22 10:36:24 [INFO]  Client 1 Starts Local Trainning--------|
2026-01-22 10:38:52 [INFO]  Epoch 5 loss: 783.6582469940186; train accuracy: 0.8585430549265705; test accuracy: 0.41637215734480637
2026-01-22 10:38:52 [INFO]  Save the model in ./checkpoints/SVHN_alpha0.05/local_models/client_1/epoch_5.pth
2026-01-22 10:38:52 [INFO]  Client 2 Starts Local Trainning--------|
2026-01-22 10:39:02 [INFO]  Epoch 5 loss: 14.735565185546875; train accuracy: 0.9325396825396826; test accuracy: 0.06426705593116165
2026-01-22 10:39:02 [INFO]  Save the model in ./checkpoints/SVHN_alpha0.05/local_models/client_2/epoch_5.pth
2026-01-22 10:39:02 [INFO]  Client 3 Starts Local Trainning--------|
2026-01-22 10:40:00 [INFO]  Epoch 5 loss: 286.0713052749634; train accuracy: 0.9513547348654208; test accuracy: 0.17735863552550707
2026-01-22 10:40:00 [INFO]  Save the model in ./checkpoints/SVHN_alpha0.05/local_models/client_3/epoch_5.pth
2026-01-22 10:40:00 [INFO]  Client 4 Starts Local Trainning--------|
2026-01-22 10:41:20 [INFO]  Epoch 5 loss: 470.9254789352417; train accuracy: 0.7080091265430293; test accuracy: 0.1772818070067609
2026-01-22 10:41:21 [INFO]  Save the model in ./checkpoints/SVHN_alpha0.05/local_models/client_4/epoch_5.pth
2026-01-22 10:41:21 [INFO]  Round 5 Finish--------|
2026-01-22 10:41:21 [INFO]  Model variance: mean: 0.001719298423267901, sum: 19211.357421875
2026-01-22 10:41:21 [INFO]  g_protos_std (global internal): 1.011430
2026-01-22 10:41:21 [INFO]  inter_client_proto_std (cross-client): 0.010658
2026-01-22 10:41:21 [INFO]  g_protos_std (global internal): 1.011430
2026-01-22 10:41:21 [INFO]  inter_client_proto_std (cross-client): 0.010658
2026-01-22 10:41:21 [INFO]  V4 Training | Using Simple Feature-level Server.
2026-01-22 10:41:37 [INFO]  The test accuracy of OursV4+SimpleFeatureServer: 0.45152120467117396
2026-01-22 10:41:37 [INFO]  Save config to ./checkpoints/SVHN_alpha0.05/baselines_OursV4+SimpleFeatureServer_SVHN_results.yaml
2026-01-22 10:41:37 [INFO]  Round 6 starts--------|
2026-01-22 10:41:37 [INFO]  Client 0 Starts Local Trainning--------|
2026-01-22 10:42:37 [INFO]  Epoch 6 loss: 347.8016195297241; train accuracy: 0.8999483889994839; test accuracy: 0.20251997541487401
2026-01-22 10:42:37 [INFO]  Client 1 Starts Local Trainning--------|
2026-01-22 10:44:51 [INFO]  Epoch 6 loss: 772.8238301277161; train accuracy: 0.8948049427443877; test accuracy: 0.43438844499078055
2026-01-22 10:44:51 [INFO]  Client 2 Starts Local Trainning--------|
2026-01-22 10:45:00 [INFO]  Epoch 6 loss: 13.86327314376831; train accuracy: 0.9900793650793651; test accuracy: 0.06142440073755378
2026-01-22 10:45:00 [INFO]  Client 3 Starts Local Trainning--------|
2026-01-22 10:45:56 [INFO]  Epoch 6 loss: 285.1886730194092; train accuracy: 0.9467048198157918; test accuracy: 0.16107098955132146
2026-01-22 10:45:56 [INFO]  Client 4 Starts Local Trainning--------|
2026-01-22 10:47:12 [INFO]  Epoch 6 loss: 459.15502643585205; train accuracy: 0.7600772245948634; test accuracy: 0.17490012292562998
2026-01-22 10:47:12 [INFO]  Round 6 Finish--------|
2026-01-22 10:47:12 [INFO]  Model variance: mean: 0.001855818321928382, sum: 20736.82421875
2026-01-22 10:47:12 [INFO]  g_protos_std (global internal): 1.011454
2026-01-22 10:47:12 [INFO]  inter_client_proto_std (cross-client): 0.011181
2026-01-22 10:47:12 [INFO]  g_protos_std (global internal): 1.011454
2026-01-22 10:47:12 [INFO]  inter_client_proto_std (cross-client): 0.011181
2026-01-22 10:47:12 [INFO]  V4 Training | Using Simple Feature-level Server.
2026-01-22 10:47:29 [INFO]  The test accuracy of OursV4+SimpleFeatureServer: 0.4736862323294407
2026-01-22 10:47:29 [INFO]  Save config to ./checkpoints/SVHN_alpha0.05/baselines_OursV4+SimpleFeatureServer_SVHN_results.yaml
2026-01-22 10:47:29 [INFO]  Round 7 starts--------|
2026-01-22 10:47:29 [INFO]  Client 0 Starts Local Trainning--------|
2026-01-22 10:48:31 [INFO]  Epoch 7 loss: 345.9182300567627; train accuracy: 0.8476738184767382; test accuracy: 0.1717117393976644
2026-01-22 10:48:31 [INFO]  Client 1 Starts Local Trainning--------|
2026-01-22 10:50:46 [INFO]  Epoch 7 loss: 764.594699382782; train accuracy: 0.8678592223588019; test accuracy: 0.41195451751690226
2026-01-22 10:50:46 [INFO]  Client 2 Starts Local Trainning--------|
2026-01-22 10:50:54 [INFO]  Epoch 7 loss: 13.3796067237854; train accuracy: 0.9900793650793651; test accuracy: 0.06127074370006146
2026-01-22 10:50:54 [INFO]  Client 3 Starts Local Trainning--------|
2026-01-22 10:51:47 [INFO]  Epoch 7 loss: 284.0040383338928; train accuracy: 0.9396405257980864; test accuracy: 0.1732483097725876
2026-01-22 10:51:47 [INFO]  Client 4 Starts Local Trainning--------|
2026-01-22 10:53:01 [INFO]  Epoch 7 loss: 453.6486325263977; train accuracy: 0.8332650792722167; test accuracy: 0.21246926859250154
2026-01-22 10:53:01 [INFO]  Round 7 Finish--------|
2026-01-22 10:53:01 [INFO]  Model variance: mean: 0.001984038855880499, sum: 22169.5546875
2026-01-22 10:53:01 [INFO]  g_protos_std (global internal): 1.011473
2026-01-22 10:53:01 [INFO]  inter_client_proto_std (cross-client): 0.011681
2026-01-22 10:53:01 [INFO]  g_protos_std (global internal): 1.011473
2026-01-22 10:53:01 [INFO]  inter_client_proto_std (cross-client): 0.011681
2026-01-22 10:53:01 [INFO]  V4 Training | Using Simple Feature-level Server.
2026-01-22 10:53:19 [INFO]  The test accuracy of OursV4+SimpleFeatureServer: 0.48655500921942224
2026-01-22 10:53:19 [INFO]  Save config to ./checkpoints/SVHN_alpha0.05/baselines_OursV4+SimpleFeatureServer_SVHN_results.yaml
2026-01-22 10:53:19 [INFO]  Round 8 starts--------|
2026-01-22 10:53:19 [INFO]  Client 0 Starts Local Trainning--------|
2026-01-22 10:54:25 [INFO]  Epoch 8 loss: 342.6565456390381; train accuracy: 0.9073213890732139; test accuracy: 0.1982944068838353
2026-01-22 10:54:25 [INFO]  Client 1 Starts Local Trainning--------|
2026-01-22 10:56:44 [INFO]  Epoch 8 loss: 760.2129735946655; train accuracy: 0.8951931163873973; test accuracy: 0.4274354640442532
2026-01-22 10:56:44 [INFO]  Client 2 Starts Local Trainning--------|
2026-01-22 10:56:52 [INFO]  Epoch 8 loss: 13.178884506225586; train accuracy: 0.9900793650793651; test accuracy: 0.06127074370006146
2026-01-22 10:56:52 [INFO]  Client 3 Starts Local Trainning--------|
2026-01-22 10:57:46 [INFO]  Epoch 8 loss: 284.26211738586426; train accuracy: 0.9529643208441384; test accuracy: 0.17662876459741855
2026-01-22 10:57:46 [INFO]  Client 4 Starts Local Trainning--------|
2026-01-22 10:59:06 [INFO]  Epoch 8 loss: 448.4684886932373; train accuracy: 0.8281752764289475; test accuracy: 0.2045559311616472
2026-01-22 10:59:06 [INFO]  Round 8 Finish--------|
2026-01-22 10:59:06 [INFO]  Model variance: mean: 0.0021043228916823864, sum: 23513.6015625
2026-01-22 10:59:06 [INFO]  g_protos_std (global internal): 1.011487
2026-01-22 10:59:06 [INFO]  inter_client_proto_std (cross-client): 0.012128
2026-01-22 10:59:06 [INFO]  g_protos_std (global internal): 1.011487
2026-01-22 10:59:06 [INFO]  inter_client_proto_std (cross-client): 0.012128
2026-01-22 10:59:06 [INFO]  V4 Training | Using Simple Feature-level Server.
2026-01-22 10:59:22 [INFO]  The test accuracy of OursV4+SimpleFeatureServer: 0.4878226797787339
2026-01-22 10:59:22 [INFO]  Save config to ./checkpoints/SVHN_alpha0.05/baselines_OursV4+SimpleFeatureServer_SVHN_results.yaml
2026-01-22 10:59:22 [INFO]  Round 9 starts--------|
2026-01-22 10:59:22 [INFO]  Client 0 Starts Local Trainning--------|
2026-01-22 11:00:24 [INFO]  Epoch 9 loss: 339.07365560531616; train accuracy: 0.9138096291380963; test accuracy: 0.20155961893054702
2026-01-22 11:00:24 [INFO]  Client 1 Starts Local Trainning--------|
2026-01-22 11:02:48 [INFO]  Epoch 9 loss: 751.7236800193787; train accuracy: 0.8814776476677234; test accuracy: 0.40261985248924403
2026-01-22 11:02:48 [INFO]  Client 2 Starts Local Trainning--------|
2026-01-22 11:02:58 [INFO]  Epoch 9 loss: 13.018721580505371; train accuracy: 0.9900793650793651; test accuracy: 0.06127074370006146
2026-01-22 11:02:58 [INFO]  Client 3 Starts Local Trainning--------|
2026-01-22 11:03:54 [INFO]  Epoch 9 loss: 283.62407541275024; train accuracy: 0.967718858982384; test accuracy: 0.2555700676090965
2026-01-22 11:03:54 [INFO]  Client 4 Starts Local Trainning--------|
2026-01-22 11:05:18 [INFO]  Epoch 9 loss: 442.8107509613037; train accuracy: 0.8633358684841748; test accuracy: 0.22138137676705594
2026-01-22 11:05:18 [INFO]  Round 9 Finish--------|
2026-01-22 11:05:18 [INFO]  Model variance: mean: 0.0022182001266628504, sum: 24786.060546875
2026-01-22 11:05:18 [INFO]  g_protos_std (global internal): 1.011508
2026-01-22 11:05:18 [INFO]  inter_client_proto_std (cross-client): 0.012560
2026-01-22 11:05:18 [INFO]  g_protos_std (global internal): 1.011508
2026-01-22 11:05:18 [INFO]  inter_client_proto_std (cross-client): 0.012560
2026-01-22 11:05:18 [INFO]  V4 Training | Using Simple Feature-level Server.
2026-01-22 11:05:36 [INFO]  The test accuracy of OursV4+SimpleFeatureServer: 0.5122925629993854
2026-01-22 11:05:36 [INFO]  Save config to ./checkpoints/SVHN_alpha0.05/baselines_OursV4+SimpleFeatureServer_SVHN_results.yaml
2026-01-22 11:05:36 [INFO]  Round 10 starts--------|
2026-01-22 11:05:36 [INFO]  Client 0 Starts Local Trainning--------|
2026-01-22 11:06:42 [INFO]  Epoch 10 loss: 336.927294254303; train accuracy: 0.9103443191034432; test accuracy: 0.23340503995082976
2026-01-22 11:06:42 [INFO]  Save the model in ./checkpoints/SVHN_alpha0.05/local_models/client_0/epoch_10.pth
2026-01-22 11:06:42 [INFO]  Client 1 Starts Local Trainning--------|
2026-01-22 11:09:05 [INFO]  Epoch 10 loss: 747.3904457092285; train accuracy: 0.8972957236203661; test accuracy: 0.42443915181315306
2026-01-22 11:09:05 [INFO]  Save the model in ./checkpoints/SVHN_alpha0.05/local_models/client_1/epoch_10.pth
2026-01-22 11:09:05 [INFO]  Client 2 Starts Local Trainning--------|
2026-01-22 11:09:13 [INFO]  Epoch 10 loss: 12.924237251281738; train accuracy: 0.9900793650793651; test accuracy: 0.06127074370006146
2026-01-22 11:09:14 [INFO]  Save the model in ./checkpoints/SVHN_alpha0.05/local_models/client_2/epoch_10.pth
2026-01-22 11:09:14 [INFO]  Client 3 Starts Local Trainning--------|
2026-01-22 11:10:10 [INFO]  Epoch 10 loss: 282.97260570526123; train accuracy: 0.9527854779576143; test accuracy: 0.17532267977873386
2026-01-22 11:10:11 [INFO]  Save the model in ./checkpoints/SVHN_alpha0.05/local_models/client_3/epoch_10.pth
2026-01-22 11:10:11 [INFO]  Client 4 Starts Local Trainning--------|
2026-01-22 11:11:30 [INFO]  Epoch 10 loss: 437.6151876449585; train accuracy: 0.8155970280231674; test accuracy: 0.20997234173325138
2026-01-22 11:11:30 [INFO]  Save the model in ./checkpoints/SVHN_alpha0.05/local_models/client_4/epoch_10.pth
2026-01-22 11:11:30 [INFO]  Round 10 Finish--------|
2026-01-22 11:11:30 [INFO]  Model variance: mean: 0.0023260812740772963, sum: 25991.51953125
2026-01-22 11:11:30 [INFO]  g_protos_std (global internal): 1.011524
2026-01-22 11:11:30 [INFO]  inter_client_proto_std (cross-client): 0.012961
2026-01-22 11:11:30 [INFO]  g_protos_std (global internal): 1.011524
2026-01-22 11:11:30 [INFO]  inter_client_proto_std (cross-client): 0.012961
2026-01-22 11:11:30 [INFO]  V4 Training | Using Simple Feature-level Server.
2026-01-22 11:11:48 [INFO]  The test accuracy of OursV4+SimpleFeatureServer: 0.5316149354640443
2026-01-22 11:11:48 [INFO]  Save config to ./checkpoints/SVHN_alpha0.05/baselines_OursV4+SimpleFeatureServer_SVHN_results.yaml
2026-01-22 11:11:48 [INFO]  Round 11 starts--------|
2026-01-22 11:11:48 [INFO]  Client 0 Starts Local Trainning--------|
2026-01-22 11:12:51 [INFO]  Epoch 11 loss: 335.50108003616333; train accuracy: 0.8867507188675072; test accuracy: 0.19134142593730794
2026-01-22 11:12:51 [INFO]  Client 1 Starts Local Trainning--------|
2026-01-22 11:15:07 [INFO]  Epoch 11 loss: 743.1953721046448; train accuracy: 0.9201332729507666; test accuracy: 0.43819145666871545
2026-01-22 11:15:07 [INFO]  Client 2 Starts Local Trainning--------|
2026-01-22 11:15:16 [INFO]  Epoch 11 loss: 12.863565444946289; train accuracy: 0.9900793650793651; test accuracy: 0.06127074370006146
2026-01-22 11:15:16 [INFO]  Client 3 Starts Local Trainning--------|
2026-01-22 11:16:08 [INFO]  Epoch 11 loss: 282.8621039390564; train accuracy: 0.949745148886703; test accuracy: 0.17278733866011065
2026-01-22 11:16:08 [INFO]  Client 4 Starts Local Trainning--------|
2026-01-22 11:17:24 [INFO]  Epoch 11 loss: 434.8310880661011; train accuracy: 0.7771017375533844; test accuracy: 0.20832052858020897
2026-01-22 11:17:24 [INFO]  Round 11 Finish--------|
2026-01-22 11:17:24 [INFO]  Model variance: mean: 0.0024279342032969, sum: 27129.619140625
2026-01-22 11:17:24 [INFO]  g_protos_std (global internal): 1.011543
2026-01-22 11:17:24 [INFO]  inter_client_proto_std (cross-client): 0.013353
2026-01-22 11:17:24 [INFO]  g_protos_std (global internal): 1.011543
2026-01-22 11:17:24 [INFO]  inter_client_proto_std (cross-client): 0.013353
2026-01-22 11:17:24 [INFO]  V4 Training | Using Simple Feature-level Server.
2026-01-22 11:17:40 [INFO]  The test accuracy of OursV4+SimpleFeatureServer: 0.5108712354025814
2026-01-22 11:17:40 [INFO]  Save config to ./checkpoints/SVHN_alpha0.05/baselines_OursV4+SimpleFeatureServer_SVHN_results.yaml
2026-01-22 11:17:40 [INFO]  Round 12 starts--------|
2026-01-22 11:17:40 [INFO]  Client 0 Starts Local Trainning--------|
2026-01-22 11:18:47 [INFO]  Epoch 12 loss: 333.580237865448; train accuracy: 0.8918380889183809; test accuracy: 0.20682237246465887
2026-01-22 11:18:47 [INFO]  Client 1 Starts Local Trainning--------|
2026-01-22 11:21:02 [INFO]  Epoch 12 loss: 740.3399691581726; train accuracy: 0.9159280584848288; test accuracy: 0.43646281499692685
2026-01-22 11:21:02 [INFO]  Client 2 Starts Local Trainning--------|
2026-01-22 11:21:11 [INFO]  Epoch 12 loss: 12.834344863891602; train accuracy: 0.9900793650793651; test accuracy: 0.06127074370006146
2026-01-22 11:21:11 [INFO]  Client 3 Starts Local Trainning--------|
2026-01-22 11:22:05 [INFO]  Epoch 12 loss: 282.13391160964966; train accuracy: 0.9703120808369847; test accuracy: 0.26436693300553166
2026-01-22 11:22:05 [INFO]  Client 4 Starts Local Trainning--------|
2026-01-22 11:23:24 [INFO]  Epoch 12 loss: 432.1508049964905; train accuracy: 0.8463698590066109; test accuracy: 0.2069760295021512
2026-01-22 11:23:24 [INFO]  Round 12 Finish--------|
2026-01-22 11:23:24 [INFO]  Model variance: mean: 0.002528424607589841, sum: 28252.49609375
2026-01-22 11:23:24 [INFO]  g_protos_std (global internal): 1.011560
2026-01-22 11:23:24 [INFO]  inter_client_proto_std (cross-client): 0.013750
2026-01-22 11:23:24 [INFO]  g_protos_std (global internal): 1.011560
2026-01-22 11:23:24 [INFO]  inter_client_proto_std (cross-client): 0.013750
2026-01-22 11:23:24 [INFO]  V4 Training | Using Simple Feature-level Server.
2026-01-22 11:23:41 [INFO]  The test accuracy of OursV4+SimpleFeatureServer: 0.5301936078672403
2026-01-22 11:23:41 [INFO]  Save config to ./checkpoints/SVHN_alpha0.05/baselines_OursV4+SimpleFeatureServer_SVHN_results.yaml
2026-01-22 11:23:41 [INFO]  Round 13 starts--------|
2026-01-22 11:23:41 [INFO]  Client 0 Starts Local Trainning--------|
2026-01-22 11:24:48 [INFO]  Epoch 13 loss: 332.18014430999756; train accuracy: 0.8758386787583868; test accuracy: 0.213660110633067
2026-01-22 11:24:48 [INFO]  Client 1 Starts Local Trainning--------|
2026-01-22 11:27:08 [INFO]  Epoch 13 loss: 736.4657435417175; train accuracy: 0.9272174419356926; test accuracy: 0.4591656422864167
2026-01-22 11:27:08 [INFO]  Client 2 Starts Local Trainning--------|
2026-01-22 11:27:16 [INFO]  Epoch 13 loss: 12.815166473388672; train accuracy: 0.9900793650793651; test accuracy: 0.06127074370006146
2026-01-22 11:27:16 [INFO]  Client 3 Starts Local Trainning--------|
2026-01-22 11:28:11 [INFO]  Epoch 13 loss: 282.1627769470215; train accuracy: 0.967718858982384; test accuracy: 0.2390903503380455
2026-01-22 11:28:11 [INFO]  Client 4 Starts Local Trainning--------|
2026-01-22 11:29:39 [INFO]  Epoch 13 loss: 429.0490651130676; train accuracy: 0.8715263558181712; test accuracy: 0.2203441917639828
2026-01-22 11:29:39 [INFO]  Round 13 Finish--------|
2026-01-22 11:29:39 [INFO]  Model variance: mean: 0.002623381093144417, sum: 29313.53515625
2026-01-22 11:29:39 [INFO]  g_protos_std (global internal): 1.011580
2026-01-22 11:29:39 [INFO]  inter_client_proto_std (cross-client): 0.014029
2026-01-22 11:29:39 [INFO]  g_protos_std (global internal): 1.011580
2026-01-22 11:29:39 [INFO]  inter_client_proto_std (cross-client): 0.014029
2026-01-22 11:29:39 [INFO]  V4 Training | Using Simple Feature-level Server.
2026-01-22 11:30:00 [INFO]  The test accuracy of OursV4+SimpleFeatureServer: 0.5398355869698832
2026-01-22 11:30:00 [INFO]  Save config to ./checkpoints/SVHN_alpha0.05/baselines_OursV4+SimpleFeatureServer_SVHN_results.yaml
2026-01-22 11:30:00 [INFO]  Round 14 starts--------|
2026-01-22 11:30:00 [INFO]  Client 0 Starts Local Trainning--------|
2026-01-22 11:31:02 [INFO]  Epoch 14 loss: 331.533935546875; train accuracy: 0.9045196490451964; test accuracy: 0.21047172710510142
2026-01-22 11:31:02 [INFO]  Client 1 Starts Local Trainning--------|
2026-01-22 11:33:20 [INFO]  Epoch 14 loss: 732.3606548309326; train accuracy: 0.9240473571844472; test accuracy: 0.4510986478180701
2026-01-22 11:33:20 [INFO]  Client 2 Starts Local Trainning--------|
2026-01-22 11:33:30 [INFO]  Epoch 14 loss: 12.792541027069092; train accuracy: 0.9900793650793651; test accuracy: 0.06127074370006146
2026-01-22 11:33:30 [INFO]  Client 3 Starts Local Trainning--------|
2026-01-22 11:34:21 [INFO]  Epoch 14 loss: 281.6405711174011; train accuracy: 0.9665563802199767; test accuracy: 0.2425860479409957
2026-01-22 11:34:21 [INFO]  Client 4 Starts Local Trainning--------|
2026-01-22 11:35:42 [INFO]  Epoch 14 loss: 427.07974100112915; train accuracy: 0.9003685719300298; test accuracy: 0.23690073755377997
2026-01-22 11:35:42 [INFO]  Round 14 Finish--------|
2026-01-22 11:35:42 [INFO]  Model variance: mean: 0.002715423470363021, sum: 30342.01171875
2026-01-22 11:35:42 [INFO]  g_protos_std (global internal): 1.011597
2026-01-22 11:35:42 [INFO]  inter_client_proto_std (cross-client): 0.014375
2026-01-22 11:35:42 [INFO]  g_protos_std (global internal): 1.011597
2026-01-22 11:35:42 [INFO]  inter_client_proto_std (cross-client): 0.014375
2026-01-22 11:35:42 [INFO]  V4 Training | Using Simple Feature-level Server.
2026-01-22 11:36:01 [INFO]  The test accuracy of OursV4+SimpleFeatureServer: 0.5391441303011678
2026-01-22 11:36:01 [INFO]  Save config to ./checkpoints/SVHN_alpha0.05/baselines_OursV4+SimpleFeatureServer_SVHN_results.yaml
2026-01-22 11:36:01 [INFO]  Round 15 starts--------|
2026-01-22 11:36:01 [INFO]  Client 0 Starts Local Trainning--------|
2026-01-22 11:37:02 [INFO]  Epoch 15 loss: 330.168251991272; train accuracy: 0.917422399174224; test accuracy: 0.23805316533497234
2026-01-22 11:37:02 [INFO]  Save the model in ./checkpoints/SVHN_alpha0.05/local_models/client_0/epoch_15.pth
2026-01-22 11:37:02 [INFO]  Client 1 Starts Local Trainning--------|
2026-01-22 11:39:16 [INFO]  Epoch 15 loss: 730.0391788482666; train accuracy: 0.938215695154299; test accuracy: 0.45413337430854334
2026-01-22 11:39:16 [INFO]  Save the model in ./checkpoints/SVHN_alpha0.05/local_models/client_1/epoch_15.pth
2026-01-22 11:39:16 [INFO]  Client 2 Starts Local Trainning--------|
2026-01-22 11:39:24 [INFO]  Epoch 15 loss: 12.766600608825684; train accuracy: 0.9900793650793651; test accuracy: 0.06127074370006146
2026-01-22 11:39:25 [INFO]  Save the model in ./checkpoints/SVHN_alpha0.05/local_models/client_2/epoch_15.pth
2026-01-22 11:39:25 [INFO]  Client 3 Starts Local Trainning--------|
2026-01-22 11:40:20 [INFO]  Epoch 15 loss: 280.97713708877563; train accuracy: 0.9711168738263436; test accuracy: 0.2789259373079287
2026-01-22 11:40:21 [INFO]  Save the model in ./checkpoints/SVHN_alpha0.05/local_models/client_3/epoch_15.pth
2026-01-22 11:40:21 [INFO]  Client 4 Starts Local Trainning--------|
2026-01-22 11:42:04 [INFO]  Epoch 15 loss: 426.593213558197; train accuracy: 0.8666705668987305; test accuracy: 0.21627228027043638
2026-01-22 11:42:04 [INFO]  Save the model in ./checkpoints/SVHN_alpha0.05/local_models/client_4/epoch_15.pth
2026-01-22 11:42:04 [INFO]  Round 15 Finish--------|
2026-01-22 11:42:04 [INFO]  Model variance: mean: 0.0028030909597873688, sum: 31321.603515625
2026-01-22 11:42:04 [INFO]  g_protos_std (global internal): 1.011612
2026-01-22 11:42:04 [INFO]  inter_client_proto_std (cross-client): 0.014692
2026-01-22 11:42:04 [INFO]  g_protos_std (global internal): 1.011612
2026-01-22 11:42:04 [INFO]  inter_client_proto_std (cross-client): 0.014692
2026-01-22 11:42:04 [INFO]  V4 Training | Using Simple Feature-level Server.
2026-01-22 11:42:30 [INFO]  The test accuracy of OursV4+SimpleFeatureServer: 0.5622695144437615
2026-01-22 11:42:30 [INFO]  Save config to ./checkpoints/SVHN_alpha0.05/baselines_OursV4+SimpleFeatureServer_SVHN_results.yaml
2026-01-22 11:42:30 [INFO]  Round 16 starts--------|
2026-01-22 11:42:30 [INFO]  Client 0 Starts Local Trainning--------|
2026-01-22 11:44:33 [INFO]  Epoch 16 loss: 329.1231436729431; train accuracy: 0.9425643294256433; test accuracy: 0.25180547019053473
2026-01-22 11:44:33 [INFO]  Client 1 Starts Local Trainning--------|
2026-01-22 11:48:34 [INFO]  Epoch 16 loss: 727.6572494506836; train accuracy: 0.9335576114381834; test accuracy: 0.4602412415488629
2026-01-22 11:48:34 [INFO]  Client 2 Starts Local Trainning--------|
2026-01-22 11:48:47 [INFO]  Epoch 16 loss: 12.775360107421875; train accuracy: 0.9900793650793651; test accuracy: 0.06127074370006146
2026-01-22 11:48:47 [INFO]  Client 3 Starts Local Trainning--------|
2026-01-22 11:50:17 [INFO]  Epoch 16 loss: 281.2223858833313; train accuracy: 0.9549315925959045; test accuracy: 0.1934542102028273
2026-01-22 11:50:17 [INFO]  Client 4 Starts Local Trainning--------|
2026-01-22 11:52:34 [INFO]  Epoch 16 loss: 423.7795886993408; train accuracy: 0.8883753583338209; test accuracy: 0.23321296865396435
2026-01-22 11:52:34 [INFO]  Round 16 Finish--------|
2026-01-22 11:52:34 [INFO]  Model variance: mean: 0.0028905412182211876, sum: 32298.767578125
2026-01-22 11:52:34 [INFO]  g_protos_std (global internal): 1.011620
2026-01-22 11:52:34 [INFO]  inter_client_proto_std (cross-client): 0.014941
2026-01-22 11:52:34 [INFO]  g_protos_std (global internal): 1.011620
2026-01-22 11:52:34 [INFO]  inter_client_proto_std (cross-client): 0.014941
2026-01-22 11:52:34 [INFO]  V4 Training | Using Simple Feature-level Server.
2026-01-22 11:53:00 [INFO]  The test accuracy of OursV4+SimpleFeatureServer: 0.5592732022126613
2026-01-22 11:53:00 [INFO]  Save config to ./checkpoints/SVHN_alpha0.05/baselines_OursV4+SimpleFeatureServer_SVHN_results.yaml
2026-01-22 11:53:00 [INFO]  Round 17 starts--------|
2026-01-22 11:53:00 [INFO]  Client 0 Starts Local Trainning--------|
2026-01-22 11:54:50 [INFO]  Epoch 17 loss: 329.68126010894775; train accuracy: 0.9398363193983632; test accuracy: 0.2547633681622618
2026-01-22 11:54:50 [INFO]  Client 1 Starts Local Trainning--------|
2026-01-22 11:58:52 [INFO]  Epoch 17 loss: 724.6022019386292; train accuracy: 0.9287054409005628; test accuracy: 0.4625076828518746
2026-01-22 11:58:52 [INFO]  Client 2 Starts Local Trainning--------|
2026-01-22 11:59:04 [INFO]  Epoch 17 loss: 12.752071380615234; train accuracy: 0.9900793650793651; test accuracy: 0.06127074370006146
2026-01-22 11:59:04 [INFO]  Client 3 Starts Local Trainning--------|
2026-01-22 12:00:38 [INFO]  Epoch 17 loss: 281.221182346344; train accuracy: 0.9561834928015738; test accuracy: 0.27946373693915183
2026-01-22 12:00:38 [INFO]  Client 4 Starts Local Trainning--------|
2026-01-22 12:02:51 [INFO]  Epoch 17 loss: 422.8159399032593; train accuracy: 0.9176270988123794; test accuracy: 0.24846342962507684
2026-01-22 12:02:51 [INFO]  Round 17 Finish--------|
2026-01-22 12:02:51 [INFO]  Model variance: mean: 0.002974661299958825, sum: 33238.72265625
2026-01-22 12:02:51 [INFO]  g_protos_std (global internal): 1.011633
2026-01-22 12:02:51 [INFO]  inter_client_proto_std (cross-client): 0.015242
2026-01-22 12:02:51 [INFO]  g_protos_std (global internal): 1.011633
2026-01-22 12:02:51 [INFO]  inter_client_proto_std (cross-client): 0.015242
2026-01-22 12:02:51 [INFO]  V4 Training | Using Simple Feature-level Server.
2026-01-22 12:03:11 [INFO]  The test accuracy of OursV4+SimpleFeatureServer: 0.5663030116779348
2026-01-22 12:03:11 [INFO]  Save config to ./checkpoints/SVHN_alpha0.05/baselines_OursV4+SimpleFeatureServer_SVHN_results.yaml
2026-01-22 12:03:11 [INFO]  Round 18 starts--------|
2026-01-22 12:03:11 [INFO]  Client 0 Starts Local Trainning--------|
2026-01-22 12:04:28 [INFO]  Epoch 18 loss: 327.3929877281189; train accuracy: 0.907100199071002; test accuracy: 0.23889827904118008
2026-01-22 12:04:28 [INFO]  Client 1 Starts Local Trainning--------|
2026-01-22 12:07:14 [INFO]  Epoch 18 loss: 722.7501163482666; train accuracy: 0.9299670052403441; test accuracy: 0.4564382298709281
2026-01-22 12:07:14 [INFO]  Client 2 Starts Local Trainning--------|
2026-01-22 12:07:24 [INFO]  Epoch 18 loss: 12.749342441558838; train accuracy: 0.9900793650793651; test accuracy: 0.06127074370006146
2026-01-22 12:07:24 [INFO]  Client 3 Starts Local Trainning--------|
2026-01-22 12:08:29 [INFO]  Epoch 18 loss: 280.57956886291504; train accuracy: 0.95260663507109; test accuracy: 0.18354333128457284
2026-01-22 12:08:29 [INFO]  Client 4 Starts Local Trainning--------|
2026-01-22 12:10:08 [INFO]  Epoch 18 loss: 419.8114309310913; train accuracy: 0.902474697244486; test accuracy: 0.23002458512599877
2026-01-22 12:10:08 [INFO]  Round 18 Finish--------|
2026-01-22 12:10:08 [INFO]  Model variance: mean: 0.0030575902201235294, sum: 34165.3671875
2026-01-22 12:10:08 [INFO]  g_protos_std (global internal): 1.011648
2026-01-22 12:10:08 [INFO]  inter_client_proto_std (cross-client): 0.015561
2026-01-22 12:10:08 [INFO]  g_protos_std (global internal): 1.011648
2026-01-22 12:10:08 [INFO]  inter_client_proto_std (cross-client): 0.015561
2026-01-22 12:10:08 [INFO]  V4 Training | Using Simple Feature-level Server.
2026-01-22 12:10:27 [INFO]  The test accuracy of OursV4+SimpleFeatureServer: 0.5538952059004303
2026-01-22 12:10:27 [INFO]  Save config to ./checkpoints/SVHN_alpha0.05/baselines_OursV4+SimpleFeatureServer_SVHN_results.yaml
2026-01-22 12:10:27 [INFO]  Round 19 starts--------|
2026-01-22 12:10:27 [INFO]  Client 0 Starts Local Trainning--------|
2026-01-22 12:11:47 [INFO]  Epoch 19 loss: 327.5386037826538; train accuracy: 0.9455872594558726; test accuracy: 0.24727258758451137
2026-01-22 12:11:47 [INFO]  Client 1 Starts Local Trainning--------|
2026-01-22 12:14:37 [INFO]  Epoch 19 loss: 720.6779336929321; train accuracy: 0.9127903215371677; test accuracy: 0.4460279655808236
2026-01-22 12:14:37 [INFO]  Client 2 Starts Local Trainning--------|
2026-01-22 12:14:48 [INFO]  Epoch 19 loss: 12.755492687225342; train accuracy: 0.9900793650793651; test accuracy: 0.06127074370006146
2026-01-22 12:14:48 [INFO]  Client 3 Starts Local Trainning--------|
2026-01-22 12:15:53 [INFO]  Epoch 19 loss: 280.3629364967346; train accuracy: 0.9649467942412591; test accuracy: 0.29778733866011065
2026-01-22 12:15:53 [INFO]  Client 4 Starts Local Trainning--------|
2026-01-22 12:17:28 [INFO]  Epoch 19 loss: 418.69876050949097; train accuracy: 0.9074474931258409; test accuracy: 0.24158727719729564
2026-01-22 12:17:28 [INFO]  Round 19 Finish--------|
2026-01-22 12:17:28 [INFO]  Model variance: mean: 0.0031365961767733097, sum: 35048.17578125
2026-01-22 12:17:28 [INFO]  g_protos_std (global internal): 1.011654
2026-01-22 12:17:28 [INFO]  inter_client_proto_std (cross-client): 0.015783
2026-01-22 12:17:28 [INFO]  g_protos_std (global internal): 1.011654
2026-01-22 12:17:28 [INFO]  inter_client_proto_std (cross-client): 0.015783
2026-01-22 12:17:28 [INFO]  V4 Training | Using Simple Feature-level Server.
2026-01-22 12:17:48 [INFO]  The test accuracy of OursV4+SimpleFeatureServer: 0.5727950215119852
2026-01-22 12:17:48 [INFO]  Save config to ./checkpoints/SVHN_alpha0.05/baselines_OursV4+SimpleFeatureServer_SVHN_results.yaml
2026-01-22 12:17:48 [INFO]  Round 20 starts--------|
2026-01-22 12:17:48 [INFO]  Client 0 Starts Local Trainning--------|
2026-01-22 12:19:06 [INFO]  Epoch 20 loss: 326.4473648071289; train accuracy: 0.9379930693799307; test accuracy: 0.24323909035033806
2026-01-22 12:19:06 [INFO]  Save the model in ./checkpoints/SVHN_alpha0.05/local_models/client_0/epoch_20.pth
2026-01-22 12:19:06 [INFO]  Client 1 Starts Local Trainning--------|
2026-01-22 12:21:57 [INFO]  Epoch 20 loss: 721.3202967643738; train accuracy: 0.9376010868862005; test accuracy: 0.4755301167793485
2026-01-22 12:21:57 [INFO]  Save the model in ./checkpoints/SVHN_alpha0.05/local_models/client_1/epoch_20.pth
2026-01-22 12:21:57 [INFO]  Client 2 Starts Local Trainning--------|
2026-01-22 12:22:07 [INFO]  Epoch 20 loss: 12.765367984771729; train accuracy: 0.9900793650793651; test accuracy: 0.06127074370006146
2026-01-22 12:22:07 [INFO]  Save the model in ./checkpoints/SVHN_alpha0.05/local_models/client_2/epoch_20.pth
2026-01-22 12:22:07 [INFO]  Client 3 Starts Local Trainning--------|
2026-01-22 12:23:12 [INFO]  Epoch 20 loss: 280.27936363220215; train accuracy: 0.962979522489493; test accuracy: 0.22353257529194837
2026-01-22 12:23:12 [INFO]  Save the model in ./checkpoints/SVHN_alpha0.05/local_models/client_3/epoch_20.pth
2026-01-22 12:23:12 [INFO]  Client 4 Starts Local Trainning--------|
2026-01-22 12:24:47 [INFO]  Epoch 20 loss: 418.1830701828003; train accuracy: 0.9107236880594395; test accuracy: 0.24884757221880763
2026-01-22 12:24:47 [INFO]  Save the model in ./checkpoints/SVHN_alpha0.05/local_models/client_4/epoch_20.pth
2026-01-22 12:24:47 [INFO]  Round 20 Finish--------|
2026-01-22 12:24:47 [INFO]  Model variance: mean: 0.0032148994505405426, sum: 35923.1328125
2026-01-22 12:24:47 [INFO]  g_protos_std (global internal): 1.011668
2026-01-22 12:24:47 [INFO]  inter_client_proto_std (cross-client): 0.016029
2026-01-22 12:24:47 [INFO]  g_protos_std (global internal): 1.011668
2026-01-22 12:24:47 [INFO]  inter_client_proto_std (cross-client): 0.016029
2026-01-22 12:24:47 [INFO]  V4 Training | Using Simple Feature-level Server.
2026-01-22 12:25:08 [INFO]  The test accuracy of OursV4+SimpleFeatureServer: 0.5649200983405039
2026-01-22 12:25:08 [INFO]  Save config to ./checkpoints/SVHN_alpha0.05/baselines_OursV4+SimpleFeatureServer_SVHN_results.yaml
2026-01-22 12:25:08 [INFO]  Round 21 starts--------|
2026-01-22 12:25:08 [INFO]  Client 0 Starts Local Trainning--------|
2026-01-22 12:26:26 [INFO]  Epoch 21 loss: 325.98992013931274; train accuracy: 0.9379930693799307; test accuracy: 0.24531346035648433
2026-01-22 12:26:26 [INFO]  Client 1 Starts Local Trainning--------|
2026-01-22 12:29:12 [INFO]  Epoch 21 loss: 715.3788809776306; train accuracy: 0.9395743029048328; test accuracy: 0.46004917025199754
2026-01-22 12:29:12 [INFO]  Client 2 Starts Local Trainning--------|
2026-01-22 12:29:22 [INFO]  Epoch 21 loss: 12.736063957214355; train accuracy: 0.9900793650793651; test accuracy: 0.06127074370006146
2026-01-22 12:29:22 [INFO]  Client 3 Starts Local Trainning--------|
2026-01-22 12:30:32 [INFO]  Epoch 21 loss: 279.25634717941284; train accuracy: 0.9719216668157024; test accuracy: 0.28703134603564845
2026-01-22 12:30:32 [INFO]  Client 4 Starts Local Trainning--------|
2026-01-22 12:32:14 [INFO]  Epoch 21 loss: 415.6435594558716; train accuracy: 0.8397004621774996; test accuracy: 0.2301782421634911
2026-01-22 12:32:14 [INFO]  Round 21 Finish--------|
2026-01-22 12:32:14 [INFO]  Model variance: mean: 0.003292487934231758, sum: 36790.1015625
2026-01-22 12:32:14 [INFO]  g_protos_std (global internal): 1.011683
2026-01-22 12:32:14 [INFO]  inter_client_proto_std (cross-client): 0.016300
2026-01-22 12:32:14 [INFO]  g_protos_std (global internal): 1.011683
2026-01-22 12:32:14 [INFO]  inter_client_proto_std (cross-client): 0.016300
2026-01-22 12:32:14 [INFO]  V4 Training | Using Simple Feature-level Server.
2026-01-22 12:32:34 [INFO]  The test accuracy of OursV4+SimpleFeatureServer: 0.5857406269207129
2026-01-22 12:32:34 [INFO]  Save config to ./checkpoints/SVHN_alpha0.05/baselines_OursV4+SimpleFeatureServer_SVHN_results.yaml
2026-01-22 12:32:34 [INFO]  Round 22 starts--------|
2026-01-22 12:32:34 [INFO]  Client 0 Starts Local Trainning--------|
2026-01-22 12:33:56 [INFO]  Epoch 22 loss: 324.6569480895996; train accuracy: 0.9456609894566099; test accuracy: 0.2618700061462815
2026-01-22 12:33:56 [INFO]  Client 1 Starts Local Trainning--------|
2026-01-22 12:36:55 [INFO]  Epoch 22 loss: 716.2959980964661; train accuracy: 0.9423238662094844; test accuracy: 0.47168869084204057
2026-01-22 12:36:55 [INFO]  Client 2 Starts Local Trainning--------|
2026-01-22 12:37:05 [INFO]  Epoch 22 loss: 12.740635871887207; train accuracy: 0.9900793650793651; test accuracy: 0.06127074370006146
2026-01-22 12:37:05 [INFO]  Client 3 Starts Local Trainning--------|
2026-01-22 12:38:15 [INFO]  Epoch 22 loss: 279.7536463737488; train accuracy: 0.9732629884646338; test accuracy: 0.27996312231100184
2026-01-22 12:38:15 [INFO]  Client 4 Starts Local Trainning--------|
2026-01-22 12:39:59 [INFO]  Epoch 22 loss: 414.80322265625; train accuracy: 0.8847481425144796; test accuracy: 0.23083128457283345
2026-01-22 12:39:59 [INFO]  Round 22 Finish--------|
2026-01-22 12:39:59 [INFO]  Model variance: mean: 0.0033672212157398462, sum: 37625.16796875
2026-01-22 12:39:59 [INFO]  g_protos_std (global internal): 1.011696
2026-01-22 12:39:59 [INFO]  inter_client_proto_std (cross-client): 0.016561
2026-01-22 12:39:59 [INFO]  g_protos_std (global internal): 1.011696
2026-01-22 12:39:59 [INFO]  inter_client_proto_std (cross-client): 0.016561
2026-01-22 12:39:59 [INFO]  V4 Training | Using Simple Feature-level Server.
2026-01-22 12:40:18 [INFO]  The test accuracy of OursV4+SimpleFeatureServer: 0.5744084204056545
2026-01-22 12:40:18 [INFO]  Save config to ./checkpoints/SVHN_alpha0.05/baselines_OursV4+SimpleFeatureServer_SVHN_results.yaml
2026-01-22 12:40:18 [INFO]  Round 23 starts--------|
2026-01-22 12:40:18 [INFO]  Client 0 Starts Local Trainning--------|
2026-01-22 12:41:43 [INFO]  Epoch 23 loss: 324.744300365448; train accuracy: 0.9552458895524589; test accuracy: 0.2665181315304241
2026-01-22 12:41:43 [INFO]  Client 1 Starts Local Trainning--------|
2026-01-22 12:44:45 [INFO]  Epoch 23 loss: 715.5623846054077; train accuracy: 0.9363718703500032; test accuracy: 0.4603180700676091
2026-01-22 12:44:45 [INFO]  Client 2 Starts Local Trainning--------|
2026-01-22 12:44:55 [INFO]  Epoch 23 loss: 12.722055912017822; train accuracy: 0.9900793650793651; test accuracy: 0.06127074370006146
2026-01-22 12:44:55 [INFO]  Client 3 Starts Local Trainning--------|
2026-01-22 12:46:02 [INFO]  Epoch 23 loss: 279.2234239578247; train accuracy: 0.9676294375391219; test accuracy: 0.25176705593116167
2026-01-22 12:46:02 [INFO]  Client 4 Starts Local Trainning--------|
2026-01-22 12:47:43 [INFO]  Epoch 23 loss: 414.6470274925232; train accuracy: 0.9141168899549523; test accuracy: 0.24308543331284574
2026-01-22 12:47:43 [INFO]  Round 23 Finish--------|
2026-01-22 12:47:43 [INFO]  Model variance: mean: 0.0034406366758048534, sum: 38445.5078125
2026-01-22 12:47:43 [INFO]  g_protos_std (global internal): 1.011707
2026-01-22 12:47:43 [INFO]  inter_client_proto_std (cross-client): 0.016798
2026-01-22 12:47:43 [INFO]  g_protos_std (global internal): 1.011707
2026-01-22 12:47:43 [INFO]  inter_client_proto_std (cross-client): 0.016798
2026-01-22 12:47:43 [INFO]  V4 Training | Using Simple Feature-level Server.
2026-01-22 12:48:03 [INFO]  The test accuracy of OursV4+SimpleFeatureServer: 0.5916948371235402
2026-01-22 12:48:03 [INFO]  Save config to ./checkpoints/SVHN_alpha0.05/baselines_OursV4+SimpleFeatureServer_SVHN_results.yaml
2026-01-22 12:48:03 [INFO]  Round 24 starts--------|
2026-01-22 12:48:03 [INFO]  Client 0 Starts Local Trainning--------|
2026-01-22 12:49:24 [INFO]  Epoch 24 loss: 323.9210720062256; train accuracy: 0.9384354493843545; test accuracy: 0.28161493546404426
2026-01-22 12:49:24 [INFO]  Client 1 Starts Local Trainning--------|
2026-01-22 12:52:16 [INFO]  Epoch 24 loss: 713.0478324890137; train accuracy: 0.9309374393478683; test accuracy: 0.46446681007990165
2026-01-22 12:52:16 [INFO]  Client 2 Starts Local Trainning--------|
2026-01-22 12:52:27 [INFO]  Epoch 24 loss: 12.75290822982788; train accuracy: 0.9900793650793651; test accuracy: 0.06127074370006146
2026-01-22 12:52:27 [INFO]  Client 3 Starts Local Trainning--------|
2026-01-22 12:53:33 [INFO]  Epoch 24 loss: 279.35040855407715; train accuracy: 0.9777340606277385; test accuracy: 0.3316687154271666
2026-01-22 12:53:33 [INFO]  Client 4 Starts Local Trainning--------|
2026-01-22 12:55:09 [INFO]  Epoch 24 loss: 412.7888960838318; train accuracy: 0.8828175276428948; test accuracy: 0.23232944068838352
2026-01-22 12:55:09 [INFO]  Round 24 Finish--------|
2026-01-22 12:55:09 [INFO]  Model variance: mean: 0.0035127841401845217, sum: 39251.6796875
2026-01-22 12:55:09 [INFO]  g_protos_std (global internal): 1.011715
2026-01-22 12:55:09 [INFO]  inter_client_proto_std (cross-client): 0.016995
2026-01-22 12:55:09 [INFO]  g_protos_std (global internal): 1.011715
2026-01-22 12:55:09 [INFO]  inter_client_proto_std (cross-client): 0.016995
2026-01-22 12:55:09 [INFO]  V4 Training | Using Simple Feature-level Server.
2026-01-22 12:55:29 [INFO]  The test accuracy of OursV4+SimpleFeatureServer: 0.5707590657652121
2026-01-22 12:55:29 [INFO]  Save config to ./checkpoints/SVHN_alpha0.05/baselines_OursV4+SimpleFeatureServer_SVHN_results.yaml
2026-01-22 12:55:29 [INFO]  Round 25 starts--------|
2026-01-22 12:55:29 [INFO]  Client 0 Starts Local Trainning--------|
2026-01-22 12:56:18 [INFO]  Epoch 25 loss: 323.1937575340271; train accuracy: 0.9632087296320873; test accuracy: 0.25921942224953903
2026-01-22 12:56:18 [INFO]  Save the model in ./checkpoints/SVHN_alpha0.05/local_models/client_0/epoch_25.pth
2026-01-22 12:56:18 [INFO]  Client 1 Starts Local Trainning--------|
2026-01-22 12:57:48 [INFO]  Epoch 25 loss: 710.7529249191284; train accuracy: 0.948405253283302; test accuracy: 0.49504456054087276
2026-01-22 12:57:48 [INFO]  Save the model in ./checkpoints/SVHN_alpha0.05/local_models/client_1/epoch_25.pth
2026-01-22 12:57:48 [INFO]  Client 2 Starts Local Trainning--------|
2026-01-22 12:57:57 [INFO]  Epoch 25 loss: 12.721934795379639; train accuracy: 0.9900793650793651; test accuracy: 0.06127074370006146
2026-01-22 12:57:57 [INFO]  Save the model in ./checkpoints/SVHN_alpha0.05/local_models/client_2/epoch_25.pth
2026-01-22 12:57:57 [INFO]  Client 3 Starts Local Trainning--------|
2026-01-22 12:58:34 [INFO]  Epoch 25 loss: 278.8395700454712; train accuracy: 0.9750514173298757; test accuracy: 0.31488168408113093
2026-01-22 12:58:34 [INFO]  Save the model in ./checkpoints/SVHN_alpha0.05/local_models/client_3/epoch_25.pth
2026-01-22 12:58:34 [INFO]  Client 4 Starts Local Trainning--------|
2026-01-22 12:59:25 [INFO]  Epoch 25 loss: 412.2265667915344; train accuracy: 0.9280992219037033; test accuracy: 0.2499615857406269
2026-01-22 12:59:25 [INFO]  Save the model in ./checkpoints/SVHN_alpha0.05/local_models/client_4/epoch_25.pth
2026-01-22 12:59:25 [INFO]  Round 25 Finish--------|
2026-01-22 12:59:25 [INFO]  Model variance: mean: 0.0035828740801662207, sum: 40034.86328125
2026-01-22 12:59:25 [INFO]  g_protos_std (global internal): 1.011727
2026-01-22 12:59:25 [INFO]  inter_client_proto_std (cross-client): 0.017243
2026-01-22 12:59:25 [INFO]  g_protos_std (global internal): 1.011727
2026-01-22 12:59:25 [INFO]  inter_client_proto_std (cross-client): 0.017243
2026-01-22 12:59:25 [INFO]  V4 Training | Using Simple Feature-level Server.
2026-01-22 12:59:38 [INFO]  The test accuracy of OursV4+SimpleFeatureServer: 0.6079824830977258
2026-01-22 12:59:38 [INFO]  Save config to ./checkpoints/SVHN_alpha0.05/baselines_OursV4+SimpleFeatureServer_SVHN_results.yaml
2026-01-22 12:59:38 [INFO]  Round 26 starts--------|
2026-01-22 12:59:38 [INFO]  Client 0 Starts Local Trainning--------|
2026-01-22 13:00:18 [INFO]  Epoch 26 loss: 322.1248607635498; train accuracy: 0.940278699402787; test accuracy: 0.2509219422249539
2026-01-22 13:00:18 [INFO]  Client 1 Starts Local Trainning--------|
2026-01-22 13:01:50 [INFO]  Epoch 26 loss: 709.5193004608154; train accuracy: 0.9516076858381316; test accuracy: 0.4897433927473878
2026-01-22 13:01:50 [INFO]  Client 2 Starts Local Trainning--------|
2026-01-22 13:01:59 [INFO]  Epoch 26 loss: 12.740058898925781; train accuracy: 0.9900793650793651; test accuracy: 0.06127074370006146
2026-01-22 13:01:59 [INFO]  Client 3 Starts Local Trainning--------|
2026-01-22 13:02:35 [INFO]  Epoch 26 loss: 278.5251741409302; train accuracy: 0.9722793525887508; test accuracy: 0.34319299323909036
2026-01-22 13:02:35 [INFO]  Client 4 Starts Local Trainning--------|
2026-01-22 13:03:25 [INFO]  Epoch 26 loss: 410.2536745071411; train accuracy: 0.8938161820628328; test accuracy: 0.2480024585125999
2026-01-22 13:03:25 [INFO]  Round 26 Finish--------|
2026-01-22 13:03:25 [INFO]  Model variance: mean: 0.0036522874142974615, sum: 40810.484375
2026-01-22 13:03:25 [INFO]  g_protos_std (global internal): 1.011742
2026-01-22 13:03:25 [INFO]  inter_client_proto_std (cross-client): 0.017397
2026-01-22 13:03:25 [INFO]  g_protos_std (global internal): 1.011742
2026-01-22 13:03:25 [INFO]  inter_client_proto_std (cross-client): 0.017397
2026-01-22 13:03:25 [INFO]  V4 Training | Using Simple Feature-level Server.
2026-01-22 13:03:37 [INFO]  The test accuracy of OursV4+SimpleFeatureServer: 0.602181929932391
2026-01-22 13:03:37 [INFO]  Save config to ./checkpoints/SVHN_alpha0.05/baselines_OursV4+SimpleFeatureServer_SVHN_results.yaml
2026-01-22 13:03:37 [INFO]  Round 27 starts--------|
2026-01-22 13:03:37 [INFO]  Client 0 Starts Local Trainning--------|
2026-01-22 13:04:18 [INFO]  Epoch 27 loss: 321.7680311203003; train accuracy: 0.9275971392759714; test accuracy: 0.2552243392747388
2026-01-22 13:04:18 [INFO]  Client 1 Starts Local Trainning--------|
2026-01-22 13:05:47 [INFO]  Epoch 27 loss: 707.2925486564636; train accuracy: 0.9466908196933428; test accuracy: 0.47395513214505225
2026-01-22 13:05:47 [INFO]  Client 2 Starts Local Trainning--------|
2026-01-22 13:05:54 [INFO]  Epoch 27 loss: 12.725428104400635; train accuracy: 0.9900793650793651; test accuracy: 0.06127074370006146
2026-01-22 13:05:54 [INFO]  Client 3 Starts Local Trainning--------|
2026-01-22 13:06:29 [INFO]  Epoch 27 loss: 278.74232816696167; train accuracy: 0.9700438165071984; test accuracy: 0.2738936693300553
2026-01-22 13:06:29 [INFO]  Client 4 Starts Local Trainning--------|
2026-01-22 13:07:17 [INFO]  Epoch 27 loss: 408.762656211853; train accuracy: 0.9235944538700053; test accuracy: 0.2536493546404425
2026-01-22 13:07:17 [INFO]  Round 27 Finish--------|
2026-01-22 13:07:17 [INFO]  Model variance: mean: 0.0037196825724095106, sum: 41563.5546875
2026-01-22 13:07:17 [INFO]  g_protos_std (global internal): 1.011754
2026-01-22 13:07:17 [INFO]  inter_client_proto_std (cross-client): 0.017635
2026-01-22 13:07:17 [INFO]  g_protos_std (global internal): 1.011754
2026-01-22 13:07:17 [INFO]  inter_client_proto_std (cross-client): 0.017635
2026-01-22 13:07:17 [INFO]  V4 Training | Using Simple Feature-level Server.
2026-01-22 13:07:30 [INFO]  The test accuracy of OursV4+SimpleFeatureServer: 0.5943070067609096
2026-01-22 13:07:30 [INFO]  Save config to ./checkpoints/SVHN_alpha0.05/baselines_OursV4+SimpleFeatureServer_SVHN_results.yaml
2026-01-22 13:07:30 [INFO]  Round 28 starts--------|
2026-01-22 13:07:30 [INFO]  Client 0 Starts Local Trainning--------|
2026-01-22 13:08:10 [INFO]  Epoch 28 loss: 321.6387777328491; train accuracy: 0.893091498930915; test accuracy: 0.21780885064535957
2026-01-22 13:08:10 [INFO]  Client 1 Starts Local Trainning--------|
2026-01-22 13:09:41 [INFO]  Epoch 28 loss: 706.7813286781311; train accuracy: 0.9415798667270492; test accuracy: 0.4773740012292563
2026-01-22 13:09:41 [INFO]  Client 2 Starts Local Trainning--------|
2026-01-22 13:09:48 [INFO]  Epoch 28 loss: 12.723876953125; train accuracy: 0.9900793650793651; test accuracy: 0.06127074370006146
2026-01-22 13:09:48 [INFO]  Client 3 Starts Local Trainning--------|
2026-01-22 13:10:20 [INFO]  Epoch 28 loss: 278.7042317390442; train accuracy: 0.9636054725923276; test accuracy: 0.22787338660110634
2026-01-22 13:10:20 [INFO]  Client 4 Starts Local Trainning--------|
2026-01-22 13:11:26 [INFO]  Epoch 28 loss: 409.169602394104; train accuracy: 0.9237699643128766; test accuracy: 0.24976951444376153
2026-01-22 13:11:26 [INFO]  Round 28 Finish--------|
2026-01-22 13:11:26 [INFO]  Model variance: mean: 0.0037865994963794947, sum: 42311.28125
2026-01-22 13:11:26 [INFO]  g_protos_std (global internal): 1.011766
2026-01-22 13:11:26 [INFO]  inter_client_proto_std (cross-client): 0.017852
2026-01-22 13:11:26 [INFO]  g_protos_std (global internal): 1.011766
2026-01-22 13:11:26 [INFO]  inter_client_proto_std (cross-client): 0.017852
2026-01-22 13:11:26 [INFO]  V4 Training | Using Simple Feature-level Server.
2026-01-22 13:11:43 [INFO]  The test accuracy of OursV4+SimpleFeatureServer: 0.589658881376767
2026-01-22 13:11:43 [INFO]  Save config to ./checkpoints/SVHN_alpha0.05/baselines_OursV4+SimpleFeatureServer_SVHN_results.yaml
2026-01-22 13:11:43 [INFO]  Round 29 starts--------|
2026-01-22 13:11:43 [INFO]  Client 0 Starts Local Trainning--------|
2026-01-22 13:12:40 [INFO]  Epoch 29 loss: 321.3206744194031; train accuracy: 0.8974415689744157; test accuracy: 0.24373847572218807
2026-01-22 13:12:40 [INFO]  Client 1 Starts Local Trainning--------|
2026-01-22 13:14:39 [INFO]  Epoch 29 loss: 705.7507581710815; train accuracy: 0.9435854305492657; test accuracy: 0.47687461585740626
2026-01-22 13:14:39 [INFO]  Client 2 Starts Local Trainning--------|
2026-01-22 13:14:48 [INFO]  Epoch 29 loss: 12.711655139923096; train accuracy: 0.9900793650793651; test accuracy: 0.06127074370006146
2026-01-22 13:14:48 [INFO]  Client 3 Starts Local Trainning--------|
2026-01-22 13:15:36 [INFO]  Epoch 29 loss: 278.532057762146; train accuracy: 0.9692390235178395; test accuracy: 0.25195912722802705
2026-01-22 13:15:36 [INFO]  Client 4 Starts Local Trainning--------|
2026-01-22 13:16:49 [INFO]  Epoch 29 loss: 408.4954504966736; train accuracy: 0.9070964722400983; test accuracy: 0.23597879532882607
2026-01-22 13:16:49 [INFO]  Round 29 Finish--------|
2026-01-22 13:16:49 [INFO]  Model variance: mean: 0.0038516877684742212, sum: 43038.57421875
2026-01-22 13:16:49 [INFO]  g_protos_std (global internal): 1.011783
2026-01-22 13:16:49 [INFO]  inter_client_proto_std (cross-client): 0.018079
2026-01-22 13:16:49 [INFO]  g_protos_std (global internal): 1.011783
2026-01-22 13:16:49 [INFO]  inter_client_proto_std (cross-client): 0.018079
2026-01-22 13:16:49 [INFO]  V4 Training | Using Simple Feature-level Server.
2026-01-22 13:17:06 [INFO]  The test accuracy of OursV4+SimpleFeatureServer: 0.6054471419791027
2026-01-22 13:17:06 [INFO]  Save config to ./checkpoints/SVHN_alpha0.05/baselines_OursV4+SimpleFeatureServer_SVHN_results.yaml
2026-01-22 13:17:06 [INFO]  Round 30 starts--------|
2026-01-22 13:17:06 [INFO]  Client 0 Starts Local Trainning--------|
2026-01-22 13:18:05 [INFO]  Epoch 30 loss: 319.9347906112671; train accuracy: 0.9637985696379857; test accuracy: 0.28779963122311003
2026-01-22 13:18:05 [INFO]  Save the model in ./checkpoints/SVHN_alpha0.05/local_models/client_0/epoch_30.pth
2026-01-22 13:18:05 [INFO]  Client 1 Starts Local Trainning--------|
2026-01-22 13:20:15 [INFO]  Epoch 30 loss: 703.217511177063; train accuracy: 0.9365983049750922; test accuracy: 0.4630838967424708
2026-01-22 13:20:16 [INFO]  Save the model in ./checkpoints/SVHN_alpha0.05/local_models/client_1/epoch_30.pth
2026-01-22 13:20:16 [INFO]  Client 2 Starts Local Trainning--------|
2026-01-22 13:20:26 [INFO]  Epoch 30 loss: 12.702981948852539; train accuracy: 0.9900793650793651; test accuracy: 0.06127074370006146
2026-01-22 13:20:26 [INFO]  Save the model in ./checkpoints/SVHN_alpha0.05/local_models/client_2/epoch_30.pth
2026-01-22 13:20:26 [INFO]  Client 3 Starts Local Trainning--------|
2026-01-22 13:21:19 [INFO]  Epoch 30 loss: 278.2479820251465; train accuracy: 0.9434856478583564; test accuracy: 0.3383143822987093
2026-01-22 13:21:19 [INFO]  Save the model in ./checkpoints/SVHN_alpha0.05/local_models/client_3/epoch_30.pth
2026-01-22 13:21:19 [INFO]  Client 4 Starts Local Trainning--------|
2026-01-22 13:22:34 [INFO]  Epoch 30 loss: 406.9517421722412; train accuracy: 0.9138828760311238; test accuracy: 0.2569913952059004
2026-01-22 13:22:34 [INFO]  Save the model in ./checkpoints/SVHN_alpha0.05/local_models/client_4/epoch_30.pth
2026-01-22 13:22:34 [INFO]  Round 30 Finish--------|
2026-01-22 13:22:34 [INFO]  Model variance: mean: 0.003915578592568636, sum: 43752.48828125
2026-01-22 13:22:34 [INFO]  g_protos_std (global internal): 1.011798
2026-01-22 13:22:34 [INFO]  inter_client_proto_std (cross-client): 0.018258
2026-01-22 13:22:34 [INFO]  g_protos_std (global internal): 1.011798
2026-01-22 13:22:34 [INFO]  inter_client_proto_std (cross-client): 0.018258
2026-01-22 13:22:34 [INFO]  V4 Training | Using Simple Feature-level Server.
2026-01-22 13:22:51 [INFO]  The test accuracy of OursV4+SimpleFeatureServer: 0.59980024585126
2026-01-22 13:22:51 [INFO]  Save config to ./checkpoints/SVHN_alpha0.05/baselines_OursV4+SimpleFeatureServer_SVHN_results.yaml
2026-01-22 13:22:51 [INFO]  Round 31 starts--------|
2026-01-22 13:22:51 [INFO]  Client 0 Starts Local Trainning--------|
2026-01-22 13:23:53 [INFO]  Epoch 31 loss: 321.2636909484863; train accuracy: 0.9420482194204822; test accuracy: 0.25864320835894283
2026-01-22 13:23:53 [INFO]  Client 1 Starts Local Trainning--------|
2026-01-22 13:26:07 [INFO]  Epoch 31 loss: 703.4945769309998; train accuracy: 0.9503784693019344; test accuracy: 0.4836739397664413
2026-01-22 13:26:07 [INFO]  Client 2 Starts Local Trainning--------|
2026-01-22 13:26:17 [INFO]  Epoch 31 loss: 12.69797420501709; train accuracy: 0.9900793650793651; test accuracy: 0.06127074370006146
2026-01-22 13:26:17 [INFO]  Client 3 Starts Local Trainning--------|
2026-01-22 13:27:10 [INFO]  Epoch 31 loss: 278.1475739479065; train accuracy: 0.9758562103192345; test accuracy: 0.32686693300553166
2026-01-22 13:27:10 [INFO]  Client 4 Starts Local Trainning--------|
2026-01-22 13:28:28 [INFO]  Epoch 31 loss: 407.10908794403076; train accuracy: 0.9086760662259404; test accuracy: 0.23970497848801475
2026-01-22 13:28:28 [INFO]  Round 31 Finish--------|
2026-01-22 13:28:28 [INFO]  Model variance: mean: 0.003979713190346956, sum: 44469.125
2026-01-22 13:28:28 [INFO]  g_protos_std (global internal): 1.011807
2026-01-22 13:28:28 [INFO]  inter_client_proto_std (cross-client): 0.018459
2026-01-22 13:28:28 [INFO]  g_protos_std (global internal): 1.011807
2026-01-22 13:28:28 [INFO]  inter_client_proto_std (cross-client): 0.018459
2026-01-22 13:28:28 [INFO]  V4 Training | Using Simple Feature-level Server.
2026-01-22 13:28:46 [INFO]  The test accuracy of OursV4+SimpleFeatureServer: 0.6041026429010449
2026-01-22 13:28:46 [INFO]  Save config to ./checkpoints/SVHN_alpha0.05/baselines_OursV4+SimpleFeatureServer_SVHN_results.yaml
2026-01-22 13:28:46 [INFO]  Round 32 starts--------|
2026-01-22 13:28:46 [INFO]  Client 0 Starts Local Trainning--------|
2026-01-22 13:29:49 [INFO]  Epoch 32 loss: 320.10271549224854; train accuracy: 0.9607019096070191; test accuracy: 0.2730101413644745
2026-01-22 13:29:49 [INFO]  Client 1 Starts Local Trainning--------|
2026-01-22 13:32:01 [INFO]  Epoch 32 loss: 701.9417195320129; train accuracy: 0.9244355308274568; test accuracy: 0.4688076213890596
2026-01-22 13:32:01 [INFO]  Client 2 Starts Local Trainning--------|
2026-01-22 13:32:09 [INFO]  Epoch 32 loss: 12.682400226593018; train accuracy: 0.9900793650793651; test accuracy: 0.06127074370006146
2026-01-22 13:32:09 [INFO]  Client 3 Starts Local Trainning--------|
2026-01-22 13:33:01 [INFO]  Epoch 32 loss: 278.0266342163086; train accuracy: 0.9706697666100331; test accuracy: 0.2607559926244622
2026-01-22 13:33:01 [INFO]  Client 4 Starts Local Trainning--------|
2026-01-22 13:34:16 [INFO]  Epoch 32 loss: 406.04111909866333; train accuracy: 0.8907154975721056; test accuracy: 0.2470421020282729
2026-01-22 13:34:16 [INFO]  Round 32 Finish--------|
2026-01-22 13:34:16 [INFO]  Model variance: mean: 0.004042987711727619, sum: 45176.1484375
2026-01-22 13:34:16 [INFO]  g_protos_std (global internal): 1.011817
2026-01-22 13:34:16 [INFO]  inter_client_proto_std (cross-client): 0.018662
2026-01-22 13:34:16 [INFO]  g_protos_std (global internal): 1.011817
2026-01-22 13:34:16 [INFO]  inter_client_proto_std (cross-client): 0.018662
2026-01-22 13:34:16 [INFO]  V4 Training | Using Simple Feature-level Server.
2026-01-22 13:34:33 [INFO]  The test accuracy of OursV4+SimpleFeatureServer: 0.609980024585126
2026-01-22 13:34:33 [INFO]  Save config to ./checkpoints/SVHN_alpha0.05/baselines_OursV4+SimpleFeatureServer_SVHN_results.yaml
2026-01-22 13:34:33 [INFO]  Round 33 starts--------|
2026-01-22 13:34:33 [INFO]  Client 0 Starts Local Trainning--------|
2026-01-22 13:35:34 [INFO]  Epoch 33 loss: 320.5995216369629; train accuracy: 0.9635036496350365; test accuracy: 0.27035955746773205
2026-01-22 13:35:34 [INFO]  Client 1 Starts Local Trainning--------|
2026-01-22 13:37:48 [INFO]  Epoch 33 loss: 700.142279624939; train accuracy: 0.9522869897133984; test accuracy: 0.48740012292563
2026-01-22 13:37:48 [INFO]  Client 2 Starts Local Trainning--------|
2026-01-22 13:37:58 [INFO]  Epoch 33 loss: 12.702208042144775; train accuracy: 0.9900793650793651; test accuracy: 0.06127074370006146
2026-01-22 13:37:58 [INFO]  Client 3 Starts Local Trainning--------|
2026-01-22 13:38:50 [INFO]  Epoch 33 loss: 277.93166494369507; train accuracy: 0.9771081105249039; test accuracy: 0.3024354640442532
2026-01-22 13:38:50 [INFO]  Client 4 Starts Local Trainning--------|
2026-01-22 13:40:09 [INFO]  Epoch 33 loss: 405.36228609085083; train accuracy: 0.8991399988299303; test accuracy: 0.23693915181315303
2026-01-22 13:40:09 [INFO]  Round 33 Finish--------|
2026-01-22 13:40:09 [INFO]  Model variance: mean: 0.00410433579236269, sum: 45861.65234375
2026-01-22 13:40:09 [INFO]  g_protos_std (global internal): 1.011830
2026-01-22 13:40:09 [INFO]  inter_client_proto_std (cross-client): 0.018849
2026-01-22 13:40:09 [INFO]  g_protos_std (global internal): 1.011830
2026-01-22 13:40:09 [INFO]  inter_client_proto_std (cross-client): 0.018849
2026-01-22 13:40:09 [INFO]  V4 Training | Using Simple Feature-level Server.
2026-01-22 13:40:28 [INFO]  The test accuracy of OursV4+SimpleFeatureServer: 0.5969960049170252
2026-01-22 13:40:28 [INFO]  Save config to ./checkpoints/SVHN_alpha0.05/baselines_OursV4+SimpleFeatureServer_SVHN_results.yaml
2026-01-22 13:40:28 [INFO]  Round 34 starts--------|
2026-01-22 13:40:28 [INFO]  Client 0 Starts Local Trainning--------|
2026-01-22 13:41:33 [INFO]  Epoch 34 loss: 319.6520485877991; train accuracy: 0.9497161394971614; test accuracy: 0.2731637984019668
2026-01-22 13:41:33 [INFO]  Client 1 Starts Local Trainning--------|
2026-01-22 13:43:49 [INFO]  Epoch 34 loss: 699.2296986579895; train accuracy: 0.9402212589765155; test accuracy: 0.47284111862323297
2026-01-22 13:43:49 [INFO]  Client 2 Starts Local Trainning--------|
2026-01-22 13:43:59 [INFO]  Epoch 34 loss: 12.730297088623047; train accuracy: 0.9900793650793651; test accuracy: 0.06127074370006146
2026-01-22 13:43:59 [INFO]  Client 3 Starts Local Trainning--------|
2026-01-22 13:44:55 [INFO]  Epoch 34 loss: 276.9126000404358; train accuracy: 0.9788965393901458; test accuracy: 0.3247541487400123
2026-01-22 13:44:55 [INFO]  Client 4 Starts Local Trainning--------|
2026-01-22 13:46:14 [INFO]  Epoch 34 loss: 405.14122343063354; train accuracy: 0.9280407184227462; test accuracy: 0.2494622003687769
2026-01-22 13:46:14 [INFO]  Round 34 Finish--------|
2026-01-22 13:46:14 [INFO]  Model variance: mean: 0.00416457699611783, sum: 46534.78125
2026-01-22 13:46:14 [INFO]  g_protos_std (global internal): 1.011847
2026-01-22 13:46:14 [INFO]  inter_client_proto_std (cross-client): 0.019028
2026-01-22 13:46:14 [INFO]  g_protos_std (global internal): 1.011847
2026-01-22 13:46:14 [INFO]  inter_client_proto_std (cross-client): 0.019028
2026-01-22 13:46:14 [INFO]  V4 Training | Using Simple Feature-level Server.
2026-01-22 13:46:33 [INFO]  The test accuracy of OursV4+SimpleFeatureServer: 0.613360479409957
2026-01-22 13:46:33 [INFO]  Save config to ./checkpoints/SVHN_alpha0.05/baselines_OursV4+SimpleFeatureServer_SVHN_results.yaml
2026-01-22 13:46:33 [INFO]  Round 35 starts--------|
2026-01-22 13:46:33 [INFO]  Client 0 Starts Local Trainning--------|
2026-01-22 13:47:38 [INFO]  Epoch 35 loss: 318.90039348602295; train accuracy: 0.9666003096660031; test accuracy: 0.2768899815611555
2026-01-22 13:47:38 [INFO]  Save the model in ./checkpoints/SVHN_alpha0.05/local_models/client_0/epoch_35.pth
2026-01-22 13:47:38 [INFO]  Client 1 Starts Local Trainning--------|
2026-01-22 13:50:03 [INFO]  Epoch 35 loss: 698.0075840950012; train accuracy: 0.9575273338940286; test accuracy: 0.48928242163491087
2026-01-22 13:50:03 [INFO]  Save the model in ./checkpoints/SVHN_alpha0.05/local_models/client_1/epoch_35.pth
2026-01-22 13:50:03 [INFO]  Client 2 Starts Local Trainning--------|
2026-01-22 13:50:12 [INFO]  Epoch 35 loss: 12.703151226043701; train accuracy: 0.9900793650793651; test accuracy: 0.06127074370006146
2026-01-22 13:50:12 [INFO]  Save the model in ./checkpoints/SVHN_alpha0.05/local_models/client_2/epoch_35.pth
2026-01-22 13:50:12 [INFO]  Client 3 Starts Local Trainning--------|
2026-01-22 13:51:08 [INFO]  Epoch 35 loss: 277.471800327301; train accuracy: 0.9822945542341054; test accuracy: 0.3341656422864167
2026-01-22 13:51:08 [INFO]  Save the model in ./checkpoints/SVHN_alpha0.05/local_models/client_3/epoch_35.pth
2026-01-22 13:51:08 [INFO]  Client 4 Starts Local Trainning--------|
2026-01-22 13:52:34 [INFO]  Epoch 35 loss: 403.45118522644043; train accuracy: 0.9302053472181595; test accuracy: 0.2542255685310387
2026-01-22 13:52:34 [INFO]  Save the model in ./checkpoints/SVHN_alpha0.05/local_models/client_4/epoch_35.pth
2026-01-22 13:52:34 [INFO]  Round 35 Finish--------|
2026-01-22 13:52:34 [INFO]  Model variance: mean: 0.004224769305437803, sum: 47207.37109375
2026-01-22 13:52:34 [INFO]  g_protos_std (global internal): 1.011862
2026-01-22 13:52:34 [INFO]  inter_client_proto_std (cross-client): 0.019184
2026-01-22 13:52:34 [INFO]  g_protos_std (global internal): 1.011862
2026-01-22 13:52:34 [INFO]  inter_client_proto_std (cross-client): 0.019184
2026-01-22 13:52:34 [INFO]  V4 Training | Using Simple Feature-level Server.
2026-01-22 13:52:52 [INFO]  The test accuracy of OursV4+SimpleFeatureServer: 0.6098647818070068
2026-01-22 13:52:52 [INFO]  Save config to ./checkpoints/SVHN_alpha0.05/baselines_OursV4+SimpleFeatureServer_SVHN_results.yaml
2026-01-22 13:52:52 [INFO]  Round 36 starts--------|
2026-01-22 13:52:52 [INFO]  Client 0 Starts Local Trainning--------|
2026-01-22 13:53:59 [INFO]  Epoch 36 loss: 318.3928074836731; train accuracy: 0.8490009584900096; test accuracy: 0.20236631837738167
2026-01-22 13:53:59 [INFO]  Client 1 Starts Local Trainning--------|
2026-01-22 13:56:37 [INFO]  Epoch 36 loss: 698.8871884346008; train accuracy: 0.955262987643139; test accuracy: 0.4849416103257529
2026-01-22 13:56:37 [INFO]  Client 2 Starts Local Trainning--------|
2026-01-22 13:56:48 [INFO]  Epoch 36 loss: 12.684227466583252; train accuracy: 0.9900793650793651; test accuracy: 0.06127074370006146
2026-01-22 13:56:48 [INFO]  Client 3 Starts Local Trainning--------|
2026-01-22 13:57:49 [INFO]  Epoch 36 loss: 277.49268674850464; train accuracy: 0.9716534024859161; test accuracy: 0.26236939151813155
2026-01-22 13:57:49 [INFO]  Client 4 Starts Local Trainning--------|
2026-01-22 13:59:20 [INFO]  Epoch 36 loss: 403.62556982040405; train accuracy: 0.9348271222137717; test accuracy: 0.26194683466502766
2026-01-22 13:59:20 [INFO]  Round 36 Finish--------|
2026-01-22 13:59:20 [INFO]  Model variance: mean: 0.0042839013040065765, sum: 47868.10546875
2026-01-22 13:59:20 [INFO]  g_protos_std (global internal): 1.011876
2026-01-22 13:59:20 [INFO]  inter_client_proto_std (cross-client): 0.019380
2026-01-22 13:59:20 [INFO]  g_protos_std (global internal): 1.011876
2026-01-22 13:59:20 [INFO]  inter_client_proto_std (cross-client): 0.019380
2026-01-22 13:59:20 [INFO]  V4 Training | Using Simple Feature-level Server.
2026-01-22 13:59:36 [INFO]  The test accuracy of OursV4+SimpleFeatureServer: 0.6129763368162262
2026-01-22 13:59:36 [INFO]  Save config to ./checkpoints/SVHN_alpha0.05/baselines_OursV4+SimpleFeatureServer_SVHN_results.yaml
2026-01-22 13:59:36 [INFO]  Round 37 starts--------|
2026-01-22 13:59:36 [INFO]  Client 0 Starts Local Trainning--------|
2026-01-22 14:00:56 [INFO]  Epoch 37 loss: 317.5711932182312; train accuracy: 0.9694757796947578; test accuracy: 0.27327904118008606
2026-01-22 14:00:56 [INFO]  Client 1 Starts Local Trainning--------|
2026-01-22 14:03:53 [INFO]  Epoch 37 loss: 697.3750672340393; train accuracy: 0.957139160251019; test accuracy: 0.49231714812538413
2026-01-22 14:03:53 [INFO]  Client 2 Starts Local Trainning--------|
2026-01-22 14:04:02 [INFO]  Epoch 37 loss: 12.698313236236572; train accuracy: 0.9900793650793651; test accuracy: 0.06127074370006146
2026-01-22 14:04:02 [INFO]  Client 3 Starts Local Trainning--------|
2026-01-22 14:05:16 [INFO]  Epoch 37 loss: 277.1949667930603; train accuracy: 0.9745148886703031; test accuracy: 0.31077135832821146
2026-01-22 14:05:16 [INFO]  Client 4 Starts Local Trainning--------|
2026-01-22 14:06:55 [INFO]  Epoch 37 loss: 401.7922396659851; train accuracy: 0.9244135026034049; test accuracy: 0.252919483712354
2026-01-22 14:06:55 [INFO]  Round 37 Finish--------|
2026-01-22 14:06:55 [INFO]  Model variance: mean: 0.004341686610132456, sum: 48513.796875
2026-01-22 14:06:55 [INFO]  g_protos_std (global internal): 1.011891
2026-01-22 14:06:55 [INFO]  inter_client_proto_std (cross-client): 0.019546
2026-01-22 14:06:55 [INFO]  g_protos_std (global internal): 1.011891
2026-01-22 14:06:55 [INFO]  inter_client_proto_std (cross-client): 0.019546
2026-01-22 14:06:55 [INFO]  V4 Training | Using Simple Feature-level Server.
2026-01-22 14:07:11 [INFO]  The test accuracy of OursV4+SimpleFeatureServer: 0.609019668100799
2026-01-22 14:07:11 [INFO]  Save config to ./checkpoints/SVHN_alpha0.05/baselines_OursV4+SimpleFeatureServer_SVHN_results.yaml
2026-01-22 14:07:11 [INFO]  Round 38 starts--------|
2026-01-22 14:07:11 [INFO]  Client 0 Starts Local Trainning--------|
2026-01-22 14:08:37 [INFO]  Epoch 38 loss: 316.81460666656494; train accuracy: 0.9603332596033326; test accuracy: 0.2846496619545175
2026-01-22 14:08:37 [INFO]  Client 1 Starts Local Trainning--------|
2026-01-22 14:11:32 [INFO]  Epoch 38 loss: 695.3476829528809; train accuracy: 0.9468849065148477; test accuracy: 0.4845958819913952
2026-01-22 14:11:32 [INFO]  Client 2 Starts Local Trainning--------|
2026-01-22 14:11:41 [INFO]  Epoch 38 loss: 12.66718864440918; train accuracy: 0.9900793650793651; test accuracy: 0.06127074370006146
2026-01-22 14:11:41 [INFO]  Client 3 Starts Local Trainning--------|
2026-01-22 14:12:49 [INFO]  Epoch 38 loss: 276.8657627105713; train accuracy: 0.9807743896986497; test accuracy: 0.3516057160417947
2026-01-22 14:12:49 [INFO]  Client 4 Starts Local Trainning--------|
2026-01-22 14:14:31 [INFO]  Epoch 38 loss: 401.3278374671936; train accuracy: 0.9170420640028082; test accuracy: 0.24638905961893054
2026-01-22 14:14:31 [INFO]  Round 38 Finish--------|
2026-01-22 14:14:31 [INFO]  Model variance: mean: 0.004399706609547138, sum: 49162.109375
2026-01-22 14:14:31 [INFO]  g_protos_std (global internal): 1.011898
2026-01-22 14:14:31 [INFO]  inter_client_proto_std (cross-client): 0.019698
2026-01-22 14:14:31 [INFO]  g_protos_std (global internal): 1.011898
2026-01-22 14:14:31 [INFO]  inter_client_proto_std (cross-client): 0.019698
2026-01-22 14:14:31 [INFO]  V4 Training | Using Simple Feature-level Server.
2026-01-22 14:14:53 [INFO]  The test accuracy of OursV4+SimpleFeatureServer: 0.623040872771973
2026-01-22 14:14:53 [INFO]  Save config to ./checkpoints/SVHN_alpha0.05/baselines_OursV4+SimpleFeatureServer_SVHN_results.yaml
2026-01-22 14:14:53 [INFO]  Round 39 starts--------|
2026-01-22 14:14:53 [INFO]  Client 0 Starts Local Trainning--------|
2026-01-22 14:16:12 [INFO]  Epoch 39 loss: 316.63980531692505; train accuracy: 0.9531077195310772; test accuracy: 0.25918100799016597
2026-01-22 14:16:12 [INFO]  Client 1 Starts Local Trainning--------|
2026-01-22 14:19:14 [INFO]  Epoch 39 loss: 693.8501963615417; train accuracy: 0.9600828103771754; test accuracy: 0.4764904732636755
2026-01-22 14:19:14 [INFO]  Client 2 Starts Local Trainning--------|
2026-01-22 14:19:24 [INFO]  Epoch 39 loss: 12.6913743019104; train accuracy: 0.9900793650793651; test accuracy: 0.06127074370006146
2026-01-22 14:19:24 [INFO]  Client 3 Starts Local Trainning--------|
2026-01-22 14:20:38 [INFO]  Epoch 39 loss: 276.7027130126953; train accuracy: 0.9824733971206295; test accuracy: 0.35744468346650277
2026-01-22 14:20:38 [INFO]  Client 4 Starts Local Trainning--------|
2026-01-22 14:22:22 [INFO]  Epoch 39 loss: 402.0388140678406; train accuracy: 0.9445972035336102; test accuracy: 0.2575676090964966
2026-01-22 14:22:22 [INFO]  Round 39 Finish--------|
2026-01-22 14:22:22 [INFO]  Model variance: mean: 0.004456821829080582, sum: 49800.3125
2026-01-22 14:22:22 [INFO]  g_protos_std (global internal): 1.011910
2026-01-22 14:22:22 [INFO]  inter_client_proto_std (cross-client): 0.019882
2026-01-22 14:22:22 [INFO]  g_protos_std (global internal): 1.011910
2026-01-22 14:22:22 [INFO]  inter_client_proto_std (cross-client): 0.019882
2026-01-22 14:22:22 [INFO]  V4 Training | Using Simple Feature-level Server.
2026-01-22 14:22:39 [INFO]  The test accuracy of OursV4+SimpleFeatureServer: 0.6072910264290104
2026-01-22 14:22:39 [INFO]  Save config to ./checkpoints/SVHN_alpha0.05/baselines_OursV4+SimpleFeatureServer_SVHN_results.yaml
2026-01-22 14:22:39 [INFO]  Round 40 starts--------|
2026-01-22 14:22:39 [INFO]  Client 0 Starts Local Trainning--------|
2026-01-22 14:24:06 [INFO]  Epoch 40 loss: 316.01359462738037; train accuracy: 0.9708766497087665; test accuracy: 0.29018131530424096
2026-01-22 14:24:07 [INFO]  Save the model in ./checkpoints/SVHN_alpha0.05/local_models/client_0/epoch_40.pth
2026-01-22 14:24:07 [INFO]  Client 1 Starts Local Trainning--------|
2026-01-22 14:27:08 [INFO]  Epoch 40 loss: 694.0653190612793; train accuracy: 0.9651290677363007; test accuracy: 0.49546711739397664
2026-01-22 14:27:08 [INFO]  Save the model in ./checkpoints/SVHN_alpha0.05/local_models/client_1/epoch_40.pth
2026-01-22 14:27:08 [INFO]  Client 2 Starts Local Trainning--------|
2026-01-22 14:27:20 [INFO]  Epoch 40 loss: 12.70745849609375; train accuracy: 0.9900793650793651; test accuracy: 0.06127074370006146
2026-01-22 14:27:21 [INFO]  Save the model in ./checkpoints/SVHN_alpha0.05/local_models/client_2/epoch_40.pth
2026-01-22 14:27:21 [INFO]  Client 3 Starts Local Trainning--------|
2026-01-22 14:28:30 [INFO]  Epoch 40 loss: 276.3286724090576; train accuracy: 0.96968613073415; test accuracy: 0.2670559311616472
2026-01-22 14:28:31 [INFO]  Save the model in ./checkpoints/SVHN_alpha0.05/local_models/client_3/epoch_40.pth
2026-01-22 14:28:31 [INFO]  Client 4 Starts Local Trainning--------|
2026-01-22 14:30:11 [INFO]  Epoch 40 loss: 400.704665184021; train accuracy: 0.9276896975370035; test accuracy: 0.2564151813153042
2026-01-22 14:30:12 [INFO]  Save the model in ./checkpoints/SVHN_alpha0.05/local_models/client_4/epoch_40.pth
2026-01-22 14:30:12 [INFO]  Round 40 Finish--------|
2026-01-22 14:30:12 [INFO]  Model variance: mean: 0.00451350724324584, sum: 50433.7109375
2026-01-22 14:30:12 [INFO]  g_protos_std (global internal): 1.011930
2026-01-22 14:30:12 [INFO]  inter_client_proto_std (cross-client): 0.020064
2026-01-22 14:30:12 [INFO]  g_protos_std (global internal): 1.011930
2026-01-22 14:30:12 [INFO]  inter_client_proto_std (cross-client): 0.020064
2026-01-22 14:30:12 [INFO]  V4 Training | Using Simple Feature-level Server.
2026-01-22 14:30:29 [INFO]  The test accuracy of OursV4+SimpleFeatureServer: 0.6258451137062078
2026-01-22 14:30:29 [INFO]  Save config to ./checkpoints/SVHN_alpha0.05/baselines_OursV4+SimpleFeatureServer_SVHN_results.yaml
2026-01-22 14:30:29 [INFO]  Round 41 starts--------|
2026-01-22 14:30:29 [INFO]  Client 0 Starts Local Trainning--------|
2026-01-22 14:31:55 [INFO]  Epoch 41 loss: 316.63511323928833; train accuracy: 0.9526653395266534; test accuracy: 0.27051321450522436
2026-01-22 14:31:55 [INFO]  Client 1 Starts Local Trainning--------|
2026-01-22 14:34:52 [INFO]  Epoch 41 loss: 692.5123920440674; train accuracy: 0.9487610791227276; test accuracy: 0.4814459127228027
2026-01-22 14:34:52 [INFO]  Client 2 Starts Local Trainning--------|
2026-01-22 14:35:03 [INFO]  Epoch 41 loss: 12.693513870239258; train accuracy: 0.9900793650793651; test accuracy: 0.06127074370006146
2026-01-22 14:35:03 [INFO]  Client 3 Starts Local Trainning--------|
2026-01-22 14:36:10 [INFO]  Epoch 41 loss: 276.55728578567505; train accuracy: 0.9793436466064562; test accuracy: 0.3320144437615243
2026-01-22 14:36:10 [INFO]  Client 4 Starts Local Trainning--------|
2026-01-22 14:37:49 [INFO]  Epoch 41 loss: 400.64187574386597; train accuracy: 0.9273971801322178; test accuracy: 0.2471957590657652
2026-01-22 14:37:49 [INFO]  Round 41 Finish--------|
2026-01-22 14:37:49 [INFO]  Model variance: mean: 0.004568174015730619, sum: 51044.5546875
2026-01-22 14:37:49 [INFO]  g_protos_std (global internal): 1.011944
2026-01-22 14:37:49 [INFO]  inter_client_proto_std (cross-client): 0.020214
2026-01-22 14:37:49 [INFO]  g_protos_std (global internal): 1.011944
2026-01-22 14:37:49 [INFO]  inter_client_proto_std (cross-client): 0.020214
2026-01-22 14:37:49 [INFO]  V4 Training | Using Simple Feature-level Server.
2026-01-22 14:38:06 [INFO]  The test accuracy of OursV4+SimpleFeatureServer: 0.6191226183159189
2026-01-22 14:38:06 [INFO]  Save config to ./checkpoints/SVHN_alpha0.05/baselines_OursV4+SimpleFeatureServer_SVHN_results.yaml
2026-01-22 14:38:06 [INFO]  Round 42 starts--------|
2026-01-22 14:38:06 [INFO]  Client 0 Starts Local Trainning--------|
2026-01-22 14:39:33 [INFO]  Epoch 42 loss: 315.96680068969727; train accuracy: 0.959448499594485; test accuracy: 0.2618700061462815
2026-01-22 14:39:33 [INFO]  Client 1 Starts Local Trainning--------|
2026-01-22 14:42:21 [INFO]  Epoch 42 loss: 692.9664649963379; train accuracy: 0.9611502878954519; test accuracy: 0.4896665642286417
2026-01-22 14:42:21 [INFO]  Client 2 Starts Local Trainning--------|
2026-01-22 14:42:30 [INFO]  Epoch 42 loss: 12.703653335571289; train accuracy: 0.9900793650793651; test accuracy: 0.06127074370006146
2026-01-22 14:42:30 [INFO]  Client 3 Starts Local Trainning--------|
2026-01-22 14:43:37 [INFO]  Epoch 42 loss: 275.889347076416; train accuracy: 0.9814897612447465; test accuracy: 0.32794253226797787
2026-01-22 14:43:37 [INFO]  Client 4 Starts Local Trainning--------|
2026-01-22 14:45:13 [INFO]  Epoch 42 loss: 399.08173274993896; train accuracy: 0.9268121453226467; test accuracy: 0.2429701905347265
2026-01-22 14:45:13 [INFO]  Round 42 Finish--------|
2026-01-22 14:45:13 [INFO]  Model variance: mean: 0.004622891079634428, sum: 51655.9609375
2026-01-22 14:45:13 [INFO]  g_protos_std (global internal): 1.011958
2026-01-22 14:45:13 [INFO]  inter_client_proto_std (cross-client): 0.020373
2026-01-22 14:45:13 [INFO]  g_protos_std (global internal): 1.011958
2026-01-22 14:45:13 [INFO]  inter_client_proto_std (cross-client): 0.020373
2026-01-22 14:45:13 [INFO]  V4 Training | Using Simple Feature-level Server.
2026-01-22 14:45:34 [INFO]  The test accuracy of OursV4+SimpleFeatureServer: 0.6301859250153657
2026-01-22 14:45:34 [INFO]  Save config to ./checkpoints/SVHN_alpha0.05/baselines_OursV4+SimpleFeatureServer_SVHN_results.yaml
2026-01-22 14:45:34 [INFO]  Round 43 starts--------|
2026-01-22 14:45:34 [INFO]  Client 0 Starts Local Trainning--------|
2026-01-22 14:46:53 [INFO]  Epoch 43 loss: 316.25117111206055; train accuracy: 0.9649782496497825; test accuracy: 0.28503380454824834
2026-01-22 14:46:53 [INFO]  Client 1 Starts Local Trainning--------|
2026-01-22 14:49:49 [INFO]  Epoch 43 loss: 690.5248718261719; train accuracy: 0.9313579607944621; test accuracy: 0.46469729563614015
2026-01-22 14:49:49 [INFO]  Client 2 Starts Local Trainning--------|
2026-01-22 14:50:00 [INFO]  Epoch 43 loss: 12.719721794128418; train accuracy: 0.9900793650793651; test accuracy: 0.06127074370006146
2026-01-22 14:50:00 [INFO]  Client 3 Starts Local Trainning--------|
2026-01-22 14:51:08 [INFO]  Epoch 43 loss: 276.31131505966187; train accuracy: 0.9737995171242064; test accuracy: 0.2941379840196681
2026-01-22 14:51:08 [INFO]  Client 4 Starts Local Trainning--------|
2026-01-22 14:52:50 [INFO]  Epoch 43 loss: 398.9361548423767; train accuracy: 0.9213128181126777; test accuracy: 0.2479640442532268
2026-01-22 14:52:50 [INFO]  Round 43 Finish--------|
2026-01-22 14:52:50 [INFO]  Model variance: mean: 0.004676912445574999, sum: 52259.59375
2026-01-22 14:52:50 [INFO]  g_protos_std (global internal): 1.011965
2026-01-22 14:52:50 [INFO]  inter_client_proto_std (cross-client): 0.020511
2026-01-22 14:52:50 [INFO]  g_protos_std (global internal): 1.011965
2026-01-22 14:52:50 [INFO]  inter_client_proto_std (cross-client): 0.020511
2026-01-22 14:52:50 [INFO]  V4 Training | Using Simple Feature-level Server.
2026-01-22 14:53:07 [INFO]  The test accuracy of OursV4+SimpleFeatureServer: 0.6186232329440688
2026-01-22 14:53:07 [INFO]  Save config to ./checkpoints/SVHN_alpha0.05/baselines_OursV4+SimpleFeatureServer_SVHN_results.yaml
2026-01-22 14:53:07 [INFO]  Round 44 starts--------|
2026-01-22 14:53:07 [INFO]  Client 0 Starts Local Trainning--------|
2026-01-22 14:54:21 [INFO]  Epoch 44 loss: 316.2029628753662; train accuracy: 0.9589323895893239; test accuracy: 0.2711662569145667
2026-01-22 14:54:21 [INFO]  Client 1 Starts Local Trainning--------|
2026-01-22 14:57:16 [INFO]  Epoch 44 loss: 691.0917572975159; train accuracy: 0.9574949860904445; test accuracy: 0.4910878918254456
2026-01-22 14:57:16 [INFO]  Client 2 Starts Local Trainning--------|
2026-01-22 14:57:27 [INFO]  Epoch 44 loss: 12.677207469940186; train accuracy: 0.9900793650793651; test accuracy: 0.06127074370006146
2026-01-22 14:57:27 [INFO]  Client 3 Starts Local Trainning--------|
2026-01-22 14:58:35 [INFO]  Epoch 44 loss: 275.9715356826782; train accuracy: 0.975319681659662; test accuracy: 0.3265980331899201
2026-01-22 14:58:35 [INFO]  Client 4 Starts Local Trainning--------|
2026-01-22 15:00:18 [INFO]  Epoch 44 loss: 398.54620885849; train accuracy: 0.9355876674662142; test accuracy: 0.24396896127842654
2026-01-22 15:00:18 [INFO]  Round 44 Finish--------|
2026-01-22 15:00:18 [INFO]  Model variance: mean: 0.004729880020022392, sum: 52851.453125
2026-01-22 15:00:18 [INFO]  g_protos_std (global internal): 1.011979
2026-01-22 15:00:18 [INFO]  inter_client_proto_std (cross-client): 0.020645
2026-01-22 15:00:18 [INFO]  g_protos_std (global internal): 1.011979
2026-01-22 15:00:18 [INFO]  inter_client_proto_std (cross-client): 0.020645
2026-01-22 15:00:18 [INFO]  V4 Training | Using Simple Feature-level Server.
2026-01-22 15:00:35 [INFO]  The test accuracy of OursV4+SimpleFeatureServer: 0.6132068223724647
2026-01-22 15:00:35 [INFO]  Save config to ./checkpoints/SVHN_alpha0.05/baselines_OursV4+SimpleFeatureServer_SVHN_results.yaml
2026-01-22 15:00:35 [INFO]  Round 45 starts--------|
2026-01-22 15:00:35 [INFO]  Client 0 Starts Local Trainning--------|
2026-01-22 15:01:56 [INFO]  Epoch 45 loss: 315.62206077575684; train accuracy: 0.9577527095775271; test accuracy: 0.2894130301167793
2026-01-22 15:01:57 [INFO]  Save the model in ./checkpoints/SVHN_alpha0.05/local_models/client_0/epoch_45.pth
2026-01-22 15:01:57 [INFO]  Client 1 Starts Local Trainning--------|
2026-01-22 15:04:54 [INFO]  Epoch 45 loss: 688.8213610649109; train accuracy: 0.9562334217506632; test accuracy: 0.48190688383527963
2026-01-22 15:04:54 [INFO]  Save the model in ./checkpoints/SVHN_alpha0.05/local_models/client_1/epoch_45.pth
2026-01-22 15:04:54 [INFO]  Client 2 Starts Local Trainning--------|
2026-01-22 15:05:05 [INFO]  Epoch 45 loss: 12.67970609664917; train accuracy: 0.9900793650793651; test accuracy: 0.06127074370006146
2026-01-22 15:05:05 [INFO]  Save the model in ./checkpoints/SVHN_alpha0.05/local_models/client_2/epoch_45.pth
2026-01-22 15:05:05 [INFO]  Client 3 Starts Local Trainning--------|
2026-01-22 15:06:16 [INFO]  Epoch 45 loss: 276.1307864189148; train accuracy: 0.9589555575426988; test accuracy: 0.3273279041180086
2026-01-22 15:06:16 [INFO]  Save the model in ./checkpoints/SVHN_alpha0.05/local_models/client_3/epoch_45.pth
2026-01-22 15:06:16 [INFO]  Client 4 Starts Local Trainning--------|
2026-01-22 15:08:01 [INFO]  Epoch 45 loss: 398.7824397087097; train accuracy: 0.9245305095653191; test accuracy: 0.23932083589428396
2026-01-22 15:08:02 [INFO]  Save the model in ./checkpoints/SVHN_alpha0.05/local_models/client_4/epoch_45.pth
2026-01-22 15:08:02 [INFO]  Round 45 Finish--------|
2026-01-22 15:08:02 [INFO]  Model variance: mean: 0.004781984258443117, sum: 53433.66015625
2026-01-22 15:08:02 [INFO]  g_protos_std (global internal): 1.011992
2026-01-22 15:08:02 [INFO]  inter_client_proto_std (cross-client): 0.020772
2026-01-22 15:08:02 [INFO]  g_protos_std (global internal): 1.011992
2026-01-22 15:08:02 [INFO]  inter_client_proto_std (cross-client): 0.020772
2026-01-22 15:08:02 [INFO]  V4 Training | Using Simple Feature-level Server.
2026-01-22 15:08:18 [INFO]  The test accuracy of OursV4+SimpleFeatureServer: 0.631299938537185
2026-01-22 15:08:18 [INFO]  Save config to ./checkpoints/SVHN_alpha0.05/baselines_OursV4+SimpleFeatureServer_SVHN_results.yaml
2026-01-22 15:08:18 [INFO]  Round 46 starts--------|
2026-01-22 15:08:18 [INFO]  Client 0 Starts Local Trainning--------|
2026-01-22 15:09:39 [INFO]  Epoch 46 loss: 315.420645236969; train accuracy: 0.9622502396225024; test accuracy: 0.3000537799631223
2026-01-22 15:09:39 [INFO]  Client 1 Starts Local Trainning--------|
2026-01-22 15:12:24 [INFO]  Epoch 46 loss: 689.1529536247253; train accuracy: 0.9674257617907744; test accuracy: 0.4980024585125999
2026-01-22 15:12:24 [INFO]  Client 2 Starts Local Trainning--------|
2026-01-22 15:12:35 [INFO]  Epoch 46 loss: 12.675098896026611; train accuracy: 0.9900793650793651; test accuracy: 0.06127074370006146
2026-01-22 15:12:35 [INFO]  Client 3 Starts Local Trainning--------|
2026-01-22 15:13:43 [INFO]  Epoch 46 loss: 276.4212555885315; train accuracy: 0.9793436466064562; test accuracy: 0.36251536570374926
2026-01-22 15:13:43 [INFO]  Client 4 Starts Local Trainning--------|
2026-01-22 15:15:19 [INFO]  Epoch 46 loss: 397.7611780166626; train accuracy: 0.9417305329667115; test accuracy: 0.27139674247080514
2026-01-22 15:15:19 [INFO]  Round 46 Finish--------|
2026-01-22 15:15:19 [INFO]  Model variance: mean: 0.004834278021007776, sum: 54017.98828125
2026-01-22 15:15:19 [INFO]  g_protos_std (global internal): 1.012005
2026-01-22 15:15:19 [INFO]  inter_client_proto_std (cross-client): 0.020889
2026-01-22 15:15:19 [INFO]  g_protos_std (global internal): 1.012005
2026-01-22 15:15:19 [INFO]  inter_client_proto_std (cross-client): 0.020889
2026-01-22 15:15:19 [INFO]  V4 Training | Using Simple Feature-level Server.
2026-01-22 15:15:40 [INFO]  The test accuracy of OursV4+SimpleFeatureServer: 0.641479717271051
2026-01-22 15:15:40 [INFO]  Save config to ./checkpoints/SVHN_alpha0.05/baselines_OursV4+SimpleFeatureServer_SVHN_results.yaml
2026-01-22 15:15:40 [INFO]  Round 47 starts--------|
2026-01-22 15:15:40 [INFO]  Client 0 Starts Local Trainning--------|
2026-01-22 15:16:56 [INFO]  Epoch 47 loss: 315.0192937850952; train accuracy: 0.9699918896999189; test accuracy: 0.27654425322679776
2026-01-22 15:16:56 [INFO]  Client 1 Starts Local Trainning--------|
2026-01-22 15:19:53 [INFO]  Epoch 47 loss: 687.9132409095764; train accuracy: 0.9618619395743029; test accuracy: 0.48179164105716044
2026-01-22 15:19:53 [INFO]  Client 2 Starts Local Trainning--------|
2026-01-22 15:20:02 [INFO]  Epoch 47 loss: 12.679864883422852; train accuracy: 0.9900793650793651; test accuracy: 0.06127074370006146
2026-01-22 15:20:02 [INFO]  Client 3 Starts Local Trainning--------|
2026-01-22 15:21:15 [INFO]  Epoch 47 loss: 275.8954358100891; train accuracy: 0.9778234820710007; test accuracy: 0.31803165334972344
2026-01-22 15:21:15 [INFO]  Client 4 Starts Local Trainning--------|
2026-01-22 15:22:53 [INFO]  Epoch 47 loss: 398.03152894973755; train accuracy: 0.9471128532147662; test accuracy: 0.24492931776275353
2026-01-22 15:22:53 [INFO]  Round 47 Finish--------|
2026-01-22 15:22:53 [INFO]  Model variance: mean: 0.0048857396468520164, sum: 54593.01953125
2026-01-22 15:22:53 [INFO]  g_protos_std (global internal): 1.012018
2026-01-22 15:22:53 [INFO]  inter_client_proto_std (cross-client): 0.021049
2026-01-22 15:22:53 [INFO]  g_protos_std (global internal): 1.012018
2026-01-22 15:22:53 [INFO]  inter_client_proto_std (cross-client): 0.021049
2026-01-22 15:22:53 [INFO]  V4 Training | Using Simple Feature-level Server.
2026-01-22 15:23:15 [INFO]  The test accuracy of OursV4+SimpleFeatureServer: 0.6347572218807621
2026-01-22 15:23:15 [INFO]  Save config to ./checkpoints/SVHN_alpha0.05/baselines_OursV4+SimpleFeatureServer_SVHN_results.yaml
2026-01-22 15:23:15 [INFO]  Round 48 starts--------|
2026-01-22 15:23:15 [INFO]  Client 0 Starts Local Trainning--------|
2026-01-22 15:24:43 [INFO]  Epoch 48 loss: 313.73389053344727; train accuracy: 0.9528865295288653; test accuracy: 0.2740857406269207
2026-01-22 15:24:43 [INFO]  Client 1 Starts Local Trainning--------|
2026-01-22 15:27:45 [INFO]  Epoch 48 loss: 687.1887106895447; train accuracy: 0.9551659442323867; test accuracy: 0.49846342962507684
2026-01-22 15:27:45 [INFO]  Client 2 Starts Local Trainning--------|
2026-01-22 15:27:54 [INFO]  Epoch 48 loss: 12.689545631408691; train accuracy: 0.9900793650793651; test accuracy: 0.06127074370006146
2026-01-22 15:27:54 [INFO]  Client 3 Starts Local Trainning--------|
2026-01-22 15:29:06 [INFO]  Epoch 48 loss: 275.92227935791016; train accuracy: 0.9802378610390772; test accuracy: 0.3077366318377382
2026-01-22 15:29:06 [INFO]  Client 4 Starts Local Trainning--------|
2026-01-22 15:30:50 [INFO]  Epoch 48 loss: 397.4520902633667; train accuracy: 0.9271631662083893; test accuracy: 0.24542870313460358
2026-01-22 15:30:50 [INFO]  Round 48 Finish--------|
2026-01-22 15:30:50 [INFO]  Model variance: mean: 0.0049372571520507336, sum: 55168.67578125
2026-01-22 15:30:50 [INFO]  g_protos_std (global internal): 1.012036
2026-01-22 15:30:50 [INFO]  inter_client_proto_std (cross-client): 0.021189
2026-01-22 15:30:50 [INFO]  g_protos_std (global internal): 1.012036
2026-01-22 15:30:50 [INFO]  inter_client_proto_std (cross-client): 0.021189
2026-01-22 15:30:50 [INFO]  V4 Training | Using Simple Feature-level Server.
2026-01-22 15:31:11 [INFO]  The test accuracy of OursV4+SimpleFeatureServer: 0.6412108174554395
2026-01-22 15:31:11 [INFO]  Save config to ./checkpoints/SVHN_alpha0.05/baselines_OursV4+SimpleFeatureServer_SVHN_results.yaml
2026-01-22 15:31:11 [INFO]  Round 49 starts--------|
2026-01-22 15:31:11 [INFO]  Client 0 Starts Local Trainning--------|
2026-01-22 15:32:40 [INFO]  Epoch 49 loss: 314.21385765075684; train accuracy: 0.9682223696822237; test accuracy: 0.2922556853103872
2026-01-22 15:32:40 [INFO]  Client 1 Starts Local Trainning--------|
2026-01-22 15:35:39 [INFO]  Epoch 49 loss: 688.4046807289124; train accuracy: 0.9582066377692955; test accuracy: 0.49880915795943453
2026-01-22 15:35:39 [INFO]  Client 2 Starts Local Trainning--------|
2026-01-22 15:35:49 [INFO]  Epoch 49 loss: 12.68028736114502; train accuracy: 0.9900793650793651; test accuracy: 0.06127074370006146
2026-01-22 15:35:49 [INFO]  Client 3 Starts Local Trainning--------|
2026-01-22 15:36:59 [INFO]  Epoch 49 loss: 275.636013507843; train accuracy: 0.9808638111419118; test accuracy: 0.31664874001229254
2026-01-22 15:36:59 [INFO]  Client 4 Starts Local Trainning--------|
2026-01-22 15:38:49 [INFO]  Epoch 49 loss: 397.5294990539551; train accuracy: 0.8880828409290352; test accuracy: 0.23970497848801475
2026-01-22 15:38:49 [INFO]  Round 49 Finish--------|
2026-01-22 15:38:49 [INFO]  Model variance: mean: 0.004987972788512707, sum: 55735.3671875
2026-01-22 15:38:49 [INFO]  g_protos_std (global internal): 1.012049
2026-01-22 15:38:49 [INFO]  inter_client_proto_std (cross-client): 0.021349
2026-01-22 15:38:49 [INFO]  g_protos_std (global internal): 1.012049
2026-01-22 15:38:49 [INFO]  inter_client_proto_std (cross-client): 0.021349
2026-01-22 15:38:49 [INFO]  V4 Training | Using Simple Feature-level Server.
2026-01-22 15:39:06 [INFO]  The test accuracy of OursV4+SimpleFeatureServer: 0.6402120467117394
2026-01-22 15:39:06 [INFO]  Save config to ./checkpoints/SVHN_alpha0.05/baselines_OursV4+SimpleFeatureServer_SVHN_results.yaml
