2026-01-22 10:00:29 [INFO]  Load config from configs/SVHN_alpha0.05_seed114514.yaml
2026-01-22 10:00:29 [INFO]  config: {'exp_name': 'SVHN_alpha0.05', 'dataset': {'data_name': 'SVHN', 'root_path': '~/datasets/', 'train_batch_size': 256, 'test_batch_size': 256, 'channels': 3, 'num_classes': 10, 'image_size': 32, 'aux_data_name': 'SVHN', 'aux_root_path': '~/datasets/', 'aux_split': 'test'}, 'distribution': {'type': 'dirichlet', 'label_num_per_client': 2, 'alpha': 0.05}, 'client': {'num_clients': 5}, 'server': {'num_rounds': 50, 'frac_clients': 1.0, 'lr': 0.05, 'local_epochs': 1, 'optimizer': 'sgd', 'momentum': 0.9, 'weight_decay': 0.0001, 'loss_name': 'ce', 'model_name': 'resnet18', 'aggregated_by_datasize': True, 'lr_decay_per_round': 0.998}, 'device': 'cuda:0', 'checkpoint': {'save_path': './checkpoints/', 'save_freq': 5, 'result_file': 'SVHN_results.yaml'}, 'pretrain': {'lr': 0.01, 'epoch': 70, 'model_path': './pretrain/', 'momentum': 0.9, 'weight_decay': 0.0001, 'model_name': 'resnet18', 'model_file_name': 'resnet18-f37072fd.pth'}, 'DBCD': {'alpha_l_pa': 1, 'alpha_l_pb': 1, 'alpha_l_pc': 0.0, 'Beta_alpha': 0.2, 'unsup_method': 'infonce', 'contrastive_temperature': 0.5, 'encoder_epoch': 40, 'projector_epoch': 10, 'use_pretrain': False, 'aug_batch_size': 512, 'encoder_lr': 0.03, 'cls_optimizer': 'sgd', 'cls_lr': 0.05, 'supcon_temp': 0.07, 'super_gr': 100, 'aux_with_public': True}, 'etf': {'loss_name': 'ce'}, 'visualization': {'interval': 5, 'save_path': 'visualization/resnet18', 'vis_size': 16}, 'resume': True, 'resume_best': False, 'seed': 114514, 'lambda_align_initial': 10.0, 'v9_config': {'use_adaptive_lambda': True, 'lambda_min': 0.1, 'lambda_max': 20.0, 'use_server_optimization': False, 'server_lr': 0.001, 'server_epochs': 20, 'gamma_etf_reg': 0.1}, 'v10_config': {'use_uncertainty_weighting': True, 'sigma_lr': 0.005}}
2026-01-22 10:00:33 [INFO]  Dataset SVHN loaded
2026-01-22 10:00:33 [INFO]  Dataset index dict loaded from preprocessed_data/SVHN.pt
2026-01-22 10:00:33 [INFO]  Data distribution generated correctly using the corrected dirichlet function.
2026-01-22 10:00:33 [INFO]  Total assigned samples: 73257
2026-01-22 10:00:33 [INFO]  OneshotOurs
2026-01-22 10:00:34 [INFO]  Round 0 starts--------|
2026-01-22 10:00:34 [INFO]  Client 0 Starts Local Trainning--------|
2026-01-22 10:00:34 [INFO]  generating sample per sample
2026-01-22 10:00:49 [INFO]  Epoch 0 loss: 110.25735664367676; train accuracy: 0.29321561338289964; test accuracy: 0.06130915795943454
2026-01-22 10:00:50 [INFO]  Save the model in ./checkpoints/SVHN_alpha0.05/local_models/client_0/epoch_0.pth
2026-01-22 10:00:50 [INFO]  Client 1 Starts Local Trainning--------|
2026-01-22 10:00:54 [INFO]  generating sample per sample
2026-01-22 10:01:40 [INFO]  Epoch 0 loss: 348.41049814224243; train accuracy: 0.9763794057944271; test accuracy: 0.15938076213890595
2026-01-22 10:01:41 [INFO]  Save the model in ./checkpoints/SVHN_alpha0.05/local_models/client_1/epoch_0.pth
2026-01-22 10:01:41 [INFO]  Client 2 Starts Local Trainning--------|
2026-01-22 10:01:45 [INFO]  generating sample per sample
2026-01-22 10:02:34 [INFO]  Epoch 0 loss: 389.5327043533325; train accuracy: 0.6235353197187814; test accuracy: 0.09695759065765212
2026-01-22 10:02:34 [INFO]  Save the model in ./checkpoints/SVHN_alpha0.05/local_models/client_2/epoch_0.pth
2026-01-22 10:02:34 [INFO]  Client 3 Starts Local Trainning--------|
2026-01-22 10:02:44 [INFO]  generating sample per sample
2026-01-22 10:04:29 [INFO]  Epoch 0 loss: 1015.0597677230835; train accuracy: 0.6033098591549296; test accuracy: 0.29701905347264906
2026-01-22 10:04:30 [INFO]  Save the model in ./checkpoints/SVHN_alpha0.05/local_models/client_3/epoch_0.pth
2026-01-22 10:04:30 [INFO]  Client 4 Starts Local Trainning--------|
2026-01-22 10:04:37 [INFO]  generating sample per sample
2026-01-22 10:05:58 [INFO]  Epoch 0 loss: 706.9420809745789; train accuracy: 0.5468648024499222; test accuracy: 0.19364628149969268
2026-01-22 10:05:59 [INFO]  Save the model in ./checkpoints/SVHN_alpha0.05/local_models/client_4/epoch_0.pth
2026-01-22 10:05:59 [INFO]  Round 0 Finish--------|
2026-01-22 10:05:59 [INFO]  Model variance: mean: 0.0007415845175273716, sum: 8286.4296875
2026-01-22 10:05:59 [INFO]  g_protos_std (global internal): 1.003163
2026-01-22 10:05:59 [INFO]  inter_client_proto_std (cross-client): 0.006966
2026-01-22 10:05:59 [INFO]  g_protos_std (global internal): 1.003163
2026-01-22 10:05:59 [INFO]  inter_client_proto_std (cross-client): 0.006966
2026-01-22 10:05:59 [INFO]  V4 Training | Using Simple Feature-level Server.
2026-01-22 10:06:13 [INFO]  The test accuracy of OursV4+SimpleFeatureServer: 0.30777504609711126
2026-01-22 10:06:13 [INFO]  Save config to ./checkpoints/SVHN_alpha0.05/baselines_OursV4+SimpleFeatureServer_SVHN_results.yaml
2026-01-22 10:06:13 [INFO]  Round 1 starts--------|
2026-01-22 10:06:13 [INFO]  Client 0 Starts Local Trainning--------|
2026-01-22 10:06:27 [INFO]  Epoch 1 loss: 86.32617378234863; train accuracy: 0.14684014869888476; test accuracy: 0.08051628764597418
2026-01-22 10:06:27 [INFO]  Client 1 Starts Local Trainning--------|
2026-01-22 10:07:16 [INFO]  Epoch 1 loss: 278.66191482543945; train accuracy: 0.9763794057944271; test accuracy: 0.15938076213890595
2026-01-22 10:07:16 [INFO]  Client 2 Starts Local Trainning--------|
2026-01-22 10:08:06 [INFO]  Epoch 1 loss: 361.34482860565186; train accuracy: 0.6827920990960831; test accuracy: 0.10548555623847572
2026-01-22 10:08:06 [INFO]  Client 3 Starts Local Trainning--------|
2026-01-22 10:09:57 [INFO]  Epoch 1 loss: 847.5282244682312; train accuracy: 0.6532042253521126; test accuracy: 0.3284035033804548
2026-01-22 10:09:57 [INFO]  Client 4 Starts Local Trainning--------|
2026-01-22 10:11:16 [INFO]  Epoch 1 loss: 610.2135396003723; train accuracy: 0.6488779557206688; test accuracy: 0.2395897357098955
2026-01-22 10:11:16 [INFO]  Round 1 Finish--------|
2026-01-22 10:11:16 [INFO]  Model variance: mean: 0.0009781752014532685, sum: 10930.08203125
2026-01-22 10:11:16 [INFO]  g_protos_std (global internal): 1.003191
2026-01-22 10:11:16 [INFO]  inter_client_proto_std (cross-client): 0.008094
2026-01-22 10:11:16 [INFO]  g_protos_std (global internal): 1.003191
2026-01-22 10:11:16 [INFO]  inter_client_proto_std (cross-client): 0.008094
2026-01-22 10:11:16 [INFO]  V4 Training | Using Simple Feature-level Server.
2026-01-22 10:11:30 [INFO]  The test accuracy of OursV4+SimpleFeatureServer: 0.3840657652120467
2026-01-22 10:11:30 [INFO]  Save config to ./checkpoints/SVHN_alpha0.05/baselines_OursV4+SimpleFeatureServer_SVHN_results.yaml
2026-01-22 10:11:30 [INFO]  Round 2 starts--------|
2026-01-22 10:11:30 [INFO]  Client 0 Starts Local Trainning--------|
2026-01-22 10:11:43 [INFO]  Epoch 2 loss: 81.19441509246826; train accuracy: 0.35780669144981414; test accuracy: 0.06764751075599262
2026-01-22 10:11:43 [INFO]  Client 1 Starts Local Trainning--------|
2026-01-22 10:12:28 [INFO]  Epoch 2 loss: 278.2817940711975; train accuracy: 0.9763794057944271; test accuracy: 0.15938076213890595
2026-01-22 10:12:28 [INFO]  Client 2 Starts Local Trainning--------|
2026-01-22 10:13:17 [INFO]  Epoch 2 loss: 347.1977596282959; train accuracy: 0.7206226983595581; test accuracy: 0.11785494775660725
2026-01-22 10:13:17 [INFO]  Client 3 Starts Local Trainning--------|
2026-01-22 10:15:11 [INFO]  Epoch 2 loss: 773.2278146743774; train accuracy: 0.7984859154929578; test accuracy: 0.390980331899201
2026-01-22 10:15:11 [INFO]  Client 4 Starts Local Trainning--------|
2026-01-22 10:16:26 [INFO]  Epoch 2 loss: 583.4312453269958; train accuracy: 0.7102264169888046; test accuracy: 0.2559926244622004
2026-01-22 10:16:26 [INFO]  Round 2 Finish--------|
2026-01-22 10:16:26 [INFO]  Model variance: mean: 0.0011757039465010166, sum: 13137.2587890625
2026-01-22 10:16:26 [INFO]  g_protos_std (global internal): 1.003220
2026-01-22 10:16:26 [INFO]  inter_client_proto_std (cross-client): 0.009020
2026-01-22 10:16:26 [INFO]  g_protos_std (global internal): 1.003220
2026-01-22 10:16:26 [INFO]  inter_client_proto_std (cross-client): 0.009020
2026-01-22 10:16:26 [INFO]  V4 Training | Using Simple Feature-level Server.
2026-01-22 10:16:41 [INFO]  The test accuracy of OursV4+SimpleFeatureServer: 0.41479717271051014
2026-01-22 10:16:41 [INFO]  Save config to ./checkpoints/SVHN_alpha0.05/baselines_OursV4+SimpleFeatureServer_SVHN_results.yaml
2026-01-22 10:16:41 [INFO]  Round 3 starts--------|
2026-01-22 10:16:41 [INFO]  Client 0 Starts Local Trainning--------|
2026-01-22 10:16:55 [INFO]  Epoch 3 loss: 78.73661851882935; train accuracy: 0.3424721189591078; test accuracy: 0.06557314074984634
2026-01-22 10:16:55 [INFO]  Client 1 Starts Local Trainning--------|
2026-01-22 10:17:41 [INFO]  Epoch 3 loss: 278.1179323196411; train accuracy: 0.9763794057944271; test accuracy: 0.15938076213890595
2026-01-22 10:17:41 [INFO]  Client 2 Starts Local Trainning--------|
2026-01-22 10:18:34 [INFO]  Epoch 3 loss: 332.40561962127686; train accuracy: 0.7006193505189153; test accuracy: 0.11124769514443761
2026-01-22 10:18:34 [INFO]  Client 3 Starts Local Trainning--------|
2026-01-22 10:20:22 [INFO]  Epoch 3 loss: 741.8873171806335; train accuracy: 0.8171478873239436; test accuracy: 0.41068684695759067
2026-01-22 10:20:22 [INFO]  Client 4 Starts Local Trainning--------|
2026-01-22 10:21:38 [INFO]  Epoch 3 loss: 554.9220724105835; train accuracy: 0.7713238616396405; test accuracy: 0.29555931161647203
2026-01-22 10:21:38 [INFO]  Round 3 Finish--------|
2026-01-22 10:21:38 [INFO]  Model variance: mean: 0.0013432230334728956, sum: 15009.109375
2026-01-22 10:21:38 [INFO]  g_protos_std (global internal): 1.003238
2026-01-22 10:21:38 [INFO]  inter_client_proto_std (cross-client): 0.009725
2026-01-22 10:21:38 [INFO]  g_protos_std (global internal): 1.003238
2026-01-22 10:21:38 [INFO]  inter_client_proto_std (cross-client): 0.009725
2026-01-22 10:21:38 [INFO]  V4 Training | Using Simple Feature-level Server.
2026-01-22 10:21:52 [INFO]  The test accuracy of OursV4+SimpleFeatureServer: 0.4434157959434542
2026-01-22 10:21:52 [INFO]  Save config to ./checkpoints/SVHN_alpha0.05/baselines_OursV4+SimpleFeatureServer_SVHN_results.yaml
2026-01-22 10:21:52 [INFO]  Round 4 starts--------|
2026-01-22 10:21:52 [INFO]  Client 0 Starts Local Trainning--------|
2026-01-22 10:22:07 [INFO]  Epoch 4 loss: 78.47297096252441; train accuracy: 0.387546468401487; test accuracy: 0.06407498463429626
2026-01-22 10:22:07 [INFO]  Client 1 Starts Local Trainning--------|
2026-01-22 10:22:52 [INFO]  Epoch 4 loss: 277.80371046066284; train accuracy: 0.9763794057944271; test accuracy: 0.15938076213890595
2026-01-22 10:22:52 [INFO]  Client 2 Starts Local Trainning--------|
2026-01-22 10:23:41 [INFO]  Epoch 4 loss: 321.3308277130127; train accuracy: 0.603448275862069; test accuracy: 0.09834050399508297
2026-01-22 10:23:41 [INFO]  Client 3 Starts Local Trainning--------|
2026-01-22 10:25:22 [INFO]  Epoch 4 loss: 721.5014572143555; train accuracy: 0.8793661971830986; test accuracy: 0.42313306699446834
2026-01-22 10:25:22 [INFO]  Client 4 Starts Local Trainning--------|
2026-01-22 10:26:43 [INFO]  Epoch 4 loss: 535.3049688339233; train accuracy: 0.8122395702595512; test accuracy: 0.3037415488629379
2026-01-22 10:26:43 [INFO]  Round 4 Finish--------|
2026-01-22 10:26:43 [INFO]  Model variance: mean: 0.0014915987849235535, sum: 16667.052734375
2026-01-22 10:26:43 [INFO]  g_protos_std (global internal): 1.003261
2026-01-22 10:26:43 [INFO]  inter_client_proto_std (cross-client): 0.010392
2026-01-22 10:26:43 [INFO]  g_protos_std (global internal): 1.003261
2026-01-22 10:26:43 [INFO]  inter_client_proto_std (cross-client): 0.010392
2026-01-22 10:26:43 [INFO]  V4 Training | Using Simple Feature-level Server.
2026-01-22 10:26:58 [INFO]  The test accuracy of OursV4+SimpleFeatureServer: 0.4601644130301168
2026-01-22 10:26:58 [INFO]  Save config to ./checkpoints/SVHN_alpha0.05/baselines_OursV4+SimpleFeatureServer_SVHN_results.yaml
2026-01-22 10:26:58 [INFO]  Round 5 starts--------|
2026-01-22 10:26:58 [INFO]  Client 0 Starts Local Trainning--------|
2026-01-22 10:27:13 [INFO]  Epoch 5 loss: 78.33378887176514; train accuracy: 0.3224907063197026; test accuracy: 0.06580362630608481
2026-01-22 10:27:13 [INFO]  Save the model in ./checkpoints/SVHN_alpha0.05/local_models/client_0/epoch_5.pth
2026-01-22 10:27:13 [INFO]  Client 1 Starts Local Trainning--------|
2026-01-22 10:28:01 [INFO]  Epoch 5 loss: 277.57145738601685; train accuracy: 0.9763794057944271; test accuracy: 0.15938076213890595
2026-01-22 10:28:02 [INFO]  Save the model in ./checkpoints/SVHN_alpha0.05/local_models/client_1/epoch_5.pth
2026-01-22 10:28:02 [INFO]  Client 2 Starts Local Trainning--------|
2026-01-22 10:28:53 [INFO]  Epoch 5 loss: 315.1733732223511; train accuracy: 0.76146635420154; test accuracy: 0.14178703134603565
2026-01-22 10:28:53 [INFO]  Save the model in ./checkpoints/SVHN_alpha0.05/local_models/client_2/epoch_5.pth
2026-01-22 10:28:53 [INFO]  Client 3 Starts Local Trainning--------|
2026-01-22 10:30:44 [INFO]  Epoch 5 loss: 709.6713089942932; train accuracy: 0.8566197183098592; test accuracy: 0.4149892440073755
2026-01-22 10:30:44 [INFO]  Save the model in ./checkpoints/SVHN_alpha0.05/local_models/client_3/epoch_5.pth
2026-01-22 10:30:44 [INFO]  Client 4 Starts Local Trainning--------|
2026-01-22 10:32:03 [INFO]  Epoch 5 loss: 522.3755879402161; train accuracy: 0.8415583111601989; test accuracy: 0.33612476951444376
2026-01-22 10:32:04 [INFO]  Save the model in ./checkpoints/SVHN_alpha0.05/local_models/client_4/epoch_5.pth
2026-01-22 10:32:04 [INFO]  Round 5 Finish--------|
2026-01-22 10:32:04 [INFO]  Model variance: mean: 0.0016289977356791496, sum: 18202.341796875
2026-01-22 10:32:04 [INFO]  g_protos_std (global internal): 1.003278
2026-01-22 10:32:04 [INFO]  inter_client_proto_std (cross-client): 0.010928
2026-01-22 10:32:04 [INFO]  g_protos_std (global internal): 1.003278
2026-01-22 10:32:04 [INFO]  inter_client_proto_std (cross-client): 0.010928
2026-01-22 10:32:04 [INFO]  V4 Training | Using Simple Feature-level Server.
2026-01-22 10:32:19 [INFO]  The test accuracy of OursV4+SimpleFeatureServer: 0.4461816226183159
2026-01-22 10:32:19 [INFO]  Save config to ./checkpoints/SVHN_alpha0.05/baselines_OursV4+SimpleFeatureServer_SVHN_results.yaml
2026-01-22 10:32:19 [INFO]  Round 6 starts--------|
2026-01-22 10:32:19 [INFO]  Client 0 Starts Local Trainning--------|
2026-01-22 10:32:33 [INFO]  Epoch 6 loss: 77.79814529418945; train accuracy: 0.3550185873605948; test accuracy: 0.06722495390288875
2026-01-22 10:32:33 [INFO]  Client 1 Starts Local Trainning--------|
2026-01-22 10:33:17 [INFO]  Epoch 6 loss: 277.24460077285767; train accuracy: 0.9763794057944271; test accuracy: 0.15938076213890595
2026-01-22 10:33:17 [INFO]  Client 2 Starts Local Trainning--------|
2026-01-22 10:34:05 [INFO]  Epoch 6 loss: 310.3896679878235; train accuracy: 0.865584198192166; test accuracy: 0.16210817455439458
2026-01-22 10:34:05 [INFO]  Client 3 Starts Local Trainning--------|
2026-01-22 10:35:54 [INFO]  Epoch 6 loss: 699.8038845062256; train accuracy: 0.8839788732394366; test accuracy: 0.4349262446220037
2026-01-22 10:35:54 [INFO]  Client 4 Starts Local Trainning--------|
2026-01-22 10:37:16 [INFO]  Epoch 6 loss: 516.1167411804199; train accuracy: 0.7993875194537878; test accuracy: 0.32986324523663185
2026-01-22 10:37:16 [INFO]  Round 6 Finish--------|
2026-01-22 10:37:16 [INFO]  Model variance: mean: 0.0017566765891388059, sum: 19629.01953125
2026-01-22 10:37:16 [INFO]  g_protos_std (global internal): 1.003299
2026-01-22 10:37:16 [INFO]  inter_client_proto_std (cross-client): 0.011536
2026-01-22 10:37:16 [INFO]  g_protos_std (global internal): 1.003299
2026-01-22 10:37:16 [INFO]  inter_client_proto_std (cross-client): 0.011536
2026-01-22 10:37:16 [INFO]  V4 Training | Using Simple Feature-level Server.
2026-01-22 10:37:28 [INFO]  The test accuracy of OursV4+SimpleFeatureServer: 0.4577443146896128
2026-01-22 10:37:28 [INFO]  Save config to ./checkpoints/SVHN_alpha0.05/baselines_OursV4+SimpleFeatureServer_SVHN_results.yaml
2026-01-22 10:37:28 [INFO]  Round 7 starts--------|
2026-01-22 10:37:28 [INFO]  Client 0 Starts Local Trainning--------|
2026-01-22 10:37:40 [INFO]  Epoch 7 loss: 77.49151849746704; train accuracy: 0.37035315985130113; test accuracy: 0.06883835279655809
2026-01-22 10:37:40 [INFO]  Client 1 Starts Local Trainning--------|
2026-01-22 10:38:24 [INFO]  Epoch 7 loss: 276.8539595603943; train accuracy: 0.9763794057944271; test accuracy: 0.15938076213890595
2026-01-22 10:38:24 [INFO]  Client 2 Starts Local Trainning--------|
2026-01-22 10:39:14 [INFO]  Epoch 7 loss: 308.9319500923157; train accuracy: 0.8773016404419149; test accuracy: 0.163759987707437
2026-01-22 10:39:14 [INFO]  Client 3 Starts Local Trainning--------|
2026-01-22 10:41:06 [INFO]  Epoch 7 loss: 692.9351816177368; train accuracy: 0.8880281690140845; test accuracy: 0.4434926244622004
2026-01-22 10:41:06 [INFO]  Client 4 Starts Local Trainning--------|
2026-01-22 10:42:19 [INFO]  Epoch 7 loss: 509.1690797805786; train accuracy: 0.8793614137255886; test accuracy: 0.33504917025199754
2026-01-22 10:42:19 [INFO]  Round 7 Finish--------|
2026-01-22 10:42:19 [INFO]  Model variance: mean: 0.001878639915958047, sum: 20991.83203125
2026-01-22 10:42:19 [INFO]  g_protos_std (global internal): 1.003308
2026-01-22 10:42:19 [INFO]  inter_client_proto_std (cross-client): 0.012119
2026-01-22 10:42:19 [INFO]  g_protos_std (global internal): 1.003308
2026-01-22 10:42:19 [INFO]  inter_client_proto_std (cross-client): 0.012119
2026-01-22 10:42:19 [INFO]  V4 Training | Using Simple Feature-level Server.
2026-01-22 10:42:34 [INFO]  The test accuracy of OursV4+SimpleFeatureServer: 0.4686923786109404
2026-01-22 10:42:34 [INFO]  Save config to ./checkpoints/SVHN_alpha0.05/baselines_OursV4+SimpleFeatureServer_SVHN_results.yaml
2026-01-22 10:42:34 [INFO]  Round 8 starts--------|
2026-01-22 10:42:34 [INFO]  Client 0 Starts Local Trainning--------|
2026-01-22 10:42:49 [INFO]  Epoch 8 loss: 77.39638996124268; train accuracy: 0.38661710037174724; test accuracy: 0.0647280270436386
2026-01-22 10:42:49 [INFO]  Client 1 Starts Local Trainning--------|
2026-01-22 10:43:33 [INFO]  Epoch 8 loss: 276.67515659332275; train accuracy: 0.9763794057944271; test accuracy: 0.15938076213890595
2026-01-22 10:43:33 [INFO]  Client 2 Starts Local Trainning--------|
2026-01-22 10:44:23 [INFO]  Epoch 8 loss: 303.885853767395; train accuracy: 0.7597087378640777; test accuracy: 0.14151813153042408
2026-01-22 10:44:23 [INFO]  Client 3 Starts Local Trainning--------|
2026-01-22 10:46:08 [INFO]  Epoch 8 loss: 686.4409370422363; train accuracy: 0.9149295774647888; test accuracy: 0.45179010448678547
2026-01-22 10:46:08 [INFO]  Client 4 Starts Local Trainning--------|
2026-01-22 10:47:23 [INFO]  Epoch 8 loss: 503.3214330673218; train accuracy: 0.7958230834881269; test accuracy: 0.3255224339274739
2026-01-22 10:47:23 [INFO]  Round 8 Finish--------|
2026-01-22 10:47:23 [INFO]  Model variance: mean: 0.001994046149775386, sum: 22281.376953125
2026-01-22 10:47:23 [INFO]  g_protos_std (global internal): 1.003323
2026-01-22 10:47:23 [INFO]  inter_client_proto_std (cross-client): 0.012647
2026-01-22 10:47:23 [INFO]  g_protos_std (global internal): 1.003323
2026-01-22 10:47:23 [INFO]  inter_client_proto_std (cross-client): 0.012647
2026-01-22 10:47:23 [INFO]  V4 Training | Using Simple Feature-level Server.
2026-01-22 10:47:38 [INFO]  The test accuracy of OursV4+SimpleFeatureServer: 0.466080208973571
2026-01-22 10:47:38 [INFO]  Save config to ./checkpoints/SVHN_alpha0.05/baselines_OursV4+SimpleFeatureServer_SVHN_results.yaml
2026-01-22 10:47:38 [INFO]  Round 9 starts--------|
2026-01-22 10:47:38 [INFO]  Client 0 Starts Local Trainning--------|
2026-01-22 10:47:51 [INFO]  Epoch 9 loss: 77.54394197463989; train accuracy: 0.3777881040892193; test accuracy: 0.06876152427781193
2026-01-22 10:47:51 [INFO]  Client 1 Starts Local Trainning--------|
2026-01-22 10:48:36 [INFO]  Epoch 9 loss: 275.89793729782104; train accuracy: 0.9763794057944271; test accuracy: 0.15941917639827904
2026-01-22 10:48:36 [INFO]  Client 2 Starts Local Trainning--------|
2026-01-22 10:49:25 [INFO]  Epoch 9 loss: 302.15977573394775; train accuracy: 0.8757114161365919; test accuracy: 0.17643669330055317
2026-01-22 10:49:25 [INFO]  Client 3 Starts Local Trainning--------|
2026-01-22 10:51:11 [INFO]  Epoch 9 loss: 683.0662641525269; train accuracy: 0.8855985915492958; test accuracy: 0.4332360172095882
2026-01-22 10:51:11 [INFO]  Client 4 Starts Local Trainning--------|
2026-01-22 10:52:29 [INFO]  Epoch 9 loss: 499.4387264251709; train accuracy: 0.8928661077363321; test accuracy: 0.3445759065765212
2026-01-22 10:52:29 [INFO]  Round 9 Finish--------|
2026-01-22 10:52:29 [INFO]  Model variance: mean: 0.0021035766694694757, sum: 23505.265625
2026-01-22 10:52:29 [INFO]  g_protos_std (global internal): 1.003337
2026-01-22 10:52:29 [INFO]  inter_client_proto_std (cross-client): 0.013106
2026-01-22 10:52:29 [INFO]  g_protos_std (global internal): 1.003337
2026-01-22 10:52:29 [INFO]  inter_client_proto_std (cross-client): 0.013106
2026-01-22 10:52:29 [INFO]  V4 Training | Using Simple Feature-level Server.
2026-01-22 10:52:44 [INFO]  The test accuracy of OursV4+SimpleFeatureServer: 0.46120159803318994
2026-01-22 10:52:44 [INFO]  Save config to ./checkpoints/SVHN_alpha0.05/baselines_OursV4+SimpleFeatureServer_SVHN_results.yaml
2026-01-22 10:52:44 [INFO]  Round 10 starts--------|
2026-01-22 10:52:44 [INFO]  Client 0 Starts Local Trainning--------|
2026-01-22 10:52:57 [INFO]  Epoch 10 loss: 77.04295301437378; train accuracy: 0.3777881040892193; test accuracy: 0.06734019668100799
2026-01-22 10:52:58 [INFO]  Save the model in ./checkpoints/SVHN_alpha0.05/local_models/client_0/epoch_10.pth
2026-01-22 10:52:58 [INFO]  Client 1 Starts Local Trainning--------|
2026-01-22 10:53:45 [INFO]  Epoch 10 loss: 275.15895795822144; train accuracy: 0.9778556929322754; test accuracy: 0.16706361401352182
2026-01-22 10:53:45 [INFO]  Save the model in ./checkpoints/SVHN_alpha0.05/local_models/client_1/epoch_10.pth
2026-01-22 10:53:45 [INFO]  Client 2 Starts Local Trainning--------|
2026-01-22 10:54:35 [INFO]  Epoch 10 loss: 301.6649241447449; train accuracy: 0.875460328088383; test accuracy: 0.16568070067609098
2026-01-22 10:54:35 [INFO]  Save the model in ./checkpoints/SVHN_alpha0.05/local_models/client_2/epoch_10.pth
2026-01-22 10:54:35 [INFO]  Client 3 Starts Local Trainning--------|
2026-01-22 10:56:30 [INFO]  Epoch 10 loss: 672.6484451293945; train accuracy: 0.8861971830985915; test accuracy: 0.4268976644130301
2026-01-22 10:56:30 [INFO]  Save the model in ./checkpoints/SVHN_alpha0.05/local_models/client_3/epoch_10.pth
2026-01-22 10:56:30 [INFO]  Client 4 Starts Local Trainning--------|
2026-01-22 10:57:52 [INFO]  Epoch 10 loss: 495.5322585105896; train accuracy: 0.9024549425171946; test accuracy: 0.34910878918254457
2026-01-22 10:57:53 [INFO]  Save the model in ./checkpoints/SVHN_alpha0.05/local_models/client_4/epoch_10.pth
2026-01-22 10:57:53 [INFO]  Round 10 Finish--------|
2026-01-22 10:57:53 [INFO]  Model variance: mean: 0.002207408891990781, sum: 24665.48046875
2026-01-22 10:57:53 [INFO]  g_protos_std (global internal): 1.003357
2026-01-22 10:57:53 [INFO]  inter_client_proto_std (cross-client): 0.013563
2026-01-22 10:57:53 [INFO]  g_protos_std (global internal): 1.003357
2026-01-22 10:57:53 [INFO]  inter_client_proto_std (cross-client): 0.013563
2026-01-22 10:57:53 [INFO]  V4 Training | Using Simple Feature-level Server.
2026-01-22 10:58:07 [INFO]  The test accuracy of OursV4+SimpleFeatureServer: 0.46619545175169025
2026-01-22 10:58:07 [INFO]  Save config to ./checkpoints/SVHN_alpha0.05/baselines_OursV4+SimpleFeatureServer_SVHN_results.yaml
2026-01-22 10:58:07 [INFO]  Round 11 starts--------|
2026-01-22 10:58:07 [INFO]  Client 0 Starts Local Trainning--------|
2026-01-22 10:58:23 [INFO]  Epoch 11 loss: 77.04897975921631; train accuracy: 0.3387546468401487; test accuracy: 0.07671327596803934
2026-01-22 10:58:23 [INFO]  Client 1 Starts Local Trainning--------|
2026-01-22 10:59:08 [INFO]  Epoch 11 loss: 275.5092463493347; train accuracy: 0.976563941686658; test accuracy: 0.1608020897357099
2026-01-22 10:59:08 [INFO]  Client 2 Starts Local Trainning--------|
2026-01-22 10:59:58 [INFO]  Epoch 11 loss: 300.8257827758789; train accuracy: 0.8855038500167393; test accuracy: 0.20094499078057776
2026-01-22 10:59:58 [INFO]  Client 3 Starts Local Trainning--------|
2026-01-22 11:01:57 [INFO]  Epoch 11 loss: 670.7941317558289; train accuracy: 0.9036971830985916; test accuracy: 0.4515980331899201
2026-01-22 11:01:57 [INFO]  Client 4 Starts Local Trainning--------|
2026-01-22 11:03:21 [INFO]  Epoch 11 loss: 491.7361788749695; train accuracy: 0.9108388975350168; test accuracy: 0.3426551936078672
2026-01-22 11:03:21 [INFO]  Round 11 Finish--------|
2026-01-22 11:03:21 [INFO]  Model variance: mean: 0.0023052706383168697, sum: 25758.982421875
2026-01-22 11:03:21 [INFO]  g_protos_std (global internal): 1.003370
2026-01-22 11:03:21 [INFO]  inter_client_proto_std (cross-client): 0.013977
2026-01-22 11:03:21 [INFO]  g_protos_std (global internal): 1.003370
2026-01-22 11:03:21 [INFO]  inter_client_proto_std (cross-client): 0.013977
2026-01-22 11:03:21 [INFO]  V4 Training | Using Simple Feature-level Server.
2026-01-22 11:03:36 [INFO]  The test accuracy of OursV4+SimpleFeatureServer: 0.4771435156730178
2026-01-22 11:03:36 [INFO]  Save config to ./checkpoints/SVHN_alpha0.05/baselines_OursV4+SimpleFeatureServer_SVHN_results.yaml
2026-01-22 11:03:36 [INFO]  Round 12 starts--------|
2026-01-22 11:03:36 [INFO]  Client 0 Starts Local Trainning--------|
2026-01-22 11:03:51 [INFO]  Epoch 12 loss: 76.9770450592041; train accuracy: 0.3870817843866171; test accuracy: 0.06687922556853104
2026-01-22 11:03:51 [INFO]  Client 1 Starts Local Trainning--------|
2026-01-22 11:04:39 [INFO]  Epoch 12 loss: 274.8543782234192; train accuracy: 0.9774866211478133; test accuracy: 0.16806238475722188
2026-01-22 11:04:39 [INFO]  Client 2 Starts Local Trainning--------|
2026-01-22 11:05:33 [INFO]  Epoch 12 loss: 298.13319873809814; train accuracy: 0.8677602946099766; test accuracy: 0.18338967424708053
2026-01-22 11:05:33 [INFO]  Client 3 Starts Local Trainning--------|
2026-01-22 11:07:31 [INFO]  Epoch 12 loss: 667.9393239021301; train accuracy: 0.9094014084507043; test accuracy: 0.44610479409956977
2026-01-22 11:07:31 [INFO]  Client 4 Starts Local Trainning--------|
2026-01-22 11:08:55 [INFO]  Epoch 12 loss: 489.6955327987671; train accuracy: 0.919273055876299; test accuracy: 0.3489167178856792
2026-01-22 11:08:55 [INFO]  Round 12 Finish--------|
2026-01-22 11:08:55 [INFO]  Model variance: mean: 0.0024014688096940517, sum: 26833.896484375
2026-01-22 11:08:55 [INFO]  g_protos_std (global internal): 1.003390
2026-01-22 11:08:55 [INFO]  inter_client_proto_std (cross-client): 0.014438
2026-01-22 11:08:55 [INFO]  g_protos_std (global internal): 1.003390
2026-01-22 11:08:55 [INFO]  inter_client_proto_std (cross-client): 0.014438
2026-01-22 11:08:55 [INFO]  V4 Training | Using Simple Feature-level Server.
2026-01-22 11:09:10 [INFO]  The test accuracy of OursV4+SimpleFeatureServer: 0.4731100184388445
2026-01-22 11:09:10 [INFO]  Save config to ./checkpoints/SVHN_alpha0.05/baselines_OursV4+SimpleFeatureServer_SVHN_results.yaml
2026-01-22 11:09:10 [INFO]  Round 13 starts--------|
2026-01-22 11:09:10 [INFO]  Client 0 Starts Local Trainning--------|
2026-01-22 11:09:24 [INFO]  Epoch 13 loss: 77.90839719772339; train accuracy: 0.3355018587360595; test accuracy: 0.07506146281499693
2026-01-22 11:09:24 [INFO]  Client 1 Starts Local Trainning--------|
2026-01-22 11:10:14 [INFO]  Epoch 13 loss: 274.6128239631653; train accuracy: 0.9766562096327736; test accuracy: 0.16049477566072526
2026-01-22 11:10:14 [INFO]  Client 2 Starts Local Trainning--------|
2026-01-22 11:11:07 [INFO]  Epoch 13 loss: 296.0350766181946; train accuracy: 0.9209909608302644; test accuracy: 0.1845421020282729
2026-01-22 11:11:07 [INFO]  Client 3 Starts Local Trainning--------|
2026-01-22 11:12:53 [INFO]  Epoch 13 loss: 666.679624080658; train accuracy: 0.9118309859154929; test accuracy: 0.4503303626306085
2026-01-22 11:12:54 [INFO]  Client 4 Starts Local Trainning--------|
2026-01-22 11:14:15 [INFO]  Epoch 13 loss: 486.1578302383423; train accuracy: 0.8792108037552085; test accuracy: 0.3371619545175169
2026-01-22 11:14:15 [INFO]  Round 13 Finish--------|
2026-01-22 11:14:15 [INFO]  Model variance: mean: 0.0024949065409600735, sum: 27877.966796875
2026-01-22 11:14:15 [INFO]  g_protos_std (global internal): 1.003402
2026-01-22 11:14:15 [INFO]  inter_client_proto_std (cross-client): 0.014929
2026-01-22 11:14:15 [INFO]  g_protos_std (global internal): 1.003402
2026-01-22 11:14:15 [INFO]  inter_client_proto_std (cross-client): 0.014929
2026-01-22 11:14:15 [INFO]  V4 Training | Using Simple Feature-level Server.
2026-01-22 11:14:29 [INFO]  The test accuracy of OursV4+SimpleFeatureServer: 0.49101106330669947
2026-01-22 11:14:29 [INFO]  Save config to ./checkpoints/SVHN_alpha0.05/baselines_OursV4+SimpleFeatureServer_SVHN_results.yaml
2026-01-22 11:14:29 [INFO]  Round 14 starts--------|
2026-01-22 11:14:29 [INFO]  Client 0 Starts Local Trainning--------|
2026-01-22 11:14:44 [INFO]  Epoch 14 loss: 76.4939193725586; train accuracy: 0.3856877323420074; test accuracy: 0.0728718500307314
2026-01-22 11:14:44 [INFO]  Client 1 Starts Local Trainning--------|
2026-01-22 11:15:30 [INFO]  Epoch 14 loss: 274.1467661857605; train accuracy: 0.9787783723934306; test accuracy: 0.17474646588813766
2026-01-22 11:15:30 [INFO]  Client 2 Starts Local Trainning--------|
2026-01-22 11:16:17 [INFO]  Epoch 14 loss: 294.76743364334106; train accuracy: 0.9327084030800133; test accuracy: 0.22576060233558698
2026-01-22 11:16:17 [INFO]  Client 3 Starts Local Trainning--------|
2026-01-22 11:18:07 [INFO]  Epoch 14 loss: 661.7323431968689; train accuracy: 0.9030633802816901; test accuracy: 0.4425706822372465
2026-01-22 11:18:07 [INFO]  Client 4 Starts Local Trainning--------|
2026-01-22 11:19:29 [INFO]  Epoch 14 loss: 485.54797410964966; train accuracy: 0.8682162759174658; test accuracy: 0.3447295636140135
2026-01-22 11:19:29 [INFO]  Round 14 Finish--------|
2026-01-22 11:19:29 [INFO]  Model variance: mean: 0.002584675559774041, sum: 28881.0390625
2026-01-22 11:19:29 [INFO]  g_protos_std (global internal): 1.003413
2026-01-22 11:19:29 [INFO]  inter_client_proto_std (cross-client): 0.015329
2026-01-22 11:19:29 [INFO]  g_protos_std (global internal): 1.003413
2026-01-22 11:19:29 [INFO]  inter_client_proto_std (cross-client): 0.015329
2026-01-22 11:19:29 [INFO]  V4 Training | Using Simple Feature-level Server.
2026-01-22 11:19:44 [INFO]  The test accuracy of OursV4+SimpleFeatureServer: 0.4878226797787339
2026-01-22 11:19:44 [INFO]  Save config to ./checkpoints/SVHN_alpha0.05/baselines_OursV4+SimpleFeatureServer_SVHN_results.yaml
2026-01-22 11:19:44 [INFO]  Round 15 starts--------|
2026-01-22 11:19:44 [INFO]  Client 0 Starts Local Trainning--------|
2026-01-22 11:19:57 [INFO]  Epoch 15 loss: 77.18719816207886; train accuracy: 0.40055762081784385; test accuracy: 0.06645666871542717
2026-01-22 11:19:58 [INFO]  Save the model in ./checkpoints/SVHN_alpha0.05/local_models/client_0/epoch_15.pth
2026-01-22 11:19:58 [INFO]  Client 1 Starts Local Trainning--------|
2026-01-22 11:20:41 [INFO]  Epoch 15 loss: 273.97424364089966; train accuracy: 0.9766562096327736; test accuracy: 0.16022587584511372
2026-01-22 11:20:42 [INFO]  Save the model in ./checkpoints/SVHN_alpha0.05/local_models/client_1/epoch_15.pth
2026-01-22 11:20:42 [INFO]  Client 2 Starts Local Trainning--------|
2026-01-22 11:21:33 [INFO]  Epoch 15 loss: 293.67485761642456; train accuracy: 0.9241714094409106; test accuracy: 0.19118776889981562
2026-01-22 11:21:33 [INFO]  Save the model in ./checkpoints/SVHN_alpha0.05/local_models/client_2/epoch_15.pth
2026-01-22 11:21:33 [INFO]  Client 3 Starts Local Trainning--------|
2026-01-22 11:23:25 [INFO]  Epoch 15 loss: 658.4965229034424; train accuracy: 0.9178521126760564; test accuracy: 0.4554778733866011
2026-01-22 11:23:26 [INFO]  Save the model in ./checkpoints/SVHN_alpha0.05/local_models/client_3/epoch_15.pth
2026-01-22 11:23:26 [INFO]  Client 4 Starts Local Trainning--------|
2026-01-22 11:24:44 [INFO]  Epoch 15 loss: 484.7966527938843; train accuracy: 0.9136000803253176; test accuracy: 0.34887830362630606
2026-01-22 11:24:44 [INFO]  Save the model in ./checkpoints/SVHN_alpha0.05/local_models/client_4/epoch_15.pth
2026-01-22 11:24:44 [INFO]  Round 15 Finish--------|
2026-01-22 11:24:44 [INFO]  Model variance: mean: 0.0026713497936725616, sum: 29849.53515625
2026-01-22 11:24:44 [INFO]  g_protos_std (global internal): 1.003425
2026-01-22 11:24:44 [INFO]  inter_client_proto_std (cross-client): 0.015720
2026-01-22 11:24:44 [INFO]  g_protos_std (global internal): 1.003425
2026-01-22 11:24:44 [INFO]  inter_client_proto_std (cross-client): 0.015720
2026-01-22 11:24:44 [INFO]  V4 Training | Using Simple Feature-level Server.
2026-01-22 11:25:00 [INFO]  The test accuracy of OursV4+SimpleFeatureServer: 0.48355869698832205
2026-01-22 11:25:00 [INFO]  Save config to ./checkpoints/SVHN_alpha0.05/baselines_OursV4+SimpleFeatureServer_SVHN_results.yaml
2026-01-22 11:25:00 [INFO]  Round 16 starts--------|
2026-01-22 11:25:00 [INFO]  Client 0 Starts Local Trainning--------|
2026-01-22 11:25:15 [INFO]  Epoch 16 loss: 76.47033023834229; train accuracy: 0.35687732342007433; test accuracy: 0.08205285802089736
2026-01-22 11:25:15 [INFO]  Client 1 Starts Local Trainning--------|
2026-01-22 11:26:04 [INFO]  Epoch 16 loss: 273.6408576965332; train accuracy: 0.9797010518545857; test accuracy: 0.17236478180700676
2026-01-22 11:26:04 [INFO]  Client 2 Starts Local Trainning--------|
2026-01-22 11:26:54 [INFO]  Epoch 16 loss: 293.39840269088745; train accuracy: 0.9283562102443924; test accuracy: 0.1964121081745544
2026-01-22 11:26:54 [INFO]  Client 3 Starts Local Trainning--------|
2026-01-22 11:28:46 [INFO]  Epoch 16 loss: 657.7548718452454; train accuracy: 0.9328873239436619; test accuracy: 0.4634680393362016
2026-01-22 11:28:46 [INFO]  Client 4 Starts Local Trainning--------|
2026-01-22 11:30:09 [INFO]  Epoch 16 loss: 481.79955434799194; train accuracy: 0.9358401526181033; test accuracy: 0.3568300553165335
2026-01-22 11:30:09 [INFO]  Round 16 Finish--------|
2026-01-22 11:30:09 [INFO]  Model variance: mean: 0.002753094071522355, sum: 30762.94140625
2026-01-22 11:30:09 [INFO]  g_protos_std (global internal): 1.003431
2026-01-22 11:30:09 [INFO]  inter_client_proto_std (cross-client): 0.016047
2026-01-22 11:30:09 [INFO]  g_protos_std (global internal): 1.003431
2026-01-22 11:30:09 [INFO]  inter_client_proto_std (cross-client): 0.016047
2026-01-22 11:30:09 [INFO]  V4 Training | Using Simple Feature-level Server.
2026-01-22 11:30:24 [INFO]  The test accuracy of OursV4+SimpleFeatureServer: 0.5015749846342963
2026-01-22 11:30:24 [INFO]  Save config to ./checkpoints/SVHN_alpha0.05/baselines_OursV4+SimpleFeatureServer_SVHN_results.yaml
2026-01-22 11:30:24 [INFO]  Round 17 starts--------|
2026-01-22 11:30:24 [INFO]  Client 0 Starts Local Trainning--------|
2026-01-22 11:30:39 [INFO]  Epoch 17 loss: 76.39700651168823; train accuracy: 0.40195167286245354; test accuracy: 0.0656499692685925
2026-01-22 11:30:39 [INFO]  Client 1 Starts Local Trainning--------|
2026-01-22 11:31:28 [INFO]  Epoch 17 loss: 273.34896898269653; train accuracy: 0.9773020852555823; test accuracy: 0.16206976029502151
2026-01-22 11:31:28 [INFO]  Client 2 Starts Local Trainning--------|
2026-01-22 11:32:19 [INFO]  Epoch 17 loss: 292.27460289001465; train accuracy: 0.9125376632072313; test accuracy: 0.23789950829748002
2026-01-22 11:32:19 [INFO]  Client 3 Starts Local Trainning--------|
2026-01-22 11:34:07 [INFO]  Epoch 17 loss: 653.4660687446594; train accuracy: 0.9288380281690141; test accuracy: 0.46162415488629377
2026-01-22 11:34:07 [INFO]  Client 4 Starts Local Trainning--------|
2026-01-22 11:35:32 [INFO]  Epoch 17 loss: 481.76595544815063; train accuracy: 0.9303177870375019; test accuracy: 0.3582513829133374
2026-01-22 11:35:32 [INFO]  Round 17 Finish--------|
2026-01-22 11:35:32 [INFO]  Model variance: mean: 0.0028350302018225193, sum: 31678.4921875
2026-01-22 11:35:32 [INFO]  g_protos_std (global internal): 1.003441
2026-01-22 11:35:32 [INFO]  inter_client_proto_std (cross-client): 0.016361
2026-01-22 11:35:32 [INFO]  g_protos_std (global internal): 1.003441
2026-01-22 11:35:32 [INFO]  inter_client_proto_std (cross-client): 0.016361
2026-01-22 11:35:32 [INFO]  V4 Training | Using Simple Feature-level Server.
2026-01-22 11:35:46 [INFO]  The test accuracy of OursV4+SimpleFeatureServer: 0.5106023355869699
2026-01-22 11:35:46 [INFO]  Save config to ./checkpoints/SVHN_alpha0.05/baselines_OursV4+SimpleFeatureServer_SVHN_results.yaml
2026-01-22 11:35:46 [INFO]  Round 18 starts--------|
2026-01-22 11:35:46 [INFO]  Client 0 Starts Local Trainning--------|
2026-01-22 11:36:01 [INFO]  Epoch 18 loss: 75.9334659576416; train accuracy: 0.31552044609665425; test accuracy: 0.0808620159803319
2026-01-22 11:36:01 [INFO]  Client 1 Starts Local Trainning--------|
2026-01-22 11:36:49 [INFO]  Epoch 18 loss: 272.87147426605225; train accuracy: 0.9830226979147444; test accuracy: 0.1863859864781807
2026-01-22 11:36:49 [INFO]  Client 2 Starts Local Trainning--------|
2026-01-22 11:37:35 [INFO]  Epoch 18 loss: 292.03953218460083; train accuracy: 0.9342149313692668; test accuracy: 0.20686078672403196
2026-01-22 11:37:35 [INFO]  Client 3 Starts Local Trainning--------|
2026-01-22 11:39:28 [INFO]  Epoch 18 loss: 651.2370753288269; train accuracy: 0.9038028169014084; test accuracy: 0.4421865396435157
2026-01-22 11:39:28 [INFO]  Client 4 Starts Local Trainning--------|
2026-01-22 11:40:49 [INFO]  Epoch 18 loss: 480.2780294418335; train accuracy: 0.9166122797329184; test accuracy: 0.3566763982790412
2026-01-22 11:40:49 [INFO]  Round 18 Finish--------|
2026-01-22 11:40:49 [INFO]  Model variance: mean: 0.002915126970037818, sum: 32573.48828125
2026-01-22 11:40:49 [INFO]  g_protos_std (global internal): 1.003455
2026-01-22 11:40:49 [INFO]  inter_client_proto_std (cross-client): 0.016672
2026-01-22 11:40:49 [INFO]  g_protos_std (global internal): 1.003455
2026-01-22 11:40:49 [INFO]  inter_client_proto_std (cross-client): 0.016672
2026-01-22 11:40:49 [INFO]  V4 Training | Using Simple Feature-level Server.
2026-01-22 11:41:04 [INFO]  The test accuracy of OursV4+SimpleFeatureServer: 0.510640749846343
2026-01-22 11:41:04 [INFO]  Save config to ./checkpoints/SVHN_alpha0.05/baselines_OursV4+SimpleFeatureServer_SVHN_results.yaml
2026-01-22 11:41:04 [INFO]  Round 19 starts--------|
2026-01-22 11:41:04 [INFO]  Client 0 Starts Local Trainning--------|
2026-01-22 11:41:18 [INFO]  Epoch 19 loss: 75.81740188598633; train accuracy: 0.3652416356877323; test accuracy: 0.0738322065150584
2026-01-22 11:41:18 [INFO]  Client 1 Starts Local Trainning--------|
2026-01-22 11:42:00 [INFO]  Epoch 19 loss: 272.73878288269043; train accuracy: 0.9805314633696254; test accuracy: 0.17482329440688382
2026-01-22 11:42:00 [INFO]  Client 2 Starts Local Trainning--------|
2026-01-22 11:42:55 [INFO]  Epoch 19 loss: 290.56021308898926; train accuracy: 0.9520421827920991; test accuracy: 0.23271358328211433
2026-01-22 11:42:55 [INFO]  Client 3 Starts Local Trainning--------|
2026-01-22 11:44:45 [INFO]  Epoch 19 loss: 649.4737782478333; train accuracy: 0.9229225352112677; test accuracy: 0.4595497848801475
2026-01-22 11:44:45 [INFO]  Client 4 Starts Local Trainning--------|
2026-01-22 11:45:50 [INFO]  Epoch 19 loss: 477.38058853149414; train accuracy: 0.9325267332697424; test accuracy: 0.36170866625691456
2026-01-22 11:45:50 [INFO]  Round 19 Finish--------|
2026-01-22 11:45:50 [INFO]  Model variance: mean: 0.0029926130082458258, sum: 33439.3125
2026-01-22 11:45:50 [INFO]  g_protos_std (global internal): 1.003466
2026-01-22 11:45:50 [INFO]  inter_client_proto_std (cross-client): 0.016976
2026-01-22 11:45:50 [INFO]  g_protos_std (global internal): 1.003466
2026-01-22 11:45:50 [INFO]  inter_client_proto_std (cross-client): 0.016976
2026-01-22 11:45:50 [INFO]  V4 Training | Using Simple Feature-level Server.
2026-01-22 11:46:05 [INFO]  The test accuracy of OursV4+SimpleFeatureServer: 0.5085663798401967
2026-01-22 11:46:05 [INFO]  Save config to ./checkpoints/SVHN_alpha0.05/baselines_OursV4+SimpleFeatureServer_SVHN_results.yaml
2026-01-22 11:46:05 [INFO]  Round 20 starts--------|
2026-01-22 11:46:05 [INFO]  Client 0 Starts Local Trainning--------|
2026-01-22 11:46:18 [INFO]  Epoch 20 loss: 75.57278728485107; train accuracy: 0.36105947955390333; test accuracy: 0.07598340503995082
2026-01-22 11:46:18 [INFO]  Save the model in ./checkpoints/SVHN_alpha0.05/local_models/client_0/epoch_20.pth
2026-01-22 11:46:19 [INFO]  Client 1 Starts Local Trainning--------|
2026-01-22 11:47:00 [INFO]  Epoch 20 loss: 272.30758714675903; train accuracy: 0.9816386787230116; test accuracy: 0.18131530424093423
2026-01-22 11:47:01 [INFO]  Save the model in ./checkpoints/SVHN_alpha0.05/local_models/client_1/epoch_20.pth
2026-01-22 11:47:01 [INFO]  Client 2 Starts Local Trainning--------|
2026-01-22 11:47:45 [INFO]  Epoch 20 loss: 290.4096646308899; train accuracy: 0.9327084030800133; test accuracy: 0.23432698217578365
2026-01-22 11:47:45 [INFO]  Save the model in ./checkpoints/SVHN_alpha0.05/local_models/client_2/epoch_20.pth
2026-01-22 11:47:45 [INFO]  Client 3 Starts Local Trainning--------|
2026-01-22 11:49:23 [INFO]  Epoch 20 loss: 648.9700093269348; train accuracy: 0.8901760563380282; test accuracy: 0.43169944683466505
2026-01-22 11:49:24 [INFO]  Save the model in ./checkpoints/SVHN_alpha0.05/local_models/client_3/epoch_20.pth
2026-01-22 11:49:24 [INFO]  Client 4 Starts Local Trainning--------|
2026-01-22 11:50:29 [INFO]  Epoch 20 loss: 476.4406986236572; train accuracy: 0.9312214468597821; test accuracy: 0.35686846957590657
2026-01-22 11:50:30 [INFO]  Save the model in ./checkpoints/SVHN_alpha0.05/local_models/client_4/epoch_20.pth
2026-01-22 11:50:30 [INFO]  Round 20 Finish--------|
2026-01-22 11:50:30 [INFO]  Model variance: mean: 0.003067068988457322, sum: 34271.28125
2026-01-22 11:50:30 [INFO]  g_protos_std (global internal): 1.003479
2026-01-22 11:50:30 [INFO]  inter_client_proto_std (cross-client): 0.017232
2026-01-22 11:50:30 [INFO]  g_protos_std (global internal): 1.003479
2026-01-22 11:50:30 [INFO]  inter_client_proto_std (cross-client): 0.017232
2026-01-22 11:50:30 [INFO]  V4 Training | Using Simple Feature-level Server.
2026-01-22 11:50:44 [INFO]  The test accuracy of OursV4+SimpleFeatureServer: 0.4960817455439459
2026-01-22 11:50:44 [INFO]  Save config to ./checkpoints/SVHN_alpha0.05/baselines_OursV4+SimpleFeatureServer_SVHN_results.yaml
2026-01-22 11:50:44 [INFO]  Round 21 starts--------|
2026-01-22 11:50:44 [INFO]  Client 0 Starts Local Trainning--------|
2026-01-22 11:50:57 [INFO]  Epoch 21 loss: 75.23545551300049; train accuracy: 0.34572490706319703; test accuracy: 0.07671327596803934
2026-01-22 11:50:57 [INFO]  Client 1 Starts Local Trainning--------|
2026-01-22 11:51:38 [INFO]  Epoch 21 loss: 272.23140239715576; train accuracy: 0.9776711570400443; test accuracy: 0.1648355869698832
2026-01-22 11:51:38 [INFO]  Client 2 Starts Local Trainning--------|
2026-01-22 11:52:22 [INFO]  Epoch 21 loss: 290.0142025947571; train accuracy: 0.9261801138265818; test accuracy: 0.20601567301782422
2026-01-22 11:52:22 [INFO]  Client 3 Starts Local Trainning--------|
2026-01-22 11:53:56 [INFO]  Epoch 21 loss: 645.7276763916016; train accuracy: 0.9364084507042254; test accuracy: 0.45812845728334356
2026-01-22 11:53:56 [INFO]  Client 4 Starts Local Trainning--------|
2026-01-22 11:55:05 [INFO]  Epoch 21 loss: 475.4085855484009; train accuracy: 0.9430694311963452; test accuracy: 0.35871235402581436
2026-01-22 11:55:05 [INFO]  Round 21 Finish--------|
2026-01-22 11:55:05 [INFO]  Model variance: mean: 0.003140430198982358, sum: 35091.015625
2026-01-22 11:55:05 [INFO]  g_protos_std (global internal): 1.003493
2026-01-22 11:55:05 [INFO]  inter_client_proto_std (cross-client): 0.017487
2026-01-22 11:55:05 [INFO]  g_protos_std (global internal): 1.003493
2026-01-22 11:55:05 [INFO]  inter_client_proto_std (cross-client): 0.017487
2026-01-22 11:55:05 [INFO]  V4 Training | Using Simple Feature-level Server.
2026-01-22 11:55:20 [INFO]  The test accuracy of OursV4+SimpleFeatureServer: 0.48828365089121084
2026-01-22 11:55:20 [INFO]  Save config to ./checkpoints/SVHN_alpha0.05/baselines_OursV4+SimpleFeatureServer_SVHN_results.yaml
2026-01-22 11:55:20 [INFO]  Round 22 starts--------|
2026-01-22 11:55:20 [INFO]  Client 0 Starts Local Trainning--------|
2026-01-22 11:55:33 [INFO]  Epoch 22 loss: 74.61276292800903; train accuracy: 0.4349442379182156; test accuracy: 0.08597111247695144
2026-01-22 11:55:33 [INFO]  Client 1 Starts Local Trainning--------|
2026-01-22 11:56:13 [INFO]  Epoch 22 loss: 271.80649423599243; train accuracy: 0.9822845543458203; test accuracy: 0.18431161647203442
2026-01-22 11:56:13 [INFO]  Client 2 Starts Local Trainning--------|
2026-01-22 11:56:57 [INFO]  Epoch 22 loss: 288.9246459007263; train accuracy: 0.9146300636089723; test accuracy: 0.20551628764597418
2026-01-22 11:56:57 [INFO]  Client 3 Starts Local Trainning--------|
2026-01-22 11:58:30 [INFO]  Epoch 22 loss: 645.4970703125; train accuracy: 0.9369718309859155; test accuracy: 0.4615089121081746
2026-01-22 11:58:30 [INFO]  Client 4 Starts Local Trainning--------|
2026-01-22 11:59:41 [INFO]  Epoch 22 loss: 474.13535594940186; train accuracy: 0.9349364927958231; test accuracy: 0.3546788567916411
2026-01-22 11:59:41 [INFO]  Round 22 Finish--------|
2026-01-22 11:59:41 [INFO]  Model variance: mean: 0.0032124430872499943, sum: 35895.68359375
2026-01-22 11:59:41 [INFO]  g_protos_std (global internal): 1.003501
2026-01-22 11:59:41 [INFO]  inter_client_proto_std (cross-client): 0.017758
2026-01-22 11:59:41 [INFO]  g_protos_std (global internal): 1.003501
2026-01-22 11:59:41 [INFO]  inter_client_proto_std (cross-client): 0.017758
2026-01-22 11:59:41 [INFO]  V4 Training | Using Simple Feature-level Server.
2026-01-22 11:59:56 [INFO]  The test accuracy of OursV4+SimpleFeatureServer: 0.49754148740012294
2026-01-22 11:59:56 [INFO]  Save config to ./checkpoints/SVHN_alpha0.05/baselines_OursV4+SimpleFeatureServer_SVHN_results.yaml
2026-01-22 11:59:56 [INFO]  Round 23 starts--------|
2026-01-22 11:59:56 [INFO]  Client 0 Starts Local Trainning--------|
2026-01-22 12:00:09 [INFO]  Epoch 23 loss: 74.63891506195068; train accuracy: 0.4117100371747212; test accuracy: 0.07502304855562385
2026-01-22 12:00:09 [INFO]  Client 1 Starts Local Trainning--------|
2026-01-22 12:00:51 [INFO]  Epoch 23 loss: 272.03461599349976; train accuracy: 0.9869902195977117; test accuracy: 0.20390288875230486
2026-01-22 12:00:51 [INFO]  Client 2 Starts Local Trainning--------|
2026-01-22 12:01:36 [INFO]  Epoch 23 loss: 287.7758870124817; train accuracy: 0.9276866421158353; test accuracy: 0.22168869084204057
2026-01-22 12:01:36 [INFO]  Client 3 Starts Local Trainning--------|
2026-01-22 12:03:10 [INFO]  Epoch 23 loss: 642.1811451911926; train accuracy: 0.9271126760563381; test accuracy: 0.46170098340503996
2026-01-22 12:03:10 [INFO]  Client 4 Starts Local Trainning--------|
2026-01-22 12:04:20 [INFO]  Epoch 23 loss: 473.05767011642456; train accuracy: 0.9334805964154828; test accuracy: 0.36120928088506454
2026-01-22 12:04:20 [INFO]  Round 23 Finish--------|
2026-01-22 12:04:20 [INFO]  Model variance: mean: 0.003286301624029875, sum: 36720.9765625
2026-01-22 12:04:20 [INFO]  g_protos_std (global internal): 1.003511
2026-01-22 12:04:20 [INFO]  inter_client_proto_std (cross-client): 0.018129
2026-01-22 12:04:20 [INFO]  g_protos_std (global internal): 1.003511
2026-01-22 12:04:20 [INFO]  inter_client_proto_std (cross-client): 0.018129
2026-01-22 12:04:20 [INFO]  V4 Training | Using Simple Feature-level Server.
2026-01-22 12:04:34 [INFO]  The test accuracy of OursV4+SimpleFeatureServer: 0.5222034419176398
2026-01-22 12:04:34 [INFO]  Save config to ./checkpoints/SVHN_alpha0.05/baselines_OursV4+SimpleFeatureServer_SVHN_results.yaml
2026-01-22 12:04:34 [INFO]  Round 24 starts--------|
2026-01-22 12:04:34 [INFO]  Client 0 Starts Local Trainning--------|
2026-01-22 12:04:48 [INFO]  Epoch 24 loss: 74.4410343170166; train accuracy: 0.3466542750929368; test accuracy: 0.08132298709280886
2026-01-22 12:04:48 [INFO]  Client 1 Starts Local Trainning--------|
2026-01-22 12:05:28 [INFO]  Epoch 24 loss: 271.71564769744873; train accuracy: 0.9872670234360583; test accuracy: 0.2127381684081131
2026-01-22 12:05:28 [INFO]  Client 2 Starts Local Trainning--------|
2026-01-22 12:06:11 [INFO]  Epoch 24 loss: 288.2700753211975; train accuracy: 0.9043354536324071; test accuracy: 0.21800092194222495
2026-01-22 12:06:11 [INFO]  Client 3 Starts Local Trainning--------|
2026-01-22 12:07:44 [INFO]  Epoch 24 loss: 640.6063804626465; train accuracy: 0.9310915492957746; test accuracy: 0.4597418561770129
2026-01-22 12:07:44 [INFO]  Client 4 Starts Local Trainning--------|
2026-01-22 12:08:52 [INFO]  Epoch 24 loss: 471.5296382904053; train accuracy: 0.9293137205683016; test accuracy: 0.36063306699446834
2026-01-22 12:08:52 [INFO]  Round 24 Finish--------|
2026-01-22 12:08:52 [INFO]  Model variance: mean: 0.003357644658535719, sum: 37518.16015625
2026-01-22 12:08:52 [INFO]  g_protos_std (global internal): 1.003518
2026-01-22 12:08:52 [INFO]  inter_client_proto_std (cross-client): 0.018563
2026-01-22 12:08:52 [INFO]  g_protos_std (global internal): 1.003518
2026-01-22 12:08:52 [INFO]  inter_client_proto_std (cross-client): 0.018563
2026-01-22 12:08:52 [INFO]  V4 Training | Using Simple Feature-level Server.
2026-01-22 12:09:07 [INFO]  The test accuracy of OursV4+SimpleFeatureServer: 0.5080285802089736
2026-01-22 12:09:07 [INFO]  Save config to ./checkpoints/SVHN_alpha0.05/baselines_OursV4+SimpleFeatureServer_SVHN_results.yaml
2026-01-22 12:09:07 [INFO]  Round 25 starts--------|
2026-01-22 12:09:07 [INFO]  Client 0 Starts Local Trainning--------|
2026-01-22 12:09:20 [INFO]  Epoch 25 loss: 73.72175884246826; train accuracy: 0.44470260223048325; test accuracy: 0.08255224339274739
2026-01-22 12:09:20 [INFO]  Save the model in ./checkpoints/SVHN_alpha0.05/local_models/client_0/epoch_25.pth
2026-01-22 12:09:20 [INFO]  Client 1 Starts Local Trainning--------|
2026-01-22 12:09:59 [INFO]  Epoch 25 loss: 271.4227113723755; train accuracy: 0.9872670234360583; test accuracy: 0.21581130915795943
2026-01-22 12:09:59 [INFO]  Save the model in ./checkpoints/SVHN_alpha0.05/local_models/client_1/epoch_25.pth
2026-01-22 12:09:59 [INFO]  Client 2 Starts Local Trainning--------|
2026-01-22 12:10:36 [INFO]  Epoch 25 loss: 286.9097981452942; train accuracy: 0.937395379979913; test accuracy: 0.22814228641671788
2026-01-22 12:10:37 [INFO]  Save the model in ./checkpoints/SVHN_alpha0.05/local_models/client_2/epoch_25.pth
2026-01-22 12:10:37 [INFO]  Client 3 Starts Local Trainning--------|
2026-01-22 12:12:13 [INFO]  Epoch 25 loss: 639.6422071456909; train accuracy: 0.9243661971830985; test accuracy: 0.452519975414874
2026-01-22 12:12:14 [INFO]  Save the model in ./checkpoints/SVHN_alpha0.05/local_models/client_3/epoch_25.pth
2026-01-22 12:12:14 [INFO]  Client 4 Starts Local Trainning--------|
2026-01-22 12:13:24 [INFO]  Epoch 25 loss: 471.9632258415222; train accuracy: 0.938551132084944; test accuracy: 0.3531038721573448
2026-01-22 12:13:24 [INFO]  Save the model in ./checkpoints/SVHN_alpha0.05/local_models/client_4/epoch_25.pth
2026-01-22 12:13:24 [INFO]  Round 25 Finish--------|
2026-01-22 12:13:24 [INFO]  Model variance: mean: 0.0034274840727448463, sum: 38298.54296875
2026-01-22 12:13:24 [INFO]  g_protos_std (global internal): 1.003535
2026-01-22 12:13:24 [INFO]  inter_client_proto_std (cross-client): 0.018925
2026-01-22 12:13:24 [INFO]  g_protos_std (global internal): 1.003535
2026-01-22 12:13:24 [INFO]  inter_client_proto_std (cross-client): 0.018925
2026-01-22 12:13:24 [INFO]  V4 Training | Using Simple Feature-level Server.
2026-01-22 12:13:39 [INFO]  The test accuracy of OursV4+SimpleFeatureServer: 0.5070298094652735
2026-01-22 12:13:39 [INFO]  Save config to ./checkpoints/SVHN_alpha0.05/baselines_OursV4+SimpleFeatureServer_SVHN_results.yaml
2026-01-22 12:13:39 [INFO]  Round 26 starts--------|
2026-01-22 12:13:39 [INFO]  Client 0 Starts Local Trainning--------|
2026-01-22 12:13:50 [INFO]  Epoch 26 loss: 73.836660861969; train accuracy: 0.43029739776951675; test accuracy: 0.0893899815611555
2026-01-22 12:13:50 [INFO]  Client 1 Starts Local Trainning--------|
2026-01-22 12:14:27 [INFO]  Epoch 26 loss: 271.60258769989014; train accuracy: 0.9822845543458203; test accuracy: 0.1815457897971727
2026-01-22 12:14:27 [INFO]  Client 2 Starts Local Trainning--------|
2026-01-22 12:15:11 [INFO]  Epoch 26 loss: 286.5537962913513; train accuracy: 0.9081854703716103; test accuracy: 0.24135679164105717
2026-01-22 12:15:11 [INFO]  Client 3 Starts Local Trainning--------|
2026-01-22 12:16:47 [INFO]  Epoch 26 loss: 636.9652228355408; train accuracy: 0.9441901408450705; test accuracy: 0.46004917025199754
2026-01-22 12:16:47 [INFO]  Client 4 Starts Local Trainning--------|
2026-01-22 12:17:54 [INFO]  Epoch 26 loss: 472.0443434715271; train accuracy: 0.9303177870375019; test accuracy: 0.3563306699446835
2026-01-22 12:17:54 [INFO]  Round 26 Finish--------|
2026-01-22 12:17:54 [INFO]  Model variance: mean: 0.003495346987619996, sum: 39056.83984375
2026-01-22 12:17:54 [INFO]  g_protos_std (global internal): 1.003546
2026-01-22 12:17:54 [INFO]  inter_client_proto_std (cross-client): 0.019246
2026-01-22 12:17:54 [INFO]  g_protos_std (global internal): 1.003546
2026-01-22 12:17:54 [INFO]  inter_client_proto_std (cross-client): 0.019246
2026-01-22 12:17:54 [INFO]  V4 Training | Using Simple Feature-level Server.
2026-01-22 12:18:07 [INFO]  The test accuracy of OursV4+SimpleFeatureServer: 0.4928165334972342
2026-01-22 12:18:07 [INFO]  Save config to ./checkpoints/SVHN_alpha0.05/baselines_OursV4+SimpleFeatureServer_SVHN_results.yaml
2026-01-22 12:18:07 [INFO]  Round 27 starts--------|
2026-01-22 12:18:07 [INFO]  Client 0 Starts Local Trainning--------|
2026-01-22 12:18:20 [INFO]  Epoch 27 loss: 73.0909423828125; train accuracy: 0.4112453531598513; test accuracy: 0.07540719114935464
2026-01-22 12:18:20 [INFO]  Client 1 Starts Local Trainning--------|
2026-01-22 12:19:00 [INFO]  Epoch 27 loss: 271.52824544906616; train accuracy: 0.9848680568370548; test accuracy: 0.19625845113706208
2026-01-22 12:19:00 [INFO]  Client 2 Starts Local Trainning--------|
2026-01-22 12:19:45 [INFO]  Epoch 27 loss: 286.04592514038086; train accuracy: 0.9516237027117509; test accuracy: 0.23359711124769514
2026-01-22 12:19:45 [INFO]  Client 3 Starts Local Trainning--------|
2026-01-22 12:21:21 [INFO]  Epoch 27 loss: 637.025134563446; train accuracy: 0.9414788732394366; test accuracy: 0.4595497848801475
2026-01-22 12:21:21 [INFO]  Client 4 Starts Local Trainning--------|
2026-01-22 12:22:25 [INFO]  Epoch 27 loss: 469.3407278060913; train accuracy: 0.9091821878608364; test accuracy: 0.3469960049170252
2026-01-22 12:22:25 [INFO]  Round 27 Finish--------|
2026-01-22 12:22:25 [INFO]  Model variance: mean: 0.003561892779543996, sum: 39800.41796875
2026-01-22 12:22:25 [INFO]  g_protos_std (global internal): 1.003557
2026-01-22 12:22:25 [INFO]  inter_client_proto_std (cross-client): 0.019559
2026-01-22 12:22:25 [INFO]  g_protos_std (global internal): 1.003557
2026-01-22 12:22:25 [INFO]  inter_client_proto_std (cross-client): 0.019559
2026-01-22 12:22:25 [INFO]  V4 Training | Using Simple Feature-level Server.
2026-01-22 12:22:40 [INFO]  The test accuracy of OursV4+SimpleFeatureServer: 0.5057621389059619
2026-01-22 12:22:40 [INFO]  Save config to ./checkpoints/SVHN_alpha0.05/baselines_OursV4+SimpleFeatureServer_SVHN_results.yaml
2026-01-22 12:22:40 [INFO]  Round 28 starts--------|
2026-01-22 12:22:40 [INFO]  Client 0 Starts Local Trainning--------|
2026-01-22 12:22:53 [INFO]  Epoch 28 loss: 72.53902816772461; train accuracy: 0.491635687732342; test accuracy: 0.0927320221266134
2026-01-22 12:22:53 [INFO]  Client 1 Starts Local Trainning--------|
2026-01-22 12:23:33 [INFO]  Epoch 28 loss: 271.1774950027466; train accuracy: 0.9883742387894445; test accuracy: 0.22522280270436387
2026-01-22 12:23:33 [INFO]  Client 2 Starts Local Trainning--------|
2026-01-22 12:24:17 [INFO]  Epoch 28 loss: 285.95153617858887; train accuracy: 0.955724807499163; test accuracy: 0.24669637369391517
2026-01-22 12:24:17 [INFO]  Client 3 Starts Local Trainning--------|
2026-01-22 12:25:52 [INFO]  Epoch 28 loss: 636.1741213798523; train accuracy: 0.9334154929577465; test accuracy: 0.45444068838352797
2026-01-22 12:25:52 [INFO]  Client 4 Starts Local Trainning--------|
2026-01-22 12:27:01 [INFO]  Epoch 28 loss: 470.05199337005615; train accuracy: 0.9446759375470656; test accuracy: 0.36021051014136446
2026-01-22 12:27:01 [INFO]  Round 28 Finish--------|
2026-01-22 12:27:01 [INFO]  Model variance: mean: 0.003626943565905094, sum: 40527.29296875
2026-01-22 12:27:01 [INFO]  g_protos_std (global internal): 1.003569
2026-01-22 12:27:01 [INFO]  inter_client_proto_std (cross-client): 0.019864
2026-01-22 12:27:01 [INFO]  g_protos_std (global internal): 1.003569
2026-01-22 12:27:01 [INFO]  inter_client_proto_std (cross-client): 0.019864
2026-01-22 12:27:01 [INFO]  V4 Training | Using Simple Feature-level Server.
2026-01-22 12:27:16 [INFO]  The test accuracy of OursV4+SimpleFeatureServer: 0.4975030731407499
2026-01-22 12:27:16 [INFO]  Save config to ./checkpoints/SVHN_alpha0.05/baselines_OursV4+SimpleFeatureServer_SVHN_results.yaml
2026-01-22 12:27:16 [INFO]  Round 29 starts--------|
2026-01-22 12:27:16 [INFO]  Client 0 Starts Local Trainning--------|
2026-01-22 12:27:28 [INFO]  Epoch 29 loss: 72.0563588142395; train accuracy: 0.5162639405204461; test accuracy: 0.10129840196681009
2026-01-22 12:27:28 [INFO]  Client 1 Starts Local Trainning--------|
2026-01-22 12:28:09 [INFO]  Epoch 29 loss: 271.03756856918335; train accuracy: 0.9881897028972135; test accuracy: 0.2292178856791641
2026-01-22 12:28:09 [INFO]  Client 2 Starts Local Trainning--------|
2026-01-22 12:28:52 [INFO]  Epoch 29 loss: 286.06613636016846; train accuracy: 0.8900234348844995; test accuracy: 0.2234557467732022
2026-01-22 12:28:52 [INFO]  Client 3 Starts Local Trainning--------|
2026-01-22 12:30:25 [INFO]  Epoch 29 loss: 636.5049915313721; train accuracy: 0.9441197183098592; test accuracy: 0.46542716656422867
2026-01-22 12:30:25 [INFO]  Client 4 Starts Local Trainning--------|
2026-01-22 12:31:29 [INFO]  Epoch 29 loss: 468.3688807487488; train accuracy: 0.9275064009237411; test accuracy: 0.34837891825445605
2026-01-22 12:31:29 [INFO]  Round 29 Finish--------|
2026-01-22 12:31:29 [INFO]  Model variance: mean: 0.003690069541335106, sum: 41232.66015625
2026-01-22 12:31:29 [INFO]  g_protos_std (global internal): 1.003589
2026-01-22 12:31:29 [INFO]  inter_client_proto_std (cross-client): 0.020145
2026-01-22 12:31:29 [INFO]  g_protos_std (global internal): 1.003589
2026-01-22 12:31:29 [INFO]  inter_client_proto_std (cross-client): 0.020145
2026-01-22 12:31:29 [INFO]  V4 Training | Using Simple Feature-level Server.
2026-01-22 12:31:40 [INFO]  The test accuracy of OursV4+SimpleFeatureServer: 0.5024969268592502
2026-01-22 12:31:40 [INFO]  Save config to ./checkpoints/SVHN_alpha0.05/baselines_OursV4+SimpleFeatureServer_SVHN_results.yaml
2026-01-22 12:31:40 [INFO]  Round 30 starts--------|
2026-01-22 12:31:40 [INFO]  Client 0 Starts Local Trainning--------|
2026-01-22 12:31:52 [INFO]  Epoch 30 loss: 71.74111461639404; train accuracy: 0.5162639405204461; test accuracy: 0.09634296250768286
2026-01-22 12:31:52 [INFO]  Save the model in ./checkpoints/SVHN_alpha0.05/local_models/client_0/epoch_30.pth
2026-01-22 12:31:52 [INFO]  Client 1 Starts Local Trainning--------|
2026-01-22 12:32:30 [INFO]  Epoch 30 loss: 270.78842210769653; train accuracy: 0.9886510426277911; test accuracy: 0.21746312231100184
2026-01-22 12:32:30 [INFO]  Save the model in ./checkpoints/SVHN_alpha0.05/local_models/client_1/epoch_30.pth
2026-01-22 12:32:30 [INFO]  Client 2 Starts Local Trainning--------|
2026-01-22 12:33:08 [INFO]  Epoch 30 loss: 285.0545234680176; train accuracy: 0.9183126883160362; test accuracy: 0.22176551936078673
2026-01-22 12:33:08 [INFO]  Save the model in ./checkpoints/SVHN_alpha0.05/local_models/client_2/epoch_30.pth
2026-01-22 12:33:08 [INFO]  Client 3 Starts Local Trainning--------|
2026-01-22 12:34:38 [INFO]  Epoch 30 loss: 632.3842787742615; train accuracy: 0.9517605633802817; test accuracy: 0.4640826674861709
2026-01-22 12:34:38 [INFO]  Save the model in ./checkpoints/SVHN_alpha0.05/local_models/client_3/epoch_30.pth
2026-01-22 12:34:38 [INFO]  Client 4 Starts Local Trainning--------|
2026-01-22 12:35:43 [INFO]  Epoch 30 loss: 467.950590133667; train accuracy: 0.9401074351122044; test accuracy: 0.3556776275353411
2026-01-22 12:35:43 [INFO]  Save the model in ./checkpoints/SVHN_alpha0.05/local_models/client_4/epoch_30.pth
2026-01-22 12:35:43 [INFO]  Round 30 Finish--------|
2026-01-22 12:35:43 [INFO]  Model variance: mean: 0.003753728000447154, sum: 41943.9765625
2026-01-22 12:35:43 [INFO]  g_protos_std (global internal): 1.003610
2026-01-22 12:35:43 [INFO]  inter_client_proto_std (cross-client): 0.020423
2026-01-22 12:35:43 [INFO]  g_protos_std (global internal): 1.003610
2026-01-22 12:35:43 [INFO]  inter_client_proto_std (cross-client): 0.020423
2026-01-22 12:35:43 [INFO]  V4 Training | Using Simple Feature-level Server.
2026-01-22 12:35:55 [INFO]  The test accuracy of OursV4+SimpleFeatureServer: 0.5080669944683467
2026-01-22 12:35:55 [INFO]  Save config to ./checkpoints/SVHN_alpha0.05/baselines_OursV4+SimpleFeatureServer_SVHN_results.yaml
2026-01-22 12:35:55 [INFO]  Round 31 starts--------|
2026-01-22 12:35:55 [INFO]  Client 0 Starts Local Trainning--------|
2026-01-22 12:36:06 [INFO]  Epoch 31 loss: 71.4383020401001; train accuracy: 0.491635687732342; test accuracy: 0.09472956361401352
2026-01-22 12:36:06 [INFO]  Client 1 Starts Local Trainning--------|
2026-01-22 12:36:45 [INFO]  Epoch 31 loss: 270.60465145111084; train accuracy: 0.9845912529987082; test accuracy: 0.2509219422249539
2026-01-22 12:36:45 [INFO]  Client 2 Starts Local Trainning--------|
2026-01-22 12:37:23 [INFO]  Epoch 31 loss: 285.0285711288452; train accuracy: 0.9482758620689655; test accuracy: 0.2190381069452981
2026-01-22 12:37:23 [INFO]  Client 3 Starts Local Trainning--------|
2026-01-22 12:38:55 [INFO]  Epoch 31 loss: 632.2000026702881; train accuracy: 0.9441197183098592; test accuracy: 0.463660110633067
2026-01-22 12:38:55 [INFO]  Client 4 Starts Local Trainning--------|
2026-01-22 12:39:58 [INFO]  Epoch 31 loss: 468.12606382369995; train accuracy: 0.9009990461368542; test accuracy: 0.3516825445605409
2026-01-22 12:39:58 [INFO]  Round 31 Finish--------|
2026-01-22 12:39:58 [INFO]  Model variance: mean: 0.003815143834799528, sum: 42630.234375
2026-01-22 12:39:58 [INFO]  g_protos_std (global internal): 1.003622
2026-01-22 12:39:58 [INFO]  inter_client_proto_std (cross-client): 0.020675
2026-01-22 12:39:58 [INFO]  g_protos_std (global internal): 1.003622
2026-01-22 12:39:58 [INFO]  inter_client_proto_std (cross-client): 0.020675
2026-01-22 12:39:58 [INFO]  V4 Training | Using Simple Feature-level Server.
2026-01-22 12:40:09 [INFO]  The test accuracy of OursV4+SimpleFeatureServer: 0.5026505838967424
2026-01-22 12:40:09 [INFO]  Save config to ./checkpoints/SVHN_alpha0.05/baselines_OursV4+SimpleFeatureServer_SVHN_results.yaml
2026-01-22 12:40:09 [INFO]  Round 32 starts--------|
2026-01-22 12:40:09 [INFO]  Client 0 Starts Local Trainning--------|
2026-01-22 12:40:21 [INFO]  Epoch 32 loss: 70.93507671356201; train accuracy: 0.5069702602230484; test accuracy: 0.10003073140749846
2026-01-22 12:40:21 [INFO]  Client 1 Starts Local Trainning--------|
2026-01-22 12:41:00 [INFO]  Epoch 32 loss: 270.4645037651062; train accuracy: 0.9872670234360583; test accuracy: 0.2062461585740627
2026-01-22 12:41:00 [INFO]  Client 2 Starts Local Trainning--------|
2026-01-22 12:41:41 [INFO]  Epoch 32 loss: 283.7746067047119; train accuracy: 0.9540508871777703; test accuracy: 0.24504456054087279
2026-01-22 12:41:41 [INFO]  Client 3 Starts Local Trainning--------|
2026-01-22 12:43:13 [INFO]  Epoch 32 loss: 632.4921407699585; train accuracy: 0.9466901408450704; test accuracy: 0.46377535341118625
2026-01-22 12:43:13 [INFO]  Client 4 Starts Local Trainning--------|
2026-01-22 12:44:15 [INFO]  Epoch 32 loss: 465.9001359939575; train accuracy: 0.9480897635423465; test accuracy: 0.363859864781807
2026-01-22 12:44:15 [INFO]  Round 32 Finish--------|
2026-01-22 12:44:15 [INFO]  Model variance: mean: 0.003876066068187356, sum: 43310.9765625
2026-01-22 12:44:15 [INFO]  g_protos_std (global internal): 1.003638
2026-01-22 12:44:15 [INFO]  inter_client_proto_std (cross-client): 0.020928
2026-01-22 12:44:15 [INFO]  g_protos_std (global internal): 1.003638
2026-01-22 12:44:15 [INFO]  inter_client_proto_std (cross-client): 0.020928
2026-01-22 12:44:15 [INFO]  V4 Training | Using Simple Feature-level Server.
2026-01-22 12:44:27 [INFO]  The test accuracy of OursV4+SimpleFeatureServer: 0.5119084204056545
2026-01-22 12:44:27 [INFO]  Save config to ./checkpoints/SVHN_alpha0.05/baselines_OursV4+SimpleFeatureServer_SVHN_results.yaml
2026-01-22 12:44:27 [INFO]  Round 33 starts--------|
2026-01-22 12:44:27 [INFO]  Client 0 Starts Local Trainning--------|
2026-01-22 12:44:39 [INFO]  Epoch 33 loss: 70.50764989852905; train accuracy: 0.5065055762081785; test accuracy: 0.09277043638598648
2026-01-22 12:44:39 [INFO]  Client 1 Starts Local Trainning--------|
2026-01-22 12:45:15 [INFO]  Epoch 33 loss: 270.4610056877136; train accuracy: 0.9861598080826721; test accuracy: 0.22138137676705594
2026-01-22 12:45:15 [INFO]  Client 2 Starts Local Trainning--------|
2026-01-22 12:45:57 [INFO]  Epoch 33 loss: 283.3347625732422; train accuracy: 0.9571476397723468; test accuracy: 0.22956361401352182
2026-01-22 12:45:57 [INFO]  Client 3 Starts Local Trainning--------|
2026-01-22 12:47:36 [INFO]  Epoch 33 loss: 629.1359052658081; train accuracy: 0.9480985915492958; test accuracy: 0.4634296250768285
2026-01-22 12:47:36 [INFO]  Client 4 Starts Local Trainning--------|
2026-01-22 12:48:44 [INFO]  Epoch 33 loss: 465.33926153182983; train accuracy: 0.9447261408705256; test accuracy: 0.36078672403196066
2026-01-22 12:48:44 [INFO]  Round 33 Finish--------|
2026-01-22 12:48:44 [INFO]  Model variance: mean: 0.003935312386602163, sum: 43972.9921875
2026-01-22 12:48:44 [INFO]  g_protos_std (global internal): 1.003653
2026-01-22 12:48:44 [INFO]  inter_client_proto_std (cross-client): 0.021166
2026-01-22 12:48:44 [INFO]  g_protos_std (global internal): 1.003653
2026-01-22 12:48:44 [INFO]  inter_client_proto_std (cross-client): 0.021166
2026-01-22 12:48:44 [INFO]  V4 Training | Using Simple Feature-level Server.
2026-01-22 12:48:57 [INFO]  The test accuracy of OursV4+SimpleFeatureServer: 0.5207052858020897
2026-01-22 12:48:57 [INFO]  Save config to ./checkpoints/SVHN_alpha0.05/baselines_OursV4+SimpleFeatureServer_SVHN_results.yaml
2026-01-22 12:48:57 [INFO]  Round 34 starts--------|
2026-01-22 12:48:57 [INFO]  Client 0 Starts Local Trainning--------|
2026-01-22 12:49:08 [INFO]  Epoch 34 loss: 69.55798721313477; train accuracy: 0.4605018587360595; test accuracy: 0.09665027658266749
2026-01-22 12:49:08 [INFO]  Client 1 Starts Local Trainning--------|
2026-01-22 12:49:48 [INFO]  Epoch 34 loss: 270.2783808708191; train accuracy: 0.9867134157593652; test accuracy: 0.20693761524277812
2026-01-22 12:49:48 [INFO]  Client 2 Starts Local Trainning--------|
2026-01-22 12:50:34 [INFO]  Epoch 34 loss: 282.8200378417969; train accuracy: 0.955724807499163; test accuracy: 0.23136908420405655
2026-01-22 12:50:34 [INFO]  Client 3 Starts Local Trainning--------|
2026-01-22 12:52:11 [INFO]  Epoch 34 loss: 629.6203980445862; train accuracy: 0.9427816901408451; test accuracy: 0.4587430854333128
2026-01-22 12:52:11 [INFO]  Client 4 Starts Local Trainning--------|
2026-01-22 12:53:18 [INFO]  Epoch 34 loss: 465.3206276893616; train accuracy: 0.9331291731512626; test accuracy: 0.3618239090350338
2026-01-22 12:53:18 [INFO]  Round 34 Finish--------|
2026-01-22 12:53:19 [INFO]  Model variance: mean: 0.003994988277554512, sum: 44639.8046875
2026-01-22 12:53:19 [INFO]  g_protos_std (global internal): 1.003667
2026-01-22 12:53:19 [INFO]  inter_client_proto_std (cross-client): 0.021370
2026-01-22 12:53:19 [INFO]  g_protos_std (global internal): 1.003667
2026-01-22 12:53:19 [INFO]  inter_client_proto_std (cross-client): 0.021370
2026-01-22 12:53:19 [INFO]  V4 Training | Using Simple Feature-level Server.
2026-01-22 12:53:34 [INFO]  The test accuracy of OursV4+SimpleFeatureServer: 0.4966579594345421
2026-01-22 12:53:34 [INFO]  Save config to ./checkpoints/SVHN_alpha0.05/baselines_OursV4+SimpleFeatureServer_SVHN_results.yaml
2026-01-22 12:53:34 [INFO]  Round 35 starts--------|
2026-01-22 12:53:34 [INFO]  Client 0 Starts Local Trainning--------|
2026-01-22 12:53:46 [INFO]  Epoch 35 loss: 69.41785621643066; train accuracy: 0.5989776951672863; test accuracy: 0.12177320221266134
2026-01-22 12:53:46 [INFO]  Save the model in ./checkpoints/SVHN_alpha0.05/local_models/client_0/epoch_35.pth
2026-01-22 12:53:46 [INFO]  Client 1 Starts Local Trainning--------|
2026-01-22 12:54:27 [INFO]  Epoch 35 loss: 270.2625608444214; train accuracy: 0.9860675401365565; test accuracy: 0.2155039950829748
2026-01-22 12:54:28 [INFO]  Save the model in ./checkpoints/SVHN_alpha0.05/local_models/client_1/epoch_35.pth
2026-01-22 12:54:28 [INFO]  Client 2 Starts Local Trainning--------|
2026-01-22 12:55:11 [INFO]  Epoch 35 loss: 283.57749700546265; train accuracy: 0.9411617007030465; test accuracy: 0.22095881991395205
2026-01-22 12:55:11 [INFO]  Save the model in ./checkpoints/SVHN_alpha0.05/local_models/client_2/epoch_35.pth
2026-01-22 12:55:11 [INFO]  Client 3 Starts Local Trainning--------|
2026-01-22 12:56:43 [INFO]  Epoch 35 loss: 628.2736973762512; train accuracy: 0.951443661971831; test accuracy: 0.46527350952673635
2026-01-22 12:56:44 [INFO]  Save the model in ./checkpoints/SVHN_alpha0.05/local_models/client_3/epoch_35.pth
2026-01-22 12:56:44 [INFO]  Client 4 Starts Local Trainning--------|
2026-01-22 12:57:49 [INFO]  Epoch 35 loss: 466.03115129470825; train accuracy: 0.9491942366584668; test accuracy: 0.3620159803318992
2026-01-22 12:57:50 [INFO]  Save the model in ./checkpoints/SVHN_alpha0.05/local_models/client_4/epoch_35.pth
2026-01-22 12:57:50 [INFO]  Round 35 Finish--------|
2026-01-22 12:57:50 [INFO]  Model variance: mean: 0.0040517994202673435, sum: 45274.609375
2026-01-22 12:57:50 [INFO]  g_protos_std (global internal): 1.003679
2026-01-22 12:57:50 [INFO]  inter_client_proto_std (cross-client): 0.021590
2026-01-22 12:57:50 [INFO]  g_protos_std (global internal): 1.003679
2026-01-22 12:57:50 [INFO]  inter_client_proto_std (cross-client): 0.021590
2026-01-22 12:57:50 [INFO]  V4 Training | Using Simple Feature-level Server.
2026-01-22 12:58:05 [INFO]  The test accuracy of OursV4+SimpleFeatureServer: 0.5063767670559312
2026-01-22 12:58:05 [INFO]  Save config to ./checkpoints/SVHN_alpha0.05/baselines_OursV4+SimpleFeatureServer_SVHN_results.yaml
2026-01-22 12:58:05 [INFO]  Round 36 starts--------|
2026-01-22 12:58:05 [INFO]  Client 0 Starts Local Trainning--------|
2026-01-22 12:58:18 [INFO]  Epoch 36 loss: 69.38155937194824; train accuracy: 0.5511152416356877; test accuracy: 0.10633066994468347
2026-01-22 12:58:18 [INFO]  Client 1 Starts Local Trainning--------|
2026-01-22 12:58:59 [INFO]  Epoch 36 loss: 269.81894397735596; train accuracy: 0.9883742387894445; test accuracy: 0.22426244622003688
2026-01-22 12:58:59 [INFO]  Client 2 Starts Local Trainning--------|
2026-01-22 12:59:41 [INFO]  Epoch 36 loss: 282.4646329879761; train accuracy: 0.9353029795781721; test accuracy: 0.23882145052243392
2026-01-22 12:59:41 [INFO]  Client 3 Starts Local Trainning--------|
2026-01-22 13:01:12 [INFO]  Epoch 36 loss: 626.6365447044373; train accuracy: 0.9432042253521127; test accuracy: 0.45739858635525504
2026-01-22 13:01:12 [INFO]  Client 4 Starts Local Trainning--------|
2026-01-22 13:02:23 [INFO]  Epoch 36 loss: 465.1206374168396; train accuracy: 0.9456298006928059; test accuracy: 0.3655885064535956
2026-01-22 13:02:23 [INFO]  Round 36 Finish--------|
2026-01-22 13:02:23 [INFO]  Model variance: mean: 0.004109498113393784, sum: 45919.3359375
2026-01-22 13:02:23 [INFO]  g_protos_std (global internal): 1.003691
2026-01-22 13:02:23 [INFO]  inter_client_proto_std (cross-client): 0.021780
2026-01-22 13:02:23 [INFO]  g_protos_std (global internal): 1.003691
2026-01-22 13:02:23 [INFO]  inter_client_proto_std (cross-client): 0.021780
2026-01-22 13:02:23 [INFO]  V4 Training | Using Simple Feature-level Server.
2026-01-22 13:02:38 [INFO]  The test accuracy of OursV4+SimpleFeatureServer: 0.5114474492931776
2026-01-22 13:02:38 [INFO]  Save config to ./checkpoints/SVHN_alpha0.05/baselines_OursV4+SimpleFeatureServer_SVHN_results.yaml
2026-01-22 13:02:38 [INFO]  Round 37 starts--------|
2026-01-22 13:02:38 [INFO]  Client 0 Starts Local Trainning--------|
2026-01-22 13:02:50 [INFO]  Epoch 37 loss: 68.72558832168579; train accuracy: 0.5; test accuracy: 0.10963429625076829
2026-01-22 13:02:50 [INFO]  Client 1 Starts Local Trainning--------|
2026-01-22 13:03:29 [INFO]  Epoch 37 loss: 270.0706396102905; train accuracy: 0.9901273297656394; test accuracy: 0.22894898586355256
2026-01-22 13:03:29 [INFO]  Client 2 Starts Local Trainning--------|
2026-01-22 13:04:12 [INFO]  Epoch 37 loss: 282.5327944755554; train accuracy: 0.9350518915299632; test accuracy: 0.27954056545789796
2026-01-22 13:04:12 [INFO]  Client 3 Starts Local Trainning--------|
2026-01-22 13:05:44 [INFO]  Epoch 37 loss: 625.8564767837524; train accuracy: 0.950669014084507; test accuracy: 0.4645052243392747
2026-01-22 13:05:44 [INFO]  Client 4 Starts Local Trainning--------|
2026-01-22 13:06:52 [INFO]  Epoch 37 loss: 464.57964992523193; train accuracy: 0.9280084341583413; test accuracy: 0.3605946527350953
2026-01-22 13:06:52 [INFO]  Round 37 Finish--------|
2026-01-22 13:06:52 [INFO]  Model variance: mean: 0.004165573976933956, sum: 46545.92578125
2026-01-22 13:06:52 [INFO]  g_protos_std (global internal): 1.003705
2026-01-22 13:06:52 [INFO]  inter_client_proto_std (cross-client): 0.021997
2026-01-22 13:06:52 [INFO]  g_protos_std (global internal): 1.003705
2026-01-22 13:06:52 [INFO]  inter_client_proto_std (cross-client): 0.021997
2026-01-22 13:06:52 [INFO]  V4 Training | Using Simple Feature-level Server.
2026-01-22 13:07:07 [INFO]  The test accuracy of OursV4+SimpleFeatureServer: 0.5027274124154887
2026-01-22 13:07:07 [INFO]  Save config to ./checkpoints/SVHN_alpha0.05/baselines_OursV4+SimpleFeatureServer_SVHN_results.yaml
2026-01-22 13:07:07 [INFO]  Round 38 starts--------|
2026-01-22 13:07:07 [INFO]  Client 0 Starts Local Trainning--------|
2026-01-22 13:07:19 [INFO]  Epoch 38 loss: 68.26597118377686; train accuracy: 0.6129182156133829; test accuracy: 0.11343730792870313
2026-01-22 13:07:19 [INFO]  Client 1 Starts Local Trainning--------|
2026-01-22 13:07:58 [INFO]  Epoch 38 loss: 269.9869737625122; train accuracy: 0.9863443439749031; test accuracy: 0.20693761524277812
2026-01-22 13:07:58 [INFO]  Client 2 Starts Local Trainning--------|
2026-01-22 13:08:40 [INFO]  Epoch 38 loss: 283.26031255722046; train accuracy: 0.9375627720120522; test accuracy: 0.2512676705593116
2026-01-22 13:08:40 [INFO]  Client 3 Starts Local Trainning--------|
2026-01-22 13:10:13 [INFO]  Epoch 38 loss: 626.1789693832397; train accuracy: 0.9285211267605634; test accuracy: 0.4579363859864782
2026-01-22 13:10:13 [INFO]  Client 4 Starts Local Trainning--------|
2026-01-22 13:11:25 [INFO]  Epoch 38 loss: 462.7627820968628; train accuracy: 0.942165771374065; test accuracy: 0.36547326367547633
2026-01-22 13:11:25 [INFO]  Round 38 Finish--------|
2026-01-22 13:11:25 [INFO]  Model variance: mean: 0.004221031907945871, sum: 47165.609375
2026-01-22 13:11:25 [INFO]  g_protos_std (global internal): 1.003722
2026-01-22 13:11:25 [INFO]  inter_client_proto_std (cross-client): 0.022177
2026-01-22 13:11:25 [INFO]  g_protos_std (global internal): 1.003722
2026-01-22 13:11:25 [INFO]  inter_client_proto_std (cross-client): 0.022177
2026-01-22 13:11:25 [INFO]  V4 Training | Using Simple Feature-level Server.
2026-01-22 13:11:40 [INFO]  The test accuracy of OursV4+SimpleFeatureServer: 0.5128687768899816
2026-01-22 13:11:40 [INFO]  Save config to ./checkpoints/SVHN_alpha0.05/baselines_OursV4+SimpleFeatureServer_SVHN_results.yaml
2026-01-22 13:11:40 [INFO]  Round 39 starts--------|
2026-01-22 13:11:40 [INFO]  Client 0 Starts Local Trainning--------|
2026-01-22 13:11:52 [INFO]  Epoch 39 loss: 69.44429445266724; train accuracy: 0.6236059479553904; test accuracy: 0.12019821757836509
2026-01-22 13:11:52 [INFO]  Client 1 Starts Local Trainning--------|
2026-01-22 13:12:32 [INFO]  Epoch 39 loss: 270.49060821533203; train accuracy: 0.9885587746816756; test accuracy: 0.21823140749846343
2026-01-22 13:12:32 [INFO]  Client 2 Starts Local Trainning--------|
2026-01-22 13:13:14 [INFO]  Epoch 39 loss: 282.0864839553833; train accuracy: 0.9673585537328423; test accuracy: 0.2572218807621389
2026-01-22 13:13:14 [INFO]  Client 3 Starts Local Trainning--------|
2026-01-22 13:14:52 [INFO]  Epoch 39 loss: 624.8568406105042; train accuracy: 0.9483098591549296; test accuracy: 0.4656960663798402
2026-01-22 13:14:52 [INFO]  Client 4 Starts Local Trainning--------|
2026-01-22 13:16:02 [INFO]  Epoch 39 loss: 462.77208948135376; train accuracy: 0.942316381344445; test accuracy: 0.3635909649661955
2026-01-22 13:16:02 [INFO]  Round 39 Finish--------|
2026-01-22 13:16:02 [INFO]  Model variance: mean: 0.00427600834518671, sum: 47779.9140625
2026-01-22 13:16:02 [INFO]  g_protos_std (global internal): 1.003738
2026-01-22 13:16:02 [INFO]  inter_client_proto_std (cross-client): 0.022411
2026-01-22 13:16:02 [INFO]  g_protos_std (global internal): 1.003738
2026-01-22 13:16:02 [INFO]  inter_client_proto_std (cross-client): 0.022411
2026-01-22 13:16:02 [INFO]  V4 Training | Using Simple Feature-level Server.
2026-01-22 13:16:17 [INFO]  The test accuracy of OursV4+SimpleFeatureServer: 0.5223570989551322
2026-01-22 13:16:17 [INFO]  Save config to ./checkpoints/SVHN_alpha0.05/baselines_OursV4+SimpleFeatureServer_SVHN_results.yaml
2026-01-22 13:16:17 [INFO]  Round 40 starts--------|
2026-01-22 13:16:17 [INFO]  Client 0 Starts Local Trainning--------|
2026-01-22 13:16:29 [INFO]  Epoch 40 loss: 68.0713243484497; train accuracy: 0.5766728624535316; test accuracy: 0.10045328826060233
2026-01-22 13:16:29 [INFO]  Save the model in ./checkpoints/SVHN_alpha0.05/local_models/client_0/epoch_40.pth
2026-01-22 13:16:29 [INFO]  Client 1 Starts Local Trainning--------|
2026-01-22 13:17:06 [INFO]  Epoch 40 loss: 269.96657848358154; train accuracy: 0.9853293965676324; test accuracy: 0.19376152427781193
2026-01-22 13:17:06 [INFO]  Save the model in ./checkpoints/SVHN_alpha0.05/local_models/client_1/epoch_40.pth
2026-01-22 13:17:06 [INFO]  Client 2 Starts Local Trainning--------|
2026-01-22 13:17:49 [INFO]  Epoch 40 loss: 281.04721117019653; train accuracy: 0.9483595580850351; test accuracy: 0.24892440073755379
2026-01-22 13:17:49 [INFO]  Save the model in ./checkpoints/SVHN_alpha0.05/local_models/client_2/epoch_40.pth
2026-01-22 13:17:49 [INFO]  Client 3 Starts Local Trainning--------|
2026-01-22 13:19:44 [INFO]  Epoch 40 loss: 622.4297981262207; train accuracy: 0.9409859154929577; test accuracy: 0.4547480024585126
2026-01-22 13:19:44 [INFO]  Save the model in ./checkpoints/SVHN_alpha0.05/local_models/client_3/epoch_40.pth
2026-01-22 13:19:44 [INFO]  Client 4 Starts Local Trainning--------|
2026-01-22 13:21:13 [INFO]  Epoch 40 loss: 460.89454984664917; train accuracy: 0.950097896480747; test accuracy: 0.3656653349723417
2026-01-22 13:21:13 [INFO]  Save the model in ./checkpoints/SVHN_alpha0.05/local_models/client_4/epoch_40.pth
2026-01-22 13:21:13 [INFO]  Round 40 Finish--------|
2026-01-22 13:21:13 [INFO]  Model variance: mean: 0.004329676274210215, sum: 48379.59375
2026-01-22 13:21:13 [INFO]  g_protos_std (global internal): 1.003759
2026-01-22 13:21:13 [INFO]  inter_client_proto_std (cross-client): 0.022603
2026-01-22 13:21:13 [INFO]  g_protos_std (global internal): 1.003759
2026-01-22 13:21:13 [INFO]  inter_client_proto_std (cross-client): 0.022603
2026-01-22 13:21:13 [INFO]  V4 Training | Using Simple Feature-level Server.
2026-01-22 13:21:33 [INFO]  The test accuracy of OursV4+SimpleFeatureServer: 0.5257375537799631
2026-01-22 13:21:33 [INFO]  Save config to ./checkpoints/SVHN_alpha0.05/baselines_OursV4+SimpleFeatureServer_SVHN_results.yaml
2026-01-22 13:21:33 [INFO]  Round 41 starts--------|
2026-01-22 13:21:33 [INFO]  Client 0 Starts Local Trainning--------|
2026-01-22 13:21:48 [INFO]  Epoch 41 loss: 67.46834945678711; train accuracy: 0.6454460966542751; test accuracy: 0.12934081130915795
2026-01-22 13:21:48 [INFO]  Client 1 Starts Local Trainning--------|
2026-01-22 13:22:35 [INFO]  Epoch 41 loss: 269.79391050338745; train accuracy: 0.9898505259272928; test accuracy: 0.22914105716041794
2026-01-22 13:22:35 [INFO]  Client 2 Starts Local Trainning--------|
2026-01-22 13:23:32 [INFO]  Epoch 41 loss: 281.1356954574585; train accuracy: 0.9604954804151322; test accuracy: 0.22149661954517516
2026-01-22 13:23:32 [INFO]  Client 3 Starts Local Trainning--------|
2026-01-22 13:26:13 [INFO]  Epoch 41 loss: 623.5466175079346; train accuracy: 0.9625704225352113; test accuracy: 0.47195759065765214
2026-01-22 13:26:13 [INFO]  Client 4 Starts Local Trainning--------|
2026-01-22 13:28:13 [INFO]  Epoch 41 loss: 461.14071893692017; train accuracy: 0.9477885436015864; test accuracy: 0.36689459127228025
2026-01-22 13:28:13 [INFO]  Round 41 Finish--------|
2026-01-22 13:28:13 [INFO]  Model variance: mean: 0.004382931161671877, sum: 48974.6640625
2026-01-22 13:28:13 [INFO]  g_protos_std (global internal): 1.003769
2026-01-22 13:28:13 [INFO]  inter_client_proto_std (cross-client): 0.022776
2026-01-22 13:28:13 [INFO]  g_protos_std (global internal): 1.003769
2026-01-22 13:28:13 [INFO]  inter_client_proto_std (cross-client): 0.022776
2026-01-22 13:28:13 [INFO]  V4 Training | Using Simple Feature-level Server.
2026-01-22 13:28:36 [INFO]  The test accuracy of OursV4+SimpleFeatureServer: 0.5190534726490473
2026-01-22 13:28:36 [INFO]  Save config to ./checkpoints/SVHN_alpha0.05/baselines_OursV4+SimpleFeatureServer_SVHN_results.yaml
2026-01-22 13:28:36 [INFO]  Round 42 starts--------|
2026-01-22 13:28:36 [INFO]  Client 0 Starts Local Trainning--------|
2026-01-22 13:28:57 [INFO]  Epoch 42 loss: 67.81155109405518; train accuracy: 0.6403345724907064; test accuracy: 0.12323294406883835
2026-01-22 13:28:57 [INFO]  Client 1 Starts Local Trainning--------|
2026-01-22 13:30:12 [INFO]  Epoch 42 loss: 269.69081449508667; train accuracy: 0.9894814541428307; test accuracy: 0.21853872157344806
2026-01-22 13:30:12 [INFO]  Client 2 Starts Local Trainning--------|
2026-01-22 13:31:16 [INFO]  Epoch 42 loss: 281.44738388061523; train accuracy: 0.9419986608637428; test accuracy: 0.23728488014751076
2026-01-22 13:31:16 [INFO]  Client 3 Starts Local Trainning--------|
2026-01-22 13:33:57 [INFO]  Epoch 42 loss: 621.1013770103455; train accuracy: 0.953943661971831; test accuracy: 0.47053626306084817
2026-01-22 13:33:57 [INFO]  Client 4 Starts Local Trainning--------|
2026-01-22 13:35:53 [INFO]  Epoch 42 loss: 460.88789319992065; train accuracy: 0.9548672122094483; test accuracy: 0.36969883220651506
2026-01-22 13:35:53 [INFO]  Round 42 Finish--------|
2026-01-22 13:35:53 [INFO]  Model variance: mean: 0.004434613976627588, sum: 49552.1640625
2026-01-22 13:35:53 [INFO]  g_protos_std (global internal): 1.003778
2026-01-22 13:35:53 [INFO]  inter_client_proto_std (cross-client): 0.022961
2026-01-22 13:35:53 [INFO]  g_protos_std (global internal): 1.003778
2026-01-22 13:35:53 [INFO]  inter_client_proto_std (cross-client): 0.022961
2026-01-22 13:35:53 [INFO]  V4 Training | Using Simple Feature-level Server.
2026-01-22 13:36:15 [INFO]  The test accuracy of OursV4+SimpleFeatureServer: 0.5232406269207129
2026-01-22 13:36:15 [INFO]  Save config to ./checkpoints/SVHN_alpha0.05/baselines_OursV4+SimpleFeatureServer_SVHN_results.yaml
2026-01-22 13:36:15 [INFO]  Round 43 starts--------|
2026-01-22 13:36:15 [INFO]  Client 0 Starts Local Trainning--------|
2026-01-22 13:36:38 [INFO]  Epoch 43 loss: 67.0488953590393; train accuracy: 0.5529739776951673; test accuracy: 0.10187461585740627
2026-01-22 13:36:38 [INFO]  Client 1 Starts Local Trainning--------|
2026-01-22 13:37:38 [INFO]  Epoch 43 loss: 269.588059425354; train accuracy: 0.9863443439749031; test accuracy: 0.19833282114320835
2026-01-22 13:37:38 [INFO]  Client 2 Starts Local Trainning--------|
2026-01-22 13:38:57 [INFO]  Epoch 43 loss: 281.03418254852295; train accuracy: 0.9604954804151322; test accuracy: 0.2556084818684696
2026-01-22 13:38:57 [INFO]  Client 3 Starts Local Trainning--------|
2026-01-22 13:41:20 [INFO]  Epoch 43 loss: 622.306116104126; train accuracy: 0.9454929577464789; test accuracy: 0.460740626920713
2026-01-22 13:41:20 [INFO]  Client 4 Starts Local Trainning--------|
2026-01-22 13:43:09 [INFO]  Epoch 43 loss: 459.77164697647095; train accuracy: 0.9466338671620061; test accuracy: 0.36220805162876457
2026-01-22 13:43:09 [INFO]  Round 43 Finish--------|
2026-01-22 13:43:09 [INFO]  Model variance: mean: 0.004487331490963697, sum: 50141.2265625
2026-01-22 13:43:09 [INFO]  g_protos_std (global internal): 1.003795
2026-01-22 13:43:09 [INFO]  inter_client_proto_std (cross-client): 0.023116
2026-01-22 13:43:09 [INFO]  g_protos_std (global internal): 1.003795
2026-01-22 13:43:09 [INFO]  inter_client_proto_std (cross-client): 0.023116
2026-01-22 13:43:09 [INFO]  V4 Training | Using Simple Feature-level Server.
2026-01-22 13:43:34 [INFO]  The test accuracy of OursV4+SimpleFeatureServer: 0.5202827289489859
2026-01-22 13:43:34 [INFO]  Save config to ./checkpoints/SVHN_alpha0.05/baselines_OursV4+SimpleFeatureServer_SVHN_results.yaml
2026-01-22 13:43:34 [INFO]  Round 44 starts--------|
2026-01-22 13:43:34 [INFO]  Client 0 Starts Local Trainning--------|
2026-01-22 13:43:53 [INFO]  Epoch 44 loss: 67.04659271240234; train accuracy: 0.6198884758364313; test accuracy: 0.122579901659496
2026-01-22 13:43:53 [INFO]  Client 1 Starts Local Trainning--------|
2026-01-22 13:44:55 [INFO]  Epoch 44 loss: 269.47158002853394; train accuracy: 0.9900350618195239; test accuracy: 0.2229179471419791
2026-01-22 13:44:55 [INFO]  Client 2 Starts Local Trainning--------|
2026-01-22 13:46:02 [INFO]  Epoch 44 loss: 281.5253005027771; train accuracy: 0.9716270505523937; test accuracy: 0.2731637984019668
2026-01-22 13:46:02 [INFO]  Client 3 Starts Local Trainning--------|
2026-01-22 13:48:29 [INFO]  Epoch 44 loss: 620.910737991333; train accuracy: 0.9464084507042253; test accuracy: 0.4621619545175169
2026-01-22 13:48:29 [INFO]  Client 4 Starts Local Trainning--------|
2026-01-22 13:50:23 [INFO]  Epoch 44 loss: 459.7416377067566; train accuracy: 0.9465836638385461; test accuracy: 0.35187461585740626
2026-01-22 13:50:23 [INFO]  Round 44 Finish--------|
2026-01-22 13:50:23 [INFO]  Model variance: mean: 0.00453898124396801, sum: 50718.359375
2026-01-22 13:50:23 [INFO]  g_protos_std (global internal): 1.003808
2026-01-22 13:50:23 [INFO]  inter_client_proto_std (cross-client): 0.023283
2026-01-22 13:50:23 [INFO]  g_protos_std (global internal): 1.003808
2026-01-22 13:50:23 [INFO]  inter_client_proto_std (cross-client): 0.023283
2026-01-22 13:50:23 [INFO]  V4 Training | Using Simple Feature-level Server.
2026-01-22 13:50:48 [INFO]  The test accuracy of OursV4+SimpleFeatureServer: 0.5165565457897972
2026-01-22 13:50:48 [INFO]  Save config to ./checkpoints/SVHN_alpha0.05/baselines_OursV4+SimpleFeatureServer_SVHN_results.yaml
2026-01-22 13:50:48 [INFO]  Round 45 starts--------|
2026-01-22 13:50:48 [INFO]  Client 0 Starts Local Trainning--------|
2026-01-22 13:51:07 [INFO]  Epoch 45 loss: 66.73292875289917; train accuracy: 0.5539033457249071; test accuracy: 0.1079440688383528
2026-01-22 13:51:07 [INFO]  Save the model in ./checkpoints/SVHN_alpha0.05/local_models/client_0/epoch_45.pth
2026-01-22 13:51:07 [INFO]  Client 1 Starts Local Trainning--------|
2026-01-22 13:52:01 [INFO]  Epoch 45 loss: 268.90945053100586; train accuracy: 0.9924340284185275; test accuracy: 0.23597879532882607
2026-01-22 13:52:02 [INFO]  Save the model in ./checkpoints/SVHN_alpha0.05/local_models/client_1/epoch_45.pth
2026-01-22 13:52:02 [INFO]  Client 2 Starts Local Trainning--------|
2026-01-22 13:53:17 [INFO]  Epoch 45 loss: 280.553014755249; train accuracy: 0.9631737529293606; test accuracy: 0.24343116164720344
2026-01-22 13:53:18 [INFO]  Save the model in ./checkpoints/SVHN_alpha0.05/local_models/client_2/epoch_45.pth
2026-01-22 13:53:18 [INFO]  Client 3 Starts Local Trainning--------|
2026-01-22 13:56:06 [INFO]  Epoch 45 loss: 619.6556401252747; train accuracy: 0.9505633802816902; test accuracy: 0.46631069452980944
2026-01-22 13:56:06 [INFO]  Save the model in ./checkpoints/SVHN_alpha0.05/local_models/client_3/epoch_45.pth
2026-01-22 13:56:06 [INFO]  Client 4 Starts Local Trainning--------|
2026-01-22 13:57:59 [INFO]  Epoch 45 loss: 458.56918716430664; train accuracy: 0.9550178221798283; test accuracy: 0.3649738783036263
2026-01-22 13:58:00 [INFO]  Save the model in ./checkpoints/SVHN_alpha0.05/local_models/client_4/epoch_45.pth
2026-01-22 13:58:00 [INFO]  Round 45 Finish--------|
2026-01-22 13:58:00 [INFO]  Model variance: mean: 0.004589646589010954, sum: 51284.48828125
2026-01-22 13:58:00 [INFO]  g_protos_std (global internal): 1.003827
2026-01-22 13:58:00 [INFO]  inter_client_proto_std (cross-client): 0.023451
2026-01-22 13:58:00 [INFO]  g_protos_std (global internal): 1.003827
2026-01-22 13:58:00 [INFO]  inter_client_proto_std (cross-client): 0.023451
2026-01-22 13:58:00 [INFO]  V4 Training | Using Simple Feature-level Server.
2026-01-22 13:58:25 [INFO]  The test accuracy of OursV4+SimpleFeatureServer: 0.5202059004302397
2026-01-22 13:58:25 [INFO]  Save config to ./checkpoints/SVHN_alpha0.05/baselines_OursV4+SimpleFeatureServer_SVHN_results.yaml
2026-01-22 13:58:25 [INFO]  Round 46 starts--------|
2026-01-22 13:58:25 [INFO]  Client 0 Starts Local Trainning--------|
2026-01-22 13:58:45 [INFO]  Epoch 46 loss: 66.1023941040039; train accuracy: 0.6231412639405205; test accuracy: 0.11328365089121081
2026-01-22 13:58:45 [INFO]  Client 1 Starts Local Trainning--------|
2026-01-22 13:59:54 [INFO]  Epoch 46 loss: 269.57162857055664; train accuracy: 0.9899427938734083; test accuracy: 0.23206054087277198
2026-01-22 13:59:54 [INFO]  Client 2 Starts Local Trainning--------|
2026-01-22 14:01:16 [INFO]  Epoch 46 loss: 279.7472906112671; train accuracy: 0.9589052561098091; test accuracy: 0.23697756607252612
2026-01-22 14:01:16 [INFO]  Client 3 Starts Local Trainning--------|
2026-01-22 14:04:10 [INFO]  Epoch 46 loss: 619.0702557563782; train accuracy: 0.9594366197183098; test accuracy: 0.46903810694529807
2026-01-22 14:04:10 [INFO]  Client 4 Starts Local Trainning--------|
2026-01-22 14:06:08 [INFO]  Epoch 46 loss: 457.64688777923584; train accuracy: 0.96164466087655; test accuracy: 0.3670098340503995
2026-01-22 14:06:08 [INFO]  Round 46 Finish--------|
2026-01-22 14:06:08 [INFO]  Model variance: mean: 0.004639763850718737, sum: 51844.49609375
2026-01-22 14:06:08 [INFO]  g_protos_std (global internal): 1.003845
2026-01-22 14:06:08 [INFO]  inter_client_proto_std (cross-client): 0.023640
2026-01-22 14:06:08 [INFO]  g_protos_std (global internal): 1.003845
2026-01-22 14:06:08 [INFO]  inter_client_proto_std (cross-client): 0.023640
2026-01-22 14:06:08 [INFO]  V4 Training | Using Simple Feature-level Server.
2026-01-22 14:06:25 [INFO]  The test accuracy of OursV4+SimpleFeatureServer: 0.5369161032575291
2026-01-22 14:06:25 [INFO]  Save config to ./checkpoints/SVHN_alpha0.05/baselines_OursV4+SimpleFeatureServer_SVHN_results.yaml
2026-01-22 14:06:25 [INFO]  Round 47 starts--------|
2026-01-22 14:06:25 [INFO]  Client 0 Starts Local Trainning--------|
2026-01-22 14:06:42 [INFO]  Epoch 47 loss: 66.58495998382568; train accuracy: 0.6013011152416357; test accuracy: 0.11827750460971112
2026-01-22 14:06:42 [INFO]  Client 1 Starts Local Trainning--------|
2026-01-22 14:07:37 [INFO]  Epoch 47 loss: 269.31429147720337; train accuracy: 0.9888355785200221; test accuracy: 0.2171558082360172
2026-01-22 14:07:37 [INFO]  Client 2 Starts Local Trainning--------|
2026-01-22 14:08:46 [INFO]  Epoch 47 loss: 280.48251390457153; train accuracy: 0.9634248409775694; test accuracy: 0.2715888137676706
2026-01-22 14:08:46 [INFO]  Client 3 Starts Local Trainning--------|
2026-01-22 14:11:26 [INFO]  Epoch 47 loss: 618.037055015564; train accuracy: 0.9608450704225352; test accuracy: 0.46946066379840196
2026-01-22 14:11:26 [INFO]  Client 4 Starts Local Trainning--------|
2026-01-22 14:13:04 [INFO]  Epoch 47 loss: 458.4351234436035; train accuracy: 0.9622471007580702; test accuracy: 0.3664336201598033
2026-01-22 14:13:04 [INFO]  Round 47 Finish--------|
2026-01-22 14:13:04 [INFO]  Model variance: mean: 0.0046898541040718555, sum: 52404.203125
2026-01-22 14:13:04 [INFO]  g_protos_std (global internal): 1.003856
2026-01-22 14:13:04 [INFO]  inter_client_proto_std (cross-client): 0.023748
2026-01-22 14:13:04 [INFO]  g_protos_std (global internal): 1.003856
2026-01-22 14:13:04 [INFO]  inter_client_proto_std (cross-client): 0.023748
2026-01-22 14:13:04 [INFO]  V4 Training | Using Simple Feature-level Server.
2026-01-22 14:13:18 [INFO]  The test accuracy of OursV4+SimpleFeatureServer: 0.5245851259987707
2026-01-22 14:13:18 [INFO]  Save config to ./checkpoints/SVHN_alpha0.05/baselines_OursV4+SimpleFeatureServer_SVHN_results.yaml
2026-01-22 14:13:18 [INFO]  Round 48 starts--------|
2026-01-22 14:13:18 [INFO]  Client 0 Starts Local Trainning--------|
2026-01-22 14:13:35 [INFO]  Epoch 48 loss: 65.92246150970459; train accuracy: 0.6547397769516728; test accuracy: 0.1329901659496005
2026-01-22 14:13:35 [INFO]  Client 1 Starts Local Trainning--------|
2026-01-22 14:14:34 [INFO]  Epoch 48 loss: 269.00499200820923; train accuracy: 0.9916958848496032; test accuracy: 0.23943607867240319
2026-01-22 14:14:34 [INFO]  Client 2 Starts Local Trainning--------|
2026-01-22 14:15:37 [INFO]  Epoch 48 loss: 280.2910280227661; train accuracy: 0.9471041178439906; test accuracy: 0.22284111862323294
2026-01-22 14:15:37 [INFO]  Client 3 Starts Local Trainning--------|
2026-01-22 14:17:57 [INFO]  Epoch 48 loss: 616.5829720497131; train accuracy: 0.9628873239436619; test accuracy: 0.47238014751075597
2026-01-22 14:17:57 [INFO]  Client 4 Starts Local Trainning--------|
2026-01-22 14:19:41 [INFO]  Epoch 48 loss: 456.5615339279175; train accuracy: 0.9555700587378885; test accuracy: 0.36770129071911495
2026-01-22 14:19:41 [INFO]  Round 48 Finish--------|
2026-01-22 14:19:41 [INFO]  Model variance: mean: 0.004738990683108568, sum: 52953.25390625
2026-01-22 14:19:41 [INFO]  g_protos_std (global internal): 1.003874
2026-01-22 14:19:41 [INFO]  inter_client_proto_std (cross-client): 0.023958
2026-01-22 14:19:41 [INFO]  g_protos_std (global internal): 1.003874
2026-01-22 14:19:41 [INFO]  inter_client_proto_std (cross-client): 0.023958
2026-01-22 14:19:41 [INFO]  V4 Training | Using Simple Feature-level Server.
2026-01-22 14:19:56 [INFO]  The test accuracy of OursV4+SimpleFeatureServer: 0.53779963122311
2026-01-22 14:19:56 [INFO]  Save config to ./checkpoints/SVHN_alpha0.05/baselines_OursV4+SimpleFeatureServer_SVHN_results.yaml
2026-01-22 14:19:56 [INFO]  Round 49 starts--------|
2026-01-22 14:19:56 [INFO]  Client 0 Starts Local Trainning--------|
2026-01-22 14:20:12 [INFO]  Epoch 49 loss: 65.39270305633545; train accuracy: 0.7086431226765799; test accuracy: 0.12884142593730794
2026-01-22 14:20:12 [INFO]  Client 1 Starts Local Trainning--------|
2026-01-22 14:21:08 [INFO]  Epoch 49 loss: 268.7298216819763; train accuracy: 0.9900350618195239; test accuracy: 0.2186539643515673
2026-01-22 14:21:08 [INFO]  Client 2 Starts Local Trainning--------|
2026-01-22 14:22:10 [INFO]  Epoch 49 loss: 279.95304918289185; train accuracy: 0.9693672581185135; test accuracy: 0.25530116779348494
2026-01-22 14:22:10 [INFO]  Client 3 Starts Local Trainning--------|
2026-01-22 14:24:26 [INFO]  Epoch 49 loss: 618.97221326828; train accuracy: 0.9636619718309859; test accuracy: 0.47045943454210204
2026-01-22 14:24:26 [INFO]  Client 4 Starts Local Trainning--------|
2026-01-22 14:26:08 [INFO]  Epoch 49 loss: 457.73812437057495; train accuracy: 0.9404588583764245; test accuracy: 0.36820067609096496
2026-01-22 14:26:08 [INFO]  Round 49 Finish--------|
2026-01-22 14:26:08 [INFO]  Model variance: mean: 0.004787627607584, sum: 53496.71875
2026-01-22 14:26:08 [INFO]  g_protos_std (global internal): 1.003877
2026-01-22 14:26:08 [INFO]  inter_client_proto_std (cross-client): 0.024132
2026-01-22 14:26:08 [INFO]  g_protos_std (global internal): 1.003877
2026-01-22 14:26:08 [INFO]  inter_client_proto_std (cross-client): 0.024132
2026-01-22 14:26:08 [INFO]  V4 Training | Using Simple Feature-level Server.
2026-01-22 14:26:23 [INFO]  The test accuracy of OursV4+SimpleFeatureServer: 0.536339889366933
2026-01-22 14:26:23 [INFO]  Save config to ./checkpoints/SVHN_alpha0.05/baselines_OursV4+SimpleFeatureServer_SVHN_results.yaml
