2026-01-22 09:52:35 [INFO]  Load config from configs/SVHN_alpha0.05_seed350234.yaml
2026-01-22 09:52:35 [INFO]  config: {'exp_name': 'SVHN_alpha0.05', 'dataset': {'data_name': 'SVHN', 'root_path': '~/datasets/', 'train_batch_size': 256, 'test_batch_size': 256, 'channels': 3, 'num_classes': 10, 'image_size': 32, 'aux_data_name': 'SVHN', 'aux_root_path': '~/datasets/', 'aux_split': 'test'}, 'distribution': {'type': 'dirichlet', 'label_num_per_client': 2, 'alpha': 0.05}, 'client': {'num_clients': 5}, 'server': {'num_rounds': 50, 'frac_clients': 1.0, 'lr': 0.05, 'local_epochs': 1, 'optimizer': 'sgd', 'momentum': 0.9, 'weight_decay': 0.0001, 'loss_name': 'ce', 'model_name': 'resnet18', 'aggregated_by_datasize': True, 'lr_decay_per_round': 0.998}, 'device': 'cuda:0', 'checkpoint': {'save_path': './checkpoints/', 'save_freq': 5, 'result_file': 'SVHN_results.yaml'}, 'pretrain': {'lr': 0.01, 'epoch': 70, 'model_path': './pretrain/', 'momentum': 0.9, 'weight_decay': 0.0001, 'model_name': 'resnet18', 'model_file_name': 'resnet18-f37072fd.pth'}, 'DBCD': {'alpha_l_pa': 1, 'alpha_l_pb': 1, 'alpha_l_pc': 0.0, 'Beta_alpha': 0.2, 'unsup_method': 'infonce', 'contrastive_temperature': 0.5, 'encoder_epoch': 40, 'projector_epoch': 10, 'use_pretrain': False, 'aug_batch_size': 512, 'encoder_lr': 0.03, 'cls_optimizer': 'sgd', 'cls_lr': 0.05, 'supcon_temp': 0.07, 'super_gr': 100, 'aux_with_public': True}, 'etf': {'loss_name': 'ce'}, 'visualization': {'interval': 5, 'save_path': 'visualization/resnet18', 'vis_size': 16}, 'resume': True, 'resume_best': False, 'seed': 350234, 'lambda_align_initial': 10.0, 'v9_config': {'use_adaptive_lambda': True, 'lambda_min': 0.1, 'lambda_max': 20.0, 'use_server_optimization': False, 'server_lr': 0.001, 'server_epochs': 20, 'gamma_etf_reg': 0.1}, 'v10_config': {'use_uncertainty_weighting': True, 'sigma_lr': 0.005}}
2026-01-22 09:52:39 [INFO]  Dataset SVHN loaded
2026-01-22 09:52:39 [INFO]  Dataset index dict loaded from preprocessed_data/SVHN.pt
2026-01-22 09:52:39 [INFO]  Data distribution generated correctly using the corrected dirichlet function.
2026-01-22 09:52:39 [INFO]  Total assigned samples: 73257
2026-01-22 09:52:40 [INFO]  OneshotOurs
2026-01-22 09:52:41 [INFO]  Round 0 starts--------|
2026-01-22 09:52:41 [INFO]  Client 0 Starts Local Trainning--------|
2026-01-22 09:52:50 [INFO]  generating sample per sample
2026-01-22 09:54:51 [INFO]  Epoch 0 loss: 882.4254770278931; train accuracy: 0.7217103368845379; test accuracy: 0.29371542716656424
2026-01-22 09:54:52 [INFO]  Save the model in ./checkpoints/SVHN_alpha0.05/local_models/client_0/epoch_0.pth
2026-01-22 09:54:52 [INFO]  Client 1 Starts Local Trainning--------|
2026-01-22 09:54:53 [INFO]  generating sample per sample
2026-01-22 09:55:11 [INFO]  Epoch 0 loss: 105.8344030380249; train accuracy: 0.9270863001993734; test accuracy: 0.07594499078057775
2026-01-22 09:55:12 [INFO]  Save the model in ./checkpoints/SVHN_alpha0.05/local_models/client_1/epoch_0.pth
2026-01-22 09:55:12 [INFO]  Client 2 Starts Local Trainning--------|
2026-01-22 09:55:15 [INFO]  generating sample per sample
2026-01-22 09:55:58 [INFO]  Epoch 0 loss: 296.64251804351807; train accuracy: 0.8809299403078856; test accuracy: 0.1107098955132145
2026-01-22 09:55:58 [INFO]  Save the model in ./checkpoints/SVHN_alpha0.05/local_models/client_2/epoch_0.pth
2026-01-22 09:55:58 [INFO]  Client 3 Starts Local Trainning--------|
2026-01-22 09:56:07 [INFO]  generating sample per sample
2026-01-22 09:57:29 [INFO]  Epoch 0 loss: 810.7159380912781; train accuracy: 0.42315421581476625; test accuracy: 0.13471880762138905
2026-01-22 09:57:29 [INFO]  Save the model in ./checkpoints/SVHN_alpha0.05/local_models/client_3/epoch_0.pth
2026-01-22 09:57:29 [INFO]  Client 4 Starts Local Trainning--------|
2026-01-22 09:57:33 [INFO]  generating sample per sample
2026-01-22 09:58:09 [INFO]  Epoch 0 loss: 319.4986562728882; train accuracy: 0.5078231649690224; test accuracy: 0.06757068223724647
2026-01-22 09:58:10 [INFO]  Save the model in ./checkpoints/SVHN_alpha0.05/local_models/client_4/epoch_0.pth
2026-01-22 09:58:10 [INFO]  Round 0 Finish--------|
2026-01-22 09:58:10 [INFO]  Model variance: mean: 0.0007369945524260402, sum: 8235.1416015625
2026-01-22 09:58:10 [INFO]  g_protos_std (global internal): 0.998592
2026-01-22 09:58:10 [INFO]  inter_client_proto_std (cross-client): 0.007768
2026-01-22 09:58:10 [INFO]  g_protos_std (global internal): 0.998592
2026-01-22 09:58:10 [INFO]  inter_client_proto_std (cross-client): 0.007768
2026-01-22 09:58:10 [INFO]  V4 Training | Using Simple Feature-level Server.
2026-01-22 09:58:21 [INFO]  The test accuracy of OursV4+SimpleFeatureServer: 0.28787645974185616
2026-01-22 09:58:21 [INFO]  Save config to ./checkpoints/SVHN_alpha0.05/baselines_OursV4+SimpleFeatureServer_SVHN_results.yaml
2026-01-22 09:58:21 [INFO]  Round 1 starts--------|
2026-01-22 09:58:21 [INFO]  Client 0 Starts Local Trainning--------|
2026-01-22 09:59:55 [INFO]  Epoch 1 loss: 785.1099119186401; train accuracy: 0.7989130434782609; test accuracy: 0.3348955132145052
2026-01-22 09:59:55 [INFO]  Client 1 Starts Local Trainning--------|
2026-01-22 10:00:12 [INFO]  Epoch 1 loss: 97.10876846313477; train accuracy: 0.9270863001993734; test accuracy: 0.07594499078057775
2026-01-22 10:00:12 [INFO]  Client 2 Starts Local Trainning--------|
2026-01-22 10:00:46 [INFO]  Epoch 1 loss: 266.284809589386; train accuracy: 0.8809299403078856; test accuracy: 0.1107098955132145
2026-01-22 10:00:46 [INFO]  Client 3 Starts Local Trainning--------|
2026-01-22 10:02:11 [INFO]  Epoch 1 loss: 692.0828485488892; train accuracy: 0.7051987767584098; test accuracy: 0.23317455439459128
2026-01-22 10:02:11 [INFO]  Client 4 Starts Local Trainning--------|
2026-01-22 10:02:52 [INFO]  Epoch 1 loss: 280.7244863510132; train accuracy: 0.5626378242150583; test accuracy: 0.07652120467117395
2026-01-22 10:02:52 [INFO]  Round 1 Finish--------|
2026-01-22 10:02:52 [INFO]  Model variance: mean: 0.0009931445820257068, sum: 11097.349609375
2026-01-22 10:02:52 [INFO]  g_protos_std (global internal): 0.998626
2026-01-22 10:02:52 [INFO]  inter_client_proto_std (cross-client): 0.008816
2026-01-22 10:02:52 [INFO]  g_protos_std (global internal): 0.998626
2026-01-22 10:02:52 [INFO]  inter_client_proto_std (cross-client): 0.008816
2026-01-22 10:02:52 [INFO]  V4 Training | Using Simple Feature-level Server.
2026-01-22 10:03:03 [INFO]  The test accuracy of OursV4+SimpleFeatureServer: 0.44721880762138905
2026-01-22 10:03:03 [INFO]  Save config to ./checkpoints/SVHN_alpha0.05/baselines_OursV4+SimpleFeatureServer_SVHN_results.yaml
2026-01-22 10:03:03 [INFO]  Round 2 starts--------|
2026-01-22 10:03:03 [INFO]  Client 0 Starts Local Trainning--------|
2026-01-22 10:04:43 [INFO]  Epoch 2 loss: 749.9391531944275; train accuracy: 0.8841059602649006; test accuracy: 0.39378457283343576
2026-01-22 10:04:43 [INFO]  Client 1 Starts Local Trainning--------|
2026-01-22 10:05:01 [INFO]  Epoch 2 loss: 96.3468246459961; train accuracy: 0.9270863001993734; test accuracy: 0.07594499078057775
2026-01-22 10:05:01 [INFO]  Client 2 Starts Local Trainning--------|
2026-01-22 10:05:40 [INFO]  Epoch 2 loss: 264.04971742630005; train accuracy: 0.8809299403078856; test accuracy: 0.1107098955132145
2026-01-22 10:05:40 [INFO]  Client 3 Starts Local Trainning--------|
2026-01-22 10:07:08 [INFO]  Epoch 2 loss: 635.837474822998; train accuracy: 0.7005679335954565; test accuracy: 0.2240319606637984
2026-01-22 10:07:08 [INFO]  Client 4 Starts Local Trainning--------|
2026-01-22 10:07:45 [INFO]  Epoch 2 loss: 266.5592551231384; train accuracy: 0.6751023837026148; test accuracy: 0.07932544560540873
2026-01-22 10:07:45 [INFO]  Round 2 Finish--------|
2026-01-22 10:07:45 [INFO]  Model variance: mean: 0.0012136303121224046, sum: 13561.046875
2026-01-22 10:07:45 [INFO]  g_protos_std (global internal): 0.998658
2026-01-22 10:07:45 [INFO]  inter_client_proto_std (cross-client): 0.009690
2026-01-22 10:07:45 [INFO]  g_protos_std (global internal): 0.998658
2026-01-22 10:07:45 [INFO]  inter_client_proto_std (cross-client): 0.009690
2026-01-22 10:07:45 [INFO]  V4 Training | Using Simple Feature-level Server.
2026-01-22 10:07:57 [INFO]  The test accuracy of OursV4+SimpleFeatureServer: 0.5050706822372465
2026-01-22 10:07:57 [INFO]  Save config to ./checkpoints/SVHN_alpha0.05/baselines_OursV4+SimpleFeatureServer_SVHN_results.yaml
2026-01-22 10:07:57 [INFO]  Round 3 starts--------|
2026-01-22 10:07:57 [INFO]  Client 0 Starts Local Trainning--------|
2026-01-22 10:09:39 [INFO]  Epoch 3 loss: 723.0092277526855; train accuracy: 0.8880650734235531; test accuracy: 0.428779963122311
2026-01-22 10:09:39 [INFO]  Client 1 Starts Local Trainning--------|
2026-01-22 10:09:57 [INFO]  Epoch 3 loss: 96.35795640945435; train accuracy: 0.9270863001993734; test accuracy: 0.07594499078057775
2026-01-22 10:09:57 [INFO]  Client 2 Starts Local Trainning--------|
2026-01-22 10:10:35 [INFO]  Epoch 3 loss: 262.17792654037476; train accuracy: 0.8809299403078856; test accuracy: 0.11082513829133374
2026-01-22 10:10:35 [INFO]  Client 3 Starts Local Trainning--------|
2026-01-22 10:11:59 [INFO]  Epoch 3 loss: 599.7337856292725; train accuracy: 0.8372651813018785; test accuracy: 0.27881069452980944
2026-01-22 10:11:59 [INFO]  Client 4 Starts Local Trainning--------|
2026-01-22 10:12:37 [INFO]  Epoch 3 loss: 260.90686988830566; train accuracy: 0.6991494277013546; test accuracy: 0.08228334357713583
2026-01-22 10:12:37 [INFO]  Round 3 Finish--------|
2026-01-22 10:12:37 [INFO]  Model variance: mean: 0.0013991366140544415, sum: 15633.884765625
2026-01-22 10:12:37 [INFO]  g_protos_std (global internal): 0.998690
2026-01-22 10:12:37 [INFO]  inter_client_proto_std (cross-client): 0.010461
2026-01-22 10:12:37 [INFO]  g_protos_std (global internal): 0.998690
2026-01-22 10:12:37 [INFO]  inter_client_proto_std (cross-client): 0.010461
2026-01-22 10:12:37 [INFO]  V4 Training | Using Simple Feature-level Server.
2026-01-22 10:12:49 [INFO]  The test accuracy of OursV4+SimpleFeatureServer: 0.5477873386601106
2026-01-22 10:12:49 [INFO]  Save config to ./checkpoints/SVHN_alpha0.05/baselines_OursV4+SimpleFeatureServer_SVHN_results.yaml
2026-01-22 10:12:49 [INFO]  Round 4 starts--------|
2026-01-22 10:12:49 [INFO]  Client 0 Starts Local Trainning--------|
2026-01-22 10:14:32 [INFO]  Epoch 4 loss: 710.8048343658447; train accuracy: 0.8821983875611863; test accuracy: 0.4096880762138906
2026-01-22 10:14:32 [INFO]  Client 1 Starts Local Trainning--------|
2026-01-22 10:14:50 [INFO]  Epoch 4 loss: 96.23539638519287; train accuracy: 0.9270863001993734; test accuracy: 0.07594499078057775
2026-01-22 10:14:50 [INFO]  Client 2 Starts Local Trainning--------|
2026-01-22 10:15:29 [INFO]  Epoch 4 loss: 260.8022575378418; train accuracy: 0.8810346633155304; test accuracy: 0.11094038106945298
2026-01-22 10:15:29 [INFO]  Client 3 Starts Local Trainning--------|
2026-01-22 10:16:56 [INFO]  Epoch 4 loss: 581.7520618438721; train accuracy: 0.8929226736566186; test accuracy: 0.2966733251382913
2026-01-22 10:16:56 [INFO]  Client 4 Starts Local Trainning--------|
2026-01-22 10:17:36 [INFO]  Epoch 4 loss: 255.5553708076477; train accuracy: 0.7420980783366586; test accuracy: 0.10006914566687154
2026-01-22 10:17:36 [INFO]  Round 4 Finish--------|
2026-01-22 10:17:36 [INFO]  Model variance: mean: 0.001561169745400548, sum: 17444.435546875
2026-01-22 10:17:36 [INFO]  g_protos_std (global internal): 0.998707
2026-01-22 10:17:36 [INFO]  inter_client_proto_std (cross-client): 0.011109
2026-01-22 10:17:36 [INFO]  g_protos_std (global internal): 0.998707
2026-01-22 10:17:36 [INFO]  inter_client_proto_std (cross-client): 0.011109
2026-01-22 10:17:36 [INFO]  V4 Training | Using Simple Feature-level Server.
2026-01-22 10:17:48 [INFO]  The test accuracy of OursV4+SimpleFeatureServer: 0.5595421020282729
2026-01-22 10:17:48 [INFO]  Save config to ./checkpoints/SVHN_alpha0.05/baselines_OursV4+SimpleFeatureServer_SVHN_results.yaml
2026-01-22 10:17:48 [INFO]  Round 5 starts--------|
2026-01-22 10:17:48 [INFO]  Client 0 Starts Local Trainning--------|
2026-01-22 10:19:33 [INFO]  Epoch 5 loss: 701.0115699768066; train accuracy: 0.9254966887417219; test accuracy: 0.4584741856177013
2026-01-22 10:19:33 [INFO]  Save the model in ./checkpoints/SVHN_alpha0.05/local_models/client_0/epoch_5.pth
2026-01-22 10:19:33 [INFO]  Client 1 Starts Local Trainning--------|
2026-01-22 10:19:50 [INFO]  Epoch 5 loss: 96.06271982192993; train accuracy: 0.9270863001993734; test accuracy: 0.07594499078057775
2026-01-22 10:19:51 [INFO]  Save the model in ./checkpoints/SVHN_alpha0.05/local_models/client_1/epoch_5.pth
2026-01-22 10:19:51 [INFO]  Client 2 Starts Local Trainning--------|
2026-01-22 10:20:30 [INFO]  Epoch 5 loss: 259.2337079048157; train accuracy: 0.8853283066289663; test accuracy: 0.11512753534111862
2026-01-22 10:20:31 [INFO]  Save the model in ./checkpoints/SVHN_alpha0.05/local_models/client_2/epoch_5.pth
2026-01-22 10:20:31 [INFO]  Client 3 Starts Local Trainning--------|
2026-01-22 10:21:58 [INFO]  Epoch 5 loss: 570.3161606788635; train accuracy: 0.827566622979467; test accuracy: 0.27247234173325136
2026-01-22 10:21:58 [INFO]  Save the model in ./checkpoints/SVHN_alpha0.05/local_models/client_3/epoch_5.pth
2026-01-22 10:21:58 [INFO]  Client 4 Starts Local Trainning--------|
2026-01-22 10:22:38 [INFO]  Epoch 5 loss: 251.30041933059692; train accuracy: 0.8583429591515279; test accuracy: 0.10291180086047941
2026-01-22 10:22:38 [INFO]  Save the model in ./checkpoints/SVHN_alpha0.05/local_models/client_4/epoch_5.pth
2026-01-22 10:22:38 [INFO]  Round 5 Finish--------|
2026-01-22 10:22:38 [INFO]  Model variance: mean: 0.0017103297868743539, sum: 19111.142578125
2026-01-22 10:22:38 [INFO]  g_protos_std (global internal): 0.998734
2026-01-22 10:22:38 [INFO]  inter_client_proto_std (cross-client): 0.011753
2026-01-22 10:22:38 [INFO]  g_protos_std (global internal): 0.998734
2026-01-22 10:22:38 [INFO]  inter_client_proto_std (cross-client): 0.011753
2026-01-22 10:22:38 [INFO]  V4 Training | Using Simple Feature-level Server.
2026-01-22 10:22:50 [INFO]  The test accuracy of OursV4+SimpleFeatureServer: 0.6039105716041795
2026-01-22 10:22:50 [INFO]  Save config to ./checkpoints/SVHN_alpha0.05/baselines_OursV4+SimpleFeatureServer_SVHN_results.yaml
2026-01-22 10:22:50 [INFO]  Round 6 starts--------|
2026-01-22 10:22:50 [INFO]  Client 0 Starts Local Trainning--------|
2026-01-22 10:24:41 [INFO]  Epoch 6 loss: 693.1740832328796; train accuracy: 0.9124676072559746; test accuracy: 0.43661647203441917
2026-01-22 10:24:41 [INFO]  Client 1 Starts Local Trainning--------|
2026-01-22 10:25:00 [INFO]  Epoch 6 loss: 95.69690895080566; train accuracy: 0.9114212475078325; test accuracy: 0.07821143208358942
2026-01-22 10:25:00 [INFO]  Client 2 Starts Local Trainning--------|
2026-01-22 10:25:42 [INFO]  Epoch 6 loss: 257.5978078842163; train accuracy: 0.8808252173002409; test accuracy: 0.11086355255070682
2026-01-22 10:25:42 [INFO]  Client 3 Starts Local Trainning--------|
2026-01-22 10:27:16 [INFO]  Epoch 6 loss: 564.2083606719971; train accuracy: 0.9109217999126256; test accuracy: 0.3011677934849416
2026-01-22 10:27:16 [INFO]  Client 4 Starts Local Trainning--------|
2026-01-22 10:27:59 [INFO]  Epoch 6 loss: 248.65276622772217; train accuracy: 0.8388112989604116; test accuracy: 0.09980024585125999
2026-01-22 10:27:59 [INFO]  Round 6 Finish--------|
2026-01-22 10:27:59 [INFO]  Model variance: mean: 0.0018476162804290652, sum: 20645.17578125
2026-01-22 10:27:59 [INFO]  g_protos_std (global internal): 0.998750
2026-01-22 10:27:59 [INFO]  inter_client_proto_std (cross-client): 0.012322
2026-01-22 10:27:59 [INFO]  g_protos_std (global internal): 0.998750
2026-01-22 10:27:59 [INFO]  inter_client_proto_std (cross-client): 0.012322
2026-01-22 10:27:59 [INFO]  V4 Training | Using Simple Feature-level Server.
2026-01-22 10:28:11 [INFO]  The test accuracy of OursV4+SimpleFeatureServer: 0.5959204056545789
2026-01-22 10:28:11 [INFO]  Save config to ./checkpoints/SVHN_alpha0.05/baselines_OursV4+SimpleFeatureServer_SVHN_results.yaml
2026-01-22 10:28:11 [INFO]  Round 7 starts--------|
2026-01-22 10:28:11 [INFO]  Client 0 Starts Local Trainning--------|
2026-01-22 10:30:02 [INFO]  Epoch 7 loss: 690.5068693161011; train accuracy: 0.9141952202706594; test accuracy: 0.480139827904118
2026-01-22 10:30:02 [INFO]  Client 1 Starts Local Trainning--------|
2026-01-22 10:30:21 [INFO]  Epoch 7 loss: 95.78660583496094; train accuracy: 0.9270863001993734; test accuracy: 0.07594499078057775
2026-01-22 10:30:21 [INFO]  Client 2 Starts Local Trainning--------|
2026-01-22 10:31:05 [INFO]  Epoch 7 loss: 255.29813241958618; train accuracy: 0.897371452508116; test accuracy: 0.12580669944683467
2026-01-22 10:31:05 [INFO]  Client 3 Starts Local Trainning--------|
2026-01-22 10:32:36 [INFO]  Epoch 7 loss: 556.3522119522095; train accuracy: 0.916775884665793; test accuracy: 0.30424093423478793
2026-01-22 10:32:36 [INFO]  Client 4 Starts Local Trainning--------|
2026-01-22 10:33:19 [INFO]  Epoch 7 loss: 246.33724975585938; train accuracy: 0.8642234589940145; test accuracy: 0.11055623847572218
2026-01-22 10:33:19 [INFO]  Round 7 Finish--------|
2026-01-22 10:33:19 [INFO]  Model variance: mean: 0.001973816193640232, sum: 22055.328125
2026-01-22 10:33:19 [INFO]  g_protos_std (global internal): 0.998772
2026-01-22 10:33:19 [INFO]  inter_client_proto_std (cross-client): 0.012809
2026-01-22 10:33:19 [INFO]  g_protos_std (global internal): 0.998772
2026-01-22 10:33:19 [INFO]  inter_client_proto_std (cross-client): 0.012809
2026-01-22 10:33:19 [INFO]  V4 Training | Using Simple Feature-level Server.
2026-01-22 10:33:31 [INFO]  The test accuracy of OursV4+SimpleFeatureServer: 0.6017977873386601
2026-01-22 10:33:31 [INFO]  Save config to ./checkpoints/SVHN_alpha0.05/baselines_OursV4+SimpleFeatureServer_SVHN_results.yaml
2026-01-22 10:33:31 [INFO]  Round 8 starts--------|
2026-01-22 10:33:31 [INFO]  Client 0 Starts Local Trainning--------|
2026-01-22 10:35:21 [INFO]  Epoch 8 loss: 684.4540362358093; train accuracy: 0.9059170745752951; test accuracy: 0.4337354025814382
2026-01-22 10:35:21 [INFO]  Client 1 Starts Local Trainning--------|
2026-01-22 10:35:39 [INFO]  Epoch 8 loss: 95.58496904373169; train accuracy: 0.9270863001993734; test accuracy: 0.07594499078057775
2026-01-22 10:35:39 [INFO]  Client 2 Starts Local Trainning--------|
2026-01-22 10:36:18 [INFO]  Epoch 8 loss: 254.358802318573; train accuracy: 0.8988375746151429; test accuracy: 0.12242624462200369
2026-01-22 10:36:18 [INFO]  Client 3 Starts Local Trainning--------|
2026-01-22 10:37:53 [INFO]  Epoch 8 loss: 550.0891876220703; train accuracy: 0.9072083879423329; test accuracy: 0.2992470805162876
2026-01-22 10:37:53 [INFO]  Client 4 Starts Local Trainning--------|
2026-01-22 10:38:35 [INFO]  Epoch 8 loss: 244.32233810424805; train accuracy: 0.8324057544891316; test accuracy: 0.09707283343577136
2026-01-22 10:38:35 [INFO]  Round 8 Finish--------|
2026-01-22 10:38:35 [INFO]  Model variance: mean: 0.0020929917227476835, sum: 23386.98828125
2026-01-22 10:38:35 [INFO]  g_protos_std (global internal): 0.998787
2026-01-22 10:38:35 [INFO]  inter_client_proto_std (cross-client): 0.013266
2026-01-22 10:38:35 [INFO]  g_protos_std (global internal): 0.998787
2026-01-22 10:38:35 [INFO]  inter_client_proto_std (cross-client): 0.013266
2026-01-22 10:38:35 [INFO]  V4 Training | Using Simple Feature-level Server.
2026-01-22 10:38:47 [INFO]  The test accuracy of OursV4+SimpleFeatureServer: 0.5966502765826674
2026-01-22 10:38:47 [INFO]  Save config to ./checkpoints/SVHN_alpha0.05/baselines_OursV4+SimpleFeatureServer_SVHN_results.yaml
2026-01-22 10:38:47 [INFO]  Round 9 starts--------|
2026-01-22 10:38:47 [INFO]  Client 0 Starts Local Trainning--------|
2026-01-22 10:40:36 [INFO]  Epoch 9 loss: 678.306113243103; train accuracy: 0.9031456953642384; test accuracy: 0.4546711739397664
2026-01-22 10:40:36 [INFO]  Client 1 Starts Local Trainning--------|
2026-01-22 10:40:53 [INFO]  Epoch 9 loss: 95.43104648590088; train accuracy: 0.9270863001993734; test accuracy: 0.07594499078057775
2026-01-22 10:40:53 [INFO]  Client 2 Starts Local Trainning--------|
2026-01-22 10:41:29 [INFO]  Epoch 9 loss: 251.8459596633911; train accuracy: 0.9057492931196984; test accuracy: 0.1238859864781807
2026-01-22 10:41:29 [INFO]  Client 3 Starts Local Trainning--------|
2026-01-22 10:42:47 [INFO]  Epoch 9 loss: 546.0626878738403; train accuracy: 0.9295762341633901; test accuracy: 0.3076982175783651
2026-01-22 10:42:47 [INFO]  Client 4 Starts Local Trainning--------|
2026-01-22 10:43:24 [INFO]  Epoch 9 loss: 243.31664896011353; train accuracy: 0.837656200777066; test accuracy: 0.11055623847572218
2026-01-22 10:43:24 [INFO]  Round 9 Finish--------|
2026-01-22 10:43:24 [INFO]  Model variance: mean: 0.002204202814027667, sum: 24629.65625
2026-01-22 10:43:24 [INFO]  g_protos_std (global internal): 0.998804
2026-01-22 10:43:24 [INFO]  inter_client_proto_std (cross-client): 0.013641
2026-01-22 10:43:24 [INFO]  g_protos_std (global internal): 0.998804
2026-01-22 10:43:24 [INFO]  inter_client_proto_std (cross-client): 0.013641
2026-01-22 10:43:24 [INFO]  V4 Training | Using Simple Feature-level Server.
2026-01-22 10:43:36 [INFO]  The test accuracy of OursV4+SimpleFeatureServer: 0.6032575291948371
2026-01-22 10:43:36 [INFO]  Save config to ./checkpoints/SVHN_alpha0.05/baselines_OursV4+SimpleFeatureServer_SVHN_results.yaml
2026-01-22 10:43:36 [INFO]  Round 10 starts--------|
2026-01-22 10:43:36 [INFO]  Client 0 Starts Local Trainning--------|
2026-01-22 10:45:13 [INFO]  Epoch 10 loss: 676.927366733551; train accuracy: 0.9299236970918514; test accuracy: 0.49585125998770746
2026-01-22 10:45:13 [INFO]  Save the model in ./checkpoints/SVHN_alpha0.05/local_models/client_0/epoch_10.pth
2026-01-22 10:45:13 [INFO]  Client 1 Starts Local Trainning--------|
2026-01-22 10:45:31 [INFO]  Epoch 10 loss: 95.18984174728394; train accuracy: 0.9270863001993734; test accuracy: 0.07594499078057775
2026-01-22 10:45:31 [INFO]  Save the model in ./checkpoints/SVHN_alpha0.05/local_models/client_1/epoch_10.pth
2026-01-22 10:45:31 [INFO]  Client 2 Starts Local Trainning--------|
2026-01-22 10:46:09 [INFO]  Epoch 10 loss: 251.02879238128662; train accuracy: 0.9104618284637135; test accuracy: 0.12864935464044253
2026-01-22 10:46:09 [INFO]  Save the model in ./checkpoints/SVHN_alpha0.05/local_models/client_2/epoch_10.pth
2026-01-22 10:46:09 [INFO]  Client 3 Starts Local Trainning--------|
2026-01-22 10:47:30 [INFO]  Epoch 10 loss: 542.2013411521912; train accuracy: 0.8933595456531236; test accuracy: 0.2950983405039951
2026-01-22 10:47:30 [INFO]  Save the model in ./checkpoints/SVHN_alpha0.05/local_models/client_3/epoch_10.pth
2026-01-22 10:47:30 [INFO]  Client 4 Starts Local Trainning--------|
2026-01-22 10:48:07 [INFO]  Epoch 10 loss: 241.1286425590515; train accuracy: 0.8891105743988239; test accuracy: 0.10802089735709895
2026-01-22 10:48:08 [INFO]  Save the model in ./checkpoints/SVHN_alpha0.05/local_models/client_4/epoch_10.pth
2026-01-22 10:48:08 [INFO]  Round 10 Finish--------|
2026-01-22 10:48:08 [INFO]  Model variance: mean: 0.00231095845811069, sum: 25822.5390625
2026-01-22 10:48:08 [INFO]  g_protos_std (global internal): 0.998824
2026-01-22 10:48:08 [INFO]  inter_client_proto_std (cross-client): 0.014054
2026-01-22 10:48:08 [INFO]  g_protos_std (global internal): 0.998824
2026-01-22 10:48:08 [INFO]  inter_client_proto_std (cross-client): 0.014054
2026-01-22 10:48:08 [INFO]  V4 Training | Using Simple Feature-level Server.
2026-01-22 10:48:19 [INFO]  The test accuracy of OursV4+SimpleFeatureServer: 0.6271127842655193
2026-01-22 10:48:19 [INFO]  Save config to ./checkpoints/SVHN_alpha0.05/baselines_OursV4+SimpleFeatureServer_SVHN_results.yaml
2026-01-22 10:48:19 [INFO]  Round 11 starts--------|
2026-01-22 10:48:19 [INFO]  Client 0 Starts Local Trainning--------|
2026-01-22 10:49:57 [INFO]  Epoch 11 loss: 673.1988883018494; train accuracy: 0.9385977541030809; test accuracy: 0.5001920712968654
2026-01-22 10:49:57 [INFO]  Client 1 Starts Local Trainning--------|
2026-01-22 10:50:13 [INFO]  Epoch 11 loss: 95.14044189453125; train accuracy: 0.9270863001993734; test accuracy: 0.07594499078057775
2026-01-22 10:50:13 [INFO]  Client 2 Starts Local Trainning--------|
2026-01-22 10:50:50 [INFO]  Epoch 11 loss: 249.75787687301636; train accuracy: 0.9071106922190806; test accuracy: 0.128879840196681
2026-01-22 10:50:50 [INFO]  Client 3 Starts Local Trainning--------|
2026-01-22 10:52:14 [INFO]  Epoch 11 loss: 539.9083361625671; train accuracy: 0.9335954565312363; test accuracy: 0.3082744314689613
2026-01-22 10:52:14 [INFO]  Client 4 Starts Local Trainning--------|
2026-01-22 10:52:49 [INFO]  Epoch 11 loss: 240.36160564422607; train accuracy: 0.8914207707655151; test accuracy: 0.11232329440688384
2026-01-22 10:52:49 [INFO]  Round 11 Finish--------|
2026-01-22 10:52:49 [INFO]  Model variance: mean: 0.002414418151602149, sum: 26978.591796875
2026-01-22 10:52:49 [INFO]  g_protos_std (global internal): 0.998841
2026-01-22 10:52:49 [INFO]  inter_client_proto_std (cross-client): 0.014449
2026-01-22 10:52:49 [INFO]  g_protos_std (global internal): 0.998841
2026-01-22 10:52:49 [INFO]  inter_client_proto_std (cross-client): 0.014449
2026-01-22 10:52:49 [INFO]  V4 Training | Using Simple Feature-level Server.
2026-01-22 10:53:01 [INFO]  The test accuracy of OursV4+SimpleFeatureServer: 0.6415565457897972
2026-01-22 10:53:01 [INFO]  Save config to ./checkpoints/SVHN_alpha0.05/baselines_OursV4+SimpleFeatureServer_SVHN_results.yaml
2026-01-22 10:53:01 [INFO]  Round 12 starts--------|
2026-01-22 10:53:01 [INFO]  Client 0 Starts Local Trainning--------|
2026-01-22 10:54:42 [INFO]  Epoch 12 loss: 672.3297762870789; train accuracy: 0.950079182263173; test accuracy: 0.5101029502151199
2026-01-22 10:54:42 [INFO]  Client 1 Starts Local Trainning--------|
2026-01-22 10:55:00 [INFO]  Epoch 12 loss: 94.89414072036743; train accuracy: 0.9270863001993734; test accuracy: 0.07594499078057775
2026-01-22 10:55:00 [INFO]  Client 2 Starts Local Trainning--------|
2026-01-22 10:55:40 [INFO]  Epoch 12 loss: 248.42794942855835; train accuracy: 0.9097287674102; test accuracy: 0.12968653964351567
2026-01-22 10:55:40 [INFO]  Client 3 Starts Local Trainning--------|
2026-01-22 10:57:02 [INFO]  Epoch 12 loss: 537.5749263763428; train accuracy: 0.927217125382263; test accuracy: 0.305739090350338
2026-01-22 10:57:02 [INFO]  Client 4 Starts Local Trainning--------|
2026-01-22 10:57:41 [INFO]  Epoch 12 loss: 238.70571041107178; train accuracy: 0.8948860653155518; test accuracy: 0.10525507068223725
2026-01-22 10:57:41 [INFO]  Round 12 Finish--------|
2026-01-22 10:57:41 [INFO]  Model variance: mean: 0.0025126084219664335, sum: 28075.765625
2026-01-22 10:57:41 [INFO]  g_protos_std (global internal): 0.998851
2026-01-22 10:57:41 [INFO]  inter_client_proto_std (cross-client): 0.014781
2026-01-22 10:57:41 [INFO]  g_protos_std (global internal): 0.998851
2026-01-22 10:57:41 [INFO]  inter_client_proto_std (cross-client): 0.014781
2026-01-22 10:57:41 [INFO]  V4 Training | Using Simple Feature-level Server.
2026-01-22 10:57:53 [INFO]  The test accuracy of OursV4+SimpleFeatureServer: 0.6504302397049785
2026-01-22 10:57:53 [INFO]  Save config to ./checkpoints/SVHN_alpha0.05/baselines_OursV4+SimpleFeatureServer_SVHN_results.yaml
2026-01-22 10:57:53 [INFO]  Round 13 starts--------|
2026-01-22 10:57:53 [INFO]  Client 0 Starts Local Trainning--------|
2026-01-22 10:59:34 [INFO]  Epoch 13 loss: 669.8427181243896; train accuracy: 0.9303915922833286; test accuracy: 0.45447910264290103
2026-01-22 10:59:34 [INFO]  Client 1 Starts Local Trainning--------|
2026-01-22 10:59:51 [INFO]  Epoch 13 loss: 94.61771488189697; train accuracy: 0.9270863001993734; test accuracy: 0.07594499078057775
2026-01-22 10:59:51 [INFO]  Client 2 Starts Local Trainning--------|
2026-01-22 11:00:29 [INFO]  Epoch 13 loss: 247.34878730773926; train accuracy: 0.9338150591684993; test accuracy: 0.1470497848801475
2026-01-22 11:00:29 [INFO]  Client 3 Starts Local Trainning--------|
2026-01-22 11:01:59 [INFO]  Epoch 13 loss: 534.4806394577026; train accuracy: 0.9371778069025776; test accuracy: 0.3098878303626306
2026-01-22 11:01:59 [INFO]  Client 4 Starts Local Trainning--------|
2026-01-22 11:02:41 [INFO]  Epoch 13 loss: 238.0875825881958; train accuracy: 0.8826000210017851; test accuracy: 0.11236170866625692
2026-01-22 11:02:41 [INFO]  Round 13 Finish--------|
2026-01-22 11:02:41 [INFO]  Model variance: mean: 0.002607923001050949, sum: 29140.806640625
2026-01-22 11:02:41 [INFO]  g_protos_std (global internal): 0.998865
2026-01-22 11:02:41 [INFO]  inter_client_proto_std (cross-client): 0.015105
2026-01-22 11:02:41 [INFO]  g_protos_std (global internal): 0.998865
2026-01-22 11:02:41 [INFO]  inter_client_proto_std (cross-client): 0.015105
2026-01-22 11:02:41 [INFO]  V4 Training | Using Simple Feature-level Server.
2026-01-22 11:02:52 [INFO]  The test accuracy of OursV4+SimpleFeatureServer: 0.6406346035648433
2026-01-22 11:02:52 [INFO]  Save config to ./checkpoints/SVHN_alpha0.05/baselines_OursV4+SimpleFeatureServer_SVHN_results.yaml
2026-01-22 11:02:52 [INFO]  Round 14 starts--------|
2026-01-22 11:02:52 [INFO]  Client 0 Starts Local Trainning--------|
2026-01-22 11:04:36 [INFO]  Epoch 14 loss: 665.6289882659912; train accuracy: 0.9441045205873885; test accuracy: 0.49596650276582666
2026-01-22 11:04:36 [INFO]  Client 1 Starts Local Trainning--------|
2026-01-22 11:04:55 [INFO]  Epoch 14 loss: 94.27518081665039; train accuracy: 0.9276559384790658; test accuracy: 0.07644437615242779
2026-01-22 11:04:55 [INFO]  Client 2 Starts Local Trainning--------|
2026-01-22 11:05:33 [INFO]  Epoch 14 loss: 246.72924137115479; train accuracy: 0.932558383076762; test accuracy: 0.14897049784880148
2026-01-22 11:05:33 [INFO]  Client 3 Starts Local Trainning--------|
2026-01-22 11:07:04 [INFO]  Epoch 14 loss: 531.41224193573; train accuracy: 0.9477937964176496; test accuracy: 0.3121158574062692
2026-01-22 11:07:04 [INFO]  Client 4 Starts Local Trainning--------|
2026-01-22 11:07:46 [INFO]  Epoch 14 loss: 237.06619119644165; train accuracy: 0.9103223774020792; test accuracy: 0.11597264904732636
2026-01-22 11:07:46 [INFO]  Round 14 Finish--------|
2026-01-22 11:07:46 [INFO]  Model variance: mean: 0.002700589830055833, sum: 30176.259765625
2026-01-22 11:07:46 [INFO]  g_protos_std (global internal): 0.998883
2026-01-22 11:07:46 [INFO]  inter_client_proto_std (cross-client): 0.015473
2026-01-22 11:07:46 [INFO]  g_protos_std (global internal): 0.998883
2026-01-22 11:07:46 [INFO]  inter_client_proto_std (cross-client): 0.015473
2026-01-22 11:07:46 [INFO]  V4 Training | Using Simple Feature-level Server.
2026-01-22 11:07:58 [INFO]  The test accuracy of OursV4+SimpleFeatureServer: 0.670021511985249
2026-01-22 11:07:58 [INFO]  Save config to ./checkpoints/SVHN_alpha0.05/baselines_OursV4+SimpleFeatureServer_SVHN_results.yaml
2026-01-22 11:07:58 [INFO]  Round 15 starts--------|
2026-01-22 11:07:58 [INFO]  Client 0 Starts Local Trainning--------|
2026-01-22 11:09:39 [INFO]  Epoch 15 loss: 665.2991471290588; train accuracy: 0.9545421825511086; test accuracy: 0.497579901659496
2026-01-22 11:09:39 [INFO]  Save the model in ./checkpoints/SVHN_alpha0.05/local_models/client_0/epoch_15.pth
2026-01-22 11:09:39 [INFO]  Client 1 Starts Local Trainning--------|
2026-01-22 11:09:58 [INFO]  Epoch 15 loss: 94.0797986984253; train accuracy: 0.9273711193392196; test accuracy: 0.07598340503995082
2026-01-22 11:09:58 [INFO]  Save the model in ./checkpoints/SVHN_alpha0.05/local_models/client_1/epoch_15.pth
2026-01-22 11:09:58 [INFO]  Client 2 Starts Local Trainning--------|
2026-01-22 11:10:37 [INFO]  Epoch 15 loss: 246.7678256034851; train accuracy: 0.9305686459315111; test accuracy: 0.14643515673017823
2026-01-22 11:10:38 [INFO]  Save the model in ./checkpoints/SVHN_alpha0.05/local_models/client_2/epoch_15.pth
2026-01-22 11:10:38 [INFO]  Client 3 Starts Local Trainning--------|
2026-01-22 11:12:00 [INFO]  Epoch 15 loss: 530.1544313430786; train accuracy: 0.9418960244648318; test accuracy: 0.3080823601720959
2026-01-22 11:12:00 [INFO]  Save the model in ./checkpoints/SVHN_alpha0.05/local_models/client_3/epoch_15.pth
2026-01-22 11:12:00 [INFO]  Client 4 Starts Local Trainning--------|
2026-01-22 11:12:39 [INFO]  Epoch 15 loss: 236.53979349136353; train accuracy: 0.8787146907487137; test accuracy: 0.11447449293177628
2026-01-22 11:12:40 [INFO]  Save the model in ./checkpoints/SVHN_alpha0.05/local_models/client_4/epoch_15.pth
2026-01-22 11:12:40 [INFO]  Round 15 Finish--------|
2026-01-22 11:12:40 [INFO]  Model variance: mean: 0.002791279461234808, sum: 31189.623046875
2026-01-22 11:12:40 [INFO]  g_protos_std (global internal): 0.998895
2026-01-22 11:12:40 [INFO]  inter_client_proto_std (cross-client): 0.015808
2026-01-22 11:12:40 [INFO]  g_protos_std (global internal): 0.998895
2026-01-22 11:12:40 [INFO]  inter_client_proto_std (cross-client): 0.015808
2026-01-22 11:12:40 [INFO]  V4 Training | Using Simple Feature-level Server.
2026-01-22 11:12:51 [INFO]  The test accuracy of OursV4+SimpleFeatureServer: 0.6786647203441918
2026-01-22 11:12:51 [INFO]  Save config to ./checkpoints/SVHN_alpha0.05/baselines_OursV4+SimpleFeatureServer_SVHN_results.yaml
2026-01-22 11:12:51 [INFO]  Round 16 starts--------|
2026-01-22 11:12:51 [INFO]  Client 0 Starts Local Trainning--------|
2026-01-22 11:14:32 [INFO]  Epoch 16 loss: 664.5452175140381; train accuracy: 0.9514828678376044; test accuracy: 0.5238168408113092
2026-01-22 11:14:32 [INFO]  Client 1 Starts Local Trainning--------|
2026-01-22 11:14:48 [INFO]  Epoch 16 loss: 93.97597026824951; train accuracy: 0.9270863001993734; test accuracy: 0.07594499078057775
2026-01-22 11:14:48 [INFO]  Client 2 Starts Local Trainning--------|
2026-01-22 11:15:24 [INFO]  Epoch 16 loss: 245.46248197555542; train accuracy: 0.9370614724054875; test accuracy: 0.1663721573448064
2026-01-22 11:15:24 [INFO]  Client 3 Starts Local Trainning--------|
2026-01-22 11:16:46 [INFO]  Epoch 16 loss: 529.0335516929626; train accuracy: 0.9166448230668414; test accuracy: 0.3026659496004917
2026-01-22 11:16:46 [INFO]  Client 4 Starts Local Trainning--------|
2026-01-22 11:17:25 [INFO]  Epoch 16 loss: 236.0055751800537; train accuracy: 0.9234484931219153; test accuracy: 0.11919944683466503
2026-01-22 11:17:25 [INFO]  Round 16 Finish--------|
2026-01-22 11:17:25 [INFO]  Model variance: mean: 0.0028788724448531866, sum: 32168.3828125
2026-01-22 11:17:25 [INFO]  g_protos_std (global internal): 0.998913
2026-01-22 11:17:25 [INFO]  inter_client_proto_std (cross-client): 0.016102
2026-01-22 11:17:25 [INFO]  g_protos_std (global internal): 0.998913
2026-01-22 11:17:25 [INFO]  inter_client_proto_std (cross-client): 0.016102
2026-01-22 11:17:25 [INFO]  V4 Training | Using Simple Feature-level Server.
2026-01-22 11:17:37 [INFO]  The test accuracy of OursV4+SimpleFeatureServer: 0.6835049170251998
2026-01-22 11:17:37 [INFO]  Save config to ./checkpoints/SVHN_alpha0.05/baselines_OursV4+SimpleFeatureServer_SVHN_results.yaml
2026-01-22 11:17:37 [INFO]  Round 17 starts--------|
2026-01-22 11:17:37 [INFO]  Client 0 Starts Local Trainning--------|
2026-01-22 11:19:17 [INFO]  Epoch 17 loss: 662.6071662902832; train accuracy: 0.9472358191765045; test accuracy: 0.5050322679778734
2026-01-22 11:19:17 [INFO]  Client 1 Starts Local Trainning--------|
2026-01-22 11:19:33 [INFO]  Epoch 17 loss: 93.99996709823608; train accuracy: 0.9270863001993734; test accuracy: 0.07598340503995082
2026-01-22 11:19:33 [INFO]  Client 2 Starts Local Trainning--------|
2026-01-22 11:20:11 [INFO]  Epoch 17 loss: 245.0611219406128; train accuracy: 0.9504660173840193; test accuracy: 0.17067455439459128
2026-01-22 11:20:11 [INFO]  Client 3 Starts Local Trainning--------|
2026-01-22 11:21:35 [INFO]  Epoch 17 loss: 526.7310571670532; train accuracy: 0.935561380515509; test accuracy: 0.30846650276582666
2026-01-22 11:21:35 [INFO]  Client 4 Starts Local Trainning--------|
2026-01-22 11:22:13 [INFO]  Epoch 17 loss: 235.1632170677185; train accuracy: 0.9322692428856453; test accuracy: 0.11712507682851875
2026-01-22 11:22:13 [INFO]  Round 17 Finish--------|
2026-01-22 11:22:13 [INFO]  Model variance: mean: 0.0029619878623634577, sum: 33097.109375
2026-01-22 11:22:13 [INFO]  g_protos_std (global internal): 0.998918
2026-01-22 11:22:13 [INFO]  inter_client_proto_std (cross-client): 0.016358
2026-01-22 11:22:13 [INFO]  g_protos_std (global internal): 0.998918
2026-01-22 11:22:13 [INFO]  inter_client_proto_std (cross-client): 0.016358
2026-01-22 11:22:13 [INFO]  V4 Training | Using Simple Feature-level Server.
2026-01-22 11:22:25 [INFO]  The test accuracy of OursV4+SimpleFeatureServer: 0.683120774431469
2026-01-22 11:22:25 [INFO]  Save config to ./checkpoints/SVHN_alpha0.05/baselines_OursV4+SimpleFeatureServer_SVHN_results.yaml
2026-01-22 11:22:25 [INFO]  Round 18 starts--------|
2026-01-22 11:22:25 [INFO]  Client 0 Starts Local Trainning--------|
2026-01-22 11:24:06 [INFO]  Epoch 18 loss: 660.3882293701172; train accuracy: 0.952202706593723; test accuracy: 0.4945835894283958
2026-01-22 11:24:06 [INFO]  Client 1 Starts Local Trainning--------|
2026-01-22 11:24:23 [INFO]  Epoch 18 loss: 93.55323553085327; train accuracy: 0.9285103958986044; test accuracy: 0.07740473263675476
2026-01-22 11:24:23 [INFO]  Client 2 Starts Local Trainning--------|
2026-01-22 11:25:00 [INFO]  Epoch 18 loss: 244.93619585037231; train accuracy: 0.9331867211226307; test accuracy: 0.17140442532267977
2026-01-22 11:25:00 [INFO]  Client 3 Starts Local Trainning--------|
2026-01-22 11:26:25 [INFO]  Epoch 18 loss: 524.2087912559509; train accuracy: 0.9484491044124072; test accuracy: 0.31338352796558083
2026-01-22 11:26:25 [INFO]  Client 4 Starts Local Trainning--------|
2026-01-22 11:27:03 [INFO]  Epoch 18 loss: 234.2740216255188; train accuracy: 0.8970912527564843; test accuracy: 0.10656115550092195
2026-01-22 11:27:03 [INFO]  Round 18 Finish--------|
2026-01-22 11:27:03 [INFO]  Model variance: mean: 0.0030452024657279253, sum: 34026.9453125
2026-01-22 11:27:03 [INFO]  g_protos_std (global internal): 0.998935
2026-01-22 11:27:03 [INFO]  inter_client_proto_std (cross-client): 0.016639
2026-01-22 11:27:03 [INFO]  g_protos_std (global internal): 0.998935
2026-01-22 11:27:03 [INFO]  inter_client_proto_std (cross-client): 0.016639
2026-01-22 11:27:03 [INFO]  V4 Training | Using Simple Feature-level Server.
2026-01-22 11:27:14 [INFO]  The test accuracy of OursV4+SimpleFeatureServer: 0.6674861708666256
2026-01-22 11:27:14 [INFO]  Save config to ./checkpoints/SVHN_alpha0.05/baselines_OursV4+SimpleFeatureServer_SVHN_results.yaml
2026-01-22 11:27:14 [INFO]  Round 19 starts--------|
2026-01-22 11:27:14 [INFO]  Client 0 Starts Local Trainning--------|
2026-01-22 11:28:57 [INFO]  Epoch 19 loss: 657.715651512146; train accuracy: 0.9429527785775986; test accuracy: 0.5104102642901045
2026-01-22 11:28:57 [INFO]  Client 1 Starts Local Trainning--------|
2026-01-22 11:29:14 [INFO]  Epoch 19 loss: 93.71289253234863; train accuracy: 0.9270863001993734; test accuracy: 0.0762138905961893
2026-01-22 11:29:14 [INFO]  Client 2 Starts Local Trainning--------|
2026-01-22 11:29:55 [INFO]  Epoch 19 loss: 243.8528699874878; train accuracy: 0.9234474814116661; test accuracy: 0.17793484941610327
2026-01-22 11:29:55 [INFO]  Client 3 Starts Local Trainning--------|
2026-01-22 11:31:18 [INFO]  Epoch 19 loss: 522.0568842887878; train accuracy: 0.9360419397116645; test accuracy: 0.30627688998156116
2026-01-22 11:31:18 [INFO]  Client 4 Starts Local Trainning--------|
2026-01-22 11:31:57 [INFO]  Epoch 19 loss: 234.6635661125183; train accuracy: 0.8348209597815814; test accuracy: 0.1066379840196681
2026-01-22 11:31:58 [INFO]  Round 19 Finish--------|
2026-01-22 11:31:58 [INFO]  Model variance: mean: 0.0031228468287736177, sum: 34894.5390625
2026-01-22 11:31:58 [INFO]  g_protos_std (global internal): 0.998947
2026-01-22 11:31:58 [INFO]  inter_client_proto_std (cross-client): 0.016892
2026-01-22 11:31:58 [INFO]  g_protos_std (global internal): 0.998947
2026-01-22 11:31:58 [INFO]  inter_client_proto_std (cross-client): 0.016892
2026-01-22 11:31:58 [INFO]  V4 Training | Using Simple Feature-level Server.
2026-01-22 11:32:09 [INFO]  The test accuracy of OursV4+SimpleFeatureServer: 0.6803165334972342
2026-01-22 11:32:09 [INFO]  Save config to ./checkpoints/SVHN_alpha0.05/baselines_OursV4+SimpleFeatureServer_SVHN_results.yaml
2026-01-22 11:32:09 [INFO]  Round 20 starts--------|
2026-01-22 11:32:09 [INFO]  Client 0 Starts Local Trainning--------|
2026-01-22 11:33:49 [INFO]  Epoch 20 loss: 659.8920617103577; train accuracy: 0.9500071983875612; test accuracy: 0.5034572833435771
2026-01-22 11:33:49 [INFO]  Save the model in ./checkpoints/SVHN_alpha0.05/local_models/client_0/epoch_20.pth
2026-01-22 11:33:49 [INFO]  Client 1 Starts Local Trainning--------|
2026-01-22 11:34:06 [INFO]  Epoch 20 loss: 93.23051452636719; train accuracy: 0.9125605240672173; test accuracy: 0.08600952673632452
2026-01-22 11:34:06 [INFO]  Save the model in ./checkpoints/SVHN_alpha0.05/local_models/client_1/epoch_20.pth
2026-01-22 11:34:06 [INFO]  Client 2 Starts Local Trainning--------|
2026-01-22 11:34:46 [INFO]  Epoch 20 loss: 243.66076517105103; train accuracy: 0.946800712116452; test accuracy: 0.15365703749231716
2026-01-22 11:34:46 [INFO]  Save the model in ./checkpoints/SVHN_alpha0.05/local_models/client_2/epoch_20.pth
2026-01-22 11:34:46 [INFO]  Client 3 Starts Local Trainning--------|
2026-01-22 11:36:07 [INFO]  Epoch 20 loss: 521.1557626724243; train accuracy: 0.9522498907820008; test accuracy: 0.31311462814996927
2026-01-22 11:36:07 [INFO]  Save the model in ./checkpoints/SVHN_alpha0.05/local_models/client_3/epoch_20.pth
2026-01-22 11:36:07 [INFO]  Client 4 Starts Local Trainning--------|
2026-01-22 11:36:45 [INFO]  Epoch 20 loss: 233.13776922225952; train accuracy: 0.9397248766145122; test accuracy: 0.12135064535955747
2026-01-22 11:36:46 [INFO]  Save the model in ./checkpoints/SVHN_alpha0.05/local_models/client_4/epoch_20.pth
2026-01-22 11:36:46 [INFO]  Round 20 Finish--------|
2026-01-22 11:36:46 [INFO]  Model variance: mean: 0.003202216699719429, sum: 35781.4140625
2026-01-22 11:36:46 [INFO]  g_protos_std (global internal): 0.998964
2026-01-22 11:36:46 [INFO]  inter_client_proto_std (cross-client): 0.017155
2026-01-22 11:36:46 [INFO]  g_protos_std (global internal): 0.998964
2026-01-22 11:36:46 [INFO]  inter_client_proto_std (cross-client): 0.017155
2026-01-22 11:36:46 [INFO]  V4 Training | Using Simple Feature-level Server.
2026-01-22 11:36:58 [INFO]  The test accuracy of OursV4+SimpleFeatureServer: 0.7030577750460971
2026-01-22 11:36:58 [INFO]  Save config to ./checkpoints/SVHN_alpha0.05/baselines_OursV4+SimpleFeatureServer_SVHN_results.yaml
2026-01-22 11:36:58 [INFO]  Round 21 starts--------|
2026-01-22 11:36:58 [INFO]  Client 0 Starts Local Trainning--------|
2026-01-22 11:38:36 [INFO]  Epoch 21 loss: 657.0215225219727; train accuracy: 0.9571336020731356; test accuracy: 0.534380762138906
2026-01-22 11:38:36 [INFO]  Client 1 Starts Local Trainning--------|
2026-01-22 11:38:53 [INFO]  Epoch 21 loss: 93.33385944366455; train accuracy: 0.9270863001993734; test accuracy: 0.07598340503995082
2026-01-22 11:38:53 [INFO]  Client 2 Starts Local Trainning--------|
2026-01-22 11:39:30 [INFO]  Epoch 21 loss: 242.76873302459717; train accuracy: 0.9219813593046392; test accuracy: 0.17344038106945298
2026-01-22 11:39:30 [INFO]  Client 3 Starts Local Trainning--------|
2026-01-22 11:40:53 [INFO]  Epoch 21 loss: 520.9379997253418; train accuracy: 0.9298820445609436; test accuracy: 0.3085817455439459
2026-01-22 11:40:53 [INFO]  Client 4 Starts Local Trainning--------|
2026-01-22 11:41:28 [INFO]  Epoch 21 loss: 231.87743282318115; train accuracy: 0.9497007245615877; test accuracy: 0.12396281499692687
2026-01-22 11:41:28 [INFO]  Round 21 Finish--------|
2026-01-22 11:41:28 [INFO]  Model variance: mean: 0.0032789274118840694, sum: 36638.578125
2026-01-22 11:41:28 [INFO]  g_protos_std (global internal): 0.998981
2026-01-22 11:41:28 [INFO]  inter_client_proto_std (cross-client): 0.017431
2026-01-22 11:41:28 [INFO]  g_protos_std (global internal): 0.998981
2026-01-22 11:41:28 [INFO]  inter_client_proto_std (cross-client): 0.017431
2026-01-22 11:41:28 [INFO]  V4 Training | Using Simple Feature-level Server.
2026-01-22 11:41:40 [INFO]  The test accuracy of OursV4+SimpleFeatureServer: 0.6853488014751076
2026-01-22 11:41:40 [INFO]  Save config to ./checkpoints/SVHN_alpha0.05/baselines_OursV4+SimpleFeatureServer_SVHN_results.yaml
2026-01-22 11:41:40 [INFO]  Round 22 starts--------|
2026-01-22 11:41:40 [INFO]  Client 0 Starts Local Trainning--------|
2026-01-22 11:43:25 [INFO]  Epoch 22 loss: 654.5835466384888; train accuracy: 0.9515908436510222; test accuracy: 0.5116011063306699
2026-01-22 11:43:25 [INFO]  Client 1 Starts Local Trainning--------|
2026-01-22 11:43:43 [INFO]  Epoch 22 loss: 93.02492380142212; train accuracy: 0.9290800341782968; test accuracy: 0.07817301782421635
2026-01-22 11:43:43 [INFO]  Client 2 Starts Local Trainning--------|
2026-01-22 11:44:21 [INFO]  Epoch 22 loss: 242.3126678466797; train accuracy: 0.9479526652005446; test accuracy: 0.18039336201598033
2026-01-22 11:44:21 [INFO]  Client 3 Starts Local Trainning--------|
2026-01-22 11:45:20 [INFO]  Epoch 22 loss: 520.7773966789246; train accuracy: 0.9451725644386195; test accuracy: 0.3119237861094038
2026-01-22 11:45:20 [INFO]  Client 4 Starts Local Trainning--------|
2026-01-22 11:45:52 [INFO]  Epoch 22 loss: 232.76074695587158; train accuracy: 0.9249186180825371; test accuracy: 0.11255377996312231
2026-01-22 11:45:52 [INFO]  Round 22 Finish--------|
2026-01-22 11:45:52 [INFO]  Model variance: mean: 0.0033546530175954103, sum: 37484.73046875
2026-01-22 11:45:52 [INFO]  g_protos_std (global internal): 0.999000
2026-01-22 11:45:52 [INFO]  inter_client_proto_std (cross-client): 0.017716
2026-01-22 11:45:52 [INFO]  g_protos_std (global internal): 0.999000
2026-01-22 11:45:52 [INFO]  inter_client_proto_std (cross-client): 0.017716
2026-01-22 11:45:52 [INFO]  V4 Training | Using Simple Feature-level Server.
2026-01-22 11:46:03 [INFO]  The test accuracy of OursV4+SimpleFeatureServer: 0.7018285187461586
2026-01-22 11:46:03 [INFO]  Save config to ./checkpoints/SVHN_alpha0.05/baselines_OursV4+SimpleFeatureServer_SVHN_results.yaml
2026-01-22 11:46:03 [INFO]  Round 23 starts--------|
2026-01-22 11:46:03 [INFO]  Client 0 Starts Local Trainning--------|
2026-01-22 11:47:21 [INFO]  Epoch 23 loss: 654.9293942451477; train accuracy: 0.9447883674057012; test accuracy: 0.5219729563614014
2026-01-22 11:47:21 [INFO]  Client 1 Starts Local Trainning--------|
2026-01-22 11:47:35 [INFO]  Epoch 23 loss: 92.65974378585815; train accuracy: 0.9285103958986044; test accuracy: 0.07613706207744314
2026-01-22 11:47:35 [INFO]  Client 2 Starts Local Trainning--------|
2026-01-22 11:48:05 [INFO]  Epoch 23 loss: 243.1107497215271; train accuracy: 0.9543407686668761; test accuracy: 0.1776659496004917
2026-01-22 11:48:05 [INFO]  Client 3 Starts Local Trainning--------|
2026-01-22 11:49:09 [INFO]  Epoch 23 loss: 519.0025477409363; train accuracy: 0.9588466579292267; test accuracy: 0.3134219422249539
2026-01-22 11:49:09 [INFO]  Client 4 Starts Local Trainning--------|
2026-01-22 11:49:40 [INFO]  Epoch 23 loss: 231.77381801605225; train accuracy: 0.9058069935944555; test accuracy: 0.11777811923786109
2026-01-22 11:49:40 [INFO]  Round 23 Finish--------|
2026-01-22 11:49:40 [INFO]  Model variance: mean: 0.0034278887324035168, sum: 38303.0625
2026-01-22 11:49:40 [INFO]  g_protos_std (global internal): 0.999008
2026-01-22 11:49:40 [INFO]  inter_client_proto_std (cross-client): 0.017948
2026-01-22 11:49:40 [INFO]  g_protos_std (global internal): 0.999008
2026-01-22 11:49:40 [INFO]  inter_client_proto_std (cross-client): 0.017948
2026-01-22 11:49:40 [INFO]  V4 Training | Using Simple Feature-level Server.
2026-01-22 11:49:52 [INFO]  The test accuracy of OursV4+SimpleFeatureServer: 0.7037108174554395
2026-01-22 11:49:52 [INFO]  Save config to ./checkpoints/SVHN_alpha0.05/baselines_OursV4+SimpleFeatureServer_SVHN_results.yaml
2026-01-22 11:49:52 [INFO]  Round 24 starts--------|
2026-01-22 11:49:52 [INFO]  Client 0 Starts Local Trainning--------|
2026-01-22 11:51:08 [INFO]  Epoch 24 loss: 654.2046656608582; train accuracy: 0.9566657068816585; test accuracy: 0.5353027043638598
2026-01-22 11:51:08 [INFO]  Client 1 Starts Local Trainning--------|
2026-01-22 11:51:23 [INFO]  Epoch 24 loss: 92.92249774932861; train accuracy: 0.929364853318143; test accuracy: 0.07655961893054702
2026-01-22 11:51:23 [INFO]  Client 2 Starts Local Trainning--------|
2026-01-22 11:51:53 [INFO]  Epoch 24 loss: 242.34948301315308; train accuracy: 0.9473243271546758; test accuracy: 0.1632221880762139
2026-01-22 11:51:53 [INFO]  Client 3 Starts Local Trainning--------|
2026-01-22 11:52:55 [INFO]  Epoch 24 loss: 517.4628257751465; train accuracy: 0.9389689820882482; test accuracy: 0.30904271665642286
2026-01-22 11:52:55 [INFO]  Client 4 Starts Local Trainning--------|
2026-01-22 11:53:27 [INFO]  Epoch 24 loss: 232.15984106063843; train accuracy: 0.9068570828520425; test accuracy: 0.11585740626920712
2026-01-22 11:53:27 [INFO]  Round 24 Finish--------|
2026-01-22 11:53:27 [INFO]  Model variance: mean: 0.0034991030115634203, sum: 39098.80859375
2026-01-22 11:53:27 [INFO]  g_protos_std (global internal): 0.999023
2026-01-22 11:53:27 [INFO]  inter_client_proto_std (cross-client): 0.018223
2026-01-22 11:53:27 [INFO]  g_protos_std (global internal): 0.999023
2026-01-22 11:53:27 [INFO]  inter_client_proto_std (cross-client): 0.018223
2026-01-22 11:53:27 [INFO]  V4 Training | Using Simple Feature-level Server.
2026-01-22 11:53:38 [INFO]  The test accuracy of OursV4+SimpleFeatureServer: 0.7093577135832821
2026-01-22 11:53:38 [INFO]  Save config to ./checkpoints/SVHN_alpha0.05/baselines_OursV4+SimpleFeatureServer_SVHN_results.yaml
2026-01-22 11:53:38 [INFO]  Round 25 starts--------|
2026-01-22 11:53:38 [INFO]  Client 0 Starts Local Trainning--------|
2026-01-22 11:54:59 [INFO]  Epoch 25 loss: 653.2401251792908; train accuracy: 0.9591131586524618; test accuracy: 0.5262369391518131
2026-01-22 11:54:59 [INFO]  Save the model in ./checkpoints/SVHN_alpha0.05/local_models/client_0/epoch_25.pth
2026-01-22 11:54:59 [INFO]  Client 1 Starts Local Trainning--------|
2026-01-22 11:55:13 [INFO]  Epoch 25 loss: 92.79641723632812; train accuracy: 0.9316434064369126; test accuracy: 0.0773279041180086
2026-01-22 11:55:14 [INFO]  Save the model in ./checkpoints/SVHN_alpha0.05/local_models/client_1/epoch_25.pth
2026-01-22 11:55:14 [INFO]  Client 2 Starts Local Trainning--------|
2026-01-22 11:55:42 [INFO]  Epoch 25 loss: 242.10794591903687; train accuracy: 0.9595769190491151; test accuracy: 0.17255685310387217
2026-01-22 11:55:42 [INFO]  Save the model in ./checkpoints/SVHN_alpha0.05/local_models/client_2/epoch_25.pth
2026-01-22 11:55:42 [INFO]  Client 3 Starts Local Trainning--------|
2026-01-22 11:56:45 [INFO]  Epoch 25 loss: 515.7428441047668; train accuracy: 0.9491480996068152; test accuracy: 0.31019514443761526
2026-01-22 11:56:45 [INFO]  Save the model in ./checkpoints/SVHN_alpha0.05/local_models/client_3/epoch_25.pth
2026-01-22 11:56:45 [INFO]  Client 4 Starts Local Trainning--------|
2026-01-22 11:57:14 [INFO]  Epoch 25 loss: 230.54547023773193; train accuracy: 0.9565263047359025; test accuracy: 0.12085125998770743
2026-01-22 11:57:15 [INFO]  Save the model in ./checkpoints/SVHN_alpha0.05/local_models/client_4/epoch_25.pth
2026-01-22 11:57:15 [INFO]  Round 25 Finish--------|
2026-01-22 11:57:15 [INFO]  Model variance: mean: 0.0035695007536560297, sum: 39885.4296875
2026-01-22 11:57:15 [INFO]  g_protos_std (global internal): 0.999037
2026-01-22 11:57:15 [INFO]  inter_client_proto_std (cross-client): 0.018442
2026-01-22 11:57:15 [INFO]  g_protos_std (global internal): 0.999037
2026-01-22 11:57:15 [INFO]  inter_client_proto_std (cross-client): 0.018442
2026-01-22 11:57:15 [INFO]  V4 Training | Using Simple Feature-level Server.
2026-01-22 11:57:26 [INFO]  The test accuracy of OursV4+SimpleFeatureServer: 0.688460356484327
2026-01-22 11:57:26 [INFO]  Save config to ./checkpoints/SVHN_alpha0.05/baselines_OursV4+SimpleFeatureServer_SVHN_results.yaml
2026-01-22 11:57:26 [INFO]  Round 26 starts--------|
2026-01-22 11:57:26 [INFO]  Client 0 Starts Local Trainning--------|
2026-01-22 11:58:47 [INFO]  Epoch 26 loss: 651.6222448348999; train accuracy: 0.9546861503023323; test accuracy: 0.5167870313460357
2026-01-22 11:58:47 [INFO]  Client 1 Starts Local Trainning--------|
2026-01-22 11:59:02 [INFO]  Epoch 26 loss: 92.79953384399414; train accuracy: 0.9316434064369126; test accuracy: 0.07721266133988937
2026-01-22 11:59:02 [INFO]  Client 2 Starts Local Trainning--------|
2026-01-22 11:59:32 [INFO]  Epoch 26 loss: 241.72507429122925; train accuracy: 0.9554927217509687; test accuracy: 0.17478488014751076
2026-01-22 11:59:32 [INFO]  Client 3 Starts Local Trainning--------|
2026-01-22 12:00:34 [INFO]  Epoch 26 loss: 516.3212838172913; train accuracy: 0.9245958934032329; test accuracy: 0.30477873386601106
2026-01-22 12:00:34 [INFO]  Client 4 Starts Local Trainning--------|
2026-01-22 12:01:03 [INFO]  Epoch 26 loss: 231.50978755950928; train accuracy: 0.9649270187965977; test accuracy: 0.12354025814382298
2026-01-22 12:01:03 [INFO]  Round 26 Finish--------|
2026-01-22 12:01:03 [INFO]  Model variance: mean: 0.003638274036347866, sum: 40653.8984375
2026-01-22 12:01:03 [INFO]  g_protos_std (global internal): 0.999050
2026-01-22 12:01:03 [INFO]  inter_client_proto_std (cross-client): 0.018712
2026-01-22 12:01:03 [INFO]  g_protos_std (global internal): 0.999050
2026-01-22 12:01:03 [INFO]  inter_client_proto_std (cross-client): 0.018712
2026-01-22 12:01:03 [INFO]  V4 Training | Using Simple Feature-level Server.
2026-01-22 12:01:15 [INFO]  The test accuracy of OursV4+SimpleFeatureServer: 0.6913030116779348
2026-01-22 12:01:15 [INFO]  Save config to ./checkpoints/SVHN_alpha0.05/baselines_OursV4+SimpleFeatureServer_SVHN_results.yaml
2026-01-22 12:01:15 [INFO]  Round 27 starts--------|
2026-01-22 12:01:15 [INFO]  Client 0 Starts Local Trainning--------|
2026-01-22 12:02:37 [INFO]  Epoch 27 loss: 649.7964162826538; train accuracy: 0.9580334005182839; test accuracy: 0.5443684695759066
2026-01-22 12:02:37 [INFO]  Client 1 Starts Local Trainning--------|
2026-01-22 12:02:51 [INFO]  Epoch 27 loss: 92.4554500579834; train accuracy: 0.9282255767587582; test accuracy: 0.07728948985863553
2026-01-22 12:02:51 [INFO]  Client 2 Starts Local Trainning--------|
2026-01-22 12:03:18 [INFO]  Epoch 27 loss: 241.1426191329956; train accuracy: 0.9646036234160645; test accuracy: 0.17516902274124155
2026-01-22 12:03:18 [INFO]  Client 3 Starts Local Trainning--------|
2026-01-22 12:04:22 [INFO]  Epoch 27 loss: 514.9205937385559; train accuracy: 0.9583224115334207; test accuracy: 0.315419483712354
2026-01-22 12:04:22 [INFO]  Client 4 Starts Local Trainning--------|
2026-01-22 12:04:50 [INFO]  Epoch 27 loss: 231.56460762023926; train accuracy: 0.949595715635829; test accuracy: 0.12173478795328826
2026-01-22 12:04:50 [INFO]  Round 27 Finish--------|
2026-01-22 12:04:50 [INFO]  Model variance: mean: 0.0037071590777486563, sum: 41423.6171875
2026-01-22 12:04:50 [INFO]  g_protos_std (global internal): 0.999072
2026-01-22 12:04:50 [INFO]  inter_client_proto_std (cross-client): 0.018938
2026-01-22 12:04:50 [INFO]  g_protos_std (global internal): 0.999072
2026-01-22 12:04:50 [INFO]  inter_client_proto_std (cross-client): 0.018938
2026-01-22 12:04:50 [INFO]  V4 Training | Using Simple Feature-level Server.
2026-01-22 12:05:02 [INFO]  The test accuracy of OursV4+SimpleFeatureServer: 0.7211124769514444
2026-01-22 12:05:02 [INFO]  Save config to ./checkpoints/SVHN_alpha0.05/baselines_OursV4+SimpleFeatureServer_SVHN_results.yaml
2026-01-22 12:05:02 [INFO]  Round 28 starts--------|
2026-01-22 12:05:02 [INFO]  Client 0 Starts Local Trainning--------|
2026-01-22 12:06:20 [INFO]  Epoch 28 loss: 650.4288029670715; train accuracy: 0.9551180535560034; test accuracy: 0.5269668100799016
2026-01-22 12:06:20 [INFO]  Client 1 Starts Local Trainning--------|
2026-01-22 12:06:34 [INFO]  Epoch 28 loss: 92.48367166519165; train accuracy: 0.9270863001993734; test accuracy: 0.07598340503995082
2026-01-22 12:06:34 [INFO]  Client 2 Starts Local Trainning--------|
2026-01-22 12:07:04 [INFO]  Epoch 28 loss: 241.09176111221313; train accuracy: 0.9668028065766049; test accuracy: 0.1795482483097726
2026-01-22 12:07:04 [INFO]  Client 3 Starts Local Trainning--------|
2026-01-22 12:08:05 [INFO]  Epoch 28 loss: 514.0320596694946; train accuracy: 0.9363040629095675; test accuracy: 0.30796711739397664
2026-01-22 12:08:05 [INFO]  Client 4 Starts Local Trainning--------|
2026-01-22 12:08:34 [INFO]  Epoch 28 loss: 230.78251123428345; train accuracy: 0.9334243410689909; test accuracy: 0.1129379225568531
2026-01-22 12:08:34 [INFO]  Round 28 Finish--------|
2026-01-22 12:08:34 [INFO]  Model variance: mean: 0.003774140262976289, sum: 42172.0625
2026-01-22 12:08:34 [INFO]  g_protos_std (global internal): 0.999083
2026-01-22 12:08:34 [INFO]  inter_client_proto_std (cross-client): 0.019122
2026-01-22 12:08:34 [INFO]  g_protos_std (global internal): 0.999083
2026-01-22 12:08:34 [INFO]  inter_client_proto_std (cross-client): 0.019122
2026-01-22 12:08:34 [INFO]  V4 Training | Using Simple Feature-level Server.
2026-01-22 12:08:46 [INFO]  The test accuracy of OursV4+SimpleFeatureServer: 0.7096650276582668
2026-01-22 12:08:46 [INFO]  Save config to ./checkpoints/SVHN_alpha0.05/baselines_OursV4+SimpleFeatureServer_SVHN_results.yaml
2026-01-22 12:08:46 [INFO]  Round 29 starts--------|
2026-01-22 12:08:46 [INFO]  Client 0 Starts Local Trainning--------|
2026-01-22 12:09:59 [INFO]  Epoch 29 loss: 649.9132704734802; train accuracy: 0.9583213360207313; test accuracy: 0.5329210202827289
2026-01-22 12:09:59 [INFO]  Client 1 Starts Local Trainning--------|
2026-01-22 12:10:12 [INFO]  Epoch 29 loss: 92.2764539718628; train accuracy: 0.9316434064369126; test accuracy: 0.07821143208358942
2026-01-22 12:10:12 [INFO]  Client 2 Starts Local Trainning--------|
2026-01-22 12:10:40 [INFO]  Epoch 29 loss: 240.89949655532837; train accuracy: 0.9199916221593885; test accuracy: 0.17839582052858022
2026-01-22 12:10:40 [INFO]  Client 3 Starts Local Trainning--------|
2026-01-22 12:11:44 [INFO]  Epoch 29 loss: 512.6569414138794; train accuracy: 0.9586719091306247; test accuracy: 0.3134987707437001
2026-01-22 12:11:44 [INFO]  Client 4 Starts Local Trainning--------|
2026-01-22 12:12:14 [INFO]  Epoch 29 loss: 230.86294984817505; train accuracy: 0.9463404389373097; test accuracy: 0.1194299323909035
2026-01-22 12:12:14 [INFO]  Round 29 Finish--------|
2026-01-22 12:12:14 [INFO]  Model variance: mean: 0.0038396716117858887, sum: 42904.3046875
2026-01-22 12:12:14 [INFO]  g_protos_std (global internal): 0.999096
2026-01-22 12:12:14 [INFO]  inter_client_proto_std (cross-client): 0.019339
2026-01-22 12:12:14 [INFO]  g_protos_std (global internal): 0.999096
2026-01-22 12:12:14 [INFO]  inter_client_proto_std (cross-client): 0.019339
2026-01-22 12:12:14 [INFO]  V4 Training | Using Simple Feature-level Server.
2026-01-22 12:12:25 [INFO]  The test accuracy of OursV4+SimpleFeatureServer: 0.7057467732022127
2026-01-22 12:12:25 [INFO]  Save config to ./checkpoints/SVHN_alpha0.05/baselines_OursV4+SimpleFeatureServer_SVHN_results.yaml
2026-01-22 12:12:25 [INFO]  Round 30 starts--------|
2026-01-22 12:12:25 [INFO]  Client 0 Starts Local Trainning--------|
2026-01-22 12:13:41 [INFO]  Epoch 30 loss: 649.2052845954895; train accuracy: 0.9606968039159228; test accuracy: 0.5282728948985863
2026-01-22 12:13:42 [INFO]  Save the model in ./checkpoints/SVHN_alpha0.05/local_models/client_0/epoch_30.pth
2026-01-22 12:13:42 [INFO]  Client 1 Starts Local Trainning--------|
2026-01-22 12:13:57 [INFO]  Epoch 30 loss: 92.25737428665161; train accuracy: 0.9407576189119908; test accuracy: 0.08424247080516288
2026-01-22 12:13:58 [INFO]  Save the model in ./checkpoints/SVHN_alpha0.05/local_models/client_1/epoch_30.pth
2026-01-22 12:13:58 [INFO]  Client 2 Starts Local Trainning--------|
2026-01-22 12:14:29 [INFO]  Epoch 30 loss: 240.77033710479736; train accuracy: 0.9371661954131323; test accuracy: 0.15250460971112478
2026-01-22 12:14:29 [INFO]  Save the model in ./checkpoints/SVHN_alpha0.05/local_models/client_2/epoch_30.pth
2026-01-22 12:14:29 [INFO]  Client 3 Starts Local Trainning--------|
2026-01-22 12:15:34 [INFO]  Epoch 30 loss: 512.3813271522522; train accuracy: 0.9268239405854085; test accuracy: 0.30270436385986477
2026-01-22 12:15:34 [INFO]  Save the model in ./checkpoints/SVHN_alpha0.05/local_models/client_3/epoch_30.pth
2026-01-22 12:15:34 [INFO]  Client 4 Starts Local Trainning--------|
2026-01-22 12:16:04 [INFO]  Epoch 30 loss: 230.33695650100708; train accuracy: 0.9280688858552977; test accuracy: 0.11658727719729564
2026-01-22 12:16:04 [INFO]  Save the model in ./checkpoints/SVHN_alpha0.05/local_models/client_4/epoch_30.pth
2026-01-22 12:16:04 [INFO]  Round 30 Finish--------|
2026-01-22 12:16:04 [INFO]  Model variance: mean: 0.0039049070328474045, sum: 43633.2421875
2026-01-22 12:16:04 [INFO]  g_protos_std (global internal): 0.999110
2026-01-22 12:16:04 [INFO]  inter_client_proto_std (cross-client): 0.019576
2026-01-22 12:16:04 [INFO]  g_protos_std (global internal): 0.999110
2026-01-22 12:16:04 [INFO]  inter_client_proto_std (cross-client): 0.019576
2026-01-22 12:16:04 [INFO]  V4 Training | Using Simple Feature-level Server.
2026-01-22 12:16:16 [INFO]  The test accuracy of OursV4+SimpleFeatureServer: 0.7227642901044868
2026-01-22 12:16:16 [INFO]  Save config to ./checkpoints/SVHN_alpha0.05/baselines_OursV4+SimpleFeatureServer_SVHN_results.yaml
2026-01-22 12:16:16 [INFO]  Round 31 starts--------|
2026-01-22 12:16:16 [INFO]  Client 0 Starts Local Trainning--------|
2026-01-22 12:17:31 [INFO]  Epoch 31 loss: 646.4185237884521; train accuracy: 0.967967175352721; test accuracy: 0.5632682851874616
2026-01-22 12:17:31 [INFO]  Client 1 Starts Local Trainning--------|
2026-01-22 12:17:45 [INFO]  Epoch 31 loss: 92.0731987953186; train accuracy: 0.9367701509541441; test accuracy: 0.08416564228641672
2026-01-22 12:17:45 [INFO]  Client 2 Starts Local Trainning--------|
2026-01-22 12:18:13 [INFO]  Epoch 31 loss: 240.2656855583191; train accuracy: 0.9602052570949837; test accuracy: 0.17367086662569145
2026-01-22 12:18:13 [INFO]  Client 3 Starts Local Trainning--------|
2026-01-22 12:19:17 [INFO]  Epoch 31 loss: 511.5493416786194; train accuracy: 0.9610747051114024; test accuracy: 0.3139981561155501
2026-01-22 12:19:17 [INFO]  Client 4 Starts Local Trainning--------|
2026-01-22 12:19:46 [INFO]  Epoch 31 loss: 230.09696674346924; train accuracy: 0.9406699569463405; test accuracy: 0.1127458512599877
2026-01-22 12:19:46 [INFO]  Round 31 Finish--------|
2026-01-22 12:19:46 [INFO]  Model variance: mean: 0.003968881443142891, sum: 44348.08984375
2026-01-22 12:19:46 [INFO]  g_protos_std (global internal): 0.999125
2026-01-22 12:19:46 [INFO]  inter_client_proto_std (cross-client): 0.019761
2026-01-22 12:19:46 [INFO]  g_protos_std (global internal): 0.999125
2026-01-22 12:19:46 [INFO]  inter_client_proto_std (cross-client): 0.019761
2026-01-22 12:19:46 [INFO]  V4 Training | Using Simple Feature-level Server.
2026-01-22 12:19:58 [INFO]  The test accuracy of OursV4+SimpleFeatureServer: 0.7244929317762754
2026-01-22 12:19:58 [INFO]  Save config to ./checkpoints/SVHN_alpha0.05/baselines_OursV4+SimpleFeatureServer_SVHN_results.yaml
2026-01-22 12:19:58 [INFO]  Round 32 starts--------|
2026-01-22 12:19:58 [INFO]  Client 0 Starts Local Trainning--------|
2026-01-22 12:21:12 [INFO]  Epoch 32 loss: 645.8900728225708; train accuracy: 0.9561978116901814; test accuracy: 0.5181699446834666
2026-01-22 12:21:12 [INFO]  Client 1 Starts Local Trainning--------|
2026-01-22 12:21:26 [INFO]  Epoch 32 loss: 91.73998165130615; train accuracy: 0.9418968954713757; test accuracy: 0.09165642286416718
2026-01-22 12:21:26 [INFO]  Client 2 Starts Local Trainning--------|
2026-01-22 12:21:58 [INFO]  Epoch 32 loss: 240.5400938987732; train accuracy: 0.9570635668656404; test accuracy: 0.17017516902274124
2026-01-22 12:21:58 [INFO]  Client 3 Starts Local Trainning--------|
2026-01-22 12:23:00 [INFO]  Epoch 32 loss: 510.91280603408813; train accuracy: 0.9584971603320227; test accuracy: 0.3129225568531039
2026-01-22 12:23:00 [INFO]  Client 4 Starts Local Trainning--------|
2026-01-22 12:23:30 [INFO]  Epoch 32 loss: 229.96311950683594; train accuracy: 0.9489656620812769; test accuracy: 0.11992931776275353
2026-01-22 12:23:30 [INFO]  Round 32 Finish--------|
2026-01-22 12:23:30 [INFO]  Model variance: mean: 0.004030880983918905, sum: 45040.87109375
2026-01-22 12:23:30 [INFO]  g_protos_std (global internal): 0.999137
2026-01-22 12:23:30 [INFO]  inter_client_proto_std (cross-client): 0.020018
2026-01-22 12:23:30 [INFO]  g_protos_std (global internal): 0.999137
2026-01-22 12:23:30 [INFO]  inter_client_proto_std (cross-client): 0.020018
2026-01-22 12:23:30 [INFO]  V4 Training | Using Simple Feature-level Server.
2026-01-22 12:23:42 [INFO]  The test accuracy of OursV4+SimpleFeatureServer: 0.7064766441303012
2026-01-22 12:23:42 [INFO]  Save config to ./checkpoints/SVHN_alpha0.05/baselines_OursV4+SimpleFeatureServer_SVHN_results.yaml
2026-01-22 12:23:42 [INFO]  Round 33 starts--------|
2026-01-22 12:23:42 [INFO]  Client 0 Starts Local Trainning--------|
2026-01-22 12:24:55 [INFO]  Epoch 33 loss: 645.6793637275696; train accuracy: 0.9656276993953354; test accuracy: 0.5228948985863553
2026-01-22 12:24:55 [INFO]  Client 1 Starts Local Trainning--------|
2026-01-22 12:25:09 [INFO]  Epoch 33 loss: 91.92095947265625; train accuracy: 0.9273711193392196; test accuracy: 0.07609864781807006
2026-01-22 12:25:09 [INFO]  Client 2 Starts Local Trainning--------|
2026-01-22 12:25:40 [INFO]  Epoch 33 loss: 239.66910934448242; train accuracy: 0.9662791915383809; test accuracy: 0.17866472034419176
2026-01-22 12:25:40 [INFO]  Client 3 Starts Local Trainning--------|
2026-01-22 12:26:45 [INFO]  Epoch 33 loss: 509.0032687187195; train accuracy: 0.9475753604193972; test accuracy: 0.30846650276582666
2026-01-22 12:26:45 [INFO]  Client 4 Starts Local Trainning--------|
2026-01-22 12:27:13 [INFO]  Epoch 33 loss: 229.1266164779663; train accuracy: 0.9633518849102174; test accuracy: 0.1242701290719115
2026-01-22 12:27:13 [INFO]  Round 33 Finish--------|
2026-01-22 12:27:13 [INFO]  Model variance: mean: 0.004092174116522074, sum: 45725.7578125
2026-01-22 12:27:13 [INFO]  g_protos_std (global internal): 0.999156
2026-01-22 12:27:13 [INFO]  inter_client_proto_std (cross-client): 0.020180
2026-01-22 12:27:13 [INFO]  g_protos_std (global internal): 0.999156
2026-01-22 12:27:13 [INFO]  inter_client_proto_std (cross-client): 0.020180
2026-01-22 12:27:13 [INFO]  V4 Training | Using Simple Feature-level Server.
2026-01-22 12:27:25 [INFO]  The test accuracy of OursV4+SimpleFeatureServer: 0.7317532267977873
2026-01-22 12:27:25 [INFO]  Save config to ./checkpoints/SVHN_alpha0.05/baselines_OursV4+SimpleFeatureServer_SVHN_results.yaml
2026-01-22 12:27:25 [INFO]  Round 34 starts--------|
2026-01-22 12:27:25 [INFO]  Client 0 Starts Local Trainning--------|
2026-01-22 12:28:39 [INFO]  Epoch 34 loss: 645.5383191108704; train accuracy: 0.9512309242729629; test accuracy: 0.5420251997541488
2026-01-22 12:28:39 [INFO]  Client 1 Starts Local Trainning--------|
2026-01-22 12:28:53 [INFO]  Epoch 34 loss: 91.7594256401062; train accuracy: 0.9290800341782968; test accuracy: 0.07675169022741242
2026-01-22 12:28:53 [INFO]  Client 2 Starts Local Trainning--------|
2026-01-22 12:29:22 [INFO]  Epoch 34 loss: 240.6860432624817; train accuracy: 0.9609383181484972; test accuracy: 0.18166103257529195
2026-01-22 12:29:22 [INFO]  Client 3 Starts Local Trainning--------|
2026-01-22 12:30:34 [INFO]  Epoch 34 loss: 509.189492225647; train accuracy: 0.9552206203582351; test accuracy: 0.3114244007375538
2026-01-22 12:30:34 [INFO]  Client 4 Starts Local Trainning--------|
2026-01-22 12:31:09 [INFO]  Epoch 34 loss: 230.0950984954834; train accuracy: 0.9656620812769086; test accuracy: 0.12473110018438845
2026-01-22 12:31:09 [INFO]  Round 34 Finish--------|
2026-01-22 12:31:09 [INFO]  Model variance: mean: 0.004153569228947163, sum: 46411.78125
2026-01-22 12:31:09 [INFO]  g_protos_std (global internal): 0.999168
2026-01-22 12:31:09 [INFO]  inter_client_proto_std (cross-client): 0.020374
2026-01-22 12:31:09 [INFO]  g_protos_std (global internal): 0.999168
2026-01-22 12:31:09 [INFO]  inter_client_proto_std (cross-client): 0.020374
2026-01-22 12:31:09 [INFO]  V4 Training | Using Simple Feature-level Server.
2026-01-22 12:31:21 [INFO]  The test accuracy of OursV4+SimpleFeatureServer: 0.7189228641671789
2026-01-22 12:31:21 [INFO]  Save config to ./checkpoints/SVHN_alpha0.05/baselines_OursV4+SimpleFeatureServer_SVHN_results.yaml
2026-01-22 12:31:21 [INFO]  Round 35 starts--------|
2026-01-22 12:31:21 [INFO]  Client 0 Starts Local Trainning--------|
2026-01-22 12:32:43 [INFO]  Epoch 35 loss: 645.5900821685791; train accuracy: 0.946443996544774; test accuracy: 0.5227412415488629
2026-01-22 12:32:44 [INFO]  Save the model in ./checkpoints/SVHN_alpha0.05/local_models/client_0/epoch_35.pth
2026-01-22 12:32:44 [INFO]  Client 1 Starts Local Trainning--------|
2026-01-22 12:32:59 [INFO]  Epoch 35 loss: 91.91914701461792; train accuracy: 0.942466533751068; test accuracy: 0.08597111247695144
2026-01-22 12:32:59 [INFO]  Save the model in ./checkpoints/SVHN_alpha0.05/local_models/client_1/epoch_35.pth
2026-01-22 12:32:59 [INFO]  Client 2 Starts Local Trainning--------|
2026-01-22 12:33:32 [INFO]  Epoch 35 loss: 239.39059925079346; train accuracy: 0.9598910880720495; test accuracy: 0.16906115550092193
2026-01-22 12:33:32 [INFO]  Save the model in ./checkpoints/SVHN_alpha0.05/local_models/client_2/epoch_35.pth
2026-01-22 12:33:32 [INFO]  Client 3 Starts Local Trainning--------|
2026-01-22 12:34:46 [INFO]  Epoch 35 loss: 508.4092049598694; train accuracy: 0.9515508955875929; test accuracy: 0.3124231714812538
2026-01-22 12:34:47 [INFO]  Save the model in ./checkpoints/SVHN_alpha0.05/local_models/client_3/epoch_35.pth
2026-01-22 12:34:47 [INFO]  Client 4 Starts Local Trainning--------|
2026-01-22 12:35:22 [INFO]  Epoch 35 loss: 229.66251230239868; train accuracy: 0.9465504567888271; test accuracy: 0.12004456054087277
2026-01-22 12:35:23 [INFO]  Save the model in ./checkpoints/SVHN_alpha0.05/local_models/client_4/epoch_35.pth
2026-01-22 12:35:23 [INFO]  Round 35 Finish--------|
2026-01-22 12:35:23 [INFO]  Model variance: mean: 0.004213969223201275, sum: 47086.6875
2026-01-22 12:35:23 [INFO]  g_protos_std (global internal): 0.999187
2026-01-22 12:35:23 [INFO]  inter_client_proto_std (cross-client): 0.020595
2026-01-22 12:35:23 [INFO]  g_protos_std (global internal): 0.999187
2026-01-22 12:35:23 [INFO]  inter_client_proto_std (cross-client): 0.020595
2026-01-22 12:35:23 [INFO]  V4 Training | Using Simple Feature-level Server.
2026-01-22 12:35:34 [INFO]  The test accuracy of OursV4+SimpleFeatureServer: 0.735940381069453
2026-01-22 12:35:34 [INFO]  Save config to ./checkpoints/SVHN_alpha0.05/baselines_OursV4+SimpleFeatureServer_SVHN_results.yaml
2026-01-22 12:35:34 [INFO]  Round 36 starts--------|
2026-01-22 12:35:34 [INFO]  Client 0 Starts Local Trainning--------|
2026-01-22 12:36:59 [INFO]  Epoch 36 loss: 644.3029637336731; train accuracy: 0.9594370860927153; test accuracy: 0.5365703749231715
2026-01-22 12:36:59 [INFO]  Client 1 Starts Local Trainning--------|
2026-01-22 12:37:15 [INFO]  Epoch 36 loss: 91.67951488494873; train accuracy: 0.9322130447166049; test accuracy: 0.07805777504609711
2026-01-22 12:37:15 [INFO]  Client 2 Starts Local Trainning--------|
2026-01-22 12:37:48 [INFO]  Epoch 36 loss: 239.08133029937744; train accuracy: 0.9414598387265682; test accuracy: 0.15384910878918254
2026-01-22 12:37:48 [INFO]  Client 3 Starts Local Trainning--------|
2026-01-22 12:39:03 [INFO]  Epoch 36 loss: 507.0030059814453; train accuracy: 0.9442551332459589; test accuracy: 0.3105024585125999
2026-01-22 12:39:03 [INFO]  Client 4 Starts Local Trainning--------|
2026-01-22 12:39:37 [INFO]  Epoch 36 loss: 228.98925590515137; train accuracy: 0.9327942875144387; test accuracy: 0.11954517516902274
2026-01-22 12:39:37 [INFO]  Round 36 Finish--------|
2026-01-22 12:39:37 [INFO]  Model variance: mean: 0.004272950813174248, sum: 47745.74609375
2026-01-22 12:39:37 [INFO]  g_protos_std (global internal): 0.999203
2026-01-22 12:39:37 [INFO]  inter_client_proto_std (cross-client): 0.020819
2026-01-22 12:39:37 [INFO]  g_protos_std (global internal): 0.999203
2026-01-22 12:39:37 [INFO]  inter_client_proto_std (cross-client): 0.020819
2026-01-22 12:39:37 [INFO]  V4 Training | Using Simple Feature-level Server.
2026-01-22 12:39:49 [INFO]  The test accuracy of OursV4+SimpleFeatureServer: 0.7329440688383528
2026-01-22 12:39:49 [INFO]  Save config to ./checkpoints/SVHN_alpha0.05/baselines_OursV4+SimpleFeatureServer_SVHN_results.yaml
2026-01-22 12:39:49 [INFO]  Round 37 starts--------|
2026-01-22 12:39:49 [INFO]  Client 0 Starts Local Trainning--------|
2026-01-22 12:41:14 [INFO]  Epoch 37 loss: 643.3367047309875; train accuracy: 0.9640800460696803; test accuracy: 0.5525122925629994
2026-01-22 12:41:14 [INFO]  Client 1 Starts Local Trainning--------|
2026-01-22 12:41:29 [INFO]  Epoch 37 loss: 91.36085224151611; train accuracy: 0.9461691825690687; test accuracy: 0.09081130915795943
2026-01-22 12:41:29 [INFO]  Client 2 Starts Local Trainning--------|
2026-01-22 12:42:02 [INFO]  Epoch 37 loss: 239.86845016479492; train accuracy: 0.9671169755995392; test accuracy: 0.18177627535341118
2026-01-22 12:42:02 [INFO]  Client 3 Starts Local Trainning--------|
2026-01-22 12:43:19 [INFO]  Epoch 37 loss: 506.2989983558655; train accuracy: 0.9643949322848405; test accuracy: 0.31680239704978486
2026-01-22 12:43:19 [INFO]  Client 4 Starts Local Trainning--------|
2026-01-22 12:43:53 [INFO]  Epoch 37 loss: 228.45411825180054; train accuracy: 0.9305891000735063; test accuracy: 0.11639520590043025
2026-01-22 12:43:53 [INFO]  Round 37 Finish--------|
2026-01-22 12:43:53 [INFO]  Model variance: mean: 0.004330998286604881, sum: 48394.3671875
2026-01-22 12:43:53 [INFO]  g_protos_std (global internal): 0.999221
2026-01-22 12:43:53 [INFO]  inter_client_proto_std (cross-client): 0.021010
2026-01-22 12:43:53 [INFO]  g_protos_std (global internal): 0.999221
2026-01-22 12:43:53 [INFO]  inter_client_proto_std (cross-client): 0.021010
2026-01-22 12:43:53 [INFO]  V4 Training | Using Simple Feature-level Server.
2026-01-22 12:44:05 [INFO]  The test accuracy of OursV4+SimpleFeatureServer: 0.7314843269821758
2026-01-22 12:44:05 [INFO]  Save config to ./checkpoints/SVHN_alpha0.05/baselines_OursV4+SimpleFeatureServer_SVHN_results.yaml
2026-01-22 12:44:05 [INFO]  Round 38 starts--------|
2026-01-22 12:44:05 [INFO]  Client 0 Starts Local Trainning--------|
2026-01-22 12:45:23 [INFO]  Epoch 38 loss: 642.116014957428; train accuracy: 0.9667074575295134; test accuracy: 0.544560540872772
2026-01-22 12:45:23 [INFO]  Client 1 Starts Local Trainning--------|
2026-01-22 12:45:37 [INFO]  Epoch 38 loss: 91.37001991271973; train accuracy: 0.9413272571916833; test accuracy: 0.08347418561770129
2026-01-22 12:45:37 [INFO]  Client 2 Starts Local Trainning--------|
2026-01-22 12:46:05 [INFO]  Epoch 38 loss: 238.94888639450073; train accuracy: 0.9646036234160645; test accuracy: 0.18404271665642286
2026-01-22 12:46:05 [INFO]  Client 3 Starts Local Trainning--------|
2026-01-22 12:47:10 [INFO]  Epoch 38 loss: 504.6740674972534; train accuracy: 0.963826998689384; test accuracy: 0.31522741241548863
2026-01-22 12:47:10 [INFO]  Client 4 Starts Local Trainning--------|
2026-01-22 12:47:41 [INFO]  Epoch 38 loss: 227.96530961990356; train accuracy: 0.9345794392523364; test accuracy: 0.11601106330669944
2026-01-22 12:47:41 [INFO]  Round 38 Finish--------|
2026-01-22 12:47:41 [INFO]  Model variance: mean: 0.004388796165585518, sum: 49040.1953125
2026-01-22 12:47:41 [INFO]  g_protos_std (global internal): 0.999241
2026-01-22 12:47:41 [INFO]  inter_client_proto_std (cross-client): 0.021175
2026-01-22 12:47:41 [INFO]  g_protos_std (global internal): 0.999241
2026-01-22 12:47:41 [INFO]  inter_client_proto_std (cross-client): 0.021175
2026-01-22 12:47:41 [INFO]  V4 Training | Using Simple Feature-level Server.
2026-01-22 12:47:52 [INFO]  The test accuracy of OursV4+SimpleFeatureServer: 0.731138598647818
2026-01-22 12:47:52 [INFO]  Save config to ./checkpoints/SVHN_alpha0.05/baselines_OursV4+SimpleFeatureServer_SVHN_results.yaml
2026-01-22 12:47:52 [INFO]  Round 39 starts--------|
2026-01-22 12:47:52 [INFO]  Client 0 Starts Local Trainning--------|
2026-01-22 12:49:10 [INFO]  Epoch 39 loss: 641.9467663764954; train accuracy: 0.9549380938669738; test accuracy: 0.5350722188076213
2026-01-22 12:49:10 [INFO]  Client 1 Starts Local Trainning--------|
2026-01-22 12:49:24 [INFO]  Epoch 39 loss: 91.44878244400024; train accuracy: 0.9515807462261464; test accuracy: 0.09449907805777505
2026-01-22 12:49:24 [INFO]  Client 2 Starts Local Trainning--------|
2026-01-22 12:49:53 [INFO]  Epoch 39 loss: 238.70659255981445; train accuracy: 0.9628233322861033; test accuracy: 0.1717501536570375
2026-01-22 12:49:53 [INFO]  Client 3 Starts Local Trainning--------|
2026-01-22 12:50:58 [INFO]  Epoch 39 loss: 504.98060131073; train accuracy: 0.9514198339886414; test accuracy: 0.3100030731407499
2026-01-22 12:50:58 [INFO]  Client 4 Starts Local Trainning--------|
2026-01-22 12:51:29 [INFO]  Epoch 39 loss: 228.72128534317017; train accuracy: 0.9684973222723932; test accuracy: 0.1251920712968654
2026-01-22 12:51:29 [INFO]  Round 39 Finish--------|
2026-01-22 12:51:29 [INFO]  Model variance: mean: 0.004445414058864117, sum: 49672.84375
2026-01-22 12:51:29 [INFO]  g_protos_std (global internal): 0.999261
2026-01-22 12:51:29 [INFO]  inter_client_proto_std (cross-client): 0.021369
2026-01-22 12:51:29 [INFO]  g_protos_std (global internal): 0.999261
2026-01-22 12:51:29 [INFO]  inter_client_proto_std (cross-client): 0.021369
2026-01-22 12:51:29 [INFO]  V4 Training | Using Simple Feature-level Server.
2026-01-22 12:51:40 [INFO]  The test accuracy of OursV4+SimpleFeatureServer: 0.7184618930547019
2026-01-22 12:51:40 [INFO]  Save config to ./checkpoints/SVHN_alpha0.05/baselines_OursV4+SimpleFeatureServer_SVHN_results.yaml
2026-01-22 12:51:40 [INFO]  Round 40 starts--------|
2026-01-22 12:51:40 [INFO]  Client 0 Starts Local Trainning--------|
2026-01-22 12:53:00 [INFO]  Epoch 40 loss: 641.0091323852539; train accuracy: 0.9563777713792111; test accuracy: 0.5482098955132145
2026-01-22 12:53:01 [INFO]  Save the model in ./checkpoints/SVHN_alpha0.05/local_models/client_0/epoch_40.pth
2026-01-22 12:53:01 [INFO]  Client 1 Starts Local Trainning--------|
2026-01-22 12:53:14 [INFO]  Epoch 40 loss: 91.2407374382019; train accuracy: 0.9501566505269154; test accuracy: 0.09242470805162877
2026-01-22 12:53:15 [INFO]  Save the model in ./checkpoints/SVHN_alpha0.05/local_models/client_1/epoch_40.pth
2026-01-22 12:53:15 [INFO]  Client 2 Starts Local Trainning--------|
2026-01-22 12:53:42 [INFO]  Epoch 40 loss: 239.24941778182983; train accuracy: 0.9315111530003142; test accuracy: 0.1767440073755378
2026-01-22 12:53:42 [INFO]  Save the model in ./checkpoints/SVHN_alpha0.05/local_models/client_2/epoch_40.pth
2026-01-22 12:53:42 [INFO]  Client 3 Starts Local Trainning--------|
2026-01-22 12:54:45 [INFO]  Epoch 40 loss: 503.596519947052; train accuracy: 0.9636959370904326; test accuracy: 0.31495851259987706
2026-01-22 12:54:46 [INFO]  Save the model in ./checkpoints/SVHN_alpha0.05/local_models/client_3/epoch_40.pth
2026-01-22 12:54:46 [INFO]  Client 4 Starts Local Trainning--------|
2026-01-22 12:55:15 [INFO]  Epoch 40 loss: 228.3972578048706; train accuracy: 0.9711225454163603; test accuracy: 0.12523048555623847
2026-01-22 12:55:15 [INFO]  Save the model in ./checkpoints/SVHN_alpha0.05/local_models/client_4/epoch_40.pth
2026-01-22 12:55:15 [INFO]  Round 40 Finish--------|
2026-01-22 12:55:15 [INFO]  Model variance: mean: 0.004501843359321356, sum: 50303.37890625
2026-01-22 12:55:15 [INFO]  g_protos_std (global internal): 0.999280
2026-01-22 12:55:15 [INFO]  inter_client_proto_std (cross-client): 0.021542
2026-01-22 12:55:15 [INFO]  g_protos_std (global internal): 0.999280
2026-01-22 12:55:15 [INFO]  inter_client_proto_std (cross-client): 0.021542
2026-01-22 12:55:15 [INFO]  V4 Training | Using Simple Feature-level Server.
2026-01-22 12:55:27 [INFO]  The test accuracy of OursV4+SimpleFeatureServer: 0.7404732636754764
2026-01-22 12:55:27 [INFO]  Save config to ./checkpoints/SVHN_alpha0.05/baselines_OursV4+SimpleFeatureServer_SVHN_results.yaml
2026-01-22 12:55:27 [INFO]  Round 41 starts--------|
2026-01-22 12:55:27 [INFO]  Client 0 Starts Local Trainning--------|
2026-01-22 12:56:42 [INFO]  Epoch 41 loss: 640.0193333625793; train accuracy: 0.9668874172185431; test accuracy: 0.5574293177627535
2026-01-22 12:56:42 [INFO]  Client 1 Starts Local Trainning--------|
2026-01-22 12:56:55 [INFO]  Epoch 41 loss: 91.13713121414185; train accuracy: 0.9407576189119908; test accuracy: 0.08105408727719729
2026-01-22 12:56:55 [INFO]  Client 2 Starts Local Trainning--------|
2026-01-22 12:57:24 [INFO]  Epoch 41 loss: 238.89981412887573; train accuracy: 0.9656508534925123; test accuracy: 0.17939459127228027
2026-01-22 12:57:24 [INFO]  Client 3 Starts Local Trainning--------|
2026-01-22 12:58:24 [INFO]  Epoch 41 loss: 503.49645376205444; train accuracy: 0.9640454346876365; test accuracy: 0.31680239704978486
2026-01-22 12:58:24 [INFO]  Client 4 Starts Local Trainning--------|
2026-01-22 12:58:54 [INFO]  Epoch 41 loss: 227.84415578842163; train accuracy: 0.9309041268507823; test accuracy: 0.12273355869698832
2026-01-22 12:58:54 [INFO]  Round 41 Finish--------|
2026-01-22 12:58:54 [INFO]  Model variance: mean: 0.004557594191282988, sum: 50926.3359375
2026-01-22 12:58:54 [INFO]  g_protos_std (global internal): 0.999295
2026-01-22 12:58:54 [INFO]  inter_client_proto_std (cross-client): 0.021758
2026-01-22 12:58:54 [INFO]  g_protos_std (global internal): 0.999295
2026-01-22 12:58:54 [INFO]  inter_client_proto_std (cross-client): 0.021758
2026-01-22 12:58:54 [INFO]  V4 Training | Using Simple Feature-level Server.
2026-01-22 12:59:06 [INFO]  The test accuracy of OursV4+SimpleFeatureServer: 0.7429701905347265
2026-01-22 12:59:06 [INFO]  Save config to ./checkpoints/SVHN_alpha0.05/baselines_OursV4+SimpleFeatureServer_SVHN_results.yaml
2026-01-22 12:59:06 [INFO]  Round 42 starts--------|
2026-01-22 12:59:06 [INFO]  Client 0 Starts Local Trainning--------|
2026-01-22 13:00:18 [INFO]  Epoch 42 loss: 640.9023323059082; train accuracy: 0.9707385545637777; test accuracy: 0.5575445605408728
2026-01-22 13:00:18 [INFO]  Client 1 Starts Local Trainning--------|
2026-01-22 13:00:34 [INFO]  Epoch 42 loss: 91.163330078125; train accuracy: 0.9441754485901452; test accuracy: 0.0856637984019668
2026-01-22 13:00:34 [INFO]  Client 2 Starts Local Trainning--------|
2026-01-22 13:01:06 [INFO]  Epoch 42 loss: 238.31271409988403; train accuracy: 0.9618808252173002; test accuracy: 0.17724339274738782
2026-01-22 13:01:06 [INFO]  Client 3 Starts Local Trainning--------|
2026-01-22 13:02:12 [INFO]  Epoch 42 loss: 502.9658713340759; train accuracy: 0.9533420707732634; test accuracy: 0.31503534111862325
2026-01-22 13:02:12 [INFO]  Client 4 Starts Local Trainning--------|
2026-01-22 13:02:39 [INFO]  Epoch 42 loss: 227.99238538742065; train accuracy: 0.9588365011025938; test accuracy: 0.12261831591886908
2026-01-22 13:02:39 [INFO]  Round 42 Finish--------|
2026-01-22 13:02:39 [INFO]  Model variance: mean: 0.004613481927663088, sum: 51550.82421875
2026-01-22 13:02:39 [INFO]  g_protos_std (global internal): 0.999318
2026-01-22 13:02:39 [INFO]  inter_client_proto_std (cross-client): 0.021963
2026-01-22 13:02:39 [INFO]  g_protos_std (global internal): 0.999318
2026-01-22 13:02:39 [INFO]  inter_client_proto_std (cross-client): 0.021963
2026-01-22 13:02:39 [INFO]  V4 Training | Using Simple Feature-level Server.
2026-01-22 13:02:51 [INFO]  The test accuracy of OursV4+SimpleFeatureServer: 0.7505377996312231
2026-01-22 13:02:51 [INFO]  Save config to ./checkpoints/SVHN_alpha0.05/baselines_OursV4+SimpleFeatureServer_SVHN_results.yaml
2026-01-22 13:02:51 [INFO]  Round 43 starts--------|
2026-01-22 13:02:51 [INFO]  Client 0 Starts Local Trainning--------|
2026-01-22 13:04:03 [INFO]  Epoch 43 loss: 639.3880815505981; train accuracy: 0.9437086092715232; test accuracy: 0.5079517516902274
2026-01-22 13:04:03 [INFO]  Client 1 Starts Local Trainning--------|
2026-01-22 13:04:15 [INFO]  Epoch 43 loss: 90.746817111969; train accuracy: 0.9438906294502991; test accuracy: 0.08793023970497849
2026-01-22 13:04:15 [INFO]  Client 2 Starts Local Trainning--------|
2026-01-22 13:04:49 [INFO]  Epoch 43 loss: 238.65357971191406; train accuracy: 0.9603099801026286; test accuracy: 0.1728641671788568
2026-01-22 13:04:49 [INFO]  Client 3 Starts Local Trainning--------|
2026-01-22 13:05:52 [INFO]  Epoch 43 loss: 501.8720726966858; train accuracy: 0.9615115771079074; test accuracy: 0.3156499692685925
2026-01-22 13:05:52 [INFO]  Client 4 Starts Local Trainning--------|
2026-01-22 13:06:22 [INFO]  Epoch 43 loss: 228.3988814353943; train accuracy: 0.9662921348314607; test accuracy: 0.12526889981561157
2026-01-22 13:06:22 [INFO]  Round 43 Finish--------|
2026-01-22 13:06:22 [INFO]  Model variance: mean: 0.0046675861813127995, sum: 52155.3828125
2026-01-22 13:06:22 [INFO]  g_protos_std (global internal): 0.999332
2026-01-22 13:06:22 [INFO]  inter_client_proto_std (cross-client): 0.022091
2026-01-22 13:06:22 [INFO]  g_protos_std (global internal): 0.999332
2026-01-22 13:06:22 [INFO]  inter_client_proto_std (cross-client): 0.022091
2026-01-22 13:06:22 [INFO]  V4 Training | Using Simple Feature-level Server.
2026-01-22 13:06:33 [INFO]  The test accuracy of OursV4+SimpleFeatureServer: 0.7350952673632453
2026-01-22 13:06:33 [INFO]  Save config to ./checkpoints/SVHN_alpha0.05/baselines_OursV4+SimpleFeatureServer_SVHN_results.yaml
2026-01-22 13:06:33 [INFO]  Round 44 starts--------|
2026-01-22 13:06:33 [INFO]  Client 0 Starts Local Trainning--------|
2026-01-22 13:07:42 [INFO]  Epoch 44 loss: 638.03360414505; train accuracy: 0.971098473941837; test accuracy: 0.5662645974185617
2026-01-22 13:07:42 [INFO]  Client 1 Starts Local Trainning--------|
2026-01-22 13:07:56 [INFO]  Epoch 44 loss: 90.78499364852905; train accuracy: 0.9407576189119908; test accuracy: 0.08650891210817456
2026-01-22 13:07:56 [INFO]  Client 2 Starts Local Trainning--------|
2026-01-22 13:08:25 [INFO]  Epoch 44 loss: 237.73432064056396; train accuracy: 0.9545502146821657; test accuracy: 0.1680239704978488
2026-01-22 13:08:25 [INFO]  Client 3 Starts Local Trainning--------|
2026-01-22 13:09:31 [INFO]  Epoch 44 loss: 502.378212928772; train accuracy: 0.955133245958934; test accuracy: 0.31246158574062693
2026-01-22 13:09:31 [INFO]  Client 4 Starts Local Trainning--------|
2026-01-22 13:09:59 [INFO]  Epoch 44 loss: 226.54651927947998; train accuracy: 0.9554762154783156; test accuracy: 0.1229640442532268
2026-01-22 13:09:59 [INFO]  Round 44 Finish--------|
2026-01-22 13:09:59 [INFO]  Model variance: mean: 0.0047211539931595325, sum: 52753.9453125
2026-01-22 13:09:59 [INFO]  g_protos_std (global internal): 0.999350
2026-01-22 13:09:59 [INFO]  inter_client_proto_std (cross-client): 0.022251
2026-01-22 13:09:59 [INFO]  g_protos_std (global internal): 0.999350
2026-01-22 13:09:59 [INFO]  inter_client_proto_std (cross-client): 0.022251
2026-01-22 13:09:59 [INFO]  V4 Training | Using Simple Feature-level Server.
2026-01-22 13:10:11 [INFO]  The test accuracy of OursV4+SimpleFeatureServer: 0.7402811923786109
2026-01-22 13:10:11 [INFO]  Save config to ./checkpoints/SVHN_alpha0.05/baselines_OursV4+SimpleFeatureServer_SVHN_results.yaml
2026-01-22 13:10:11 [INFO]  Round 45 starts--------|
2026-01-22 13:10:11 [INFO]  Client 0 Starts Local Trainning--------|
2026-01-22 13:11:28 [INFO]  Epoch 45 loss: 636.23712682724; train accuracy: 0.9700187158076591; test accuracy: 0.5583128457283344
2026-01-22 13:11:28 [INFO]  Save the model in ./checkpoints/SVHN_alpha0.05/local_models/client_0/epoch_45.pth
2026-01-22 13:11:28 [INFO]  Client 1 Starts Local Trainning--------|
2026-01-22 13:11:41 [INFO]  Epoch 45 loss: 90.46989393234253; train accuracy: 0.9447450868698376; test accuracy: 0.08812231100184388
2026-01-22 13:11:41 [INFO]  Save the model in ./checkpoints/SVHN_alpha0.05/local_models/client_1/epoch_45.pth
2026-01-22 13:11:41 [INFO]  Client 2 Starts Local Trainning--------|
2026-01-22 13:12:11 [INFO]  Epoch 45 loss: 238.22831344604492; train accuracy: 0.9655461304848675; test accuracy: 0.17662876459741855
2026-01-22 13:12:11 [INFO]  Save the model in ./checkpoints/SVHN_alpha0.05/local_models/client_2/epoch_45.pth
2026-01-22 13:12:11 [INFO]  Client 3 Starts Local Trainning--------|
2026-01-22 13:13:22 [INFO]  Epoch 45 loss: 502.62843132019043; train accuracy: 0.9693752730449978; test accuracy: 0.31780116779348494
2026-01-22 13:13:22 [INFO]  Save the model in ./checkpoints/SVHN_alpha0.05/local_models/client_3/epoch_45.pth
2026-01-22 13:13:23 [INFO]  Client 4 Starts Local Trainning--------|
2026-01-22 13:13:54 [INFO]  Epoch 45 loss: 227.91892766952515; train accuracy: 0.966502152682978; test accuracy: 0.1261140135218193
2026-01-22 13:13:54 [INFO]  Save the model in ./checkpoints/SVHN_alpha0.05/local_models/client_4/epoch_45.pth
2026-01-22 13:13:54 [INFO]  Round 45 Finish--------|
2026-01-22 13:13:54 [INFO]  Model variance: mean: 0.004773974884301424, sum: 53344.1640625
2026-01-22 13:13:54 [INFO]  g_protos_std (global internal): 0.999367
2026-01-22 13:13:54 [INFO]  inter_client_proto_std (cross-client): 0.022425
2026-01-22 13:13:54 [INFO]  g_protos_std (global internal): 0.999367
2026-01-22 13:13:54 [INFO]  inter_client_proto_std (cross-client): 0.022425
2026-01-22 13:13:54 [INFO]  V4 Training | Using Simple Feature-level Server.
2026-01-22 13:14:05 [INFO]  The test accuracy of OursV4+SimpleFeatureServer: 0.757298709280885
2026-01-22 13:14:05 [INFO]  Save config to ./checkpoints/SVHN_alpha0.05/baselines_OursV4+SimpleFeatureServer_SVHN_results.yaml
2026-01-22 13:14:05 [INFO]  Round 46 starts--------|
2026-01-22 13:14:05 [INFO]  Client 0 Starts Local Trainning--------|
2026-01-22 13:15:24 [INFO]  Epoch 46 loss: 638.2202825546265; train accuracy: 0.970090699683271; test accuracy: 0.5687231100184389
2026-01-22 13:15:24 [INFO]  Client 1 Starts Local Trainning--------|
2026-01-22 13:15:38 [INFO]  Epoch 46 loss: 90.58675813674927; train accuracy: 0.9410424380518371; test accuracy: 0.08554855562384757
2026-01-22 13:15:38 [INFO]  Client 2 Starts Local Trainning--------|
2026-01-22 13:16:07 [INFO]  Epoch 46 loss: 237.97075748443604; train accuracy: 0.9669075295842496; test accuracy: 0.1757836508912108
2026-01-22 13:16:07 [INFO]  Client 3 Starts Local Trainning--------|
2026-01-22 13:17:13 [INFO]  Epoch 46 loss: 502.405620098114; train accuracy: 0.9681957186544342; test accuracy: 0.31979870928088505
2026-01-22 13:17:13 [INFO]  Client 4 Starts Local Trainning--------|
2026-01-22 13:17:43 [INFO]  Epoch 46 loss: 227.1871600151062; train accuracy: 0.9566313136616612; test accuracy: 0.12284880147510756
2026-01-22 13:17:43 [INFO]  Round 46 Finish--------|
2026-01-22 13:17:43 [INFO]  Model variance: mean: 0.00482579180970788, sum: 53923.16796875
2026-01-22 13:17:43 [INFO]  g_protos_std (global internal): 0.999383
2026-01-22 13:17:43 [INFO]  inter_client_proto_std (cross-client): 0.022573
2026-01-22 13:17:43 [INFO]  g_protos_std (global internal): 0.999383
2026-01-22 13:17:43 [INFO]  inter_client_proto_std (cross-client): 0.022573
2026-01-22 13:17:43 [INFO]  V4 Training | Using Simple Feature-level Server.
2026-01-22 13:17:54 [INFO]  The test accuracy of OursV4+SimpleFeatureServer: 0.7557621389059619
2026-01-22 13:17:54 [INFO]  Save config to ./checkpoints/SVHN_alpha0.05/baselines_OursV4+SimpleFeatureServer_SVHN_results.yaml
2026-01-22 13:17:54 [INFO]  Round 47 starts--------|
2026-01-22 13:17:54 [INFO]  Client 0 Starts Local Trainning--------|
2026-01-22 13:19:16 [INFO]  Epoch 47 loss: 637.0021624565125; train accuracy: 0.96638353008926; test accuracy: 0.5576982175783651
2026-01-22 13:19:16 [INFO]  Client 1 Starts Local Trainning--------|
2026-01-22 13:19:31 [INFO]  Epoch 47 loss: 90.82653617858887; train accuracy: 0.952435203645685; test accuracy: 0.10321911493546404
2026-01-22 13:19:31 [INFO]  Client 2 Starts Local Trainning--------|
2026-01-22 13:20:02 [INFO]  Epoch 47 loss: 237.9210548400879; train accuracy: 0.9651272384542884; test accuracy: 0.17159649661954518
2026-01-22 13:20:02 [INFO]  Client 3 Starts Local Trainning--------|
2026-01-22 13:21:15 [INFO]  Epoch 47 loss: 501.8304400444031; train accuracy: 0.9724770642201835; test accuracy: 0.31803165334972344
2026-01-22 13:21:15 [INFO]  Client 4 Starts Local Trainning--------|
2026-01-22 13:21:44 [INFO]  Epoch 47 loss: 226.95368432998657; train accuracy: 0.9474955371206553; test accuracy: 0.11912261831591887
2026-01-22 13:21:44 [INFO]  Round 47 Finish--------|
2026-01-22 13:21:44 [INFO]  Model variance: mean: 0.004877192433923483, sum: 54497.51171875
2026-01-22 13:21:44 [INFO]  g_protos_std (global internal): 0.999397
2026-01-22 13:21:44 [INFO]  inter_client_proto_std (cross-client): 0.022728
2026-01-22 13:21:44 [INFO]  g_protos_std (global internal): 0.999397
2026-01-22 13:21:44 [INFO]  inter_client_proto_std (cross-client): 0.022728
2026-01-22 13:21:44 [INFO]  V4 Training | Using Simple Feature-level Server.
2026-01-22 13:21:56 [INFO]  The test accuracy of OursV4+SimpleFeatureServer: 0.7320221266133989
2026-01-22 13:21:56 [INFO]  Save config to ./checkpoints/SVHN_alpha0.05/baselines_OursV4+SimpleFeatureServer_SVHN_results.yaml
2026-01-22 13:21:56 [INFO]  Round 48 starts--------|
2026-01-22 13:21:56 [INFO]  Client 0 Starts Local Trainning--------|
2026-01-22 13:23:17 [INFO]  Epoch 48 loss: 636.5590653419495; train accuracy: 0.9709545061906133; test accuracy: 0.5676475107559926
2026-01-22 13:23:17 [INFO]  Client 1 Starts Local Trainning--------|
2026-01-22 13:23:32 [INFO]  Epoch 48 loss: 90.3530626296997; train accuracy: 0.9430361720307605; test accuracy: 0.08600952673632452
2026-01-22 13:23:32 [INFO]  Client 2 Starts Local Trainning--------|
2026-01-22 13:24:04 [INFO]  Epoch 48 loss: 237.46544313430786; train accuracy: 0.9624044402555242; test accuracy: 0.16956054087277198
2026-01-22 13:24:04 [INFO]  Client 3 Starts Local Trainning--------|
2026-01-22 13:25:15 [INFO]  Epoch 48 loss: 500.00215196609497; train accuracy: 0.963652249890782; test accuracy: 0.3164182544560541
2026-01-22 13:25:15 [INFO]  Client 4 Starts Local Trainning--------|
2026-01-22 13:25:50 [INFO]  Epoch 48 loss: 226.68210124969482; train accuracy: 0.9583114564738002; test accuracy: 0.12526889981561157
2026-01-22 13:25:50 [INFO]  Round 48 Finish--------|
2026-01-22 13:25:50 [INFO]  Model variance: mean: 0.004928395617753267, sum: 55069.65625
2026-01-22 13:25:50 [INFO]  g_protos_std (global internal): 0.999419
2026-01-22 13:25:50 [INFO]  inter_client_proto_std (cross-client): 0.022869
2026-01-22 13:25:50 [INFO]  g_protos_std (global internal): 0.999419
2026-01-22 13:25:50 [INFO]  inter_client_proto_std (cross-client): 0.022869
2026-01-22 13:25:50 [INFO]  V4 Training | Using Simple Feature-level Server.
2026-01-22 13:26:02 [INFO]  The test accuracy of OursV4+SimpleFeatureServer: 0.7616011063306699
2026-01-22 13:26:02 [INFO]  Save config to ./checkpoints/SVHN_alpha0.05/baselines_OursV4+SimpleFeatureServer_SVHN_results.yaml
2026-01-22 13:26:02 [INFO]  Round 49 starts--------|
2026-01-22 13:26:02 [INFO]  Client 0 Starts Local Trainning--------|
2026-01-22 13:27:31 [INFO]  Epoch 49 loss: 636.2068252563477; train accuracy: 0.9752375467895191; test accuracy: 0.5542409342347879
2026-01-22 13:27:31 [INFO]  Client 1 Starts Local Trainning--------|
2026-01-22 13:27:47 [INFO]  Epoch 49 loss: 90.53817319869995; train accuracy: 0.9239532896610653; test accuracy: 0.1082897971727105
2026-01-22 13:27:47 [INFO]  Client 2 Starts Local Trainning--------|
2026-01-22 13:28:23 [INFO]  Epoch 49 loss: 237.12041521072388; train accuracy: 0.9643941774007749; test accuracy: 0.17455439459127228
2026-01-22 13:28:23 [INFO]  Client 3 Starts Local Trainning--------|
2026-01-22 13:29:31 [INFO]  Epoch 49 loss: 498.8611092567444; train accuracy: 0.9491044124071647; test accuracy: 0.31276889981561157
2026-01-22 13:29:31 [INFO]  Client 4 Starts Local Trainning--------|
2026-01-22 13:30:03 [INFO]  Epoch 49 loss: 226.0314679145813; train accuracy: 0.9747978578179145; test accuracy: 0.12572987092808852
2026-01-22 13:30:03 [INFO]  Round 49 Finish--------|
2026-01-22 13:30:03 [INFO]  Model variance: mean: 0.004979700781404972, sum: 55642.9375
2026-01-22 13:30:03 [INFO]  g_protos_std (global internal): 0.999439
2026-01-22 13:30:03 [INFO]  inter_client_proto_std (cross-client): 0.023029
2026-01-22 13:30:03 [INFO]  g_protos_std (global internal): 0.999439
2026-01-22 13:30:03 [INFO]  inter_client_proto_std (cross-client): 0.023029
2026-01-22 13:30:03 [INFO]  V4 Training | Using Simple Feature-level Server.
2026-01-22 13:30:15 [INFO]  The test accuracy of OursV4+SimpleFeatureServer: 0.748040872771973
2026-01-22 13:30:15 [INFO]  Save config to ./checkpoints/SVHN_alpha0.05/baselines_OursV4+SimpleFeatureServer_SVHN_results.yaml
