2025-10-17 08:24:41 [INFO]  Load config from ./configs/SVHN_alpha0.05.yaml
2025-10-17 08:24:41 [INFO]  config: {'exp_name': 'SVHN_alpha0.05', 'dataset': {'data_name': 'SVHN', 'root_path': '~/datasets/', 'train_batch_size': 256, 'test_batch_size': 256, 'channels': 3, 'num_classes': 10, 'image_size': 32, 'aux_data_name': 'SVHN', 'aux_root_path': '~/datasets/', 'aux_split': 'test'}, 'distribution': {'type': 'dirichlet', 'label_num_per_client': 2, 'alpha': 0.05}, 'client': {'num_clients': 5}, 'server': {'num_rounds': 200, 'frac_clients': 1.0, 'lr': 0.001, 'local_epochs': 1, 'optimizer': 'sgd', 'momentum': 0.9, 'weight_decay': 0.0001, 'loss_name': 'ce', 'model_name': 'resnet18', 'aggregated_by_datasize': True, 'lr_decay_per_round': 0.998}, 'device': 'cuda:0', 'checkpoint': {'save_path': './checkpoints/', 'save_freq': 5, 'result_file': 'SVHN_results.yaml'}, 'pretrain': {'lr': 0.01, 'epoch': 70, 'model_path': './pretrain/', 'momentum': 0.9, 'weight_decay': 0.0001, 'model_name': 'resnet18', 'model_file_name': 'resnet18-f37072fd.pth'}, 'DBCD': {'alpha_l_pa': 1, 'alpha_l_pb': 1, 'alpha_l_pc': 0.0, 'Beta_alpha': 0.2, 'unsup_method': 'infonce', 'contrastive_temperature': 0.5, 'encoder_epoch': 40, 'projector_epoch': 10, 'use_pretrain': False, 'aug_batch_size': 512, 'encoder_lr': 0.03, 'cls_optimizer': 'sgd', 'cls_lr': 0.05, 'supcon_temp': 0.07, 'super_gr': 100, 'aux_with_public': True}, 'etf': {'loss_name': 'ce'}, 'visualization': {'interval': 5, 'save_path': 'visualization/resnet18', 'vis_size': 16}, 'resume': True, 'resume_best': False, 'seed': 114514, 'lambda_align_initial': 5.0}
2025-10-17 08:24:45 [INFO]  Dataset SVHN loaded
2025-10-17 08:24:45 [INFO]  Dataset index dict loaded from preprocessed_data/SVHN.pt
2025-10-17 08:24:45 [INFO]  Data distribution generated correctly using the corrected dirichlet function.
2025-10-17 08:24:45 [INFO]  Total assigned samples: 73257
2025-10-17 08:24:45 [INFO]  OneshotOurs
2025-10-17 08:24:46 [INFO]  Round 0 starts--------|
2025-10-17 08:24:46 [INFO]  Client 0 Starts Local Trainning--------|
2025-10-17 08:24:46 [INFO]  generating sample per sample
2025-10-17 08:25:00 [INFO]  Epoch 0 loss: 462.88703536987305; train accuracy: 0.010223048327137546; test accuracy: 0.06707129686539644
2025-10-17 08:25:00 [INFO]  Save the model in ./checkpoints/SVHN_alpha0.05/local_models/client_0/epoch_0.pth
2025-10-17 08:25:00 [INFO]  Client 0 Finish Local Training--------|
2025-10-17 08:25:00 [INFO]  Client 0 Collecting Local Prototypes--------|
2025-10-17 08:25:00 [INFO]  Client 1 Starts Local Trainning--------|
2025-10-17 08:25:04 [INFO]  generating sample per sample
2025-10-17 08:25:32 [INFO]  Epoch 0 loss: 2349.6962661743164; train accuracy: 0.0; test accuracy: 0.06691763982790412
2025-10-17 08:25:33 [INFO]  Save the model in ./checkpoints/SVHN_alpha0.05/local_models/client_1/epoch_0.pth
2025-10-17 08:25:33 [INFO]  Client 1 Finish Local Training--------|
2025-10-17 08:25:33 [INFO]  Client 1 Collecting Local Prototypes--------|
2025-10-17 08:25:33 [INFO]  Client 2 Starts Local Trainning--------|
2025-10-17 08:25:37 [INFO]  generating sample per sample
2025-10-17 08:26:03 [INFO]  Epoch 0 loss: 2301.418197631836; train accuracy: 0.028707733511884836; test accuracy: 0.0669560540872772
2025-10-17 08:26:03 [INFO]  Save the model in ./checkpoints/SVHN_alpha0.05/local_models/client_2/epoch_0.pth
2025-10-17 08:26:03 [INFO]  Client 2 Finish Local Training--------|
2025-10-17 08:26:03 [INFO]  Client 2 Collecting Local Prototypes--------|
2025-10-17 08:26:03 [INFO]  Client 3 Starts Local Trainning--------|
2025-10-17 08:26:13 [INFO]  generating sample per sample
