2025-09-28 11:01:28 [INFO]  Load config from ./configs/Tiny_alpha0.3.yaml
2025-09-28 11:01:28 [INFO]  config: {'exp_name': 'Tiny_alpha0.3', 'dataset': {'data_name': 'Tiny-ImageNet', 'root_path': '~/datasets/', 'train_batch_size': 256, 'test_batch_size': 256, 'channels': 3, 'num_classes': 200, 'image_size': 64, 'aux_data_name': 'Tiny-ImageNet', 'aux_root_path': '~/datasets/', 'aux_split': 'test'}, 'distribution': {'type': 'dirichlet', 'label_num_per_client': 2, 'alpha': 0.3}, 'client': {'num_clients': 5}, 'server': {'num_rounds': 10, 'frac_clients': 1.0, 'lr': 0.05, 'local_epochs': 5, 'optimizer': 'sgd', 'momentum': 0.9, 'weight_decay': 0.0001, 'loss_name': 'ce', 'model_name': 'resnet18', 'aggregated_by_datasize': True, 'lr_decay_per_round': 0.998}, 'device': 'cuda:0', 'checkpoint': {'save_path': './checkpoints/', 'save_freq': 5, 'result_file': 'CIFAR10_results.yaml'}, 'pretrain': {'lr': 0.01, 'epoch': 70, 'model_path': './pretrain/', 'momentum': 0.9, 'weight_decay': 0.0001, 'model_name': 'resnet18', 'model_file_name': 'resnet18-f37072fd.pth'}, 'DBCD': {'alpha_l_pa': 1, 'alpha_l_pb': 1, 'alpha_l_pc': 0.0, 'Beta_alpha': 0.2, 'unsup_method': 'infonce', 'contrastive_temperature': 0.5, 'encoder_epoch': 40, 'projector_epoch': 10, 'use_pretrain': False, 'aug_batch_size': 512, 'encoder_lr': 0.03, 'cls_optimizer': 'sgd', 'cls_lr': 0.05, 'supcon_temp': 0.07, 'super_gr': 100, 'aux_with_public': True}, 'etf': {'loss_name': 'ce'}, 'visualization': {'interval': 5, 'save_path': 'visualization/resnet18', 'vis_size': 16}, 'resume': True, 'resume_best': False, 'seed': 1, 'lambda_align_initial': 5.0}
2025-09-28 11:01:29 [INFO]  Dataset Tiny-ImageNet loaded
2025-09-28 11:01:29 [INFO]  Dataset index dict loaded from preprocessed_data/Tiny-ImageNet.pt
2025-09-28 11:01:29 [INFO]  OneshotOursV7 with DRCL (ETF Anchors) and Lambda Annealing
2025-09-28 11:01:30 [INFO]  Initialized ETF fixed anchors with shape: torch.Size([200, 512])
2025-09-28 11:01:30 [INFO]  Round 0 starts--------|
2025-09-28 11:01:30 [INFO]  Client 0 Starts Local Trainning--------|
2025-09-28 11:11:32 [INFO]  Epoch 0 loss: 4463.804407119751; train accuracy: 0.027451756912442397; test accuracy: 0.0017
2025-09-28 11:11:33 [INFO]  Save the model in ./checkpoints/Tiny_alpha0.3/local_models/client_0/epoch_0.pth
2025-09-28 11:19:29 [INFO]  Epoch 1 loss: 3907.710834503174; train accuracy: 0.038180443548387094; test accuracy: 0.0019
2025-09-28 11:27:00 [INFO]  Epoch 2 loss: 3528.0020332336426; train accuracy: 0.09940236175115208; test accuracy: 0.0016
2025-09-28 11:34:46 [INFO]  Epoch 3 loss: 3143.5942602157593; train accuracy: 0.10302059331797235; test accuracy: 0.0015
2025-09-28 11:42:19 [INFO]  Epoch 4 loss: 2824.7542304992676; train accuracy: 0.10912298387096774; test accuracy: 0.0063
2025-09-28 11:42:19 [INFO]  Client 0 Finish Local Training--------|
2025-09-28 11:42:19 [INFO]  Client 0 Collecting Local Prototypes--------|
2025-09-28 11:42:19 [INFO]  Client 1 Starts Local Trainning--------|
2025-09-28 11:52:47 [INFO]  Epoch 0 loss: 4831.787488937378; train accuracy: 0.03427526595744681; test accuracy: 0.0
2025-09-28 11:52:47 [INFO]  Save the model in ./checkpoints/Tiny_alpha0.3/local_models/client_1/epoch_0.pth
2025-09-28 12:01:10 [INFO]  Epoch 1 loss: 4229.402063369751; train accuracy: 0.05021609042553191; test accuracy: 0.0
2025-09-28 12:09:28 [INFO]  Epoch 2 loss: 3804.240640640259; train accuracy: 0.07652925531914893; test accuracy: 0.0
2025-09-28 12:17:39 [INFO]  Epoch 3 loss: 3396.2138385772705; train accuracy: 0.10249335106382979; test accuracy: 0.0
2025-09-28 12:25:51 [INFO]  Epoch 4 loss: 3056.5520544052124; train accuracy: 0.1300531914893617; test accuracy: 0.0
2025-09-28 12:25:51 [INFO]  Client 1 Finish Local Training--------|
2025-09-28 12:25:51 [INFO]  Client 1 Collecting Local Prototypes--------|
2025-09-28 12:25:51 [INFO]  Client 2 Starts Local Trainning--------|
2025-09-28 12:36:47 [INFO]  Epoch 0 loss: 4916.97292137146; train accuracy: 0.01795561974789916; test accuracy: 0.0
2025-09-28 12:36:47 [INFO]  Save the model in ./checkpoints/Tiny_alpha0.3/local_models/client_2/epoch_0.pth
2025-09-28 12:45:04 [INFO]  Epoch 1 loss: 4293.331743240356; train accuracy: 0.06394432773109243; test accuracy: 0.0
2025-09-28 12:53:24 [INFO]  Epoch 2 loss: 3833.4157543182373; train accuracy: 0.0741859243697479; test accuracy: 0.0
2025-09-28 13:01:41 [INFO]  Epoch 3 loss: 3440.150393486023; train accuracy: 0.1251969537815126; test accuracy: 0.0
2025-09-28 13:10:10 [INFO]  Epoch 4 loss: 3087.3765783309937; train accuracy: 0.10807838760504201; test accuracy: 0.0
2025-09-28 13:10:10 [INFO]  Client 2 Finish Local Training--------|
2025-09-28 13:10:10 [INFO]  Client 2 Collecting Local Prototypes--------|
2025-09-28 13:10:10 [INFO]  Client 3 Starts Local Trainning--------|
2025-09-28 13:21:21 [INFO]  Epoch 0 loss: 5016.3899936676025; train accuracy: 0.021363811728395063; test accuracy: 0.0
2025-09-28 13:21:21 [INFO]  Save the model in ./checkpoints/Tiny_alpha0.3/local_models/client_3/epoch_0.pth
2025-09-28 13:29:27 [INFO]  Epoch 1 loss: 4397.7877368927; train accuracy: 0.05230838477366255; test accuracy: 0.0
2025-09-28 13:37:26 [INFO]  Epoch 2 loss: 3923.1952905654907; train accuracy: 0.0857445987654321; test accuracy: 0.0003
2025-09-28 13:45:50 [INFO]  Epoch 3 loss: 3515.0382385253906; train accuracy: 0.10252700617283951; test accuracy: 0.0
2025-09-28 13:53:53 [INFO]  Epoch 4 loss: 3156.2723751068115; train accuracy: 0.10718878600823045; test accuracy: 0.0
2025-09-28 13:53:53 [INFO]  Client 3 Finish Local Training--------|
2025-09-28 13:53:53 [INFO]  Client 3 Collecting Local Prototypes--------|
2025-09-28 13:53:53 [INFO]  Client 4 Starts Local Trainning--------|
2025-09-28 14:02:33 [INFO]  Epoch 0 loss: 4587.661716461182; train accuracy: 0.025364349775784754; test accuracy: 0.0
2025-09-28 14:02:33 [INFO]  Save the model in ./checkpoints/Tiny_alpha0.3/local_models/client_4/epoch_0.pth
2025-09-28 14:09:12 [INFO]  Epoch 1 loss: 4000.89573097229; train accuracy: 0.08099775784753363; test accuracy: 0.001
2025-09-28 14:16:00 [INFO]  Epoch 2 loss: 3601.340703010559; train accuracy: 0.07208169843049328; test accuracy: 0.0122
2025-09-28 14:22:02 [INFO]  Epoch 3 loss: 3241.0555667877197; train accuracy: 0.12937920403587444; test accuracy: 0.004
2025-09-28 14:27:51 [INFO]  Epoch 4 loss: 2904.3719596862793; train accuracy: 0.1671454596412556; test accuracy: 0.0162
2025-09-28 14:27:51 [INFO]  Client 4 Finish Local Training--------|
2025-09-28 14:27:51 [INFO]  Client 4 Collecting Local Prototypes--------|
2025-09-28 14:27:51 [INFO]  Round 0 Finish--------|
2025-09-28 14:27:51 [INFO]  Model variance: mean: 0.00405054772272706, sum: 45654.6640625
2025-09-28 14:27:51 [INFO]  g_protos_std: 0.9968208074569702
2025-09-28 14:27:51 [INFO]  V7 Training | Using ADVANCED IFFI server aggregation.
2025-09-28 14:28:44 [INFO]  The test accuracy (with prototype) of OneShotOursV7+AdvancedServer: 0.0061
2025-09-28 14:28:44 [INFO]  Save config to ./checkpoints/Tiny_alpha0.3/baselines_OneShotOursV7+AdvancedServer_CIFAR10_results.yaml
2025-09-28 14:28:44 [INFO]  Round 1 starts--------|
2025-09-28 14:28:44 [INFO]  Client 0 Starts Local Trainning--------|
2025-09-28 14:33:35 [INFO]  Epoch 5 loss: 3624.1675271987915; train accuracy: 0.1665286578341014; test accuracy: 0.0253
2025-09-28 14:33:35 [INFO]  Save the model in ./checkpoints/Tiny_alpha0.3/local_models/client_0/epoch_5.pth
2025-09-28 14:38:25 [INFO]  Epoch 6 loss: 3332.6141719818115; train accuracy: 0.10784490207373272; test accuracy: 0.0075
2025-09-28 14:43:13 [INFO]  Epoch 7 loss: 3031.7368774414062; train accuracy: 0.20413306451612903; test accuracy: 0.0063
2025-09-28 14:48:03 [INFO]  Epoch 8 loss: 2766.0294675827026; train accuracy: 0.2054471486175115; test accuracy: 0.0143
2025-09-28 14:52:52 [INFO]  Epoch 9 loss: 2504.413619995117; train accuracy: 0.21844398041474655; test accuracy: 0.0203
2025-09-28 14:52:52 [INFO]  Client 0 Finish Local Training--------|
2025-09-28 14:52:52 [INFO]  Client 0 Collecting Local Prototypes--------|
2025-09-28 14:52:52 [INFO]  Client 1 Starts Local Trainning--------|
2025-09-28 14:58:04 [INFO]  Epoch 5 loss: 3879.793508529663; train accuracy: 0.16397938829787234; test accuracy: 0.0
2025-09-28 14:58:04 [INFO]  Save the model in ./checkpoints/Tiny_alpha0.3/local_models/client_1/epoch_5.pth
2025-09-28 15:03:12 [INFO]  Epoch 6 loss: 3577.8583755493164; train accuracy: 0.18558843085106383; test accuracy: 0.0
2025-09-28 15:08:19 [INFO]  Epoch 7 loss: 3260.828094482422; train accuracy: 0.18028590425531915; test accuracy: 0.0
2025-09-28 15:13:27 [INFO]  Epoch 8 loss: 2948.7113637924194; train accuracy: 0.17943816489361702; test accuracy: 0.0
2025-09-28 15:18:34 [INFO]  Epoch 9 loss: 2654.7152194976807; train accuracy: 0.22401928191489362; test accuracy: 0.0
2025-09-28 15:18:34 [INFO]  Client 1 Finish Local Training--------|
2025-09-28 15:18:34 [INFO]  Client 1 Collecting Local Prototypes--------|
2025-09-28 15:18:34 [INFO]  Client 2 Starts Local Trainning--------|
2025-09-28 15:23:45 [INFO]  Epoch 5 loss: 3930.2429609298706; train accuracy: 0.15002954306722688; test accuracy: 0.0
2025-09-28 15:23:45 [INFO]  Save the model in ./checkpoints/Tiny_alpha0.3/local_models/client_2/epoch_5.pth
2025-09-28 15:28:56 [INFO]  Epoch 6 loss: 3599.842465400696; train accuracy: 0.14691110819327732; test accuracy: 0.0
2025-09-28 15:34:10 [INFO]  Epoch 7 loss: 3293.280797958374; train accuracy: 0.1641938025210084; test accuracy: 0.0
2025-09-28 15:39:28 [INFO]  Epoch 8 loss: 2990.595869064331; train accuracy: 0.22053899684873948; test accuracy: 0.0
2025-09-28 15:44:48 [INFO]  Epoch 9 loss: 2699.4319038391113; train accuracy: 0.26720063025210083; test accuracy: 0.0
2025-09-28 15:44:48 [INFO]  Client 2 Finish Local Training--------|
2025-09-28 15:44:48 [INFO]  Client 2 Collecting Local Prototypes--------|
2025-09-28 15:44:48 [INFO]  Client 3 Starts Local Trainning--------|
2025-09-28 15:50:11 [INFO]  Epoch 5 loss: 4018.5112628936768; train accuracy: 0.17555619855967078; test accuracy: 0.0
2025-09-28 15:50:11 [INFO]  Save the model in ./checkpoints/Tiny_alpha0.3/local_models/client_3/epoch_5.pth
2025-09-28 15:55:32 [INFO]  Epoch 6 loss: 3669.805239677429; train accuracy: 0.1912937242798354; test accuracy: 0.0
2025-09-28 16:00:50 [INFO]  Epoch 7 loss: 3363.8162240982056; train accuracy: 0.15126671810699588; test accuracy: 0.0003
2025-09-28 16:06:11 [INFO]  Epoch 8 loss: 3072.2294492721558; train accuracy: 0.24181777263374485; test accuracy: 0.0014
2025-09-28 16:11:28 [INFO]  Epoch 9 loss: 2764.248914718628; train accuracy: 0.1938818158436214; test accuracy: 0.0009
2025-09-28 16:11:28 [INFO]  Client 3 Finish Local Training--------|
2025-09-28 16:11:28 [INFO]  Client 3 Collecting Local Prototypes--------|
2025-09-28 16:11:28 [INFO]  Client 4 Starts Local Trainning--------|
2025-09-28 16:16:21 [INFO]  Epoch 5 loss: 3710.2887449264526; train accuracy: 0.13452914798206278; test accuracy: 0.0166
2025-09-28 16:16:21 [INFO]  Save the model in ./checkpoints/Tiny_alpha0.3/local_models/client_4/epoch_5.pth
2025-09-28 16:21:28 [INFO]  Epoch 6 loss: 3399.40656375885; train accuracy: 0.19716928251121077; test accuracy: 0.0031
2025-09-28 16:26:24 [INFO]  Epoch 7 loss: 3127.969482421875; train accuracy: 0.15999859865470853; test accuracy: 0.011
2025-09-28 16:31:21 [INFO]  Epoch 8 loss: 2831.5056076049805; train accuracy: 0.234339966367713; test accuracy: 0.0097
2025-09-28 16:36:51 [INFO]  Epoch 9 loss: 2556.6658840179443; train accuracy: 0.25733954596412556; test accuracy: 0.0202
2025-09-28 16:36:51 [INFO]  Client 4 Finish Local Training--------|
2025-09-28 16:36:51 [INFO]  Client 4 Collecting Local Prototypes--------|
2025-09-28 16:36:51 [INFO]  Round 1 Finish--------|
2025-09-28 16:36:51 [INFO]  Model variance: mean: 0.005964215844869614, sum: 67224.0625
2025-09-28 16:36:51 [INFO]  g_protos_std: 0.9914683103561401
2025-09-28 16:36:51 [INFO]  V7 Training | Using ADVANCED IFFI server aggregation.
2025-09-28 16:37:48 [INFO]  The test accuracy (with prototype) of OneShotOursV7+AdvancedServer: 0.0055
2025-09-28 16:37:48 [INFO]  Save config to ./checkpoints/Tiny_alpha0.3/baselines_OneShotOursV7+AdvancedServer_CIFAR10_results.yaml
2025-09-28 16:37:48 [INFO]  Round 2 starts--------|
2025-09-28 16:37:48 [INFO]  Client 0 Starts Local Trainning--------|
2025-09-28 16:43:05 [INFO]  Epoch 10 loss: 3273.977087020874; train accuracy: 0.22609447004608296; test accuracy: 0.0063
2025-09-28 16:43:06 [INFO]  Save the model in ./checkpoints/Tiny_alpha0.3/local_models/client_0/epoch_10.pth
2025-09-28 16:48:31 [INFO]  Epoch 11 loss: 3027.7852935791016; train accuracy: 0.22505040322580644; test accuracy: 0.0243
2025-09-28 16:53:43 [INFO]  Epoch 12 loss: 2786.1347856521606; train accuracy: 0.2848322292626728; test accuracy: 0.0108
2025-09-28 16:59:00 [INFO]  Epoch 13 loss: 2508.7742500305176; train accuracy: 0.2912226382488479; test accuracy: 0.0089
2025-09-28 17:05:41 [INFO]  Epoch 14 loss: 2278.7101860046387; train accuracy: 0.2530061923963134; test accuracy: 0.0124
2025-09-28 17:05:41 [INFO]  Client 0 Finish Local Training--------|
2025-09-28 17:05:41 [INFO]  Client 0 Collecting Local Prototypes--------|
2025-09-28 17:05:41 [INFO]  Client 1 Starts Local Trainning--------|
2025-09-28 17:12:32 [INFO]  Epoch 10 loss: 3564.353205680847; train accuracy: 0.24968417553191488; test accuracy: 0.0
2025-09-28 17:12:32 [INFO]  Save the model in ./checkpoints/Tiny_alpha0.3/local_models/client_1/epoch_10.pth
2025-09-28 17:19:38 [INFO]  Epoch 11 loss: 3260.9215784072876; train accuracy: 0.2828125; test accuracy: 0.0
2025-09-28 17:26:54 [INFO]  Epoch 12 loss: 2952.9081602096558; train accuracy: 0.2963929521276596; test accuracy: 0.0
2025-09-28 17:34:03 [INFO]  Epoch 13 loss: 2717.429564476013; train accuracy: 0.2967752659574468; test accuracy: 0.0
2025-09-28 17:41:25 [INFO]  Epoch 14 loss: 2439.878991127014; train accuracy: 0.3141123670212766; test accuracy: 0.0
2025-09-28 17:41:25 [INFO]  Client 1 Finish Local Training--------|
2025-09-28 17:41:25 [INFO]  Client 1 Collecting Local Prototypes--------|
2025-09-28 17:41:25 [INFO]  Client 2 Starts Local Trainning--------|
2025-09-28 17:48:42 [INFO]  Epoch 10 loss: 3564.8471422195435; train accuracy: 0.24481355042016806; test accuracy: 0.0
2025-09-28 17:48:43 [INFO]  Save the model in ./checkpoints/Tiny_alpha0.3/local_models/client_2/epoch_10.pth
2025-09-28 17:56:01 [INFO]  Epoch 11 loss: 3291.918134689331; train accuracy: 0.23153558298319327; test accuracy: 0.0002
2025-09-28 18:02:59 [INFO]  Epoch 12 loss: 2990.2337474823; train accuracy: 0.29510241596638653; test accuracy: 0.0
2025-09-28 18:09:40 [INFO]  Epoch 13 loss: 2764.2805881500244; train accuracy: 0.30527836134453784; test accuracy: 0.0004
2025-09-28 18:16:24 [INFO]  Epoch 14 loss: 2462.5169172286987; train accuracy: 0.28651851365546216; test accuracy: 0.0
2025-09-28 18:16:24 [INFO]  Client 2 Finish Local Training--------|
2025-09-28 18:16:24 [INFO]  Client 2 Collecting Local Prototypes--------|
2025-09-28 18:16:24 [INFO]  Client 3 Starts Local Trainning--------|
2025-09-28 18:23:11 [INFO]  Epoch 10 loss: 3661.399965286255; train accuracy: 0.21095357510288065; test accuracy: 0.0011
2025-09-28 18:23:12 [INFO]  Save the model in ./checkpoints/Tiny_alpha0.3/local_models/client_3/epoch_10.pth
2025-09-28 18:29:00 [INFO]  Epoch 11 loss: 3378.517851829529; train accuracy: 0.2908950617283951; test accuracy: 0.0008
2025-09-28 18:34:38 [INFO]  Epoch 12 loss: 3085.9353704452515; train accuracy: 0.2840309927983539; test accuracy: 0.0003
2025-09-28 18:40:17 [INFO]  Epoch 13 loss: 2802.2410345077515; train accuracy: 0.22635352366255143; test accuracy: 0.0011
2025-09-28 18:45:49 [INFO]  Epoch 14 loss: 2511.9398517608643; train accuracy: 0.26951517489711935; test accuracy: 0.0014
2025-09-28 18:45:49 [INFO]  Client 3 Finish Local Training--------|
2025-09-28 18:45:49 [INFO]  Client 3 Collecting Local Prototypes--------|
2025-09-28 18:45:49 [INFO]  Client 4 Starts Local Trainning--------|
2025-09-28 18:50:53 [INFO]  Epoch 10 loss: 3382.7590656280518; train accuracy: 0.24562079596412556; test accuracy: 0.0041
2025-09-28 18:50:53 [INFO]  Save the model in ./checkpoints/Tiny_alpha0.3/local_models/client_4/epoch_10.pth
2025-09-28 18:56:05 [INFO]  Epoch 11 loss: 3123.535171508789; train accuracy: 0.2788501961883408; test accuracy: 0.0136
2025-09-28 19:01:21 [INFO]  Epoch 12 loss: 2856.302798271179; train accuracy: 0.2594065302690583; test accuracy: 0.0122
2025-09-28 19:06:48 [INFO]  Epoch 13 loss: 2624.7359352111816; train accuracy: 0.30400434417040356; test accuracy: 0.0175
2025-09-28 19:12:28 [INFO]  Epoch 14 loss: 2346.1031036376953; train accuracy: 0.3196994114349776; test accuracy: 0.0048
2025-09-28 19:12:28 [INFO]  Client 4 Finish Local Training--------|
2025-09-28 19:12:28 [INFO]  Client 4 Collecting Local Prototypes--------|
2025-09-28 19:12:28 [INFO]  Round 2 Finish--------|
2025-09-28 19:12:28 [INFO]  Model variance: mean: 0.007482726126909256, sum: 84339.546875
2025-09-28 19:12:28 [INFO]  g_protos_std: 0.9866679310798645
2025-09-28 19:12:28 [INFO]  V7 Training | Using ADVANCED IFFI server aggregation.
2025-09-28 19:13:21 [INFO]  The test accuracy (with prototype) of OneShotOursV7+AdvancedServer: 0.0056
2025-09-28 19:13:21 [INFO]  Save config to ./checkpoints/Tiny_alpha0.3/baselines_OneShotOursV7+AdvancedServer_CIFAR10_results.yaml
2025-09-28 19:13:21 [INFO]  Round 3 starts--------|
2025-09-28 19:13:21 [INFO]  Client 0 Starts Local Trainning--------|
2025-09-28 19:18:58 [INFO]  Epoch 15 loss: 3103.6173124313354; train accuracy: 0.37039170506912444; test accuracy: 0.0148
2025-09-28 19:18:59 [INFO]  Save the model in ./checkpoints/Tiny_alpha0.3/local_models/client_0/epoch_15.pth
2025-09-28 19:24:23 [INFO]  Epoch 16 loss: 2833.9197540283203; train accuracy: 0.31230198732718895; test accuracy: 0.0063
2025-09-28 19:29:32 [INFO]  Epoch 17 loss: 2597.424324989319; train accuracy: 0.3414818548387097; test accuracy: 0.0111
2025-09-28 19:34:36 [INFO]  Epoch 18 loss: 2352.496335029602; train accuracy: 0.2955609158986175; test accuracy: 0.0088
2025-09-28 19:39:45 [INFO]  Epoch 19 loss: 2104.922329902649; train accuracy: 0.3921550979262673; test accuracy: 0.0083
2025-09-28 19:39:45 [INFO]  Client 0 Finish Local Training--------|
2025-09-28 19:39:45 [INFO]  Client 0 Collecting Local Prototypes--------|
2025-09-28 19:39:45 [INFO]  Client 1 Starts Local Trainning--------|
2025-09-28 19:45:26 [INFO]  Epoch 15 loss: 3315.1529932022095; train accuracy: 0.31344747340425533; test accuracy: 0.0
2025-09-28 19:45:26 [INFO]  Save the model in ./checkpoints/Tiny_alpha0.3/local_models/client_1/epoch_15.pth
2025-09-28 19:51:24 [INFO]  Epoch 16 loss: 3052.7285346984863; train accuracy: 0.33563829787234045; test accuracy: 0.0
2025-09-28 19:57:07 [INFO]  Epoch 17 loss: 2789.0004529953003; train accuracy: 0.3690658244680851; test accuracy: 0.0
2025-09-28 20:02:28 [INFO]  Epoch 18 loss: 2560.1346588134766; train accuracy: 0.31710438829787235; test accuracy: 0.0
2025-09-28 20:07:46 [INFO]  Epoch 19 loss: 2274.691023826599; train accuracy: 0.3463929521276596; test accuracy: 0.0
2025-09-28 20:07:46 [INFO]  Client 1 Finish Local Training--------|
2025-09-28 20:07:46 [INFO]  Client 1 Collecting Local Prototypes--------|
2025-09-28 20:07:46 [INFO]  Client 2 Starts Local Trainning--------|
2025-09-28 20:13:08 [INFO]  Epoch 15 loss: 3337.2260093688965; train accuracy: 0.28937434348739494; test accuracy: 0.0002
2025-09-28 20:13:08 [INFO]  Save the model in ./checkpoints/Tiny_alpha0.3/local_models/client_2/epoch_15.pth
2025-09-28 20:18:32 [INFO]  Epoch 16 loss: 3085.823908805847; train accuracy: 0.3115480567226891; test accuracy: 0.0002
2025-09-28 20:23:51 [INFO]  Epoch 17 loss: 2816.252149581909; train accuracy: 0.357421875; test accuracy: 0.0004
2025-09-28 20:29:07 [INFO]  Epoch 18 loss: 2537.002616882324; train accuracy: 0.31986935399159666; test accuracy: 0.0002
2025-09-28 20:34:21 [INFO]  Epoch 19 loss: 2273.1526217460632; train accuracy: 0.3491334033613445; test accuracy: 0.0008
2025-09-28 20:34:21 [INFO]  Client 2 Finish Local Training--------|
2025-09-28 20:34:21 [INFO]  Client 2 Collecting Local Prototypes--------|
2025-09-28 20:34:21 [INFO]  Client 3 Starts Local Trainning--------|
2025-09-28 20:39:38 [INFO]  Epoch 15 loss: 3413.109354019165; train accuracy: 0.29211676954732513; test accuracy: 0.0017
2025-09-28 20:39:39 [INFO]  Save the model in ./checkpoints/Tiny_alpha0.3/local_models/client_3/epoch_15.pth
2025-09-28 20:44:59 [INFO]  Epoch 16 loss: 3170.075584411621; train accuracy: 0.36406893004115226; test accuracy: 0.0048
2025-09-28 20:50:26 [INFO]  Epoch 17 loss: 2892.5151929855347; train accuracy: 0.33031121399176955; test accuracy: 0.004
2025-09-28 20:55:59 [INFO]  Epoch 18 loss: 2632.9772634506226; train accuracy: 0.3669945987654321; test accuracy: 0.0028
2025-09-28 21:01:35 [INFO]  Epoch 19 loss: 2368.2542114257812; train accuracy: 0.3918627829218107; test accuracy: 0.0022
2025-09-28 21:01:35 [INFO]  Client 3 Finish Local Training--------|
2025-09-28 21:01:35 [INFO]  Client 3 Collecting Local Prototypes--------|
2025-09-28 21:01:35 [INFO]  Client 4 Starts Local Trainning--------|
2025-09-28 21:06:46 [INFO]  Epoch 15 loss: 3161.2927532196045; train accuracy: 0.33479890695067266; test accuracy: 0.0099
2025-09-28 21:06:46 [INFO]  Save the model in ./checkpoints/Tiny_alpha0.3/local_models/client_4/epoch_15.pth
2025-09-28 21:11:57 [INFO]  Epoch 16 loss: 2923.9715700149536; train accuracy: 0.3376015975336323; test accuracy: 0.0033
2025-09-28 21:17:07 [INFO]  Epoch 17 loss: 2677.5895385742188; train accuracy: 0.3609164798206278; test accuracy: 0.0108
2025-09-28 21:22:18 [INFO]  Epoch 18 loss: 2427.083918571472; train accuracy: 0.3627907791479821; test accuracy: 0.0183
2025-09-28 21:27:26 [INFO]  Epoch 19 loss: 2195.014563560486; train accuracy: 0.3163536995515695; test accuracy: 0.0109
2025-09-28 21:27:26 [INFO]  Client 4 Finish Local Training--------|
2025-09-28 21:27:26 [INFO]  Client 4 Collecting Local Prototypes--------|
2025-09-28 21:27:26 [INFO]  Round 3 Finish--------|
2025-09-28 21:27:26 [INFO]  Model variance: mean: 0.008787371218204498, sum: 99044.5078125
2025-09-28 21:27:26 [INFO]  g_protos_std: 0.9821431040763855
2025-09-28 21:27:26 [INFO]  V7 Training | Using ADVANCED IFFI server aggregation.
2025-09-28 21:28:19 [INFO]  The test accuracy (with prototype) of OneShotOursV7+AdvancedServer: 0.0053
2025-09-28 21:28:19 [INFO]  Save config to ./checkpoints/Tiny_alpha0.3/baselines_OneShotOursV7+AdvancedServer_CIFAR10_results.yaml
2025-09-28 21:28:19 [INFO]  Round 4 starts--------|
2025-09-28 21:28:19 [INFO]  Client 0 Starts Local Trainning--------|
2025-09-28 21:33:21 [INFO]  Epoch 20 loss: 2935.44114112854; train accuracy: 0.3922271025345622; test accuracy: 0.0151
2025-09-28 21:33:22 [INFO]  Save the model in ./checkpoints/Tiny_alpha0.3/local_models/client_0/epoch_20.pth
2025-09-28 21:38:20 [INFO]  Epoch 21 loss: 2694.4246187210083; train accuracy: 0.4102642569124424; test accuracy: 0.0052
2025-09-28 21:43:19 [INFO]  Epoch 22 loss: 2479.201166152954; train accuracy: 0.4026677707373272; test accuracy: 0.0069
2025-09-28 21:48:21 [INFO]  Epoch 23 loss: 2227.521812438965; train accuracy: 0.3980594758064516; test accuracy: 0.0073
2025-09-28 21:53:23 [INFO]  Epoch 24 loss: 1989.7277827262878; train accuracy: 0.35944700460829493; test accuracy: 0.0058
2025-09-28 21:53:23 [INFO]  Client 0 Finish Local Training--------|
2025-09-28 21:53:23 [INFO]  Client 0 Collecting Local Prototypes--------|
2025-09-28 21:53:23 [INFO]  Client 1 Starts Local Trainning--------|
2025-09-28 21:58:51 [INFO]  Epoch 20 loss: 3117.8123359680176; train accuracy: 0.36836768617021276; test accuracy: 0.0
2025-09-28 21:58:52 [INFO]  Save the model in ./checkpoints/Tiny_alpha0.3/local_models/client_1/epoch_20.pth
2025-09-28 22:04:15 [INFO]  Epoch 21 loss: 2887.581274986267; train accuracy: 0.45314162234042554; test accuracy: 0.0
2025-09-28 22:09:44 [INFO]  Epoch 22 loss: 2637.8128633499146; train accuracy: 0.36304853723404257; test accuracy: 0.0
2025-09-28 22:15:12 [INFO]  Epoch 23 loss: 2384.917841911316; train accuracy: 0.41695478723404256; test accuracy: 0.0
2025-09-28 22:20:32 [INFO]  Epoch 24 loss: 2144.638627052307; train accuracy: 0.4445644946808511; test accuracy: 0.0
2025-09-28 22:20:32 [INFO]  Client 1 Finish Local Training--------|
2025-09-28 22:20:32 [INFO]  Client 1 Collecting Local Prototypes--------|
2025-09-28 22:20:32 [INFO]  Client 2 Starts Local Trainning--------|
2025-09-28 22:25:57 [INFO]  Epoch 20 loss: 3164.5725145339966; train accuracy: 0.3432247899159664; test accuracy: 0.0
2025-09-28 22:25:58 [INFO]  Save the model in ./checkpoints/Tiny_alpha0.3/local_models/client_2/epoch_20.pth
2025-09-28 22:31:24 [INFO]  Epoch 21 loss: 2940.816146850586; train accuracy: 0.3782989758403361; test accuracy: 0.0013
2025-09-28 22:36:49 [INFO]  Epoch 22 loss: 2655.5974102020264; train accuracy: 0.3685169380252101; test accuracy: 0.0005
2025-09-28 22:42:13 [INFO]  Epoch 23 loss: 2430.005560874939; train accuracy: 0.44601825105042014; test accuracy: 0.0006
2025-09-28 22:47:40 [INFO]  Epoch 24 loss: 2160.5153398513794; train accuracy: 0.3701910451680672; test accuracy: 0.0012
2025-09-28 22:47:40 [INFO]  Client 2 Finish Local Training--------|
2025-09-28 22:47:40 [INFO]  Client 2 Collecting Local Prototypes--------|
2025-09-28 22:47:40 [INFO]  Client 3 Starts Local Trainning--------|
2025-09-28 22:53:20 [INFO]  Epoch 20 loss: 3277.829358100891; train accuracy: 0.40239197530864196; test accuracy: 0.0041
2025-09-28 22:53:20 [INFO]  Save the model in ./checkpoints/Tiny_alpha0.3/local_models/client_3/epoch_20.pth
2025-09-28 22:58:55 [INFO]  Epoch 21 loss: 2995.8948612213135; train accuracy: 0.34175668724279834; test accuracy: 0.0051
2025-09-28 23:04:30 [INFO]  Epoch 22 loss: 2738.5818424224854; train accuracy: 0.3421424897119342; test accuracy: 0.0028
2025-09-28 23:10:01 [INFO]  Epoch 23 loss: 2475.46204662323; train accuracy: 0.4035011574074074; test accuracy: 0.0057
2025-09-28 23:15:36 [INFO]  Epoch 24 loss: 2220.0272245407104; train accuracy: 0.39861432613168724; test accuracy: 0.0024
2025-09-28 23:15:36 [INFO]  Client 3 Finish Local Training--------|
2025-09-28 23:15:36 [INFO]  Client 3 Collecting Local Prototypes--------|
2025-09-28 23:15:36 [INFO]  Client 4 Starts Local Trainning--------|
2025-09-28 23:20:41 [INFO]  Epoch 20 loss: 3007.314450263977; train accuracy: 0.38395109304932734; test accuracy: 0.0065
2025-09-28 23:20:42 [INFO]  Save the model in ./checkpoints/Tiny_alpha0.3/local_models/client_4/epoch_20.pth
2025-09-28 23:25:51 [INFO]  Epoch 21 loss: 2786.506799697876; train accuracy: 0.41222323430493274; test accuracy: 0.0093
2025-09-28 23:31:00 [INFO]  Epoch 22 loss: 2514.24605178833; train accuracy: 0.4397071188340807; test accuracy: 0.0095
2025-09-28 23:36:07 [INFO]  Epoch 23 loss: 2287.6713819503784; train accuracy: 0.4274453475336323; test accuracy: 0.0094
2025-09-28 23:41:21 [INFO]  Epoch 24 loss: 2056.946496963501; train accuracy: 0.4288817264573991; test accuracy: 0.0099
2025-09-28 23:41:21 [INFO]  Client 4 Finish Local Training--------|
2025-09-28 23:41:21 [INFO]  Client 4 Collecting Local Prototypes--------|
2025-09-28 23:41:21 [INFO]  Round 4 Finish--------|
2025-09-28 23:41:21 [INFO]  Model variance: mean: 0.009953881613910198, sum: 112192.515625
2025-09-28 23:41:21 [INFO]  g_protos_std: 0.9778069257736206
2025-09-28 23:41:21 [INFO]  V7 Training | Using ADVANCED IFFI server aggregation.
2025-09-28 23:42:14 [INFO]  The test accuracy (with prototype) of OneShotOursV7+AdvancedServer: 0.0054
2025-09-28 23:42:14 [INFO]  Save config to ./checkpoints/Tiny_alpha0.3/baselines_OneShotOursV7+AdvancedServer_CIFAR10_results.yaml
2025-09-28 23:42:14 [INFO]  Round 5 starts--------|
2025-09-28 23:42:14 [INFO]  Client 0 Starts Local Trainning--------|
2025-09-28 23:47:19 [INFO]  Epoch 25 loss: 2767.0413036346436; train accuracy: 0.4209929435483871; test accuracy: 0.0036
2025-09-28 23:47:20 [INFO]  Save the model in ./checkpoints/Tiny_alpha0.3/local_models/client_0/epoch_25.pth
2025-09-28 23:52:23 [INFO]  Epoch 26 loss: 2575.1578369140625; train accuracy: 0.40475590437788017; test accuracy: 0.0084
2025-09-28 23:57:19 [INFO]  Epoch 27 loss: 2332.6621236801147; train accuracy: 0.4123703917050691; test accuracy: 0.0105
2025-09-29 00:02:15 [INFO]  Epoch 28 loss: 2114.9764652252197; train accuracy: 0.4147825460829493; test accuracy: 0.0051
2025-09-29 00:07:12 [INFO]  Epoch 29 loss: 1873.5635390281677; train accuracy: 0.3474762384792627; test accuracy: 0.0082
2025-09-29 00:07:12 [INFO]  Client 0 Finish Local Training--------|
2025-09-29 00:07:12 [INFO]  Client 0 Collecting Local Prototypes--------|
2025-09-29 00:07:12 [INFO]  Client 1 Starts Local Trainning--------|
2025-09-29 00:12:28 [INFO]  Epoch 25 loss: 3010.8504610061646; train accuracy: 0.3928523936170213; test accuracy: 0.0
2025-09-29 00:12:28 [INFO]  Save the model in ./checkpoints/Tiny_alpha0.3/local_models/client_1/epoch_25.pth
2025-09-29 00:17:42 [INFO]  Epoch 26 loss: 2753.1196336746216; train accuracy: 0.4663065159574468; test accuracy: 0.0
2025-09-29 00:22:53 [INFO]  Epoch 27 loss: 2526.745128631592; train accuracy: 0.4410904255319149; test accuracy: 0.0
2025-09-29 00:28:03 [INFO]  Epoch 28 loss: 2268.1310529708862; train accuracy: 0.4344414893617021; test accuracy: 0.0
2025-09-29 00:33:12 [INFO]  Epoch 29 loss: 1996.5934610366821; train accuracy: 0.47890625; test accuracy: 0.0
2025-09-29 00:33:12 [INFO]  Client 1 Finish Local Training--------|
2025-09-29 00:33:13 [INFO]  Client 1 Collecting Local Prototypes--------|
2025-09-29 00:33:13 [INFO]  Client 2 Starts Local Trainning--------|
2025-09-29 00:38:26 [INFO]  Epoch 25 loss: 3048.8231811523438; train accuracy: 0.4040670955882353; test accuracy: 0.0004
2025-09-29 00:38:26 [INFO]  Save the model in ./checkpoints/Tiny_alpha0.3/local_models/client_2/epoch_25.pth
