2025-09-28 11:00:37 [INFO]  Load config from ./configs/Tiny_alpha0.1.yaml
2025-09-28 11:00:37 [INFO]  config: {'exp_name': 'Tiny_alpha0.1', 'dataset': {'data_name': 'Tiny-ImageNet', 'root_path': '~/datasets/', 'train_batch_size': 256, 'test_batch_size': 256, 'channels': 3, 'num_classes': 200, 'image_size': 64, 'aux_data_name': 'Tiny-ImageNet', 'aux_root_path': '~/datasets/', 'aux_split': 'test'}, 'distribution': {'type': 'dirichlet', 'label_num_per_client': 2, 'alpha': 0.1}, 'client': {'num_clients': 5}, 'server': {'num_rounds': 10, 'frac_clients': 1.0, 'lr': 0.05, 'local_epochs': 5, 'optimizer': 'sgd', 'momentum': 0.9, 'weight_decay': 0.0001, 'loss_name': 'ce', 'model_name': 'resnet18', 'aggregated_by_datasize': True, 'lr_decay_per_round': 0.998}, 'device': 'cuda:0', 'checkpoint': {'save_path': './checkpoints/', 'save_freq': 5, 'result_file': 'CIFAR10_results.yaml'}, 'pretrain': {'lr': 0.01, 'epoch': 70, 'model_path': './pretrain/', 'momentum': 0.9, 'weight_decay': 0.0001, 'model_name': 'resnet18', 'model_file_name': 'resnet18-f37072fd.pth'}, 'DBCD': {'alpha_l_pa': 1, 'alpha_l_pb': 1, 'alpha_l_pc': 0.0, 'Beta_alpha': 0.2, 'unsup_method': 'infonce', 'contrastive_temperature': 0.5, 'encoder_epoch': 40, 'projector_epoch': 10, 'use_pretrain': False, 'aug_batch_size': 512, 'encoder_lr': 0.03, 'cls_optimizer': 'sgd', 'cls_lr': 0.05, 'supcon_temp': 0.07, 'super_gr': 100, 'aux_with_public': True}, 'etf': {'loss_name': 'ce'}, 'visualization': {'interval': 5, 'save_path': 'visualization/resnet18', 'vis_size': 16}, 'resume': True, 'resume_best': False, 'seed': 1, 'lambda_align_initial': 5.0}
2025-09-28 11:00:37 [INFO]  Dataset Tiny-ImageNet loaded
2025-09-28 11:00:37 [INFO]  Dataset index dict loaded from preprocessed_data/Tiny-ImageNet.pt
2025-09-28 11:00:38 [INFO]  OneshotOurs
2025-09-28 11:00:39 [INFO]  Round 0 starts--------|
2025-09-28 11:00:39 [INFO]  Client 0 Starts Local Trainning--------|
2025-09-28 11:02:08 [INFO]  generating sample per sample
2025-09-28 11:07:26 [INFO]  Epoch 0 loss: 2363.241015434265; train accuracy: 0.033583603896103896; test accuracy: 0.0014
2025-09-28 11:07:27 [INFO]  Save the model in ./checkpoints/Tiny_alpha0.1/local_models/client_0/epoch_0.pth
2025-09-28 11:12:45 [INFO]  Epoch 1 loss: 2128.885763168335; train accuracy: 0.038479099025974024; test accuracy: 0.0
2025-09-28 11:18:32 [INFO]  Epoch 2 loss: 2014.522177696228; train accuracy: 0.07896205357142858; test accuracy: 0.0009
2025-09-28 11:23:56 [INFO]  Epoch 3 loss: 1922.6068964004517; train accuracy: 0.12687702922077923; test accuracy: 0.0203
2025-09-28 11:29:19 [INFO]  Epoch 4 loss: 1865.2984342575073; train accuracy: 0.15087256493506493; test accuracy: 0.022
2025-09-28 11:29:19 [INFO]  Client 0 Finish Local Training--------|
2025-09-28 11:29:19 [INFO]  Client 0 Collecting Local Prototypes--------|
2025-09-28 11:29:19 [INFO]  Client 1 Starts Local Trainning--------|
2025-09-28 11:30:51 [INFO]  generating sample per sample
2025-09-28 11:35:55 [INFO]  Epoch 0 loss: 2114.96915435791; train accuracy: 0.0361398381294964; test accuracy: 0.0
2025-09-28 11:35:56 [INFO]  Save the model in ./checkpoints/Tiny_alpha0.1/local_models/client_1/epoch_0.pth
2025-09-28 11:40:48 [INFO]  Epoch 1 loss: 1923.004361152649; train accuracy: 0.0617693345323741; test accuracy: 0.0
2025-09-28 11:45:35 [INFO]  Epoch 2 loss: 1812.1850833892822; train accuracy: 0.04650966726618705; test accuracy: 0.0
2025-09-28 11:50:32 [INFO]  Epoch 3 loss: 1726.8022718429565; train accuracy: 0.13424572841726617; test accuracy: 0.0
2025-09-28 11:55:37 [INFO]  Epoch 4 loss: 1663.2484140396118; train accuracy: 0.10296762589928057; test accuracy: 0.0
2025-09-28 11:55:37 [INFO]  Client 1 Finish Local Training--------|
2025-09-28 11:55:37 [INFO]  Client 1 Collecting Local Prototypes--------|
2025-09-28 11:55:37 [INFO]  Client 2 Starts Local Trainning--------|
2025-09-28 11:57:55 [INFO]  generating sample per sample
2025-09-28 12:04:29 [INFO]  Epoch 0 loss: 2839.2420377731323; train accuracy: 0.024760928961748634; test accuracy: 0.0
2025-09-28 12:04:29 [INFO]  Save the model in ./checkpoints/Tiny_alpha0.1/local_models/client_2/epoch_0.pth
2025-09-28 12:11:06 [INFO]  Epoch 1 loss: 2573.5180492401123; train accuracy: 0.07968323087431695; test accuracy: 0.0
2025-09-28 12:17:42 [INFO]  Epoch 2 loss: 2422.798014640808; train accuracy: 0.0974214480874317; test accuracy: 0.0
2025-09-28 12:24:06 [INFO]  Epoch 3 loss: 2297.396116256714; train accuracy: 0.10237363387978142; test accuracy: 0.0
2025-09-28 12:30:38 [INFO]  Epoch 4 loss: 2231.8608865737915; train accuracy: 0.1018399931693989; test accuracy: 0.0
2025-09-28 12:30:38 [INFO]  Client 2 Finish Local Training--------|
2025-09-28 12:30:38 [INFO]  Client 2 Collecting Local Prototypes--------|
2025-09-28 12:30:38 [INFO]  Client 3 Starts Local Trainning--------|
2025-09-28 12:32:20 [INFO]  generating sample per sample
2025-09-28 12:37:39 [INFO]  Epoch 0 loss: 2338.070788383484; train accuracy: 0.03662109375; test accuracy: 0.0
2025-09-28 12:37:40 [INFO]  Save the model in ./checkpoints/Tiny_alpha0.1/local_models/client_3/epoch_0.pth
2025-09-28 12:43:03 [INFO]  Epoch 1 loss: 2093.559558868408; train accuracy: 0.04273745888157895; test accuracy: 0.0
2025-09-28 12:48:17 [INFO]  Epoch 2 loss: 1983.3616552352905; train accuracy: 0.07488692434210527; test accuracy: 0.0
2025-09-28 12:53:42 [INFO]  Epoch 3 loss: 1888.1359405517578; train accuracy: 0.13132195723684212; test accuracy: 0.0
2025-09-28 12:59:07 [INFO]  Epoch 4 loss: 1817.792402267456; train accuracy: 0.11371813322368421; test accuracy: 0.0
2025-09-28 12:59:07 [INFO]  Client 3 Finish Local Training--------|
2025-09-28 12:59:07 [INFO]  Client 3 Collecting Local Prototypes--------|
2025-09-28 12:59:07 [INFO]  Client 4 Starts Local Trainning--------|
2025-09-28 13:00:51 [INFO]  generating sample per sample
2025-09-28 13:06:49 [INFO]  Epoch 0 loss: 2543.8538789749146; train accuracy: 0.042353219696969695; test accuracy: 0.0
2025-09-28 13:06:49 [INFO]  Save the model in ./checkpoints/Tiny_alpha0.1/local_models/client_4/epoch_0.pth
2025-09-28 13:12:41 [INFO]  Epoch 1 loss: 2290.4257373809814; train accuracy: 0.04479166666666667; test accuracy: 0.0004
2025-09-28 13:18:35 [INFO]  Epoch 2 loss: 2162.733883857727; train accuracy: 0.06867897727272727; test accuracy: 0.0005
2025-09-28 13:24:16 [INFO]  Epoch 3 loss: 2070.019618988037; train accuracy: 0.0771780303030303; test accuracy: 0.0162
2025-09-28 13:29:53 [INFO]  Epoch 4 loss: 1991.774221420288; train accuracy: 0.10407196969696969; test accuracy: 0.0032
2025-09-28 13:29:53 [INFO]  Client 4 Finish Local Training--------|
2025-09-28 13:29:53 [INFO]  Client 4 Collecting Local Prototypes--------|
2025-09-28 13:29:53 [INFO]  Round 0 Finish--------|
2025-09-28 13:29:53 [INFO]  Model variance: mean: 0.003286265768110752, sum: 37040.265625
2025-09-28 13:29:53 [INFO]  g_protos_std: 1.0043474435806274
2025-09-28 13:29:53 [INFO]  V7 Training | Using ADVANCED IFFI server aggregation.
2025-09-28 13:30:47 [INFO]  The test accuracy (with prototype) of OneShotOursV7+AdvancedServer: 0.0054
2025-09-28 13:30:47 [INFO]  Save config to ./checkpoints/Tiny_alpha0.1/baselines_OneShotOursV7+AdvancedServer_CIFAR10_results.yaml
2025-09-28 13:30:47 [INFO]  Round 1 starts--------|
2025-09-28 13:30:47 [INFO]  Client 0 Starts Local Trainning--------|
2025-09-28 13:36:07 [INFO]  Epoch 5 loss: 1792.9967041015625; train accuracy: 0.15500710227272727; test accuracy: 0.01
2025-09-28 13:36:08 [INFO]  Save the model in ./checkpoints/Tiny_alpha0.1/local_models/client_0/epoch_5.pth
2025-09-28 13:41:28 [INFO]  Epoch 6 loss: 1749.4223079681396; train accuracy: 0.1448356331168831; test accuracy: 0.0019
2025-09-28 13:46:54 [INFO]  Epoch 7 loss: 1712.6096820831299; train accuracy: 0.12913453733766234; test accuracy: 0.0143
2025-09-28 13:51:58 [INFO]  Epoch 8 loss: 1664.8268041610718; train accuracy: 0.2681361607142857; test accuracy: 0.0134
2025-09-28 13:56:59 [INFO]  Epoch 9 loss: 1627.7963228225708; train accuracy: 0.26055194805194803; test accuracy: 0.0314
2025-09-28 13:56:59 [INFO]  Client 0 Finish Local Training--------|
2025-09-28 13:56:59 [INFO]  Client 0 Collecting Local Prototypes--------|
2025-09-28 13:56:59 [INFO]  Client 1 Starts Local Trainning--------|
2025-09-28 14:01:16 [INFO]  Epoch 5 loss: 1623.163010597229; train accuracy: 0.17859150179856115; test accuracy: 0.0
2025-09-28 14:01:16 [INFO]  Save the model in ./checkpoints/Tiny_alpha0.1/local_models/client_1/epoch_5.pth
2025-09-28 14:05:33 [INFO]  Epoch 6 loss: 1571.4627256393433; train accuracy: 0.21104991007194246; test accuracy: 0.0
2025-09-28 14:09:51 [INFO]  Epoch 7 loss: 1525.80322265625; train accuracy: 0.21976169064748202; test accuracy: 0.0
2025-09-28 14:14:06 [INFO]  Epoch 8 loss: 1510.2362461090088; train accuracy: 0.20450202338129497; test accuracy: 0.0
2025-09-28 14:18:11 [INFO]  Epoch 9 loss: 1481.364580154419; train accuracy: 0.19536870503597123; test accuracy: 0.0
2025-09-28 14:18:11 [INFO]  Client 1 Finish Local Training--------|
2025-09-28 14:18:11 [INFO]  Client 1 Collecting Local Prototypes--------|
2025-09-28 14:18:11 [INFO]  Client 2 Starts Local Trainning--------|
2025-09-28 14:23:12 [INFO]  Epoch 5 loss: 2155.045121192932; train accuracy: 0.20963541666666666; test accuracy: 0.0
2025-09-28 14:23:13 [INFO]  Save the model in ./checkpoints/Tiny_alpha0.1/local_models/client_2/epoch_5.pth
2025-09-28 14:27:55 [INFO]  Epoch 6 loss: 2081.061604499817; train accuracy: 0.17076502732240437; test accuracy: 0.0
2025-09-28 14:32:00 [INFO]  Epoch 7 loss: 2034.4823865890503; train accuracy: 0.23290215163934427; test accuracy: 0.0
2025-09-28 14:36:04 [INFO]  Epoch 8 loss: 1986.3658542633057; train accuracy: 0.20980618169398907; test accuracy: 0.0
2025-09-28 14:40:04 [INFO]  Epoch 9 loss: 1935.7274751663208; train accuracy: 0.2503842213114754; test accuracy: 0.0
2025-09-28 14:40:04 [INFO]  Client 2 Finish Local Training--------|
2025-09-28 14:40:04 [INFO]  Client 2 Collecting Local Prototypes--------|
2025-09-28 14:40:04 [INFO]  Client 3 Starts Local Trainning--------|
2025-09-28 14:43:24 [INFO]  Epoch 5 loss: 1758.8995504379272; train accuracy: 0.19618626644736842; test accuracy: 0.0
2025-09-28 14:43:24 [INFO]  Save the model in ./checkpoints/Tiny_alpha0.1/local_models/client_3/epoch_5.pth
2025-09-28 14:46:46 [INFO]  Epoch 6 loss: 1718.8535652160645; train accuracy: 0.19939864309210525; test accuracy: 0.0
2025-09-28 14:50:08 [INFO]  Epoch 7 loss: 1658.5754442214966; train accuracy: 0.24087685032894737; test accuracy: 0.0
2025-09-28 14:53:31 [INFO]  Epoch 8 loss: 1613.0977516174316; train accuracy: 0.21520353618421054; test accuracy: 0.0
2025-09-28 14:56:52 [INFO]  Epoch 9 loss: 1601.5080060958862; train accuracy: 0.24128803453947367; test accuracy: 0.0
2025-09-28 14:56:52 [INFO]  Client 3 Finish Local Training--------|
2025-09-28 14:56:52 [INFO]  Client 3 Collecting Local Prototypes--------|
2025-09-28 14:56:52 [INFO]  Client 4 Starts Local Trainning--------|
2025-09-28 15:00:27 [INFO]  Epoch 5 loss: 1929.6400909423828; train accuracy: 0.11117424242424243; test accuracy: 0.0027
2025-09-28 15:00:27 [INFO]  Save the model in ./checkpoints/Tiny_alpha0.1/local_models/client_4/epoch_5.pth
2025-09-28 15:04:01 [INFO]  Epoch 6 loss: 1873.8829717636108; train accuracy: 0.1380681818181818; test accuracy: 0.0256
2025-09-28 15:07:37 [INFO]  Epoch 7 loss: 1807.2024011611938; train accuracy: 0.2668560606060606; test accuracy: 0.0081
2025-09-28 15:11:12 [INFO]  Epoch 8 loss: 1792.0481824874878; train accuracy: 0.18082386363636363; test accuracy: 0.008
2025-09-28 15:14:46 [INFO]  Epoch 9 loss: 1743.6760816574097; train accuracy: 0.22114109848484848; test accuracy: 0.0126
2025-09-28 15:14:46 [INFO]  Client 4 Finish Local Training--------|
2025-09-28 15:14:46 [INFO]  Client 4 Collecting Local Prototypes--------|
2025-09-28 15:14:46 [INFO]  Round 1 Finish--------|
2025-09-28 15:14:46 [INFO]  Model variance: mean: 0.004825297277420759, sum: 54387.046875
2025-09-28 15:14:46 [INFO]  g_protos_std: 1.005133867263794
2025-09-28 15:14:46 [INFO]  V7 Training | Using ADVANCED IFFI server aggregation.
2025-09-28 15:15:39 [INFO]  The test accuracy (with prototype) of OneShotOursV7+AdvancedServer: 0.0055
2025-09-28 15:15:39 [INFO]  Save config to ./checkpoints/Tiny_alpha0.1/baselines_OneShotOursV7+AdvancedServer_CIFAR10_results.yaml
2025-09-28 15:15:39 [INFO]  Round 2 starts--------|
2025-09-28 15:15:39 [INFO]  Client 0 Starts Local Trainning--------|
2025-09-28 15:19:01 [INFO]  Epoch 10 loss: 1598.9698505401611; train accuracy: 0.2159090909090909; test accuracy: 0.0194
2025-09-28 15:19:02 [INFO]  Save the model in ./checkpoints/Tiny_alpha0.1/local_models/client_0/epoch_10.pth
2025-09-28 15:22:23 [INFO]  Epoch 11 loss: 1571.836314201355; train accuracy: 0.2723721590909091; test accuracy: 0.0133
2025-09-28 15:25:43 [INFO]  Epoch 12 loss: 1535.7202167510986; train accuracy: 0.2106077516233766; test accuracy: 0.0142
2025-09-28 15:29:04 [INFO]  Epoch 13 loss: 1510.8371362686157; train accuracy: 0.2986505681818182; test accuracy: 0.0314
2025-09-28 15:32:24 [INFO]  Epoch 14 loss: 1484.825288772583; train accuracy: 0.2246601055194805; test accuracy: 0.0027
2025-09-28 15:32:24 [INFO]  Client 0 Finish Local Training--------|
2025-09-28 15:32:24 [INFO]  Client 0 Collecting Local Prototypes--------|
2025-09-28 15:32:24 [INFO]  Client 1 Starts Local Trainning--------|
2025-09-28 15:35:28 [INFO]  Epoch 10 loss: 1439.633625984192; train accuracy: 0.23260454136690648; test accuracy: 0.0
2025-09-28 15:35:29 [INFO]  Save the model in ./checkpoints/Tiny_alpha0.1/local_models/client_1/epoch_10.pth
2025-09-28 15:38:33 [INFO]  Epoch 11 loss: 1412.1161060333252; train accuracy: 0.23378484712230216; test accuracy: 0.0
2025-09-28 15:41:38 [INFO]  Epoch 12 loss: 1399.1840724945068; train accuracy: 0.2302720323741007; test accuracy: 0.0
2025-09-28 15:44:44 [INFO]  Epoch 13 loss: 1368.5160684585571; train accuracy: 0.2925191097122302; test accuracy: 0.0
2025-09-28 15:47:49 [INFO]  Epoch 14 loss: 1332.181622505188; train accuracy: 0.23468412769784172; test accuracy: 0.0
2025-09-28 15:47:49 [INFO]  Client 1 Finish Local Training--------|
2025-09-28 15:47:49 [INFO]  Client 1 Collecting Local Prototypes--------|
2025-09-28 15:47:49 [INFO]  Client 2 Starts Local Trainning--------|
2025-09-28 15:51:47 [INFO]  Epoch 10 loss: 1910.2610692977905; train accuracy: 0.26754610655737704; test accuracy: 0.0
2025-09-28 15:51:48 [INFO]  Save the model in ./checkpoints/Tiny_alpha0.1/local_models/client_2/epoch_10.pth
2025-09-28 15:55:47 [INFO]  Epoch 11 loss: 1862.037875175476; train accuracy: 0.24312670765027322; test accuracy: 0.0
2025-09-28 15:59:46 [INFO]  Epoch 12 loss: 1828.647253036499; train accuracy: 0.2427424863387978; test accuracy: 0.0
2025-09-28 16:03:42 [INFO]  Epoch 13 loss: 1780.6782789230347; train accuracy: 0.2980917008196721; test accuracy: 0.0
2025-09-28 16:07:41 [INFO]  Epoch 14 loss: 1775.103313446045; train accuracy: 0.28351263661202186; test accuracy: 0.0
2025-09-28 16:07:41 [INFO]  Client 2 Finish Local Training--------|
2025-09-28 16:07:41 [INFO]  Client 2 Collecting Local Prototypes--------|
2025-09-28 16:07:41 [INFO]  Client 3 Starts Local Trainning--------|
2025-09-28 16:10:58 [INFO]  Epoch 10 loss: 1560.1594104766846; train accuracy: 0.2596371299342105; test accuracy: 0.0
2025-09-28 16:10:58 [INFO]  Save the model in ./checkpoints/Tiny_alpha0.1/local_models/client_3/epoch_10.pth
2025-09-28 16:14:19 [INFO]  Epoch 11 loss: 1519.6152744293213; train accuracy: 0.25015419407894735; test accuracy: 0.0
2025-09-28 16:17:37 [INFO]  Epoch 12 loss: 1493.0265712738037; train accuracy: 0.2898077713815789; test accuracy: 0.0
2025-09-28 16:21:06 [INFO]  Epoch 13 loss: 1471.3273372650146; train accuracy: 0.2729235197368421; test accuracy: 0.0
2025-09-28 16:24:33 [INFO]  Epoch 14 loss: 1443.9844732284546; train accuracy: 0.3413342927631579; test accuracy: 0.0
2025-09-28 16:24:33 [INFO]  Client 3 Finish Local Training--------|
2025-09-28 16:24:33 [INFO]  Client 3 Collecting Local Prototypes--------|
2025-09-28 16:24:33 [INFO]  Client 4 Starts Local Trainning--------|
2025-09-28 16:28:13 [INFO]  Epoch 10 loss: 1697.1351413726807; train accuracy: 0.2767045454545455; test accuracy: 0.0112
2025-09-28 16:28:14 [INFO]  Save the model in ./checkpoints/Tiny_alpha0.1/local_models/client_4/epoch_10.pth
2025-09-28 16:31:53 [INFO]  Epoch 11 loss: 1675.2901916503906; train accuracy: 0.21910511363636365; test accuracy: 0.0104
2025-09-28 16:36:03 [INFO]  Epoch 12 loss: 1641.1610774993896; train accuracy: 0.31669034090909093; test accuracy: 0.0139
2025-09-28 16:40:12 [INFO]  Epoch 13 loss: 1620.7505493164062; train accuracy: 0.3465909090909091; test accuracy: 0.0447
2025-09-28 16:44:20 [INFO]  Epoch 14 loss: 1569.4638500213623; train accuracy: 0.31403882575757575; test accuracy: 0.0253
2025-09-28 16:44:20 [INFO]  Client 4 Finish Local Training--------|
2025-09-28 16:44:20 [INFO]  Client 4 Collecting Local Prototypes--------|
2025-09-28 16:44:20 [INFO]  Round 2 Finish--------|
2025-09-28 16:44:20 [INFO]  Model variance: mean: 0.0060491012409329414, sum: 68180.828125
2025-09-28 16:44:20 [INFO]  g_protos_std: 1.0057990550994873
2025-09-28 16:44:20 [INFO]  V7 Training | Using ADVANCED IFFI server aggregation.
2025-09-28 16:45:14 [INFO]  The test accuracy (with prototype) of OneShotOursV7+AdvancedServer: 0.0036
2025-09-28 16:45:14 [INFO]  Save config to ./checkpoints/Tiny_alpha0.1/baselines_OneShotOursV7+AdvancedServer_CIFAR10_results.yaml
2025-09-28 16:45:14 [INFO]  Round 3 starts--------|
2025-09-28 16:45:14 [INFO]  Client 0 Starts Local Trainning--------|
2025-09-28 16:48:47 [INFO]  Epoch 15 loss: 1454.3068747520447; train accuracy: 0.285841112012987; test accuracy: 0.0204
2025-09-28 16:48:48 [INFO]  Save the model in ./checkpoints/Tiny_alpha0.1/local_models/client_0/epoch_15.pth
2025-09-28 16:52:29 [INFO]  Epoch 16 loss: 1443.3731269836426; train accuracy: 0.3457538555194805; test accuracy: 0.0204
2025-09-28 16:56:01 [INFO]  Epoch 17 loss: 1431.1580204963684; train accuracy: 0.3281503652597403; test accuracy: 0.0725
2025-09-28 16:59:54 [INFO]  Epoch 18 loss: 1394.4926490783691; train accuracy: 0.34671773538961037; test accuracy: 0.0306
2025-09-28 17:04:25 [INFO]  Epoch 19 loss: 1368.8938250541687; train accuracy: 0.3335278003246753; test accuracy: 0.0051
2025-09-28 17:04:25 [INFO]  Client 0 Finish Local Training--------|
2025-09-28 17:04:25 [INFO]  Client 0 Collecting Local Prototypes--------|
2025-09-28 17:04:25 [INFO]  Client 1 Starts Local Trainning--------|
2025-09-28 17:08:30 [INFO]  Epoch 15 loss: 1308.7565631866455; train accuracy: 0.2809689748201439; test accuracy: 0.0
2025-09-28 17:08:31 [INFO]  Save the model in ./checkpoints/Tiny_alpha0.1/local_models/client_1/epoch_15.pth
2025-09-28 17:12:23 [INFO]  Epoch 16 loss: 1320.7079057693481; train accuracy: 0.3171369154676259; test accuracy: 0.0
2025-09-28 17:16:25 [INFO]  Epoch 17 loss: 1304.334771156311; train accuracy: 0.333408273381295; test accuracy: 0.0
2025-09-28 17:20:40 [INFO]  Epoch 18 loss: 1264.6658325195312; train accuracy: 0.29212567446043164; test accuracy: 0.0
2025-09-28 17:24:55 [INFO]  Epoch 19 loss: 1252.3918862342834; train accuracy: 0.3501573741007194; test accuracy: 0.0
2025-09-28 17:24:55 [INFO]  Client 1 Finish Local Training--------|
2025-09-28 17:24:55 [INFO]  Client 1 Collecting Local Prototypes--------|
2025-09-28 17:24:55 [INFO]  Client 2 Starts Local Trainning--------|
2025-09-28 17:30:25 [INFO]  Epoch 15 loss: 1738.1862907409668; train accuracy: 0.33689805327868855; test accuracy: 0.0
2025-09-28 17:30:25 [INFO]  Save the model in ./checkpoints/Tiny_alpha0.1/local_models/client_2/epoch_15.pth
2025-09-28 17:35:52 [INFO]  Epoch 16 loss: 1701.2589769363403; train accuracy: 0.3194800204918033; test accuracy: 0.0
2025-09-28 17:41:26 [INFO]  Epoch 17 loss: 1664.109661579132; train accuracy: 0.299287056010929; test accuracy: 0.0
2025-09-28 17:47:01 [INFO]  Epoch 18 loss: 1665.7770709991455; train accuracy: 0.3162995218579235; test accuracy: 0.0
2025-09-28 17:52:36 [INFO]  Epoch 19 loss: 1619.8123145103455; train accuracy: 0.348296618852459; test accuracy: 0.0
2025-09-28 17:52:36 [INFO]  Client 2 Finish Local Training--------|
2025-09-28 17:52:36 [INFO]  Client 2 Collecting Local Prototypes--------|
2025-09-28 17:52:36 [INFO]  Client 3 Starts Local Trainning--------|
2025-09-28 17:57:14 [INFO]  Epoch 15 loss: 1408.2771787643433; train accuracy: 0.3525390625; test accuracy: 0.0
2025-09-28 17:57:14 [INFO]  Save the model in ./checkpoints/Tiny_alpha0.1/local_models/client_3/epoch_15.pth
2025-09-28 18:01:38 [INFO]  Epoch 16 loss: 1403.0579361915588; train accuracy: 0.3555458470394737; test accuracy: 0.0
2025-09-28 18:05:55 [INFO]  Epoch 17 loss: 1378.844422340393; train accuracy: 0.3566766036184211; test accuracy: 0.0
2025-09-28 18:10:10 [INFO]  Epoch 18 loss: 1347.1847677230835; train accuracy: 0.3619192023026316; test accuracy: 0.0
2025-09-28 18:14:26 [INFO]  Epoch 19 loss: 1318.5101494789124; train accuracy: 0.3991570723684211; test accuracy: 0.0
2025-09-28 18:14:26 [INFO]  Client 3 Finish Local Training--------|
2025-09-28 18:14:26 [INFO]  Client 3 Collecting Local Prototypes--------|
2025-09-28 18:14:26 [INFO]  Client 4 Starts Local Trainning--------|
2025-09-28 18:19:01 [INFO]  Epoch 15 loss: 1558.9037375450134; train accuracy: 0.3033617424242424; test accuracy: 0.0072
2025-09-28 18:19:01 [INFO]  Save the model in ./checkpoints/Tiny_alpha0.1/local_models/client_4/epoch_15.pth
2025-09-28 18:23:39 [INFO]  Epoch 16 loss: 1548.4578862190247; train accuracy: 0.3215198863636364; test accuracy: 0.0269
2025-09-28 18:27:39 [INFO]  Epoch 17 loss: 1517.6202011108398; train accuracy: 0.3348721590909091; test accuracy: 0.0049
2025-09-28 18:31:31 [INFO]  Epoch 18 loss: 1497.361626625061; train accuracy: 0.37871685606060607; test accuracy: 0.0034
2025-09-28 18:35:21 [INFO]  Epoch 19 loss: 1469.2639327049255; train accuracy: 0.38686079545454544; test accuracy: 0.0248
2025-09-28 18:35:21 [INFO]  Client 4 Finish Local Training--------|
2025-09-28 18:35:21 [INFO]  Client 4 Collecting Local Prototypes--------|
2025-09-28 18:35:21 [INFO]  Round 3 Finish--------|
2025-09-28 18:35:21 [INFO]  Model variance: mean: 0.007099812850356102, sum: 80023.640625
2025-09-28 18:35:21 [INFO]  g_protos_std: 1.006386637687683
2025-09-28 18:35:21 [INFO]  V7 Training | Using ADVANCED IFFI server aggregation.
2025-09-28 18:36:14 [INFO]  The test accuracy (with prototype) of OneShotOursV7+AdvancedServer: 0.0055
2025-09-28 18:36:14 [INFO]  Save config to ./checkpoints/Tiny_alpha0.1/baselines_OneShotOursV7+AdvancedServer_CIFAR10_results.yaml
2025-09-28 18:36:14 [INFO]  Round 4 starts--------|
2025-09-28 18:36:14 [INFO]  Client 0 Starts Local Trainning--------|
2025-09-28 18:39:52 [INFO]  Epoch 20 loss: 1349.5299763679504; train accuracy: 0.38316761363636365; test accuracy: 0.0154
2025-09-28 18:39:53 [INFO]  Save the model in ./checkpoints/Tiny_alpha0.1/local_models/client_0/epoch_20.pth
2025-09-28 18:43:29 [INFO]  Epoch 21 loss: 1338.7688517570496; train accuracy: 0.35267857142857145; test accuracy: 0.0384
2025-09-28 18:47:05 [INFO]  Epoch 22 loss: 1334.5104746818542; train accuracy: 0.3978794642857143; test accuracy: 0.0103
2025-09-28 18:50:37 [INFO]  Epoch 23 loss: 1298.5952429771423; train accuracy: 0.4240817775974026; test accuracy: 0.0154
2025-09-28 18:54:15 [INFO]  Epoch 24 loss: 1290.641435623169; train accuracy: 0.426364650974026; test accuracy: 0.0064
2025-09-28 18:54:15 [INFO]  Client 0 Finish Local Training--------|
2025-09-28 18:54:15 [INFO]  Client 0 Collecting Local Prototypes--------|
2025-09-28 18:54:15 [INFO]  Client 1 Starts Local Trainning--------|
2025-09-28 18:57:35 [INFO]  Epoch 20 loss: 1240.8303146362305; train accuracy: 0.3199190647482014; test accuracy: 0.0
2025-09-28 18:57:35 [INFO]  Save the model in ./checkpoints/Tiny_alpha0.1/local_models/client_1/epoch_20.pth
2025-09-28 19:00:54 [INFO]  Epoch 21 loss: 1233.4238739013672; train accuracy: 0.3525460881294964; test accuracy: 0.0
2025-09-28 19:04:16 [INFO]  Epoch 22 loss: 1212.592128276825; train accuracy: 0.39557104316546765; test accuracy: 0.0
2025-09-28 19:07:41 [INFO]  Epoch 23 loss: 1190.9120602607727; train accuracy: 0.3244997751798561; test accuracy: 0.0
2025-09-28 19:11:17 [INFO]  Epoch 24 loss: 1176.430640220642; train accuracy: 0.38640962230215825; test accuracy: 0.0
2025-09-28 19:11:17 [INFO]  Client 1 Finish Local Training--------|
2025-09-28 19:11:17 [INFO]  Client 1 Collecting Local Prototypes--------|
2025-09-28 19:11:17 [INFO]  Client 2 Starts Local Trainning--------|
2025-09-28 19:15:57 [INFO]  Epoch 20 loss: 1604.645013809204; train accuracy: 0.32238302595628415; test accuracy: 0.0
2025-09-28 19:15:58 [INFO]  Save the model in ./checkpoints/Tiny_alpha0.1/local_models/client_2/epoch_20.pth
2025-09-28 19:20:34 [INFO]  Epoch 21 loss: 1587.8213033676147; train accuracy: 0.36159494535519127; test accuracy: 0.0
2025-09-28 19:25:03 [INFO]  Epoch 22 loss: 1584.2356419563293; train accuracy: 0.3758324795081967; test accuracy: 0.0
2025-09-28 19:29:22 [INFO]  Epoch 23 loss: 1543.8063702583313; train accuracy: 0.40148992486338797; test accuracy: 0.0
2025-09-28 19:33:34 [INFO]  Epoch 24 loss: 1522.0330028533936; train accuracy: 0.40765881147540983; test accuracy: 0.0
2025-09-28 19:33:34 [INFO]  Client 2 Finish Local Training--------|
2025-09-28 19:33:34 [INFO]  Client 2 Collecting Local Prototypes--------|
2025-09-28 19:33:34 [INFO]  Client 3 Starts Local Trainning--------|
2025-09-28 19:37:10 [INFO]  Epoch 20 loss: 1318.7801246643066; train accuracy: 0.3581414473684211; test accuracy: 0.0
2025-09-28 19:37:11 [INFO]  Save the model in ./checkpoints/Tiny_alpha0.1/local_models/client_3/epoch_20.pth
2025-09-28 19:40:46 [INFO]  Epoch 21 loss: 1310.406081199646; train accuracy: 0.41069592927631576; test accuracy: 0.0
2025-09-28 19:44:29 [INFO]  Epoch 22 loss: 1270.7688026428223; train accuracy: 0.3779296875; test accuracy: 0.0
2025-09-28 19:48:28 [INFO]  Epoch 23 loss: 1273.3676872253418; train accuracy: 0.38286389802631576; test accuracy: 0.0
2025-09-28 19:52:16 [INFO]  Epoch 24 loss: 1264.0894374847412; train accuracy: 0.39471114309210525; test accuracy: 0.0
2025-09-28 19:52:16 [INFO]  Client 3 Finish Local Training--------|
2025-09-28 19:52:16 [INFO]  Client 3 Collecting Local Prototypes--------|
2025-09-28 19:52:16 [INFO]  Client 4 Starts Local Trainning--------|
2025-09-28 19:56:19 [INFO]  Epoch 20 loss: 1443.4201231002808; train accuracy: 0.4126657196969697; test accuracy: 0.0103
2025-09-28 19:56:19 [INFO]  Save the model in ./checkpoints/Tiny_alpha0.1/local_models/client_4/epoch_20.pth
2025-09-28 20:00:07 [INFO]  Epoch 21 loss: 1432.7384419441223; train accuracy: 0.3561789772727273; test accuracy: 0.0077
2025-09-28 20:03:54 [INFO]  Epoch 22 loss: 1409.4277453422546; train accuracy: 0.4739583333333333; test accuracy: 0.023
2025-09-28 20:07:40 [INFO]  Epoch 23 loss: 1398.5546474456787; train accuracy: 0.4395596590909091; test accuracy: 0.02
2025-09-28 20:11:24 [INFO]  Epoch 24 loss: 1354.297577381134; train accuracy: 0.37971117424242423; test accuracy: 0.014
2025-09-28 20:11:24 [INFO]  Client 4 Finish Local Training--------|
2025-09-28 20:11:24 [INFO]  Client 4 Collecting Local Prototypes--------|
2025-09-28 20:11:24 [INFO]  Round 4 Finish--------|
2025-09-28 20:11:24 [INFO]  Model variance: mean: 0.008041254244744778, sum: 90634.84375
2025-09-28 20:11:24 [INFO]  g_protos_std: 1.006927490234375
2025-09-28 20:11:24 [INFO]  V7 Training | Using ADVANCED IFFI server aggregation.
2025-09-28 20:12:18 [INFO]  The test accuracy (with prototype) of OneShotOursV7+AdvancedServer: 0.0051
2025-09-28 20:12:18 [INFO]  Save config to ./checkpoints/Tiny_alpha0.1/baselines_OneShotOursV7+AdvancedServer_CIFAR10_results.yaml
2025-09-28 20:12:18 [INFO]  Round 5 starts--------|
2025-09-28 20:12:18 [INFO]  Client 0 Starts Local Trainning--------|
2025-09-28 20:15:50 [INFO]  Epoch 25 loss: 1284.8499464988708; train accuracy: 0.4014559659090909; test accuracy: 0.0202
2025-09-28 20:15:50 [INFO]  Save the model in ./checkpoints/Tiny_alpha0.1/local_models/client_0/epoch_25.pth
2025-09-28 20:19:18 [INFO]  Epoch 26 loss: 1259.7394361495972; train accuracy: 0.44779829545454547; test accuracy: 0.0332
2025-09-28 20:22:48 [INFO]  Epoch 27 loss: 1266.6656908988953; train accuracy: 0.3709669237012987; test accuracy: 0.0159
2025-09-28 20:26:14 [INFO]  Epoch 28 loss: 1241.1487283706665; train accuracy: 0.433695211038961; test accuracy: 0.1495
2025-09-28 20:29:41 [INFO]  Epoch 29 loss: 1216.1824407577515; train accuracy: 0.48541497564935066; test accuracy: 0.0269
2025-09-28 20:29:41 [INFO]  Client 0 Finish Local Training--------|
2025-09-28 20:29:41 [INFO]  Client 0 Collecting Local Prototypes--------|
2025-09-28 20:29:41 [INFO]  Client 1 Starts Local Trainning--------|
2025-09-28 20:32:46 [INFO]  Epoch 25 loss: 1164.2305932044983; train accuracy: 0.4004046762589928; test accuracy: 0.0
2025-09-28 20:32:47 [INFO]  Save the model in ./checkpoints/Tiny_alpha0.1/local_models/client_1/epoch_25.pth
2025-09-28 20:35:51 [INFO]  Epoch 26 loss: 1151.202938079834; train accuracy: 0.373482464028777; test accuracy: 0.0
2025-09-28 20:38:56 [INFO]  Epoch 27 loss: 1146.9897785186768; train accuracy: 0.42513489208633093; test accuracy: 0.0
2025-09-28 20:42:01 [INFO]  Epoch 28 loss: 1122.6863503456116; train accuracy: 0.3831497302158273; test accuracy: 0.0
2025-09-28 20:45:06 [INFO]  Epoch 29 loss: 1074.712052822113; train accuracy: 0.46917153776978415; test accuracy: 0.0
2025-09-28 20:45:06 [INFO]  Client 1 Finish Local Training--------|
2025-09-28 20:45:06 [INFO]  Client 1 Collecting Local Prototypes--------|
2025-09-28 20:45:06 [INFO]  Client 2 Starts Local Trainning--------|
2025-09-28 20:49:12 [INFO]  Epoch 25 loss: 1528.9741859436035; train accuracy: 0.4834784836065574; test accuracy: 0.0
2025-09-28 20:49:12 [INFO]  Save the model in ./checkpoints/Tiny_alpha0.1/local_models/client_2/epoch_25.pth
2025-09-28 20:53:20 [INFO]  Epoch 26 loss: 1496.319037437439; train accuracy: 0.44783128415300544; test accuracy: 0.0
2025-09-28 20:57:30 [INFO]  Epoch 27 loss: 1461.1719617843628; train accuracy: 0.4340633538251366; test accuracy: 0.0
2025-09-28 21:01:40 [INFO]  Epoch 28 loss: 1457.683804512024; train accuracy: 0.4278304303278688; test accuracy: 0.0
2025-09-28 21:05:51 [INFO]  Epoch 29 loss: 1449.6170711517334; train accuracy: 0.4685792349726776; test accuracy: 0.0
2025-09-28 21:05:51 [INFO]  Client 2 Finish Local Training--------|
2025-09-28 21:05:51 [INFO]  Client 2 Collecting Local Prototypes--------|
2025-09-28 21:05:51 [INFO]  Client 3 Starts Local Trainning--------|
2025-09-28 21:09:21 [INFO]  Epoch 25 loss: 1261.2454180717468; train accuracy: 0.4575452302631579; test accuracy: 0.0
2025-09-28 21:09:21 [INFO]  Save the model in ./checkpoints/Tiny_alpha0.1/local_models/client_3/epoch_25.pth
2025-09-28 21:12:50 [INFO]  Epoch 26 loss: 1207.0526480674744; train accuracy: 0.44819078947368424; test accuracy: 0.0
2025-09-28 21:16:18 [INFO]  Epoch 27 loss: 1195.1145544052124; train accuracy: 0.4304070723684211; test accuracy: 0.0
2025-09-28 21:19:49 [INFO]  Epoch 28 loss: 1190.1658473014832; train accuracy: 0.3884148848684211; test accuracy: 0.0
2025-09-28 21:23:19 [INFO]  Epoch 29 loss: 1184.4635887145996; train accuracy: 0.42598684210526316; test accuracy: 0.0
2025-09-28 21:23:19 [INFO]  Client 3 Finish Local Training--------|
2025-09-28 21:23:19 [INFO]  Client 3 Collecting Local Prototypes--------|
2025-09-28 21:23:19 [INFO]  Client 4 Starts Local Trainning--------|
2025-09-28 21:27:03 [INFO]  Epoch 25 loss: 1374.576916694641; train accuracy: 0.44772727272727275; test accuracy: 0.0128
2025-09-28 21:27:03 [INFO]  Save the model in ./checkpoints/Tiny_alpha0.1/local_models/client_4/epoch_25.pth
2025-09-28 21:30:48 [INFO]  Epoch 26 loss: 1322.8332409858704; train accuracy: 0.4595880681818182; test accuracy: 0.0148
2025-09-28 21:34:33 [INFO]  Epoch 27 loss: 1301.5794577598572; train accuracy: 0.449313446969697; test accuracy: 0.0222
2025-09-28 21:38:19 [INFO]  Epoch 28 loss: 1313.042507648468; train accuracy: 0.484375; test accuracy: 0.0206
2025-09-28 21:42:04 [INFO]  Epoch 29 loss: 1283.8012990951538; train accuracy: 0.4823863636363636; test accuracy: 0.0147
2025-09-28 21:42:04 [INFO]  Client 4 Finish Local Training--------|
2025-09-28 21:42:04 [INFO]  Client 4 Collecting Local Prototypes--------|
2025-09-28 21:42:04 [INFO]  Round 5 Finish--------|
2025-09-28 21:42:04 [INFO]  Model variance: mean: 0.00890735536813736, sum: 100396.875
2025-09-28 21:42:04 [INFO]  g_protos_std: 1.0074386596679688
2025-09-28 21:42:04 [INFO]  V7 Training | Using ADVANCED IFFI server aggregation.
2025-09-28 21:42:57 [INFO]  The test accuracy (with prototype) of OneShotOursV7+AdvancedServer: 0.0055
2025-09-28 21:42:57 [INFO]  Save config to ./checkpoints/Tiny_alpha0.1/baselines_OneShotOursV7+AdvancedServer_CIFAR10_results.yaml
2025-09-28 21:42:57 [INFO]  Round 6 starts--------|
2025-09-28 21:42:57 [INFO]  Client 0 Starts Local Trainning--------|
2025-09-28 21:46:29 [INFO]  Epoch 30 loss: 1198.1750965118408; train accuracy: 0.47369622564935066; test accuracy: 0.0648
2025-09-28 21:46:30 [INFO]  Save the model in ./checkpoints/Tiny_alpha0.1/local_models/client_0/epoch_30.pth
2025-09-28 21:49:59 [INFO]  Epoch 31 loss: 1194.0673561096191; train accuracy: 0.49360795454545453; test accuracy: 0.0181
2025-09-28 21:53:31 [INFO]  Epoch 32 loss: 1183.447232246399; train accuracy: 0.4083299512987013; test accuracy: 0.021
2025-09-28 21:57:03 [INFO]  Epoch 33 loss: 1173.484287261963; train accuracy: 0.5005073051948052; test accuracy: 0.0118
2025-09-28 22:00:32 [INFO]  Epoch 34 loss: 1151.4443635940552; train accuracy: 0.46309354707792205; test accuracy: 0.0293
2025-09-28 22:00:32 [INFO]  Client 0 Finish Local Training--------|
2025-09-28 22:00:32 [INFO]  Client 0 Collecting Local Prototypes--------|
2025-09-28 22:00:32 [INFO]  Client 1 Starts Local Trainning--------|
2025-09-28 22:03:45 [INFO]  Epoch 30 loss: 1094.331069946289; train accuracy: 0.4392142535971223; test accuracy: 0.0
2025-09-28 22:03:45 [INFO]  Save the model in ./checkpoints/Tiny_alpha0.1/local_models/client_1/epoch_30.pth
2025-09-28 22:06:58 [INFO]  Epoch 31 loss: 1081.947211265564; train accuracy: 0.4735836330935252; test accuracy: 0.0
2025-09-28 22:10:13 [INFO]  Epoch 32 loss: 1060.1006107330322; train accuracy: 0.44444132194244607; test accuracy: 0.0
2025-09-28 22:13:27 [INFO]  Epoch 33 loss: 1069.027997493744; train accuracy: 0.48347571942446044; test accuracy: 0.0
2025-09-28 22:16:36 [INFO]  Epoch 34 loss: 1050.4716696739197; train accuracy: 0.4825202338129496; test accuracy: 0.0
2025-09-28 22:16:36 [INFO]  Client 1 Finish Local Training--------|
2025-09-28 22:16:36 [INFO]  Client 1 Collecting Local Prototypes--------|
2025-09-28 22:16:36 [INFO]  Client 2 Starts Local Trainning--------|
2025-09-28 22:20:44 [INFO]  Epoch 30 loss: 1411.9344110488892; train accuracy: 0.38078466530054644; test accuracy: 0.0
2025-09-28 22:20:44 [INFO]  Save the model in ./checkpoints/Tiny_alpha0.1/local_models/client_2/epoch_30.pth
2025-09-28 22:24:53 [INFO]  Epoch 31 loss: 1393.356517314911; train accuracy: 0.49942366803278687; test accuracy: 0.0
2025-09-28 22:29:03 [INFO]  Epoch 32 loss: 1395.1678533554077; train accuracy: 0.5299479166666666; test accuracy: 0.0
2025-09-28 22:33:11 [INFO]  Epoch 33 loss: 1370.8425602912903; train accuracy: 0.5134264002732241; test accuracy: 0.0
2025-09-28 22:37:18 [INFO]  Epoch 34 loss: 1368.137622833252; train accuracy: 0.4874060792349727; test accuracy: 0.0
2025-09-28 22:37:18 [INFO]  Client 2 Finish Local Training--------|
2025-09-28 22:37:18 [INFO]  Client 2 Collecting Local Prototypes--------|
2025-09-28 22:37:18 [INFO]  Client 3 Starts Local Trainning--------|
2025-09-28 22:40:43 [INFO]  Epoch 30 loss: 1159.9797863960266; train accuracy: 0.4839638157894737; test accuracy: 0.0
2025-09-28 22:40:44 [INFO]  Save the model in ./checkpoints/Tiny_alpha0.1/local_models/client_3/epoch_30.pth
2025-09-28 22:44:10 [INFO]  Epoch 31 loss: 1127.3616046905518; train accuracy: 0.48992598684210525; test accuracy: 0.0
2025-09-28 22:47:37 [INFO]  Epoch 32 loss: 1134.3713731765747; train accuracy: 0.4909539473684211; test accuracy: 0.0
2025-09-28 22:51:05 [INFO]  Epoch 33 loss: 1111.7646703720093; train accuracy: 0.48028885690789475; test accuracy: 0.0
2025-09-28 22:54:33 [INFO]  Epoch 34 loss: 1138.6021242141724; train accuracy: 0.4666940789473684; test accuracy: 0.0
2025-09-28 22:54:33 [INFO]  Client 3 Finish Local Training--------|
2025-09-28 22:54:33 [INFO]  Client 3 Collecting Local Prototypes--------|
2025-09-28 22:54:33 [INFO]  Client 4 Starts Local Trainning--------|
2025-09-28 22:58:16 [INFO]  Epoch 30 loss: 1281.6352410316467; train accuracy: 0.4134706439393939; test accuracy: 0.0415
2025-09-28 22:58:17 [INFO]  Save the model in ./checkpoints/Tiny_alpha0.1/local_models/client_4/epoch_30.pth
2025-09-28 23:02:02 [INFO]  Epoch 31 loss: 1274.1541414260864; train accuracy: 0.4335227272727273; test accuracy: 0.0284
2025-09-28 23:05:45 [INFO]  Epoch 32 loss: 1259.5329823493958; train accuracy: 0.45153882575757576; test accuracy: 0.0147
2025-09-28 23:09:29 [INFO]  Epoch 33 loss: 1239.8401441574097; train accuracy: 0.4604403409090909; test accuracy: 0.0112
2025-09-28 23:13:13 [INFO]  Epoch 34 loss: 1217.6784648895264; train accuracy: 0.5386126893939394; test accuracy: 0.0166
2025-09-28 23:13:13 [INFO]  Client 4 Finish Local Training--------|
2025-09-28 23:13:13 [INFO]  Client 4 Collecting Local Prototypes--------|
2025-09-28 23:13:13 [INFO]  Round 6 Finish--------|
2025-09-28 23:13:13 [INFO]  Model variance: mean: 0.009714667685329914, sum: 109496.28125
2025-09-28 23:13:13 [INFO]  g_protos_std: 1.007928490638733
2025-09-28 23:13:13 [INFO]  V7 Training | Using ADVANCED IFFI server aggregation.
2025-09-28 23:14:07 [INFO]  The test accuracy (with prototype) of OneShotOursV7+AdvancedServer: 0.0048
2025-09-28 23:14:07 [INFO]  Save config to ./checkpoints/Tiny_alpha0.1/baselines_OneShotOursV7+AdvancedServer_CIFAR10_results.yaml
2025-09-28 23:14:07 [INFO]  Round 7 starts--------|
2025-09-28 23:14:07 [INFO]  Client 0 Starts Local Trainning--------|
2025-09-28 23:17:35 [INFO]  Epoch 35 loss: 1122.7495789527893; train accuracy: 0.5446428571428571; test accuracy: 0.0124
2025-09-28 23:17:35 [INFO]  Save the model in ./checkpoints/Tiny_alpha0.1/local_models/client_0/epoch_35.pth
2025-09-28 23:21:05 [INFO]  Epoch 36 loss: 1129.9423522949219; train accuracy: 0.5124289772727273; test accuracy: 0.011
2025-09-28 23:24:35 [INFO]  Epoch 37 loss: 1116.949912071228; train accuracy: 0.49246651785714285; test accuracy: 0.0102
2025-09-28 23:28:04 [INFO]  Epoch 38 loss: 1088.3793029785156; train accuracy: 0.47242796266233766; test accuracy: 0.0161
2025-09-28 23:31:35 [INFO]  Epoch 39 loss: 1060.4338536262512; train accuracy: 0.4928469967532468; test accuracy: 0.0096
2025-09-28 23:31:35 [INFO]  Client 0 Finish Local Training--------|
2025-09-28 23:31:35 [INFO]  Client 0 Collecting Local Prototypes--------|
2025-09-28 23:31:35 [INFO]  Client 1 Starts Local Trainning--------|
2025-09-28 23:34:48 [INFO]  Epoch 35 loss: 1032.7560353279114; train accuracy: 0.5087679856115108; test accuracy: 0.0
2025-09-28 23:34:48 [INFO]  Save the model in ./checkpoints/Tiny_alpha0.1/local_models/client_1/epoch_35.pth
2025-09-28 23:38:04 [INFO]  Epoch 36 loss: 1034.9978280067444; train accuracy: 0.4814523381294964; test accuracy: 0.0
2025-09-28 23:41:20 [INFO]  Epoch 37 loss: 1045.4775605201721; train accuracy: 0.43488646582733814; test accuracy: 0.0
2025-09-28 23:44:32 [INFO]  Epoch 38 loss: 1014.5728435516357; train accuracy: 0.504412095323741; test accuracy: 0.0
2025-09-28 23:47:44 [INFO]  Epoch 39 loss: 1009.8941469192505; train accuracy: 0.5297605665467626; test accuracy: 0.0
2025-09-28 23:47:44 [INFO]  Client 1 Finish Local Training--------|
2025-09-28 23:47:44 [INFO]  Client 1 Collecting Local Prototypes--------|
2025-09-28 23:47:44 [INFO]  Client 2 Starts Local Trainning--------|
2025-09-28 23:51:53 [INFO]  Epoch 35 loss: 1332.8334970474243; train accuracy: 0.4649077868852459; test accuracy: 0.0
2025-09-28 23:51:53 [INFO]  Save the model in ./checkpoints/Tiny_alpha0.1/local_models/client_2/epoch_35.pth
2025-09-28 23:55:59 [INFO]  Epoch 36 loss: 1348.2078399658203; train accuracy: 0.48900700136612024; test accuracy: 0.0
2025-09-29 00:00:03 [INFO]  Epoch 37 loss: 1321.666733264923; train accuracy: 0.5419228142076503; test accuracy: 0.0
2025-09-29 00:04:08 [INFO]  Epoch 38 loss: 1295.9571022987366; train accuracy: 0.48603995901639346; test accuracy: 0.0
2025-09-29 00:08:11 [INFO]  Epoch 39 loss: 1306.2698011398315; train accuracy: 0.5388917349726776; test accuracy: 0.0
2025-09-29 00:08:11 [INFO]  Client 2 Finish Local Training--------|
2025-09-29 00:08:11 [INFO]  Client 2 Collecting Local Prototypes--------|
2025-09-29 00:08:11 [INFO]  Client 3 Starts Local Trainning--------|
2025-09-29 00:11:33 [INFO]  Epoch 35 loss: 1094.3312754631042; train accuracy: 0.5240799753289473; test accuracy: 0.0
2025-09-29 00:11:33 [INFO]  Save the model in ./checkpoints/Tiny_alpha0.1/local_models/client_3/epoch_35.pth
2025-09-29 00:14:55 [INFO]  Epoch 36 loss: 1089.0081324577332; train accuracy: 0.5284745065789473; test accuracy: 0.0
2025-09-29 00:18:14 [INFO]  Epoch 37 loss: 1071.9442596435547; train accuracy: 0.5265213815789473; test accuracy: 0.0
2025-09-29 00:21:38 [INFO]  Epoch 38 loss: 1063.1985592842102; train accuracy: 0.5438425164473685; test accuracy: 0.0
2025-09-29 00:24:58 [INFO]  Epoch 39 loss: 1067.5762567520142; train accuracy: 0.5137746710526315; test accuracy: 0.0
2025-09-29 00:24:58 [INFO]  Client 3 Finish Local Training--------|
2025-09-29 00:24:58 [INFO]  Client 3 Collecting Local Prototypes--------|
2025-09-29 00:24:58 [INFO]  Client 4 Starts Local Trainning--------|
2025-09-29 00:28:36 [INFO]  Epoch 35 loss: 1216.783745765686; train accuracy: 0.5371685606060606; test accuracy: 0.0159
2025-09-29 00:28:36 [INFO]  Save the model in ./checkpoints/Tiny_alpha0.1/local_models/client_4/epoch_35.pth
2025-09-29 00:32:15 [INFO]  Epoch 36 loss: 1195.7828130722046; train accuracy: 0.5309895833333333; test accuracy: 0.0338
2025-09-29 00:35:51 [INFO]  Epoch 37 loss: 1190.1953630447388; train accuracy: 0.49831912878787876; test accuracy: 0.0121
2025-09-29 00:39:28 [INFO]  Epoch 38 loss: 1184.5917420387268; train accuracy: 0.5068181818181818; test accuracy: 0.0453
2025-09-29 00:43:03 [INFO]  Epoch 39 loss: 1143.49697971344; train accuracy: 0.5388020833333333; test accuracy: 0.0082
2025-09-29 00:43:03 [INFO]  Client 4 Finish Local Training--------|
2025-09-29 00:43:03 [INFO]  Client 4 Collecting Local Prototypes--------|
2025-09-29 00:43:03 [INFO]  Round 7 Finish--------|
2025-09-29 00:43:03 [INFO]  Model variance: mean: 0.010470089502632618, sum: 118010.8125
2025-09-29 00:43:03 [INFO]  g_protos_std: 1.008400559425354
2025-09-29 00:43:03 [INFO]  V7 Training | Using ADVANCED IFFI server aggregation.
