2025-09-28 11:00:34 [INFO]  Load config from ./configs/Tiny_alpha0.1.yaml
2025-09-28 11:00:34 [INFO]  config: {'exp_name': 'Tiny_alpha0.1', 'dataset': {'data_name': 'Tiny-ImageNet', 'root_path': '~/datasets/', 'train_batch_size': 256, 'test_batch_size': 256, 'channels': 3, 'num_classes': 200, 'image_size': 64, 'aux_data_name': 'Tiny-ImageNet', 'aux_root_path': '~/datasets/', 'aux_split': 'test'}, 'distribution': {'type': 'dirichlet', 'label_num_per_client': 2, 'alpha': 0.1}, 'client': {'num_clients': 5}, 'server': {'num_rounds': 10, 'frac_clients': 1.0, 'lr': 0.05, 'local_epochs': 5, 'optimizer': 'sgd', 'momentum': 0.9, 'weight_decay': 0.0001, 'loss_name': 'ce', 'model_name': 'resnet18', 'aggregated_by_datasize': True, 'lr_decay_per_round': 0.998}, 'device': 'cuda:0', 'checkpoint': {'save_path': './checkpoints/', 'save_freq': 5, 'result_file': 'CIFAR10_results.yaml'}, 'pretrain': {'lr': 0.01, 'epoch': 70, 'model_path': './pretrain/', 'momentum': 0.9, 'weight_decay': 0.0001, 'model_name': 'resnet18', 'model_file_name': 'resnet18-f37072fd.pth'}, 'DBCD': {'alpha_l_pa': 1, 'alpha_l_pb': 1, 'alpha_l_pc': 0.0, 'Beta_alpha': 0.2, 'unsup_method': 'infonce', 'contrastive_temperature': 0.5, 'encoder_epoch': 40, 'projector_epoch': 10, 'use_pretrain': False, 'aug_batch_size': 512, 'encoder_lr': 0.03, 'cls_optimizer': 'sgd', 'cls_lr': 0.05, 'supcon_temp': 0.07, 'super_gr': 100, 'aux_with_public': True}, 'etf': {'loss_name': 'ce'}, 'visualization': {'interval': 5, 'save_path': 'visualization/resnet18', 'vis_size': 16}, 'resume': True, 'resume_best': False, 'seed': 1, 'lambda_align_initial': 5.0}
2025-09-28 11:00:35 [INFO]  Dataset Tiny-ImageNet loaded
2025-09-28 11:00:35 [INFO]  Dataset index dict loaded from preprocessed_data/Tiny-ImageNet.pt
2025-09-28 11:00:36 [INFO]  OneshotOursV7 with DRCL (ETF Anchors) and Lambda Annealing
2025-09-28 11:00:37 [INFO]  Initialized ETF fixed anchors with shape: torch.Size([200, 512])
2025-09-28 11:00:37 [INFO]  Round 0 starts--------|
2025-09-28 11:00:37 [INFO]  Client 0 Starts Local Trainning--------|
2025-09-28 11:07:15 [INFO]  Epoch 0 loss: 3128.335382461548; train accuracy: 0.035080154220779224; test accuracy: 0.0
2025-09-28 11:07:15 [INFO]  Save the model in ./checkpoints/Tiny_alpha0.1/local_models/client_0/epoch_0.pth
2025-09-28 11:12:33 [INFO]  Epoch 1 loss: 2745.281015396118; train accuracy: 0.048498376623376624; test accuracy: 0.0
2025-09-28 11:17:55 [INFO]  Epoch 2 loss: 2473.99266910553; train accuracy: 0.0753601866883117; test accuracy: 0.0041
2025-09-28 11:23:23 [INFO]  Epoch 3 loss: 2238.3358964920044; train accuracy: 0.115234375; test accuracy: 0.0088
2025-09-28 11:28:45 [INFO]  Epoch 4 loss: 2004.4664783477783; train accuracy: 0.13605925324675325; test accuracy: 0.037
2025-09-28 11:28:45 [INFO]  Client 0 Finish Local Training--------|
2025-09-28 11:28:45 [INFO]  Client 0 Collecting Local Prototypes--------|
2025-09-28 11:28:45 [INFO]  Client 1 Starts Local Trainning--------|
2025-09-28 11:35:14 [INFO]  Epoch 0 loss: 2823.8867111206055; train accuracy: 0.04066434352517986; test accuracy: 0.0
2025-09-28 11:35:14 [INFO]  Save the model in ./checkpoints/Tiny_alpha0.1/local_models/client_1/epoch_0.pth
2025-09-28 11:40:00 [INFO]  Epoch 1 loss: 2476.4971656799316; train accuracy: 0.043587005395683456; test accuracy: 0.0
2025-09-28 11:44:51 [INFO]  Epoch 2 loss: 2232.3997201919556; train accuracy: 0.06449527877697842; test accuracy: 0.0
2025-09-28 11:49:38 [INFO]  Epoch 3 loss: 2005.9871187210083; train accuracy: 0.09034959532374101; test accuracy: 0.0
2025-09-28 11:54:32 [INFO]  Epoch 4 loss: 1815.0947008132935; train accuracy: 0.15133205935251798; test accuracy: 0.0
2025-09-28 11:54:32 [INFO]  Client 1 Finish Local Training--------|
2025-09-28 11:54:32 [INFO]  Client 1 Collecting Local Prototypes--------|
2025-09-28 11:54:32 [INFO]  Client 2 Starts Local Trainning--------|
2025-09-28 12:03:00 [INFO]  Epoch 0 loss: 3757.2139072418213; train accuracy: 0.04128244535519126; test accuracy: 0.0
2025-09-28 12:03:00 [INFO]  Save the model in ./checkpoints/Tiny_alpha0.1/local_models/client_2/epoch_0.pth
2025-09-28 12:09:35 [INFO]  Epoch 1 loss: 3315.845922470093; train accuracy: 0.059831796448087435; test accuracy: 0.0
2025-09-28 12:16:05 [INFO]  Epoch 2 loss: 2990.3168687820435; train accuracy: 0.08079320355191257; test accuracy: 0.0
2025-09-28 12:22:28 [INFO]  Epoch 3 loss: 2681.1721992492676; train accuracy: 0.12568306010928962; test accuracy: 0.0
2025-09-28 12:28:54 [INFO]  Epoch 4 loss: 2429.7265586853027; train accuracy: 0.1090975068306011; test accuracy: 0.0
2025-09-28 12:28:54 [INFO]  Client 2 Finish Local Training--------|
2025-09-28 12:28:54 [INFO]  Client 2 Collecting Local Prototypes--------|
2025-09-28 12:28:54 [INFO]  Client 3 Starts Local Trainning--------|
2025-09-28 12:35:57 [INFO]  Epoch 0 loss: 3096.5768852233887; train accuracy: 0.02523643092105263; test accuracy: 0.0
2025-09-28 12:35:57 [INFO]  Save the model in ./checkpoints/Tiny_alpha0.1/local_models/client_3/epoch_0.pth
2025-09-28 12:41:17 [INFO]  Epoch 1 loss: 2725.474880218506; train accuracy: 0.061060855263157895; test accuracy: 0.0
2025-09-28 12:46:38 [INFO]  Epoch 2 loss: 2441.143012046814; train accuracy: 0.07707134046052631; test accuracy: 0.0
2025-09-28 12:51:54 [INFO]  Epoch 3 loss: 2197.3224515914917; train accuracy: 0.11294716282894737; test accuracy: 0.0
2025-09-28 12:57:11 [INFO]  Epoch 4 loss: 1984.4811763763428; train accuracy: 0.12970291940789475; test accuracy: 0.0
2025-09-28 12:57:11 [INFO]  Client 3 Finish Local Training--------|
2025-09-28 12:57:11 [INFO]  Client 3 Collecting Local Prototypes--------|
2025-09-28 12:57:11 [INFO]  Client 4 Starts Local Trainning--------|
2025-09-28 13:04:36 [INFO]  Epoch 0 loss: 3372.2791690826416; train accuracy: 0.027651515151515153; test accuracy: 0.0
2025-09-28 13:04:36 [INFO]  Save the model in ./checkpoints/Tiny_alpha0.1/local_models/client_4/epoch_0.pth
2025-09-28 13:10:14 [INFO]  Epoch 1 loss: 2950.931505203247; train accuracy: 0.03127367424242424; test accuracy: 0.0086
2025-09-28 13:15:59 [INFO]  Epoch 2 loss: 2670.6078186035156; train accuracy: 0.0634469696969697; test accuracy: 0.0054
2025-09-28 13:21:33 [INFO]  Epoch 3 loss: 2410.9564657211304; train accuracy: 0.07800662878787878; test accuracy: 0.0082
2025-09-28 13:27:05 [INFO]  Epoch 4 loss: 2192.109516143799; train accuracy: 0.1137784090909091; test accuracy: 0.0251
2025-09-28 13:27:05 [INFO]  Client 4 Finish Local Training--------|
2025-09-28 13:27:05 [INFO]  Client 4 Collecting Local Prototypes--------|
2025-09-28 13:27:05 [INFO]  Round 0 Finish--------|
2025-09-28 13:27:05 [INFO]  Model variance: mean: 0.0032728000078350306, sum: 36888.48828125
2025-09-28 13:27:05 [INFO]  g_protos_std: 0.9993343353271484
2025-09-28 13:27:05 [INFO]  V7 Training | Using ADVANCED IFFI server aggregation.
2025-09-28 13:27:59 [INFO]  The test accuracy (with prototype) of OneShotOursV7+AdvancedServer: 0.0081
2025-09-28 13:27:59 [INFO]  Save config to ./checkpoints/Tiny_alpha0.1/baselines_OneShotOursV7+AdvancedServer_CIFAR10_results.yaml
2025-09-28 13:27:59 [INFO]  Round 1 starts--------|
2025-09-28 13:27:59 [INFO]  Client 0 Starts Local Trainning--------|
2025-09-28 13:33:02 [INFO]  Epoch 5 loss: 2558.5962982177734; train accuracy: 0.13616071428571427; test accuracy: 0.0243
2025-09-28 13:33:02 [INFO]  Save the model in ./checkpoints/Tiny_alpha0.1/local_models/client_0/epoch_5.pth
2025-09-28 13:38:07 [INFO]  Epoch 6 loss: 2363.0611572265625; train accuracy: 0.16870434253246752; test accuracy: 0.03
2025-09-28 13:43:26 [INFO]  Epoch 7 loss: 2173.35688495636; train accuracy: 0.24246651785714285; test accuracy: 0.0511
2025-09-28 13:48:49 [INFO]  Epoch 8 loss: 1971.5834531784058; train accuracy: 0.2429484577922078; test accuracy: 0.0631
2025-09-28 13:53:47 [INFO]  Epoch 9 loss: 1785.5840101242065; train accuracy: 0.23457792207792208; test accuracy: 0.0077
2025-09-28 13:53:47 [INFO]  Client 0 Finish Local Training--------|
2025-09-28 13:53:47 [INFO]  Client 0 Collecting Local Prototypes--------|
2025-09-28 13:53:47 [INFO]  Client 1 Starts Local Trainning--------|
2025-09-28 13:58:07 [INFO]  Epoch 5 loss: 2319.7588090896606; train accuracy: 0.1196324190647482; test accuracy: 0.0
2025-09-28 13:58:07 [INFO]  Save the model in ./checkpoints/Tiny_alpha0.1/local_models/client_1/epoch_5.pth
2025-09-28 14:02:21 [INFO]  Epoch 6 loss: 2127.594193458557; train accuracy: 0.18862410071942445; test accuracy: 0.0
2025-09-28 14:06:30 [INFO]  Epoch 7 loss: 1962.8432054519653; train accuracy: 0.19222122302158273; test accuracy: 0.0
2025-09-28 14:10:43 [INFO]  Epoch 8 loss: 1763.9063329696655; train accuracy: 0.20453012589928057; test accuracy: 0.0
2025-09-28 14:14:56 [INFO]  Epoch 9 loss: 1609.6289825439453; train accuracy: 0.22867018884892087; test accuracy: 0.0
2025-09-28 14:14:56 [INFO]  Client 1 Finish Local Training--------|
2025-09-28 14:14:56 [INFO]  Client 1 Collecting Local Prototypes--------|
2025-09-28 14:14:56 [INFO]  Client 2 Starts Local Trainning--------|
2025-09-28 14:20:02 [INFO]  Epoch 5 loss: 3097.167791366577; train accuracy: 0.17870560109289618; test accuracy: 0.0
2025-09-28 14:20:02 [INFO]  Save the model in ./checkpoints/Tiny_alpha0.1/local_models/client_2/epoch_5.pth
2025-09-28 14:25:02 [INFO]  Epoch 6 loss: 2836.198917388916; train accuracy: 0.16690146857923496; test accuracy: 0.0
2025-09-28 14:29:18 [INFO]  Epoch 7 loss: 2602.8371868133545; train accuracy: 0.18816171448087432; test accuracy: 0.0
2025-09-28 14:33:16 [INFO]  Epoch 8 loss: 2373.736623764038; train accuracy: 0.2188353825136612; test accuracy: 0.0
2025-09-28 14:37:13 [INFO]  Epoch 9 loss: 2138.0496759414673; train accuracy: 0.2109161543715847; test accuracy: 0.0
2025-09-28 14:37:13 [INFO]  Client 2 Finish Local Training--------|
2025-09-28 14:37:13 [INFO]  Client 2 Collecting Local Prototypes--------|
2025-09-28 14:37:13 [INFO]  Client 3 Starts Local Trainning--------|
2025-09-28 14:40:30 [INFO]  Epoch 5 loss: 2507.759627342224; train accuracy: 0.20243112664473684; test accuracy: 0.0
2025-09-28 14:40:30 [INFO]  Save the model in ./checkpoints/Tiny_alpha0.1/local_models/client_3/epoch_5.pth
2025-09-28 14:43:47 [INFO]  Epoch 6 loss: 2314.431646347046; train accuracy: 0.16822574013157895; test accuracy: 0.0
2025-09-28 14:47:06 [INFO]  Epoch 7 loss: 2108.0289793014526; train accuracy: 0.21389288651315788; test accuracy: 0.0
2025-09-28 14:50:24 [INFO]  Epoch 8 loss: 1929.183937072754; train accuracy: 0.23085423519736842; test accuracy: 0.0
2025-09-28 14:53:41 [INFO]  Epoch 9 loss: 1738.753586769104; train accuracy: 0.21964946546052633; test accuracy: 0.0
2025-09-28 14:53:41 [INFO]  Client 3 Finish Local Training--------|
2025-09-28 14:53:41 [INFO]  Client 3 Collecting Local Prototypes--------|
2025-09-28 14:53:41 [INFO]  Client 4 Starts Local Trainning--------|
2025-09-28 14:57:17 [INFO]  Epoch 5 loss: 2764.120620727539; train accuracy: 0.1747869318181818; test accuracy: 0.0725
2025-09-28 14:57:18 [INFO]  Save the model in ./checkpoints/Tiny_alpha0.1/local_models/client_4/epoch_5.pth
2025-09-28 15:00:51 [INFO]  Epoch 6 loss: 2546.1073055267334; train accuracy: 0.1887784090909091; test accuracy: 0.0352
2025-09-28 15:04:26 [INFO]  Epoch 7 loss: 2331.1389484405518; train accuracy: 0.16879734848484848; test accuracy: 0.0045
2025-09-28 15:08:03 [INFO]  Epoch 8 loss: 2122.9818229675293; train accuracy: 0.19689867424242424; test accuracy: 0.0175
2025-09-28 15:11:38 [INFO]  Epoch 9 loss: 1908.3146934509277; train accuracy: 0.2473721590909091; test accuracy: 0.0274
2025-09-28 15:11:38 [INFO]  Client 4 Finish Local Training--------|
2025-09-28 15:11:38 [INFO]  Client 4 Collecting Local Prototypes--------|
2025-09-28 15:11:38 [INFO]  Round 1 Finish--------|
2025-09-28 15:11:38 [INFO]  Model variance: mean: 0.004815030377358198, sum: 54271.328125
2025-09-28 15:11:38 [INFO]  g_protos_std: 0.9955809712409973
2025-09-28 15:11:38 [INFO]  V7 Training | Using ADVANCED IFFI server aggregation.
2025-09-28 15:12:31 [INFO]  The test accuracy (with prototype) of OneShotOursV7+AdvancedServer: 0.0035
2025-09-28 15:12:31 [INFO]  Save config to ./checkpoints/Tiny_alpha0.1/baselines_OneShotOursV7+AdvancedServer_CIFAR10_results.yaml
2025-09-28 15:12:31 [INFO]  Round 2 starts--------|
2025-09-28 15:12:31 [INFO]  Client 0 Starts Local Trainning--------|
2025-09-28 15:15:51 [INFO]  Epoch 10 loss: 2358.45032787323; train accuracy: 0.2791193181818182; test accuracy: 0.0045
2025-09-28 15:15:51 [INFO]  Save the model in ./checkpoints/Tiny_alpha0.1/local_models/client_0/epoch_10.pth
2025-09-28 15:19:12 [INFO]  Epoch 11 loss: 2183.1325674057007; train accuracy: 0.24221286525974026; test accuracy: 0.0202
2025-09-28 15:22:33 [INFO]  Epoch 12 loss: 2005.1643934249878; train accuracy: 0.27168729707792205; test accuracy: 0.0337
2025-09-28 15:25:56 [INFO]  Epoch 13 loss: 1817.703085899353; train accuracy: 0.33824573863636365; test accuracy: 0.0152
2025-09-28 15:29:18 [INFO]  Epoch 14 loss: 1647.1584205627441; train accuracy: 0.31884131493506496; test accuracy: 0.0303
2025-09-28 15:29:18 [INFO]  Client 0 Finish Local Training--------|
2025-09-28 15:29:18 [INFO]  Client 0 Collecting Local Prototypes--------|
2025-09-28 15:29:18 [INFO]  Client 1 Starts Local Trainning--------|
2025-09-28 15:32:20 [INFO]  Epoch 10 loss: 2141.4336528778076; train accuracy: 0.24426708633093525; test accuracy: 0.0
2025-09-28 15:32:20 [INFO]  Save the model in ./checkpoints/Tiny_alpha0.1/local_models/client_1/epoch_10.pth
2025-09-28 15:35:24 [INFO]  Epoch 11 loss: 1984.9182977676392; train accuracy: 0.23634217625899281; test accuracy: 0.0
2025-09-28 15:38:27 [INFO]  Epoch 12 loss: 1806.673635482788; train accuracy: 0.24378934352517986; test accuracy: 0.0
2025-09-28 15:41:29 [INFO]  Epoch 13 loss: 1632.367172241211; train accuracy: 0.24097909172661872; test accuracy: 0.0
2025-09-28 15:44:32 [INFO]  Epoch 14 loss: 1460.5146017074585; train accuracy: 0.33093525179856115; test accuracy: 0.0
2025-09-28 15:44:32 [INFO]  Client 1 Finish Local Training--------|
2025-09-28 15:44:32 [INFO]  Client 1 Collecting Local Prototypes--------|
2025-09-28 15:44:32 [INFO]  Client 2 Starts Local Trainning--------|
2025-09-28 15:48:28 [INFO]  Epoch 10 loss: 2818.6199312210083; train accuracy: 0.1869877049180328; test accuracy: 0.0
2025-09-28 15:48:28 [INFO]  Save the model in ./checkpoints/Tiny_alpha0.1/local_models/client_2/epoch_10.pth
2025-09-28 15:52:25 [INFO]  Epoch 11 loss: 2620.123490333557; train accuracy: 0.23322233606557377; test accuracy: 0.0
2025-09-28 15:56:22 [INFO]  Epoch 12 loss: 2376.935856819153; train accuracy: 0.2569800204918033; test accuracy: 0.0
2025-09-28 16:00:17 [INFO]  Epoch 13 loss: 2176.8091564178467; train accuracy: 0.2872054303278688; test accuracy: 0.0
2025-09-28 16:04:14 [INFO]  Epoch 14 loss: 1951.0601749420166; train accuracy: 0.29508196721311475; test accuracy: 0.0
2025-09-28 16:04:14 [INFO]  Client 2 Finish Local Training--------|
2025-09-28 16:04:14 [INFO]  Client 2 Collecting Local Prototypes--------|
2025-09-28 16:04:14 [INFO]  Client 3 Starts Local Trainning--------|
2025-09-28 16:07:32 [INFO]  Epoch 10 loss: 2311.112036705017; train accuracy: 0.24650493421052633; test accuracy: 0.0
2025-09-28 16:07:33 [INFO]  Save the model in ./checkpoints/Tiny_alpha0.1/local_models/client_3/epoch_10.pth
2025-09-28 16:10:51 [INFO]  Epoch 11 loss: 2114.033061981201; train accuracy: 0.3017578125; test accuracy: 0.0
2025-09-28 16:14:12 [INFO]  Epoch 12 loss: 1954.7557210922241; train accuracy: 0.24776418585526316; test accuracy: 0.0
2025-09-28 16:17:31 [INFO]  Epoch 13 loss: 1775.1467895507812; train accuracy: 0.2630807976973684; test accuracy: 0.0
2025-09-28 16:20:51 [INFO]  Epoch 14 loss: 1601.5291175842285; train accuracy: 0.34061472039473684; test accuracy: 0.0
2025-09-28 16:20:51 [INFO]  Client 3 Finish Local Training--------|
2025-09-28 16:20:51 [INFO]  Client 3 Collecting Local Prototypes--------|
2025-09-28 16:20:51 [INFO]  Client 4 Starts Local Trainning--------|
2025-09-28 16:24:31 [INFO]  Epoch 10 loss: 2530.2804708480835; train accuracy: 0.20248579545454545; test accuracy: 0.0085
2025-09-28 16:24:31 [INFO]  Save the model in ./checkpoints/Tiny_alpha0.1/local_models/client_4/epoch_10.pth
2025-09-28 16:28:11 [INFO]  Epoch 11 loss: 2322.7493991851807; train accuracy: 0.278125; test accuracy: 0.0138
2025-09-28 16:31:49 [INFO]  Epoch 12 loss: 2141.184196472168; train accuracy: 0.3154592803030303; test accuracy: 0.0036
2025-09-28 16:35:40 [INFO]  Epoch 13 loss: 1958.6520290374756; train accuracy: 0.3233901515151515; test accuracy: 0.0063
2025-09-28 16:39:30 [INFO]  Epoch 14 loss: 1764.0592994689941; train accuracy: 0.24098011363636362; test accuracy: 0.0065
2025-09-28 16:39:30 [INFO]  Client 4 Finish Local Training--------|
2025-09-28 16:39:30 [INFO]  Client 4 Collecting Local Prototypes--------|
2025-09-28 16:39:30 [INFO]  Round 2 Finish--------|
2025-09-28 16:39:30 [INFO]  Model variance: mean: 0.006036072038114071, sum: 68033.96875
2025-09-28 16:39:30 [INFO]  g_protos_std: 0.9921792149543762
2025-09-28 16:39:30 [INFO]  V7 Training | Using ADVANCED IFFI server aggregation.
2025-09-28 16:40:24 [INFO]  The test accuracy (with prototype) of OneShotOursV7+AdvancedServer: 0.0054
2025-09-28 16:40:24 [INFO]  Save config to ./checkpoints/Tiny_alpha0.1/baselines_OneShotOursV7+AdvancedServer_CIFAR10_results.yaml
2025-09-28 16:40:24 [INFO]  Round 3 starts--------|
2025-09-28 16:40:24 [INFO]  Client 0 Starts Local Trainning--------|
2025-09-28 16:43:56 [INFO]  Epoch 15 loss: 2242.2132720947266; train accuracy: 0.3794642857142857; test accuracy: 0.0464
2025-09-28 16:43:57 [INFO]  Save the model in ./checkpoints/Tiny_alpha0.1/local_models/client_0/epoch_15.pth
2025-09-28 16:47:29 [INFO]  Epoch 16 loss: 2066.422236442566; train accuracy: 0.31673599837662336; test accuracy: 0.0305
2025-09-28 16:50:59 [INFO]  Epoch 17 loss: 1873.917329788208; train accuracy: 0.3404017857142857; test accuracy: 0.0115
2025-09-28 16:54:33 [INFO]  Epoch 18 loss: 1692.3672647476196; train accuracy: 0.3991477272727273; test accuracy: 0.0156
2025-09-28 16:58:09 [INFO]  Epoch 19 loss: 1525.7243480682373; train accuracy: 0.37205762987012986; test accuracy: 0.0176
2025-09-28 16:58:09 [INFO]  Client 0 Finish Local Training--------|
2025-09-28 16:58:09 [INFO]  Client 0 Collecting Local Prototypes--------|
2025-09-28 16:58:09 [INFO]  Client 1 Starts Local Trainning--------|
2025-09-28 17:02:02 [INFO]  Epoch 15 loss: 2002.4784517288208; train accuracy: 0.24213129496402877; test accuracy: 0.0
2025-09-28 17:02:02 [INFO]  Save the model in ./checkpoints/Tiny_alpha0.1/local_models/client_1/epoch_15.pth
2025-09-28 17:06:16 [INFO]  Epoch 16 loss: 1858.2613201141357; train accuracy: 0.25598583633093525; test accuracy: 0.0
2025-09-28 17:10:24 [INFO]  Epoch 17 loss: 1694.9934062957764; train accuracy: 0.3840209082733813; test accuracy: 0.0
2025-09-28 17:14:21 [INFO]  Epoch 18 loss: 1529.66535282135; train accuracy: 0.32877135791366907; test accuracy: 0.0
2025-09-28 17:18:38 [INFO]  Epoch 19 loss: 1400.6780843734741; train accuracy: 0.3651360161870504; test accuracy: 0.0
2025-09-28 17:18:38 [INFO]  Client 1 Finish Local Training--------|
2025-09-28 17:18:38 [INFO]  Client 1 Collecting Local Prototypes--------|
2025-09-28 17:18:38 [INFO]  Client 2 Starts Local Trainning--------|
2025-09-28 17:24:22 [INFO]  Epoch 15 loss: 2635.843819618225; train accuracy: 0.3040044398907104; test accuracy: 0.0
2025-09-28 17:24:22 [INFO]  Save the model in ./checkpoints/Tiny_alpha0.1/local_models/client_2/epoch_15.pth
2025-09-28 17:30:07 [INFO]  Epoch 16 loss: 2444.3905239105225; train accuracy: 0.3039404030054645; test accuracy: 0.0
2025-09-28 17:35:43 [INFO]  Epoch 17 loss: 2231.002760887146; train accuracy: 0.3515411543715847; test accuracy: 0.0
2025-09-28 17:41:22 [INFO]  Epoch 18 loss: 2023.4491958618164; train accuracy: 0.3595457650273224; test accuracy: 0.0
2025-09-28 17:47:04 [INFO]  Epoch 19 loss: 1831.2044191360474; train accuracy: 0.3726306352459016; test accuracy: 0.0
2025-09-28 17:47:04 [INFO]  Client 2 Finish Local Training--------|
2025-09-28 17:47:04 [INFO]  Client 2 Collecting Local Prototypes--------|
2025-09-28 17:47:04 [INFO]  Client 3 Starts Local Trainning--------|
2025-09-28 17:51:43 [INFO]  Epoch 15 loss: 2167.652355194092; train accuracy: 0.34721936677631576; test accuracy: 0.0
2025-09-28 17:51:43 [INFO]  Save the model in ./checkpoints/Tiny_alpha0.1/local_models/client_3/epoch_15.pth
2025-09-28 17:56:24 [INFO]  Epoch 16 loss: 2003.0997400283813; train accuracy: 0.3374794407894737; test accuracy: 0.0
2025-09-28 18:00:54 [INFO]  Epoch 17 loss: 1832.364595413208; train accuracy: 0.32357627467105265; test accuracy: 0.0
2025-09-28 18:05:10 [INFO]  Epoch 18 loss: 1681.7537784576416; train accuracy: 0.30825966282894735; test accuracy: 0.0
2025-09-28 18:09:26 [INFO]  Epoch 19 loss: 1506.3455066680908; train accuracy: 0.3658511513157895; test accuracy: 0.0
2025-09-28 18:09:26 [INFO]  Client 3 Finish Local Training--------|
2025-09-28 18:09:26 [INFO]  Client 3 Collecting Local Prototypes--------|
2025-09-28 18:09:26 [INFO]  Client 4 Starts Local Trainning--------|
2025-09-28 18:13:58 [INFO]  Epoch 15 loss: 2391.2842559814453; train accuracy: 0.32391098484848485; test accuracy: 0.0124
2025-09-28 18:13:58 [INFO]  Save the model in ./checkpoints/Tiny_alpha0.1/local_models/client_4/epoch_15.pth
2025-09-28 18:18:35 [INFO]  Epoch 16 loss: 2212.7644357681274; train accuracy: 0.33896780303030305; test accuracy: 0.0098
2025-09-28 18:23:11 [INFO]  Epoch 17 loss: 1998.024486541748; train accuracy: 0.2825520833333333; test accuracy: 0.0277
2025-09-28 18:27:11 [INFO]  Epoch 18 loss: 1816.117163658142; train accuracy: 0.3919270833333333; test accuracy: 0.0378
2025-09-28 18:31:02 [INFO]  Epoch 19 loss: 1633.5707139968872; train accuracy: 0.4192471590909091; test accuracy: 0.0111
2025-09-28 18:31:02 [INFO]  Client 4 Finish Local Training--------|
2025-09-28 18:31:02 [INFO]  Client 4 Collecting Local Prototypes--------|
2025-09-28 18:31:02 [INFO]  Round 3 Finish--------|
2025-09-28 18:31:02 [INFO]  Model variance: mean: 0.0070871105417609215, sum: 79880.46875
2025-09-28 18:31:02 [INFO]  g_protos_std: 0.9889617562294006
2025-09-28 18:31:02 [INFO]  V7 Training | Using ADVANCED IFFI server aggregation.
2025-09-28 18:31:55 [INFO]  The test accuracy (with prototype) of OneShotOursV7+AdvancedServer: 0.0056
2025-09-28 18:31:55 [INFO]  Save config to ./checkpoints/Tiny_alpha0.1/baselines_OneShotOursV7+AdvancedServer_CIFAR10_results.yaml
2025-09-28 18:31:55 [INFO]  Round 4 starts--------|
2025-09-28 18:31:55 [INFO]  Client 0 Starts Local Trainning--------|
2025-09-28 18:35:29 [INFO]  Epoch 20 loss: 2117.8845949172974; train accuracy: 0.3910815746753247; test accuracy: 0.0316
2025-09-28 18:35:29 [INFO]  Save the model in ./checkpoints/Tiny_alpha0.1/local_models/client_0/epoch_20.pth
2025-09-28 18:39:01 [INFO]  Epoch 21 loss: 1967.9741067886353; train accuracy: 0.3890523538961039; test accuracy: 0.0066
2025-09-28 18:42:34 [INFO]  Epoch 22 loss: 1778.646816253662; train accuracy: 0.406148538961039; test accuracy: 0.0079
2025-09-28 18:46:07 [INFO]  Epoch 23 loss: 1614.2679328918457; train accuracy: 0.4370687905844156; test accuracy: 0.0115
2025-09-28 18:49:40 [INFO]  Epoch 24 loss: 1444.0681643486023; train accuracy: 0.4316152597402597; test accuracy: 0.0211
2025-09-28 18:49:40 [INFO]  Client 0 Finish Local Training--------|
2025-09-28 18:49:40 [INFO]  Client 0 Collecting Local Prototypes--------|
2025-09-28 18:49:40 [INFO]  Client 1 Starts Local Trainning--------|
2025-09-28 18:52:55 [INFO]  Epoch 20 loss: 1909.3421869277954; train accuracy: 0.40369267086330934; test accuracy: 0.0
2025-09-28 18:52:55 [INFO]  Save the model in ./checkpoints/Tiny_alpha0.1/local_models/client_1/epoch_20.pth
2025-09-28 18:56:15 [INFO]  Epoch 21 loss: 1770.445876121521; train accuracy: 0.40237185251798563; test accuracy: 0.0
2025-09-28 18:59:34 [INFO]  Epoch 22 loss: 1628.6737260818481; train accuracy: 0.3269446942446043; test accuracy: 0.0
2025-09-28 19:02:56 [INFO]  Epoch 23 loss: 1460.6048774719238; train accuracy: 0.36569806654676257; test accuracy: 0.0
2025-09-28 19:06:26 [INFO]  Epoch 24 loss: 1326.253167629242; train accuracy: 0.39714478417266186; test accuracy: 0.0
2025-09-28 19:06:26 [INFO]  Client 1 Finish Local Training--------|
2025-09-28 19:06:26 [INFO]  Client 1 Collecting Local Prototypes--------|
2025-09-28 19:06:26 [INFO]  Client 2 Starts Local Trainning--------|
2025-09-28 19:11:04 [INFO]  Epoch 20 loss: 2530.4928874969482; train accuracy: 0.4043929303278688; test accuracy: 0.0
2025-09-28 19:11:04 [INFO]  Save the model in ./checkpoints/Tiny_alpha0.1/local_models/client_2/epoch_20.pth
2025-09-28 19:15:45 [INFO]  Epoch 21 loss: 2325.790153503418; train accuracy: 0.36863900273224043; test accuracy: 0.0
2025-09-28 19:20:22 [INFO]  Epoch 22 loss: 2115.988986968994; train accuracy: 0.4055882855191257; test accuracy: 0.0
2025-09-28 19:24:53 [INFO]  Epoch 23 loss: 1937.4698152542114; train accuracy: 0.33275700136612024; test accuracy: 0.0
2025-09-28 19:29:12 [INFO]  Epoch 24 loss: 1710.0054721832275; train accuracy: 0.40176741803278687; test accuracy: 0.0
2025-09-28 19:29:12 [INFO]  Client 2 Finish Local Training--------|
2025-09-28 19:29:12 [INFO]  Client 2 Collecting Local Prototypes--------|
2025-09-28 19:29:12 [INFO]  Client 3 Starts Local Trainning--------|
2025-09-28 19:32:48 [INFO]  Epoch 20 loss: 2080.8312549591064; train accuracy: 0.39224403782894735; test accuracy: 0.0
2025-09-28 19:32:48 [INFO]  Save the model in ./checkpoints/Tiny_alpha0.1/local_models/client_3/epoch_20.pth
2025-09-28 19:36:30 [INFO]  Epoch 21 loss: 1897.4830684661865; train accuracy: 0.35428659539473684; test accuracy: 0.0
2025-09-28 19:40:11 [INFO]  Epoch 22 loss: 1762.2903327941895; train accuracy: 0.3807822779605263; test accuracy: 0.0
2025-09-28 19:43:58 [INFO]  Epoch 23 loss: 1567.7553186416626; train accuracy: 0.38129625822368424; test accuracy: 0.0
2025-09-28 19:47:56 [INFO]  Epoch 24 loss: 1395.0699019432068; train accuracy: 0.39877158717105265; test accuracy: 0.0
2025-09-28 19:47:56 [INFO]  Client 3 Finish Local Training--------|
2025-09-28 19:47:56 [INFO]  Client 3 Collecting Local Prototypes--------|
2025-09-28 19:47:56 [INFO]  Client 4 Starts Local Trainning--------|
2025-09-28 19:52:04 [INFO]  Epoch 20 loss: 2277.560570716858; train accuracy: 0.31943655303030305; test accuracy: 0.0274
2025-09-28 19:52:04 [INFO]  Save the model in ./checkpoints/Tiny_alpha0.1/local_models/client_4/epoch_20.pth
2025-09-28 19:56:11 [INFO]  Epoch 21 loss: 2084.519868850708; train accuracy: 0.3535511363636364; test accuracy: 0.0077
2025-09-28 20:00:01 [INFO]  Epoch 22 loss: 1902.7016324996948; train accuracy: 0.38181818181818183; test accuracy: 0.0653
2025-09-28 20:03:49 [INFO]  Epoch 23 loss: 1720.1763858795166; train accuracy: 0.39377367424242427; test accuracy: 0.0061
2025-09-28 20:07:33 [INFO]  Epoch 24 loss: 1551.4998440742493; train accuracy: 0.43188920454545454; test accuracy: 0.062
2025-09-28 20:07:33 [INFO]  Client 4 Finish Local Training--------|
2025-09-28 20:07:33 [INFO]  Client 4 Collecting Local Prototypes--------|
2025-09-28 20:07:33 [INFO]  Round 4 Finish--------|
2025-09-28 20:07:33 [INFO]  Model variance: mean: 0.008030793629586697, sum: 90516.9375
2025-09-28 20:07:33 [INFO]  g_protos_std: 0.9858725070953369
2025-09-28 20:07:33 [INFO]  V7 Training | Using ADVANCED IFFI server aggregation.
2025-09-28 20:08:26 [INFO]  The test accuracy (with prototype) of OneShotOursV7+AdvancedServer: 0.0039
2025-09-28 20:08:26 [INFO]  Save config to ./checkpoints/Tiny_alpha0.1/baselines_OneShotOursV7+AdvancedServer_CIFAR10_results.yaml
2025-09-28 20:08:26 [INFO]  Round 5 starts--------|
2025-09-28 20:08:26 [INFO]  Client 0 Starts Local Trainning--------|
2025-09-28 20:11:56 [INFO]  Epoch 25 loss: 2034.5627822875977; train accuracy: 0.41094257305194803; test accuracy: 0.0082
2025-09-28 20:11:56 [INFO]  Save the model in ./checkpoints/Tiny_alpha0.1/local_models/client_0/epoch_25.pth
2025-09-28 20:15:27 [INFO]  Epoch 26 loss: 1858.8613576889038; train accuracy: 0.4778053977272727; test accuracy: 0.0125
2025-09-28 20:18:55 [INFO]  Epoch 27 loss: 1715.0319118499756; train accuracy: 0.41497564935064934; test accuracy: 0.0146
2025-09-28 20:22:26 [INFO]  Epoch 28 loss: 1544.4647617340088; train accuracy: 0.44231939935064934; test accuracy: 0.0128
2025-09-28 20:25:51 [INFO]  Epoch 29 loss: 1384.8276529312134; train accuracy: 0.4747362012987013; test accuracy: 0.0127
2025-09-28 20:25:51 [INFO]  Client 0 Finish Local Training--------|
2025-09-28 20:25:51 [INFO]  Client 0 Collecting Local Prototypes--------|
2025-09-28 20:25:51 [INFO]  Client 1 Starts Local Trainning--------|
2025-09-28 20:28:58 [INFO]  Epoch 25 loss: 1824.910174369812; train accuracy: 0.3984937050359712; test accuracy: 0.0
2025-09-28 20:28:58 [INFO]  Save the model in ./checkpoints/Tiny_alpha0.1/local_models/client_1/epoch_25.pth
2025-09-28 20:32:04 [INFO]  Epoch 26 loss: 1667.2540273666382; train accuracy: 0.4657711330935252; test accuracy: 0.0
2025-09-28 20:35:08 [INFO]  Epoch 27 loss: 1534.9333591461182; train accuracy: 0.3922830485611511; test accuracy: 0.0
2025-09-28 20:38:13 [INFO]  Epoch 28 loss: 1371.7282333374023; train accuracy: 0.4738927607913669; test accuracy: 0.0
2025-09-28 20:41:19 [INFO]  Epoch 29 loss: 1237.7964706420898; train accuracy: 0.42859150179856115; test accuracy: 0.0
2025-09-28 20:41:19 [INFO]  Client 1 Finish Local Training--------|
2025-09-28 20:41:19 [INFO]  Client 1 Collecting Local Prototypes--------|
2025-09-28 20:41:19 [INFO]  Client 2 Starts Local Trainning--------|
2025-09-28 20:45:25 [INFO]  Epoch 25 loss: 2397.234667778015; train accuracy: 0.4053534836065574; test accuracy: 0.0
2025-09-28 20:45:25 [INFO]  Save the model in ./checkpoints/Tiny_alpha0.1/local_models/client_2/epoch_25.pth
2025-09-28 20:49:33 [INFO]  Epoch 26 loss: 2210.724486351013; train accuracy: 0.4131659836065574; test accuracy: 0.0
2025-09-28 20:53:43 [INFO]  Epoch 27 loss: 2024.16734790802; train accuracy: 0.4532103825136612; test accuracy: 0.0
2025-09-28 20:57:58 [INFO]  Epoch 28 loss: 1828.957633972168; train accuracy: 0.44751109972677594; test accuracy: 0.0
2025-09-28 21:02:14 [INFO]  Epoch 29 loss: 1639.6224274635315; train accuracy: 0.4799991461748634; test accuracy: 0.0
2025-09-28 21:02:14 [INFO]  Client 2 Finish Local Training--------|
2025-09-28 21:02:14 [INFO]  Client 2 Collecting Local Prototypes--------|
2025-09-28 21:02:14 [INFO]  Client 3 Starts Local Trainning--------|
2025-09-28 21:05:48 [INFO]  Epoch 25 loss: 1988.8626070022583; train accuracy: 0.44927014802631576; test accuracy: 0.0
2025-09-28 21:05:48 [INFO]  Save the model in ./checkpoints/Tiny_alpha0.1/local_models/client_3/epoch_25.pth
2025-09-28 21:09:20 [INFO]  Epoch 26 loss: 1815.5865926742554; train accuracy: 0.47525185032894735; test accuracy: 0.0
2025-09-28 21:12:55 [INFO]  Epoch 27 loss: 1640.2576446533203; train accuracy: 0.43783408717105265; test accuracy: 0.0
2025-09-28 21:16:27 [INFO]  Epoch 28 loss: 1501.066104888916; train accuracy: 0.4652549342105263; test accuracy: 0.0
2025-09-28 21:19:59 [INFO]  Epoch 29 loss: 1341.036675453186; train accuracy: 0.41064453125; test accuracy: 0.0
2025-09-28 21:19:59 [INFO]  Client 3 Finish Local Training--------|
2025-09-28 21:19:59 [INFO]  Client 3 Collecting Local Prototypes--------|
2025-09-28 21:19:59 [INFO]  Client 4 Starts Local Trainning--------|
2025-09-28 21:23:50 [INFO]  Epoch 25 loss: 2164.3695974349976; train accuracy: 0.4043560606060606; test accuracy: 0.0111
2025-09-28 21:23:50 [INFO]  Save the model in ./checkpoints/Tiny_alpha0.1/local_models/client_4/epoch_25.pth
2025-09-28 21:27:39 [INFO]  Epoch 26 loss: 1994.7465171813965; train accuracy: 0.38366477272727273; test accuracy: 0.0276
2025-09-28 21:31:28 [INFO]  Epoch 27 loss: 1836.3546953201294; train accuracy: 0.41190814393939396; test accuracy: 0.0059
2025-09-28 21:35:19 [INFO]  Epoch 28 loss: 1658.462459564209; train accuracy: 0.37109375; test accuracy: 0.0282
2025-09-28 21:39:07 [INFO]  Epoch 29 loss: 1463.8328790664673; train accuracy: 0.5041903409090909; test accuracy: 0.0214
2025-09-28 21:39:07 [INFO]  Client 4 Finish Local Training--------|
2025-09-28 21:39:07 [INFO]  Client 4 Collecting Local Prototypes--------|
2025-09-28 21:39:07 [INFO]  Round 5 Finish--------|
2025-09-28 21:39:07 [INFO]  Model variance: mean: 0.008897720836102962, sum: 100288.28125
2025-09-28 21:39:07 [INFO]  g_protos_std: 0.9829040169715881
2025-09-28 21:39:07 [INFO]  V7 Training | Using ADVANCED IFFI server aggregation.
2025-09-28 21:39:59 [INFO]  The test accuracy (with prototype) of OneShotOursV7+AdvancedServer: 0.004
2025-09-28 21:39:59 [INFO]  Save config to ./checkpoints/Tiny_alpha0.1/baselines_OneShotOursV7+AdvancedServer_CIFAR10_results.yaml
2025-09-28 21:39:59 [INFO]  Round 6 starts--------|
2025-09-28 21:39:59 [INFO]  Client 0 Starts Local Trainning--------|
2025-09-28 21:43:35 [INFO]  Epoch 30 loss: 1968.3985605239868; train accuracy: 0.5197595373376623; test accuracy: 0.0099
2025-09-28 21:43:35 [INFO]  Save the model in ./checkpoints/Tiny_alpha0.1/local_models/client_0/epoch_30.pth
2025-09-28 21:47:15 [INFO]  Epoch 31 loss: 1794.0891494750977; train accuracy: 0.4675324675324675; test accuracy: 0.0114
2025-09-28 21:50:51 [INFO]  Epoch 32 loss: 1644.1442918777466; train accuracy: 0.477145900974026; test accuracy: 0.0128
2025-09-28 21:54:30 [INFO]  Epoch 33 loss: 1478.9988889694214; train accuracy: 0.4733157467532468; test accuracy: 0.0054
2025-09-28 21:58:10 [INFO]  Epoch 34 loss: 1308.8848853111267; train accuracy: 0.4250202922077922; test accuracy: 0.0166
2025-09-28 21:58:10 [INFO]  Client 0 Finish Local Training--------|
2025-09-28 21:58:10 [INFO]  Client 0 Collecting Local Prototypes--------|
2025-09-28 21:58:10 [INFO]  Client 1 Starts Local Trainning--------|
2025-09-28 22:01:25 [INFO]  Epoch 30 loss: 1767.6361742019653; train accuracy: 0.40203462230215825; test accuracy: 0.0
2025-09-28 22:01:25 [INFO]  Save the model in ./checkpoints/Tiny_alpha0.1/local_models/client_1/epoch_30.pth
2025-09-28 22:04:41 [INFO]  Epoch 31 loss: 1613.9076280593872; train accuracy: 0.4267086330935252; test accuracy: 0.0
2025-09-28 22:08:02 [INFO]  Epoch 32 loss: 1481.9211769104004; train accuracy: 0.4198235161870504; test accuracy: 0.0
2025-09-28 22:11:22 [INFO]  Epoch 33 loss: 1342.2625994682312; train accuracy: 0.4856958183453237; test accuracy: 0.0
2025-09-28 22:14:40 [INFO]  Epoch 34 loss: 1179.7391119003296; train accuracy: 0.3952619154676259; test accuracy: 0.0
2025-09-28 22:14:40 [INFO]  Client 1 Finish Local Training--------|
2025-09-28 22:14:40 [INFO]  Client 1 Collecting Local Prototypes--------|
2025-09-28 22:14:40 [INFO]  Client 2 Starts Local Trainning--------|
2025-09-28 22:18:55 [INFO]  Epoch 30 loss: 2287.387610435486; train accuracy: 0.4457821038251366; test accuracy: 0.0
2025-09-28 22:18:55 [INFO]  Save the model in ./checkpoints/Tiny_alpha0.1/local_models/client_2/epoch_30.pth
2025-09-28 22:23:09 [INFO]  Epoch 31 loss: 2112.2924461364746; train accuracy: 0.4158341871584699; test accuracy: 0.0
2025-09-28 22:27:23 [INFO]  Epoch 32 loss: 1920.963888168335; train accuracy: 0.4717170423497268; test accuracy: 0.0
2025-09-28 22:31:35 [INFO]  Epoch 33 loss: 1726.4706540107727; train accuracy: 0.4852928620218579; test accuracy: 0.0
2025-09-28 22:35:51 [INFO]  Epoch 34 loss: 1552.196252822876; train accuracy: 0.4928492144808743; test accuracy: 0.0
2025-09-28 22:35:51 [INFO]  Client 2 Finish Local Training--------|
2025-09-28 22:35:51 [INFO]  Client 2 Collecting Local Prototypes--------|
2025-09-28 22:35:51 [INFO]  Client 3 Starts Local Trainning--------|
2025-09-28 22:39:24 [INFO]  Epoch 30 loss: 1925.3043727874756; train accuracy: 0.5160875822368421; test accuracy: 0.0
2025-09-28 22:39:24 [INFO]  Save the model in ./checkpoints/Tiny_alpha0.1/local_models/client_3/epoch_30.pth
2025-09-28 22:42:56 [INFO]  Epoch 31 loss: 1756.5932340621948; train accuracy: 0.47383840460526316; test accuracy: 0.0
2025-09-28 22:46:31 [INFO]  Epoch 32 loss: 1582.1019468307495; train accuracy: 0.4588815789473684; test accuracy: 0.0
2025-09-28 22:50:03 [INFO]  Epoch 33 loss: 1420.1591777801514; train accuracy: 0.4955797697368421; test accuracy: 0.0
2025-09-28 22:53:37 [INFO]  Epoch 34 loss: 1240.8481640815735; train accuracy: 0.45345908717105265; test accuracy: 0.0
2025-09-28 22:53:37 [INFO]  Client 3 Finish Local Training--------|
2025-09-28 22:53:37 [INFO]  Client 3 Collecting Local Prototypes--------|
2025-09-28 22:53:37 [INFO]  Client 4 Starts Local Trainning--------|
2025-09-28 22:57:26 [INFO]  Epoch 30 loss: 2075.6300325393677; train accuracy: 0.45461647727272725; test accuracy: 0.0091
2025-09-28 22:57:26 [INFO]  Save the model in ./checkpoints/Tiny_alpha0.1/local_models/client_4/epoch_30.pth
2025-09-28 23:01:14 [INFO]  Epoch 31 loss: 1933.6318092346191; train accuracy: 0.4696496212121212; test accuracy: 0.0218
2025-09-28 23:05:02 [INFO]  Epoch 32 loss: 1742.493444442749; train accuracy: 0.4738399621212121; test accuracy: 0.01
2025-09-28 23:08:49 [INFO]  Epoch 33 loss: 1558.116018295288; train accuracy: 0.5068655303030303; test accuracy: 0.0225
2025-09-28 23:12:39 [INFO]  Epoch 34 loss: 1388.6577534675598; train accuracy: 0.5077651515151516; test accuracy: 0.0134
2025-09-28 23:12:39 [INFO]  Client 4 Finish Local Training--------|
2025-09-28 23:12:39 [INFO]  Client 4 Collecting Local Prototypes--------|
2025-09-28 23:12:39 [INFO]  Round 6 Finish--------|
2025-09-28 23:12:39 [INFO]  Model variance: mean: 0.009705085307359695, sum: 109388.2734375
2025-09-28 23:12:39 [INFO]  g_protos_std: 0.9800378084182739
2025-09-28 23:12:39 [INFO]  V7 Training | Using ADVANCED IFFI server aggregation.
2025-09-28 23:13:32 [INFO]  The test accuracy (with prototype) of OneShotOursV7+AdvancedServer: 0.004
2025-09-28 23:13:32 [INFO]  Save config to ./checkpoints/Tiny_alpha0.1/baselines_OneShotOursV7+AdvancedServer_CIFAR10_results.yaml
2025-09-28 23:13:32 [INFO]  Round 7 starts--------|
2025-09-28 23:13:32 [INFO]  Client 0 Starts Local Trainning--------|
2025-09-28 23:17:04 [INFO]  Epoch 35 loss: 1868.181321144104; train accuracy: 0.4921875; test accuracy: 0.0128
2025-09-28 23:17:04 [INFO]  Save the model in ./checkpoints/Tiny_alpha0.1/local_models/client_0/epoch_35.pth
2025-09-28 23:20:37 [INFO]  Epoch 36 loss: 1727.3425817489624; train accuracy: 0.5344206574675324; test accuracy: 0.0071
2025-09-28 23:24:08 [INFO]  Epoch 37 loss: 1572.8566284179688; train accuracy: 0.5504515016233766; test accuracy: 0.021
2025-09-28 23:27:40 [INFO]  Epoch 38 loss: 1398.4359636306763; train accuracy: 0.5199878246753247; test accuracy: 0.0111
2025-09-28 23:31:16 [INFO]  Epoch 39 loss: 1220.623055934906; train accuracy: 0.6066101866883117; test accuracy: 0.0117
2025-09-28 23:31:16 [INFO]  Client 0 Finish Local Training--------|
2025-09-28 23:31:16 [INFO]  Client 0 Collecting Local Prototypes--------|
2025-09-28 23:31:16 [INFO]  Client 1 Starts Local Trainning--------|
2025-09-28 23:34:31 [INFO]  Epoch 35 loss: 1728.2474565505981; train accuracy: 0.5119997751798561; test accuracy: 0.0
2025-09-28 23:34:31 [INFO]  Save the model in ./checkpoints/Tiny_alpha0.1/local_models/client_1/epoch_35.pth
2025-09-28 23:37:49 [INFO]  Epoch 36 loss: 1575.0110998153687; train accuracy: 0.43932666366906475; test accuracy: 0.0
2025-09-28 23:41:06 [INFO]  Epoch 37 loss: 1419.6578245162964; train accuracy: 0.49387365107913667; test accuracy: 0.0
2025-09-28 23:44:22 [INFO]  Epoch 38 loss: 1278.4208626747131; train accuracy: 0.5137983363309353; test accuracy: 0.0
2025-09-28 23:47:38 [INFO]  Epoch 39 loss: 1114.577483177185; train accuracy: 0.5169458183453237; test accuracy: 0.0
2025-09-28 23:47:38 [INFO]  Client 1 Finish Local Training--------|
2025-09-28 23:47:38 [INFO]  Client 1 Collecting Local Prototypes--------|
2025-09-28 23:47:38 [INFO]  Client 2 Starts Local Trainning--------|
2025-09-28 23:51:51 [INFO]  Epoch 35 loss: 2251.8586254119873; train accuracy: 0.4881318306010929; test accuracy: 0.0
2025-09-28 23:51:51 [INFO]  Save the model in ./checkpoints/Tiny_alpha0.1/local_models/client_2/epoch_35.pth
2025-09-28 23:56:01 [INFO]  Epoch 36 loss: 2049.102870941162; train accuracy: 0.5321465163934426; test accuracy: 0.0
2025-09-29 00:00:09 [INFO]  Epoch 37 loss: 1867.0940313339233; train accuracy: 0.4940018784153005; test accuracy: 0.0
2025-09-29 00:04:16 [INFO]  Epoch 38 loss: 1641.3338799476624; train accuracy: 0.4967554644808743; test accuracy: 0.0
2025-09-29 00:08:24 [INFO]  Epoch 39 loss: 1457.2896871566772; train accuracy: 0.5589139344262295; test accuracy: 0.0
2025-09-29 00:08:24 [INFO]  Client 2 Finish Local Training--------|
2025-09-29 00:08:24 [INFO]  Client 2 Collecting Local Prototypes--------|
2025-09-29 00:08:24 [INFO]  Client 3 Starts Local Trainning--------|
2025-09-29 00:11:48 [INFO]  Epoch 35 loss: 1831.1913051605225; train accuracy: 0.5256733141447368; test accuracy: 0.0
2025-09-29 00:11:48 [INFO]  Save the model in ./checkpoints/Tiny_alpha0.1/local_models/client_3/epoch_35.pth
2025-09-29 00:15:13 [INFO]  Epoch 36 loss: 1711.85178565979; train accuracy: 0.5113075657894737; test accuracy: 0.0
2025-09-29 00:18:35 [INFO]  Epoch 37 loss: 1502.0876998901367; train accuracy: 0.4556692023026316; test accuracy: 0.0
2025-09-29 00:22:00 [INFO]  Epoch 38 loss: 1360.165117740631; train accuracy: 0.5034436677631579; test accuracy: 0.0
2025-09-29 00:25:25 [INFO]  Epoch 39 loss: 1203.1095061302185; train accuracy: 0.4811883223684211; test accuracy: 0.0
2025-09-29 00:25:25 [INFO]  Client 3 Finish Local Training--------|
2025-09-29 00:25:25 [INFO]  Client 3 Collecting Local Prototypes--------|
2025-09-29 00:25:25 [INFO]  Client 4 Starts Local Trainning--------|
2025-09-29 00:29:04 [INFO]  Epoch 35 loss: 2003.8495082855225; train accuracy: 0.49779829545454546; test accuracy: 0.0168
2025-09-29 00:29:04 [INFO]  Save the model in ./checkpoints/Tiny_alpha0.1/local_models/client_4/epoch_35.pth
2025-09-29 00:32:45 [INFO]  Epoch 36 loss: 1850.2500581741333; train accuracy: 0.529876893939394; test accuracy: 0.0217
2025-09-29 00:36:21 [INFO]  Epoch 37 loss: 1661.953851699829; train accuracy: 0.43589015151515154; test accuracy: 0.01
2025-09-29 00:40:00 [INFO]  Epoch 38 loss: 1475.8307328224182; train accuracy: 0.4633285984848485; test accuracy: 0.0073
