2025-09-28 11:00:24 [INFO]  Load config from ./configs/Tiny_alpha0.05.yaml
2025-09-28 11:00:24 [INFO]  config: {'exp_name': 'Tiny_alpha0.05', 'dataset': {'data_name': 'Tiny-ImageNet', 'root_path': '~/datasets/', 'train_batch_size': 256, 'test_batch_size': 256, 'channels': 3, 'num_classes': 200, 'image_size': 64, 'aux_data_name': 'Tiny-ImageNet', 'aux_root_path': '~/datasets/', 'aux_split': 'test'}, 'distribution': {'type': 'dirichlet', 'label_num_per_client': 2, 'alpha': 0.05}, 'client': {'num_clients': 5}, 'server': {'num_rounds': 10, 'frac_clients': 1.0, 'lr': 0.05, 'local_epochs': 5, 'optimizer': 'sgd', 'momentum': 0.9, 'weight_decay': 0.0001, 'loss_name': 'ce', 'model_name': 'resnet18', 'aggregated_by_datasize': True, 'lr_decay_per_round': 0.998}, 'device': 'cuda:0', 'checkpoint': {'save_path': './checkpoints/', 'save_freq': 5, 'result_file': 'CIFAR10_results.yaml'}, 'pretrain': {'lr': 0.01, 'epoch': 70, 'model_path': './pretrain/', 'momentum': 0.9, 'weight_decay': 0.0001, 'model_name': 'resnet18', 'model_file_name': 'resnet18-f37072fd.pth'}, 'DBCD': {'alpha_l_pa': 1, 'alpha_l_pb': 1, 'alpha_l_pc': 0.0, 'Beta_alpha': 0.2, 'unsup_method': 'infonce', 'contrastive_temperature': 0.5, 'encoder_epoch': 40, 'projector_epoch': 10, 'use_pretrain': False, 'aug_batch_size': 512, 'encoder_lr': 0.03, 'cls_optimizer': 'sgd', 'cls_lr': 0.05, 'supcon_temp': 0.07, 'super_gr': 100, 'aux_with_public': True}, 'etf': {'loss_name': 'ce'}, 'visualization': {'interval': 5, 'save_path': 'visualization/resnet18', 'vis_size': 16}, 'resume': True, 'resume_best': False, 'seed': 1, 'lambda_align_initial': 5.0}
2025-09-28 11:00:24 [INFO]  Dataset Tiny-ImageNet loaded
2025-09-28 11:00:24 [INFO]  Dataset index dict loaded from preprocessed_data/Tiny-ImageNet.pt
2025-09-28 11:00:25 [INFO]  OneshotOursV7 with DRCL (ETF Anchors) and Lambda Annealing
2025-09-28 11:00:26 [INFO]  Initialized ETF fixed anchors with shape: torch.Size([200, 512])
2025-09-28 11:00:26 [INFO]  Round 0 starts--------|
2025-09-28 11:00:26 [INFO]  Client 0 Starts Local Trainning--------|
2025-09-28 11:05:12 [INFO]  Epoch 0 loss: 2600.884391784668; train accuracy: 0.046966552734375; test accuracy: 0.004
2025-09-28 11:05:13 [INFO]  Save the model in ./checkpoints/Tiny_alpha0.05/local_models/client_0/epoch_0.pth
2025-09-28 11:08:21 [INFO]  Epoch 1 loss: 2277.316698074341; train accuracy: 0.035491943359375; test accuracy: 0.0003
2025-09-28 11:11:35 [INFO]  Epoch 2 loss: 2060.6052169799805; train accuracy: 0.078155517578125; test accuracy: 0.0401
2025-09-28 11:14:54 [INFO]  Epoch 3 loss: 1864.8044815063477; train accuracy: 0.08966064453125; test accuracy: 0.0007
2025-09-28 11:18:40 [INFO]  Epoch 4 loss: 1672.6284427642822; train accuracy: 0.18212890625; test accuracy: 0.0225
2025-09-28 11:18:40 [INFO]  Client 0 Finish Local Training--------|
2025-09-28 11:18:40 [INFO]  Client 0 Collecting Local Prototypes--------|
2025-09-28 11:18:40 [INFO]  Client 1 Starts Local Trainning--------|
2025-09-28 11:23:14 [INFO]  Epoch 0 loss: 2557.4122276306152; train accuracy: 0.04225570436507937; test accuracy: 0.0
2025-09-28 11:23:14 [INFO]  Save the model in ./checkpoints/Tiny_alpha0.05/local_models/client_1/epoch_0.pth
2025-09-28 11:26:31 [INFO]  Epoch 1 loss: 2232.312084197998; train accuracy: 0.047681051587301584; test accuracy: 0.0
2025-09-28 11:29:45 [INFO]  Epoch 2 loss: 1998.5190238952637; train accuracy: 0.1126922123015873; test accuracy: 0.0
2025-09-28 11:33:03 [INFO]  Epoch 3 loss: 1810.7078256607056; train accuracy: 0.12112475198412699; test accuracy: 0.0
2025-09-28 11:36:22 [INFO]  Epoch 4 loss: 1619.4760665893555; train accuracy: 0.18092757936507936; test accuracy: 0.0
2025-09-28 11:36:22 [INFO]  Client 1 Finish Local Training--------|
2025-09-28 11:36:22 [INFO]  Client 1 Collecting Local Prototypes--------|
2025-09-28 11:36:22 [INFO]  Client 2 Starts Local Trainning--------|
2025-09-28 11:40:18 [INFO]  Epoch 0 loss: 2170.6389083862305; train accuracy: 0.04275173611111111; test accuracy: 0.0
2025-09-28 11:40:18 [INFO]  Save the model in ./checkpoints/Tiny_alpha0.05/local_models/client_2/epoch_0.pth
2025-09-28 11:43:08 [INFO]  Epoch 1 loss: 1896.8361473083496; train accuracy: 0.029441550925925927; test accuracy: 0.0
2025-09-28 11:45:49 [INFO]  Epoch 2 loss: 1708.0368242263794; train accuracy: 0.06615306712962964; test accuracy: 0.0
2025-09-28 11:48:42 [INFO]  Epoch 3 loss: 1533.4612493515015; train accuracy: 0.13313802083333334; test accuracy: 0.0
2025-09-28 11:51:32 [INFO]  Epoch 4 loss: 1385.5325050354004; train accuracy: 0.10951967592592593; test accuracy: 0.0
2025-09-28 11:51:32 [INFO]  Client 2 Finish Local Training--------|
2025-09-28 11:51:32 [INFO]  Client 2 Collecting Local Prototypes--------|
2025-09-28 11:51:32 [INFO]  Client 3 Starts Local Trainning--------|
2025-09-28 11:56:29 [INFO]  Epoch 0 loss: 2626.024383544922; train accuracy: 0.03031128875968992; test accuracy: 0.0
2025-09-28 11:56:30 [INFO]  Save the model in ./checkpoints/Tiny_alpha0.05/local_models/client_3/epoch_0.pth
2025-09-28 12:00:06 [INFO]  Epoch 1 loss: 2296.064666748047; train accuracy: 0.07960876937984496; test accuracy: 0.0
2025-09-28 12:03:32 [INFO]  Epoch 2 loss: 2065.4288272857666; train accuracy: 0.09635416666666667; test accuracy: 0.0
2025-09-28 12:06:56 [INFO]  Epoch 3 loss: 1857.3384552001953; train accuracy: 0.0974140019379845; test accuracy: 0.0
2025-09-28 12:10:19 [INFO]  Epoch 4 loss: 1666.5848388671875; train accuracy: 0.11851986434108527; test accuracy: 0.0
2025-09-28 12:10:19 [INFO]  Client 3 Finish Local Training--------|
2025-09-28 12:10:19 [INFO]  Client 3 Collecting Local Prototypes--------|
2025-09-28 12:10:19 [INFO]  Client 4 Starts Local Trainning--------|
2025-09-28 12:14:43 [INFO]  Epoch 0 loss: 2410.705276489258; train accuracy: 0.043233580508474576; test accuracy: 0.0
2025-09-28 12:14:43 [INFO]  Save the model in ./checkpoints/Tiny_alpha0.05/local_models/client_4/epoch_0.pth
2025-09-28 12:17:52 [INFO]  Epoch 1 loss: 2106.7873497009277; train accuracy: 0.060745497881355935; test accuracy: 0.0
2025-09-28 12:21:03 [INFO]  Epoch 2 loss: 1916.2704133987427; train accuracy: 0.0881885593220339; test accuracy: 0.0
2025-09-28 12:23:57 [INFO]  Epoch 3 loss: 1737.8530807495117; train accuracy: 0.10013903601694915; test accuracy: 0.0
2025-09-28 12:27:07 [INFO]  Epoch 4 loss: 1556.2539081573486; train accuracy: 0.10358183262711865; test accuracy: 0.0007
2025-09-28 12:27:07 [INFO]  Client 4 Finish Local Training--------|
2025-09-28 12:27:07 [INFO]  Client 4 Collecting Local Prototypes--------|
2025-09-28 12:27:07 [INFO]  Round 0 Finish--------|
2025-09-28 12:27:07 [INFO]  Model variance: mean: 0.0028493108693510294, sum: 32115.24609375
2025-09-28 12:27:07 [INFO]  g_protos_std: 1.0004839897155762
2025-09-28 12:27:07 [INFO]  V7 Training | Using ADVANCED IFFI server aggregation.
2025-09-28 12:27:34 [INFO]  The test accuracy (with prototype) of OneShotOursV7+AdvancedServer: 0.0178
2025-09-28 12:27:34 [INFO]  Save config to ./checkpoints/Tiny_alpha0.05/baselines_OneShotOursV7+AdvancedServer_CIFAR10_results.yaml
2025-09-28 12:27:34 [INFO]  Round 1 starts--------|
2025-09-28 12:27:34 [INFO]  Client 0 Starts Local Trainning--------|
2025-09-28 12:30:51 [INFO]  Epoch 5 loss: 2141.339963912964; train accuracy: 0.09765625; test accuracy: 0.0141
2025-09-28 12:30:51 [INFO]  Save the model in ./checkpoints/Tiny_alpha0.05/local_models/client_0/epoch_5.pth
2025-09-28 12:34:08 [INFO]  Epoch 6 loss: 1956.457082748413; train accuracy: 0.18927001953125; test accuracy: 0.0097
2025-09-28 12:37:27 [INFO]  Epoch 7 loss: 1814.044213294983; train accuracy: 0.20849609375; test accuracy: 0.0037
2025-09-28 12:40:45 [INFO]  Epoch 8 loss: 1648.4574394226074; train accuracy: 0.2205810546875; test accuracy: 0.0298
2025-09-28 12:44:01 [INFO]  Epoch 9 loss: 1484.790662765503; train accuracy: 0.223052978515625; test accuracy: 0.0037
2025-09-28 12:44:01 [INFO]  Client 0 Finish Local Training--------|
2025-09-28 12:44:01 [INFO]  Client 0 Collecting Local Prototypes--------|
2025-09-28 12:44:01 [INFO]  Client 1 Starts Local Trainning--------|
2025-09-28 12:47:07 [INFO]  Epoch 5 loss: 2082.758535385132; train accuracy: 0.16458953373015872; test accuracy: 0.0
2025-09-28 12:47:08 [INFO]  Save the model in ./checkpoints/Tiny_alpha0.05/local_models/client_1/epoch_5.pth
2025-09-28 12:50:27 [INFO]  Epoch 6 loss: 1922.4601249694824; train accuracy: 0.1622643849206349; test accuracy: 0.0
2025-09-28 12:53:42 [INFO]  Epoch 7 loss: 1761.6245527267456; train accuracy: 0.1867249503968254; test accuracy: 0.0
2025-09-28 12:56:55 [INFO]  Epoch 8 loss: 1588.838903427124; train accuracy: 0.17807539682539683; test accuracy: 0.0
2025-09-28 13:00:05 [INFO]  Epoch 9 loss: 1431.8944158554077; train accuracy: 0.2706163194444444; test accuracy: 0.0
2025-09-28 13:00:05 [INFO]  Client 1 Finish Local Training--------|
2025-09-28 13:00:05 [INFO]  Client 1 Collecting Local Prototypes--------|
2025-09-28 13:00:05 [INFO]  Client 2 Starts Local Trainning--------|
2025-09-28 13:02:56 [INFO]  Epoch 5 loss: 1775.8652143478394; train accuracy: 0.13545283564814814; test accuracy: 0.0
2025-09-28 13:02:57 [INFO]  Save the model in ./checkpoints/Tiny_alpha0.05/local_models/client_2/epoch_5.pth
2025-09-28 13:05:52 [INFO]  Epoch 6 loss: 1631.7271099090576; train accuracy: 0.16319444444444445; test accuracy: 0.0
2025-09-28 13:08:42 [INFO]  Epoch 7 loss: 1502.851969718933; train accuracy: 0.14351851851851852; test accuracy: 0.0
2025-09-28 13:11:38 [INFO]  Epoch 8 loss: 1359.9067659378052; train accuracy: 0.2052589699074074; test accuracy: 0.0
2025-09-28 13:14:25 [INFO]  Epoch 9 loss: 1225.052698135376; train accuracy: 0.1837745949074074; test accuracy: 0.0
2025-09-28 13:14:25 [INFO]  Client 2 Finish Local Training--------|
2025-09-28 13:14:25 [INFO]  Client 2 Collecting Local Prototypes--------|
2025-09-28 13:14:25 [INFO]  Client 3 Starts Local Trainning--------|
2025-09-28 13:17:54 [INFO]  Epoch 5 loss: 2140.738862991333; train accuracy: 0.13475048449612403; test accuracy: 0.0
2025-09-28 13:17:54 [INFO]  Save the model in ./checkpoints/Tiny_alpha0.05/local_models/client_3/epoch_5.pth
2025-09-28 13:21:12 [INFO]  Epoch 6 loss: 1973.482479095459; train accuracy: 0.15997456395348839; test accuracy: 0.0
2025-09-28 13:24:21 [INFO]  Epoch 7 loss: 1807.3157291412354; train accuracy: 0.19146681201550386; test accuracy: 0.0
2025-09-28 13:27:28 [INFO]  Epoch 8 loss: 1629.2389135360718; train accuracy: 0.25387596899224807; test accuracy: 0.0
2025-09-28 13:30:36 [INFO]  Epoch 9 loss: 1488.8921585083008; train accuracy: 0.21175508720930233; test accuracy: 0.0
2025-09-28 13:30:36 [INFO]  Client 3 Finish Local Training--------|
2025-09-28 13:30:36 [INFO]  Client 3 Collecting Local Prototypes--------|
2025-09-28 13:30:36 [INFO]  Client 4 Starts Local Trainning--------|
2025-09-28 13:33:33 [INFO]  Epoch 5 loss: 1973.671730041504; train accuracy: 0.17134533898305085; test accuracy: 0.032
2025-09-28 13:33:34 [INFO]  Save the model in ./checkpoints/Tiny_alpha0.05/local_models/client_4/epoch_5.pth
2025-09-28 13:36:30 [INFO]  Epoch 6 loss: 1822.8748455047607; train accuracy: 0.1860103283898305; test accuracy: 0.0026
2025-09-28 13:39:23 [INFO]  Epoch 7 loss: 1672.253252029419; train accuracy: 0.2044822563559322; test accuracy: 0.0057
2025-09-28 13:42:28 [INFO]  Epoch 8 loss: 1540.3178386688232; train accuracy: 0.2417571504237288; test accuracy: 0.0094
2025-09-28 13:45:39 [INFO]  Epoch 9 loss: 1391.7489919662476; train accuracy: 0.2545352224576271; test accuracy: 0.0202
2025-09-28 13:45:39 [INFO]  Client 4 Finish Local Training--------|
2025-09-28 13:45:39 [INFO]  Client 4 Collecting Local Prototypes--------|
2025-09-28 13:45:39 [INFO]  Round 1 Finish--------|
2025-09-28 13:45:39 [INFO]  Model variance: mean: 0.00415452104061842, sum: 46826.5703125
2025-09-28 13:45:39 [INFO]  g_protos_std: 0.9976041316986084
2025-09-28 13:45:39 [INFO]  V7 Training | Using ADVANCED IFFI server aggregation.
2025-09-28 13:46:06 [INFO]  The test accuracy (with prototype) of OneShotOursV7+AdvancedServer: 0.0117
2025-09-28 13:46:06 [INFO]  Save config to ./checkpoints/Tiny_alpha0.05/baselines_OneShotOursV7+AdvancedServer_CIFAR10_results.yaml
2025-09-28 13:46:06 [INFO]  Round 2 starts--------|
2025-09-28 13:46:06 [INFO]  Client 0 Starts Local Trainning--------|
2025-09-28 13:49:20 [INFO]  Epoch 10 loss: 1954.5846796035767; train accuracy: 0.271575927734375; test accuracy: 0.0137
2025-09-28 13:49:20 [INFO]  Save the model in ./checkpoints/Tiny_alpha0.05/local_models/client_0/epoch_10.pth
2025-09-28 13:52:19 [INFO]  Epoch 11 loss: 1816.1399269104004; train accuracy: 0.301605224609375; test accuracy: 0.0668
2025-09-28 13:55:25 [INFO]  Epoch 12 loss: 1647.9990606307983; train accuracy: 0.26806640625; test accuracy: 0.0315
2025-09-28 13:58:11 [INFO]  Epoch 13 loss: 1492.8380508422852; train accuracy: 0.2833251953125; test accuracy: 0.017
2025-09-28 14:00:55 [INFO]  Epoch 14 loss: 1355.4911527633667; train accuracy: 0.2591552734375; test accuracy: 0.008
2025-09-28 14:00:55 [INFO]  Client 0 Finish Local Training--------|
2025-09-28 14:00:55 [INFO]  Client 0 Collecting Local Prototypes--------|
2025-09-28 14:00:55 [INFO]  Client 1 Starts Local Trainning--------|
2025-09-28 14:03:40 [INFO]  Epoch 10 loss: 1899.6052799224854; train accuracy: 0.2476748511904762; test accuracy: 0.0
2025-09-28 14:03:41 [INFO]  Save the model in ./checkpoints/Tiny_alpha0.05/local_models/client_1/epoch_10.pth
2025-09-28 14:06:21 [INFO]  Epoch 11 loss: 1746.0660638809204; train accuracy: 0.2527281746031746; test accuracy: 0.0
2025-09-28 14:09:03 [INFO]  Epoch 12 loss: 1605.5425930023193; train accuracy: 0.2935577876984127; test accuracy: 0.0
2025-09-28 14:11:46 [INFO]  Epoch 13 loss: 1459.6630697250366; train accuracy: 0.29389880952380953; test accuracy: 0.0
2025-09-28 14:14:27 [INFO]  Epoch 14 loss: 1332.7192878723145; train accuracy: 0.34936135912698413; test accuracy: 0.0
2025-09-28 14:14:27 [INFO]  Client 1 Finish Local Training--------|
2025-09-28 14:14:27 [INFO]  Client 1 Collecting Local Prototypes--------|
2025-09-28 14:14:27 [INFO]  Client 2 Starts Local Trainning--------|
2025-09-28 14:16:42 [INFO]  Epoch 10 loss: 1643.2911863327026; train accuracy: 0.2776692708333333; test accuracy: 0.0
2025-09-28 14:16:42 [INFO]  Save the model in ./checkpoints/Tiny_alpha0.05/local_models/client_2/epoch_10.pth
2025-09-28 14:18:44 [INFO]  Epoch 11 loss: 1508.939600944519; train accuracy: 0.2173394097222222; test accuracy: 0.0
2025-09-28 14:20:47 [INFO]  Epoch 12 loss: 1393.2975807189941; train accuracy: 0.31767216435185186; test accuracy: 0.0
2025-09-28 14:22:52 [INFO]  Epoch 13 loss: 1253.808362007141; train accuracy: 0.3314525462962963; test accuracy: 0.0
2025-09-28 14:24:56 [INFO]  Epoch 14 loss: 1130.9289197921753; train accuracy: 0.27882667824074076; test accuracy: 0.0
2025-09-28 14:24:56 [INFO]  Client 2 Finish Local Training--------|
2025-09-28 14:24:56 [INFO]  Client 2 Collecting Local Prototypes--------|
2025-09-28 14:24:56 [INFO]  Client 3 Starts Local Trainning--------|
2025-09-28 14:27:05 [INFO]  Epoch 10 loss: 1977.9252462387085; train accuracy: 0.19243580426356588; test accuracy: 0.0
2025-09-28 14:27:05 [INFO]  Save the model in ./checkpoints/Tiny_alpha0.05/local_models/client_3/epoch_10.pth
2025-09-28 14:28:51 [INFO]  Epoch 11 loss: 1817.5888080596924; train accuracy: 0.27985707364341084; test accuracy: 0.0
2025-09-28 14:30:38 [INFO]  Epoch 12 loss: 1661.9442615509033; train accuracy: 0.2297420058139535; test accuracy: 0.0
2025-09-28 14:32:22 [INFO]  Epoch 13 loss: 1517.6163635253906; train accuracy: 0.25669210271317827; test accuracy: 0.0
2025-09-28 14:34:07 [INFO]  Epoch 14 loss: 1363.9030990600586; train accuracy: 0.29363493217054265; test accuracy: 0.0
2025-09-28 14:34:07 [INFO]  Client 3 Finish Local Training--------|
2025-09-28 14:34:07 [INFO]  Client 3 Collecting Local Prototypes--------|
2025-09-28 14:34:07 [INFO]  Client 4 Starts Local Trainning--------|
2025-09-28 14:35:46 [INFO]  Epoch 10 loss: 1831.1596813201904; train accuracy: 0.2445709745762712; test accuracy: 0.0166
2025-09-28 14:35:46 [INFO]  Save the model in ./checkpoints/Tiny_alpha0.05/local_models/client_4/epoch_10.pth
2025-09-28 14:37:20 [INFO]  Epoch 11 loss: 1684.44886302948; train accuracy: 0.2653601694915254; test accuracy: 0.0128
2025-09-28 14:38:56 [INFO]  Epoch 12 loss: 1546.372579574585; train accuracy: 0.2844279661016949; test accuracy: 0.0115
2025-09-28 14:40:30 [INFO]  Epoch 13 loss: 1411.1666536331177; train accuracy: 0.2959149894067797; test accuracy: 0.0278
2025-09-28 14:42:05 [INFO]  Epoch 14 loss: 1274.9097337722778; train accuracy: 0.2907176906779661; test accuracy: 0.0058
2025-09-28 14:42:05 [INFO]  Client 4 Finish Local Training--------|
2025-09-28 14:42:05 [INFO]  Client 4 Collecting Local Prototypes--------|
2025-09-28 14:42:05 [INFO]  Round 2 Finish--------|
2025-09-28 14:42:05 [INFO]  Model variance: mean: 0.005195322912186384, sum: 58557.69140625
2025-09-28 14:42:05 [INFO]  g_protos_std: 0.9949157238006592
2025-09-28 14:42:05 [INFO]  V7 Training | Using ADVANCED IFFI server aggregation.
2025-09-28 14:42:31 [INFO]  The test accuracy (with prototype) of OneShotOursV7+AdvancedServer: 0.0125
2025-09-28 14:42:31 [INFO]  Save config to ./checkpoints/Tiny_alpha0.05/baselines_OneShotOursV7+AdvancedServer_CIFAR10_results.yaml
2025-09-28 14:42:31 [INFO]  Round 3 starts--------|
2025-09-28 14:42:31 [INFO]  Client 0 Starts Local Trainning--------|
2025-09-28 14:44:12 [INFO]  Epoch 15 loss: 1857.068769454956; train accuracy: 0.320953369140625; test accuracy: 0.0177
2025-09-28 14:44:12 [INFO]  Save the model in ./checkpoints/Tiny_alpha0.05/local_models/client_0/epoch_15.pth
2025-09-28 14:45:53 [INFO]  Epoch 16 loss: 1702.7160005569458; train accuracy: 0.276519775390625; test accuracy: 0.0347
2025-09-28 14:47:35 [INFO]  Epoch 17 loss: 1551.9440622329712; train accuracy: 0.31005859375; test accuracy: 0.0088
2025-09-28 14:49:19 [INFO]  Epoch 18 loss: 1415.1402492523193; train accuracy: 0.357879638671875; test accuracy: 0.0035
2025-09-28 14:51:00 [INFO]  Epoch 19 loss: 1273.372477531433; train accuracy: 0.356781005859375; test accuracy: 0.0266
2025-09-28 14:51:00 [INFO]  Client 0 Finish Local Training--------|
2025-09-28 14:51:00 [INFO]  Client 0 Collecting Local Prototypes--------|
2025-09-28 14:51:00 [INFO]  Client 1 Starts Local Trainning--------|
2025-09-28 14:52:42 [INFO]  Epoch 15 loss: 1813.0330486297607; train accuracy: 0.24485367063492064; test accuracy: 0.0
2025-09-28 14:52:42 [INFO]  Save the model in ./checkpoints/Tiny_alpha0.05/local_models/client_1/epoch_15.pth
2025-09-28 14:54:22 [INFO]  Epoch 16 loss: 1659.6084966659546; train accuracy: 0.341765873015873; test accuracy: 0.0
2025-09-28 14:56:02 [INFO]  Epoch 17 loss: 1503.6958475112915; train accuracy: 0.30171130952380953; test accuracy: 0.0
2025-09-28 14:57:42 [INFO]  Epoch 18 loss: 1374.5878534317017; train accuracy: 0.36532738095238093; test accuracy: 0.0
2025-09-28 14:59:21 [INFO]  Epoch 19 loss: 1234.5330810546875; train accuracy: 0.36889260912698413; test accuracy: 0.0
2025-09-28 14:59:21 [INFO]  Client 1 Finish Local Training--------|
2025-09-28 14:59:21 [INFO]  Client 1 Collecting Local Prototypes--------|
2025-09-28 14:59:21 [INFO]  Client 2 Starts Local Trainning--------|
2025-09-28 15:00:46 [INFO]  Epoch 15 loss: 1537.8366861343384; train accuracy: 0.3353587962962963; test accuracy: 0.0
2025-09-28 15:00:47 [INFO]  Save the model in ./checkpoints/Tiny_alpha0.05/local_models/client_2/epoch_15.pth
2025-09-28 15:02:14 [INFO]  Epoch 16 loss: 1426.1967782974243; train accuracy: 0.3603515625; test accuracy: 0.0
2025-09-28 15:03:38 [INFO]  Epoch 17 loss: 1299.2183847427368; train accuracy: 0.33525028935185186; test accuracy: 0.0
2025-09-28 15:05:03 [INFO]  Epoch 18 loss: 1199.9234476089478; train accuracy: 0.3513454861111111; test accuracy: 0.0
2025-09-28 15:06:31 [INFO]  Epoch 19 loss: 1058.7288732528687; train accuracy: 0.25788483796296297; test accuracy: 0.0
2025-09-28 15:06:31 [INFO]  Client 2 Finish Local Training--------|
2025-09-28 15:06:31 [INFO]  Client 2 Collecting Local Prototypes--------|
2025-09-28 15:06:31 [INFO]  Client 3 Starts Local Trainning--------|
2025-09-28 15:08:11 [INFO]  Epoch 15 loss: 1860.8480739593506; train accuracy: 0.3168604651162791; test accuracy: 0.0
2025-09-28 15:08:12 [INFO]  Save the model in ./checkpoints/Tiny_alpha0.05/local_models/client_3/epoch_15.pth
2025-09-28 15:09:55 [INFO]  Epoch 16 loss: 1723.6156425476074; train accuracy: 0.32191739341085274; test accuracy: 0.0
2025-09-28 15:11:39 [INFO]  Epoch 17 loss: 1557.9098052978516; train accuracy: 0.29645106589147285; test accuracy: 0.0
2025-09-28 15:13:19 [INFO]  Epoch 18 loss: 1409.7351341247559; train accuracy: 0.31964631782945735; test accuracy: 0.0
2025-09-28 15:15:02 [INFO]  Epoch 19 loss: 1286.651448249817; train accuracy: 0.34650557170542634; test accuracy: 0.0
2025-09-28 15:15:02 [INFO]  Client 3 Finish Local Training--------|
2025-09-28 15:15:02 [INFO]  Client 3 Collecting Local Prototypes--------|
2025-09-28 15:15:02 [INFO]  Client 4 Starts Local Trainning--------|
2025-09-28 15:16:36 [INFO]  Epoch 15 loss: 1712.6879596710205; train accuracy: 0.2940280720338983; test accuracy: 0.0053
2025-09-28 15:16:36 [INFO]  Save the model in ./checkpoints/Tiny_alpha0.05/local_models/client_4/epoch_15.pth
2025-09-28 15:18:10 [INFO]  Epoch 16 loss: 1589.1982192993164; train accuracy: 0.3784759004237288; test accuracy: 0.0077
2025-09-28 15:19:44 [INFO]  Epoch 17 loss: 1450.9138975143433; train accuracy: 0.4051244703389831; test accuracy: 0.0248
2025-09-28 15:21:17 [INFO]  Epoch 18 loss: 1331.968903541565; train accuracy: 0.3212063029661017; test accuracy: 0.0092
2025-09-28 15:22:51 [INFO]  Epoch 19 loss: 1196.9585676193237; train accuracy: 0.3986361228813559; test accuracy: 0.0078
2025-09-28 15:22:51 [INFO]  Client 4 Finish Local Training--------|
2025-09-28 15:22:51 [INFO]  Client 4 Collecting Local Prototypes--------|
2025-09-28 15:22:51 [INFO]  Round 3 Finish--------|
2025-09-28 15:22:51 [INFO]  Model variance: mean: 0.006086344830691814, sum: 68600.609375
2025-09-28 15:22:51 [INFO]  g_protos_std: 0.9923586845397949
2025-09-28 15:22:51 [INFO]  V7 Training | Using ADVANCED IFFI server aggregation.
2025-09-28 15:23:16 [INFO]  The test accuracy (with prototype) of OneShotOursV7+AdvancedServer: 0.0113
2025-09-28 15:23:16 [INFO]  Save config to ./checkpoints/Tiny_alpha0.05/baselines_OneShotOursV7+AdvancedServer_CIFAR10_results.yaml
2025-09-28 15:23:16 [INFO]  Round 4 starts--------|
2025-09-28 15:23:16 [INFO]  Client 0 Starts Local Trainning--------|
2025-09-28 15:24:58 [INFO]  Epoch 20 loss: 1753.3608255386353; train accuracy: 0.353485107421875; test accuracy: 0.0099
2025-09-28 15:24:58 [INFO]  Save the model in ./checkpoints/Tiny_alpha0.05/local_models/client_0/epoch_20.pth
2025-09-28 15:26:38 [INFO]  Epoch 21 loss: 1623.6393671035767; train accuracy: 0.410064697265625; test accuracy: 0.0165
2025-09-28 15:28:17 [INFO]  Epoch 22 loss: 1478.4895429611206; train accuracy: 0.4287109375; test accuracy: 0.0194
2025-09-28 15:29:58 [INFO]  Epoch 23 loss: 1345.1986303329468; train accuracy: 0.454010009765625; test accuracy: 0.0132
2025-09-28 15:31:38 [INFO]  Epoch 24 loss: 1200.974952697754; train accuracy: 0.441070556640625; test accuracy: 0.0249
2025-09-28 15:31:38 [INFO]  Client 0 Finish Local Training--------|
2025-09-28 15:31:38 [INFO]  Client 0 Collecting Local Prototypes--------|
2025-09-28 15:31:38 [INFO]  Client 1 Starts Local Trainning--------|
2025-09-28 15:33:18 [INFO]  Epoch 20 loss: 1721.7445030212402; train accuracy: 0.41083829365079366; test accuracy: 0.0
2025-09-28 15:33:19 [INFO]  Save the model in ./checkpoints/Tiny_alpha0.05/local_models/client_1/epoch_20.pth
2025-09-28 15:35:01 [INFO]  Epoch 21 loss: 1570.6592264175415; train accuracy: 0.3831225198412698; test accuracy: 0.0
2025-09-28 15:36:42 [INFO]  Epoch 22 loss: 1434.4479503631592; train accuracy: 0.4337797619047619; test accuracy: 0.0
2025-09-28 15:38:24 [INFO]  Epoch 23 loss: 1308.7742071151733; train accuracy: 0.4244171626984127; test accuracy: 0.0
2025-09-28 15:40:04 [INFO]  Epoch 24 loss: 1172.7951407432556; train accuracy: 0.42658730158730157; test accuracy: 0.0
2025-09-28 15:40:04 [INFO]  Client 1 Finish Local Training--------|
2025-09-28 15:40:04 [INFO]  Client 1 Collecting Local Prototypes--------|
2025-09-28 15:40:04 [INFO]  Client 2 Starts Local Trainning--------|
2025-09-28 15:41:32 [INFO]  Epoch 20 loss: 1476.491813659668; train accuracy: 0.38718894675925924; test accuracy: 0.0
2025-09-28 15:41:32 [INFO]  Save the model in ./checkpoints/Tiny_alpha0.05/local_models/client_2/epoch_20.pth
2025-09-28 15:43:03 [INFO]  Epoch 21 loss: 1350.4206638336182; train accuracy: 0.3134765625; test accuracy: 0.0
2025-09-28 15:44:32 [INFO]  Epoch 22 loss: 1248.0160417556763; train accuracy: 0.2751736111111111; test accuracy: 0.0
2025-09-28 15:46:00 [INFO]  Epoch 23 loss: 1126.3590641021729; train accuracy: 0.4759837962962963; test accuracy: 0.0
2025-09-28 15:47:26 [INFO]  Epoch 24 loss: 1011.4786190986633; train accuracy: 0.40968605324074076; test accuracy: 0.0
2025-09-28 15:47:26 [INFO]  Client 2 Finish Local Training--------|
2025-09-28 15:47:26 [INFO]  Client 2 Collecting Local Prototypes--------|
2025-09-28 15:47:26 [INFO]  Client 3 Starts Local Trainning--------|
2025-09-28 15:49:08 [INFO]  Epoch 20 loss: 1772.9208793640137; train accuracy: 0.354499757751938; test accuracy: 0.0
2025-09-28 15:49:09 [INFO]  Save the model in ./checkpoints/Tiny_alpha0.05/local_models/client_3/epoch_20.pth
2025-09-28 15:50:50 [INFO]  Epoch 21 loss: 1649.2275848388672; train accuracy: 0.4328670058139535; test accuracy: 0.0
2025-09-28 15:52:31 [INFO]  Epoch 22 loss: 1483.75390625; train accuracy: 0.4160610465116279; test accuracy: 0.0
2025-09-28 15:54:13 [INFO]  Epoch 23 loss: 1358.9536981582642; train accuracy: 0.29196947674418605; test accuracy: 0.0
2025-09-28 15:55:54 [INFO]  Epoch 24 loss: 1202.4757084846497; train accuracy: 0.44086119186046513; test accuracy: 0.0
2025-09-28 15:55:54 [INFO]  Client 3 Finish Local Training--------|
2025-09-28 15:55:54 [INFO]  Client 3 Collecting Local Prototypes--------|
2025-09-28 15:55:54 [INFO]  Client 4 Starts Local Trainning--------|
2025-09-28 15:57:27 [INFO]  Epoch 20 loss: 1642.9569482803345; train accuracy: 0.3482852224576271; test accuracy: 0.0046
2025-09-28 15:57:27 [INFO]  Save the model in ./checkpoints/Tiny_alpha0.05/local_models/client_4/epoch_20.pth
2025-09-28 15:58:59 [INFO]  Epoch 21 loss: 1508.8921480178833; train accuracy: 0.3921146716101695; test accuracy: 0.0054
2025-09-28 16:00:31 [INFO]  Epoch 22 loss: 1381.8426036834717; train accuracy: 0.3930415783898305; test accuracy: 0.004
2025-09-28 16:02:07 [INFO]  Epoch 23 loss: 1245.809838294983; train accuracy: 0.3883739406779661; test accuracy: 0.0079
2025-09-28 16:03:41 [INFO]  Epoch 24 loss: 1116.840060710907; train accuracy: 0.4164790783898305; test accuracy: 0.0098
2025-09-28 16:03:41 [INFO]  Client 4 Finish Local Training--------|
2025-09-28 16:03:41 [INFO]  Client 4 Collecting Local Prototypes--------|
2025-09-28 16:03:41 [INFO]  Round 4 Finish--------|
2025-09-28 16:03:41 [INFO]  Model variance: mean: 0.00688555184751749, sum: 77608.65625
2025-09-28 16:03:41 [INFO]  g_protos_std: 0.9899067878723145
2025-09-28 16:03:41 [INFO]  V7 Training | Using ADVANCED IFFI server aggregation.
2025-09-28 16:04:07 [INFO]  The test accuracy (with prototype) of OneShotOursV7+AdvancedServer: 0.0109
2025-09-28 16:04:07 [INFO]  Save config to ./checkpoints/Tiny_alpha0.05/baselines_OneShotOursV7+AdvancedServer_CIFAR10_results.yaml
2025-09-28 16:04:07 [INFO]  Round 5 starts--------|
2025-09-28 16:04:07 [INFO]  Client 0 Starts Local Trainning--------|
2025-09-28 16:05:47 [INFO]  Epoch 25 loss: 1681.627537727356; train accuracy: 0.432647705078125; test accuracy: 0.0107
2025-09-28 16:05:48 [INFO]  Save the model in ./checkpoints/Tiny_alpha0.05/local_models/client_0/epoch_25.pth
2025-09-28 16:07:27 [INFO]  Epoch 26 loss: 1543.9976930618286; train accuracy: 0.4193115234375; test accuracy: 0.0237
2025-09-28 16:09:06 [INFO]  Epoch 27 loss: 1399.6890687942505; train accuracy: 0.394805908203125; test accuracy: 0.0378
2025-09-28 16:10:45 [INFO]  Epoch 28 loss: 1263.8875408172607; train accuracy: 0.4322509765625; test accuracy: 0.0054
2025-09-28 16:12:24 [INFO]  Epoch 29 loss: 1114.495517730713; train accuracy: 0.45965576171875; test accuracy: 0.0062
2025-09-28 16:12:24 [INFO]  Client 0 Finish Local Training--------|
2025-09-28 16:12:24 [INFO]  Client 0 Collecting Local Prototypes--------|
2025-09-28 16:12:24 [INFO]  Client 1 Starts Local Trainning--------|
2025-09-28 16:14:04 [INFO]  Epoch 25 loss: 1637.454158782959; train accuracy: 0.4495287698412698; test accuracy: 0.0
2025-09-28 16:14:04 [INFO]  Save the model in ./checkpoints/Tiny_alpha0.05/local_models/client_1/epoch_25.pth
2025-09-28 16:15:42 [INFO]  Epoch 26 loss: 1498.3594665527344; train accuracy: 0.38426959325396826; test accuracy: 0.0
2025-09-28 16:17:20 [INFO]  Epoch 27 loss: 1390.8840827941895; train accuracy: 0.46704489087301587; test accuracy: 0.0
2025-09-28 16:18:59 [INFO]  Epoch 28 loss: 1243.089882850647; train accuracy: 0.43734499007936506; test accuracy: 0.0
2025-09-28 16:20:41 [INFO]  Epoch 29 loss: 1112.061149597168; train accuracy: 0.4045138888888889; test accuracy: 0.0
2025-09-28 16:20:41 [INFO]  Client 1 Finish Local Training--------|
2025-09-28 16:20:41 [INFO]  Client 1 Collecting Local Prototypes--------|
2025-09-28 16:20:41 [INFO]  Client 2 Starts Local Trainning--------|
2025-09-28 16:22:24 [INFO]  Epoch 25 loss: 1427.1165256500244; train accuracy: 0.42863859953703703; test accuracy: 0.0
2025-09-28 16:22:24 [INFO]  Save the model in ./checkpoints/Tiny_alpha0.05/local_models/client_2/epoch_25.pth
2025-09-28 16:23:50 [INFO]  Epoch 26 loss: 1301.5033712387085; train accuracy: 0.4519314236111111; test accuracy: 0.0
2025-09-28 16:25:18 [INFO]  Epoch 27 loss: 1197.0138664245605; train accuracy: 0.43344907407407407; test accuracy: 0.0
2025-09-28 16:26:44 [INFO]  Epoch 28 loss: 1082.6691255569458; train accuracy: 0.4927662037037037; test accuracy: 0.0
2025-09-28 16:28:10 [INFO]  Epoch 29 loss: 951.6397223472595; train accuracy: 0.4642288773148148; test accuracy: 0.0
2025-09-28 16:28:10 [INFO]  Client 2 Finish Local Training--------|
2025-09-28 16:28:10 [INFO]  Client 2 Collecting Local Prototypes--------|
2025-09-28 16:28:10 [INFO]  Client 3 Starts Local Trainning--------|
2025-09-28 16:29:54 [INFO]  Epoch 25 loss: 1706.0048561096191; train accuracy: 0.41412306201550386; test accuracy: 0.0
2025-09-28 16:29:54 [INFO]  Save the model in ./checkpoints/Tiny_alpha0.05/local_models/client_3/epoch_25.pth
2025-09-28 16:31:41 [INFO]  Epoch 26 loss: 1554.6073894500732; train accuracy: 0.39129118217054265; test accuracy: 0.0
2025-09-28 16:33:56 [INFO]  Epoch 27 loss: 1450.110291481018; train accuracy: 0.395984738372093; test accuracy: 0.0
2025-09-28 16:35:56 [INFO]  Epoch 28 loss: 1315.463252067566; train accuracy: 0.43713662790697677; test accuracy: 0.0
2025-09-28 16:38:13 [INFO]  Epoch 29 loss: 1153.5695099830627; train accuracy: 0.42126937984496127; test accuracy: 0.0
2025-09-28 16:38:13 [INFO]  Client 3 Finish Local Training--------|
2025-09-28 16:38:13 [INFO]  Client 3 Collecting Local Prototypes--------|
2025-09-28 16:38:13 [INFO]  Client 4 Starts Local Trainning--------|
2025-09-28 16:39:56 [INFO]  Epoch 25 loss: 1582.5483856201172; train accuracy: 0.4118776483050847; test accuracy: 0.0119
2025-09-28 16:39:57 [INFO]  Save the model in ./checkpoints/Tiny_alpha0.05/local_models/client_4/epoch_25.pth
2025-09-28 16:41:45 [INFO]  Epoch 26 loss: 1468.2627973556519; train accuracy: 0.4034692796610169; test accuracy: 0.0317
2025-09-28 16:43:58 [INFO]  Epoch 27 loss: 1332.9651203155518; train accuracy: 0.4367717161016949; test accuracy: 0.0227
2025-09-28 16:45:46 [INFO]  Epoch 28 loss: 1191.2318658828735; train accuracy: 0.3989671610169492; test accuracy: 0.0138
2025-09-28 16:47:29 [INFO]  Epoch 29 loss: 1071.3682551383972; train accuracy: 0.4593816207627119; test accuracy: 0.0163
2025-09-28 16:47:29 [INFO]  Client 4 Finish Local Training--------|
2025-09-28 16:47:29 [INFO]  Client 4 Collecting Local Prototypes--------|
2025-09-28 16:47:29 [INFO]  Round 5 Finish--------|
2025-09-28 16:47:29 [INFO]  Model variance: mean: 0.0076190149411559105, sum: 85875.6875
2025-09-28 16:47:29 [INFO]  g_protos_std: 0.9875413775444031
2025-09-28 16:47:29 [INFO]  V7 Training | Using ADVANCED IFFI server aggregation.
2025-09-28 16:47:54 [INFO]  The test accuracy (with prototype) of OneShotOursV7+AdvancedServer: 0.0079
2025-09-28 16:47:54 [INFO]  Save config to ./checkpoints/Tiny_alpha0.05/baselines_OneShotOursV7+AdvancedServer_CIFAR10_results.yaml
2025-09-28 16:47:54 [INFO]  Round 6 starts--------|
2025-09-28 16:47:54 [INFO]  Client 0 Starts Local Trainning--------|
2025-09-28 16:49:41 [INFO]  Epoch 30 loss: 1604.6152572631836; train accuracy: 0.503936767578125; test accuracy: 0.0141
2025-09-28 16:49:41 [INFO]  Save the model in ./checkpoints/Tiny_alpha0.05/local_models/client_0/epoch_30.pth
2025-09-28 16:51:34 [INFO]  Epoch 31 loss: 1492.7561664581299; train accuracy: 0.43511962890625; test accuracy: 0.0095
2025-09-28 16:53:40 [INFO]  Epoch 32 loss: 1341.686544418335; train accuracy: 0.470245361328125; test accuracy: 0.0024
2025-09-28 16:55:34 [INFO]  Epoch 33 loss: 1232.3052377700806; train accuracy: 0.468292236328125; test accuracy: 0.0354
2025-09-28 16:57:51 [INFO]  Epoch 34 loss: 1069.5936756134033; train accuracy: 0.502960205078125; test accuracy: 0.0181
2025-09-28 16:57:51 [INFO]  Client 0 Finish Local Training--------|
2025-09-28 16:57:51 [INFO]  Client 0 Collecting Local Prototypes--------|
2025-09-28 16:57:51 [INFO]  Client 1 Starts Local Trainning--------|
2025-09-28 16:59:59 [INFO]  Epoch 30 loss: 1576.148546218872; train accuracy: 0.470672123015873; test accuracy: 0.0
2025-09-28 17:00:00 [INFO]  Save the model in ./checkpoints/Tiny_alpha0.05/local_models/client_1/epoch_30.pth
2025-09-28 17:02:53 [INFO]  Epoch 31 loss: 1451.2973613739014; train accuracy: 0.4777405753968254; test accuracy: 0.0
2025-09-28 17:05:51 [INFO]  Epoch 32 loss: 1311.5634088516235; train accuracy: 0.4708891369047619; test accuracy: 0.0
2025-09-28 17:08:49 [INFO]  Epoch 33 loss: 1178.3237581253052; train accuracy: 0.5164310515873016; test accuracy: 0.0
2025-09-28 17:11:35 [INFO]  Epoch 34 loss: 1062.572355747223; train accuracy: 0.47975570436507936; test accuracy: 0.0
2025-09-28 17:11:35 [INFO]  Client 1 Finish Local Training--------|
2025-09-28 17:11:35 [INFO]  Client 1 Collecting Local Prototypes--------|
2025-09-28 17:11:35 [INFO]  Client 2 Starts Local Trainning--------|
2025-09-28 17:13:47 [INFO]  Epoch 30 loss: 1365.803129196167; train accuracy: 0.5064742476851852; test accuracy: 0.0
2025-09-28 17:13:48 [INFO]  Save the model in ./checkpoints/Tiny_alpha0.05/local_models/client_2/epoch_30.pth
2025-09-28 17:16:20 [INFO]  Epoch 31 loss: 1255.8623733520508; train accuracy: 0.46878616898148145; test accuracy: 0.0
2025-09-28 17:18:55 [INFO]  Epoch 32 loss: 1136.1260843276978; train accuracy: 0.4346788194444444; test accuracy: 0.0
2025-09-28 17:21:29 [INFO]  Epoch 33 loss: 1014.2923336029053; train accuracy: 0.5412326388888888; test accuracy: 0.0
2025-09-28 17:24:13 [INFO]  Epoch 34 loss: 921.8123178482056; train accuracy: 0.5167462384259259; test accuracy: 0.0
2025-09-28 17:24:13 [INFO]  Client 2 Finish Local Training--------|
2025-09-28 17:24:13 [INFO]  Client 2 Collecting Local Prototypes--------|
2025-09-28 17:24:13 [INFO]  Client 3 Starts Local Trainning--------|
2025-09-28 17:27:10 [INFO]  Epoch 30 loss: 1637.7970962524414; train accuracy: 0.41742369186046513; test accuracy: 0.0
2025-09-28 17:27:10 [INFO]  Save the model in ./checkpoints/Tiny_alpha0.05/local_models/client_3/epoch_30.pth
2025-09-28 17:30:11 [INFO]  Epoch 31 loss: 1502.0416526794434; train accuracy: 0.4430717054263566; test accuracy: 0.0
2025-09-28 17:33:16 [INFO]  Epoch 32 loss: 1379.160306930542; train accuracy: 0.4524890988372093; test accuracy: 0.0
2025-09-28 17:36:21 [INFO]  Epoch 33 loss: 1250.074610710144; train accuracy: 0.416999757751938; test accuracy: 0.0
2025-09-28 17:39:28 [INFO]  Epoch 34 loss: 1098.1467928886414; train accuracy: 0.46323885658914726; test accuracy: 0.0
2025-09-28 17:39:28 [INFO]  Client 3 Finish Local Training--------|
2025-09-28 17:39:28 [INFO]  Client 3 Collecting Local Prototypes--------|
2025-09-28 17:39:28 [INFO]  Client 4 Starts Local Trainning--------|
2025-09-28 17:42:20 [INFO]  Epoch 30 loss: 1528.4649600982666; train accuracy: 0.5123477224576272; test accuracy: 0.0103
2025-09-28 17:42:21 [INFO]  Save the model in ./checkpoints/Tiny_alpha0.05/local_models/client_4/epoch_30.pth
2025-09-28 17:45:11 [INFO]  Epoch 31 loss: 1379.673427581787; train accuracy: 0.454978813559322; test accuracy: 0.008
2025-09-28 17:48:06 [INFO]  Epoch 32 loss: 1269.233985900879; train accuracy: 0.4419690148305085; test accuracy: 0.0095
2025-09-28 17:50:57 [INFO]  Epoch 33 loss: 1151.675627708435; train accuracy: 0.4580243644067797; test accuracy: 0.006
2025-09-28 17:53:43 [INFO]  Epoch 34 loss: 1023.2072558403015; train accuracy: 0.4494504766949153; test accuracy: 0.0064
2025-09-28 17:53:43 [INFO]  Client 4 Finish Local Training--------|
2025-09-28 17:53:43 [INFO]  Client 4 Collecting Local Prototypes--------|
2025-09-28 17:53:43 [INFO]  Round 6 Finish--------|
2025-09-28 17:53:43 [INFO]  Model variance: mean: 0.00830623134970665, sum: 93621.4609375
2025-09-28 17:53:43 [INFO]  g_protos_std: 0.9852650761604309
2025-09-28 17:53:43 [INFO]  V7 Training | Using ADVANCED IFFI server aggregation.
2025-09-28 17:54:13 [INFO]  The test accuracy (with prototype) of OneShotOursV7+AdvancedServer: 0.0099
2025-09-28 17:54:13 [INFO]  Save config to ./checkpoints/Tiny_alpha0.05/baselines_OneShotOursV7+AdvancedServer_CIFAR10_results.yaml
2025-09-28 17:54:13 [INFO]  Round 7 starts--------|
2025-09-28 17:54:13 [INFO]  Client 0 Starts Local Trainning--------|
2025-09-28 17:57:15 [INFO]  Epoch 35 loss: 1540.9835624694824; train accuracy: 0.5050048828125; test accuracy: 0.0121
2025-09-28 17:57:15 [INFO]  Save the model in ./checkpoints/Tiny_alpha0.05/local_models/client_0/epoch_35.pth
2025-09-28 18:00:05 [INFO]  Epoch 36 loss: 1403.9250192642212; train accuracy: 0.408660888671875; test accuracy: 0.0096
2025-09-28 18:02:50 [INFO]  Epoch 37 loss: 1304.4473037719727; train accuracy: 0.51788330078125; test accuracy: 0.0042
2025-09-28 18:05:31 [INFO]  Epoch 38 loss: 1157.503779411316; train accuracy: 0.539581298828125; test accuracy: 0.0074
2025-09-28 18:08:12 [INFO]  Epoch 39 loss: 1034.6968541145325; train accuracy: 0.4990234375; test accuracy: 0.0218
2025-09-28 18:08:12 [INFO]  Client 0 Finish Local Training--------|
2025-09-28 18:08:12 [INFO]  Client 0 Collecting Local Prototypes--------|
2025-09-28 18:08:12 [INFO]  Client 1 Starts Local Trainning--------|
2025-09-28 18:10:52 [INFO]  Epoch 35 loss: 1531.914831161499; train accuracy: 0.4923735119047619; test accuracy: 0.0
2025-09-28 18:10:52 [INFO]  Save the model in ./checkpoints/Tiny_alpha0.05/local_models/client_1/epoch_35.pth
2025-09-28 18:13:32 [INFO]  Epoch 36 loss: 1417.4725522994995; train accuracy: 0.47085813492063494; test accuracy: 0.0
2025-09-28 18:16:12 [INFO]  Epoch 37 loss: 1269.578447341919; train accuracy: 0.5115017361111112; test accuracy: 0.0
2025-09-28 18:18:52 [INFO]  Epoch 38 loss: 1144.5133547782898; train accuracy: 0.4900173611111111; test accuracy: 0.0
2025-09-28 18:21:28 [INFO]  Epoch 39 loss: 1011.4376873970032; train accuracy: 0.5633370535714286; test accuracy: 0.0
2025-09-28 18:21:28 [INFO]  Client 1 Finish Local Training--------|
2025-09-28 18:21:28 [INFO]  Client 1 Collecting Local Prototypes--------|
2025-09-28 18:21:28 [INFO]  Client 2 Starts Local Trainning--------|
2025-09-28 18:23:43 [INFO]  Epoch 35 loss: 1357.8562412261963; train accuracy: 0.5377242476851852; test accuracy: 0.0
2025-09-28 18:23:43 [INFO]  Save the model in ./checkpoints/Tiny_alpha0.05/local_models/client_2/epoch_35.pth
2025-09-28 18:25:34 [INFO]  Epoch 36 loss: 1224.5116806030273; train accuracy: 0.5370370370370371; test accuracy: 0.0
2025-09-28 18:27:19 [INFO]  Epoch 37 loss: 1102.5138998031616; train accuracy: 0.49609375; test accuracy: 0.0
2025-09-28 18:29:00 [INFO]  Epoch 38 loss: 987.4121541976929; train accuracy: 0.4366319444444444; test accuracy: 0.0
2025-09-28 18:30:43 [INFO]  Epoch 39 loss: 877.6151399612427; train accuracy: 0.4972511574074074; test accuracy: 0.0
2025-09-28 18:30:43 [INFO]  Client 2 Finish Local Training--------|
2025-09-28 18:30:43 [INFO]  Client 2 Collecting Local Prototypes--------|
2025-09-28 18:30:43 [INFO]  Client 3 Starts Local Trainning--------|
2025-09-28 18:32:45 [INFO]  Epoch 35 loss: 1577.1152896881104; train accuracy: 0.5308563468992248; test accuracy: 0.0
2025-09-28 18:32:46 [INFO]  Save the model in ./checkpoints/Tiny_alpha0.05/local_models/client_3/epoch_35.pth
2025-09-28 18:34:45 [INFO]  Epoch 36 loss: 1450.8479490280151; train accuracy: 0.44025557170542634; test accuracy: 0.0
2025-09-28 18:36:45 [INFO]  Epoch 37 loss: 1318.1244630813599; train accuracy: 0.5085695251937985; test accuracy: 0.0
2025-09-28 18:38:46 [INFO]  Epoch 38 loss: 1177.24294090271; train accuracy: 0.5399103682170543; test accuracy: 0.0
2025-09-28 18:40:46 [INFO]  Epoch 39 loss: 1057.7824640274048; train accuracy: 0.5448764534883721; test accuracy: 0.0
2025-09-28 18:40:46 [INFO]  Client 3 Finish Local Training--------|
2025-09-28 18:40:46 [INFO]  Client 3 Collecting Local Prototypes--------|
2025-09-28 18:40:46 [INFO]  Client 4 Starts Local Trainning--------|
2025-09-28 18:42:34 [INFO]  Epoch 35 loss: 1475.3074951171875; train accuracy: 0.4664658368644068; test accuracy: 0.0141
2025-09-28 18:42:35 [INFO]  Save the model in ./checkpoints/Tiny_alpha0.05/local_models/client_4/epoch_35.pth
2025-09-28 18:44:25 [INFO]  Epoch 36 loss: 1350.675721168518; train accuracy: 0.5351893538135594; test accuracy: 0.0265
2025-09-28 18:46:16 [INFO]  Epoch 37 loss: 1226.8322658538818; train accuracy: 0.5132415254237288; test accuracy: 0.0133
2025-09-28 18:48:07 [INFO]  Epoch 38 loss: 1099.5935249328613; train accuracy: 0.4830839512711864; test accuracy: 0.0069
2025-09-28 18:49:57 [INFO]  Epoch 39 loss: 990.3936786651611; train accuracy: 0.5114208156779662; test accuracy: 0.0137
2025-09-28 18:49:57 [INFO]  Client 4 Finish Local Training--------|
2025-09-28 18:49:57 [INFO]  Client 4 Collecting Local Prototypes--------|
2025-09-28 18:49:57 [INFO]  Round 7 Finish--------|
2025-09-28 18:49:57 [INFO]  Model variance: mean: 0.008954490534961224, sum: 100928.140625
2025-09-28 18:49:57 [INFO]  g_protos_std: 0.9830615520477295
2025-09-28 18:49:57 [INFO]  V7 Training | Using ADVANCED IFFI server aggregation.
2025-09-28 18:50:27 [INFO]  The test accuracy (with prototype) of OneShotOursV7+AdvancedServer: 0.0089
2025-09-28 18:50:27 [INFO]  Save config to ./checkpoints/Tiny_alpha0.05/baselines_OneShotOursV7+AdvancedServer_CIFAR10_results.yaml
2025-09-28 18:50:27 [INFO]  Round 8 starts--------|
2025-09-28 18:50:27 [INFO]  Client 0 Starts Local Trainning--------|
2025-09-28 18:52:29 [INFO]  Epoch 40 loss: 1512.1598672866821; train accuracy: 0.5257568359375; test accuracy: 0.0196
2025-09-28 18:52:30 [INFO]  Save the model in ./checkpoints/Tiny_alpha0.05/local_models/client_0/epoch_40.pth
2025-09-28 18:54:32 [INFO]  Epoch 41 loss: 1379.1118049621582; train accuracy: 0.5509033203125; test accuracy: 0.0164
2025-09-28 18:56:34 [INFO]  Epoch 42 loss: 1258.625867843628; train accuracy: 0.546142578125; test accuracy: 0.0054
2025-09-28 18:58:34 [INFO]  Epoch 43 loss: 1107.056028842926; train accuracy: 0.54058837890625; test accuracy: 0.0247
2025-09-28 19:00:39 [INFO]  Epoch 44 loss: 990.5077705383301; train accuracy: 0.57568359375; test accuracy: 0.0092
2025-09-28 19:00:39 [INFO]  Client 0 Finish Local Training--------|
2025-09-28 19:00:39 [INFO]  Client 0 Collecting Local Prototypes--------|
2025-09-28 19:00:39 [INFO]  Client 1 Starts Local Trainning--------|
2025-09-28 19:02:43 [INFO]  Epoch 40 loss: 1482.7658805847168; train accuracy: 0.5365513392857143; test accuracy: 0.0
2025-09-28 19:02:44 [INFO]  Save the model in ./checkpoints/Tiny_alpha0.05/local_models/client_1/epoch_40.pth
2025-09-28 19:04:52 [INFO]  Epoch 41 loss: 1351.6711168289185; train accuracy: 0.5260106646825397; test accuracy: 0.0
2025-09-28 19:07:04 [INFO]  Epoch 42 loss: 1216.6607999801636; train accuracy: 0.4797247023809524; test accuracy: 0.0
2025-09-28 19:09:19 [INFO]  Epoch 43 loss: 1094.089292049408; train accuracy: 0.5698474702380952; test accuracy: 0.0
2025-09-28 19:11:36 [INFO]  Epoch 44 loss: 967.7133073806763; train accuracy: 0.5177641369047619; test accuracy: 0.0
2025-09-28 19:11:36 [INFO]  Client 1 Finish Local Training--------|
2025-09-28 19:11:36 [INFO]  Client 1 Collecting Local Prototypes--------|
2025-09-28 19:11:36 [INFO]  Client 2 Starts Local Trainning--------|
2025-09-28 19:13:36 [INFO]  Epoch 40 loss: 1298.1459846496582; train accuracy: 0.5056061921296297; test accuracy: 0.0
2025-09-28 19:13:36 [INFO]  Save the model in ./checkpoints/Tiny_alpha0.05/local_models/client_2/epoch_40.pth
2025-09-28 19:15:34 [INFO]  Epoch 41 loss: 1163.6572008132935; train accuracy: 0.5126229745370371; test accuracy: 0.0
2025-09-28 19:17:33 [INFO]  Epoch 42 loss: 1053.5313997268677; train accuracy: 0.5015190972222222; test accuracy: 0.0
2025-09-28 19:19:28 [INFO]  Epoch 43 loss: 937.1654725074768; train accuracy: 0.6285083912037037; test accuracy: 0.0
2025-09-28 19:21:24 [INFO]  Epoch 44 loss: 837.9830899238586; train accuracy: 0.5868417245370371; test accuracy: 0.0
2025-09-28 19:21:24 [INFO]  Client 2 Finish Local Training--------|
2025-09-28 19:21:24 [INFO]  Client 2 Collecting Local Prototypes--------|
2025-09-28 19:21:24 [INFO]  Client 3 Starts Local Trainning--------|
2025-09-28 19:23:37 [INFO]  Epoch 40 loss: 1541.5829572677612; train accuracy: 0.5188650678294574; test accuracy: 0.0
2025-09-28 19:23:38 [INFO]  Save the model in ./checkpoints/Tiny_alpha0.05/local_models/client_3/epoch_40.pth
2025-09-28 19:25:42 [INFO]  Epoch 41 loss: 1396.3679885864258; train accuracy: 0.5076005329457365; test accuracy: 0.0
2025-09-28 19:27:44 [INFO]  Epoch 42 loss: 1271.5068187713623; train accuracy: 0.49609375; test accuracy: 0.0
2025-09-28 19:29:46 [INFO]  Epoch 43 loss: 1142.9382071495056; train accuracy: 0.5435743701550387; test accuracy: 0.0
2025-09-28 19:31:46 [INFO]  Epoch 44 loss: 994.6881313323975; train accuracy: 0.5297359496124031; test accuracy: 0.0
2025-09-28 19:31:46 [INFO]  Client 3 Finish Local Training--------|
2025-09-28 19:31:46 [INFO]  Client 3 Collecting Local Prototypes--------|
2025-09-28 19:31:46 [INFO]  Client 4 Starts Local Trainning--------|
2025-09-28 19:33:40 [INFO]  Epoch 40 loss: 1420.733995437622; train accuracy: 0.5459811970338984; test accuracy: 0.0238
2025-09-28 19:33:41 [INFO]  Save the model in ./checkpoints/Tiny_alpha0.05/local_models/client_4/epoch_40.pth
2025-09-28 19:35:37 [INFO]  Epoch 41 loss: 1329.1382274627686; train accuracy: 0.5239009533898306; test accuracy: 0.0158
2025-09-28 19:37:30 [INFO]  Epoch 42 loss: 1165.288179397583; train accuracy: 0.5151615466101694; test accuracy: 0.0337
2025-09-28 19:39:25 [INFO]  Epoch 43 loss: 1051.3702130317688; train accuracy: 0.60546875; test accuracy: 0.0234
2025-09-28 19:41:18 [INFO]  Epoch 44 loss: 964.7373237609863; train accuracy: 0.542240466101695; test accuracy: 0.0036
2025-09-28 19:41:18 [INFO]  Client 4 Finish Local Training--------|
2025-09-28 19:41:18 [INFO]  Client 4 Collecting Local Prototypes--------|
2025-09-28 19:41:18 [INFO]  Round 8 Finish--------|
2025-09-28 19:41:18 [INFO]  Model variance: mean: 0.00957084633409977, sum: 107875.234375
2025-09-28 19:41:18 [INFO]  g_protos_std: 0.9809321761131287
2025-09-28 19:41:18 [INFO]  V7 Training | Using ADVANCED IFFI server aggregation.
2025-09-28 19:41:49 [INFO]  The test accuracy (with prototype) of OneShotOursV7+AdvancedServer: 0.0075
2025-09-28 19:41:49 [INFO]  Save config to ./checkpoints/Tiny_alpha0.05/baselines_OneShotOursV7+AdvancedServer_CIFAR10_results.yaml
2025-09-28 19:41:49 [INFO]  Round 9 starts--------|
2025-09-28 19:41:49 [INFO]  Client 0 Starts Local Trainning--------|
2025-09-28 19:44:00 [INFO]  Epoch 45 loss: 1457.5036716461182; train accuracy: 0.6058349609375; test accuracy: 0.0126
2025-09-28 19:44:00 [INFO]  Save the model in ./checkpoints/Tiny_alpha0.05/local_models/client_0/epoch_45.pth
2025-09-28 19:46:18 [INFO]  Epoch 46 loss: 1325.6064109802246; train accuracy: 0.4827880859375; test accuracy: 0.0082
2025-09-28 19:48:40 [INFO]  Epoch 47 loss: 1222.544270515442; train accuracy: 0.5076904296875; test accuracy: 0.0158
2025-09-28 19:50:50 [INFO]  Epoch 48 loss: 1076.1535167694092; train accuracy: 0.6041259765625; test accuracy: 0.0119
2025-09-28 19:52:58 [INFO]  Epoch 49 loss: 938.0731062889099; train accuracy: 0.572998046875; test accuracy: 0.0205
2025-09-28 19:52:58 [INFO]  Client 0 Finish Local Training--------|
2025-09-28 19:52:58 [INFO]  Client 0 Collecting Local Prototypes--------|
2025-09-28 19:52:58 [INFO]  Client 1 Starts Local Trainning--------|
2025-09-28 19:55:08 [INFO]  Epoch 45 loss: 1428.2132549285889; train accuracy: 0.5826202876984127; test accuracy: 0.0
2025-09-28 19:55:08 [INFO]  Save the model in ./checkpoints/Tiny_alpha0.05/local_models/client_1/epoch_45.pth
2025-09-28 19:57:06 [INFO]  Epoch 46 loss: 1300.8521890640259; train accuracy: 0.5864645337301587; test accuracy: 0.0
2025-09-28 19:59:03 [INFO]  Epoch 47 loss: 1164.5542540550232; train accuracy: 0.5283668154761905; test accuracy: 0.0
2025-09-28 20:00:58 [INFO]  Epoch 48 loss: 1047.7322611808777; train accuracy: 0.5732266865079365; test accuracy: 0.0
2025-09-28 20:02:53 [INFO]  Epoch 49 loss: 915.2731819152832; train accuracy: 0.5721106150793651; test accuracy: 0.0
2025-09-28 20:02:53 [INFO]  Client 1 Finish Local Training--------|
2025-09-28 20:02:53 [INFO]  Client 1 Collecting Local Prototypes--------|
2025-09-28 20:02:53 [INFO]  Client 2 Starts Local Trainning--------|
2025-09-28 20:04:32 [INFO]  Epoch 45 loss: 1223.13134765625; train accuracy: 0.4839409722222222; test accuracy: 0.0
2025-09-28 20:04:33 [INFO]  Save the model in ./checkpoints/Tiny_alpha0.05/local_models/client_2/epoch_45.pth
2025-09-28 20:06:12 [INFO]  Epoch 46 loss: 1143.6792430877686; train accuracy: 0.5664424189814815; test accuracy: 0.0
2025-09-28 20:07:50 [INFO]  Epoch 47 loss: 1019.6345438957214; train accuracy: 0.5713614004629629; test accuracy: 0.0
2025-09-28 20:09:27 [INFO]  Epoch 48 loss: 917.0895252227783; train accuracy: 0.4830005787037037; test accuracy: 0.0
2025-09-28 20:11:06 [INFO]  Epoch 49 loss: 804.8916335105896; train accuracy: 0.5443431712962963; test accuracy: 0.0
2025-09-28 20:11:06 [INFO]  Client 2 Finish Local Training--------|
2025-09-28 20:11:06 [INFO]  Client 2 Collecting Local Prototypes--------|
2025-09-28 20:11:06 [INFO]  Client 3 Starts Local Trainning--------|
2025-09-28 20:13:00 [INFO]  Epoch 45 loss: 1494.6467113494873; train accuracy: 0.5054505813953488; test accuracy: 0.0
2025-09-28 20:13:00 [INFO]  Save the model in ./checkpoints/Tiny_alpha0.05/local_models/client_3/epoch_45.pth
2025-09-28 20:14:58 [INFO]  Epoch 46 loss: 1377.525309562683; train accuracy: 0.5750666182170543; test accuracy: 0.0
2025-09-28 20:16:54 [INFO]  Epoch 47 loss: 1207.3844323158264; train accuracy: 0.5376695736434108; test accuracy: 0.0
2025-09-28 20:18:49 [INFO]  Epoch 48 loss: 1100.9601435661316; train accuracy: 0.5524164244186046; test accuracy: 0.0
2025-09-28 20:20:43 [INFO]  Epoch 49 loss: 952.4490900039673; train accuracy: 0.5257388565891473; test accuracy: 0.0
2025-09-28 20:20:43 [INFO]  Client 3 Finish Local Training--------|
2025-09-28 20:20:43 [INFO]  Client 3 Collecting Local Prototypes--------|
2025-09-28 20:20:43 [INFO]  Client 4 Starts Local Trainning--------|
2025-09-28 20:22:28 [INFO]  Epoch 45 loss: 1373.6753969192505; train accuracy: 0.5761387711864406; test accuracy: 0.0254
2025-09-28 20:22:29 [INFO]  Save the model in ./checkpoints/Tiny_alpha0.05/local_models/client_4/epoch_45.pth
2025-09-28 20:24:14 [INFO]  Epoch 46 loss: 1259.7852401733398; train accuracy: 0.5574351165254238; test accuracy: 0.0145
2025-09-28 20:25:57 [INFO]  Epoch 47 loss: 1151.7450952529907; train accuracy: 0.5396914724576272; test accuracy: 0.0087
2025-09-28 20:27:42 [INFO]  Epoch 48 loss: 989.536084651947; train accuracy: 0.604442531779661; test accuracy: 0.0399
2025-09-28 20:29:26 [INFO]  Epoch 49 loss: 933.8061056137085; train accuracy: 0.541843220338983; test accuracy: 0.0155
2025-09-28 20:29:26 [INFO]  Client 4 Finish Local Training--------|
2025-09-28 20:29:26 [INFO]  Client 4 Collecting Local Prototypes--------|
2025-09-28 20:29:26 [INFO]  Round 9 Finish--------|
2025-09-28 20:29:26 [INFO]  Model variance: mean: 0.010160691104829311, sum: 114523.515625
2025-09-28 20:29:26 [INFO]  g_protos_std: 0.9788597822189331
2025-09-28 20:29:26 [INFO]  V7 Training | Using ADVANCED IFFI server aggregation.
2025-09-28 20:29:57 [INFO]  The test accuracy (with prototype) of OneShotOursV7+AdvancedServer: 0.0075
2025-09-28 20:29:57 [INFO]  Save config to ./checkpoints/Tiny_alpha0.05/baselines_OneShotOursV7+AdvancedServer_CIFAR10_results.yaml
