2025-09-28 11:01:34 [INFO]  Load config from ./configs/Tiny_alpha0.3.yaml
2025-09-28 11:01:34 [INFO]  config: {'exp_name': 'Tiny_alpha0.3', 'dataset': {'data_name': 'Tiny-ImageNet', 'root_path': '~/datasets/', 'train_batch_size': 256, 'test_batch_size': 256, 'channels': 3, 'num_classes': 200, 'image_size': 64, 'aux_data_name': 'Tiny-ImageNet', 'aux_root_path': '~/datasets/', 'aux_split': 'test'}, 'distribution': {'type': 'dirichlet', 'label_num_per_client': 2, 'alpha': 0.3}, 'client': {'num_clients': 5}, 'server': {'num_rounds': 10, 'frac_clients': 1.0, 'lr': 0.05, 'local_epochs': 5, 'optimizer': 'sgd', 'momentum': 0.9, 'weight_decay': 0.0001, 'loss_name': 'ce', 'model_name': 'resnet18', 'aggregated_by_datasize': True, 'lr_decay_per_round': 0.998}, 'device': 'cuda:0', 'checkpoint': {'save_path': './checkpoints/', 'save_freq': 5, 'result_file': 'CIFAR10_results.yaml'}, 'pretrain': {'lr': 0.01, 'epoch': 70, 'model_path': './pretrain/', 'momentum': 0.9, 'weight_decay': 0.0001, 'model_name': 'resnet18', 'model_file_name': 'resnet18-f37072fd.pth'}, 'DBCD': {'alpha_l_pa': 1, 'alpha_l_pb': 1, 'alpha_l_pc': 0.0, 'Beta_alpha': 0.2, 'unsup_method': 'infonce', 'contrastive_temperature': 0.5, 'encoder_epoch': 40, 'projector_epoch': 10, 'use_pretrain': False, 'aug_batch_size': 512, 'encoder_lr': 0.03, 'cls_optimizer': 'sgd', 'cls_lr': 0.05, 'supcon_temp': 0.07, 'super_gr': 100, 'aux_with_public': True}, 'etf': {'loss_name': 'ce'}, 'visualization': {'interval': 5, 'save_path': 'visualization/resnet18', 'vis_size': 16}, 'resume': True, 'resume_best': False, 'seed': 1, 'lambda_align_initial': 5.0}
2025-09-28 11:01:35 [INFO]  Dataset Tiny-ImageNet loaded
2025-09-28 11:01:35 [INFO]  Dataset index dict loaded from preprocessed_data/Tiny-ImageNet.pt
2025-09-28 11:01:36 [INFO]  OneshotOurs
2025-09-28 11:01:37 [INFO]  Round 0 starts--------|
2025-09-28 11:01:37 [INFO]  Client 0 Starts Local Trainning--------|
2025-09-28 11:04:04 [INFO]  generating sample per sample
2025-09-28 11:09:49 [INFO]  Epoch 0 loss: 3356.486506462097; train accuracy: 0.038108438940092165; test accuracy: 0.0
2025-09-28 11:09:49 [INFO]  Save the model in ./checkpoints/Tiny_alpha0.3/local_models/client_0/epoch_0.pth
2025-09-28 11:15:48 [INFO]  Epoch 1 loss: 3032.877167701721; train accuracy: 0.05693764400921659; test accuracy: 0.0009
2025-09-28 11:21:38 [INFO]  Epoch 2 loss: 2845.528832435608; train accuracy: 0.11144513248847926; test accuracy: 0.0079
2025-09-28 11:27:25 [INFO]  Epoch 3 loss: 2735.254382133484; train accuracy: 0.10438868087557604; test accuracy: 0.0022
2025-09-28 11:33:17 [INFO]  Epoch 4 loss: 2624.5894165039062; train accuracy: 0.10998703917050691; test accuracy: 0.0024
2025-09-28 11:33:17 [INFO]  Client 0 Finish Local Training--------|
2025-09-28 11:33:17 [INFO]  Client 0 Collecting Local Prototypes--------|
2025-09-28 11:33:17 [INFO]  Client 1 Starts Local Trainning--------|
2025-09-28 11:35:53 [INFO]  generating sample per sample
2025-09-28 11:42:26 [INFO]  Epoch 0 loss: 3671.879219055176; train accuracy: 0.022523271276595744; test accuracy: 0.0
2025-09-28 11:42:26 [INFO]  Save the model in ./checkpoints/Tiny_alpha0.3/local_models/client_1/epoch_0.pth
2025-09-28 11:48:48 [INFO]  Epoch 1 loss: 3275.3969564437866; train accuracy: 0.04237034574468085; test accuracy: 0.0
2025-09-28 11:55:04 [INFO]  Epoch 2 loss: 3066.926300048828; train accuracy: 0.07799202127659574; test accuracy: 0.0
2025-09-28 12:01:23 [INFO]  Epoch 3 loss: 2939.1994676589966; train accuracy: 0.10955784574468085; test accuracy: 0.0
2025-09-28 12:07:54 [INFO]  Epoch 4 loss: 2823.722099304199; train accuracy: 0.16351396276595745; test accuracy: 0.0
2025-09-28 12:07:54 [INFO]  Client 1 Finish Local Training--------|
2025-09-28 12:07:54 [INFO]  Client 1 Collecting Local Prototypes--------|
2025-09-28 12:07:54 [INFO]  Client 2 Starts Local Trainning--------|
2025-09-28 12:10:36 [INFO]  generating sample per sample
2025-09-28 12:17:17 [INFO]  Epoch 0 loss: 3711.342043876648; train accuracy: 0.040342699579831935; test accuracy: 0.0
2025-09-28 12:17:17 [INFO]  Save the model in ./checkpoints/Tiny_alpha0.3/local_models/client_2/epoch_0.pth
2025-09-28 12:23:54 [INFO]  Epoch 1 loss: 3338.4323873519897; train accuracy: 0.044232536764705885; test accuracy: 0.0
2025-09-28 12:30:26 [INFO]  Epoch 2 loss: 3119.923515319824; train accuracy: 0.08337710084033613; test accuracy: 0.0
2025-09-28 12:36:59 [INFO]  Epoch 3 loss: 2957.722743988037; train accuracy: 0.12262014180672269; test accuracy: 0.0
2025-09-28 12:43:39 [INFO]  Epoch 4 loss: 2843.205472946167; train accuracy: 0.17121848739495799; test accuracy: 0.0
2025-09-28 12:43:39 [INFO]  Client 2 Finish Local Training--------|
2025-09-28 12:43:39 [INFO]  Client 2 Collecting Local Prototypes--------|
2025-09-28 12:43:39 [INFO]  Client 3 Starts Local Trainning--------|
2025-09-28 12:46:08 [INFO]  generating sample per sample
2025-09-28 12:52:31 [INFO]  Epoch 0 loss: 3802.4919271469116; train accuracy: 0.022087191358024692; test accuracy: 0.0
2025-09-28 12:52:31 [INFO]  Save the model in ./checkpoints/Tiny_alpha0.3/local_models/client_3/epoch_0.pth
2025-09-28 12:58:52 [INFO]  Epoch 1 loss: 3401.497866630554; train accuracy: 0.03935185185185185; test accuracy: 0.0
2025-09-28 13:05:11 [INFO]  Epoch 2 loss: 3182.190362930298; train accuracy: 0.05602173353909465; test accuracy: 0.0
2025-09-28 13:11:30 [INFO]  Epoch 3 loss: 3047.4121799468994; train accuracy: 0.10654578189300412; test accuracy: 0.0001
2025-09-28 13:17:59 [INFO]  Epoch 4 loss: 2903.410425186157; train accuracy: 0.11755722736625514; test accuracy: 0.0033
2025-09-28 13:17:59 [INFO]  Client 3 Finish Local Training--------|
2025-09-28 13:17:59 [INFO]  Client 3 Collecting Local Prototypes--------|
2025-09-28 13:17:59 [INFO]  Client 4 Starts Local Trainning--------|
2025-09-28 13:20:13 [INFO]  generating sample per sample
2025-09-28 13:25:49 [INFO]  Epoch 0 loss: 3466.0472087860107; train accuracy: 0.04463284753363229; test accuracy: 0.0
2025-09-28 13:25:50 [INFO]  Save the model in ./checkpoints/Tiny_alpha0.3/local_models/client_4/epoch_0.pth
2025-09-28 13:31:17 [INFO]  Epoch 1 loss: 3119.75638961792; train accuracy: 0.04636701233183856; test accuracy: 0.0001
2025-09-28 13:36:49 [INFO]  Epoch 2 loss: 2903.6972455978394; train accuracy: 0.07859795403587444; test accuracy: 0.0025
2025-09-28 13:42:29 [INFO]  Epoch 3 loss: 2791.2273502349854; train accuracy: 0.10727298206278027; test accuracy: 0.0022
2025-09-28 13:48:29 [INFO]  Epoch 4 loss: 2672.9876222610474; train accuracy: 0.13022001121076232; test accuracy: 0.0081
2025-09-28 13:48:29 [INFO]  Client 4 Finish Local Training--------|
2025-09-28 13:48:29 [INFO]  Client 4 Collecting Local Prototypes--------|
2025-09-28 13:48:29 [INFO]  Round 0 Finish--------|
2025-09-28 13:48:29 [INFO]  Model variance: mean: 0.004050677642226219, sum: 45656.12890625
2025-09-28 13:48:29 [INFO]  g_protos_std: 1.0046346187591553
2025-09-28 13:48:29 [INFO]  V7 Training | Using ADVANCED IFFI server aggregation.
2025-09-28 13:48:59 [INFO]  The test accuracy (with prototype) of OneShotOursV7+AdvancedServer: 0.0061
2025-09-28 13:48:59 [INFO]  Save config to ./checkpoints/Tiny_alpha0.3/baselines_OneShotOursV7+AdvancedServer_CIFAR10_results.yaml
2025-09-28 13:48:59 [INFO]  Round 1 starts--------|
2025-09-28 13:48:59 [INFO]  Client 0 Starts Local Trainning--------|
2025-09-28 13:54:31 [INFO]  Epoch 5 loss: 2547.195213317871; train accuracy: 0.12905025921658986; test accuracy: 0.0413
2025-09-28 13:54:31 [INFO]  Save the model in ./checkpoints/Tiny_alpha0.3/local_models/client_0/epoch_5.pth
2025-09-28 13:59:38 [INFO]  Epoch 6 loss: 2447.582582473755; train accuracy: 0.1905241935483871; test accuracy: 0.0058
2025-09-28 14:04:27 [INFO]  Epoch 7 loss: 2393.1075563430786; train accuracy: 0.1910102246543779; test accuracy: 0.0098
2025-09-28 14:09:15 [INFO]  Epoch 8 loss: 2360.87100315094; train accuracy: 0.18236967165898618; test accuracy: 0.0063
2025-09-28 14:14:00 [INFO]  Epoch 9 loss: 2309.2054510116577; train accuracy: 0.2184079781105991; test accuracy: 0.0104
2025-09-28 14:14:00 [INFO]  Client 0 Finish Local Training--------|
2025-09-28 14:14:00 [INFO]  Client 0 Collecting Local Prototypes--------|
2025-09-28 14:14:00 [INFO]  Client 1 Starts Local Trainning--------|
2025-09-28 14:19:11 [INFO]  Epoch 5 loss: 2712.3969535827637; train accuracy: 0.15811170212765957; test accuracy: 0.0
2025-09-28 14:19:11 [INFO]  Save the model in ./checkpoints/Tiny_alpha0.3/local_models/client_1/epoch_5.pth
2025-09-28 14:23:41 [INFO]  Epoch 6 loss: 2647.654450416565; train accuracy: 0.21168550531914893; test accuracy: 0.0
2025-09-28 14:27:39 [INFO]  Epoch 7 loss: 2559.058078765869; train accuracy: 0.20470412234042554; test accuracy: 0.0
2025-09-28 14:30:46 [INFO]  Epoch 8 loss: 2482.245089530945; train accuracy: 0.248969414893617; test accuracy: 0.0
2025-09-28 14:33:50 [INFO]  Epoch 9 loss: 2416.1602573394775; train accuracy: 0.2004155585106383; test accuracy: 0.0
2025-09-28 14:33:50 [INFO]  Client 1 Finish Local Training--------|
2025-09-28 14:33:50 [INFO]  Client 1 Collecting Local Prototypes--------|
2025-09-28 14:33:50 [INFO]  Client 2 Starts Local Trainning--------|
2025-09-28 14:36:54 [INFO]  Epoch 5 loss: 2727.8483753204346; train accuracy: 0.15474002100840337; test accuracy: 0.0
2025-09-28 14:36:54 [INFO]  Save the model in ./checkpoints/Tiny_alpha0.3/local_models/client_2/epoch_5.pth
2025-09-28 14:40:00 [INFO]  Epoch 6 loss: 2622.377172470093; train accuracy: 0.16942949054621848; test accuracy: 0.0
2025-09-28 14:43:01 [INFO]  Epoch 7 loss: 2574.0993127822876; train accuracy: 0.19181657037815125; test accuracy: 0.0
2025-09-28 14:46:04 [INFO]  Epoch 8 loss: 2507.2777242660522; train accuracy: 0.20056460084033614; test accuracy: 0.0
2025-09-28 14:49:08 [INFO]  Epoch 9 loss: 2447.0046014785767; train accuracy: 0.29147518382352944; test accuracy: 0.0002
2025-09-28 14:49:08 [INFO]  Client 2 Finish Local Training--------|
2025-09-28 14:49:08 [INFO]  Client 2 Collecting Local Prototypes--------|
2025-09-28 14:49:08 [INFO]  Client 3 Starts Local Trainning--------|
2025-09-28 14:52:15 [INFO]  Epoch 5 loss: 2789.129907608032; train accuracy: 0.1677758487654321; test accuracy: 0.0007
2025-09-28 14:52:15 [INFO]  Save the model in ./checkpoints/Tiny_alpha0.3/local_models/client_3/epoch_5.pth
2025-09-28 14:55:22 [INFO]  Epoch 6 loss: 2724.5409564971924; train accuracy: 0.2017746913580247; test accuracy: 0.001
2025-09-28 14:58:29 [INFO]  Epoch 7 loss: 2663.403555870056; train accuracy: 0.2081886574074074; test accuracy: 0.0007
2025-09-28 15:01:36 [INFO]  Epoch 8 loss: 2587.7092933654785; train accuracy: 0.23630401234567902; test accuracy: 0.0007
2025-09-28 15:04:44 [INFO]  Epoch 9 loss: 2517.0272932052612; train accuracy: 0.2230420524691358; test accuracy: 0.0011
2025-09-28 15:04:44 [INFO]  Client 3 Finish Local Training--------|
2025-09-28 15:04:44 [INFO]  Client 3 Collecting Local Prototypes--------|
2025-09-28 15:04:44 [INFO]  Client 4 Starts Local Trainning--------|
2025-09-28 15:07:36 [INFO]  Epoch 5 loss: 2589.3847484588623; train accuracy: 0.1780934697309417; test accuracy: 0.0143
2025-09-28 15:07:36 [INFO]  Save the model in ./checkpoints/Tiny_alpha0.3/local_models/client_4/epoch_5.pth
2025-09-28 15:10:28 [INFO]  Epoch 6 loss: 2513.3784008026123; train accuracy: 0.2155619394618834; test accuracy: 0.0083
2025-09-28 15:13:18 [INFO]  Epoch 7 loss: 2446.461471557617; train accuracy: 0.18086112668161436; test accuracy: 0.0094
2025-09-28 15:16:08 [INFO]  Epoch 8 loss: 2390.860538482666; train accuracy: 0.2398752802690583; test accuracy: 0.0081
2025-09-28 15:18:58 [INFO]  Epoch 9 loss: 2319.720748901367; train accuracy: 0.2716683015695067; test accuracy: 0.0065
2025-09-28 15:18:58 [INFO]  Client 4 Finish Local Training--------|
2025-09-28 15:18:58 [INFO]  Client 4 Collecting Local Prototypes--------|
2025-09-28 15:18:58 [INFO]  Round 1 Finish--------|
2025-09-28 15:18:58 [INFO]  Model variance: mean: 0.005968097597360611, sum: 67267.8125
2025-09-28 15:18:58 [INFO]  g_protos_std: 1.0058262348175049
2025-09-28 15:18:58 [INFO]  V7 Training | Using ADVANCED IFFI server aggregation.
2025-09-28 15:19:24 [INFO]  The test accuracy (with prototype) of OneShotOursV7+AdvancedServer: 0.0042
2025-09-28 15:19:24 [INFO]  Save config to ./checkpoints/Tiny_alpha0.3/baselines_OneShotOursV7+AdvancedServer_CIFAR10_results.yaml
2025-09-28 15:19:24 [INFO]  Round 2 starts--------|
2025-09-28 15:19:24 [INFO]  Client 0 Starts Local Trainning--------|
2025-09-28 15:22:12 [INFO]  Epoch 10 loss: 2220.293544769287; train accuracy: 0.27363551267281105; test accuracy: 0.0218
2025-09-28 15:22:12 [INFO]  Save the model in ./checkpoints/Tiny_alpha0.3/local_models/client_0/epoch_10.pth
2025-09-28 15:25:00 [INFO]  Epoch 11 loss: 2207.05890750885; train accuracy: 0.22091013824884792; test accuracy: 0.0953
2025-09-28 15:27:46 [INFO]  Epoch 12 loss: 2155.911898612976; train accuracy: 0.3128420218894009; test accuracy: 0.0184
2025-09-28 15:30:33 [INFO]  Epoch 13 loss: 2123.8421306610107; train accuracy: 0.2671550979262673; test accuracy: 0.0122
2025-09-28 15:33:20 [INFO]  Epoch 14 loss: 2054.903141975403; train accuracy: 0.30092525921658986; test accuracy: 0.0153
2025-09-28 15:33:20 [INFO]  Client 0 Finish Local Training--------|
2025-09-28 15:33:20 [INFO]  Client 0 Collecting Local Prototypes--------|
2025-09-28 15:33:20 [INFO]  Client 1 Starts Local Trainning--------|
2025-09-28 15:36:23 [INFO]  Epoch 10 loss: 2378.509153366089; train accuracy: 0.20929188829787235; test accuracy: 0.0
2025-09-28 15:36:23 [INFO]  Save the model in ./checkpoints/Tiny_alpha0.3/local_models/client_1/epoch_10.pth
2025-09-28 15:39:20 [INFO]  Epoch 11 loss: 2311.513069152832; train accuracy: 0.26314827127659574; test accuracy: 0.0
2025-09-28 15:42:21 [INFO]  Epoch 12 loss: 2283.128577232361; train accuracy: 0.26092087765957445; test accuracy: 0.0
2025-09-28 15:45:23 [INFO]  Epoch 13 loss: 2273.683997154236; train accuracy: 0.34276928191489364; test accuracy: 0.0
2025-09-28 15:48:21 [INFO]  Epoch 14 loss: 2204.490017414093; train accuracy: 0.29970079787234044; test accuracy: 0.0
2025-09-28 15:48:21 [INFO]  Client 1 Finish Local Training--------|
2025-09-28 15:48:21 [INFO]  Client 1 Collecting Local Prototypes--------|
2025-09-28 15:48:21 [INFO]  Client 2 Starts Local Trainning--------|
2025-09-28 15:51:21 [INFO]  Epoch 10 loss: 2396.7091884613037; train accuracy: 0.23728006827731093; test accuracy: 0.0
2025-09-28 15:51:21 [INFO]  Save the model in ./checkpoints/Tiny_alpha0.3/local_models/client_2/epoch_10.pth
2025-09-28 15:54:20 [INFO]  Epoch 11 loss: 2349.3806800842285; train accuracy: 0.25805869222689076; test accuracy: 0.0
2025-09-28 15:57:19 [INFO]  Epoch 12 loss: 2335.8858103752136; train accuracy: 0.30578715861344535; test accuracy: 0.0
2025-09-28 16:00:18 [INFO]  Epoch 13 loss: 2259.0633606910706; train accuracy: 0.28596047794117646; test accuracy: 0.0003
2025-09-28 16:03:19 [INFO]  Epoch 14 loss: 2196.8161010742188; train accuracy: 0.2784269957983193; test accuracy: 0.0002
2025-09-28 16:03:19 [INFO]  Client 2 Finish Local Training--------|
2025-09-28 16:03:19 [INFO]  Client 2 Collecting Local Prototypes--------|
2025-09-28 16:03:19 [INFO]  Client 3 Starts Local Trainning--------|
2025-09-28 16:06:22 [INFO]  Epoch 10 loss: 2421.747567176819; train accuracy: 0.30563593106995884; test accuracy: 0.0002
2025-09-28 16:06:22 [INFO]  Save the model in ./checkpoints/Tiny_alpha0.3/local_models/client_3/epoch_10.pth
2025-09-28 16:09:23 [INFO]  Epoch 11 loss: 2400.9556579589844; train accuracy: 0.3007490997942387; test accuracy: 0.0055
2025-09-28 16:12:28 [INFO]  Epoch 12 loss: 2356.731990814209; train accuracy: 0.2482960390946502; test accuracy: 0.001
2025-09-28 16:15:34 [INFO]  Epoch 13 loss: 2326.231978416443; train accuracy: 0.3182388117283951; test accuracy: 0.0027
2025-09-28 16:18:38 [INFO]  Epoch 14 loss: 2286.115889072418; train accuracy: 0.34929591049382713; test accuracy: 0.0006
2025-09-28 16:18:38 [INFO]  Client 3 Finish Local Training--------|
2025-09-28 16:18:38 [INFO]  Client 3 Collecting Local Prototypes--------|
2025-09-28 16:18:38 [INFO]  Client 4 Starts Local Trainning--------|
2025-09-28 16:21:32 [INFO]  Epoch 10 loss: 2288.5251207351685; train accuracy: 0.24796804932735425; test accuracy: 0.0021
2025-09-28 16:21:32 [INFO]  Save the model in ./checkpoints/Tiny_alpha0.3/local_models/client_4/epoch_10.pth
2025-09-28 16:24:27 [INFO]  Epoch 11 loss: 2214.2154970169067; train accuracy: 0.2281565302690583; test accuracy: 0.0084
2025-09-28 16:27:22 [INFO]  Epoch 12 loss: 2192.62611579895; train accuracy: 0.28561168721973096; test accuracy: 0.0159
2025-09-28 16:30:21 [INFO]  Epoch 13 loss: 2150.5159611701965; train accuracy: 0.3146896020179372; test accuracy: 0.0037
2025-09-28 16:33:29 [INFO]  Epoch 14 loss: 2097.5931434631348; train accuracy: 0.3253223094170404; test accuracy: 0.0132
2025-09-28 16:33:29 [INFO]  Client 4 Finish Local Training--------|
2025-09-28 16:33:29 [INFO]  Client 4 Collecting Local Prototypes--------|
2025-09-28 16:33:29 [INFO]  Round 2 Finish--------|
2025-09-28 16:33:29 [INFO]  Model variance: mean: 0.007481339853256941, sum: 84323.921875
2025-09-28 16:33:29 [INFO]  g_protos_std: 1.0069082975387573
2025-09-28 16:33:29 [INFO]  V7 Training | Using ADVANCED IFFI server aggregation.
2025-09-28 16:33:55 [INFO]  The test accuracy (with prototype) of OneShotOursV7+AdvancedServer: 0.0055
2025-09-28 16:33:55 [INFO]  Save config to ./checkpoints/Tiny_alpha0.3/baselines_OneShotOursV7+AdvancedServer_CIFAR10_results.yaml
2025-09-28 16:33:55 [INFO]  Round 3 starts--------|
2025-09-28 16:33:55 [INFO]  Client 0 Starts Local Trainning--------|
2025-09-28 16:36:57 [INFO]  Epoch 15 loss: 2029.724383354187; train accuracy: 0.3232286866359447; test accuracy: 0.0058
2025-09-28 16:36:57 [INFO]  Save the model in ./checkpoints/Tiny_alpha0.3/local_models/client_0/epoch_15.pth
2025-09-28 16:40:07 [INFO]  Epoch 16 loss: 2006.4679808616638; train accuracy: 0.28013392857142855; test accuracy: 0.0072
2025-09-28 16:43:05 [INFO]  Epoch 17 loss: 1966.592809677124; train accuracy: 0.3323732718894009; test accuracy: 0.0115
2025-09-28 16:46:10 [INFO]  Epoch 18 loss: 1938.5564374923706; train accuracy: 0.3069016417050691; test accuracy: 0.0435
2025-09-28 16:49:09 [INFO]  Epoch 19 loss: 1916.5717449188232; train accuracy: 0.4034958237327189; test accuracy: 0.0065
2025-09-28 16:49:09 [INFO]  Client 0 Finish Local Training--------|
2025-09-28 16:49:09 [INFO]  Client 0 Collecting Local Prototypes--------|
2025-09-28 16:49:09 [INFO]  Client 1 Starts Local Trainning--------|
2025-09-28 16:52:28 [INFO]  Epoch 15 loss: 2143.248836040497; train accuracy: 0.32135970744680853; test accuracy: 0.0
2025-09-28 16:52:28 [INFO]  Save the model in ./checkpoints/Tiny_alpha0.3/local_models/client_1/epoch_15.pth
2025-09-28 16:55:52 [INFO]  Epoch 16 loss: 2116.520187854767; train accuracy: 0.38660239361702126; test accuracy: 0.0
2025-09-28 16:59:46 [INFO]  Epoch 17 loss: 2082.673243999481; train accuracy: 0.3403922872340426; test accuracy: 0.0
2025-09-28 17:05:32 [INFO]  Epoch 18 loss: 2054.375648021698; train accuracy: 0.4060837765957447; test accuracy: 0.0
2025-09-28 17:10:59 [INFO]  Epoch 19 loss: 2029.7996277809143; train accuracy: 0.38615359042553193; test accuracy: 0.0
2025-09-28 17:10:59 [INFO]  Client 1 Finish Local Training--------|
2025-09-28 17:10:59 [INFO]  Client 1 Collecting Local Prototypes--------|
2025-09-28 17:10:59 [INFO]  Client 2 Starts Local Trainning--------|
2025-09-28 17:16:04 [INFO]  Epoch 15 loss: 2173.0396313667297; train accuracy: 0.3239889705882353; test accuracy: 0.0002
2025-09-28 17:16:04 [INFO]  Save the model in ./checkpoints/Tiny_alpha0.3/local_models/client_2/epoch_15.pth
2025-09-28 17:21:40 [INFO]  Epoch 16 loss: 2124.120182991028; train accuracy: 0.3269925157563025; test accuracy: 0.0001
2025-09-28 17:27:24 [INFO]  Epoch 17 loss: 2108.9077491760254; train accuracy: 0.34402901785714285; test accuracy: 0.0015
2025-09-28 17:33:04 [INFO]  Epoch 18 loss: 2090.065119743347; train accuracy: 0.4054293592436975; test accuracy: 0.0
2025-09-28 17:38:44 [INFO]  Epoch 19 loss: 2042.488507270813; train accuracy: 0.36049107142857145; test accuracy: 0.0003
2025-09-28 17:38:45 [INFO]  Client 2 Finish Local Training--------|
2025-09-28 17:38:45 [INFO]  Client 2 Collecting Local Prototypes--------|
2025-09-28 17:38:45 [INFO]  Client 3 Starts Local Trainning--------|
2025-09-28 17:44:22 [INFO]  Epoch 15 loss: 2223.781596660614; train accuracy: 0.27724729938271603; test accuracy: 0.0017
2025-09-28 17:44:22 [INFO]  Save the model in ./checkpoints/Tiny_alpha0.3/local_models/client_3/epoch_15.pth
2025-09-28 17:49:57 [INFO]  Epoch 16 loss: 2193.1168808937073; train accuracy: 0.3537326388888889; test accuracy: 0.0117
2025-09-28 17:55:35 [INFO]  Epoch 17 loss: 2157.360631942749; train accuracy: 0.32544045781893005; test accuracy: 0.0011
2025-09-28 18:00:57 [INFO]  Epoch 18 loss: 2154.5999970436096; train accuracy: 0.35177147633744854; test accuracy: 0.0034
2025-09-28 18:05:45 [INFO]  Epoch 19 loss: 2098.8856949806213; train accuracy: 0.37014531893004116; test accuracy: 0.0019
2025-09-28 18:05:45 [INFO]  Client 3 Finish Local Training--------|
2025-09-28 18:05:45 [INFO]  Client 3 Collecting Local Prototypes--------|
2025-09-28 18:05:45 [INFO]  Client 4 Starts Local Trainning--------|
2025-09-28 18:10:15 [INFO]  Epoch 15 loss: 2070.9239778518677; train accuracy: 0.3111336883408072; test accuracy: 0.003
2025-09-28 18:10:15 [INFO]  Save the model in ./checkpoints/Tiny_alpha0.3/local_models/client_4/epoch_15.pth
2025-09-28 18:14:43 [INFO]  Epoch 16 loss: 2053.179828643799; train accuracy: 0.3248668721973094; test accuracy: 0.0094
2025-09-28 18:19:14 [INFO]  Epoch 17 loss: 2027.5876479148865; train accuracy: 0.38228699551569506; test accuracy: 0.0073
2025-09-28 18:23:40 [INFO]  Epoch 18 loss: 1977.5750479698181; train accuracy: 0.32134599215246634; test accuracy: 0.0154
2025-09-28 18:27:16 [INFO]  Epoch 19 loss: 1954.4775395393372; train accuracy: 0.4072484585201794; test accuracy: 0.0224
2025-09-28 18:27:16 [INFO]  Client 4 Finish Local Training--------|
2025-09-28 18:27:16 [INFO]  Client 4 Collecting Local Prototypes--------|
2025-09-28 18:27:16 [INFO]  Round 3 Finish--------|
2025-09-28 18:27:16 [INFO]  Model variance: mean: 0.00878217350691557, sum: 98985.921875
2025-09-28 18:27:16 [INFO]  g_protos_std: 1.0079267024993896
2025-09-28 18:27:16 [INFO]  V7 Training | Using ADVANCED IFFI server aggregation.
2025-09-28 18:27:46 [INFO]  The test accuracy (with prototype) of OneShotOursV7+AdvancedServer: 0.0063
2025-09-28 18:27:46 [INFO]  Save config to ./checkpoints/Tiny_alpha0.3/baselines_OneShotOursV7+AdvancedServer_CIFAR10_results.yaml
2025-09-28 18:27:46 [INFO]  Round 4 starts--------|
2025-09-28 18:27:46 [INFO]  Client 0 Starts Local Trainning--------|
2025-09-28 18:31:09 [INFO]  Epoch 20 loss: 1871.911231994629; train accuracy: 0.3630652361751152; test accuracy: 0.0051
2025-09-28 18:31:09 [INFO]  Save the model in ./checkpoints/Tiny_alpha0.3/local_models/client_0/epoch_20.pth
2025-09-28 18:34:35 [INFO]  Epoch 21 loss: 1842.204601764679; train accuracy: 0.42711333525345624; test accuracy: 0.01
2025-09-28 18:37:57 [INFO]  Epoch 22 loss: 1823.4686770439148; train accuracy: 0.35896097350230416; test accuracy: 0.0082
2025-09-28 18:41:20 [INFO]  Epoch 23 loss: 1810.9913520812988; train accuracy: 0.41850878456221197; test accuracy: 0.0106
2025-09-28 18:44:41 [INFO]  Epoch 24 loss: 1771.0931854248047; train accuracy: 0.3942432315668203; test accuracy: 0.0067
2025-09-28 18:44:41 [INFO]  Client 0 Finish Local Training--------|
2025-09-28 18:44:41 [INFO]  Client 0 Collecting Local Prototypes--------|
2025-09-28 18:44:41 [INFO]  Client 1 Starts Local Trainning--------|
2025-09-28 18:48:10 [INFO]  Epoch 20 loss: 2014.6955099105835; train accuracy: 0.36185172872340426; test accuracy: 0.0
2025-09-28 18:48:10 [INFO]  Save the model in ./checkpoints/Tiny_alpha0.3/local_models/client_1/epoch_20.pth
2025-09-28 18:51:37 [INFO]  Epoch 21 loss: 1962.6657991409302; train accuracy: 0.37947140957446807; test accuracy: 0.0
2025-09-28 18:55:14 [INFO]  Epoch 22 loss: 1966.4274454116821; train accuracy: 0.40058178191489363; test accuracy: 0.0
2025-09-28 18:58:47 [INFO]  Epoch 23 loss: 1913.5662999153137; train accuracy: 0.3941821808510638; test accuracy: 0.0
2025-09-28 19:02:21 [INFO]  Epoch 24 loss: 1883.9347324371338; train accuracy: 0.4266622340425532; test accuracy: 0.0
2025-09-28 19:02:21 [INFO]  Client 1 Finish Local Training--------|
2025-09-28 19:02:21 [INFO]  Client 1 Collecting Local Prototypes--------|
2025-09-28 19:02:21 [INFO]  Client 2 Starts Local Trainning--------|
2025-09-28 19:06:09 [INFO]  Epoch 20 loss: 2017.174021244049; train accuracy: 0.3325892857142857; test accuracy: 0.0001
2025-09-28 19:06:09 [INFO]  Save the model in ./checkpoints/Tiny_alpha0.3/local_models/client_2/epoch_20.pth
2025-09-28 19:10:02 [INFO]  Epoch 21 loss: 2020.1457724571228; train accuracy: 0.30060070903361347; test accuracy: 0.0002
2025-09-28 19:14:00 [INFO]  Epoch 22 loss: 1946.7207431793213; train accuracy: 0.34178046218487396; test accuracy: 0.001
2025-09-28 19:18:00 [INFO]  Epoch 23 loss: 1940.5330247879028; train accuracy: 0.4169347426470588; test accuracy: 0.0021
2025-09-28 19:21:58 [INFO]  Epoch 24 loss: 1923.5159811973572; train accuracy: 0.3739988182773109; test accuracy: 0.0002
2025-09-28 19:21:58 [INFO]  Client 2 Finish Local Training--------|
2025-09-28 19:21:58 [INFO]  Client 2 Collecting Local Prototypes--------|
2025-09-28 19:21:58 [INFO]  Client 3 Starts Local Trainning--------|
2025-09-28 19:25:46 [INFO]  Epoch 20 loss: 2057.4295558929443; train accuracy: 0.4165059156378601; test accuracy: 0.0031
2025-09-28 19:25:46 [INFO]  Save the model in ./checkpoints/Tiny_alpha0.3/local_models/client_3/epoch_20.pth
2025-09-28 19:29:27 [INFO]  Epoch 21 loss: 2058.079845905304; train accuracy: 0.40927211934156377; test accuracy: 0.0036
2025-09-28 19:33:11 [INFO]  Epoch 22 loss: 2011.7973194122314; train accuracy: 0.40670010288065844; test accuracy: 0.013
2025-09-28 19:36:57 [INFO]  Epoch 23 loss: 1984.4572253227234; train accuracy: 0.39597800925925924; test accuracy: 0.0045
2025-09-28 19:40:36 [INFO]  Epoch 24 loss: 1960.7075381278992; train accuracy: 0.42873906893004116; test accuracy: 0.0125
2025-09-28 19:40:36 [INFO]  Client 3 Finish Local Training--------|
2025-09-28 19:40:36 [INFO]  Client 3 Collecting Local Prototypes--------|
2025-09-28 19:40:36 [INFO]  Client 4 Starts Local Trainning--------|
2025-09-28 19:44:08 [INFO]  Epoch 20 loss: 1922.4522156715393; train accuracy: 0.42168231502242154; test accuracy: 0.01
2025-09-28 19:44:08 [INFO]  Save the model in ./checkpoints/Tiny_alpha0.3/local_models/client_4/epoch_20.pth
2025-09-28 19:47:54 [INFO]  Epoch 21 loss: 1898.9503288269043; train accuracy: 0.36051359304932734; test accuracy: 0.0141
2025-09-28 19:51:32 [INFO]  Epoch 22 loss: 1866.2148613929749; train accuracy: 0.35278867713004486; test accuracy: 0.0067
2025-09-28 19:55:09 [INFO]  Epoch 23 loss: 1842.8509755134583; train accuracy: 0.39654568385650224; test accuracy: 0.0202
2025-09-28 19:58:31 [INFO]  Epoch 24 loss: 1824.4163308143616; train accuracy: 0.4556474215246637; test accuracy: 0.0064
2025-09-28 19:58:31 [INFO]  Client 4 Finish Local Training--------|
2025-09-28 19:58:31 [INFO]  Client 4 Collecting Local Prototypes--------|
2025-09-28 19:58:31 [INFO]  Round 4 Finish--------|
2025-09-28 19:58:31 [INFO]  Model variance: mean: 0.009947122074663639, sum: 112116.328125
2025-09-28 19:58:31 [INFO]  g_protos_std: 1.0089017152786255
2025-09-28 19:58:31 [INFO]  V7 Training | Using ADVANCED IFFI server aggregation.
2025-09-28 19:59:01 [INFO]  The test accuracy (with prototype) of OneShotOursV7+AdvancedServer: 0.0057
2025-09-28 19:59:01 [INFO]  Save config to ./checkpoints/Tiny_alpha0.3/baselines_OneShotOursV7+AdvancedServer_CIFAR10_results.yaml
2025-09-28 19:59:01 [INFO]  Round 5 starts--------|
2025-09-28 19:59:01 [INFO]  Client 0 Starts Local Trainning--------|
2025-09-28 20:02:14 [INFO]  Epoch 25 loss: 1793.9531874656677; train accuracy: 0.3932891705069124; test accuracy: 0.008
2025-09-28 20:02:14 [INFO]  Save the model in ./checkpoints/Tiny_alpha0.3/local_models/client_0/epoch_25.pth
2025-09-28 20:05:27 [INFO]  Epoch 26 loss: 1754.1585173606873; train accuracy: 0.4250072004608295; test accuracy: 0.0075
2025-09-28 20:08:38 [INFO]  Epoch 27 loss: 1730.9108328819275; train accuracy: 0.4315416186635945; test accuracy: 0.0196
2025-09-28 20:11:49 [INFO]  Epoch 28 loss: 1721.3887600898743; train accuracy: 0.396079349078341; test accuracy: 0.025
2025-09-28 20:15:00 [INFO]  Epoch 29 loss: 1659.7093815803528; train accuracy: 0.3576648905529954; test accuracy: 0.0052
2025-09-28 20:15:00 [INFO]  Client 0 Finish Local Training--------|
2025-09-28 20:15:00 [INFO]  Client 0 Collecting Local Prototypes--------|
2025-09-28 20:15:00 [INFO]  Client 1 Starts Local Trainning--------|
2025-09-28 20:18:25 [INFO]  Epoch 25 loss: 1866.144603729248; train accuracy: 0.40772938829787236; test accuracy: 0.0
2025-09-28 20:18:25 [INFO]  Save the model in ./checkpoints/Tiny_alpha0.3/local_models/client_1/epoch_25.pth
2025-09-28 20:21:46 [INFO]  Epoch 26 loss: 1860.3410472869873; train accuracy: 0.4309175531914894; test accuracy: 0.0
2025-09-28 20:25:05 [INFO]  Epoch 27 loss: 1831.6327214241028; train accuracy: 0.47164228723404256; test accuracy: 0.0
2025-09-28 20:28:24 [INFO]  Epoch 28 loss: 1790.46675157547; train accuracy: 0.41033909574468086; test accuracy: 0.0
2025-09-28 20:31:42 [INFO]  Epoch 29 loss: 1766.7487578392029; train accuracy: 0.439345079787234; test accuracy: 0.0
2025-09-28 20:31:42 [INFO]  Client 1 Finish Local Training--------|
2025-09-28 20:31:42 [INFO]  Client 1 Collecting Local Prototypes--------|
2025-09-28 20:31:42 [INFO]  Client 2 Starts Local Trainning--------|
2025-09-28 20:35:02 [INFO]  Epoch 25 loss: 1889.906047821045; train accuracy: 0.5093060661764706; test accuracy: 0.0009
2025-09-28 20:35:02 [INFO]  Save the model in ./checkpoints/Tiny_alpha0.3/local_models/client_2/epoch_25.pth
2025-09-28 20:38:22 [INFO]  Epoch 26 loss: 1858.7954745292664; train accuracy: 0.4732635241596639; test accuracy: 0.0017
2025-09-28 20:41:43 [INFO]  Epoch 27 loss: 1862.7072095870972; train accuracy: 0.39536830357142855; test accuracy: 0.0008
2025-09-28 20:45:12 [INFO]  Epoch 28 loss: 1814.17547082901; train accuracy: 0.38918067226890757; test accuracy: 0.001
2025-09-28 20:48:44 [INFO]  Epoch 29 loss: 1811.699954032898; train accuracy: 0.4176733193277311; test accuracy: 0.0018
2025-09-28 20:48:44 [INFO]  Client 2 Finish Local Training--------|
2025-09-28 20:48:44 [INFO]  Client 2 Collecting Local Prototypes--------|
2025-09-28 20:48:44 [INFO]  Client 3 Starts Local Trainning--------|
2025-09-28 20:52:19 [INFO]  Epoch 25 loss: 1927.7423691749573; train accuracy: 0.4003022119341564; test accuracy: 0.0105
2025-09-28 20:52:19 [INFO]  Save the model in ./checkpoints/Tiny_alpha0.3/local_models/client_3/epoch_25.pth
2025-09-28 20:56:00 [INFO]  Epoch 26 loss: 1905.496527671814; train accuracy: 0.44756301440329216; test accuracy: 0.0028
2025-09-28 20:59:40 [INFO]  Epoch 27 loss: 1922.3116106987; train accuracy: 0.4207979681069959; test accuracy: 0.0061
2025-09-28 21:03:21 [INFO]  Epoch 28 loss: 1853.669949054718; train accuracy: 0.43354552469135804; test accuracy: 0.0033
2025-09-28 21:07:02 [INFO]  Epoch 29 loss: 1820.4905495643616; train accuracy: 0.42489711934156377; test accuracy: 0.0075
2025-09-28 21:07:02 [INFO]  Client 3 Finish Local Training--------|
2025-09-28 21:07:02 [INFO]  Client 3 Collecting Local Prototypes--------|
2025-09-28 21:07:02 [INFO]  Client 4 Starts Local Trainning--------|
2025-09-28 21:10:31 [INFO]  Epoch 25 loss: 1805.7919368743896; train accuracy: 0.42245305493273544; test accuracy: 0.0101
2025-09-28 21:10:31 [INFO]  Save the model in ./checkpoints/Tiny_alpha0.3/local_models/client_4/epoch_25.pth
2025-09-28 21:13:58 [INFO]  Epoch 26 loss: 1793.733238697052; train accuracy: 0.47665008408071746; test accuracy: 0.0039
2025-09-28 21:17:24 [INFO]  Epoch 27 loss: 1750.6206951141357; train accuracy: 0.42136701233183854; test accuracy: 0.0049
2025-09-28 21:20:52 [INFO]  Epoch 28 loss: 1766.9754767417908; train accuracy: 0.4546664798206278; test accuracy: 0.0072
2025-09-28 21:24:17 [INFO]  Epoch 29 loss: 1678.8567109107971; train accuracy: 0.41469310538116594; test accuracy: 0.0138
2025-09-28 21:24:17 [INFO]  Client 4 Finish Local Training--------|
2025-09-28 21:24:17 [INFO]  Client 4 Collecting Local Prototypes--------|
2025-09-28 21:24:17 [INFO]  Round 5 Finish--------|
2025-09-28 21:24:17 [INFO]  Model variance: mean: 0.011009074747562408, sum: 124085.84375
2025-09-28 21:24:17 [INFO]  g_protos_std: 1.0098432302474976
2025-09-28 21:24:17 [INFO]  V7 Training | Using ADVANCED IFFI server aggregation.
2025-09-28 21:24:48 [INFO]  The test accuracy (with prototype) of OneShotOursV7+AdvancedServer: 0.0053
2025-09-28 21:24:48 [INFO]  Save config to ./checkpoints/Tiny_alpha0.3/baselines_OneShotOursV7+AdvancedServer_CIFAR10_results.yaml
2025-09-28 21:24:48 [INFO]  Round 6 starts--------|
2025-09-28 21:24:48 [INFO]  Client 0 Starts Local Trainning--------|
2025-09-28 21:28:08 [INFO]  Epoch 30 loss: 1665.001148223877; train accuracy: 0.4069340437788018; test accuracy: 0.0097
2025-09-28 21:28:08 [INFO]  Save the model in ./checkpoints/Tiny_alpha0.3/local_models/client_0/epoch_30.pth
2025-09-28 21:31:31 [INFO]  Epoch 31 loss: 1638.6296706199646; train accuracy: 0.4681919642857143; test accuracy: 0.0086
2025-09-28 21:34:51 [INFO]  Epoch 32 loss: 1611.241464138031; train accuracy: 0.4340437788018433; test accuracy: 0.0059
2025-09-28 21:38:10 [INFO]  Epoch 33 loss: 1631.6957631111145; train accuracy: 0.40644801267281105; test accuracy: 0.0265
2025-09-28 21:41:32 [INFO]  Epoch 34 loss: 1601.175952911377; train accuracy: 0.42795938940092165; test accuracy: 0.0147
2025-09-28 21:41:32 [INFO]  Client 0 Finish Local Training--------|
2025-09-28 21:41:32 [INFO]  Client 0 Collecting Local Prototypes--------|
2025-09-28 21:41:32 [INFO]  Client 1 Starts Local Trainning--------|
2025-09-28 21:45:06 [INFO]  Epoch 30 loss: 1747.6373882293701; train accuracy: 0.4285904255319149; test accuracy: 0.0
2025-09-28 21:45:06 [INFO]  Save the model in ./checkpoints/Tiny_alpha0.3/local_models/client_1/epoch_30.pth
2025-09-28 21:48:41 [INFO]  Epoch 31 loss: 1760.659815788269; train accuracy: 0.458843085106383; test accuracy: 0.0
2025-09-28 21:52:21 [INFO]  Epoch 32 loss: 1734.8916635513306; train accuracy: 0.5110704787234043; test accuracy: 0.0
2025-09-28 21:56:05 [INFO]  Epoch 33 loss: 1717.411365032196; train accuracy: 0.5116522606382978; test accuracy: 0.0
2025-09-28 21:59:49 [INFO]  Epoch 34 loss: 1687.0404286384583; train accuracy: 0.5284242021276596; test accuracy: 0.0
2025-09-28 21:59:49 [INFO]  Client 1 Finish Local Training--------|
2025-09-28 21:59:49 [INFO]  Client 1 Collecting Local Prototypes--------|
2025-09-28 21:59:49 [INFO]  Client 2 Starts Local Trainning--------|
2025-09-28 22:03:37 [INFO]  Epoch 30 loss: 1754.0221009254456; train accuracy: 0.45314141281512604; test accuracy: 0.0017
2025-09-28 22:03:37 [INFO]  Save the model in ./checkpoints/Tiny_alpha0.3/local_models/client_2/epoch_30.pth
2025-09-28 22:07:23 [INFO]  Epoch 31 loss: 1773.4167284965515; train accuracy: 0.4200531775210084; test accuracy: 0.0012
2025-09-28 22:11:15 [INFO]  Epoch 32 loss: 1768.3000936508179; train accuracy: 0.48916754201680673; test accuracy: 0.0012
2025-09-28 22:14:59 [INFO]  Epoch 33 loss: 1725.1379036903381; train accuracy: 0.5113576680672269; test accuracy: 0.002
2025-09-28 22:18:40 [INFO]  Epoch 34 loss: 1687.741852760315; train accuracy: 0.47562696953781514; test accuracy: 0.0014
2025-09-28 22:18:40 [INFO]  Client 2 Finish Local Training--------|
2025-09-28 22:18:40 [INFO]  Client 2 Collecting Local Prototypes--------|
2025-09-28 22:18:40 [INFO]  Client 3 Starts Local Trainning--------|
2025-09-28 22:22:27 [INFO]  Epoch 30 loss: 1842.3655438423157; train accuracy: 0.4540252057613169; test accuracy: 0.0036
2025-09-28 22:22:27 [INFO]  Save the model in ./checkpoints/Tiny_alpha0.3/local_models/client_3/epoch_30.pth
2025-09-28 22:26:11 [INFO]  Epoch 31 loss: 1821.6605792045593; train accuracy: 0.46873392489711935; test accuracy: 0.0101
2025-09-28 22:29:56 [INFO]  Epoch 32 loss: 1799.5793752670288; train accuracy: 0.44362461419753085; test accuracy: 0.0024
2025-09-28 22:33:38 [INFO]  Epoch 33 loss: 1754.106008052826; train accuracy: 0.46383101851851855; test accuracy: 0.0043
2025-09-28 22:37:26 [INFO]  Epoch 34 loss: 1764.0729632377625; train accuracy: 0.47347608024691357; test accuracy: 0.0071
2025-09-28 22:37:26 [INFO]  Client 3 Finish Local Training--------|
2025-09-28 22:37:26 [INFO]  Client 3 Collecting Local Prototypes--------|
2025-09-28 22:37:26 [INFO]  Client 4 Starts Local Trainning--------|
2025-09-28 22:40:52 [INFO]  Epoch 30 loss: 1704.2646474838257; train accuracy: 0.46848724775784756; test accuracy: 0.0043
2025-09-28 22:40:52 [INFO]  Save the model in ./checkpoints/Tiny_alpha0.3/local_models/client_4/epoch_30.pth
2025-09-28 22:44:19 [INFO]  Epoch 31 loss: 1721.121778011322; train accuracy: 0.4540533912556054; test accuracy: 0.0175
2025-09-28 22:47:51 [INFO]  Epoch 32 loss: 1668.3126435279846; train accuracy: 0.5061484024663677; test accuracy: 0.018
2025-09-28 22:51:25 [INFO]  Epoch 33 loss: 1639.0577120780945; train accuracy: 0.5002802690582959; test accuracy: 0.0072
2025-09-28 22:54:53 [INFO]  Epoch 34 loss: 1647.0210609436035; train accuracy: 0.48153727578475336; test accuracy: 0.0265
2025-09-28 22:54:53 [INFO]  Client 4 Finish Local Training--------|
2025-09-28 22:54:53 [INFO]  Client 4 Collecting Local Prototypes--------|
2025-09-28 22:54:53 [INFO]  Round 6 Finish--------|
2025-09-28 22:54:53 [INFO]  Model variance: mean: 0.01198386587202549, sum: 135072.9375
2025-09-28 22:54:53 [INFO]  g_protos_std: 1.0107492208480835
2025-09-28 22:54:53 [INFO]  V7 Training | Using ADVANCED IFFI server aggregation.
2025-09-28 22:55:23 [INFO]  The test accuracy (with prototype) of OneShotOursV7+AdvancedServer: 0.0063
2025-09-28 22:55:23 [INFO]  Save config to ./checkpoints/Tiny_alpha0.3/baselines_OneShotOursV7+AdvancedServer_CIFAR10_results.yaml
2025-09-28 22:55:23 [INFO]  Round 7 starts--------|
2025-09-28 22:55:23 [INFO]  Client 0 Starts Local Trainning--------|
2025-09-28 22:58:46 [INFO]  Epoch 35 loss: 1562.6344838142395; train accuracy: 0.434673819124424; test accuracy: 0.0173
2025-09-28 22:58:47 [INFO]  Save the model in ./checkpoints/Tiny_alpha0.3/local_models/client_0/epoch_35.pth
2025-09-28 23:02:12 [INFO]  Epoch 36 loss: 1565.5594654083252; train accuracy: 0.5422667050691244; test accuracy: 0.0091
2025-09-28 23:05:36 [INFO]  Epoch 37 loss: 1564.745740890503; train accuracy: 0.43962413594470046; test accuracy: 0.0126
2025-09-28 23:08:59 [INFO]  Epoch 38 loss: 1506.476254940033; train accuracy: 0.4581653225806452; test accuracy: 0.0066
2025-09-28 23:12:27 [INFO]  Epoch 39 loss: 1528.7478461265564; train accuracy: 0.4884972638248848; test accuracy: 0.0282
2025-09-28 23:12:27 [INFO]  Client 0 Finish Local Training--------|
2025-09-28 23:12:27 [INFO]  Client 0 Collecting Local Prototypes--------|
2025-09-28 23:12:27 [INFO]  Client 1 Starts Local Trainning--------|
2025-09-28 23:16:08 [INFO]  Epoch 35 loss: 1636.6938009262085; train accuracy: 0.45851063829787236; test accuracy: 0.0
2025-09-28 23:16:08 [INFO]  Save the model in ./checkpoints/Tiny_alpha0.3/local_models/client_1/epoch_35.pth
2025-09-28 23:19:47 [INFO]  Epoch 36 loss: 1642.282633304596; train accuracy: 0.5552526595744681; test accuracy: 0.0
2025-09-28 23:23:24 [INFO]  Epoch 37 loss: 1641.65070104599; train accuracy: 0.5058178191489362; test accuracy: 0.0
2025-09-28 23:27:03 [INFO]  Epoch 38 loss: 1592.7918953895569; train accuracy: 0.5394115691489362; test accuracy: 0.0
2025-09-28 23:30:44 [INFO]  Epoch 39 loss: 1592.1843061447144; train accuracy: 0.5056017287234043; test accuracy: 0.0
2025-09-28 23:30:44 [INFO]  Client 1 Finish Local Training--------|
2025-09-28 23:30:44 [INFO]  Client 1 Collecting Local Prototypes--------|
2025-09-28 23:30:44 [INFO]  Client 2 Starts Local Trainning--------|
2025-09-28 23:34:28 [INFO]  Epoch 35 loss: 1666.8583354949951; train accuracy: 0.4707851890756303; test accuracy: 0.001
2025-09-28 23:34:28 [INFO]  Save the model in ./checkpoints/Tiny_alpha0.3/local_models/client_2/epoch_35.pth
2025-09-28 23:38:16 [INFO]  Epoch 36 loss: 1627.552020072937; train accuracy: 0.5895483193277311; test accuracy: 0.0026
2025-09-28 23:42:07 [INFO]  Epoch 37 loss: 1658.655830860138; train accuracy: 0.5195476628151261; test accuracy: 0.001
2025-09-28 23:45:54 [INFO]  Epoch 38 loss: 1635.864778995514; train accuracy: 0.49955685399159666; test accuracy: 0.0025
2025-09-28 23:49:38 [INFO]  Epoch 39 loss: 1621.875599861145; train accuracy: 0.5160517331932774; test accuracy: 0.0018
2025-09-28 23:49:38 [INFO]  Client 2 Finish Local Training--------|
2025-09-28 23:49:38 [INFO]  Client 2 Collecting Local Prototypes--------|
2025-09-28 23:49:38 [INFO]  Client 3 Starts Local Trainning--------|
2025-09-28 23:53:16 [INFO]  Epoch 35 loss: 1734.1755013465881; train accuracy: 0.4743280606995885; test accuracy: 0.0052
2025-09-28 23:53:16 [INFO]  Save the model in ./checkpoints/Tiny_alpha0.3/local_models/client_3/epoch_35.pth
2025-09-28 23:56:56 [INFO]  Epoch 36 loss: 1728.389922618866; train accuracy: 0.46702996399176955; test accuracy: 0.0048
2025-09-29 00:00:31 [INFO]  Epoch 37 loss: 1696.5575785636902; train accuracy: 0.5119598765432098; test accuracy: 0.0032
2025-09-29 00:04:07 [INFO]  Epoch 38 loss: 1642.9322214126587; train accuracy: 0.46772119341563784; test accuracy: 0.0071
2025-09-29 00:07:42 [INFO]  Epoch 39 loss: 1649.2797770500183; train accuracy: 0.5172646604938271; test accuracy: 0.0085
2025-09-29 00:07:42 [INFO]  Client 3 Finish Local Training--------|
2025-09-29 00:07:42 [INFO]  Client 3 Collecting Local Prototypes--------|
2025-09-29 00:07:42 [INFO]  Client 4 Starts Local Trainning--------|
2025-09-29 00:11:00 [INFO]  Epoch 35 loss: 1606.2031354904175; train accuracy: 0.5443000280269058; test accuracy: 0.02
2025-09-29 00:11:00 [INFO]  Save the model in ./checkpoints/Tiny_alpha0.3/local_models/client_4/epoch_35.pth
2025-09-29 00:14:15 [INFO]  Epoch 36 loss: 1593.5330410003662; train accuracy: 0.492012331838565; test accuracy: 0.0145
2025-09-29 00:17:29 [INFO]  Epoch 37 loss: 1575.226906299591; train accuracy: 0.5732903587443946; test accuracy: 0.0063
2025-09-29 00:20:43 [INFO]  Epoch 38 loss: 1558.8031315803528; train accuracy: 0.5094941143497758; test accuracy: 0.0068
2025-09-29 00:23:56 [INFO]  Epoch 39 loss: 1545.485019683838; train accuracy: 0.4869149383408072; test accuracy: 0.0125
2025-09-29 00:23:56 [INFO]  Client 4 Finish Local Training--------|
2025-09-29 00:23:56 [INFO]  Client 4 Collecting Local Prototypes--------|
2025-09-29 00:23:56 [INFO]  Round 7 Finish--------|
2025-09-29 00:23:56 [INFO]  Model variance: mean: 0.012894857674837112, sum: 145340.9375
2025-09-29 00:23:56 [INFO]  g_protos_std: 1.0116430521011353
2025-09-29 00:23:56 [INFO]  V7 Training | Using ADVANCED IFFI server aggregation.
2025-09-29 00:24:24 [INFO]  The test accuracy (with prototype) of OneShotOursV7+AdvancedServer: 0.006
2025-09-29 00:24:24 [INFO]  Save config to ./checkpoints/Tiny_alpha0.3/baselines_OneShotOursV7+AdvancedServer_CIFAR10_results.yaml
2025-09-29 00:24:24 [INFO]  Round 8 starts--------|
2025-09-29 00:24:24 [INFO]  Client 0 Starts Local Trainning--------|
2025-09-29 00:27:32 [INFO]  Epoch 40 loss: 1496.9475722312927; train accuracy: 0.5186311923963134; test accuracy: 0.0084
2025-09-29 00:27:32 [INFO]  Save the model in ./checkpoints/Tiny_alpha0.3/local_models/client_0/epoch_40.pth
2025-09-29 00:30:39 [INFO]  Epoch 41 loss: 1495.2356691360474; train accuracy: 0.5043202764976958; test accuracy: 0.0123
2025-09-29 00:33:38 [INFO]  Epoch 42 loss: 1476.8331265449524; train accuracy: 0.5484951036866359; test accuracy: 0.016
2025-09-29 00:36:37 [INFO]  Epoch 43 loss: 1467.5677771568298; train accuracy: 0.5045542914746544; test accuracy: 0.0237
2025-09-29 00:39:35 [INFO]  Epoch 44 loss: 1412.81130027771; train accuracy: 0.5007740495391705; test accuracy: 0.017
2025-09-29 00:39:35 [INFO]  Client 0 Finish Local Training--------|
2025-09-29 00:39:35 [INFO]  Client 0 Collecting Local Prototypes--------|
2025-09-29 00:39:35 [INFO]  Client 1 Starts Local Trainning--------|
2025-09-29 00:42:48 [INFO]  Epoch 40 loss: 1582.7832975387573; train accuracy: 0.5374667553191489; test accuracy: 0.0
2025-09-29 00:42:48 [INFO]  Save the model in ./checkpoints/Tiny_alpha0.3/local_models/client_1/epoch_40.pth
