2025-09-29 00:51:51 [INFO]  Load config from ./configs/Tiny_alpha0.1.yaml
2025-09-29 00:51:51 [INFO]  config: {'exp_name': 'Tiny_alpha0.1', 'dataset': {'data_name': 'Tiny-ImageNet', 'root_path': '~/datasets/', 'train_batch_size': 256, 'test_batch_size': 256, 'channels': 3, 'num_classes': 200, 'image_size': 64, 'aux_data_name': 'Tiny-ImageNet', 'aux_root_path': '~/datasets/', 'aux_split': 'test'}, 'distribution': {'type': 'dirichlet', 'label_num_per_client': 2, 'alpha': 0.1}, 'client': {'num_clients': 5}, 'server': {'num_rounds': 10, 'frac_clients': 1.0, 'lr': 0.05, 'local_epochs': 5, 'optimizer': 'sgd', 'momentum': 0.9, 'weight_decay': 0.0001, 'loss_name': 'ce', 'model_name': 'resnet18', 'aggregated_by_datasize': True, 'lr_decay_per_round': 0.998}, 'device': 'cuda:0', 'checkpoint': {'save_path': './checkpoints/', 'save_freq': 5, 'result_file': 'CIFAR10_results.yaml'}, 'pretrain': {'lr': 0.01, 'epoch': 70, 'model_path': './pretrain/', 'momentum': 0.9, 'weight_decay': 0.0001, 'model_name': 'resnet18', 'model_file_name': 'resnet18-f37072fd.pth'}, 'DBCD': {'alpha_l_pa': 1, 'alpha_l_pb': 1, 'alpha_l_pc': 0.0, 'Beta_alpha': 0.2, 'unsup_method': 'infonce', 'contrastive_temperature': 0.5, 'encoder_epoch': 40, 'projector_epoch': 10, 'use_pretrain': False, 'aug_batch_size': 512, 'encoder_lr': 0.03, 'cls_optimizer': 'sgd', 'cls_lr': 0.05, 'supcon_temp': 0.07, 'super_gr': 100, 'aux_with_public': True}, 'etf': {'loss_name': 'ce'}, 'visualization': {'interval': 5, 'save_path': 'visualization/resnet18', 'vis_size': 16}, 'resume': True, 'resume_best': False, 'seed': 1, 'lambda_align_initial': 5.0}
2025-09-29 00:51:51 [INFO]  Dataset Tiny-ImageNet loaded
2025-09-29 00:51:51 [INFO]  Dataset index dict loaded from preprocessed_data/Tiny-ImageNet.pt
2025-09-29 00:51:51 [INFO]  OneshotOursV7 with DRCL (ETF Anchors) and Lambda Annealing
2025-09-29 00:51:52 [INFO]  Initialized ETF fixed anchors with shape: torch.Size([200, 512])
2025-09-29 00:51:52 [INFO]  Round 0 starts--------|
2025-09-29 00:51:52 [INFO]  Client 0 Starts Local Trainning--------|
2025-09-29 00:56:24 [INFO]  Epoch 0 loss: 3130.036111831665; train accuracy: 0.034471387987012984; test accuracy: 0.0
2025-09-29 00:56:25 [INFO]  Save the model in ./checkpoints/Tiny_alpha0.1/local_models/client_0/epoch_0.pth
2025-09-29 00:59:59 [INFO]  Epoch 1 loss: 2748.526044845581; train accuracy: 0.04436383928571429; test accuracy: 0.0
2025-09-29 01:03:33 [INFO]  Epoch 2 loss: 2474.8466968536377; train accuracy: 0.10014204545454546; test accuracy: 0.0062
2025-09-29 01:07:12 [INFO]  Epoch 3 loss: 2236.2863512039185; train accuracy: 0.12401075487012987; test accuracy: 0.0082
2025-09-29 01:10:50 [INFO]  Epoch 4 loss: 2004.948010444641; train accuracy: 0.13631290584415584; test accuracy: 0.0104
2025-09-29 01:10:50 [INFO]  Client 0 Finish Local Training--------|
2025-09-29 01:10:50 [INFO]  Client 0 Collecting Local Prototypes--------|
2025-09-29 01:10:50 [INFO]  Client 1 Starts Local Trainning--------|
2025-09-29 01:15:07 [INFO]  Epoch 0 loss: 2823.7487411499023; train accuracy: 0.03698291366906475; test accuracy: 0.0
2025-09-29 01:15:07 [INFO]  Save the model in ./checkpoints/Tiny_alpha0.1/local_models/client_1/epoch_0.pth
2025-09-29 01:18:27 [INFO]  Epoch 1 loss: 2474.0679874420166; train accuracy: 0.033694919064748204; test accuracy: 0.0
2025-09-29 01:21:45 [INFO]  Epoch 2 loss: 2224.9333724975586; train accuracy: 0.06840152877697842; test accuracy: 0.0
2025-09-29 01:25:05 [INFO]  Epoch 3 loss: 2000.0232286453247; train accuracy: 0.0795863309352518; test accuracy: 0.0
2025-09-29 01:28:25 [INFO]  Epoch 4 loss: 1808.1313705444336; train accuracy: 0.13846110611510792; test accuracy: 0.0
2025-09-29 01:28:25 [INFO]  Client 1 Finish Local Training--------|
2025-09-29 01:28:25 [INFO]  Client 1 Collecting Local Prototypes--------|
2025-09-29 01:28:25 [INFO]  Client 2 Starts Local Trainning--------|
2025-09-29 01:33:55 [INFO]  Epoch 0 loss: 3748.8109073638916; train accuracy: 0.03381147540983607; test accuracy: 0.0
2025-09-29 01:33:55 [INFO]  Save the model in ./checkpoints/Tiny_alpha0.1/local_models/client_2/epoch_0.pth
2025-09-29 01:38:15 [INFO]  Epoch 1 loss: 3308.4698524475098; train accuracy: 0.04553022540983607; test accuracy: 0.0
2025-09-29 01:42:37 [INFO]  Epoch 2 loss: 2979.7407541275024; train accuracy: 0.0741120218579235; test accuracy: 0.0
2025-09-29 01:46:47 [INFO]  Epoch 3 loss: 2669.7779302597046; train accuracy: 0.1437414617486339; test accuracy: 0.0
2025-09-29 01:50:56 [INFO]  Epoch 4 loss: 2416.3747777938843; train accuracy: 0.1208376024590164; test accuracy: 0.0
2025-09-29 01:50:56 [INFO]  Client 2 Finish Local Training--------|
2025-09-29 01:50:56 [INFO]  Client 2 Collecting Local Prototypes--------|
2025-09-29 01:50:56 [INFO]  Client 3 Starts Local Trainning--------|
2025-09-29 01:55:24 [INFO]  Epoch 0 loss: 3099.2432174682617; train accuracy: 0.029528166118421052; test accuracy: 0.0
2025-09-29 01:55:24 [INFO]  Save the model in ./checkpoints/Tiny_alpha0.1/local_models/client_3/epoch_0.pth
2025-09-29 01:58:54 [INFO]  Epoch 1 loss: 2728.8350505828857; train accuracy: 0.06196032072368421; test accuracy: 0.0
2025-09-29 02:02:25 [INFO]  Epoch 2 loss: 2444.555428504944; train accuracy: 0.07640316611842106; test accuracy: 0.0
2025-09-29 02:05:52 [INFO]  Epoch 3 loss: 2198.455945968628; train accuracy: 0.10243626644736842; test accuracy: 0.0
2025-09-29 02:09:20 [INFO]  Epoch 4 loss: 1987.1537227630615; train accuracy: 0.13391755756578946; test accuracy: 0.0
2025-09-29 02:09:20 [INFO]  Client 3 Finish Local Training--------|
2025-09-29 02:09:20 [INFO]  Client 3 Collecting Local Prototypes--------|
2025-09-29 02:09:20 [INFO]  Client 4 Starts Local Trainning--------|
2025-09-29 02:14:12 [INFO]  Epoch 0 loss: 3372.9125080108643; train accuracy: 0.026112689393939393; test accuracy: 0.0001
2025-09-29 02:14:13 [INFO]  Save the model in ./checkpoints/Tiny_alpha0.1/local_models/client_4/epoch_0.pth
2025-09-29 02:17:56 [INFO]  Epoch 1 loss: 2958.930955886841; train accuracy: 0.05769412878787879; test accuracy: 0.0013
2025-09-29 02:21:38 [INFO]  Epoch 2 loss: 2670.0201148986816; train accuracy: 0.06706912878787878; test accuracy: 0.0219
2025-09-29 02:25:23 [INFO]  Epoch 3 loss: 2411.0373182296753; train accuracy: 0.12398200757575757; test accuracy: 0.0029
2025-09-29 02:29:09 [INFO]  Epoch 4 loss: 2191.0298433303833; train accuracy: 0.08510890151515152; test accuracy: 0.0075
2025-09-29 02:29:09 [INFO]  Client 4 Finish Local Training--------|
2025-09-29 02:29:09 [INFO]  Client 4 Collecting Local Prototypes--------|
2025-09-29 02:29:09 [INFO]  Round 0 Finish--------|
2025-09-29 02:29:09 [INFO]  Model variance: mean: 0.00327401258982718, sum: 36902.15625
2025-09-29 02:29:09 [INFO]  g_protos_std: 0.9993431568145752
2025-09-29 02:29:09 [INFO]  V7 Training | Using SIMPLE server aggregation.
2025-09-29 02:29:37 [INFO]  The test accuracy (with prototype) of OneShotOursV7+SimpleServer: 0.0053
2025-09-29 02:29:37 [INFO]  Save config to ./checkpoints/Tiny_alpha0.1/baselines_OneShotOursV7+SimpleServer_CIFAR10_results.yaml
2025-09-29 02:29:37 [INFO]  Round 1 starts--------|
2025-09-29 02:29:37 [INFO]  Client 0 Starts Local Trainning--------|
2025-09-29 02:33:03 [INFO]  Epoch 5 loss: 2559.8335876464844; train accuracy: 0.14656047077922077; test accuracy: 0.0264
2025-09-29 02:33:03 [INFO]  Save the model in ./checkpoints/Tiny_alpha0.1/local_models/client_0/epoch_5.pth
2025-09-29 02:36:32 [INFO]  Epoch 6 loss: 2363.0296506881714; train accuracy: 0.17390422077922077; test accuracy: 0.0293
2025-09-29 02:40:01 [INFO]  Epoch 7 loss: 2174.5970096588135; train accuracy: 0.252536525974026; test accuracy: 0.0163
2025-09-29 02:43:30 [INFO]  Epoch 8 loss: 1974.7187824249268; train accuracy: 0.2157822646103896; test accuracy: 0.0383
2025-09-29 02:46:59 [INFO]  Epoch 9 loss: 1789.9096374511719; train accuracy: 0.2086038961038961; test accuracy: 0.0027
2025-09-29 02:46:59 [INFO]  Client 0 Finish Local Training--------|
2025-09-29 02:46:59 [INFO]  Client 0 Collecting Local Prototypes--------|
2025-09-29 02:46:59 [INFO]  Client 1 Starts Local Trainning--------|
2025-09-29 02:50:09 [INFO]  Epoch 5 loss: 2310.497232437134; train accuracy: 0.13699977517985612; test accuracy: 0.0
2025-09-29 02:50:09 [INFO]  Save the model in ./checkpoints/Tiny_alpha0.1/local_models/client_1/epoch_5.pth
2025-09-29 02:53:18 [INFO]  Epoch 6 loss: 2119.016553878784; train accuracy: 0.20526079136690648; test accuracy: 0.0
2025-09-29 02:56:24 [INFO]  Epoch 7 loss: 1956.036997795105; train accuracy: 0.20197279676258992; test accuracy: 0.0
2025-09-29 02:59:32 [INFO]  Epoch 8 loss: 1758.5121011734009; train accuracy: 0.20076438848920863; test accuracy: 0.0
2025-09-29 03:02:42 [INFO]  Epoch 9 loss: 1604.195336341858; train accuracy: 0.23749437949640287; test accuracy: 0.0
2025-09-29 03:02:42 [INFO]  Client 1 Finish Local Training--------|
2025-09-29 03:02:42 [INFO]  Client 1 Collecting Local Prototypes--------|
2025-09-29 03:02:42 [INFO]  Client 2 Starts Local Trainning--------|
2025-09-29 03:06:48 [INFO]  Epoch 5 loss: 3084.5357151031494; train accuracy: 0.18425546448087432; test accuracy: 0.0
2025-09-29 03:06:48 [INFO]  Save the model in ./checkpoints/Tiny_alpha0.1/local_models/client_2/epoch_5.pth
2025-09-29 03:10:58 [INFO]  Epoch 6 loss: 2822.5830402374268; train accuracy: 0.1801997950819672; test accuracy: 0.0
2025-09-29 03:15:04 [INFO]  Epoch 7 loss: 2590.3051385879517; train accuracy: 0.2029328893442623; test accuracy: 0.0
2025-09-29 03:19:08 [INFO]  Epoch 8 loss: 2360.808741569519; train accuracy: 0.2529883879781421; test accuracy: 0.0
2025-09-29 03:23:14 [INFO]  Epoch 9 loss: 2126.354838371277; train accuracy: 0.23215505464480873; test accuracy: 0.0
2025-09-29 03:23:14 [INFO]  Client 2 Finish Local Training--------|
2025-09-29 03:23:14 [INFO]  Client 2 Collecting Local Prototypes--------|
2025-09-29 03:23:14 [INFO]  Client 3 Starts Local Trainning--------|
2025-09-29 03:26:37 [INFO]  Epoch 5 loss: 2509.0907135009766; train accuracy: 0.17883943256578946; test accuracy: 0.0
2025-09-29 03:26:38 [INFO]  Save the model in ./checkpoints/Tiny_alpha0.1/local_models/client_3/epoch_5.pth
2025-09-29 03:30:05 [INFO]  Epoch 6 loss: 2315.8071842193604; train accuracy: 0.18636924342105263; test accuracy: 0.0
2025-09-29 03:33:32 [INFO]  Epoch 7 loss: 2110.9407777786255; train accuracy: 0.19996402138157895; test accuracy: 0.0
2025-09-29 03:36:57 [INFO]  Epoch 8 loss: 1932.923840522766; train accuracy: 0.20536081414473684; test accuracy: 0.0
2025-09-29 03:40:23 [INFO]  Epoch 9 loss: 1743.2476739883423; train accuracy: 0.19122635690789475; test accuracy: 0.0
2025-09-29 03:40:23 [INFO]  Client 3 Finish Local Training--------|
2025-09-29 03:40:23 [INFO]  Client 3 Collecting Local Prototypes--------|
2025-09-29 03:40:23 [INFO]  Client 4 Starts Local Trainning--------|
2025-09-29 03:44:03 [INFO]  Epoch 5 loss: 2762.8577947616577; train accuracy: 0.1587594696969697; test accuracy: 0.0368
2025-09-29 03:44:03 [INFO]  Save the model in ./checkpoints/Tiny_alpha0.1/local_models/client_4/epoch_5.pth
2025-09-29 03:47:41 [INFO]  Epoch 6 loss: 2545.4358949661255; train accuracy: 0.18868371212121213; test accuracy: 0.0615
2025-09-29 03:51:19 [INFO]  Epoch 7 loss: 2328.66903591156; train accuracy: 0.20331439393939393; test accuracy: 0.0442
2025-09-29 03:54:57 [INFO]  Epoch 8 loss: 2124.7474269866943; train accuracy: 0.19874526515151514; test accuracy: 0.0308
2025-09-29 03:58:35 [INFO]  Epoch 9 loss: 1907.8847246170044; train accuracy: 0.24730113636363638; test accuracy: 0.0163
2025-09-29 03:58:35 [INFO]  Client 4 Finish Local Training--------|
2025-09-29 03:58:35 [INFO]  Client 4 Collecting Local Prototypes--------|
2025-09-29 03:58:35 [INFO]  Round 1 Finish--------|
2025-09-29 03:58:35 [INFO]  Model variance: mean: 0.004813929088413715, sum: 54258.9140625
2025-09-29 03:58:35 [INFO]  g_protos_std: 0.9956082105636597
2025-09-29 03:58:35 [INFO]  V7 Training | Using SIMPLE server aggregation.
2025-09-29 03:59:03 [INFO]  The test accuracy (with prototype) of OneShotOursV7+SimpleServer: 0.0033
2025-09-29 03:59:03 [INFO]  Save config to ./checkpoints/Tiny_alpha0.1/baselines_OneShotOursV7+SimpleServer_CIFAR10_results.yaml
2025-09-29 03:59:03 [INFO]  Round 2 starts--------|
2025-09-29 03:59:03 [INFO]  Client 0 Starts Local Trainning--------|
2025-09-29 04:02:27 [INFO]  Epoch 10 loss: 2361.113519668579; train accuracy: 0.25218141233766234; test accuracy: 0.0015
2025-09-29 04:02:28 [INFO]  Save the model in ./checkpoints/Tiny_alpha0.1/local_models/client_0/epoch_10.pth
2025-09-29 04:05:52 [INFO]  Epoch 11 loss: 2184.172311782837; train accuracy: 0.2188768262987013; test accuracy: 0.0042
2025-09-29 04:09:18 [INFO]  Epoch 12 loss: 2004.575231552124; train accuracy: 0.2676542207792208; test accuracy: 0.0154
2025-09-29 04:12:47 [INFO]  Epoch 13 loss: 1818.9006061553955; train accuracy: 0.34920353084415584; test accuracy: 0.0086
2025-09-29 04:16:14 [INFO]  Epoch 14 loss: 1649.0977382659912; train accuracy: 0.35399756493506496; test accuracy: 0.0216
2025-09-29 04:16:14 [INFO]  Client 0 Finish Local Training--------|
2025-09-29 04:16:14 [INFO]  Client 0 Collecting Local Prototypes--------|
2025-09-29 04:16:14 [INFO]  Client 1 Starts Local Trainning--------|
2025-09-29 04:19:19 [INFO]  Epoch 10 loss: 2138.7009468078613; train accuracy: 0.28459419964028776; test accuracy: 0.0
2025-09-29 04:19:19 [INFO]  Save the model in ./checkpoints/Tiny_alpha0.1/local_models/client_1/epoch_10.pth
2025-09-29 04:22:26 [INFO]  Epoch 11 loss: 1979.3247699737549; train accuracy: 0.2526697392086331; test accuracy: 0.0
2025-09-29 04:25:32 [INFO]  Epoch 12 loss: 1803.1823844909668; train accuracy: 0.27326888489208634; test accuracy: 0.0
2025-09-29 04:28:36 [INFO]  Epoch 13 loss: 1626.8564949035645; train accuracy: 0.24013601618705036; test accuracy: 0.0
2025-09-29 04:31:42 [INFO]  Epoch 14 loss: 1457.1750984191895; train accuracy: 0.3250056205035971; test accuracy: 0.0
2025-09-29 04:31:42 [INFO]  Client 1 Finish Local Training--------|
2025-09-29 04:31:42 [INFO]  Client 1 Collecting Local Prototypes--------|
2025-09-29 04:31:42 [INFO]  Client 2 Starts Local Trainning--------|
2025-09-29 04:35:43 [INFO]  Epoch 10 loss: 2805.359612464905; train accuracy: 0.2303833674863388; test accuracy: 0.0
2025-09-29 04:35:43 [INFO]  Save the model in ./checkpoints/Tiny_alpha0.1/local_models/client_2/epoch_10.pth
2025-09-29 04:39:45 [INFO]  Epoch 11 loss: 2606.9971961975098; train accuracy: 0.24178193306010928; test accuracy: 0.0
2025-09-29 04:43:49 [INFO]  Epoch 12 loss: 2364.531000137329; train accuracy: 0.27909409153005466; test accuracy: 0.0
2025-09-29 04:47:52 [INFO]  Epoch 13 loss: 2166.4399604797363; train accuracy: 0.30127219945355194; test accuracy: 0.0
2025-09-29 04:51:54 [INFO]  Epoch 14 loss: 1937.7092266082764; train accuracy: 0.32594774590163933; test accuracy: 0.0
2025-09-29 04:51:54 [INFO]  Client 2 Finish Local Training--------|
2025-09-29 04:51:54 [INFO]  Client 2 Collecting Local Prototypes--------|
2025-09-29 04:51:54 [INFO]  Client 3 Starts Local Trainning--------|
2025-09-29 04:55:15 [INFO]  Epoch 10 loss: 2313.0989351272583; train accuracy: 0.2670127467105263; test accuracy: 0.0
2025-09-29 04:55:15 [INFO]  Save the model in ./checkpoints/Tiny_alpha0.1/local_models/client_3/epoch_10.pth
2025-09-29 04:58:36 [INFO]  Epoch 11 loss: 2116.890564918518; train accuracy: 0.30157791940789475; test accuracy: 0.0
2025-09-29 05:01:58 [INFO]  Epoch 12 loss: 1958.427924156189; train accuracy: 0.21620579769736842; test accuracy: 0.0
2025-09-29 05:05:19 [INFO]  Epoch 13 loss: 1777.6670513153076; train accuracy: 0.2769582648026316; test accuracy: 0.0
2025-09-29 05:08:38 [INFO]  Epoch 14 loss: 1603.5866270065308; train accuracy: 0.33295641447368424; test accuracy: 0.0
2025-09-29 05:08:38 [INFO]  Client 3 Finish Local Training--------|
2025-09-29 05:08:38 [INFO]  Client 3 Collecting Local Prototypes--------|
2025-09-29 05:08:38 [INFO]  Client 4 Starts Local Trainning--------|
2025-09-29 05:12:15 [INFO]  Epoch 10 loss: 2528.682819366455; train accuracy: 0.2265625; test accuracy: 0.0078
2025-09-29 05:12:15 [INFO]  Save the model in ./checkpoints/Tiny_alpha0.1/local_models/client_4/epoch_10.pth
2025-09-29 05:15:51 [INFO]  Epoch 11 loss: 2320.227912902832; train accuracy: 0.2556818181818182; test accuracy: 0.0096
2025-09-29 05:19:29 [INFO]  Epoch 12 loss: 2141.3220052719116; train accuracy: 0.31335227272727273; test accuracy: 0.0096
2025-09-29 05:23:06 [INFO]  Epoch 13 loss: 1957.8653049468994; train accuracy: 0.2941287878787879; test accuracy: 0.014
2025-09-29 05:26:42 [INFO]  Epoch 14 loss: 1762.346549987793; train accuracy: 0.2643702651515151; test accuracy: 0.0104
2025-09-29 05:26:42 [INFO]  Client 4 Finish Local Training--------|
2025-09-29 05:26:42 [INFO]  Client 4 Collecting Local Prototypes--------|
2025-09-29 05:26:42 [INFO]  Round 2 Finish--------|
2025-09-29 05:26:42 [INFO]  Model variance: mean: 0.006036706734448671, sum: 68041.125
2025-09-29 05:26:42 [INFO]  g_protos_std: 0.9921975135803223
2025-09-29 05:26:42 [INFO]  V7 Training | Using SIMPLE server aggregation.
2025-09-29 05:27:10 [INFO]  The test accuracy (with prototype) of OneShotOursV7+SimpleServer: 0.0046
2025-09-29 05:27:10 [INFO]  Save config to ./checkpoints/Tiny_alpha0.1/baselines_OneShotOursV7+SimpleServer_CIFAR10_results.yaml
2025-09-29 05:27:10 [INFO]  Round 3 starts--------|
2025-09-29 05:27:10 [INFO]  Client 0 Starts Local Trainning--------|
2025-09-29 05:30:35 [INFO]  Epoch 15 loss: 2240.4285068511963; train accuracy: 0.35128348214285715; test accuracy: 0.0576
2025-09-29 05:30:35 [INFO]  Save the model in ./checkpoints/Tiny_alpha0.1/local_models/client_0/epoch_15.pth
2025-09-29 05:33:59 [INFO]  Epoch 16 loss: 2065.856653213501; train accuracy: 0.3374594155844156; test accuracy: 0.016
2025-09-29 05:37:23 [INFO]  Epoch 17 loss: 1873.7363481521606; train accuracy: 0.3412388392857143; test accuracy: 0.0068
2025-09-29 05:40:46 [INFO]  Epoch 18 loss: 1693.0604467391968; train accuracy: 0.3812905844155844; test accuracy: 0.0047
2025-09-29 05:44:11 [INFO]  Epoch 19 loss: 1526.9736738204956; train accuracy: 0.3916903409090909; test accuracy: 0.0092
2025-09-29 05:44:11 [INFO]  Client 0 Finish Local Training--------|
2025-09-29 05:44:11 [INFO]  Client 0 Collecting Local Prototypes--------|
2025-09-29 05:44:11 [INFO]  Client 1 Starts Local Trainning--------|
2025-09-29 05:47:16 [INFO]  Epoch 15 loss: 2000.3719682693481; train accuracy: 0.2768098021582734; test accuracy: 0.0
2025-09-29 05:47:16 [INFO]  Save the model in ./checkpoints/Tiny_alpha0.1/local_models/client_1/epoch_15.pth
2025-09-29 05:50:22 [INFO]  Epoch 16 loss: 1857.8607540130615; train accuracy: 0.26711443345323743; test accuracy: 0.0
2025-09-29 05:53:28 [INFO]  Epoch 17 loss: 1694.081428527832; train accuracy: 0.36628821942446044; test accuracy: 0.0
2025-09-29 05:56:33 [INFO]  Epoch 18 loss: 1528.4565649032593; train accuracy: 0.3778383543165468; test accuracy: 0.0
2025-09-29 05:59:37 [INFO]  Epoch 19 loss: 1401.2360887527466; train accuracy: 0.39070930755395683; test accuracy: 0.0
2025-09-29 05:59:37 [INFO]  Client 1 Finish Local Training--------|
2025-09-29 05:59:37 [INFO]  Client 1 Collecting Local Prototypes--------|
2025-09-29 05:59:37 [INFO]  Client 2 Starts Local Trainning--------|
2025-09-29 06:03:38 [INFO]  Epoch 15 loss: 2622.7447605133057; train accuracy: 0.3402279713114754; test accuracy: 0.0
2025-09-29 06:03:38 [INFO]  Save the model in ./checkpoints/Tiny_alpha0.1/local_models/client_2/epoch_15.pth
2025-09-29 06:07:39 [INFO]  Epoch 16 loss: 2433.9133710861206; train accuracy: 0.30325734289617484; test accuracy: 0.0
2025-09-29 06:11:38 [INFO]  Epoch 17 loss: 2220.32839679718; train accuracy: 0.3514771174863388; test accuracy: 0.0
2025-09-29 06:15:38 [INFO]  Epoch 18 loss: 2012.5960159301758; train accuracy: 0.35766734972677594; test accuracy: 0.0
2025-09-29 06:19:40 [INFO]  Epoch 19 loss: 1818.6634340286255; train accuracy: 0.3607197745901639; test accuracy: 0.0
2025-09-29 06:19:40 [INFO]  Client 2 Finish Local Training--------|
2025-09-29 06:19:40 [INFO]  Client 2 Collecting Local Prototypes--------|
2025-09-29 06:19:40 [INFO]  Client 3 Starts Local Trainning--------|
2025-09-29 06:23:02 [INFO]  Epoch 15 loss: 2167.8961029052734; train accuracy: 0.32344777960526316; test accuracy: 0.0
2025-09-29 06:23:02 [INFO]  Save the model in ./checkpoints/Tiny_alpha0.1/local_models/client_3/epoch_15.pth
2025-09-29 06:26:24 [INFO]  Epoch 16 loss: 2004.7239904403687; train accuracy: 0.33465254934210525; test accuracy: 0.0
2025-09-29 06:29:47 [INFO]  Epoch 17 loss: 1830.8507585525513; train accuracy: 0.33169716282894735; test accuracy: 0.0
2025-09-29 06:33:09 [INFO]  Epoch 18 loss: 1678.7821626663208; train accuracy: 0.3225226151315789; test accuracy: 0.0
2025-09-29 06:36:30 [INFO]  Epoch 19 loss: 1507.3408193588257; train accuracy: 0.3539011101973684; test accuracy: 0.0
2025-09-29 06:36:30 [INFO]  Client 3 Finish Local Training--------|
2025-09-29 06:36:30 [INFO]  Client 3 Collecting Local Prototypes--------|
2025-09-29 06:36:30 [INFO]  Client 4 Starts Local Trainning--------|
2025-09-29 06:40:08 [INFO]  Epoch 15 loss: 2390.076166152954; train accuracy: 0.32892992424242423; test accuracy: 0.0095
2025-09-29 06:40:08 [INFO]  Save the model in ./checkpoints/Tiny_alpha0.1/local_models/client_4/epoch_15.pth
2025-09-29 06:43:46 [INFO]  Epoch 16 loss: 2209.4323406219482; train accuracy: 0.38858901515151517; test accuracy: 0.0102
2025-09-29 06:47:24 [INFO]  Epoch 17 loss: 1994.9275360107422; train accuracy: 0.32793560606060607; test accuracy: 0.0132
2025-09-29 06:51:02 [INFO]  Epoch 18 loss: 1816.1581954956055; train accuracy: 0.3783617424242424; test accuracy: 0.0272
2025-09-29 06:54:41 [INFO]  Epoch 19 loss: 1629.872866153717; train accuracy: 0.415530303030303; test accuracy: 0.0202
2025-09-29 06:54:41 [INFO]  Client 4 Finish Local Training--------|
2025-09-29 06:54:41 [INFO]  Client 4 Collecting Local Prototypes--------|
2025-09-29 06:54:41 [INFO]  Round 3 Finish--------|
2025-09-29 06:54:41 [INFO]  Model variance: mean: 0.007084316574037075, sum: 79848.9765625
2025-09-29 06:54:41 [INFO]  g_protos_std: 0.9889700412750244
2025-09-29 06:54:41 [INFO]  V7 Training | Using SIMPLE server aggregation.
2025-09-29 06:55:09 [INFO]  The test accuracy (with prototype) of OneShotOursV7+SimpleServer: 0.0051
2025-09-29 06:55:09 [INFO]  Save config to ./checkpoints/Tiny_alpha0.1/baselines_OneShotOursV7+SimpleServer_CIFAR10_results.yaml
2025-09-29 06:55:09 [INFO]  Round 4 starts--------|
2025-09-29 06:55:09 [INFO]  Client 0 Starts Local Trainning--------|
2025-09-29 06:58:33 [INFO]  Epoch 20 loss: 2119.2937335968018; train accuracy: 0.38517146915584416; test accuracy: 0.0129
2025-09-29 06:58:34 [INFO]  Save the model in ./checkpoints/Tiny_alpha0.1/local_models/client_0/epoch_20.pth
2025-09-29 07:01:58 [INFO]  Epoch 21 loss: 1968.6786050796509; train accuracy: 0.38775872564935066; test accuracy: 0.0034
2025-09-29 07:05:22 [INFO]  Epoch 22 loss: 1778.8691720962524; train accuracy: 0.39696631493506496; test accuracy: 0.003
2025-09-29 07:08:48 [INFO]  Epoch 23 loss: 1615.8023653030396; train accuracy: 0.4318942775974026; test accuracy: 0.009
2025-09-29 07:12:14 [INFO]  Epoch 24 loss: 1446.0229949951172; train accuracy: 0.43065137987012986; test accuracy: 0.0079
2025-09-29 07:12:14 [INFO]  Client 0 Finish Local Training--------|
2025-09-29 07:12:14 [INFO]  Client 0 Collecting Local Prototypes--------|
2025-09-29 07:12:14 [INFO]  Client 1 Starts Local Trainning--------|
2025-09-29 07:15:20 [INFO]  Epoch 20 loss: 1909.2156419754028; train accuracy: 0.3679181654676259; test accuracy: 0.0
2025-09-29 07:15:20 [INFO]  Save the model in ./checkpoints/Tiny_alpha0.1/local_models/client_1/epoch_20.pth
2025-09-29 07:18:27 [INFO]  Epoch 21 loss: 1767.9882621765137; train accuracy: 0.39902765287769787; test accuracy: 0.0
2025-09-29 07:21:32 [INFO]  Epoch 22 loss: 1628.942050933838; train accuracy: 0.2827113309352518; test accuracy: 0.0
2025-09-29 07:24:37 [INFO]  Epoch 23 loss: 1460.4426441192627; train accuracy: 0.37722009892086333; test accuracy: 0.0
2025-09-29 07:27:41 [INFO]  Epoch 24 loss: 1323.607276916504; train accuracy: 0.41007194244604317; test accuracy: 0.0
2025-09-29 07:27:41 [INFO]  Client 1 Finish Local Training--------|
2025-09-29 07:27:41 [INFO]  Client 1 Collecting Local Prototypes--------|
2025-09-29 07:27:41 [INFO]  Client 2 Starts Local Trainning--------|
2025-09-29 07:31:40 [INFO]  Epoch 20 loss: 2518.0378847122192; train accuracy: 0.42432974726775957; test accuracy: 0.0
2025-09-29 07:31:41 [INFO]  Save the model in ./checkpoints/Tiny_alpha0.1/local_models/client_2/epoch_20.pth
2025-09-29 07:35:45 [INFO]  Epoch 21 loss: 2313.110830307007; train accuracy: 0.3162995218579235; test accuracy: 0.0
2025-09-29 07:39:43 [INFO]  Epoch 22 loss: 2104.5282163619995; train accuracy: 0.3890881147540984; test accuracy: 0.0
2025-09-29 07:43:41 [INFO]  Epoch 23 loss: 1926.9788150787354; train accuracy: 0.35391051912568305; test accuracy: 0.0
2025-09-29 07:47:39 [INFO]  Epoch 24 loss: 1696.6847014427185; train accuracy: 0.43111765710382516; test accuracy: 0.0
2025-09-29 07:47:39 [INFO]  Client 2 Finish Local Training--------|
2025-09-29 07:47:39 [INFO]  Client 2 Collecting Local Prototypes--------|
2025-09-29 07:47:39 [INFO]  Client 3 Starts Local Trainning--------|
2025-09-29 07:50:59 [INFO]  Epoch 20 loss: 2082.455877304077; train accuracy: 0.4015984786184211; test accuracy: 0.0
2025-09-29 07:50:59 [INFO]  Save the model in ./checkpoints/Tiny_alpha0.1/local_models/client_3/epoch_20.pth
2025-09-29 07:54:19 [INFO]  Epoch 21 loss: 1900.3890447616577; train accuracy: 0.3928094161184211; test accuracy: 0.0
2025-09-29 07:57:39 [INFO]  Epoch 22 loss: 1762.7017755508423; train accuracy: 0.40591591282894735; test accuracy: 0.0
2025-09-29 08:00:56 [INFO]  Epoch 23 loss: 1568.7553024291992; train accuracy: 0.3836605674342105; test accuracy: 0.0
2025-09-29 08:04:13 [INFO]  Epoch 24 loss: 1396.5694842338562; train accuracy: 0.40190686677631576; test accuracy: 0.0
2025-09-29 08:04:13 [INFO]  Client 3 Finish Local Training--------|
2025-09-29 08:04:13 [INFO]  Client 3 Collecting Local Prototypes--------|
2025-09-29 08:04:13 [INFO]  Client 4 Starts Local Trainning--------|
2025-09-29 08:07:47 [INFO]  Epoch 20 loss: 2274.794825553894; train accuracy: 0.32526041666666666; test accuracy: 0.0277
2025-09-29 08:07:47 [INFO]  Save the model in ./checkpoints/Tiny_alpha0.1/local_models/client_4/epoch_20.pth
2025-09-29 08:11:18 [INFO]  Epoch 21 loss: 2081.8823957443237; train accuracy: 0.3744554924242424; test accuracy: 0.0114
2025-09-29 08:14:48 [INFO]  Epoch 22 loss: 1899.648639678955; train accuracy: 0.37012310606060606; test accuracy: 0.0535
2025-09-29 08:18:17 [INFO]  Epoch 23 loss: 1717.3771047592163; train accuracy: 0.4212831439393939; test accuracy: 0.0067
2025-09-29 08:21:44 [INFO]  Epoch 24 loss: 1551.3358182907104; train accuracy: 0.42355587121212124; test accuracy: 0.0262
2025-09-29 08:21:44 [INFO]  Client 4 Finish Local Training--------|
2025-09-29 08:21:44 [INFO]  Client 4 Collecting Local Prototypes--------|
2025-09-29 08:21:44 [INFO]  Round 4 Finish--------|
2025-09-29 08:21:44 [INFO]  Model variance: mean: 0.008026997558772564, sum: 90474.15625
2025-09-29 08:21:44 [INFO]  g_protos_std: 0.985872745513916
2025-09-29 08:21:44 [INFO]  V7 Training | Using SIMPLE server aggregation.
2025-09-29 08:22:12 [INFO]  The test accuracy (with prototype) of OneShotOursV7+SimpleServer: 0.003
2025-09-29 08:22:12 [INFO]  Save config to ./checkpoints/Tiny_alpha0.1/baselines_OneShotOursV7+SimpleServer_CIFAR10_results.yaml
2025-09-29 08:22:12 [INFO]  Round 5 starts--------|
2025-09-29 08:22:12 [INFO]  Client 0 Starts Local Trainning--------|
2025-09-29 08:25:23 [INFO]  Epoch 25 loss: 2036.942048072815; train accuracy: 0.44434862012987014; test accuracy: 0.0043
2025-09-29 08:25:24 [INFO]  Save the model in ./checkpoints/Tiny_alpha0.1/local_models/client_0/epoch_25.pth
2025-09-29 08:28:35 [INFO]  Epoch 26 loss: 1861.965292930603; train accuracy: 0.48992999188311687; test accuracy: 0.0071
2025-09-29 08:31:46 [INFO]  Epoch 27 loss: 1718.6405620574951; train accuracy: 0.423726663961039; test accuracy: 0.0089
2025-09-29 08:34:58 [INFO]  Epoch 28 loss: 1546.9385404586792; train accuracy: 0.4256036931818182; test accuracy: 0.015
2025-09-29 08:38:10 [INFO]  Epoch 29 loss: 1385.4904670715332; train accuracy: 0.5028916396103896; test accuracy: 0.0145
2025-09-29 08:38:10 [INFO]  Client 0 Finish Local Training--------|
2025-09-29 08:38:10 [INFO]  Client 0 Collecting Local Prototypes--------|
2025-09-29 08:38:10 [INFO]  Client 1 Starts Local Trainning--------|
2025-09-29 08:41:02 [INFO]  Epoch 25 loss: 1825.9102230072021; train accuracy: 0.4020627248201439; test accuracy: 0.0
2025-09-29 08:41:02 [INFO]  Save the model in ./checkpoints/Tiny_alpha0.1/local_models/client_1/epoch_25.pth
2025-09-29 08:43:54 [INFO]  Epoch 26 loss: 1669.872308731079; train accuracy: 0.4079923561151079; test accuracy: 0.0
2025-09-29 08:46:46 [INFO]  Epoch 27 loss: 1535.1426696777344; train accuracy: 0.4282823741007194; test accuracy: 0.0
2025-09-29 08:49:37 [INFO]  Epoch 28 loss: 1371.114779472351; train accuracy: 0.4973021582733813; test accuracy: 0.0
2025-09-29 08:52:29 [INFO]  Epoch 29 loss: 1237.126513004303; train accuracy: 0.43707846223021585; test accuracy: 0.0
2025-09-29 08:52:29 [INFO]  Client 1 Finish Local Training--------|
2025-09-29 08:52:29 [INFO]  Client 1 Collecting Local Prototypes--------|
2025-09-29 08:52:29 [INFO]  Client 2 Starts Local Trainning--------|
2025-09-29 08:56:13 [INFO]  Epoch 25 loss: 2385.6522550582886; train accuracy: 0.4168587773224044; test accuracy: 0.0
2025-09-29 08:56:13 [INFO]  Save the model in ./checkpoints/Tiny_alpha0.1/local_models/client_2/epoch_25.pth
2025-09-29 08:59:58 [INFO]  Epoch 26 loss: 2195.71262550354; train accuracy: 0.4445227117486339; test accuracy: 0.0
2025-09-29 09:03:42 [INFO]  Epoch 27 loss: 2012.3871297836304; train accuracy: 0.47090590846994534; test accuracy: 0.0
2025-09-29 09:07:25 [INFO]  Epoch 28 loss: 1815.3308668136597; train accuracy: 0.43130976775956287; test accuracy: 0.0
2025-09-29 09:11:08 [INFO]  Epoch 29 loss: 1623.752136707306; train accuracy: 0.52557206284153; test accuracy: 0.0
2025-09-29 09:11:08 [INFO]  Client 2 Finish Local Training--------|
2025-09-29 09:11:08 [INFO]  Client 2 Collecting Local Prototypes--------|
2025-09-29 09:11:08 [INFO]  Client 3 Starts Local Trainning--------|
2025-09-29 09:14:14 [INFO]  Epoch 25 loss: 1993.9432754516602; train accuracy: 0.3969983552631579; test accuracy: 0.0
2025-09-29 09:14:14 [INFO]  Save the model in ./checkpoints/Tiny_alpha0.1/local_models/client_3/epoch_25.pth
2025-09-29 09:17:21 [INFO]  Epoch 26 loss: 1817.5055379867554; train accuracy: 0.43510999177631576; test accuracy: 0.0
2025-09-29 09:20:27 [INFO]  Epoch 27 loss: 1641.7555866241455; train accuracy: 0.42691200657894735; test accuracy: 0.0
2025-09-29 09:23:33 [INFO]  Epoch 28 loss: 1502.393078804016; train accuracy: 0.4754831414473684; test accuracy: 0.0
2025-09-29 09:26:40 [INFO]  Epoch 29 loss: 1341.4428977966309; train accuracy: 0.4383737664473684; test accuracy: 0.0
2025-09-29 09:26:40 [INFO]  Client 3 Finish Local Training--------|
2025-09-29 09:26:40 [INFO]  Client 3 Collecting Local Prototypes--------|
2025-09-29 09:26:40 [INFO]  Client 4 Starts Local Trainning--------|
2025-09-29 09:30:01 [INFO]  Epoch 25 loss: 2163.1945371627808; train accuracy: 0.4285274621212121; test accuracy: 0.0136
2025-09-29 09:30:02 [INFO]  Save the model in ./checkpoints/Tiny_alpha0.1/local_models/client_4/epoch_25.pth
2025-09-29 09:33:25 [INFO]  Epoch 26 loss: 1992.7062215805054; train accuracy: 0.41107954545454545; test accuracy: 0.0241
2025-09-29 09:36:46 [INFO]  Epoch 27 loss: 1835.384762763977; train accuracy: 0.45610795454545455; test accuracy: 0.0103
2025-09-29 09:40:08 [INFO]  Epoch 28 loss: 1654.5476751327515; train accuracy: 0.43892045454545453; test accuracy: 0.0177
2025-09-29 09:43:28 [INFO]  Epoch 29 loss: 1462.3276872634888; train accuracy: 0.50390625; test accuracy: 0.0343
2025-09-29 09:43:28 [INFO]  Client 4 Finish Local Training--------|
2025-09-29 09:43:28 [INFO]  Client 4 Collecting Local Prototypes--------|
2025-09-29 09:43:28 [INFO]  Round 5 Finish--------|
2025-09-29 09:43:28 [INFO]  Model variance: mean: 0.008892686106264591, sum: 100231.53125
2025-09-29 09:43:28 [INFO]  g_protos_std: 0.9828940033912659
2025-09-29 09:43:28 [INFO]  V7 Training | Using SIMPLE server aggregation.
2025-09-29 09:43:56 [INFO]  The test accuracy (with prototype) of OneShotOursV7+SimpleServer: 0.0035
2025-09-29 09:43:56 [INFO]  Save config to ./checkpoints/Tiny_alpha0.1/baselines_OneShotOursV7+SimpleServer_CIFAR10_results.yaml
2025-09-29 09:43:56 [INFO]  Round 6 starts--------|
2025-09-29 09:43:56 [INFO]  Client 0 Starts Local Trainning--------|
2025-09-29 09:47:05 [INFO]  Epoch 30 loss: 1968.6466445922852; train accuracy: 0.5017755681818182; test accuracy: 0.0107
2025-09-29 09:47:05 [INFO]  Save the model in ./checkpoints/Tiny_alpha0.1/local_models/client_0/epoch_30.pth
2025-09-29 09:50:15 [INFO]  Epoch 31 loss: 1795.760983467102; train accuracy: 0.46405742694805197; test accuracy: 0.0085
2025-09-29 09:53:23 [INFO]  Epoch 32 loss: 1646.8173694610596; train accuracy: 0.41812094155844154; test accuracy: 0.0171
2025-09-29 09:56:30 [INFO]  Epoch 33 loss: 1480.6673774719238; train accuracy: 0.4744318181818182; test accuracy: 0.0032
2025-09-29 09:59:36 [INFO]  Epoch 34 loss: 1311.4750499725342; train accuracy: 0.3941507711038961; test accuracy: 0.0114
2025-09-29 09:59:36 [INFO]  Client 0 Finish Local Training--------|
2025-09-29 09:59:36 [INFO]  Client 0 Collecting Local Prototypes--------|
2025-09-29 09:59:36 [INFO]  Client 1 Starts Local Trainning--------|
2025-09-29 10:02:25 [INFO]  Epoch 30 loss: 1768.5434494018555; train accuracy: 0.35723920863309355; test accuracy: 0.0
2025-09-29 10:02:25 [INFO]  Save the model in ./checkpoints/Tiny_alpha0.1/local_models/client_1/epoch_30.pth
2025-09-29 10:05:14 [INFO]  Epoch 31 loss: 1614.9556665420532; train accuracy: 0.4578181205035971; test accuracy: 0.0
2025-09-29 10:08:03 [INFO]  Epoch 32 loss: 1483.1074810028076; train accuracy: 0.426287095323741; test accuracy: 0.0
2025-09-29 10:10:52 [INFO]  Epoch 33 loss: 1342.945839881897; train accuracy: 0.43050247302158273; test accuracy: 0.0
2025-09-29 10:13:40 [INFO]  Epoch 34 loss: 1178.6554245948792; train accuracy: 0.43277877697841727; test accuracy: 0.0
2025-09-29 10:13:40 [INFO]  Client 1 Finish Local Training--------|
2025-09-29 10:13:40 [INFO]  Client 1 Collecting Local Prototypes--------|
2025-09-29 10:13:40 [INFO]  Client 2 Starts Local Trainning--------|
2025-09-29 10:17:18 [INFO]  Epoch 30 loss: 2276.2423238754272; train accuracy: 0.46241034836065575; test accuracy: 0.0
2025-09-29 10:17:19 [INFO]  Save the model in ./checkpoints/Tiny_alpha0.1/local_models/client_2/epoch_30.pth
2025-09-29 10:20:57 [INFO]  Epoch 31 loss: 2098.7736711502075; train accuracy: 0.45508879781420764; test accuracy: 0.0
2025-09-29 10:24:37 [INFO]  Epoch 32 loss: 1910.221004486084; train accuracy: 0.4563481898907104; test accuracy: 0.0
2025-09-29 10:28:16 [INFO]  Epoch 33 loss: 1716.6132440567017; train accuracy: 0.4532103825136612; test accuracy: 0.0
2025-09-29 10:31:55 [INFO]  Epoch 34 loss: 1541.2986917495728; train accuracy: 0.5429260587431693; test accuracy: 0.0
2025-09-29 10:31:55 [INFO]  Client 2 Finish Local Training--------|
2025-09-29 10:31:55 [INFO]  Client 2 Collecting Local Prototypes--------|
2025-09-29 10:31:55 [INFO]  Client 3 Starts Local Trainning--------|
2025-09-29 10:35:00 [INFO]  Epoch 30 loss: 1925.5690250396729; train accuracy: 0.4785927220394737; test accuracy: 0.0
2025-09-29 10:35:00 [INFO]  Save the model in ./checkpoints/Tiny_alpha0.1/local_models/client_3/epoch_30.pth
2025-09-29 10:38:03 [INFO]  Epoch 31 loss: 1759.2393159866333; train accuracy: 0.46420127467105265; test accuracy: 0.0
2025-09-29 10:41:06 [INFO]  Epoch 32 loss: 1580.4273567199707; train accuracy: 0.5269068667763158; test accuracy: 0.0
2025-09-29 10:44:09 [INFO]  Epoch 33 loss: 1420.0710501670837; train accuracy: 0.49311266447368424; test accuracy: 0.0
2025-09-29 10:47:12 [INFO]  Epoch 34 loss: 1243.9782891273499; train accuracy: 0.44711143092105265; test accuracy: 0.0
2025-09-29 10:47:12 [INFO]  Client 3 Finish Local Training--------|
2025-09-29 10:47:12 [INFO]  Client 3 Collecting Local Prototypes--------|
2025-09-29 10:47:12 [INFO]  Client 4 Starts Local Trainning--------|
2025-09-29 10:50:30 [INFO]  Epoch 30 loss: 2076.5253915786743; train accuracy: 0.47431344696969696; test accuracy: 0.0076
2025-09-29 10:50:31 [INFO]  Save the model in ./checkpoints/Tiny_alpha0.1/local_models/client_4/epoch_30.pth
2025-09-29 10:53:52 [INFO]  Epoch 31 loss: 1930.1315298080444; train accuracy: 0.4507339015151515; test accuracy: 0.0304
2025-09-29 10:57:13 [INFO]  Epoch 32 loss: 1739.1438579559326; train accuracy: 0.470217803030303; test accuracy: 0.013
2025-09-29 11:00:35 [INFO]  Epoch 33 loss: 1556.360544681549; train accuracy: 0.4947443181818182; test accuracy: 0.0349
2025-09-29 11:03:56 [INFO]  Epoch 34 loss: 1388.5632882118225; train accuracy: 0.5137784090909091; test accuracy: 0.0104
2025-09-29 11:03:56 [INFO]  Client 4 Finish Local Training--------|
2025-09-29 11:03:56 [INFO]  Client 4 Collecting Local Prototypes--------|
2025-09-29 11:03:56 [INFO]  Round 6 Finish--------|
2025-09-29 11:03:56 [INFO]  Model variance: mean: 0.009699973277747631, sum: 109330.65625
2025-09-29 11:03:56 [INFO]  g_protos_std: 0.9800207614898682
2025-09-29 11:03:56 [INFO]  V7 Training | Using SIMPLE server aggregation.
2025-09-29 11:04:24 [INFO]  The test accuracy (with prototype) of OneShotOursV7+SimpleServer: 0.0042
2025-09-29 11:04:24 [INFO]  Save config to ./checkpoints/Tiny_alpha0.1/baselines_OneShotOursV7+SimpleServer_CIFAR10_results.yaml
2025-09-29 11:04:24 [INFO]  Round 7 starts--------|
2025-09-29 11:04:24 [INFO]  Client 0 Starts Local Trainning--------|
2025-09-29 11:07:33 [INFO]  Epoch 35 loss: 1870.3841552734375; train accuracy: 0.4988078327922078; test accuracy: 0.0105
2025-09-29 11:07:33 [INFO]  Save the model in ./checkpoints/Tiny_alpha0.1/local_models/client_0/epoch_35.pth
2025-09-29 11:10:41 [INFO]  Epoch 36 loss: 1727.7973203659058; train accuracy: 0.5201907467532467; test accuracy: 0.0071
2025-09-29 11:13:49 [INFO]  Epoch 37 loss: 1573.842261314392; train accuracy: 0.5315543831168831; test accuracy: 0.0159
2025-09-29 11:17:00 [INFO]  Epoch 38 loss: 1401.902639389038; train accuracy: 0.5309202516233766; test accuracy: 0.0151
2025-09-29 11:20:10 [INFO]  Epoch 39 loss: 1220.456799030304; train accuracy: 0.601080560064935; test accuracy: 0.0104
2025-09-29 11:20:10 [INFO]  Client 0 Finish Local Training--------|
2025-09-29 11:20:10 [INFO]  Client 0 Collecting Local Prototypes--------|
2025-09-29 11:20:10 [INFO]  Client 1 Starts Local Trainning--------|
2025-09-29 11:23:02 [INFO]  Epoch 35 loss: 1726.263994216919; train accuracy: 0.43072729316546765; test accuracy: 0.0
2025-09-29 11:23:02 [INFO]  Save the model in ./checkpoints/Tiny_alpha0.1/local_models/client_1/epoch_35.pth
2025-09-29 11:25:53 [INFO]  Epoch 36 loss: 1576.90163230896; train accuracy: 0.4433453237410072; test accuracy: 0.0
2025-09-29 11:28:44 [INFO]  Epoch 37 loss: 1417.7942008972168; train accuracy: 0.47664680755395683; test accuracy: 0.0
2025-09-29 11:31:37 [INFO]  Epoch 38 loss: 1277.2851581573486; train accuracy: 0.49294626798561153; test accuracy: 0.0
2025-09-29 11:34:29 [INFO]  Epoch 39 loss: 1113.9726481437683; train accuracy: 0.4712511241007194; test accuracy: 0.0
2025-09-29 11:34:29 [INFO]  Client 1 Finish Local Training--------|
2025-09-29 11:34:29 [INFO]  Client 1 Collecting Local Prototypes--------|
2025-09-29 11:34:29 [INFO]  Client 2 Starts Local Trainning--------|
2025-09-29 11:38:14 [INFO]  Epoch 35 loss: 2243.1407442092896; train accuracy: 0.49169655054644806; test accuracy: 0.0
2025-09-29 11:38:14 [INFO]  Save the model in ./checkpoints/Tiny_alpha0.1/local_models/client_2/epoch_35.pth
2025-09-29 11:41:58 [INFO]  Epoch 36 loss: 2039.811674118042; train accuracy: 0.5373975409836066; test accuracy: 0.0
2025-09-29 11:45:42 [INFO]  Epoch 37 loss: 1855.8758707046509; train accuracy: 0.48612534153005466; test accuracy: 0.0
2025-09-29 11:49:24 [INFO]  Epoch 38 loss: 1628.2683968544006; train accuracy: 0.49370303961748635; test accuracy: 0.0
2025-09-29 11:55:23 [INFO]  Epoch 39 loss: 1446.641869544983; train accuracy: 0.5377604166666666; test accuracy: 0.0
2025-09-29 11:55:23 [INFO]  Client 2 Finish Local Training--------|
2025-09-29 11:55:23 [INFO]  Client 2 Collecting Local Prototypes--------|
2025-09-29 11:55:23 [INFO]  Client 3 Starts Local Trainning--------|
