2025-09-29 00:50:18 [INFO]  Load config from ./configs/Tiny_alpha0.05.yaml
2025-09-29 00:50:18 [INFO]  config: {'exp_name': 'Tiny_alpha0.05', 'dataset': {'data_name': 'Tiny-ImageNet', 'root_path': '~/datasets/', 'train_batch_size': 256, 'test_batch_size': 256, 'channels': 3, 'num_classes': 200, 'image_size': 64, 'aux_data_name': 'Tiny-ImageNet', 'aux_root_path': '~/datasets/', 'aux_split': 'test'}, 'distribution': {'type': 'dirichlet', 'label_num_per_client': 2, 'alpha': 0.05}, 'client': {'num_clients': 5}, 'server': {'num_rounds': 10, 'frac_clients': 1.0, 'lr': 0.05, 'local_epochs': 5, 'optimizer': 'sgd', 'momentum': 0.9, 'weight_decay': 0.0001, 'loss_name': 'ce', 'model_name': 'resnet18', 'aggregated_by_datasize': True, 'lr_decay_per_round': 0.998}, 'device': 'cuda:0', 'checkpoint': {'save_path': './checkpoints/', 'save_freq': 5, 'result_file': 'CIFAR10_results.yaml'}, 'pretrain': {'lr': 0.01, 'epoch': 70, 'model_path': './pretrain/', 'momentum': 0.9, 'weight_decay': 0.0001, 'model_name': 'resnet18', 'model_file_name': 'resnet18-f37072fd.pth'}, 'DBCD': {'alpha_l_pa': 1, 'alpha_l_pb': 1, 'alpha_l_pc': 0.0, 'Beta_alpha': 0.2, 'unsup_method': 'infonce', 'contrastive_temperature': 0.5, 'encoder_epoch': 40, 'projector_epoch': 10, 'use_pretrain': False, 'aug_batch_size': 512, 'encoder_lr': 0.03, 'cls_optimizer': 'sgd', 'cls_lr': 0.05, 'supcon_temp': 0.07, 'super_gr': 100, 'aux_with_public': True}, 'etf': {'loss_name': 'ce'}, 'visualization': {'interval': 5, 'save_path': 'visualization/resnet18', 'vis_size': 16}, 'resume': True, 'resume_best': False, 'seed': 1, 'lambda_align_initial': 5.0}
2025-09-29 00:50:19 [INFO]  Dataset Tiny-ImageNet loaded
2025-09-29 00:50:19 [INFO]  Dataset index dict loaded from preprocessed_data/Tiny-ImageNet.pt
2025-09-29 00:50:19 [INFO]  OneshotOursV6 with DRCL and Lambda Annealing
2025-09-29 00:50:19 [INFO]  Initialized fixed anchors with shape: torch.Size([200, 512])
2025-09-29 00:50:19 [INFO]  Round 0 starts--------|
2025-09-29 00:50:19 [INFO]  Client 0 Starts Local Trainning--------|
2025-09-29 00:51:12 [INFO]  generating sample per sample
2025-09-29 00:53:09 [INFO]  Epoch 0 loss: 2597.57159614563; train accuracy: 0.031463623046875; test accuracy: 0.008
2025-09-29 00:53:09 [INFO]  Save the model in ./checkpoints/Tiny_alpha0.05/local_models/client_0/epoch_0.pth
2025-09-29 00:55:15 [INFO]  Epoch 1 loss: 2266.1050128936768; train accuracy: 0.0682373046875; test accuracy: 0.0
2025-09-29 00:57:18 [INFO]  Epoch 2 loss: 2055.8489561080933; train accuracy: 0.10565185546875; test accuracy: 0.0021
2025-09-29 00:59:21 [INFO]  Epoch 3 loss: 1856.1432781219482; train accuracy: 0.102081298828125; test accuracy: 0.0001
2025-09-29 01:01:17 [INFO]  Epoch 4 loss: 1655.8292846679688; train accuracy: 0.15289306640625; test accuracy: 0.0017
2025-09-29 01:01:17 [INFO]  Client 0 Finish Local Training--------|
2025-09-29 01:01:17 [INFO]  Client 0 Collecting Local Prototypes--------|
2025-09-29 01:01:17 [INFO]  Client 1 Starts Local Trainning--------|
2025-09-29 01:02:08 [INFO]  generating sample per sample
2025-09-29 01:04:06 [INFO]  Epoch 0 loss: 2559.8819103240967; train accuracy: 0.04544890873015873; test accuracy: 0.0
2025-09-29 01:04:06 [INFO]  Save the model in ./checkpoints/Tiny_alpha0.05/local_models/client_1/epoch_0.pth
2025-09-29 01:06:07 [INFO]  Epoch 1 loss: 2221.528802871704; train accuracy: 0.06228298611111111; test accuracy: 0.0
2025-09-29 01:08:07 [INFO]  Epoch 2 loss: 2012.0042943954468; train accuracy: 0.09117683531746032; test accuracy: 0.0
2025-09-29 01:10:08 [INFO]  Epoch 3 loss: 1805.7343091964722; train accuracy: 0.11917162698412699; test accuracy: 0.0
2025-09-29 01:12:05 [INFO]  Epoch 4 loss: 1622.287055015564; train accuracy: 0.1427331349206349; test accuracy: 0.0
2025-09-29 01:12:05 [INFO]  Client 1 Finish Local Training--------|
2025-09-29 01:12:05 [INFO]  Client 1 Collecting Local Prototypes--------|
2025-09-29 01:12:05 [INFO]  Client 2 Starts Local Trainning--------|
2025-09-29 01:12:49 [INFO]  generating sample per sample
2025-09-29 01:14:31 [INFO]  Epoch 0 loss: 2166.9270629882812; train accuracy: 0.03819444444444445; test accuracy: 0.0
2025-09-29 01:14:31 [INFO]  Save the model in ./checkpoints/Tiny_alpha0.05/local_models/client_2/epoch_0.pth
2025-09-29 01:16:16 [INFO]  Epoch 1 loss: 1895.301836013794; train accuracy: 0.058991608796296294; test accuracy: 0.0
2025-09-29 01:18:02 [INFO]  Epoch 2 loss: 1713.12357711792; train accuracy: 0.08257378472222222; test accuracy: 0.0
2025-09-29 01:19:40 [INFO]  Epoch 3 loss: 1529.866382598877; train accuracy: 0.09899450231481481; test accuracy: 0.0
2025-09-29 01:21:25 [INFO]  Epoch 4 loss: 1385.24427318573; train accuracy: 0.09541377314814815; test accuracy: 0.0
2025-09-29 01:21:25 [INFO]  Client 2 Finish Local Training--------|
2025-09-29 01:21:25 [INFO]  Client 2 Collecting Local Prototypes--------|
2025-09-29 01:21:25 [INFO]  Client 3 Starts Local Trainning--------|
2025-09-29 01:22:18 [INFO]  generating sample per sample
2025-09-29 01:24:24 [INFO]  Epoch 0 loss: 2631.3924350738525; train accuracy: 0.040970203488372096; test accuracy: 0.0
2025-09-29 01:24:25 [INFO]  Save the model in ./checkpoints/Tiny_alpha0.05/local_models/client_3/epoch_0.pth
2025-09-29 01:26:28 [INFO]  Epoch 1 loss: 2288.874221801758; train accuracy: 0.0711906492248062; test accuracy: 0.0
2025-09-29 01:28:29 [INFO]  Epoch 2 loss: 2065.42684841156; train accuracy: 0.09153948643410853; test accuracy: 0.0
2025-09-29 01:30:28 [INFO]  Epoch 3 loss: 1856.6187000274658; train accuracy: 0.12194161821705427; test accuracy: 0.0
2025-09-29 01:32:32 [INFO]  Epoch 4 loss: 1661.6509132385254; train accuracy: 0.10498425387596899; test accuracy: 0.0
2025-09-29 01:32:33 [INFO]  Client 3 Finish Local Training--------|
2025-09-29 01:32:33 [INFO]  Client 3 Collecting Local Prototypes--------|
2025-09-29 01:32:33 [INFO]  Client 4 Starts Local Trainning--------|
2025-09-29 01:33:21 [INFO]  generating sample per sample
2025-09-29 01:35:14 [INFO]  Epoch 0 loss: 2395.450569152832; train accuracy: 0.045120497881355935; test accuracy: 0.0033
2025-09-29 01:35:15 [INFO]  Save the model in ./checkpoints/Tiny_alpha0.05/local_models/client_4/epoch_0.pth
2025-09-29 01:37:08 [INFO]  Epoch 1 loss: 2103.870174407959; train accuracy: 0.06289724576271187; test accuracy: 0.0
2025-09-29 01:38:57 [INFO]  Epoch 2 loss: 1911.5168199539185; train accuracy: 0.06888903601694915; test accuracy: 0.0
2025-09-29 01:40:50 [INFO]  Epoch 3 loss: 1732.7457571029663; train accuracy: 0.08537473516949153; test accuracy: 0.0
2025-09-29 01:42:41 [INFO]  Epoch 4 loss: 1560.4901866912842; train accuracy: 0.1225834216101695; test accuracy: 0.0063
2025-09-29 01:42:41 [INFO]  Client 4 Finish Local Training--------|
2025-09-29 01:42:41 [INFO]  Client 4 Collecting Local Prototypes--------|
2025-09-29 01:42:41 [INFO]  Round 0 Finish--------|
2025-09-29 01:42:41 [INFO]  Model variance: mean: 0.002848227508366108, sum: 32103.03515625
2025-09-29 01:42:41 [INFO]  g_protos_std: 1.0004764795303345
2025-09-29 01:42:41 [INFO]  V7 Training | Using ADVANCED IFFI server aggregation.
2025-09-29 01:43:11 [INFO]  The test accuracy (with prototype) of OneShotOursV7+AdvancedServer: 0.0196
2025-09-29 01:43:11 [INFO]  Save config to ./checkpoints/Tiny_alpha0.05/baselines_OneShotOursV7+AdvancedServer_CIFAR10_results.yaml
2025-09-29 01:43:11 [INFO]  Round 1 starts--------|
2025-09-29 01:43:11 [INFO]  Client 0 Starts Local Trainning--------|
2025-09-29 01:45:12 [INFO]  Epoch 5 loss: 2126.5327711105347; train accuracy: 0.1182861328125; test accuracy: 0.0057
2025-09-29 01:45:12 [INFO]  Save the model in ./checkpoints/Tiny_alpha0.05/local_models/client_0/epoch_5.pth
2025-09-29 01:47:15 [INFO]  Epoch 6 loss: 1962.8298177719116; train accuracy: 0.20257568359375; test accuracy: 0.0041
2025-09-29 01:49:14 [INFO]  Epoch 7 loss: 1790.7709560394287; train accuracy: 0.204925537109375; test accuracy: 0.0181
2025-09-29 01:51:11 [INFO]  Epoch 8 loss: 1627.4506177902222; train accuracy: 0.247802734375; test accuracy: 0.0278
2025-09-29 01:53:11 [INFO]  Epoch 9 loss: 1466.455578804016; train accuracy: 0.279693603515625; test accuracy: 0.0154
2025-09-29 01:53:11 [INFO]  Client 0 Finish Local Training--------|
2025-09-29 01:53:11 [INFO]  Client 0 Collecting Local Prototypes--------|
2025-09-29 01:53:11 [INFO]  Client 1 Starts Local Trainning--------|
2025-09-29 01:55:07 [INFO]  Epoch 5 loss: 2076.489983558655; train accuracy: 0.1771453373015873; test accuracy: 0.0
2025-09-29 01:55:07 [INFO]  Save the model in ./checkpoints/Tiny_alpha0.05/local_models/client_1/epoch_5.pth
2025-09-29 01:57:06 [INFO]  Epoch 6 loss: 1915.76469039917; train accuracy: 0.2042720734126984; test accuracy: 0.0
2025-09-29 01:59:03 [INFO]  Epoch 7 loss: 1751.1669301986694; train accuracy: 0.20076884920634921; test accuracy: 0.0
2025-09-29 02:01:01 [INFO]  Epoch 8 loss: 1592.1637086868286; train accuracy: 0.23487103174603174; test accuracy: 0.0
2025-09-29 02:02:59 [INFO]  Epoch 9 loss: 1427.8774738311768; train accuracy: 0.2357390873015873; test accuracy: 0.0
2025-09-29 02:02:59 [INFO]  Client 1 Finish Local Training--------|
2025-09-29 02:02:59 [INFO]  Client 1 Collecting Local Prototypes--------|
2025-09-29 02:02:59 [INFO]  Client 2 Starts Local Trainning--------|
2025-09-29 02:04:41 [INFO]  Epoch 5 loss: 1768.221495628357; train accuracy: 0.14478443287037038; test accuracy: 0.0
2025-09-29 02:04:41 [INFO]  Save the model in ./checkpoints/Tiny_alpha0.05/local_models/client_2/epoch_5.pth
2025-09-29 02:06:21 [INFO]  Epoch 6 loss: 1629.7938013076782; train accuracy: 0.15574363425925927; test accuracy: 0.0
2025-09-29 02:08:02 [INFO]  Epoch 7 loss: 1496.329888343811; train accuracy: 0.2251519097222222; test accuracy: 0.0
2025-09-29 02:09:40 [INFO]  Epoch 8 loss: 1352.984182357788; train accuracy: 0.20395688657407407; test accuracy: 0.0
2025-09-29 02:11:21 [INFO]  Epoch 9 loss: 1230.5331678390503; train accuracy: 0.19958043981481483; test accuracy: 0.0
2025-09-29 02:11:21 [INFO]  Client 2 Finish Local Training--------|
2025-09-29 02:11:21 [INFO]  Client 2 Collecting Local Prototypes--------|
2025-09-29 02:11:21 [INFO]  Client 3 Starts Local Trainning--------|
2025-09-29 02:13:19 [INFO]  Epoch 5 loss: 2141.325143814087; train accuracy: 0.1488311531007752; test accuracy: 0.0
2025-09-29 02:13:19 [INFO]  Save the model in ./checkpoints/Tiny_alpha0.05/local_models/client_3/epoch_5.pth
2025-09-29 02:15:17 [INFO]  Epoch 6 loss: 1973.6644115447998; train accuracy: 0.14107921511627908; test accuracy: 0.0
2025-09-29 02:17:16 [INFO]  Epoch 7 loss: 1813.1565608978271; train accuracy: 0.19576671511627908; test accuracy: 0.0
2025-09-29 02:19:17 [INFO]  Epoch 8 loss: 1643.4216766357422; train accuracy: 0.1851078003875969; test accuracy: 0.0
2025-09-29 02:21:14 [INFO]  Epoch 9 loss: 1476.9245471954346; train accuracy: 0.2129360465116279; test accuracy: 0.0
2025-09-29 02:21:14 [INFO]  Client 3 Finish Local Training--------|
2025-09-29 02:21:14 [INFO]  Client 3 Collecting Local Prototypes--------|
2025-09-29 02:21:14 [INFO]  Client 4 Starts Local Trainning--------|
2025-09-29 02:23:03 [INFO]  Epoch 5 loss: 1994.5090265274048; train accuracy: 0.1360897775423729; test accuracy: 0.0238
2025-09-29 02:23:04 [INFO]  Save the model in ./checkpoints/Tiny_alpha0.05/local_models/client_4/epoch_5.pth
2025-09-29 02:24:52 [INFO]  Epoch 6 loss: 1850.4842834472656; train accuracy: 0.1849510063559322; test accuracy: 0.0241
2025-09-29 02:26:43 [INFO]  Epoch 7 loss: 1694.4074335098267; train accuracy: 0.1853813559322034; test accuracy: 0.0058
2025-09-29 02:28:31 [INFO]  Epoch 8 loss: 1533.0747632980347; train accuracy: 0.24659030720338984; test accuracy: 0.0411
2025-09-29 02:30:21 [INFO]  Epoch 9 loss: 1384.5946311950684; train accuracy: 0.2145127118644068; test accuracy: 0.0015
2025-09-29 02:30:22 [INFO]  Client 4 Finish Local Training--------|
2025-09-29 02:30:22 [INFO]  Client 4 Collecting Local Prototypes--------|
2025-09-29 02:30:22 [INFO]  Round 1 Finish--------|
2025-09-29 02:30:22 [INFO]  Model variance: mean: 0.004153164569288492, sum: 46811.28125
2025-09-29 02:30:22 [INFO]  g_protos_std: 0.9976184964179993
2025-09-29 02:30:22 [INFO]  V7 Training | Using ADVANCED IFFI server aggregation.
2025-09-29 02:30:51 [INFO]  The test accuracy (with prototype) of OneShotOursV7+AdvancedServer: 0.0161
2025-09-29 02:30:51 [INFO]  Save config to ./checkpoints/Tiny_alpha0.05/baselines_OneShotOursV7+AdvancedServer_CIFAR10_results.yaml
2025-09-29 02:30:51 [INFO]  Round 2 starts--------|
2025-09-29 02:30:51 [INFO]  Client 0 Starts Local Trainning--------|
2025-09-29 02:32:51 [INFO]  Epoch 10 loss: 1966.518759727478; train accuracy: 0.23822021484375; test accuracy: 0.0011
2025-09-29 02:32:51 [INFO]  Save the model in ./checkpoints/Tiny_alpha0.05/local_models/client_0/epoch_10.pth
2025-09-29 02:34:51 [INFO]  Epoch 11 loss: 1803.0377931594849; train accuracy: 0.263092041015625; test accuracy: 0.0096
2025-09-29 02:36:52 [INFO]  Epoch 12 loss: 1646.6192169189453; train accuracy: 0.23687744140625; test accuracy: 0.0188
2025-09-29 02:38:52 [INFO]  Epoch 13 loss: 1494.5558853149414; train accuracy: 0.25054931640625; test accuracy: 0.0101
2025-09-29 02:40:50 [INFO]  Epoch 14 loss: 1350.1778001785278; train accuracy: 0.3564453125; test accuracy: 0.0124
2025-09-29 02:40:50 [INFO]  Client 0 Finish Local Training--------|
2025-09-29 02:40:50 [INFO]  Client 0 Collecting Local Prototypes--------|
2025-09-29 02:40:50 [INFO]  Client 1 Starts Local Trainning--------|
2025-09-29 02:42:46 [INFO]  Epoch 10 loss: 1910.7715492248535; train accuracy: 0.2406684027777778; test accuracy: 0.0
2025-09-29 02:42:46 [INFO]  Save the model in ./checkpoints/Tiny_alpha0.05/local_models/client_1/epoch_10.pth
2025-09-29 02:44:40 [INFO]  Epoch 11 loss: 1757.2593421936035; train accuracy: 0.3010912698412698; test accuracy: 0.0
2025-09-29 02:46:36 [INFO]  Epoch 12 loss: 1615.9997663497925; train accuracy: 0.25220114087301587; test accuracy: 0.0
2025-09-29 02:48:33 [INFO]  Epoch 13 loss: 1467.1118726730347; train accuracy: 0.2701512896825397; test accuracy: 0.0
2025-09-29 02:50:29 [INFO]  Epoch 14 loss: 1314.4416790008545; train accuracy: 0.3069816468253968; test accuracy: 0.0
2025-09-29 02:50:29 [INFO]  Client 1 Finish Local Training--------|
2025-09-29 02:50:29 [INFO]  Client 1 Collecting Local Prototypes--------|
2025-09-29 02:50:29 [INFO]  Client 2 Starts Local Trainning--------|
2025-09-29 02:52:10 [INFO]  Epoch 10 loss: 1625.7465600967407; train accuracy: 0.21889467592592593; test accuracy: 0.0
2025-09-29 02:52:11 [INFO]  Save the model in ./checkpoints/Tiny_alpha0.05/local_models/client_2/epoch_10.pth
2025-09-29 02:53:49 [INFO]  Epoch 11 loss: 1499.6539459228516; train accuracy: 0.21184172453703703; test accuracy: 0.0
2025-09-29 02:55:31 [INFO]  Epoch 12 loss: 1376.8865785598755; train accuracy: 0.2766927083333333; test accuracy: 0.0
2025-09-29 02:57:12 [INFO]  Epoch 13 loss: 1260.6175994873047; train accuracy: 0.23741319444444445; test accuracy: 0.0
2025-09-29 02:58:54 [INFO]  Epoch 14 loss: 1132.8767023086548; train accuracy: 0.2847583912037037; test accuracy: 0.0
2025-09-29 02:58:54 [INFO]  Client 2 Finish Local Training--------|
2025-09-29 02:58:54 [INFO]  Client 2 Collecting Local Prototypes--------|
2025-09-29 02:58:54 [INFO]  Client 3 Starts Local Trainning--------|
2025-09-29 03:00:55 [INFO]  Epoch 10 loss: 1978.5601196289062; train accuracy: 0.2675024224806202; test accuracy: 0.0
2025-09-29 03:00:55 [INFO]  Save the model in ./checkpoints/Tiny_alpha0.05/local_models/client_3/epoch_10.pth
2025-09-29 03:02:53 [INFO]  Epoch 11 loss: 1818.7865715026855; train accuracy: 0.21984011627906977; test accuracy: 0.0
2025-09-29 03:04:52 [INFO]  Epoch 12 loss: 1661.9564657211304; train accuracy: 0.28821463178294576; test accuracy: 0.0
2025-09-29 03:06:52 [INFO]  Epoch 13 loss: 1516.1302824020386; train accuracy: 0.2415515988372093; test accuracy: 0.0
2025-09-29 03:08:54 [INFO]  Epoch 14 loss: 1386.4968366622925; train accuracy: 0.296875; test accuracy: 0.0
2025-09-29 03:08:54 [INFO]  Client 3 Finish Local Training--------|
2025-09-29 03:08:54 [INFO]  Client 3 Collecting Local Prototypes--------|
2025-09-29 03:08:54 [INFO]  Client 4 Starts Local Trainning--------|
2025-09-29 03:10:45 [INFO]  Epoch 10 loss: 1838.7881708145142; train accuracy: 0.2604939088983051; test accuracy: 0.0165
2025-09-29 03:10:45 [INFO]  Save the model in ./checkpoints/Tiny_alpha0.05/local_models/client_4/epoch_10.pth
2025-09-29 03:12:34 [INFO]  Epoch 11 loss: 1683.6191453933716; train accuracy: 0.23642743644067796; test accuracy: 0.0082
2025-09-29 03:14:24 [INFO]  Epoch 12 loss: 1549.6544094085693; train accuracy: 0.2727092161016949; test accuracy: 0.0022
2025-09-29 03:16:13 [INFO]  Epoch 13 loss: 1418.1217050552368; train accuracy: 0.24238612288135594; test accuracy: 0.007
2025-09-29 03:18:03 [INFO]  Epoch 14 loss: 1285.3162899017334; train accuracy: 0.2936970338983051; test accuracy: 0.0189
2025-09-29 03:18:03 [INFO]  Client 4 Finish Local Training--------|
2025-09-29 03:18:03 [INFO]  Client 4 Collecting Local Prototypes--------|
2025-09-29 03:18:03 [INFO]  Round 2 Finish--------|
2025-09-29 03:18:03 [INFO]  Model variance: mean: 0.005191536620259285, sum: 58515.015625
2025-09-29 03:18:03 [INFO]  g_protos_std: 0.9949440956115723
2025-09-29 03:18:03 [INFO]  V7 Training | Using ADVANCED IFFI server aggregation.
2025-09-29 03:18:32 [INFO]  The test accuracy (with prototype) of OneShotOursV7+AdvancedServer: 0.0142
2025-09-29 03:18:32 [INFO]  Save config to ./checkpoints/Tiny_alpha0.05/baselines_OneShotOursV7+AdvancedServer_CIFAR10_results.yaml
2025-09-29 03:18:32 [INFO]  Round 3 starts--------|
2025-09-29 03:18:32 [INFO]  Client 0 Starts Local Trainning--------|
2025-09-29 03:20:31 [INFO]  Epoch 15 loss: 1850.8379192352295; train accuracy: 0.36529541015625; test accuracy: 0.0015
2025-09-29 03:20:31 [INFO]  Save the model in ./checkpoints/Tiny_alpha0.05/local_models/client_0/epoch_15.pth
2025-09-29 03:22:28 [INFO]  Epoch 16 loss: 1694.982894897461; train accuracy: 0.30364990234375; test accuracy: 0.0112
2025-09-29 03:24:25 [INFO]  Epoch 17 loss: 1554.0172204971313; train accuracy: 0.3480224609375; test accuracy: 0.0049
2025-09-29 03:26:23 [INFO]  Epoch 18 loss: 1402.871787071228; train accuracy: 0.31658935546875; test accuracy: 0.0186
2025-09-29 03:28:20 [INFO]  Epoch 19 loss: 1261.4623775482178; train accuracy: 0.353302001953125; test accuracy: 0.0235
2025-09-29 03:28:20 [INFO]  Client 0 Finish Local Training--------|
2025-09-29 03:28:20 [INFO]  Client 0 Collecting Local Prototypes--------|
2025-09-29 03:28:20 [INFO]  Client 1 Starts Local Trainning--------|
2025-09-29 03:30:13 [INFO]  Epoch 15 loss: 1806.9953136444092; train accuracy: 0.24934895833333334; test accuracy: 0.0
2025-09-29 03:30:14 [INFO]  Save the model in ./checkpoints/Tiny_alpha0.05/local_models/client_1/epoch_15.pth
2025-09-29 03:32:10 [INFO]  Epoch 16 loss: 1647.867527961731; train accuracy: 0.3180493551587302; test accuracy: 0.0
2025-09-29 03:34:03 [INFO]  Epoch 17 loss: 1512.8262405395508; train accuracy: 0.37372891865079366; test accuracy: 0.0
2025-09-29 03:35:59 [INFO]  Epoch 18 loss: 1393.6954708099365; train accuracy: 0.37453497023809523; test accuracy: 0.0
2025-09-29 03:37:55 [INFO]  Epoch 19 loss: 1241.1406202316284; train accuracy: 0.3170572916666667; test accuracy: 0.0
2025-09-29 03:37:55 [INFO]  Client 1 Finish Local Training--------|
2025-09-29 03:37:55 [INFO]  Client 1 Collecting Local Prototypes--------|
2025-09-29 03:37:55 [INFO]  Client 2 Starts Local Trainning--------|
2025-09-29 03:39:34 [INFO]  Epoch 15 loss: 1556.8156251907349; train accuracy: 0.4010416666666667; test accuracy: 0.0
2025-09-29 03:39:34 [INFO]  Save the model in ./checkpoints/Tiny_alpha0.05/local_models/client_2/epoch_15.pth
2025-09-29 03:41:13 [INFO]  Epoch 16 loss: 1424.2468700408936; train accuracy: 0.3413628472222222; test accuracy: 0.0
2025-09-29 03:42:54 [INFO]  Epoch 17 loss: 1307.2613906860352; train accuracy: 0.39210792824074076; test accuracy: 0.0
2025-09-29 03:44:33 [INFO]  Epoch 18 loss: 1183.9828872680664; train accuracy: 0.3626663773148148; test accuracy: 0.0
2025-09-29 03:46:13 [INFO]  Epoch 19 loss: 1086.4599304199219; train accuracy: 0.3146701388888889; test accuracy: 0.0
2025-09-29 03:46:13 [INFO]  Client 2 Finish Local Training--------|
2025-09-29 03:46:13 [INFO]  Client 2 Collecting Local Prototypes--------|
2025-09-29 03:46:13 [INFO]  Client 3 Starts Local Trainning--------|
2025-09-29 03:48:09 [INFO]  Epoch 15 loss: 1865.5705671310425; train accuracy: 0.2947553294573643; test accuracy: 0.0
2025-09-29 03:48:09 [INFO]  Save the model in ./checkpoints/Tiny_alpha0.05/local_models/client_3/epoch_15.pth
2025-09-29 03:50:03 [INFO]  Epoch 16 loss: 1712.2011260986328; train accuracy: 0.29339268410852715; test accuracy: 0.0
2025-09-29 03:52:00 [INFO]  Epoch 17 loss: 1567.2128105163574; train accuracy: 0.29684471899224807; test accuracy: 0.0
2025-09-29 03:53:56 [INFO]  Epoch 18 loss: 1412.939507484436; train accuracy: 0.3357255329457364; test accuracy: 0.0
2025-09-29 03:55:53 [INFO]  Epoch 19 loss: 1289.974416732788; train accuracy: 0.29966085271317827; test accuracy: 0.0
2025-09-29 03:55:53 [INFO]  Client 3 Finish Local Training--------|
2025-09-29 03:55:53 [INFO]  Client 3 Collecting Local Prototypes--------|
2025-09-29 03:55:53 [INFO]  Client 4 Starts Local Trainning--------|
2025-09-29 03:57:42 [INFO]  Epoch 15 loss: 1726.1153421401978; train accuracy: 0.2846265889830508; test accuracy: 0.0043
2025-09-29 03:57:42 [INFO]  Save the model in ./checkpoints/Tiny_alpha0.05/local_models/client_4/epoch_15.pth
2025-09-29 03:59:29 [INFO]  Epoch 16 loss: 1606.473346710205; train accuracy: 0.3063757944915254; test accuracy: 0.0084
2025-09-29 04:01:15 [INFO]  Epoch 17 loss: 1441.0605945587158; train accuracy: 0.3277608580508475; test accuracy: 0.0963
2025-09-29 04:03:03 [INFO]  Epoch 18 loss: 1330.2627811431885; train accuracy: 0.3788731461864407; test accuracy: 0.0368
2025-09-29 04:04:51 [INFO]  Epoch 19 loss: 1213.4947090148926; train accuracy: 0.3459679555084746; test accuracy: 0.0177
2025-09-29 04:04:51 [INFO]  Client 4 Finish Local Training--------|
2025-09-29 04:04:51 [INFO]  Client 4 Collecting Local Prototypes--------|
2025-09-29 04:04:51 [INFO]  Round 3 Finish--------|
2025-09-29 04:04:51 [INFO]  Model variance: mean: 0.0060803648084402084, sum: 68533.203125
2025-09-29 04:04:51 [INFO]  g_protos_std: 0.992396891117096
2025-09-29 04:04:51 [INFO]  V7 Training | Using ADVANCED IFFI server aggregation.
2025-09-29 04:05:19 [INFO]  The test accuracy (with prototype) of OneShotOursV7+AdvancedServer: 0.0147
2025-09-29 04:05:19 [INFO]  Save config to ./checkpoints/Tiny_alpha0.05/baselines_OneShotOursV7+AdvancedServer_CIFAR10_results.yaml
2025-09-29 04:05:19 [INFO]  Round 4 starts--------|
2025-09-29 04:05:19 [INFO]  Client 0 Starts Local Trainning--------|
2025-09-29 04:07:13 [INFO]  Epoch 20 loss: 1739.9722890853882; train accuracy: 0.387237548828125; test accuracy: 0.0138
2025-09-29 04:07:13 [INFO]  Save the model in ./checkpoints/Tiny_alpha0.05/local_models/client_0/epoch_20.pth
2025-09-29 04:09:10 [INFO]  Epoch 21 loss: 1598.6665706634521; train accuracy: 0.315277099609375; test accuracy: 0.0292
2025-09-29 04:11:08 [INFO]  Epoch 22 loss: 1469.4912815093994; train accuracy: 0.413055419921875; test accuracy: 0.0123
2025-09-29 04:13:06 [INFO]  Epoch 23 loss: 1333.9503412246704; train accuracy: 0.309173583984375; test accuracy: 0.0008
2025-09-29 04:15:03 [INFO]  Epoch 24 loss: 1191.4096412658691; train accuracy: 0.424957275390625; test accuracy: 0.0094
2025-09-29 04:15:03 [INFO]  Client 0 Finish Local Training--------|
2025-09-29 04:15:03 [INFO]  Client 0 Collecting Local Prototypes--------|
2025-09-29 04:15:03 [INFO]  Client 1 Starts Local Trainning--------|
2025-09-29 04:16:55 [INFO]  Epoch 20 loss: 1731.5159893035889; train accuracy: 0.3140500992063492; test accuracy: 0.0
2025-09-29 04:16:56 [INFO]  Save the model in ./checkpoints/Tiny_alpha0.05/local_models/client_1/epoch_20.pth
2025-09-29 04:18:50 [INFO]  Epoch 21 loss: 1572.1091842651367; train accuracy: 0.3619791666666667; test accuracy: 0.0
2025-09-29 04:20:45 [INFO]  Epoch 22 loss: 1438.676118850708; train accuracy: 0.4254712301587302; test accuracy: 0.0
2025-09-29 04:22:38 [INFO]  Epoch 23 loss: 1311.3078269958496; train accuracy: 0.38405257936507936; test accuracy: 0.0
2025-09-29 04:24:32 [INFO]  Epoch 24 loss: 1190.8118047714233; train accuracy: 0.36238219246031744; test accuracy: 0.0
2025-09-29 04:24:32 [INFO]  Client 1 Finish Local Training--------|
2025-09-29 04:24:32 [INFO]  Client 1 Collecting Local Prototypes--------|
2025-09-29 04:24:32 [INFO]  Client 2 Starts Local Trainning--------|
2025-09-29 04:26:13 [INFO]  Epoch 20 loss: 1486.9568557739258; train accuracy: 0.3651258680555556; test accuracy: 0.0
2025-09-29 04:26:13 [INFO]  Save the model in ./checkpoints/Tiny_alpha0.05/local_models/client_2/epoch_20.pth
2025-09-29 04:27:52 [INFO]  Epoch 21 loss: 1366.497142791748; train accuracy: 0.3529369212962963; test accuracy: 0.0
2025-09-29 04:29:31 [INFO]  Epoch 22 loss: 1256.8137369155884; train accuracy: 0.4439742476851852; test accuracy: 0.0
2025-09-29 04:31:09 [INFO]  Epoch 23 loss: 1114.141185760498; train accuracy: 0.38480179398148145; test accuracy: 0.0
2025-09-29 04:32:48 [INFO]  Epoch 24 loss: 1008.6088843345642; train accuracy: 0.45439091435185186; test accuracy: 0.0
2025-09-29 04:32:48 [INFO]  Client 2 Finish Local Training--------|
2025-09-29 04:32:48 [INFO]  Client 2 Collecting Local Prototypes--------|
2025-09-29 04:32:48 [INFO]  Client 3 Starts Local Trainning--------|
2025-09-29 04:34:45 [INFO]  Epoch 20 loss: 1757.3216800689697; train accuracy: 0.38947432170542634; test accuracy: 0.0
2025-09-29 04:34:45 [INFO]  Save the model in ./checkpoints/Tiny_alpha0.05/local_models/client_3/epoch_20.pth
2025-09-29 04:36:42 [INFO]  Epoch 21 loss: 1641.0411853790283; train accuracy: 0.38953488372093026; test accuracy: 0.0
2025-09-29 04:38:41 [INFO]  Epoch 22 loss: 1504.4925565719604; train accuracy: 0.35549903100775193; test accuracy: 0.0
2025-09-29 04:40:33 [INFO]  Epoch 23 loss: 1352.7164554595947; train accuracy: 0.37681686046511625; test accuracy: 0.0
2025-09-29 04:42:33 [INFO]  Epoch 24 loss: 1212.4700393676758; train accuracy: 0.3962875484496124; test accuracy: 0.0
2025-09-29 04:42:33 [INFO]  Client 3 Finish Local Training--------|
2025-09-29 04:42:33 [INFO]  Client 3 Collecting Local Prototypes--------|
2025-09-29 04:42:33 [INFO]  Client 4 Starts Local Trainning--------|
2025-09-29 04:44:21 [INFO]  Epoch 20 loss: 1654.5157318115234; train accuracy: 0.4123079978813559; test accuracy: 0.0251
2025-09-29 04:44:21 [INFO]  Save the model in ./checkpoints/Tiny_alpha0.05/local_models/client_4/epoch_20.pth
2025-09-29 04:46:10 [INFO]  Epoch 21 loss: 1521.9687032699585; train accuracy: 0.3626191737288136; test accuracy: 0.0049
2025-09-29 04:47:58 [INFO]  Epoch 22 loss: 1377.5324096679688; train accuracy: 0.376853813559322; test accuracy: 0.0237
2025-09-29 04:49:44 [INFO]  Epoch 23 loss: 1251.5667839050293; train accuracy: 0.3930415783898305; test accuracy: 0.0028
2025-09-29 04:51:32 [INFO]  Epoch 24 loss: 1148.4321298599243; train accuracy: 0.4598781779661017; test accuracy: 0.0439
2025-09-29 04:51:32 [INFO]  Client 4 Finish Local Training--------|
2025-09-29 04:51:32 [INFO]  Client 4 Collecting Local Prototypes--------|
2025-09-29 04:51:32 [INFO]  Round 4 Finish--------|
2025-09-29 04:51:32 [INFO]  Model variance: mean: 0.006879705935716629, sum: 77542.765625
2025-09-29 04:51:32 [INFO]  g_protos_std: 0.9899486303329468
2025-09-29 04:51:32 [INFO]  V7 Training | Using ADVANCED IFFI server aggregation.
2025-09-29 04:52:02 [INFO]  The test accuracy (with prototype) of OneShotOursV7+AdvancedServer: 0.0111
2025-09-29 04:52:02 [INFO]  Save config to ./checkpoints/Tiny_alpha0.05/baselines_OneShotOursV7+AdvancedServer_CIFAR10_results.yaml
2025-09-29 04:52:02 [INFO]  Round 5 starts--------|
2025-09-29 04:52:02 [INFO]  Client 0 Starts Local Trainning--------|
2025-09-29 04:54:02 [INFO]  Epoch 25 loss: 1674.3379344940186; train accuracy: 0.352081298828125; test accuracy: 0.0164
2025-09-29 04:54:02 [INFO]  Save the model in ./checkpoints/Tiny_alpha0.05/local_models/client_0/epoch_25.pth
2025-09-29 04:55:59 [INFO]  Epoch 26 loss: 1529.1632194519043; train accuracy: 0.416229248046875; test accuracy: 0.0058
2025-09-29 04:57:56 [INFO]  Epoch 27 loss: 1402.0996074676514; train accuracy: 0.442291259765625; test accuracy: 0.0291
2025-09-29 04:59:56 [INFO]  Epoch 28 loss: 1270.5461130142212; train accuracy: 0.4931640625; test accuracy: 0.009
2025-09-29 05:01:52 [INFO]  Epoch 29 loss: 1119.684875011444; train accuracy: 0.478607177734375; test accuracy: 0.0208
2025-09-29 05:01:52 [INFO]  Client 0 Finish Local Training--------|
2025-09-29 05:01:52 [INFO]  Client 0 Collecting Local Prototypes--------|
2025-09-29 05:01:52 [INFO]  Client 1 Starts Local Trainning--------|
2025-09-29 05:03:47 [INFO]  Epoch 25 loss: 1644.7150144577026; train accuracy: 0.41843377976190477; test accuracy: 0.0
2025-09-29 05:03:47 [INFO]  Save the model in ./checkpoints/Tiny_alpha0.05/local_models/client_1/epoch_25.pth
2025-09-29 05:05:43 [INFO]  Epoch 26 loss: 1513.0412731170654; train accuracy: 0.38327752976190477; test accuracy: 0.0
2025-09-29 05:07:35 [INFO]  Epoch 27 loss: 1391.9531660079956; train accuracy: 0.433624751984127; test accuracy: 0.0
2025-09-29 05:09:32 [INFO]  Epoch 28 loss: 1226.8009729385376; train accuracy: 0.4092881944444444; test accuracy: 0.0
2025-09-29 05:11:25 [INFO]  Epoch 29 loss: 1105.1042156219482; train accuracy: 0.45244295634920634; test accuracy: 0.0
2025-09-29 05:11:25 [INFO]  Client 1 Finish Local Training--------|
2025-09-29 05:11:25 [INFO]  Client 1 Collecting Local Prototypes--------|
2025-09-29 05:11:25 [INFO]  Client 2 Starts Local Trainning--------|
2025-09-29 05:13:05 [INFO]  Epoch 25 loss: 1418.7338132858276; train accuracy: 0.42943431712962965; test accuracy: 0.0
2025-09-29 05:13:06 [INFO]  Save the model in ./checkpoints/Tiny_alpha0.05/local_models/client_2/epoch_25.pth
2025-09-29 05:14:45 [INFO]  Epoch 26 loss: 1301.231478691101; train accuracy: 0.47041377314814814; test accuracy: 0.0
2025-09-29 05:16:26 [INFO]  Epoch 27 loss: 1182.7374839782715; train accuracy: 0.4259620949074074; test accuracy: 0.0
2025-09-29 05:18:04 [INFO]  Epoch 28 loss: 1078.2877578735352; train accuracy: 0.4340277777777778; test accuracy: 0.0
2025-09-29 05:19:45 [INFO]  Epoch 29 loss: 936.2544131278992; train accuracy: 0.4544632523148148; test accuracy: 0.0
2025-09-29 05:19:45 [INFO]  Client 2 Finish Local Training--------|
2025-09-29 05:19:45 [INFO]  Client 2 Collecting Local Prototypes--------|
2025-09-29 05:19:45 [INFO]  Client 3 Starts Local Trainning--------|
2025-09-29 05:21:42 [INFO]  Epoch 25 loss: 1691.9778299331665; train accuracy: 0.38087451550387597; test accuracy: 0.0
2025-09-29 05:21:43 [INFO]  Save the model in ./checkpoints/Tiny_alpha0.05/local_models/client_3/epoch_25.pth
2025-09-29 05:23:39 [INFO]  Epoch 26 loss: 1568.9034404754639; train accuracy: 0.39471293604651164; test accuracy: 0.0
2025-09-29 05:25:36 [INFO]  Epoch 27 loss: 1428.031575202942; train accuracy: 0.44416182170542634; test accuracy: 0.0
2025-09-29 05:27:35 [INFO]  Epoch 28 loss: 1299.8368453979492; train accuracy: 0.3792393410852713; test accuracy: 0.0
2025-09-29 05:29:31 [INFO]  Epoch 29 loss: 1160.6089549064636; train accuracy: 0.3602531492248062; test accuracy: 0.0
2025-09-29 05:29:31 [INFO]  Client 3 Finish Local Training--------|
2025-09-29 05:29:31 [INFO]  Client 3 Collecting Local Prototypes--------|
2025-09-29 05:29:31 [INFO]  Client 4 Starts Local Trainning--------|
2025-09-29 05:31:19 [INFO]  Epoch 25 loss: 1582.3126335144043; train accuracy: 0.4148238877118644; test accuracy: 0.0484
2025-09-29 05:31:19 [INFO]  Save the model in ./checkpoints/Tiny_alpha0.05/local_models/client_4/epoch_25.pth
2025-09-29 05:33:07 [INFO]  Epoch 26 loss: 1463.9921474456787; train accuracy: 0.4336599576271186; test accuracy: 0.0395
2025-09-29 05:34:53 [INFO]  Epoch 27 loss: 1317.6228504180908; train accuracy: 0.3922801906779661; test accuracy: 0.0172
2025-09-29 05:36:42 [INFO]  Epoch 28 loss: 1213.0873374938965; train accuracy: 0.423828125; test accuracy: 0.0286
2025-09-29 05:38:29 [INFO]  Epoch 29 loss: 1092.318871498108; train accuracy: 0.4321702860169492; test accuracy: 0.0478
2025-09-29 05:38:29 [INFO]  Client 4 Finish Local Training--------|
2025-09-29 05:38:29 [INFO]  Client 4 Collecting Local Prototypes--------|
2025-09-29 05:38:29 [INFO]  Round 5 Finish--------|
2025-09-29 05:38:29 [INFO]  Model variance: mean: 0.007617468014359474, sum: 85858.25
2025-09-29 05:38:29 [INFO]  g_protos_std: 0.9875823259353638
2025-09-29 05:38:29 [INFO]  V7 Training | Using ADVANCED IFFI server aggregation.
2025-09-29 05:38:58 [INFO]  The test accuracy (with prototype) of OneShotOursV7+AdvancedServer: 0.0093
2025-09-29 05:38:58 [INFO]  Save config to ./checkpoints/Tiny_alpha0.05/baselines_OneShotOursV7+AdvancedServer_CIFAR10_results.yaml
2025-09-29 05:38:58 [INFO]  Round 6 starts--------|
2025-09-29 05:38:58 [INFO]  Client 0 Starts Local Trainning--------|
2025-09-29 05:40:57 [INFO]  Epoch 30 loss: 1619.4753894805908; train accuracy: 0.4302978515625; test accuracy: 0.025
2025-09-29 05:40:57 [INFO]  Save the model in ./checkpoints/Tiny_alpha0.05/local_models/client_0/epoch_30.pth
2025-09-29 05:42:57 [INFO]  Epoch 31 loss: 1484.2520847320557; train accuracy: 0.42376708984375; test accuracy: 0.0499
2025-09-29 05:44:54 [INFO]  Epoch 32 loss: 1322.250922203064; train accuracy: 0.444122314453125; test accuracy: 0.0132
2025-09-29 05:46:50 [INFO]  Epoch 33 loss: 1203.2737998962402; train accuracy: 0.472381591796875; test accuracy: 0.0292
2025-09-29 05:48:49 [INFO]  Epoch 34 loss: 1066.6266226768494; train accuracy: 0.48516845703125; test accuracy: 0.0113
2025-09-29 05:48:49 [INFO]  Client 0 Finish Local Training--------|
2025-09-29 05:48:49 [INFO]  Client 0 Collecting Local Prototypes--------|
2025-09-29 05:48:49 [INFO]  Client 1 Starts Local Trainning--------|
2025-09-29 05:50:43 [INFO]  Epoch 30 loss: 1577.202600479126; train accuracy: 0.406218998015873; test accuracy: 0.0
2025-09-29 05:50:43 [INFO]  Save the model in ./checkpoints/Tiny_alpha0.05/local_models/client_1/epoch_30.pth
2025-09-29 05:52:36 [INFO]  Epoch 31 loss: 1488.304775238037; train accuracy: 0.4552641369047619; test accuracy: 0.0
2025-09-29 05:54:31 [INFO]  Epoch 32 loss: 1319.4341487884521; train accuracy: 0.4458395337301587; test accuracy: 0.0
2025-09-29 05:56:26 [INFO]  Epoch 33 loss: 1175.1642818450928; train accuracy: 0.48425099206349204; test accuracy: 0.0
2025-09-29 05:58:20 [INFO]  Epoch 34 loss: 1042.9651613235474; train accuracy: 0.5296378968253969; test accuracy: 0.0
2025-09-29 05:58:20 [INFO]  Client 1 Finish Local Training--------|
2025-09-29 05:58:20 [INFO]  Client 1 Collecting Local Prototypes--------|
2025-09-29 05:58:20 [INFO]  Client 2 Starts Local Trainning--------|
2025-09-29 06:00:00 [INFO]  Epoch 30 loss: 1376.1315927505493; train accuracy: 0.44285300925925924; test accuracy: 0.0
2025-09-29 06:00:00 [INFO]  Save the model in ./checkpoints/Tiny_alpha0.05/local_models/client_2/epoch_30.pth
2025-09-29 06:01:37 [INFO]  Epoch 31 loss: 1253.9215774536133; train accuracy: 0.47019675925925924; test accuracy: 0.0
2025-09-29 06:03:14 [INFO]  Epoch 32 loss: 1137.1834859848022; train accuracy: 0.4888237847222222; test accuracy: 0.0
2025-09-29 06:04:54 [INFO]  Epoch 33 loss: 1042.1936497688293; train accuracy: 0.5070529513888888; test accuracy: 0.0
2025-09-29 06:06:31 [INFO]  Epoch 34 loss: 907.0306062698364; train accuracy: 0.4180772569444444; test accuracy: 0.0
2025-09-29 06:06:32 [INFO]  Client 2 Finish Local Training--------|
2025-09-29 06:06:32 [INFO]  Client 2 Collecting Local Prototypes--------|
2025-09-29 06:06:32 [INFO]  Client 3 Starts Local Trainning--------|
2025-09-29 06:08:26 [INFO]  Epoch 30 loss: 1660.519742012024; train accuracy: 0.42248062015503873; test accuracy: 0.0
2025-09-29 06:08:26 [INFO]  Save the model in ./checkpoints/Tiny_alpha0.05/local_models/client_3/epoch_30.pth
2025-09-29 06:10:25 [INFO]  Epoch 31 loss: 1502.0751543045044; train accuracy: 0.4300811531007752; test accuracy: 0.0
2025-09-29 06:12:22 [INFO]  Epoch 32 loss: 1369.4804544448853; train accuracy: 0.49427688953488375; test accuracy: 0.0
2025-09-29 06:14:20 [INFO]  Epoch 33 loss: 1242.7463855743408; train accuracy: 0.44382873062015504; test accuracy: 0.0
2025-09-29 06:16:18 [INFO]  Epoch 34 loss: 1098.8682651519775; train accuracy: 0.41872577519379844; test accuracy: 0.0
2025-09-29 06:16:18 [INFO]  Client 3 Finish Local Training--------|
2025-09-29 06:16:18 [INFO]  Client 3 Collecting Local Prototypes--------|
2025-09-29 06:16:18 [INFO]  Client 4 Starts Local Trainning--------|
2025-09-29 06:18:06 [INFO]  Epoch 30 loss: 1520.2816162109375; train accuracy: 0.4897378177966102; test accuracy: 0.0219
2025-09-29 06:18:06 [INFO]  Save the model in ./checkpoints/Tiny_alpha0.05/local_models/client_4/epoch_30.pth
2025-09-29 06:19:53 [INFO]  Epoch 31 loss: 1391.5122165679932; train accuracy: 0.4437235169491525; test accuracy: 0.0062
2025-09-29 06:21:42 [INFO]  Epoch 32 loss: 1294.4043951034546; train accuracy: 0.4563029661016949; test accuracy: 0.0132
2025-09-29 06:23:30 [INFO]  Epoch 33 loss: 1154.7695789337158; train accuracy: 0.3781117584745763; test accuracy: 0.005
2025-09-29 06:25:17 [INFO]  Epoch 34 loss: 1045.0251197814941; train accuracy: 0.4406448622881356; test accuracy: 0.0457
2025-09-29 06:25:17 [INFO]  Client 4 Finish Local Training--------|
2025-09-29 06:25:17 [INFO]  Client 4 Collecting Local Prototypes--------|
2025-09-29 06:25:17 [INFO]  Round 6 Finish--------|
2025-09-29 06:25:17 [INFO]  Model variance: mean: 0.008305545896291733, sum: 93613.734375
2025-09-29 06:25:17 [INFO]  g_protos_std: 0.9853067994117737
2025-09-29 06:25:17 [INFO]  V7 Training | Using ADVANCED IFFI server aggregation.
2025-09-29 06:25:46 [INFO]  The test accuracy (with prototype) of OneShotOursV7+AdvancedServer: 0.0107
2025-09-29 06:25:46 [INFO]  Save config to ./checkpoints/Tiny_alpha0.05/baselines_OneShotOursV7+AdvancedServer_CIFAR10_results.yaml
2025-09-29 06:25:46 [INFO]  Round 7 starts--------|
2025-09-29 06:25:46 [INFO]  Client 0 Starts Local Trainning--------|
2025-09-29 06:27:44 [INFO]  Epoch 35 loss: 1541.3332452774048; train accuracy: 0.465789794921875; test accuracy: 0.0178
2025-09-29 06:27:44 [INFO]  Save the model in ./checkpoints/Tiny_alpha0.05/local_models/client_0/epoch_35.pth
2025-09-29 06:29:43 [INFO]  Epoch 36 loss: 1423.8735857009888; train accuracy: 0.44061279296875; test accuracy: 0.0104
2025-09-29 06:31:42 [INFO]  Epoch 37 loss: 1297.546552658081; train accuracy: 0.5350341796875; test accuracy: 0.0164
2025-09-29 06:33:39 [INFO]  Epoch 38 loss: 1142.4437894821167; train accuracy: 0.54913330078125; test accuracy: 0.0025
2025-09-29 06:35:36 [INFO]  Epoch 39 loss: 1012.7753920555115; train accuracy: 0.454254150390625; test accuracy: 0.0073
2025-09-29 06:35:36 [INFO]  Client 0 Finish Local Training--------|
2025-09-29 06:35:36 [INFO]  Client 0 Collecting Local Prototypes--------|
2025-09-29 06:35:36 [INFO]  Client 1 Starts Local Trainning--------|
2025-09-29 06:37:33 [INFO]  Epoch 35 loss: 1529.3065357208252; train accuracy: 0.48759920634920634; test accuracy: 0.0
2025-09-29 06:37:34 [INFO]  Save the model in ./checkpoints/Tiny_alpha0.05/local_models/client_1/epoch_35.pth
2025-09-29 06:39:34 [INFO]  Epoch 36 loss: 1408.5565013885498; train accuracy: 0.5451698908730159; test accuracy: 0.0
2025-09-29 06:41:28 [INFO]  Epoch 37 loss: 1257.3050928115845; train accuracy: 0.48040674603174605; test accuracy: 0.0
2025-09-29 06:43:22 [INFO]  Epoch 38 loss: 1133.019386768341; train accuracy: 0.49593874007936506; test accuracy: 0.0
2025-09-29 06:45:18 [INFO]  Epoch 39 loss: 984.5114154815674; train accuracy: 0.5301029265873016; test accuracy: 0.0
2025-09-29 06:45:18 [INFO]  Client 1 Finish Local Training--------|
2025-09-29 06:45:18 [INFO]  Client 1 Collecting Local Prototypes--------|
2025-09-29 06:45:18 [INFO]  Client 2 Starts Local Trainning--------|
2025-09-29 06:46:58 [INFO]  Epoch 35 loss: 1304.6332502365112; train accuracy: 0.5194227430555556; test accuracy: 0.0
2025-09-29 06:46:58 [INFO]  Save the model in ./checkpoints/Tiny_alpha0.05/local_models/client_2/epoch_35.pth
2025-09-29 06:48:37 [INFO]  Epoch 36 loss: 1248.0223140716553; train accuracy: 0.46574797453703703; test accuracy: 0.0
2025-09-29 06:50:18 [INFO]  Epoch 37 loss: 1109.737868309021; train accuracy: 0.47750289351851855; test accuracy: 0.0
2025-09-29 06:51:57 [INFO]  Epoch 38 loss: 992.6766381263733; train accuracy: 0.45363136574074076; test accuracy: 0.0
2025-09-29 06:53:37 [INFO]  Epoch 39 loss: 897.9343204498291; train accuracy: 0.5170717592592593; test accuracy: 0.0
2025-09-29 06:53:37 [INFO]  Client 2 Finish Local Training--------|
2025-09-29 06:53:37 [INFO]  Client 2 Collecting Local Prototypes--------|
2025-09-29 06:53:37 [INFO]  Client 3 Starts Local Trainning--------|
2025-09-29 06:55:36 [INFO]  Epoch 35 loss: 1584.1430168151855; train accuracy: 0.4724442829457364; test accuracy: 0.0
2025-09-29 06:55:36 [INFO]  Save the model in ./checkpoints/Tiny_alpha0.05/local_models/client_3/epoch_35.pth
2025-09-29 06:57:33 [INFO]  Epoch 36 loss: 1477.7115831375122; train accuracy: 0.44646317829457366; test accuracy: 0.0
2025-09-29 06:59:28 [INFO]  Epoch 37 loss: 1326.7485122680664; train accuracy: 0.49839510658914726; test accuracy: 0.0
2025-09-29 07:01:27 [INFO]  Epoch 38 loss: 1179.0879797935486; train accuracy: 0.5172298934108527; test accuracy: 0.0
2025-09-29 07:03:25 [INFO]  Epoch 39 loss: 1050.2908973693848; train accuracy: 0.45082364341085274; test accuracy: 0.0
2025-09-29 07:03:25 [INFO]  Client 3 Finish Local Training--------|
2025-09-29 07:03:25 [INFO]  Client 3 Collecting Local Prototypes--------|
2025-09-29 07:03:25 [INFO]  Client 4 Starts Local Trainning--------|
2025-09-29 07:05:13 [INFO]  Epoch 35 loss: 1486.5052824020386; train accuracy: 0.4817266949152542; test accuracy: 0.0415
2025-09-29 07:05:14 [INFO]  Save the model in ./checkpoints/Tiny_alpha0.05/local_models/client_4/epoch_35.pth
2025-09-29 07:07:03 [INFO]  Epoch 36 loss: 1355.8739776611328; train accuracy: 0.4883143538135593; test accuracy: 0.0031
2025-09-29 07:08:49 [INFO]  Epoch 37 loss: 1216.2310552597046; train accuracy: 0.4738810911016949; test accuracy: 0.0098
2025-09-29 07:10:36 [INFO]  Epoch 38 loss: 1093.3130612373352; train accuracy: 0.4868246822033898; test accuracy: 0.0235
2025-09-29 07:12:25 [INFO]  Epoch 39 loss: 1001.8907642364502; train accuracy: 0.4618313029661017; test accuracy: 0.0283
2025-09-29 07:12:25 [INFO]  Client 4 Finish Local Training--------|
2025-09-29 07:12:25 [INFO]  Client 4 Collecting Local Prototypes--------|
2025-09-29 07:12:25 [INFO]  Round 7 Finish--------|
2025-09-29 07:12:25 [INFO]  Model variance: mean: 0.008955293335020542, sum: 100937.1875
2025-09-29 07:12:25 [INFO]  g_protos_std: 0.983104944229126
2025-09-29 07:12:25 [INFO]  V7 Training | Using ADVANCED IFFI server aggregation.
2025-09-29 07:12:53 [INFO]  The test accuracy (with prototype) of OneShotOursV7+AdvancedServer: 0.0096
2025-09-29 07:12:53 [INFO]  Save config to ./checkpoints/Tiny_alpha0.05/baselines_OneShotOursV7+AdvancedServer_CIFAR10_results.yaml
2025-09-29 07:12:53 [INFO]  Round 8 starts--------|
2025-09-29 07:12:53 [INFO]  Client 0 Starts Local Trainning--------|
2025-09-29 07:14:49 [INFO]  Epoch 40 loss: 1526.043046951294; train accuracy: 0.50726318359375; test accuracy: 0.0612
2025-09-29 07:14:50 [INFO]  Save the model in ./checkpoints/Tiny_alpha0.05/local_models/client_0/epoch_40.pth
2025-09-29 07:16:45 [INFO]  Epoch 41 loss: 1381.1739568710327; train accuracy: 0.519561767578125; test accuracy: 0.026
2025-09-29 07:18:41 [INFO]  Epoch 42 loss: 1248.304922580719; train accuracy: 0.524078369140625; test accuracy: 0.0095
2025-09-29 07:20:37 [INFO]  Epoch 43 loss: 1121.8040289878845; train accuracy: 0.597625732421875; test accuracy: 0.0045
2025-09-29 07:22:31 [INFO]  Epoch 44 loss: 968.4283332824707; train accuracy: 0.562103271484375; test accuracy: 0.0049
2025-09-29 07:22:31 [INFO]  Client 0 Finish Local Training--------|
2025-09-29 07:22:31 [INFO]  Client 0 Collecting Local Prototypes--------|
2025-09-29 07:22:31 [INFO]  Client 1 Starts Local Trainning--------|
2025-09-29 07:24:24 [INFO]  Epoch 40 loss: 1473.3114395141602; train accuracy: 0.5602678571428571; test accuracy: 0.0
2025-09-29 07:24:25 [INFO]  Save the model in ./checkpoints/Tiny_alpha0.05/local_models/client_1/epoch_40.pth
2025-09-29 07:26:16 [INFO]  Epoch 41 loss: 1349.9502754211426; train accuracy: 0.46902901785714285; test accuracy: 0.0
2025-09-29 07:28:09 [INFO]  Epoch 42 loss: 1254.8414192199707; train accuracy: 0.46825396825396826; test accuracy: 0.0
2025-09-29 07:30:02 [INFO]  Epoch 43 loss: 1097.5669741630554; train accuracy: 0.5354662698412699; test accuracy: 0.0
2025-09-29 07:31:54 [INFO]  Epoch 44 loss: 987.3148784637451; train accuracy: 0.6168464781746031; test accuracy: 0.0
2025-09-29 07:31:54 [INFO]  Client 1 Finish Local Training--------|
2025-09-29 07:31:54 [INFO]  Client 1 Collecting Local Prototypes--------|
2025-09-29 07:31:54 [INFO]  Client 2 Starts Local Trainning--------|
2025-09-29 07:33:31 [INFO]  Epoch 40 loss: 1278.1746912002563; train accuracy: 0.46176938657407407; test accuracy: 0.0
2025-09-29 07:33:32 [INFO]  Save the model in ./checkpoints/Tiny_alpha0.05/local_models/client_2/epoch_40.pth
2025-09-29 07:35:09 [INFO]  Epoch 41 loss: 1169.340428352356; train accuracy: 0.48734085648148145; test accuracy: 0.0
2025-09-29 07:36:45 [INFO]  Epoch 42 loss: 1074.9604558944702; train accuracy: 0.4866898148148148; test accuracy: 0.0
2025-09-29 07:38:22 [INFO]  Epoch 43 loss: 941.0623507499695; train accuracy: 0.5496238425925926; test accuracy: 0.0
2025-09-29 07:39:58 [INFO]  Epoch 44 loss: 829.839994430542; train accuracy: 0.5002531828703703; test accuracy: 0.0
2025-09-29 07:39:58 [INFO]  Client 2 Finish Local Training--------|
2025-09-29 07:39:58 [INFO]  Client 2 Collecting Local Prototypes--------|
2025-09-29 07:39:58 [INFO]  Client 3 Starts Local Trainning--------|
2025-09-29 07:41:51 [INFO]  Epoch 40 loss: 1555.631199836731; train accuracy: 0.5074188468992248; test accuracy: 0.0
2025-09-29 07:41:51 [INFO]  Save the model in ./checkpoints/Tiny_alpha0.05/local_models/client_3/epoch_40.pth
2025-09-29 07:43:45 [INFO]  Epoch 41 loss: 1387.3125619888306; train accuracy: 0.48694888565891475; test accuracy: 0.0
2025-09-29 07:45:36 [INFO]  Epoch 42 loss: 1281.0357341766357; train accuracy: 0.495124757751938; test accuracy: 0.0
2025-09-29 07:47:30 [INFO]  Epoch 43 loss: 1142.8557615280151; train accuracy: 0.5088420542635659; test accuracy: 0.0
2025-09-29 07:49:24 [INFO]  Epoch 44 loss: 983.0743327140808; train accuracy: 0.5264050387596899; test accuracy: 0.0
2025-09-29 07:49:24 [INFO]  Client 3 Finish Local Training--------|
2025-09-29 07:49:24 [INFO]  Client 3 Collecting Local Prototypes--------|
2025-09-29 07:49:24 [INFO]  Client 4 Starts Local Trainning--------|
2025-09-29 07:51:09 [INFO]  Epoch 40 loss: 1413.5344400405884; train accuracy: 0.4599443855932203; test accuracy: 0.0155
2025-09-29 07:51:09 [INFO]  Save the model in ./checkpoints/Tiny_alpha0.05/local_models/client_4/epoch_40.pth
2025-09-29 07:52:52 [INFO]  Epoch 41 loss: 1337.1968183517456; train accuracy: 0.4369372351694915; test accuracy: 0.0056
2025-09-29 07:54:36 [INFO]  Epoch 42 loss: 1185.5353136062622; train accuracy: 0.532276218220339; test accuracy: 0.0068
2025-09-29 07:56:22 [INFO]  Epoch 43 loss: 1065.1619119644165; train accuracy: 0.5283037605932204; test accuracy: 0.0096
2025-09-29 07:58:05 [INFO]  Epoch 44 loss: 931.5133352279663; train accuracy: 0.534957627118644; test accuracy: 0.0044
2025-09-29 07:58:05 [INFO]  Client 4 Finish Local Training--------|
2025-09-29 07:58:05 [INFO]  Client 4 Collecting Local Prototypes--------|
2025-09-29 07:58:05 [INFO]  Round 8 Finish--------|
2025-09-29 07:58:05 [INFO]  Model variance: mean: 0.009571749716997147, sum: 107885.4140625
2025-09-29 07:58:05 [INFO]  g_protos_std: 0.9809808135032654
2025-09-29 07:58:05 [INFO]  V7 Training | Using ADVANCED IFFI server aggregation.
2025-09-29 07:58:34 [INFO]  The test accuracy (with prototype) of OneShotOursV7+AdvancedServer: 0.0072
2025-09-29 07:58:34 [INFO]  Save config to ./checkpoints/Tiny_alpha0.05/baselines_OneShotOursV7+AdvancedServer_CIFAR10_results.yaml
2025-09-29 07:58:34 [INFO]  Round 9 starts--------|
2025-09-29 07:58:34 [INFO]  Client 0 Starts Local Trainning--------|
2025-09-29 08:00:27 [INFO]  Epoch 45 loss: 1466.5879154205322; train accuracy: 0.52325439453125; test accuracy: 0.007
2025-09-29 08:00:27 [INFO]  Save the model in ./checkpoints/Tiny_alpha0.05/local_models/client_0/epoch_45.pth
2025-09-29 08:02:20 [INFO]  Epoch 46 loss: 1320.6962442398071; train accuracy: 0.50640869140625; test accuracy: 0.005
2025-09-29 08:04:10 [INFO]  Epoch 47 loss: 1196.610966205597; train accuracy: 0.553924560546875; test accuracy: 0.0231
2025-09-29 08:06:01 [INFO]  Epoch 48 loss: 1069.5339283943176; train accuracy: 0.5465087890625; test accuracy: 0.0081
2025-09-29 08:07:53 [INFO]  Epoch 49 loss: 923.1364631652832; train accuracy: 0.586669921875; test accuracy: 0.015
2025-09-29 08:07:53 [INFO]  Client 0 Finish Local Training--------|
2025-09-29 08:07:53 [INFO]  Client 0 Collecting Local Prototypes--------|
2025-09-29 08:07:53 [INFO]  Client 1 Starts Local Trainning--------|
2025-09-29 08:09:37 [INFO]  Epoch 45 loss: 1444.7864332199097; train accuracy: 0.6081969246031746; test accuracy: 0.0
2025-09-29 08:09:37 [INFO]  Save the model in ./checkpoints/Tiny_alpha0.05/local_models/client_1/epoch_45.pth
2025-09-29 08:11:25 [INFO]  Epoch 46 loss: 1335.2648992538452; train accuracy: 0.4993799603174603; test accuracy: 0.0
2025-09-29 08:13:07 [INFO]  Epoch 47 loss: 1193.5761179924011; train accuracy: 0.5373883928571429; test accuracy: 0.0
2025-09-29 08:14:47 [INFO]  Epoch 48 loss: 1054.4340295791626; train accuracy: 0.5362413194444444; test accuracy: 0.0
2025-09-29 08:16:30 [INFO]  Epoch 49 loss: 919.348997592926; train accuracy: 0.5560205853174603; test accuracy: 0.0
2025-09-29 08:16:30 [INFO]  Client 1 Finish Local Training--------|
2025-09-29 08:16:30 [INFO]  Client 1 Collecting Local Prototypes--------|
2025-09-29 08:16:30 [INFO]  Client 2 Starts Local Trainning--------|
2025-09-29 08:17:59 [INFO]  Epoch 45 loss: 1253.491862297058; train accuracy: 0.4801432291666667; test accuracy: 0.0
2025-09-29 08:18:00 [INFO]  Save the model in ./checkpoints/Tiny_alpha0.05/local_models/client_2/epoch_45.pth
2025-09-29 08:19:27 [INFO]  Epoch 46 loss: 1156.731526374817; train accuracy: 0.55078125; test accuracy: 0.0
2025-09-29 08:20:56 [INFO]  Epoch 47 loss: 1027.3823795318604; train accuracy: 0.4688585069444444; test accuracy: 0.0
2025-09-29 08:22:25 [INFO]  Epoch 48 loss: 897.1949944496155; train accuracy: 0.5466579861111112; test accuracy: 0.0
2025-09-29 08:23:50 [INFO]  Epoch 49 loss: 815.3537268638611; train accuracy: 0.4995659722222222; test accuracy: 0.0
2025-09-29 08:23:50 [INFO]  Client 2 Finish Local Training--------|
2025-09-29 08:23:50 [INFO]  Client 2 Collecting Local Prototypes--------|
2025-09-29 08:23:50 [INFO]  Client 3 Starts Local Trainning--------|
2025-09-29 08:25:32 [INFO]  Epoch 45 loss: 1493.2488059997559; train accuracy: 0.5104772286821705; test accuracy: 0.0
2025-09-29 08:25:32 [INFO]  Save the model in ./checkpoints/Tiny_alpha0.05/local_models/client_3/epoch_45.pth
2025-09-29 08:27:17 [INFO]  Epoch 46 loss: 1346.3693504333496; train accuracy: 0.521499515503876; test accuracy: 0.0
2025-09-29 08:28:59 [INFO]  Epoch 47 loss: 1210.8307466506958; train accuracy: 0.6056201550387597; test accuracy: 0.0
2025-09-29 08:30:43 [INFO]  Epoch 48 loss: 1097.2626285552979; train accuracy: 0.6024709302325582; test accuracy: 0.0
2025-09-29 08:32:27 [INFO]  Epoch 49 loss: 959.4887943267822; train accuracy: 0.5575339147286822; test accuracy: 0.0
2025-09-29 08:32:27 [INFO]  Client 3 Finish Local Training--------|
2025-09-29 08:32:27 [INFO]  Client 3 Collecting Local Prototypes--------|
2025-09-29 08:32:27 [INFO]  Client 4 Starts Local Trainning--------|
2025-09-29 08:34:00 [INFO]  Epoch 45 loss: 1381.1003618240356; train accuracy: 0.4249867584745763; test accuracy: 0.0302
2025-09-29 08:34:01 [INFO]  Save the model in ./checkpoints/Tiny_alpha0.05/local_models/client_4/epoch_45.pth
2025-09-29 08:35:35 [INFO]  Epoch 46 loss: 1264.9444036483765; train accuracy: 0.4987751588983051; test accuracy: 0.0175
2025-09-29 08:37:10 [INFO]  Epoch 47 loss: 1146.1811680793762; train accuracy: 0.5074483580508474; test accuracy: 0.0121
2025-09-29 08:38:44 [INFO]  Epoch 48 loss: 1010.2198452949524; train accuracy: 0.572364936440678; test accuracy: 0.0063
2025-09-29 08:40:18 [INFO]  Epoch 49 loss: 896.8564705848694; train accuracy: 0.5157905190677966; test accuracy: 0.0142
2025-09-29 08:40:18 [INFO]  Client 4 Finish Local Training--------|
2025-09-29 08:40:18 [INFO]  Client 4 Collecting Local Prototypes--------|
2025-09-29 08:40:18 [INFO]  Round 9 Finish--------|
2025-09-29 08:40:18 [INFO]  Model variance: mean: 0.01016097329556942, sum: 114526.6875
2025-09-29 08:40:18 [INFO]  g_protos_std: 0.9789193868637085
2025-09-29 08:40:18 [INFO]  V7 Training | Using ADVANCED IFFI server aggregation.
2025-09-29 08:40:47 [INFO]  The test accuracy (with prototype) of OneShotOursV7+AdvancedServer: 0.0072
2025-09-29 08:40:47 [INFO]  Save config to ./checkpoints/Tiny_alpha0.05/baselines_OneShotOursV7+AdvancedServer_CIFAR10_results.yaml
