2025-09-29 00:51:55 [INFO]  Load config from ./configs/Tiny_alpha0.1.yaml
2025-09-29 00:51:55 [INFO]  config: {'exp_name': 'Tiny_alpha0.1', 'dataset': {'data_name': 'Tiny-ImageNet', 'root_path': '~/datasets/', 'train_batch_size': 256, 'test_batch_size': 256, 'channels': 3, 'num_classes': 200, 'image_size': 64, 'aux_data_name': 'Tiny-ImageNet', 'aux_root_path': '~/datasets/', 'aux_split': 'test'}, 'distribution': {'type': 'dirichlet', 'label_num_per_client': 2, 'alpha': 0.1}, 'client': {'num_clients': 5}, 'server': {'num_rounds': 10, 'frac_clients': 1.0, 'lr': 0.05, 'local_epochs': 5, 'optimizer': 'sgd', 'momentum': 0.9, 'weight_decay': 0.0001, 'loss_name': 'ce', 'model_name': 'resnet18', 'aggregated_by_datasize': True, 'lr_decay_per_round': 0.998}, 'device': 'cuda:0', 'checkpoint': {'save_path': './checkpoints/', 'save_freq': 5, 'result_file': 'CIFAR10_results.yaml'}, 'pretrain': {'lr': 0.01, 'epoch': 70, 'model_path': './pretrain/', 'momentum': 0.9, 'weight_decay': 0.0001, 'model_name': 'resnet18', 'model_file_name': 'resnet18-f37072fd.pth'}, 'DBCD': {'alpha_l_pa': 1, 'alpha_l_pb': 1, 'alpha_l_pc': 0.0, 'Beta_alpha': 0.2, 'unsup_method': 'infonce', 'contrastive_temperature': 0.5, 'encoder_epoch': 40, 'projector_epoch': 10, 'use_pretrain': False, 'aug_batch_size': 512, 'encoder_lr': 0.03, 'cls_optimizer': 'sgd', 'cls_lr': 0.05, 'supcon_temp': 0.07, 'super_gr': 100, 'aux_with_public': True}, 'etf': {'loss_name': 'ce'}, 'visualization': {'interval': 5, 'save_path': 'visualization/resnet18', 'vis_size': 16}, 'resume': True, 'resume_best': False, 'seed': 1, 'lambda_align_initial': 5.0}
2025-09-29 00:51:55 [INFO]  Dataset Tiny-ImageNet loaded
2025-09-29 00:51:55 [INFO]  Dataset index dict loaded from preprocessed_data/Tiny-ImageNet.pt
2025-09-29 00:51:56 [INFO]  OneshotOursV6 with DRCL and Lambda Annealing
2025-09-29 00:51:57 [INFO]  Initialized fixed anchors with shape: torch.Size([200, 512])
2025-09-29 00:51:57 [INFO]  Round 0 starts--------|
2025-09-29 00:51:57 [INFO]  Client 0 Starts Local Trainning--------|
2025-09-29 00:53:06 [INFO]  generating sample per sample
2025-09-29 00:56:50 [INFO]  Epoch 0 loss: 3147.4028606414795; train accuracy: 0.02934760551948052; test accuracy: 0.0
2025-09-29 00:56:50 [INFO]  Save the model in ./checkpoints/Tiny_alpha0.1/local_models/client_0/epoch_0.pth
2025-09-29 01:00:30 [INFO]  Epoch 1 loss: 2752.320812225342; train accuracy: 0.048244724025974024; test accuracy: 0.0
2025-09-29 01:04:09 [INFO]  Epoch 2 loss: 2477.687879562378; train accuracy: 0.06059760551948052; test accuracy: 0.0
2025-09-29 01:07:50 [INFO]  Epoch 3 loss: 2235.90083694458; train accuracy: 0.11231737012987013; test accuracy: 0.0051
2025-09-29 01:11:26 [INFO]  Epoch 4 loss: 2013.5490064620972; train accuracy: 0.15673193993506493; test accuracy: 0.003
2025-09-29 01:11:26 [INFO]  Client 0 Finish Local Training--------|
2025-09-29 01:11:26 [INFO]  Client 0 Collecting Local Prototypes--------|
2025-09-29 01:11:26 [INFO]  Client 1 Starts Local Trainning--------|
2025-09-29 01:12:19 [INFO]  generating sample per sample
2025-09-29 01:15:33 [INFO]  Epoch 0 loss: 2813.5953540802; train accuracy: 0.03147482014388489; test accuracy: 0.0
2025-09-29 01:15:34 [INFO]  Save the model in ./checkpoints/Tiny_alpha0.1/local_models/client_1/epoch_0.pth
2025-09-29 01:18:48 [INFO]  Epoch 1 loss: 2466.596845626831; train accuracy: 0.03164343525179856; test accuracy: 0.0
2025-09-29 01:21:59 [INFO]  Epoch 2 loss: 2222.0199642181396; train accuracy: 0.051343300359712234; test accuracy: 0.0
2025-09-29 01:25:12 [INFO]  Epoch 3 loss: 1999.5606622695923; train accuracy: 0.10038219424460432; test accuracy: 0.0
2025-09-29 01:28:24 [INFO]  Epoch 4 loss: 1811.1740970611572; train accuracy: 0.14995503597122303; test accuracy: 0.0
2025-09-29 01:28:24 [INFO]  Client 1 Finish Local Training--------|
2025-09-29 01:28:24 [INFO]  Client 1 Collecting Local Prototypes--------|
2025-09-29 01:28:24 [INFO]  Client 2 Starts Local Trainning--------|
2025-09-29 01:29:32 [INFO]  generating sample per sample
2025-09-29 01:33:39 [INFO]  Epoch 0 loss: 3740.836139678955; train accuracy: 0.031079234972677595; test accuracy: 0.0
2025-09-29 01:33:40 [INFO]  Save the model in ./checkpoints/Tiny_alpha0.1/local_models/client_2/epoch_0.pth
2025-09-29 01:37:54 [INFO]  Epoch 1 loss: 3297.31693649292; train accuracy: 0.06454918032786885; test accuracy: 0.0
2025-09-29 01:42:03 [INFO]  Epoch 2 loss: 2980.687767982483; train accuracy: 0.07302339480874318; test accuracy: 0.0
2025-09-29 01:46:11 [INFO]  Epoch 3 loss: 2693.7313623428345; train accuracy: 0.10516991120218579; test accuracy: 0.0
2025-09-29 01:50:18 [INFO]  Epoch 4 loss: 2408.3388843536377; train accuracy: 0.14389088114754098; test accuracy: 0.0
2025-09-29 01:50:18 [INFO]  Client 2 Finish Local Training--------|
2025-09-29 01:50:18 [INFO]  Client 2 Collecting Local Prototypes--------|
2025-09-29 01:50:18 [INFO]  Client 3 Starts Local Trainning--------|
2025-09-29 01:51:21 [INFO]  generating sample per sample
2025-09-29 01:54:50 [INFO]  Epoch 0 loss: 3109.146598815918; train accuracy: 0.040373149671052634; test accuracy: 0.0
2025-09-29 01:54:50 [INFO]  Save the model in ./checkpoints/Tiny_alpha0.1/local_models/client_3/epoch_0.pth
2025-09-29 01:58:17 [INFO]  Epoch 1 loss: 2713.248067855835; train accuracy: 0.05805407072368421; test accuracy: 0.0
2025-09-29 02:01:44 [INFO]  Epoch 2 loss: 2435.9822492599487; train accuracy: 0.07820209703947369; test accuracy: 0.0
2025-09-29 02:05:10 [INFO]  Epoch 3 loss: 2203.2010345458984; train accuracy: 0.11777857730263158; test accuracy: 0.0
2025-09-29 02:08:36 [INFO]  Epoch 4 loss: 1977.8521766662598; train accuracy: 0.12995990953947367; test accuracy: 0.0
2025-09-29 02:08:36 [INFO]  Client 3 Finish Local Training--------|
2025-09-29 02:08:36 [INFO]  Client 3 Collecting Local Prototypes--------|
2025-09-29 02:08:36 [INFO]  Client 4 Starts Local Trainning--------|
2025-09-29 02:09:42 [INFO]  generating sample per sample
2025-09-29 02:13:24 [INFO]  Epoch 0 loss: 3373.5975284576416; train accuracy: 0.04019886363636364; test accuracy: 0.0034
2025-09-29 02:13:24 [INFO]  Save the model in ./checkpoints/Tiny_alpha0.1/local_models/client_4/epoch_0.pth
2025-09-29 02:17:09 [INFO]  Epoch 1 loss: 2951.647315979004; train accuracy: 0.046756628787878785; test accuracy: 0.0
2025-09-29 02:20:52 [INFO]  Epoch 2 loss: 2661.579818725586; train accuracy: 0.07755681818181819; test accuracy: 0.0005
2025-09-29 02:24:37 [INFO]  Epoch 3 loss: 2404.6406984329224; train accuracy: 0.11512784090909091; test accuracy: 0.0171
2025-09-29 02:28:21 [INFO]  Epoch 4 loss: 2166.8222064971924; train accuracy: 0.09794034090909091; test accuracy: 0.014
2025-09-29 02:28:21 [INFO]  Client 4 Finish Local Training--------|
2025-09-29 02:28:21 [INFO]  Client 4 Collecting Local Prototypes--------|
2025-09-29 02:28:21 [INFO]  Round 0 Finish--------|
2025-09-29 02:28:21 [INFO]  Model variance: mean: 0.003299008822068572, sum: 37183.89453125
2025-09-29 02:28:21 [INFO]  g_protos_std: 0.9993345737457275
2025-09-29 02:28:21 [INFO]  V7 Training | Using SIMPLE server aggregation.
2025-09-29 02:28:50 [INFO]  The test accuracy (with prototype) of OneShotOursV7+SimpleServer: 0.0016
2025-09-29 02:28:50 [INFO]  Save config to ./checkpoints/Tiny_alpha0.1/baselines_OneShotOursV7+SimpleServer_CIFAR10_results.yaml
2025-09-29 02:28:50 [INFO]  Round 1 starts--------|
2025-09-29 02:28:50 [INFO]  Client 0 Starts Local Trainning--------|
2025-09-29 02:32:20 [INFO]  Epoch 5 loss: 2581.469428062439; train accuracy: 0.15226765422077923; test accuracy: 0.0223
2025-09-29 02:32:20 [INFO]  Save the model in ./checkpoints/Tiny_alpha0.1/local_models/client_0/epoch_5.pth
2025-09-29 02:35:50 [INFO]  Epoch 6 loss: 2370.169493675232; train accuracy: 0.17456371753246752; test accuracy: 0.0476
2025-09-29 02:39:21 [INFO]  Epoch 7 loss: 2154.4122381210327; train accuracy: 0.20393668831168832; test accuracy: 0.0081
2025-09-29 02:42:51 [INFO]  Epoch 8 loss: 1975.6614532470703; train accuracy: 0.2618963068181818; test accuracy: 0.0336
2025-09-29 02:46:23 [INFO]  Epoch 9 loss: 1778.3646306991577; train accuracy: 0.22085531655844157; test accuracy: 0.0084
2025-09-29 02:46:23 [INFO]  Client 0 Finish Local Training--------|
2025-09-29 02:46:23 [INFO]  Client 0 Collecting Local Prototypes--------|
2025-09-29 02:46:23 [INFO]  Client 1 Starts Local Trainning--------|
2025-09-29 02:49:32 [INFO]  Epoch 5 loss: 2314.5387506484985; train accuracy: 0.13941659172661872; test accuracy: 0.0
2025-09-29 02:49:32 [INFO]  Save the model in ./checkpoints/Tiny_alpha0.1/local_models/client_1/epoch_5.pth
2025-09-29 02:52:42 [INFO]  Epoch 6 loss: 2128.777561187744; train accuracy: 0.15242805755395683; test accuracy: 0.0
2025-09-29 02:55:51 [INFO]  Epoch 7 loss: 1959.6997871398926; train accuracy: 0.2016636690647482; test accuracy: 0.0
2025-09-29 02:59:01 [INFO]  Epoch 8 loss: 1781.7484979629517; train accuracy: 0.2662994604316547; test accuracy: 0.0
2025-09-29 03:02:11 [INFO]  Epoch 9 loss: 1602.6751470565796; train accuracy: 0.19815085431654678; test accuracy: 0.0
2025-09-29 03:02:11 [INFO]  Client 1 Finish Local Training--------|
2025-09-29 03:02:11 [INFO]  Client 1 Collecting Local Prototypes--------|
2025-09-29 03:02:11 [INFO]  Client 2 Starts Local Trainning--------|
2025-09-29 03:06:15 [INFO]  Epoch 5 loss: 3067.483980178833; train accuracy: 0.12331369535519125; test accuracy: 0.0
2025-09-29 03:06:15 [INFO]  Save the model in ./checkpoints/Tiny_alpha0.1/local_models/client_2/epoch_5.pth
2025-09-29 03:10:23 [INFO]  Epoch 6 loss: 2825.344675064087; train accuracy: 0.20060621584699453; test accuracy: 0.0
2025-09-29 03:14:27 [INFO]  Epoch 7 loss: 2586.1772441864014; train accuracy: 0.234588456284153; test accuracy: 0.0
2025-09-29 03:18:31 [INFO]  Epoch 8 loss: 2343.4317169189453; train accuracy: 0.21618852459016394; test accuracy: 0.0
2025-09-29 03:22:35 [INFO]  Epoch 9 loss: 2123.8366746902466; train accuracy: 0.23744877049180327; test accuracy: 0.0
2025-09-29 03:22:35 [INFO]  Client 2 Finish Local Training--------|
2025-09-29 03:22:35 [INFO]  Client 2 Collecting Local Prototypes--------|
2025-09-29 03:22:35 [INFO]  Client 3 Starts Local Trainning--------|
2025-09-29 03:26:01 [INFO]  Epoch 5 loss: 2525.7127447128296; train accuracy: 0.15707236842105263; test accuracy: 0.0
2025-09-29 03:26:02 [INFO]  Save the model in ./checkpoints/Tiny_alpha0.1/local_models/client_3/epoch_5.pth
2025-09-29 03:29:28 [INFO]  Epoch 6 loss: 2313.9796600341797; train accuracy: 0.20173725328947367; test accuracy: 0.0
2025-09-29 03:32:54 [INFO]  Epoch 7 loss: 2115.1874446868896; train accuracy: 0.18875925164473684; test accuracy: 0.0
2025-09-29 03:36:20 [INFO]  Epoch 8 loss: 1931.0790548324585; train accuracy: 0.24966591282894737; test accuracy: 0.0
2025-09-29 03:39:44 [INFO]  Epoch 9 loss: 1743.5160808563232; train accuracy: 0.24051706414473684; test accuracy: 0.0
2025-09-29 03:39:44 [INFO]  Client 3 Finish Local Training--------|
2025-09-29 03:39:44 [INFO]  Client 3 Collecting Local Prototypes--------|
2025-09-29 03:39:44 [INFO]  Client 4 Starts Local Trainning--------|
2025-09-29 03:43:27 [INFO]  Epoch 5 loss: 2748.6911487579346; train accuracy: 0.15151515151515152; test accuracy: 0.0041
2025-09-29 03:43:28 [INFO]  Save the model in ./checkpoints/Tiny_alpha0.1/local_models/client_4/epoch_5.pth
2025-09-29 03:47:09 [INFO]  Epoch 6 loss: 2554.038766860962; train accuracy: 0.15582386363636364; test accuracy: 0.0103
2025-09-29 03:50:51 [INFO]  Epoch 7 loss: 2318.129388809204; train accuracy: 0.2167850378787879; test accuracy: 0.018
2025-09-29 03:54:33 [INFO]  Epoch 8 loss: 2097.004029273987; train accuracy: 0.1776751893939394; test accuracy: 0.0133
2025-09-29 03:58:15 [INFO]  Epoch 9 loss: 1907.7106218338013; train accuracy: 0.22194602272727273; test accuracy: 0.0181
2025-09-29 03:58:15 [INFO]  Client 4 Finish Local Training--------|
2025-09-29 03:58:15 [INFO]  Client 4 Collecting Local Prototypes--------|
2025-09-29 03:58:15 [INFO]  Round 1 Finish--------|
2025-09-29 03:58:15 [INFO]  Model variance: mean: 0.004850633442401886, sum: 54672.6171875
2025-09-29 03:58:15 [INFO]  g_protos_std: 0.9955733418464661
2025-09-29 03:58:15 [INFO]  V7 Training | Using SIMPLE server aggregation.
2025-09-29 03:58:43 [INFO]  The test accuracy (with prototype) of OneShotOursV7+SimpleServer: 0.0041
2025-09-29 03:58:43 [INFO]  Save config to ./checkpoints/Tiny_alpha0.1/baselines_OneShotOursV7+SimpleServer_CIFAR10_results.yaml
2025-09-29 03:58:43 [INFO]  Round 2 starts--------|
2025-09-29 03:58:43 [INFO]  Client 0 Starts Local Trainning--------|
2025-09-29 04:02:15 [INFO]  Epoch 10 loss: 2368.4660091400146; train accuracy: 0.30161830357142855; test accuracy: 0.0259
2025-09-29 04:02:15 [INFO]  Save the model in ./checkpoints/Tiny_alpha0.1/local_models/client_0/epoch_10.pth
2025-09-29 04:05:44 [INFO]  Epoch 11 loss: 2165.7565507888794; train accuracy: 0.30415482954545453; test accuracy: 0.011
2025-09-29 04:09:15 [INFO]  Epoch 12 loss: 1998.6080904006958; train accuracy: 0.2995890827922078; test accuracy: 0.0146
2025-09-29 04:12:46 [INFO]  Epoch 13 loss: 1813.6030588150024; train accuracy: 0.25695008116883117; test accuracy: 0.0051
2025-09-29 04:16:16 [INFO]  Epoch 14 loss: 1634.2319803237915; train accuracy: 0.3139458198051948; test accuracy: 0.0185
2025-09-29 04:16:16 [INFO]  Client 0 Finish Local Training--------|
2025-09-29 04:16:16 [INFO]  Client 0 Collecting Local Prototypes--------|
2025-09-29 04:16:16 [INFO]  Client 1 Starts Local Trainning--------|
2025-09-29 04:19:25 [INFO]  Epoch 10 loss: 2139.6660690307617; train accuracy: 0.26891299460431656; test accuracy: 0.0
2025-09-29 04:19:26 [INFO]  Save the model in ./checkpoints/Tiny_alpha0.1/local_models/client_1/epoch_10.pth
2025-09-29 04:22:35 [INFO]  Epoch 11 loss: 1977.352801322937; train accuracy: 0.24078237410071943; test accuracy: 0.0
2025-09-29 04:25:42 [INFO]  Epoch 12 loss: 1805.1932907104492; train accuracy: 0.29254721223021585; test accuracy: 0.0
2025-09-29 04:28:48 [INFO]  Epoch 13 loss: 1644.3435707092285; train accuracy: 0.28358250899280574; test accuracy: 0.0
2025-09-29 04:31:57 [INFO]  Epoch 14 loss: 1496.27779006958; train accuracy: 0.2733812949640288; test accuracy: 0.0
2025-09-29 04:31:57 [INFO]  Client 1 Finish Local Training--------|
2025-09-29 04:31:57 [INFO]  Client 1 Collecting Local Prototypes--------|
2025-09-29 04:31:57 [INFO]  Client 2 Starts Local Trainning--------|
2025-09-29 04:36:03 [INFO]  Epoch 10 loss: 2799.9976987838745; train accuracy: 0.22167435109289618; test accuracy: 0.0
2025-09-29 04:36:03 [INFO]  Save the model in ./checkpoints/Tiny_alpha0.1/local_models/client_2/epoch_10.pth
2025-09-29 04:40:09 [INFO]  Epoch 11 loss: 2567.3167095184326; train accuracy: 0.311005806010929; test accuracy: 0.0
2025-09-29 04:44:15 [INFO]  Epoch 12 loss: 2380.774082183838; train accuracy: 0.31002390710382516; test accuracy: 0.0
2025-09-29 04:48:21 [INFO]  Epoch 13 loss: 2155.4083070755005; train accuracy: 0.354828381147541; test accuracy: 0.0
2025-09-29 04:52:27 [INFO]  Epoch 14 loss: 1945.887559890747; train accuracy: 0.3204619193989071; test accuracy: 0.0
2025-09-29 04:52:27 [INFO]  Client 2 Finish Local Training--------|
2025-09-29 04:52:27 [INFO]  Client 2 Collecting Local Prototypes--------|
2025-09-29 04:52:27 [INFO]  Client 3 Starts Local Trainning--------|
2025-09-29 04:55:52 [INFO]  Epoch 10 loss: 2313.429304122925; train accuracy: 0.24329255756578946; test accuracy: 0.0
2025-09-29 04:55:52 [INFO]  Save the model in ./checkpoints/Tiny_alpha0.1/local_models/client_3/epoch_10.pth
2025-09-29 04:59:19 [INFO]  Epoch 11 loss: 2121.186164855957; train accuracy: 0.25796669407894735; test accuracy: 0.0
2025-09-29 05:02:44 [INFO]  Epoch 12 loss: 1967.350305557251; train accuracy: 0.26678145559210525; test accuracy: 0.0
2025-09-29 05:06:09 [INFO]  Epoch 13 loss: 1769.657374382019; train accuracy: 0.33858449835526316; test accuracy: 0.0
2025-09-29 05:09:34 [INFO]  Epoch 14 loss: 1607.3240432739258; train accuracy: 0.32779091282894735; test accuracy: 0.0
2025-09-29 05:09:34 [INFO]  Client 3 Finish Local Training--------|
2025-09-29 05:09:34 [INFO]  Client 3 Collecting Local Prototypes--------|
2025-09-29 05:09:34 [INFO]  Client 4 Starts Local Trainning--------|
2025-09-29 05:13:15 [INFO]  Epoch 10 loss: 2536.6457538604736; train accuracy: 0.2806344696969697; test accuracy: 0.0249
2025-09-29 05:13:15 [INFO]  Save the model in ./checkpoints/Tiny_alpha0.1/local_models/client_4/epoch_10.pth
2025-09-29 05:16:55 [INFO]  Epoch 11 loss: 2335.902868270874; train accuracy: 0.26131628787878786; test accuracy: 0.0141
2025-09-29 05:20:38 [INFO]  Epoch 12 loss: 2127.4280710220337; train accuracy: 0.28340435606060604; test accuracy: 0.0103
2025-09-29 05:24:20 [INFO]  Epoch 13 loss: 1949.9193487167358; train accuracy: 0.3113873106060606; test accuracy: 0.0094
2025-09-29 05:28:00 [INFO]  Epoch 14 loss: 1753.8910570144653; train accuracy: 0.30973011363636366; test accuracy: 0.0123
2025-09-29 05:28:00 [INFO]  Client 4 Finish Local Training--------|
2025-09-29 05:28:00 [INFO]  Client 4 Collecting Local Prototypes--------|
2025-09-29 05:28:00 [INFO]  Round 2 Finish--------|
2025-09-29 05:28:00 [INFO]  Model variance: mean: 0.006077589932829142, sum: 68501.9296875
2025-09-29 05:28:00 [INFO]  g_protos_std: 0.9921347498893738
2025-09-29 05:28:00 [INFO]  V7 Training | Using SIMPLE server aggregation.
2025-09-29 05:28:29 [INFO]  The test accuracy (with prototype) of OneShotOursV7+SimpleServer: 0.0048
2025-09-29 05:28:29 [INFO]  Save config to ./checkpoints/Tiny_alpha0.1/baselines_OneShotOursV7+SimpleServer_CIFAR10_results.yaml
2025-09-29 05:28:29 [INFO]  Round 3 starts--------|
2025-09-29 05:28:29 [INFO]  Client 0 Starts Local Trainning--------|
2025-09-29 05:31:58 [INFO]  Epoch 15 loss: 2230.109892845154; train accuracy: 0.2199421672077922; test accuracy: 0.0084
2025-09-29 05:31:59 [INFO]  Save the model in ./checkpoints/Tiny_alpha0.1/local_models/client_0/epoch_15.pth
2025-09-29 05:35:26 [INFO]  Epoch 16 loss: 2051.853850364685; train accuracy: 0.29400872564935066; test accuracy: 0.0053
2025-09-29 05:38:56 [INFO]  Epoch 17 loss: 1850.7313833236694; train accuracy: 0.3521205357142857; test accuracy: 0.0181
2025-09-29 05:42:26 [INFO]  Epoch 18 loss: 1710.150876045227; train accuracy: 0.4079494724025974; test accuracy: 0.0047
2025-09-29 05:45:57 [INFO]  Epoch 19 loss: 1538.218755722046; train accuracy: 0.3785257711038961; test accuracy: 0.0379
2025-09-29 05:45:57 [INFO]  Client 0 Finish Local Training--------|
2025-09-29 05:45:57 [INFO]  Client 0 Collecting Local Prototypes--------|
2025-09-29 05:45:57 [INFO]  Client 1 Starts Local Trainning--------|
2025-09-29 05:49:05 [INFO]  Epoch 15 loss: 2012.448387145996; train accuracy: 0.27029001798561153; test accuracy: 0.0
2025-09-29 05:49:06 [INFO]  Save the model in ./checkpoints/Tiny_alpha0.1/local_models/client_1/epoch_15.pth
2025-09-29 05:52:14 [INFO]  Epoch 16 loss: 1867.5520782470703; train accuracy: 0.37809127697841727; test accuracy: 0.0
2025-09-29 05:55:21 [INFO]  Epoch 17 loss: 1700.2966737747192; train accuracy: 0.3066546762589928; test accuracy: 0.0
2025-09-29 05:58:32 [INFO]  Epoch 18 loss: 1549.1947174072266; train accuracy: 0.2989826888489209; test accuracy: 0.0
2025-09-29 06:01:41 [INFO]  Epoch 19 loss: 1404.5361394882202; train accuracy: 0.32017198741007197; test accuracy: 0.0
2025-09-29 06:01:41 [INFO]  Client 1 Finish Local Training--------|
2025-09-29 06:01:41 [INFO]  Client 1 Collecting Local Prototypes--------|
2025-09-29 06:01:41 [INFO]  Client 2 Starts Local Trainning--------|
2025-09-29 06:05:44 [INFO]  Epoch 15 loss: 2648.0562410354614; train accuracy: 0.3209101775956284; test accuracy: 0.0
2025-09-29 06:05:45 [INFO]  Save the model in ./checkpoints/Tiny_alpha0.1/local_models/client_2/epoch_15.pth
2025-09-29 06:09:48 [INFO]  Epoch 16 loss: 2429.899878501892; train accuracy: 0.321379781420765; test accuracy: 0.0
2025-09-29 06:13:51 [INFO]  Epoch 17 loss: 2229.480544090271; train accuracy: 0.34603398224043713; test accuracy: 0.0
2025-09-29 06:17:56 [INFO]  Epoch 18 loss: 2015.7117166519165; train accuracy: 0.29211492486338797; test accuracy: 0.0
2025-09-29 06:21:58 [INFO]  Epoch 19 loss: 1796.5745058059692; train accuracy: 0.41115949453551914; test accuracy: 0.0
2025-09-29 06:21:58 [INFO]  Client 2 Finish Local Training--------|
2025-09-29 06:21:58 [INFO]  Client 2 Collecting Local Prototypes--------|
2025-09-29 06:21:58 [INFO]  Client 3 Starts Local Trainning--------|
2025-09-29 06:25:24 [INFO]  Epoch 15 loss: 2177.748115539551; train accuracy: 0.3481188322368421; test accuracy: 0.0
2025-09-29 06:25:25 [INFO]  Save the model in ./checkpoints/Tiny_alpha0.1/local_models/client_3/epoch_15.pth
2025-09-29 06:28:49 [INFO]  Epoch 16 loss: 2013.7867193222046; train accuracy: 0.32455283717105265; test accuracy: 0.0
2025-09-29 06:32:14 [INFO]  Epoch 17 loss: 1836.0900659561157; train accuracy: 0.37543688322368424; test accuracy: 0.0
2025-09-29 06:35:38 [INFO]  Epoch 18 loss: 1664.5469408035278; train accuracy: 0.3803453947368421; test accuracy: 0.0
2025-09-29 06:39:00 [INFO]  Epoch 19 loss: 1489.8999061584473; train accuracy: 0.36063425164473684; test accuracy: 0.0
2025-09-29 06:39:00 [INFO]  Client 3 Finish Local Training--------|
2025-09-29 06:39:00 [INFO]  Client 3 Collecting Local Prototypes--------|
2025-09-29 06:39:00 [INFO]  Client 4 Starts Local Trainning--------|
2025-09-29 06:42:42 [INFO]  Epoch 15 loss: 2367.8704891204834; train accuracy: 0.33423295454545454; test accuracy: 0.0191
2025-09-29 06:42:43 [INFO]  Save the model in ./checkpoints/Tiny_alpha0.1/local_models/client_4/epoch_15.pth
2025-09-29 06:46:25 [INFO]  Epoch 16 loss: 2179.11363697052; train accuracy: 0.35970643939393937; test accuracy: 0.0068
2025-09-29 06:50:07 [INFO]  Epoch 17 loss: 2007.408555984497; train accuracy: 0.3103929924242424; test accuracy: 0.0338
2025-09-29 06:53:49 [INFO]  Epoch 18 loss: 1820.884656906128; train accuracy: 0.3213778409090909; test accuracy: 0.0155
2025-09-29 06:57:33 [INFO]  Epoch 19 loss: 1649.0135412216187; train accuracy: 0.34666193181818183; test accuracy: 0.0372
2025-09-29 06:57:33 [INFO]  Client 4 Finish Local Training--------|
2025-09-29 06:57:33 [INFO]  Client 4 Collecting Local Prototypes--------|
2025-09-29 06:57:33 [INFO]  Round 3 Finish--------|
2025-09-29 06:57:33 [INFO]  Model variance: mean: 0.007128037512302399, sum: 80341.765625
2025-09-29 06:57:33 [INFO]  g_protos_std: 0.9888848662376404
2025-09-29 06:57:33 [INFO]  V7 Training | Using SIMPLE server aggregation.
2025-09-29 06:58:01 [INFO]  The test accuracy (with prototype) of OneShotOursV7+SimpleServer: 0.0051
2025-09-29 06:58:01 [INFO]  Save config to ./checkpoints/Tiny_alpha0.1/baselines_OneShotOursV7+SimpleServer_CIFAR10_results.yaml
2025-09-29 06:58:01 [INFO]  Round 4 starts--------|
2025-09-29 06:58:01 [INFO]  Client 0 Starts Local Trainning--------|
2025-09-29 07:01:31 [INFO]  Epoch 20 loss: 2120.97754573822; train accuracy: 0.4021661931818182; test accuracy: 0.0287
2025-09-29 07:01:32 [INFO]  Save the model in ./checkpoints/Tiny_alpha0.1/local_models/client_0/epoch_20.pth
2025-09-29 07:05:00 [INFO]  Epoch 21 loss: 1933.8945760726929; train accuracy: 0.2844967532467532; test accuracy: 0.0716
2025-09-29 07:08:32 [INFO]  Epoch 22 loss: 1773.8369102478027; train accuracy: 0.4146205357142857; test accuracy: 0.0084
2025-09-29 07:12:03 [INFO]  Epoch 23 loss: 1606.1198720932007; train accuracy: 0.34542410714285715; test accuracy: 0.0094
2025-09-29 07:15:35 [INFO]  Epoch 24 loss: 1446.0854864120483; train accuracy: 0.3608715503246753; test accuracy: 0.0076
2025-09-29 07:15:35 [INFO]  Client 0 Finish Local Training--------|
2025-09-29 07:15:35 [INFO]  Client 0 Collecting Local Prototypes--------|
2025-09-29 07:15:35 [INFO]  Client 1 Starts Local Trainning--------|
2025-09-29 07:18:43 [INFO]  Epoch 20 loss: 1945.4383192062378; train accuracy: 0.39613309352517984; test accuracy: 0.0
2025-09-29 07:18:43 [INFO]  Save the model in ./checkpoints/Tiny_alpha0.1/local_models/client_1/epoch_20.pth
2025-09-29 07:21:53 [INFO]  Epoch 21 loss: 1757.5074167251587; train accuracy: 0.39540242805755393; test accuracy: 0.0
2025-09-29 07:25:01 [INFO]  Epoch 22 loss: 1617.3218936920166; train accuracy: 0.3808172212230216; test accuracy: 0.0
2025-09-29 07:28:09 [INFO]  Epoch 23 loss: 1460.7922954559326; train accuracy: 0.399955035971223; test accuracy: 0.0
2025-09-29 07:31:18 [INFO]  Epoch 24 loss: 1307.957763671875; train accuracy: 0.41959869604316546; test accuracy: 0.0
2025-09-29 07:31:18 [INFO]  Client 1 Finish Local Training--------|
2025-09-29 07:31:18 [INFO]  Client 1 Collecting Local Prototypes--------|
2025-09-29 07:31:18 [INFO]  Client 2 Starts Local Trainning--------|
2025-09-29 07:35:23 [INFO]  Epoch 20 loss: 2507.6767234802246; train accuracy: 0.3856941598360656; test accuracy: 0.0
2025-09-29 07:35:24 [INFO]  Save the model in ./checkpoints/Tiny_alpha0.1/local_models/client_2/epoch_20.pth
2025-09-29 07:39:28 [INFO]  Epoch 21 loss: 2306.492795944214; train accuracy: 0.42823599726775957; test accuracy: 0.0
2025-09-29 07:43:32 [INFO]  Epoch 22 loss: 2107.221194267273; train accuracy: 0.40407274590163933; test accuracy: 0.0
2025-09-29 07:47:35 [INFO]  Epoch 23 loss: 1918.5703735351562; train accuracy: 0.38165983606557374; test accuracy: 0.0
2025-09-29 07:51:38 [INFO]  Epoch 24 loss: 1725.8243370056152; train accuracy: 0.4283427254098361; test accuracy: 0.0
2025-09-29 07:51:38 [INFO]  Client 2 Finish Local Training--------|
2025-09-29 07:51:38 [INFO]  Client 2 Collecting Local Prototypes--------|
2025-09-29 07:51:38 [INFO]  Client 3 Starts Local Trainning--------|
2025-09-29 07:55:01 [INFO]  Epoch 20 loss: 2050.0129375457764; train accuracy: 0.42560135690789475; test accuracy: 0.0
2025-09-29 07:55:01 [INFO]  Save the model in ./checkpoints/Tiny_alpha0.1/local_models/client_3/epoch_20.pth
2025-09-29 07:58:25 [INFO]  Epoch 21 loss: 1893.7691688537598; train accuracy: 0.43032997532894735; test accuracy: 0.0
2025-09-29 08:01:42 [INFO]  Epoch 22 loss: 1724.1177806854248; train accuracy: 0.3812448601973684; test accuracy: 0.0
2025-09-29 08:05:00 [INFO]  Epoch 23 loss: 1562.936517715454; train accuracy: 0.40668688322368424; test accuracy: 0.0
2025-09-29 08:08:19 [INFO]  Epoch 24 loss: 1413.0401577949524; train accuracy: 0.4564658717105263; test accuracy: 0.0
2025-09-29 08:08:19 [INFO]  Client 3 Finish Local Training--------|
2025-09-29 08:08:19 [INFO]  Client 3 Collecting Local Prototypes--------|
2025-09-29 08:08:19 [INFO]  Client 4 Starts Local Trainning--------|
2025-09-29 08:11:53 [INFO]  Epoch 20 loss: 2257.1244010925293; train accuracy: 0.389157196969697; test accuracy: 0.0203
2025-09-29 08:11:54 [INFO]  Save the model in ./checkpoints/Tiny_alpha0.1/local_models/client_4/epoch_20.pth
2025-09-29 08:15:27 [INFO]  Epoch 21 loss: 2063.39718914032; train accuracy: 0.3718039772727273; test accuracy: 0.0303
2025-09-29 08:19:00 [INFO]  Epoch 22 loss: 1885.7884140014648; train accuracy: 0.46508049242424243; test accuracy: 0.0286
2025-09-29 08:22:31 [INFO]  Epoch 23 loss: 1720.4679174423218; train accuracy: 0.46115056818181815; test accuracy: 0.0108
2025-09-29 08:25:58 [INFO]  Epoch 24 loss: 1524.401204109192; train accuracy: 0.4357007575757576; test accuracy: 0.0079
2025-09-29 08:25:58 [INFO]  Client 4 Finish Local Training--------|
2025-09-29 08:25:58 [INFO]  Client 4 Collecting Local Prototypes--------|
2025-09-29 08:25:58 [INFO]  Round 4 Finish--------|
2025-09-29 08:25:58 [INFO]  Model variance: mean: 0.008071343414485455, sum: 90973.984375
2025-09-29 08:25:58 [INFO]  g_protos_std: 0.985781192779541
2025-09-29 08:25:58 [INFO]  V7 Training | Using SIMPLE server aggregation.
2025-09-29 08:26:26 [INFO]  The test accuracy (with prototype) of OneShotOursV7+SimpleServer: 0.0031
2025-09-29 08:26:26 [INFO]  Save config to ./checkpoints/Tiny_alpha0.1/baselines_OneShotOursV7+SimpleServer_CIFAR10_results.yaml
2025-09-29 08:26:26 [INFO]  Round 5 starts--------|
2025-09-29 08:26:26 [INFO]  Client 0 Starts Local Trainning--------|
2025-09-29 08:29:41 [INFO]  Epoch 25 loss: 2021.983862876892; train accuracy: 0.4620028409090909; test accuracy: 0.0066
2025-09-29 08:29:42 [INFO]  Save the model in ./checkpoints/Tiny_alpha0.1/local_models/client_0/epoch_25.pth
2025-09-29 08:32:56 [INFO]  Epoch 26 loss: 1851.6770486831665; train accuracy: 0.4529474431818182; test accuracy: 0.0091
2025-09-29 08:36:11 [INFO]  Epoch 27 loss: 1694.6181240081787; train accuracy: 0.4452617694805195; test accuracy: 0.0101
2025-09-29 08:39:25 [INFO]  Epoch 28 loss: 1530.5304918289185; train accuracy: 0.3902445211038961; test accuracy: 0.006
2025-09-29 08:42:37 [INFO]  Epoch 29 loss: 1378.0948877334595; train accuracy: 0.4953327922077922; test accuracy: 0.0088
2025-09-29 08:42:37 [INFO]  Client 0 Finish Local Training--------|
2025-09-29 08:42:37 [INFO]  Client 0 Collecting Local Prototypes--------|
2025-09-29 08:42:37 [INFO]  Client 1 Starts Local Trainning--------|
2025-09-29 08:45:30 [INFO]  Epoch 25 loss: 1835.8816938400269; train accuracy: 0.4243480215827338; test accuracy: 0.0
2025-09-29 08:45:30 [INFO]  Save the model in ./checkpoints/Tiny_alpha0.1/local_models/client_1/epoch_25.pth
2025-09-29 08:48:24 [INFO]  Epoch 26 loss: 1679.6199617385864; train accuracy: 0.4284509892086331; test accuracy: 0.0
2025-09-29 08:51:16 [INFO]  Epoch 27 loss: 1517.4120044708252; train accuracy: 0.49609375; test accuracy: 0.0
2025-09-29 08:54:09 [INFO]  Epoch 28 loss: 1400.0108442306519; train accuracy: 0.3807610161870504; test accuracy: 0.0
2025-09-29 08:57:01 [INFO]  Epoch 29 loss: 1250.9137983322144; train accuracy: 0.4905294514388489; test accuracy: 0.0
2025-09-29 08:57:01 [INFO]  Client 1 Finish Local Training--------|
2025-09-29 08:57:01 [INFO]  Client 1 Collecting Local Prototypes--------|
2025-09-29 08:57:01 [INFO]  Client 2 Starts Local Trainning--------|
2025-09-29 09:00:46 [INFO]  Epoch 25 loss: 2382.341805458069; train accuracy: 0.38153176229508196; test accuracy: 0.0
2025-09-29 09:00:46 [INFO]  Save the model in ./checkpoints/Tiny_alpha0.1/local_models/client_2/epoch_25.pth
2025-09-29 09:04:32 [INFO]  Epoch 26 loss: 2189.5735807418823; train accuracy: 0.40919569672131145; test accuracy: 0.0
2025-09-29 09:08:15 [INFO]  Epoch 27 loss: 2026.9427661895752; train accuracy: 0.4368809767759563; test accuracy: 0.0
2025-09-29 09:12:01 [INFO]  Epoch 28 loss: 1817.1465692520142; train accuracy: 0.4649291325136612; test accuracy: 0.0
2025-09-29 09:15:46 [INFO]  Epoch 29 loss: 1618.7300038337708; train accuracy: 0.41649590163934425; test accuracy: 0.0
2025-09-29 09:15:46 [INFO]  Client 2 Finish Local Training--------|
2025-09-29 09:15:46 [INFO]  Client 2 Collecting Local Prototypes--------|
2025-09-29 09:15:46 [INFO]  Client 3 Starts Local Trainning--------|
2025-09-29 09:18:52 [INFO]  Epoch 25 loss: 1987.493751525879; train accuracy: 0.3995168585526316; test accuracy: 0.0
2025-09-29 09:18:52 [INFO]  Save the model in ./checkpoints/Tiny_alpha0.1/local_models/client_3/epoch_25.pth
2025-09-29 09:22:00 [INFO]  Epoch 26 loss: 1835.7720108032227; train accuracy: 0.42416221217105265; test accuracy: 0.0
2025-09-29 09:25:08 [INFO]  Epoch 27 loss: 1665.763677597046; train accuracy: 0.46859580592105265; test accuracy: 0.0
2025-09-29 09:28:15 [INFO]  Epoch 28 loss: 1493.9349184036255; train accuracy: 0.4183542351973684; test accuracy: 0.0
2025-09-29 09:31:23 [INFO]  Epoch 29 loss: 1328.019036769867; train accuracy: 0.48920641447368424; test accuracy: 0.0
2025-09-29 09:31:23 [INFO]  Client 3 Finish Local Training--------|
2025-09-29 09:31:23 [INFO]  Client 3 Collecting Local Prototypes--------|
2025-09-29 09:31:23 [INFO]  Client 4 Starts Local Trainning--------|
2025-09-29 09:34:47 [INFO]  Epoch 25 loss: 2161.393000602722; train accuracy: 0.4354403409090909; test accuracy: 0.0122
2025-09-29 09:34:47 [INFO]  Save the model in ./checkpoints/Tiny_alpha0.1/local_models/client_4/epoch_25.pth
2025-09-29 09:38:10 [INFO]  Epoch 26 loss: 1984.5706005096436; train accuracy: 0.42033617424242425; test accuracy: 0.0056
2025-09-29 09:41:32 [INFO]  Epoch 27 loss: 1793.5612783432007; train accuracy: 0.4548532196969697; test accuracy: 0.0214
2025-09-29 09:44:55 [INFO]  Epoch 28 loss: 1627.3308000564575; train accuracy: 0.46335227272727275; test accuracy: 0.0074
2025-09-29 09:48:18 [INFO]  Epoch 29 loss: 1468.8992590904236; train accuracy: 0.5049242424242424; test accuracy: 0.0229
2025-09-29 09:48:18 [INFO]  Client 4 Finish Local Training--------|
2025-09-29 09:48:18 [INFO]  Client 4 Collecting Local Prototypes--------|
2025-09-29 09:48:18 [INFO]  Round 5 Finish--------|
2025-09-29 09:48:18 [INFO]  Model variance: mean: 0.008937031961977482, sum: 100731.359375
2025-09-29 09:48:18 [INFO]  g_protos_std: 0.9827972054481506
2025-09-29 09:48:18 [INFO]  V7 Training | Using SIMPLE server aggregation.
2025-09-29 09:48:46 [INFO]  The test accuracy (with prototype) of OneShotOursV7+SimpleServer: 0.0045
2025-09-29 09:48:46 [INFO]  Save config to ./checkpoints/Tiny_alpha0.1/baselines_OneShotOursV7+SimpleServer_CIFAR10_results.yaml
2025-09-29 09:48:46 [INFO]  Round 6 starts--------|
2025-09-29 09:48:46 [INFO]  Client 0 Starts Local Trainning--------|
2025-09-29 09:51:57 [INFO]  Epoch 30 loss: 1939.0296955108643; train accuracy: 0.45878145292207795; test accuracy: 0.0279
2025-09-29 09:51:58 [INFO]  Save the model in ./checkpoints/Tiny_alpha0.1/local_models/client_0/epoch_30.pth
2025-09-29 09:55:08 [INFO]  Epoch 31 loss: 1809.69193649292; train accuracy: 0.4213676948051948; test accuracy: 0.0206
2025-09-29 09:58:16 [INFO]  Epoch 32 loss: 1616.1849660873413; train accuracy: 0.44952313311688313; test accuracy: 0.0123
2025-09-29 10:01:24 [INFO]  Epoch 33 loss: 1466.1207008361816; train accuracy: 0.4656554383116883; test accuracy: 0.0122
2025-09-29 10:04:32 [INFO]  Epoch 34 loss: 1297.8670544624329; train accuracy: 0.4637023133116883; test accuracy: 0.0122
2025-09-29 10:04:32 [INFO]  Client 0 Finish Local Training--------|
2025-09-29 10:04:32 [INFO]  Client 0 Collecting Local Prototypes--------|
2025-09-29 10:04:32 [INFO]  Client 1 Starts Local Trainning--------|
2025-09-29 10:07:21 [INFO]  Epoch 30 loss: 1774.0339517593384; train accuracy: 0.40689635791366907; test accuracy: 0.0
2025-09-29 10:07:22 [INFO]  Save the model in ./checkpoints/Tiny_alpha0.1/local_models/client_1/epoch_30.pth
2025-09-29 10:10:10 [INFO]  Epoch 31 loss: 1630.6544885635376; train accuracy: 0.434970773381295; test accuracy: 0.0
2025-09-29 10:13:00 [INFO]  Epoch 32 loss: 1478.1516571044922; train accuracy: 0.41706946942446044; test accuracy: 0.0
2025-09-29 10:15:50 [INFO]  Epoch 33 loss: 1324.8382425308228; train accuracy: 0.4790074190647482; test accuracy: 0.0
2025-09-29 10:18:40 [INFO]  Epoch 34 loss: 1149.9962315559387; train accuracy: 0.4211724370503597; test accuracy: 0.0
2025-09-29 10:18:40 [INFO]  Client 1 Finish Local Training--------|
2025-09-29 10:18:40 [INFO]  Client 1 Collecting Local Prototypes--------|
2025-09-29 10:18:40 [INFO]  Client 2 Starts Local Trainning--------|
2025-09-29 10:22:21 [INFO]  Epoch 30 loss: 2306.5995922088623; train accuracy: 0.44556864754098363; test accuracy: 0.0
2025-09-29 10:22:22 [INFO]  Save the model in ./checkpoints/Tiny_alpha0.1/local_models/client_2/epoch_30.pth
2025-09-29 10:26:03 [INFO]  Epoch 31 loss: 2111.760380744934; train accuracy: 0.47765112704918034; test accuracy: 0.0
2025-09-29 10:29:43 [INFO]  Epoch 32 loss: 1910.7287817001343; train accuracy: 0.4415129781420765; test accuracy: 0.0
2025-09-29 10:33:24 [INFO]  Epoch 33 loss: 1718.9263443946838; train accuracy: 0.5096268784153005; test accuracy: 0.0
2025-09-29 10:37:04 [INFO]  Epoch 34 loss: 1538.4940495491028; train accuracy: 0.41530054644808745; test accuracy: 0.0
2025-09-29 10:37:04 [INFO]  Client 2 Finish Local Training--------|
2025-09-29 10:37:04 [INFO]  Client 2 Collecting Local Prototypes--------|
2025-09-29 10:37:04 [INFO]  Client 3 Starts Local Trainning--------|
2025-09-29 10:40:09 [INFO]  Epoch 30 loss: 1900.5092067718506; train accuracy: 0.4595754523026316; test accuracy: 0.0
2025-09-29 10:40:09 [INFO]  Save the model in ./checkpoints/Tiny_alpha0.1/local_models/client_3/epoch_30.pth
2025-09-29 10:43:14 [INFO]  Epoch 31 loss: 1734.9923887252808; train accuracy: 0.4370374177631579; test accuracy: 0.0
2025-09-29 10:46:19 [INFO]  Epoch 32 loss: 1595.1723203659058; train accuracy: 0.42267166940789475; test accuracy: 0.0
2025-09-29 10:49:24 [INFO]  Epoch 33 loss: 1427.5351281166077; train accuracy: 0.46967516447368424; test accuracy: 0.0
2025-09-29 10:52:32 [INFO]  Epoch 34 loss: 1253.2146773338318; train accuracy: 0.5499845805921053; test accuracy: 0.0
2025-09-29 10:52:32 [INFO]  Client 3 Finish Local Training--------|
2025-09-29 10:52:32 [INFO]  Client 3 Collecting Local Prototypes--------|
2025-09-29 10:52:32 [INFO]  Client 4 Starts Local Trainning--------|
2025-09-29 10:55:55 [INFO]  Epoch 30 loss: 2069.3716430664062; train accuracy: 0.41964962121212124; test accuracy: 0.0244
2025-09-29 10:55:55 [INFO]  Save the model in ./checkpoints/Tiny_alpha0.1/local_models/client_4/epoch_30.pth
2025-09-29 10:59:18 [INFO]  Epoch 31 loss: 1900.0976085662842; train accuracy: 0.47128314393939397; test accuracy: 0.0148
2025-09-29 11:02:42 [INFO]  Epoch 32 loss: 1742.20303440094; train accuracy: 0.47670454545454544; test accuracy: 0.0383
2025-09-29 11:06:05 [INFO]  Epoch 33 loss: 1556.0988903045654; train accuracy: 0.4394886363636364; test accuracy: 0.0244
2025-09-29 11:09:28 [INFO]  Epoch 34 loss: 1393.847650527954; train accuracy: 0.4394176136363636; test accuracy: 0.016
2025-09-29 11:09:28 [INFO]  Client 4 Finish Local Training--------|
2025-09-29 11:09:28 [INFO]  Client 4 Collecting Local Prototypes--------|
2025-09-29 11:09:28 [INFO]  Round 6 Finish--------|
2025-09-29 11:09:28 [INFO]  Model variance: mean: 0.009743832051753998, sum: 109824.9921875
2025-09-29 11:09:28 [INFO]  g_protos_std: 0.9799244403839111
2025-09-29 11:09:28 [INFO]  V7 Training | Using SIMPLE server aggregation.
2025-09-29 11:09:56 [INFO]  The test accuracy (with prototype) of OneShotOursV7+SimpleServer: 0.0049
2025-09-29 11:09:56 [INFO]  Save config to ./checkpoints/Tiny_alpha0.1/baselines_OneShotOursV7+SimpleServer_CIFAR10_results.yaml
2025-09-29 11:09:56 [INFO]  Round 7 starts--------|
2025-09-29 11:09:56 [INFO]  Client 0 Starts Local Trainning--------|
2025-09-29 11:13:11 [INFO]  Epoch 35 loss: 1863.4891271591187; train accuracy: 0.42606026785714285; test accuracy: 0.0275
2025-09-29 11:13:11 [INFO]  Save the model in ./checkpoints/Tiny_alpha0.1/local_models/client_0/epoch_35.pth
2025-09-29 11:16:29 [INFO]  Epoch 36 loss: 1728.2661476135254; train accuracy: 0.44706270292207795; test accuracy: 0.0307
2025-09-29 11:19:45 [INFO]  Epoch 37 loss: 1552.4515523910522; train accuracy: 0.5218902191558441; test accuracy: 0.0107
2025-09-29 11:23:03 [INFO]  Epoch 38 loss: 1394.6077980995178; train accuracy: 0.4393262987012987; test accuracy: 0.022
2025-09-29 11:26:21 [INFO]  Epoch 39 loss: 1236.9808278083801; train accuracy: 0.5127840909090909; test accuracy: 0.0146
2025-09-29 11:26:21 [INFO]  Client 0 Finish Local Training--------|
2025-09-29 11:26:21 [INFO]  Client 0 Collecting Local Prototypes--------|
2025-09-29 11:26:21 [INFO]  Client 1 Starts Local Trainning--------|
2025-09-29 11:29:21 [INFO]  Epoch 35 loss: 1714.3048400878906; train accuracy: 0.4674291816546763; test accuracy: 0.0
2025-09-29 11:29:21 [INFO]  Save the model in ./checkpoints/Tiny_alpha0.1/local_models/client_1/epoch_35.pth
2025-09-29 11:32:21 [INFO]  Epoch 36 loss: 1567.2838230133057; train accuracy: 0.4785296762589928; test accuracy: 0.0
2025-09-29 11:35:22 [INFO]  Epoch 37 loss: 1418.2663621902466; train accuracy: 0.5155687949640287; test accuracy: 0.0
2025-09-29 11:38:20 [INFO]  Epoch 38 loss: 1271.4460372924805; train accuracy: 0.5036814298561151; test accuracy: 0.0
2025-09-29 11:41:17 [INFO]  Epoch 39 loss: 1117.9124851226807; train accuracy: 0.5284678507194245; test accuracy: 0.0
2025-09-29 11:41:17 [INFO]  Client 1 Finish Local Training--------|
2025-09-29 11:41:17 [INFO]  Client 1 Collecting Local Prototypes--------|
2025-09-29 11:41:17 [INFO]  Client 2 Starts Local Trainning--------|
2025-09-29 11:45:09 [INFO]  Epoch 35 loss: 2213.3793478012085; train accuracy: 0.5165215163934426; test accuracy: 0.0
2025-09-29 11:45:09 [INFO]  Save the model in ./checkpoints/Tiny_alpha0.1/local_models/client_2/epoch_35.pth
2025-09-29 11:49:01 [INFO]  Epoch 36 loss: 2060.8371171951294; train accuracy: 0.5022626366120219; test accuracy: 0.0
2025-09-29 11:55:04 [INFO]  Epoch 37 loss: 1839.9030694961548; train accuracy: 0.49146174863387976; test accuracy: 0.0
