2025-09-28 10:57:38 [INFO]  Load config from ./configs/Tiny_alpha0.5.yaml
2025-09-28 10:57:38 [INFO]  config: {'exp_name': 'Tiny_alpha0.5', 'dataset': {'data_name': 'Tiny-ImageNet', 'root_path': '~/datasets/', 'train_batch_size': 256, 'test_batch_size': 256, 'channels': 3, 'num_classes': 200, 'image_size': 64, 'aux_data_name': 'Tiny-ImageNet', 'aux_root_path': '~/datasets/', 'aux_split': 'test'}, 'distribution': {'type': 'dirichlet', 'label_num_per_client': 2, 'alpha': 0.5}, 'client': {'num_clients': 5}, 'server': {'num_rounds': 1, 'frac_clients': 1.0, 'lr': 0.05, 'local_epochs': 50, 'optimizer': 'sgd', 'momentum': 0.9, 'weight_decay': 0.0001, 'loss_name': 'ce', 'model_name': 'resnet18', 'aggregated_by_datasize': True, 'lr_decay_per_round': 0.998}, 'device': 'cuda:0', 'checkpoint': {'save_path': './checkpoints/', 'save_freq': 5, 'result_file': 'CIFAR10_results.yaml'}, 'pretrain': {'lr': 0.01, 'epoch': 70, 'model_path': './pretrain/', 'momentum': 0.9, 'weight_decay': 0.0001, 'model_name': 'resnet18', 'model_file_name': 'resnet18-f37072fd.pth'}, 'DBCD': {'alpha_l_pa': 1, 'alpha_l_pb': 1, 'alpha_l_pc': 0.0, 'Beta_alpha': 0.2, 'unsup_method': 'infonce', 'contrastive_temperature': 0.5, 'encoder_epoch': 40, 'projector_epoch': 10, 'use_pretrain': False, 'aug_batch_size': 512, 'encoder_lr': 0.03, 'cls_optimizer': 'sgd', 'cls_lr': 0.05, 'supcon_temp': 0.07, 'super_gr': 100, 'aux_with_public': True}, 'etf': {'loss_name': 'ce'}, 'visualization': {'interval': 5, 'save_path': 'visualization/resnet18', 'vis_size': 16}, 'resume': True, 'resume_best': False, 'seed': 1, 'lambda_align_initial': 5.0}
2025-09-28 10:57:39 [INFO]  Dataset Tiny-ImageNet loaded
2025-09-28 10:57:39 [INFO]  Dataset index dict loaded from preprocessed_data/Tiny-ImageNet.pt
2025-09-28 10:57:40 [INFO]  OneshotOurs
2025-09-28 10:57:41 [INFO]  Round 0 starts--------|
2025-09-28 10:57:41 [INFO]  Client 0 Starts Local Trainning--------|
2025-09-28 11:00:21 [INFO]  generating sample per sample
2025-09-28 11:07:40 [INFO]  Epoch 0 loss: 3995.2770071029663; train accuracy: 0.0267791748046875; test accuracy: 0.0
2025-09-28 11:07:41 [INFO]  Save the model in ./checkpoints/Tiny_alpha0.5/local_models/client_0/epoch_0.pth
2025-09-28 11:14:40 [INFO]  Epoch 1 loss: 3606.0264778137207; train accuracy: 0.04150390625; test accuracy: 0.0003
2025-09-28 11:21:57 [INFO]  Epoch 2 loss: 3367.5389852523804; train accuracy: 0.0653533935546875; test accuracy: 0.0001
2025-09-28 11:29:05 [INFO]  Epoch 3 loss: 3189.6307973861694; train accuracy: 0.1035003662109375; test accuracy: 0.0071
2025-09-28 11:36:15 [INFO]  Epoch 4 loss: 3059.8101978302; train accuracy: 0.1342926025390625; test accuracy: 0.0054
2025-09-28 11:43:23 [INFO]  Epoch 5 loss: 2942.0585718154907; train accuracy: 0.1441650390625; test accuracy: 0.017
2025-09-28 11:43:24 [INFO]  Save the model in ./checkpoints/Tiny_alpha0.5/local_models/client_0/epoch_5.pth
2025-09-28 11:50:37 [INFO]  Epoch 6 loss: 2865.912296295166; train accuracy: 0.1727752685546875; test accuracy: 0.0066
2025-09-28 11:57:52 [INFO]  Epoch 7 loss: 2779.479182243347; train accuracy: 0.1811981201171875; test accuracy: 0.0125
2025-09-28 12:05:14 [INFO]  Epoch 8 loss: 2722.7891426086426; train accuracy: 0.2077789306640625; test accuracy: 0.0104
2025-09-28 12:12:29 [INFO]  Epoch 9 loss: 2641.3181190490723; train accuracy: 0.2418670654296875; test accuracy: 0.0095
2025-09-28 12:19:40 [INFO]  Epoch 10 loss: 2592.797595024109; train accuracy: 0.3143310546875; test accuracy: 0.0084
2025-09-28 12:19:40 [INFO]  Save the model in ./checkpoints/Tiny_alpha0.5/local_models/client_0/epoch_10.pth
2025-09-28 12:26:45 [INFO]  Epoch 11 loss: 2540.624713897705; train accuracy: 0.2505035400390625; test accuracy: 0.005
2025-09-28 12:34:02 [INFO]  Epoch 12 loss: 2485.783387184143; train accuracy: 0.3065032958984375; test accuracy: 0.0252
2025-09-28 12:41:15 [INFO]  Epoch 13 loss: 2441.4305906295776; train accuracy: 0.2769927978515625; test accuracy: 0.0059
2025-09-28 12:48:30 [INFO]  Epoch 14 loss: 2381.54319190979; train accuracy: 0.2889251708984375; test accuracy: 0.0053
2025-09-28 12:55:38 [INFO]  Epoch 15 loss: 2376.789752483368; train accuracy: 0.35369873046875; test accuracy: 0.0154
2025-09-28 12:55:38 [INFO]  Save the model in ./checkpoints/Tiny_alpha0.5/local_models/client_0/epoch_15.pth
2025-09-28 13:02:37 [INFO]  Epoch 16 loss: 2321.9573259353638; train accuracy: 0.301727294921875; test accuracy: 0.0039
2025-09-28 13:09:44 [INFO]  Epoch 17 loss: 2272.0481629371643; train accuracy: 0.34881591796875; test accuracy: 0.0039
2025-09-28 13:17:01 [INFO]  Epoch 18 loss: 2261.0486273765564; train accuracy: 0.3847808837890625; test accuracy: 0.0174
2025-09-28 13:23:56 [INFO]  Epoch 19 loss: 2183.3015656471252; train accuracy: 0.3535919189453125; test accuracy: 0.0108
2025-09-28 13:30:44 [INFO]  Epoch 20 loss: 2172.544958114624; train accuracy: 0.3307647705078125; test accuracy: 0.0162
2025-09-28 13:30:44 [INFO]  Save the model in ./checkpoints/Tiny_alpha0.5/local_models/client_0/epoch_20.pth
2025-09-28 13:37:38 [INFO]  Epoch 21 loss: 2121.9128313064575; train accuracy: 0.32489013671875; test accuracy: 0.0042
2025-09-28 13:44:46 [INFO]  Epoch 22 loss: 2094.3306727409363; train accuracy: 0.361968994140625; test accuracy: 0.0098
2025-09-28 13:51:36 [INFO]  Epoch 23 loss: 2073.956038951874; train accuracy: 0.383209228515625; test accuracy: 0.0066
2025-09-28 13:58:02 [INFO]  Epoch 24 loss: 2063.6542739868164; train accuracy: 0.41351318359375; test accuracy: 0.0119
2025-09-28 14:04:07 [INFO]  Epoch 25 loss: 2040.640863418579; train accuracy: 0.420654296875; test accuracy: 0.0069
2025-09-28 14:04:07 [INFO]  Save the model in ./checkpoints/Tiny_alpha0.5/local_models/client_0/epoch_25.pth
2025-09-28 14:10:13 [INFO]  Epoch 26 loss: 2009.1813788414001; train accuracy: 0.445098876953125; test accuracy: 0.0113
2025-09-28 14:16:18 [INFO]  Epoch 27 loss: 1971.0789465904236; train accuracy: 0.4208984375; test accuracy: 0.0064
2025-09-28 14:21:55 [INFO]  Epoch 28 loss: 1966.9872646331787; train accuracy: 0.4268951416015625; test accuracy: 0.0118
2025-09-28 14:27:29 [INFO]  Epoch 29 loss: 1951.5285925865173; train accuracy: 0.4719085693359375; test accuracy: 0.0078
2025-09-28 14:32:04 [INFO]  Epoch 30 loss: 1905.2921395301819; train accuracy: 0.4683990478515625; test accuracy: 0.0143
2025-09-28 14:32:04 [INFO]  Save the model in ./checkpoints/Tiny_alpha0.5/local_models/client_0/epoch_30.pth
2025-09-28 14:36:34 [INFO]  Epoch 31 loss: 1881.5879874229431; train accuracy: 0.439727783203125; test accuracy: 0.0133
2025-09-28 14:41:04 [INFO]  Epoch 32 loss: 1869.431453704834; train accuracy: 0.4999237060546875; test accuracy: 0.0215
2025-09-28 14:45:30 [INFO]  Epoch 33 loss: 1853.603039741516; train accuracy: 0.4658050537109375; test accuracy: 0.0285
2025-09-28 14:49:56 [INFO]  Epoch 34 loss: 1792.621196269989; train accuracy: 0.4804840087890625; test accuracy: 0.0168
2025-09-28 14:54:25 [INFO]  Epoch 35 loss: 1823.4173293113708; train accuracy: 0.4569244384765625; test accuracy: 0.0166
2025-09-28 14:54:25 [INFO]  Save the model in ./checkpoints/Tiny_alpha0.5/local_models/client_0/epoch_35.pth
2025-09-28 14:58:52 [INFO]  Epoch 36 loss: 1806.5700526237488; train accuracy: 0.4810943603515625; test accuracy: 0.0088
2025-09-28 15:03:17 [INFO]  Epoch 37 loss: 1749.9066038131714; train accuracy: 0.575164794921875; test accuracy: 0.0204
2025-09-28 15:07:44 [INFO]  Epoch 38 loss: 1738.7515778541565; train accuracy: 0.511138916015625; test accuracy: 0.0067
2025-09-28 15:12:09 [INFO]  Epoch 39 loss: 1728.820484161377; train accuracy: 0.5055694580078125; test accuracy: 0.0097
2025-09-28 15:16:33 [INFO]  Epoch 40 loss: 1729.8298749923706; train accuracy: 0.5487213134765625; test accuracy: 0.0099
2025-09-28 15:16:33 [INFO]  Save the model in ./checkpoints/Tiny_alpha0.5/local_models/client_0/epoch_40.pth
2025-09-28 15:20:59 [INFO]  Epoch 41 loss: 1744.5391292572021; train accuracy: 0.514434814453125; test accuracy: 0.004
2025-09-28 15:25:25 [INFO]  Epoch 42 loss: 1717.3591165542603; train accuracy: 0.567901611328125; test accuracy: 0.0127
2025-09-28 15:29:51 [INFO]  Epoch 43 loss: 1662.8342962265015; train accuracy: 0.47857666015625; test accuracy: 0.0075
2025-09-28 15:34:19 [INFO]  Epoch 44 loss: 1636.8479943275452; train accuracy: 0.543731689453125; test accuracy: 0.0116
2025-09-28 15:38:49 [INFO]  Epoch 45 loss: 1640.4951829910278; train accuracy: 0.56298828125; test accuracy: 0.011
2025-09-28 15:38:49 [INFO]  Save the model in ./checkpoints/Tiny_alpha0.5/local_models/client_0/epoch_45.pth
2025-09-28 15:43:23 [INFO]  Epoch 46 loss: 1623.6283640861511; train accuracy: 0.5100250244140625; test accuracy: 0.0082
2025-09-28 15:47:53 [INFO]  Epoch 47 loss: 1613.821958065033; train accuracy: 0.4385833740234375; test accuracy: 0.0305
2025-09-28 15:52:23 [INFO]  Epoch 48 loss: 1587.9056963920593; train accuracy: 0.53253173828125; test accuracy: 0.0238
2025-09-28 15:56:51 [INFO]  Epoch 49 loss: 1581.0161762237549; train accuracy: 0.52557373046875; test accuracy: 0.0205
2025-09-28 15:56:51 [INFO]  Client 0 Finish Local Training--------|
2025-09-28 15:56:51 [INFO]  Client 0 Collecting Local Prototypes--------|
2025-09-28 15:56:51 [INFO]  Client 1 Starts Local Trainning--------|
2025-09-28 15:58:50 [INFO]  generating sample per sample
2025-09-28 16:03:44 [INFO]  Epoch 0 loss: 4437.667112350464; train accuracy: 0.027495048415492957; test accuracy: 0.0
2025-09-28 16:03:44 [INFO]  Save the model in ./checkpoints/Tiny_alpha0.5/local_models/client_1/epoch_0.pth
2025-09-28 16:08:41 [INFO]  Epoch 1 loss: 3967.948574066162; train accuracy: 0.06171599911971831; test accuracy: 0.0
2025-09-28 16:13:35 [INFO]  Epoch 2 loss: 3671.534282684326; train accuracy: 0.07684584066901408; test accuracy: 0.0
2025-09-28 16:18:28 [INFO]  Epoch 3 loss: 3489.949384689331; train accuracy: 0.11121808978873239; test accuracy: 0.0
2025-09-28 16:23:35 [INFO]  Epoch 4 loss: 3356.385645866394; train accuracy: 0.10716054137323944; test accuracy: 0.0
2025-09-28 16:28:32 [INFO]  Epoch 5 loss: 3253.8314113616943; train accuracy: 0.15600242077464788; test accuracy: 0.0
2025-09-28 16:28:32 [INFO]  Save the model in ./checkpoints/Tiny_alpha0.5/local_models/client_1/epoch_5.pth
2025-09-28 16:33:54 [INFO]  Epoch 6 loss: 3140.755979537964; train accuracy: 0.21957526408450703; test accuracy: 0.0
2025-09-28 16:39:23 [INFO]  Epoch 7 loss: 3041.3312578201294; train accuracy: 0.23170664612676056; test accuracy: 0.0
2025-09-28 16:44:57 [INFO]  Epoch 8 loss: 2933.3893575668335; train accuracy: 0.25397502200704225; test accuracy: 0.0
2025-09-28 16:50:11 [INFO]  Epoch 9 loss: 2892.7037315368652; train accuracy: 0.22506327024647887; test accuracy: 0.0
2025-09-28 16:55:30 [INFO]  Epoch 10 loss: 2859.4777994155884; train accuracy: 0.21708571742957747; test accuracy: 0.0
2025-09-28 16:55:30 [INFO]  Save the model in ./checkpoints/Tiny_alpha0.5/local_models/client_1/epoch_10.pth
2025-09-28 17:01:12 [INFO]  Epoch 11 loss: 2778.420344352722; train accuracy: 0.2552541813380282; test accuracy: 0.0
2025-09-28 17:08:14 [INFO]  Epoch 12 loss: 2712.356363773346; train accuracy: 0.3217016945422535; test accuracy: 0.0
2025-09-28 17:14:49 [INFO]  Epoch 13 loss: 2690.833948612213; train accuracy: 0.28252915933098594; test accuracy: 0.0
2025-09-28 17:21:50 [INFO]  Epoch 14 loss: 2598.2330746650696; train accuracy: 0.3238473811619718; test accuracy: 0.0
2025-09-28 17:28:59 [INFO]  Epoch 15 loss: 2573.0250182151794; train accuracy: 0.2932988556338028; test accuracy: 0.0
2025-09-28 17:28:59 [INFO]  Save the model in ./checkpoints/Tiny_alpha0.5/local_models/client_1/epoch_15.pth
2025-09-28 17:36:03 [INFO]  Epoch 16 loss: 2527.0604844093323; train accuracy: 0.3357586927816901; test accuracy: 0.0
2025-09-28 17:43:17 [INFO]  Epoch 17 loss: 2477.4795269966125; train accuracy: 0.40268761003521125; test accuracy: 0.0
2025-09-28 17:50:25 [INFO]  Epoch 18 loss: 2477.0601029396057; train accuracy: 0.3749174735915493; test accuracy: 0.0
2025-09-28 17:57:35 [INFO]  Epoch 19 loss: 2416.1958718299866; train accuracy: 0.37138259242957744; test accuracy: 0.0
2025-09-28 18:04:03 [INFO]  Epoch 20 loss: 2353.1800231933594; train accuracy: 0.4486960827464789; test accuracy: 0.0
2025-09-28 18:04:03 [INFO]  Save the model in ./checkpoints/Tiny_alpha0.5/local_models/client_1/epoch_20.pth
2025-09-28 18:10:22 [INFO]  Epoch 21 loss: 2355.493314743042; train accuracy: 0.4015597491197183; test accuracy: 0.0
2025-09-28 18:16:46 [INFO]  Epoch 22 loss: 2301.9704570770264; train accuracy: 0.4097848811619718; test accuracy: 0.0
2025-09-28 18:23:02 [INFO]  Epoch 23 loss: 2282.561521053314; train accuracy: 0.3376430457746479; test accuracy: 0.0
2025-09-28 18:28:32 [INFO]  Epoch 24 loss: 2249.7302627563477; train accuracy: 0.41803752200704225; test accuracy: 0.0
2025-09-28 18:33:44 [INFO]  Epoch 25 loss: 2237.450999736786; train accuracy: 0.4828895246478873; test accuracy: 0.0
2025-09-28 18:33:44 [INFO]  Save the model in ./checkpoints/Tiny_alpha0.5/local_models/client_1/epoch_25.pth
2025-09-28 18:38:52 [INFO]  Epoch 26 loss: 2214.855878829956; train accuracy: 0.4053559639084507; test accuracy: 0.0
2025-09-28 18:44:03 [INFO]  Epoch 27 loss: 2167.0057821273804; train accuracy: 0.37465613996478875; test accuracy: 0.0
2025-09-28 18:49:12 [INFO]  Epoch 28 loss: 2146.142587184906; train accuracy: 0.4955023107394366; test accuracy: 0.0
2025-09-28 18:54:23 [INFO]  Epoch 29 loss: 2127.5391364097595; train accuracy: 0.4350929797535211; test accuracy: 0.0
2025-09-28 18:59:39 [INFO]  Epoch 30 loss: 2092.1338052749634; train accuracy: 0.45718254841549294; test accuracy: 0.0
2025-09-28 18:59:40 [INFO]  Save the model in ./checkpoints/Tiny_alpha0.5/local_models/client_1/epoch_30.pth
2025-09-28 19:05:06 [INFO]  Epoch 31 loss: 2059.908595085144; train accuracy: 0.4482009242957746; test accuracy: 0.0
2025-09-28 19:10:46 [INFO]  Epoch 32 loss: 2051.581233024597; train accuracy: 0.5063270246478874; test accuracy: 0.0
2025-09-28 19:16:34 [INFO]  Epoch 33 loss: 1998.600739479065; train accuracy: 0.44931503080985913; test accuracy: 0.0
2025-09-28 19:22:13 [INFO]  Epoch 34 loss: 2001.7627954483032; train accuracy: 0.5450319102112676; test accuracy: 0.0
2025-09-28 19:27:33 [INFO]  Epoch 35 loss: 1979.3570704460144; train accuracy: 0.48818496919014087; test accuracy: 0.0
2025-09-28 19:27:33 [INFO]  Save the model in ./checkpoints/Tiny_alpha0.5/local_models/client_1/epoch_35.pth
2025-09-28 19:31:55 [INFO]  Epoch 36 loss: 1969.9287972450256; train accuracy: 0.4775665713028169; test accuracy: 0.0
2025-09-28 19:36:00 [INFO]  Epoch 37 loss: 1959.7600135803223; train accuracy: 0.4759985695422535; test accuracy: 0.0
2025-09-28 19:40:09 [INFO]  Epoch 38 loss: 1919.2765793800354; train accuracy: 0.5516477772887324; test accuracy: 0.0
2025-09-28 19:44:32 [INFO]  Epoch 39 loss: 1886.4075169563293; train accuracy: 0.5168491417253521; test accuracy: 0.0
2025-09-28 19:49:18 [INFO]  Epoch 40 loss: 1878.2324051856995; train accuracy: 0.5469162632042254; test accuracy: 0.0
2025-09-28 19:49:19 [INFO]  Save the model in ./checkpoints/Tiny_alpha0.5/local_models/client_1/epoch_40.pth
2025-09-28 19:53:39 [INFO]  Epoch 41 loss: 1839.3984379768372; train accuracy: 0.5060656910211268; test accuracy: 0.0
2025-09-28 19:57:45 [INFO]  Epoch 42 loss: 1861.5791764259338; train accuracy: 0.5602030149647887; test accuracy: 0.0
2025-09-28 20:01:36 [INFO]  Epoch 43 loss: 1836.1018829345703; train accuracy: 0.5152811399647887; test accuracy: 0.0
2025-09-28 20:05:25 [INFO]  Epoch 44 loss: 1816.848638534546; train accuracy: 0.6050286091549296; test accuracy: 0.0
2025-09-28 20:09:11 [INFO]  Epoch 45 loss: 1787.7975373268127; train accuracy: 0.5711927816901409; test accuracy: 0.0
2025-09-28 20:09:11 [INFO]  Save the model in ./checkpoints/Tiny_alpha0.5/local_models/client_1/epoch_45.pth
2025-09-28 20:12:54 [INFO]  Epoch 46 loss: 1803.7666501998901; train accuracy: 0.5638616857394366; test accuracy: 0.0
2025-09-28 20:16:41 [INFO]  Epoch 47 loss: 1739.6356554031372; train accuracy: 0.5668051276408451; test accuracy: 0.0
2025-09-28 20:20:26 [INFO]  Epoch 48 loss: 1756.6279492378235; train accuracy: 0.5318276848591549; test accuracy: 0.0
2025-09-28 20:24:07 [INFO]  Epoch 49 loss: 1724.0010261535645; train accuracy: 0.5074548855633803; test accuracy: 0.0
2025-09-28 20:24:07 [INFO]  Client 1 Finish Local Training--------|
2025-09-28 20:24:07 [INFO]  Client 1 Collecting Local Prototypes--------|
2025-09-28 20:24:07 [INFO]  Client 2 Starts Local Trainning--------|
2025-09-28 20:25:57 [INFO]  generating sample per sample
2025-09-28 20:29:39 [INFO]  Epoch 0 loss: 4473.486172676086; train accuracy: 0.026196459790209792; test accuracy: 0.0
2025-09-28 20:29:39 [INFO]  Save the model in ./checkpoints/Tiny_alpha0.5/local_models/client_2/epoch_0.pth
2025-09-28 20:33:17 [INFO]  Epoch 1 loss: 4016.5991535186768; train accuracy: 0.04833642919580419; test accuracy: 0.0
2025-09-28 20:36:53 [INFO]  Epoch 2 loss: 3759.393922805786; train accuracy: 0.06689794580419581; test accuracy: 0.0
2025-09-28 20:40:34 [INFO]  Epoch 3 loss: 3564.261010169983; train accuracy: 0.11136909965034965; test accuracy: 0.0012
2025-09-28 20:44:24 [INFO]  Epoch 4 loss: 3411.7104997634888; train accuracy: 0.10497705419580419; test accuracy: 0.0016
2025-09-28 20:48:23 [INFO]  Epoch 5 loss: 3308.3134660720825; train accuracy: 0.16246448863636365; test accuracy: 0.0007
2025-09-28 20:48:23 [INFO]  Save the model in ./checkpoints/Tiny_alpha0.5/local_models/client_2/epoch_5.pth
2025-09-28 20:52:21 [INFO]  Epoch 6 loss: 3191.912872314453; train accuracy: 0.21918706293706294; test accuracy: 0.0029
2025-09-28 20:56:16 [INFO]  Epoch 7 loss: 3122.47554397583; train accuracy: 0.18819656905594406; test accuracy: 0.0003
2025-09-28 21:00:16 [INFO]  Epoch 8 loss: 3037.5623664855957; train accuracy: 0.1844815340909091; test accuracy: 0.0025
2025-09-28 21:04:11 [INFO]  Epoch 9 loss: 2959.634699821472; train accuracy: 0.23205310314685315; test accuracy: 0.0014
2025-09-28 21:08:09 [INFO]  Epoch 10 loss: 2867.867349624634; train accuracy: 0.26143192744755245; test accuracy: 0.0018
2025-09-28 21:08:09 [INFO]  Save the model in ./checkpoints/Tiny_alpha0.5/local_models/client_2/epoch_10.pth
2025-09-28 21:12:06 [INFO]  Epoch 11 loss: 2828.434606552124; train accuracy: 0.25038243006993005; test accuracy: 0.0046
2025-09-28 21:16:04 [INFO]  Epoch 12 loss: 2792.5651302337646; train accuracy: 0.2687937062937063; test accuracy: 0.004
2025-09-28 21:20:01 [INFO]  Epoch 13 loss: 2722.5692987442017; train accuracy: 0.3193973994755245; test accuracy: 0.0018
2025-09-28 21:23:56 [INFO]  Epoch 14 loss: 2661.5576915740967; train accuracy: 0.2838450611888112; test accuracy: 0.0027
2025-09-28 21:27:52 [INFO]  Epoch 15 loss: 2608.5976214408875; train accuracy: 0.33413461538461536; test accuracy: 0.0043
2025-09-28 21:27:52 [INFO]  Save the model in ./checkpoints/Tiny_alpha0.5/local_models/client_2/epoch_15.pth
2025-09-28 21:31:49 [INFO]  Epoch 16 loss: 2567.637143135071; train accuracy: 0.3231807255244755; test accuracy: 0.0063
2025-09-28 21:35:47 [INFO]  Epoch 17 loss: 2550.8530197143555; train accuracy: 0.38114619755244755; test accuracy: 0.0041
2025-09-28 21:39:40 [INFO]  Epoch 18 loss: 2529.4884672164917; train accuracy: 0.35339270104895104; test accuracy: 0.0072
2025-09-28 21:43:37 [INFO]  Epoch 19 loss: 2460.89696598053; train accuracy: 0.34898109702797203; test accuracy: 0.0071
2025-09-28 21:47:37 [INFO]  Epoch 20 loss: 2441.542010307312; train accuracy: 0.34362707604895104; test accuracy: 0.003
2025-09-28 21:47:37 [INFO]  Save the model in ./checkpoints/Tiny_alpha0.5/local_models/client_2/epoch_20.pth
2025-09-28 21:51:35 [INFO]  Epoch 21 loss: 2393.7666449546814; train accuracy: 0.37413953234265734; test accuracy: 0.0041
2025-09-28 21:55:40 [INFO]  Epoch 22 loss: 2396.378764152527; train accuracy: 0.38158326048951047; test accuracy: 0.0057
2025-09-28 21:59:39 [INFO]  Epoch 23 loss: 2348.993465900421; train accuracy: 0.41280594405594406; test accuracy: 0.0056
2025-09-28 22:03:43 [INFO]  Epoch 24 loss: 2274.3122005462646; train accuracy: 0.441911604020979; test accuracy: 0.0113
2025-09-28 22:07:44 [INFO]  Epoch 25 loss: 2281.196918964386; train accuracy: 0.444493006993007; test accuracy: 0.0039
2025-09-28 22:07:44 [INFO]  Save the model in ./checkpoints/Tiny_alpha0.5/local_models/client_2/epoch_25.pth
2025-09-28 22:11:47 [INFO]  Epoch 26 loss: 2263.9963874816895; train accuracy: 0.4338942307692308; test accuracy: 0.0043
2025-09-28 22:15:46 [INFO]  Epoch 27 loss: 2281.4145488739014; train accuracy: 0.4344269012237762; test accuracy: 0.0099
2025-09-28 22:19:41 [INFO]  Epoch 28 loss: 2200.112352371216; train accuracy: 0.42776169143356646; test accuracy: 0.0127
2025-09-28 22:23:34 [INFO]  Epoch 29 loss: 2160.250965118408; train accuracy: 0.4092548076923077; test accuracy: 0.0096
2025-09-28 22:27:30 [INFO]  Epoch 30 loss: 2133.641387462616; train accuracy: 0.40906359265734266; test accuracy: 0.0052
2025-09-28 22:27:30 [INFO]  Save the model in ./checkpoints/Tiny_alpha0.5/local_models/client_2/epoch_30.pth
2025-09-28 22:31:25 [INFO]  Epoch 31 loss: 2108.3568501472473; train accuracy: 0.5098065996503497; test accuracy: 0.0096
2025-09-28 22:35:24 [INFO]  Epoch 32 loss: 2095.2082800865173; train accuracy: 0.47725906905594406; test accuracy: 0.0057
2025-09-28 22:39:19 [INFO]  Epoch 33 loss: 2087.064482688904; train accuracy: 0.4417067307692308; test accuracy: 0.0158
2025-09-28 22:43:15 [INFO]  Epoch 34 loss: 2044.0552430152893; train accuracy: 0.4921875; test accuracy: 0.0055
2025-09-28 22:47:15 [INFO]  Epoch 35 loss: 2031.008725643158; train accuracy: 0.5151606206293706; test accuracy: 0.0082
2025-09-28 22:47:15 [INFO]  Save the model in ./checkpoints/Tiny_alpha0.5/local_models/client_2/epoch_35.pth
2025-09-28 22:51:18 [INFO]  Epoch 36 loss: 2011.4192337989807; train accuracy: 0.48987926136363635; test accuracy: 0.0048
2025-09-28 22:55:16 [INFO]  Epoch 37 loss: 1974.119460105896; train accuracy: 0.46455692744755245; test accuracy: 0.0103
2025-09-28 22:59:13 [INFO]  Epoch 38 loss: 1951.6945118904114; train accuracy: 0.4625628277972028; test accuracy: 0.0029
2025-09-28 23:03:12 [INFO]  Epoch 39 loss: 1924.4826493263245; train accuracy: 0.524571131993007; test accuracy: 0.0121
2025-09-28 23:07:08 [INFO]  Epoch 40 loss: 1927.4317145347595; train accuracy: 0.48284527972027974; test accuracy: 0.0146
2025-09-28 23:07:08 [INFO]  Save the model in ./checkpoints/Tiny_alpha0.5/local_models/client_2/epoch_40.pth
2025-09-28 23:11:05 [INFO]  Epoch 41 loss: 1934.6163425445557; train accuracy: 0.5112407124125874; test accuracy: 0.018
2025-09-28 23:15:01 [INFO]  Epoch 42 loss: 1854.5085082054138; train accuracy: 0.519217111013986; test accuracy: 0.0058
2025-09-28 23:18:57 [INFO]  Epoch 43 loss: 1832.445155620575; train accuracy: 0.5087822333916084; test accuracy: 0.0046
2025-09-28 23:22:58 [INFO]  Epoch 44 loss: 1884.385461807251; train accuracy: 0.47017045454545453; test accuracy: 0.0074
2025-09-28 23:26:55 [INFO]  Epoch 45 loss: 1841.334487915039; train accuracy: 0.5703398164335665; test accuracy: 0.0113
2025-09-28 23:26:55 [INFO]  Save the model in ./checkpoints/Tiny_alpha0.5/local_models/client_2/epoch_45.pth
2025-09-28 23:30:56 [INFO]  Epoch 46 loss: 1824.3866963386536; train accuracy: 0.5125519012237763; test accuracy: 0.0062
2025-09-28 23:34:57 [INFO]  Epoch 47 loss: 1794.5559844970703; train accuracy: 0.540196131993007; test accuracy: 0.0134
2025-09-28 23:38:59 [INFO]  Epoch 48 loss: 1800.1625671386719; train accuracy: 0.5356342875874126; test accuracy: 0.0064
2025-09-28 23:43:05 [INFO]  Epoch 49 loss: 1786.1303725242615; train accuracy: 0.540387347027972; test accuracy: 0.0061
2025-09-28 23:43:05 [INFO]  Client 2 Finish Local Training--------|
2025-09-28 23:43:05 [INFO]  Client 2 Collecting Local Prototypes--------|
2025-09-28 23:43:05 [INFO]  Client 3 Starts Local Trainning--------|
2025-09-28 23:44:58 [INFO]  generating sample per sample
2025-09-28 23:48:58 [INFO]  Epoch 0 loss: 4508.396747589111; train accuracy: 0.026478698096885814; test accuracy: 0.0
2025-09-28 23:48:58 [INFO]  Save the model in ./checkpoints/Tiny_alpha0.5/local_models/client_3/epoch_0.pth
2025-09-28 23:52:56 [INFO]  Epoch 1 loss: 4026.771354675293; train accuracy: 0.04348237456747405; test accuracy: 0.0037
2025-09-28 23:56:52 [INFO]  Epoch 2 loss: 3770.847264289856; train accuracy: 0.09466911764705882; test accuracy: 0.0004
2025-09-29 00:00:45 [INFO]  Epoch 3 loss: 3610.1815090179443; train accuracy: 0.09003298010380623; test accuracy: 0.0061
2025-09-29 00:04:37 [INFO]  Epoch 4 loss: 3454.7651958465576; train accuracy: 0.14454476643598616; test accuracy: 0.0314
2025-09-29 00:08:28 [INFO]  Epoch 5 loss: 3313.2096977233887; train accuracy: 0.1667387543252595; test accuracy: 0.0117
2025-09-29 00:08:28 [INFO]  Save the model in ./checkpoints/Tiny_alpha0.5/local_models/client_3/epoch_5.pth
2025-09-29 00:12:16 [INFO]  Epoch 6 loss: 3209.603775024414; train accuracy: 0.20730157871972318; test accuracy: 0.0188
2025-09-29 00:16:01 [INFO]  Epoch 7 loss: 3133.499382019043; train accuracy: 0.19746161332179932; test accuracy: 0.0167
2025-09-29 00:19:48 [INFO]  Epoch 8 loss: 3057.7750606536865; train accuracy: 0.2331450043252595; test accuracy: 0.0544
2025-09-29 00:23:35 [INFO]  Epoch 9 loss: 2964.166732788086; train accuracy: 0.2209666955017301; test accuracy: 0.0165
2025-09-29 00:27:21 [INFO]  Epoch 10 loss: 2897.392081260681; train accuracy: 0.2531493295847751; test accuracy: 0.0028
2025-09-29 00:27:21 [INFO]  Save the model in ./checkpoints/Tiny_alpha0.5/local_models/client_3/epoch_10.pth
2025-09-29 00:31:06 [INFO]  Epoch 11 loss: 2839.019139289856; train accuracy: 0.2998215830449827; test accuracy: 0.0141
2025-09-29 00:34:51 [INFO]  Epoch 12 loss: 2786.5912227630615; train accuracy: 0.24098453719723184; test accuracy: 0.0067
2025-09-29 00:38:35 [INFO]  Epoch 13 loss: 2742.8502802848816; train accuracy: 0.28027681660899656; test accuracy: 0.0148
2025-09-29 00:42:18 [INFO]  Epoch 14 loss: 2703.5294251441956; train accuracy: 0.28841371107266434; test accuracy: 0.0046
