2025-09-29 00:49:23 [INFO]  Load config from ./configs/Tiny_alpha0.05.yaml
2025-09-29 00:49:23 [INFO]  config: {'exp_name': 'Tiny_alpha0.05', 'dataset': {'data_name': 'Tiny-ImageNet', 'root_path': '~/datasets/', 'train_batch_size': 256, 'test_batch_size': 256, 'channels': 3, 'num_classes': 200, 'image_size': 64, 'aux_data_name': 'Tiny-ImageNet', 'aux_root_path': '~/datasets/', 'aux_split': 'test'}, 'distribution': {'type': 'dirichlet', 'label_num_per_client': 2, 'alpha': 0.05}, 'client': {'num_clients': 5}, 'server': {'num_rounds': 10, 'frac_clients': 1.0, 'lr': 0.05, 'local_epochs': 5, 'optimizer': 'sgd', 'momentum': 0.9, 'weight_decay': 0.0001, 'loss_name': 'ce', 'model_name': 'resnet18', 'aggregated_by_datasize': True, 'lr_decay_per_round': 0.998}, 'device': 'cuda:0', 'checkpoint': {'save_path': './checkpoints/', 'save_freq': 5, 'result_file': 'CIFAR10_results.yaml'}, 'pretrain': {'lr': 0.01, 'epoch': 70, 'model_path': './pretrain/', 'momentum': 0.9, 'weight_decay': 0.0001, 'model_name': 'resnet18', 'model_file_name': 'resnet18-f37072fd.pth'}, 'DBCD': {'alpha_l_pa': 1, 'alpha_l_pb': 1, 'alpha_l_pc': 0.0, 'Beta_alpha': 0.2, 'unsup_method': 'infonce', 'contrastive_temperature': 0.5, 'encoder_epoch': 40, 'projector_epoch': 10, 'use_pretrain': False, 'aug_batch_size': 512, 'encoder_lr': 0.03, 'cls_optimizer': 'sgd', 'cls_lr': 0.05, 'supcon_temp': 0.07, 'super_gr': 100, 'aux_with_public': True}, 'etf': {'loss_name': 'ce'}, 'visualization': {'interval': 5, 'save_path': 'visualization/resnet18', 'vis_size': 16}, 'resume': True, 'resume_best': False, 'seed': 1, 'lambda_align_initial': 5.0}
2025-09-29 00:49:23 [INFO]  Dataset Tiny-ImageNet loaded
2025-09-29 00:49:23 [INFO]  Dataset index dict loaded from preprocessed_data/Tiny-ImageNet.pt
2025-09-29 00:49:24 [INFO]  OneshotOursV7 with DRCL (ETF Anchors) and Lambda Annealing
2025-09-29 00:49:24 [INFO]  Initialized ETF fixed anchors with shape: torch.Size([200, 512])
2025-09-29 00:49:24 [INFO]  Round 0 starts--------|
2025-09-29 00:49:24 [INFO]  Client 0 Starts Local Trainning--------|
2025-09-29 00:52:04 [INFO]  Epoch 0 loss: 2596.007761001587; train accuracy: 0.04046630859375; test accuracy: 0.0
2025-09-29 00:52:04 [INFO]  Save the model in ./checkpoints/Tiny_alpha0.05/local_models/client_0/epoch_0.pth
2025-09-29 00:54:08 [INFO]  Epoch 1 loss: 2269.565185546875; train accuracy: 0.060546875; test accuracy: 0.0001
2025-09-29 00:56:15 [INFO]  Epoch 2 loss: 2053.7448406219482; train accuracy: 0.09454345703125; test accuracy: 0.0762
2025-09-29 00:58:19 [INFO]  Epoch 3 loss: 1856.5222911834717; train accuracy: 0.095611572265625; test accuracy: 0.001
2025-09-29 01:00:24 [INFO]  Epoch 4 loss: 1663.547101020813; train accuracy: 0.16424560546875; test accuracy: 0.0031
2025-09-29 01:00:24 [INFO]  Client 0 Finish Local Training--------|
2025-09-29 01:00:24 [INFO]  Client 0 Collecting Local Prototypes--------|
2025-09-29 01:00:24 [INFO]  Client 1 Starts Local Trainning--------|
2025-09-29 01:03:20 [INFO]  Epoch 0 loss: 2553.9376220703125; train accuracy: 0.038008432539682536; test accuracy: 0.0
2025-09-29 01:03:20 [INFO]  Save the model in ./checkpoints/Tiny_alpha0.05/local_models/client_1/epoch_0.pth
2025-09-29 01:05:22 [INFO]  Epoch 1 loss: 2227.380537033081; train accuracy: 0.07068452380952381; test accuracy: 0.0
2025-09-29 01:07:23 [INFO]  Epoch 2 loss: 1997.3979940414429; train accuracy: 0.09771825396825397; test accuracy: 0.0
2025-09-29 01:09:25 [INFO]  Epoch 3 loss: 1808.6746139526367; train accuracy: 0.12360491071428571; test accuracy: 0.0
2025-09-29 01:11:23 [INFO]  Epoch 4 loss: 1622.1591901779175; train accuracy: 0.154296875; test accuracy: 0.0
2025-09-29 01:11:23 [INFO]  Client 1 Finish Local Training--------|
2025-09-29 01:11:23 [INFO]  Client 1 Collecting Local Prototypes--------|
2025-09-29 01:11:23 [INFO]  Client 2 Starts Local Trainning--------|
2025-09-29 01:13:46 [INFO]  Epoch 0 loss: 2171.99049949646; train accuracy: 0.034505208333333336; test accuracy: 0.0
2025-09-29 01:13:47 [INFO]  Save the model in ./checkpoints/Tiny_alpha0.05/local_models/client_2/epoch_0.pth
2025-09-29 01:15:31 [INFO]  Epoch 1 loss: 1893.825496673584; train accuracy: 0.04249855324074074; test accuracy: 0.0
2025-09-29 01:17:15 [INFO]  Epoch 2 loss: 1708.6280784606934; train accuracy: 0.06517650462962964; test accuracy: 0.0
2025-09-29 01:18:58 [INFO]  Epoch 3 loss: 1534.9825763702393; train accuracy: 0.13093171296296297; test accuracy: 0.0
2025-09-29 01:20:38 [INFO]  Epoch 4 loss: 1385.6828908920288; train accuracy: 0.11820023148148148; test accuracy: 0.0
2025-09-29 01:20:38 [INFO]  Client 2 Finish Local Training--------|
2025-09-29 01:20:38 [INFO]  Client 2 Collecting Local Prototypes--------|
2025-09-29 01:20:38 [INFO]  Client 3 Starts Local Trainning--------|
2025-09-29 01:23:35 [INFO]  Epoch 0 loss: 2620.716634750366; train accuracy: 0.02813105620155039; test accuracy: 0.0
2025-09-29 01:23:35 [INFO]  Save the model in ./checkpoints/Tiny_alpha0.05/local_models/client_3/epoch_0.pth
2025-09-29 01:25:36 [INFO]  Epoch 1 loss: 2287.905366897583; train accuracy: 0.07028221899224807; test accuracy: 0.0
2025-09-29 01:27:38 [INFO]  Epoch 2 loss: 2056.4421710968018; train accuracy: 0.09898861434108527; test accuracy: 0.0
2025-09-29 01:29:35 [INFO]  Epoch 3 loss: 1846.4481258392334; train accuracy: 0.10513565891472869; test accuracy: 0.0
2025-09-29 01:31:34 [INFO]  Epoch 4 loss: 1656.6725664138794; train accuracy: 0.12960271317829458; test accuracy: 0.0
2025-09-29 01:31:34 [INFO]  Client 3 Finish Local Training--------|
2025-09-29 01:31:34 [INFO]  Client 3 Collecting Local Prototypes--------|
2025-09-29 01:31:34 [INFO]  Client 4 Starts Local Trainning--------|
2025-09-29 01:34:17 [INFO]  Epoch 0 loss: 2410.901258468628; train accuracy: 0.05025158898305085; test accuracy: 0.0
2025-09-29 01:34:17 [INFO]  Save the model in ./checkpoints/Tiny_alpha0.05/local_models/client_4/epoch_0.pth
2025-09-29 01:36:09 [INFO]  Epoch 1 loss: 2101.6898975372314; train accuracy: 0.06183792372881356; test accuracy: 0.0003
2025-09-29 01:38:01 [INFO]  Epoch 2 loss: 1916.1606645584106; train accuracy: 0.0916313559322034; test accuracy: 0.0
2025-09-29 01:39:47 [INFO]  Epoch 3 loss: 1736.718334197998; train accuracy: 0.0920948093220339; test accuracy: 0.0
2025-09-29 01:41:32 [INFO]  Epoch 4 loss: 1558.0935497283936; train accuracy: 0.1051708156779661; test accuracy: 0.0015
2025-09-29 01:41:32 [INFO]  Client 4 Finish Local Training--------|
2025-09-29 01:41:32 [INFO]  Client 4 Collecting Local Prototypes--------|
2025-09-29 01:41:32 [INFO]  Round 0 Finish--------|
2025-09-29 01:41:32 [INFO]  Model variance: mean: 0.0028595440089702606, sum: 32230.5859375
2025-09-29 01:41:32 [INFO]  g_protos_std: 1.0004603862762451
2025-09-29 01:41:32 [INFO]  V7 Training | Using SIMPLE server aggregation.
2025-09-29 01:41:48 [INFO]  The test accuracy (with prototype) of OneShotOursV7+SimpleServer: 0.0189
2025-09-29 01:41:48 [INFO]  Save config to ./checkpoints/Tiny_alpha0.05/baselines_OneShotOursV7+SimpleServer_CIFAR10_results.yaml
2025-09-29 01:41:48 [INFO]  Round 1 starts--------|
2025-09-29 01:41:48 [INFO]  Client 0 Starts Local Trainning--------|
2025-09-29 01:43:44 [INFO]  Epoch 5 loss: 2136.106167793274; train accuracy: 0.123138427734375; test accuracy: 0.0217
2025-09-29 01:43:44 [INFO]  Save the model in ./checkpoints/Tiny_alpha0.05/local_models/client_0/epoch_5.pth
2025-09-29 01:45:38 [INFO]  Epoch 6 loss: 1946.914677619934; train accuracy: 0.19451904296875; test accuracy: 0.01
2025-09-29 01:47:31 [INFO]  Epoch 7 loss: 1808.1357536315918; train accuracy: 0.213043212890625; test accuracy: 0.0019
2025-09-29 01:49:26 [INFO]  Epoch 8 loss: 1643.3108673095703; train accuracy: 0.217529296875; test accuracy: 0.0445
2025-09-29 01:51:17 [INFO]  Epoch 9 loss: 1478.3756856918335; train accuracy: 0.238311767578125; test accuracy: 0.0089
2025-09-29 01:51:17 [INFO]  Client 0 Finish Local Training--------|
2025-09-29 01:51:17 [INFO]  Client 0 Collecting Local Prototypes--------|
2025-09-29 01:51:17 [INFO]  Client 1 Starts Local Trainning--------|
2025-09-29 01:53:10 [INFO]  Epoch 5 loss: 2086.7456636428833; train accuracy: 0.1435701884920635; test accuracy: 0.0
2025-09-29 01:53:10 [INFO]  Save the model in ./checkpoints/Tiny_alpha0.05/local_models/client_1/epoch_5.pth
2025-09-29 01:55:04 [INFO]  Epoch 6 loss: 1922.236707687378; train accuracy: 0.1949404761904762; test accuracy: 0.0
2025-09-29 01:56:56 [INFO]  Epoch 7 loss: 1764.7444591522217; train accuracy: 0.21626984126984128; test accuracy: 0.0
2025-09-29 01:58:47 [INFO]  Epoch 8 loss: 1591.9492559432983; train accuracy: 0.18253968253968253; test accuracy: 0.0
2025-09-29 02:00:39 [INFO]  Epoch 9 loss: 1430.7142515182495; train accuracy: 0.285187251984127; test accuracy: 0.0
2025-09-29 02:00:39 [INFO]  Client 1 Finish Local Training--------|
2025-09-29 02:00:39 [INFO]  Client 1 Collecting Local Prototypes--------|
2025-09-29 02:00:39 [INFO]  Client 2 Starts Local Trainning--------|
2025-09-29 02:02:15 [INFO]  Epoch 5 loss: 1778.2443161010742; train accuracy: 0.138671875; test accuracy: 0.0
2025-09-29 02:02:15 [INFO]  Save the model in ./checkpoints/Tiny_alpha0.05/local_models/client_2/epoch_5.pth
2025-09-29 02:03:52 [INFO]  Epoch 6 loss: 1633.3753242492676; train accuracy: 0.16116898148148148; test accuracy: 0.0
2025-09-29 02:05:30 [INFO]  Epoch 7 loss: 1501.9362783432007; train accuracy: 0.13368055555555555; test accuracy: 0.0
2025-09-29 02:07:06 [INFO]  Epoch 8 loss: 1359.930760383606; train accuracy: 0.2127097800925926; test accuracy: 0.0
2025-09-29 02:08:41 [INFO]  Epoch 9 loss: 1226.8207378387451; train accuracy: 0.1810980902777778; test accuracy: 0.0
2025-09-29 02:08:41 [INFO]  Client 2 Finish Local Training--------|
2025-09-29 02:08:41 [INFO]  Client 2 Collecting Local Prototypes--------|
2025-09-29 02:08:41 [INFO]  Client 3 Starts Local Trainning--------|
2025-09-29 02:10:34 [INFO]  Epoch 5 loss: 2128.423493385315; train accuracy: 0.164546996124031; test accuracy: 0.0
2025-09-29 02:10:35 [INFO]  Save the model in ./checkpoints/Tiny_alpha0.05/local_models/client_3/epoch_5.pth
2025-09-29 02:12:29 [INFO]  Epoch 6 loss: 1962.0176992416382; train accuracy: 0.17508478682170542; test accuracy: 0.0
2025-09-29 02:14:22 [INFO]  Epoch 7 loss: 1795.9157066345215; train accuracy: 0.19743217054263565; test accuracy: 0.0
2025-09-29 02:16:17 [INFO]  Epoch 8 loss: 1618.922311782837; train accuracy: 0.25799418604651164; test accuracy: 0.0
2025-09-29 02:18:12 [INFO]  Epoch 9 loss: 1479.844871520996; train accuracy: 0.20800024224806202; test accuracy: 0.0
2025-09-29 02:18:12 [INFO]  Client 3 Finish Local Training--------|
2025-09-29 02:18:12 [INFO]  Client 3 Collecting Local Prototypes--------|
2025-09-29 02:18:12 [INFO]  Client 4 Starts Local Trainning--------|
2025-09-29 02:19:56 [INFO]  Epoch 5 loss: 1973.5908946990967; train accuracy: 0.17558262711864406; test accuracy: 0.0165
2025-09-29 02:19:56 [INFO]  Save the model in ./checkpoints/Tiny_alpha0.05/local_models/client_4/epoch_5.pth
2025-09-29 02:21:40 [INFO]  Epoch 6 loss: 1822.6401176452637; train accuracy: 0.20305879237288135; test accuracy: 0.0082
2025-09-29 02:23:26 [INFO]  Epoch 7 loss: 1672.2009992599487; train accuracy: 0.19551112288135594; test accuracy: 0.0094
2025-09-29 02:25:10 [INFO]  Epoch 8 loss: 1542.901593208313; train accuracy: 0.23881091101694915; test accuracy: 0.0118
2025-09-29 02:26:56 [INFO]  Epoch 9 loss: 1394.2339153289795; train accuracy: 0.24933792372881355; test accuracy: 0.0055
2025-09-29 02:26:56 [INFO]  Client 4 Finish Local Training--------|
2025-09-29 02:26:56 [INFO]  Client 4 Collecting Local Prototypes--------|
2025-09-29 02:26:56 [INFO]  Round 1 Finish--------|
2025-09-29 02:26:56 [INFO]  Model variance: mean: 0.004161433316767216, sum: 46904.484375
2025-09-29 02:26:56 [INFO]  g_protos_std: 0.9975746273994446
2025-09-29 02:26:56 [INFO]  V7 Training | Using SIMPLE server aggregation.
2025-09-29 02:27:13 [INFO]  The test accuracy (with prototype) of OneShotOursV7+SimpleServer: 0.014
2025-09-29 02:27:13 [INFO]  Save config to ./checkpoints/Tiny_alpha0.05/baselines_OneShotOursV7+SimpleServer_CIFAR10_results.yaml
2025-09-29 02:27:13 [INFO]  Round 2 starts--------|
2025-09-29 02:27:13 [INFO]  Client 0 Starts Local Trainning--------|
2025-09-29 02:29:05 [INFO]  Epoch 10 loss: 1949.9718313217163; train accuracy: 0.268768310546875; test accuracy: 0.0032
2025-09-29 02:29:05 [INFO]  Save the model in ./checkpoints/Tiny_alpha0.05/local_models/client_0/epoch_10.pth
2025-09-29 02:30:57 [INFO]  Epoch 11 loss: 1810.6359548568726; train accuracy: 0.287261962890625; test accuracy: 0.0613
2025-09-29 02:32:50 [INFO]  Epoch 12 loss: 1640.573522567749; train accuracy: 0.2884521484375; test accuracy: 0.0364
2025-09-29 02:34:43 [INFO]  Epoch 13 loss: 1485.7446203231812; train accuracy: 0.30938720703125; test accuracy: 0.0136
2025-09-29 02:36:35 [INFO]  Epoch 14 loss: 1348.710699081421; train accuracy: 0.306915283203125; test accuracy: 0.011
2025-09-29 02:36:35 [INFO]  Client 0 Finish Local Training--------|
2025-09-29 02:36:35 [INFO]  Client 0 Collecting Local Prototypes--------|
2025-09-29 02:36:35 [INFO]  Client 1 Starts Local Trainning--------|
2025-09-29 02:38:28 [INFO]  Epoch 10 loss: 1899.1900835037231; train accuracy: 0.2796999007936508; test accuracy: 0.0
2025-09-29 02:38:29 [INFO]  Save the model in ./checkpoints/Tiny_alpha0.05/local_models/client_1/epoch_10.pth
2025-09-29 02:40:19 [INFO]  Epoch 11 loss: 1745.90531539917; train accuracy: 0.28521825396825395; test accuracy: 0.0
2025-09-29 02:42:09 [INFO]  Epoch 12 loss: 1604.2599468231201; train accuracy: 0.29616195436507936; test accuracy: 0.0
2025-09-29 02:44:01 [INFO]  Epoch 13 loss: 1459.008547782898; train accuracy: 0.3245597718253968; test accuracy: 0.0
2025-09-29 02:45:50 [INFO]  Epoch 14 loss: 1333.0348634719849; train accuracy: 0.35072544642857145; test accuracy: 0.0
2025-09-29 02:45:50 [INFO]  Client 1 Finish Local Training--------|
2025-09-29 02:45:50 [INFO]  Client 1 Collecting Local Prototypes--------|
2025-09-29 02:45:50 [INFO]  Client 2 Starts Local Trainning--------|
2025-09-29 02:47:24 [INFO]  Epoch 10 loss: 1644.5993928909302; train accuracy: 0.2943431712962963; test accuracy: 0.0
2025-09-29 02:47:25 [INFO]  Save the model in ./checkpoints/Tiny_alpha0.05/local_models/client_2/epoch_10.pth
2025-09-29 02:49:00 [INFO]  Epoch 11 loss: 1512.768614768982; train accuracy: 0.20128038194444445; test accuracy: 0.0
2025-09-29 02:50:35 [INFO]  Epoch 12 loss: 1396.3414859771729; train accuracy: 0.2834201388888889; test accuracy: 0.0
2025-09-29 02:52:11 [INFO]  Epoch 13 loss: 1258.3996696472168; train accuracy: 0.32002314814814814; test accuracy: 0.0
2025-09-29 02:53:45 [INFO]  Epoch 14 loss: 1134.7311925888062; train accuracy: 0.2779947916666667; test accuracy: 0.0
2025-09-29 02:53:45 [INFO]  Client 2 Finish Local Training--------|
2025-09-29 02:53:45 [INFO]  Client 2 Collecting Local Prototypes--------|
2025-09-29 02:53:45 [INFO]  Client 3 Starts Local Trainning--------|
2025-09-29 02:55:39 [INFO]  Epoch 10 loss: 1968.3022718429565; train accuracy: 0.22922722868217055; test accuracy: 0.0
2025-09-29 02:55:39 [INFO]  Save the model in ./checkpoints/Tiny_alpha0.05/local_models/client_3/epoch_10.pth
2025-09-29 02:57:31 [INFO]  Epoch 11 loss: 1807.7524223327637; train accuracy: 0.2652313468992248; test accuracy: 0.0
2025-09-29 02:59:22 [INFO]  Epoch 12 loss: 1651.6232357025146; train accuracy: 0.23401162790697674; test accuracy: 0.0
2025-09-29 03:01:17 [INFO]  Epoch 13 loss: 1510.4941082000732; train accuracy: 0.25172601744186046; test accuracy: 0.0
2025-09-29 03:03:10 [INFO]  Epoch 14 loss: 1357.5132665634155; train accuracy: 0.3029312015503876; test accuracy: 0.0
2025-09-29 03:03:10 [INFO]  Client 3 Finish Local Training--------|
2025-09-29 03:03:10 [INFO]  Client 3 Collecting Local Prototypes--------|
2025-09-29 03:03:10 [INFO]  Client 4 Starts Local Trainning--------|
2025-09-29 03:04:53 [INFO]  Epoch 10 loss: 1832.5682392120361; train accuracy: 0.24198887711864406; test accuracy: 0.011
2025-09-29 03:04:54 [INFO]  Save the model in ./checkpoints/Tiny_alpha0.05/local_models/client_4/epoch_10.pth
2025-09-29 03:06:39 [INFO]  Epoch 11 loss: 1686.578833580017; train accuracy: 0.271385063559322; test accuracy: 0.009
2025-09-29 03:08:24 [INFO]  Epoch 12 loss: 1548.4742593765259; train accuracy: 0.2968087923728814; test accuracy: 0.0081
2025-09-29 03:10:07 [INFO]  Epoch 13 loss: 1411.9429759979248; train accuracy: 0.301807468220339; test accuracy: 0.0242
2025-09-29 03:11:51 [INFO]  Epoch 14 loss: 1277.126657485962; train accuracy: 0.3103151483050847; test accuracy: 0.0203
2025-09-29 03:11:51 [INFO]  Client 4 Finish Local Training--------|
2025-09-29 03:11:51 [INFO]  Client 4 Collecting Local Prototypes--------|
2025-09-29 03:11:51 [INFO]  Round 2 Finish--------|
2025-09-29 03:11:51 [INFO]  Model variance: mean: 0.005200235638767481, sum: 58613.0625
2025-09-29 03:11:51 [INFO]  g_protos_std: 0.9948833584785461
2025-09-29 03:11:51 [INFO]  V7 Training | Using SIMPLE server aggregation.
2025-09-29 03:12:08 [INFO]  The test accuracy (with prototype) of OneShotOursV7+SimpleServer: 0.0142
2025-09-29 03:12:08 [INFO]  Save config to ./checkpoints/Tiny_alpha0.05/baselines_OneShotOursV7+SimpleServer_CIFAR10_results.yaml
2025-09-29 03:12:08 [INFO]  Round 3 starts--------|
2025-09-29 03:12:08 [INFO]  Client 0 Starts Local Trainning--------|
2025-09-29 03:13:59 [INFO]  Epoch 15 loss: 1850.4297981262207; train accuracy: 0.340728759765625; test accuracy: 0.0087
2025-09-29 03:13:59 [INFO]  Save the model in ./checkpoints/Tiny_alpha0.05/local_models/client_0/epoch_15.pth
2025-09-29 03:15:50 [INFO]  Epoch 16 loss: 1694.167833328247; train accuracy: 0.336456298828125; test accuracy: 0.0383
2025-09-29 03:17:43 [INFO]  Epoch 17 loss: 1545.4660110473633; train accuracy: 0.36474609375; test accuracy: 0.0115
2025-09-29 03:19:34 [INFO]  Epoch 18 loss: 1408.3474168777466; train accuracy: 0.355133056640625; test accuracy: 0.002
2025-09-29 03:21:26 [INFO]  Epoch 19 loss: 1265.4930982589722; train accuracy: 0.3670654296875; test accuracy: 0.0168
2025-09-29 03:21:26 [INFO]  Client 0 Finish Local Training--------|
2025-09-29 03:21:26 [INFO]  Client 0 Collecting Local Prototypes--------|
2025-09-29 03:21:26 [INFO]  Client 1 Starts Local Trainning--------|
2025-09-29 03:23:17 [INFO]  Epoch 15 loss: 1815.264910697937; train accuracy: 0.2523561507936508; test accuracy: 0.0
2025-09-29 03:23:17 [INFO]  Save the model in ./checkpoints/Tiny_alpha0.05/local_models/client_1/epoch_15.pth
2025-09-29 03:25:07 [INFO]  Epoch 16 loss: 1658.7779512405396; train accuracy: 0.37819320436507936; test accuracy: 0.0
2025-09-29 03:26:54 [INFO]  Epoch 17 loss: 1503.874813079834; train accuracy: 0.3099888392857143; test accuracy: 0.0
2025-09-29 03:28:44 [INFO]  Epoch 18 loss: 1374.6692123413086; train accuracy: 0.3363715277777778; test accuracy: 0.0
2025-09-29 03:30:35 [INFO]  Epoch 19 loss: 1235.744140625; train accuracy: 0.40392485119047616; test accuracy: 0.0
2025-09-29 03:30:35 [INFO]  Client 1 Finish Local Training--------|
2025-09-29 03:30:35 [INFO]  Client 1 Collecting Local Prototypes--------|
2025-09-29 03:30:35 [INFO]  Client 2 Starts Local Trainning--------|
2025-09-29 03:32:10 [INFO]  Epoch 15 loss: 1541.2540769577026; train accuracy: 0.30085358796296297; test accuracy: 0.0
2025-09-29 03:32:10 [INFO]  Save the model in ./checkpoints/Tiny_alpha0.05/local_models/client_2/epoch_15.pth
2025-09-29 03:33:47 [INFO]  Epoch 16 loss: 1428.6610097885132; train accuracy: 0.36744068287037035; test accuracy: 0.0
2025-09-29 03:35:21 [INFO]  Epoch 17 loss: 1302.4264163970947; train accuracy: 0.26363570601851855; test accuracy: 0.0
2025-09-29 03:36:54 [INFO]  Epoch 18 loss: 1201.9028482437134; train accuracy: 0.32421875; test accuracy: 0.0
2025-09-29 03:38:31 [INFO]  Epoch 19 loss: 1062.4681434631348; train accuracy: 0.25972945601851855; test accuracy: 0.0
2025-09-29 03:38:31 [INFO]  Client 2 Finish Local Training--------|
2025-09-29 03:38:31 [INFO]  Client 2 Collecting Local Prototypes--------|
2025-09-29 03:38:31 [INFO]  Client 3 Starts Local Trainning--------|
2025-09-29 03:40:23 [INFO]  Epoch 15 loss: 1856.185097694397; train accuracy: 0.3076550387596899; test accuracy: 0.0
2025-09-29 03:40:23 [INFO]  Save the model in ./checkpoints/Tiny_alpha0.05/local_models/client_3/epoch_15.pth
2025-09-29 03:42:16 [INFO]  Epoch 16 loss: 1716.5892133712769; train accuracy: 0.3078670058139535; test accuracy: 0.0
2025-09-29 03:44:07 [INFO]  Epoch 17 loss: 1551.9093914031982; train accuracy: 0.3201005329457364; test accuracy: 0.0
2025-09-29 03:46:00 [INFO]  Epoch 18 loss: 1404.0857000350952; train accuracy: 0.3244307170542636; test accuracy: 0.0
2025-09-29 03:47:51 [INFO]  Epoch 19 loss: 1280.5263118743896; train accuracy: 0.31804142441860467; test accuracy: 0.0
2025-09-29 03:47:51 [INFO]  Client 3 Finish Local Training--------|
2025-09-29 03:47:51 [INFO]  Client 3 Collecting Local Prototypes--------|
2025-09-29 03:47:51 [INFO]  Client 4 Starts Local Trainning--------|
2025-09-29 03:49:34 [INFO]  Epoch 15 loss: 1713.4225120544434; train accuracy: 0.3121358580508475; test accuracy: 0.038
2025-09-29 03:49:34 [INFO]  Save the model in ./checkpoints/Tiny_alpha0.05/local_models/client_4/epoch_15.pth
2025-09-29 03:51:17 [INFO]  Epoch 16 loss: 1592.616442680359; train accuracy: 0.3700344279661017; test accuracy: 0.0087
2025-09-29 03:53:00 [INFO]  Epoch 17 loss: 1452.4349060058594; train accuracy: 0.3855932203389831; test accuracy: 0.0267
2025-09-29 03:54:39 [INFO]  Epoch 18 loss: 1333.9550094604492; train accuracy: 0.3541777012711864; test accuracy: 0.0142
2025-09-29 03:56:23 [INFO]  Epoch 19 loss: 1198.4071226119995; train accuracy: 0.4024099576271186; test accuracy: 0.0126
2025-09-29 03:56:23 [INFO]  Client 4 Finish Local Training--------|
2025-09-29 03:56:23 [INFO]  Client 4 Collecting Local Prototypes--------|
2025-09-29 03:56:23 [INFO]  Round 3 Finish--------|
2025-09-29 03:56:23 [INFO]  Model variance: mean: 0.006088058464229107, sum: 68619.921875
2025-09-29 03:56:23 [INFO]  g_protos_std: 0.9923197031021118
2025-09-29 03:56:23 [INFO]  V7 Training | Using SIMPLE server aggregation.
2025-09-29 03:56:38 [INFO]  The test accuracy (with prototype) of OneShotOursV7+SimpleServer: 0.0102
2025-09-29 03:56:38 [INFO]  Save config to ./checkpoints/Tiny_alpha0.05/baselines_OneShotOursV7+SimpleServer_CIFAR10_results.yaml
2025-09-29 03:56:38 [INFO]  Round 4 starts--------|
2025-09-29 03:56:38 [INFO]  Client 0 Starts Local Trainning--------|
2025-09-29 03:58:28 [INFO]  Epoch 20 loss: 1747.4309215545654; train accuracy: 0.3914794921875; test accuracy: 0.0103
2025-09-29 03:58:28 [INFO]  Save the model in ./checkpoints/Tiny_alpha0.05/local_models/client_0/epoch_20.pth
2025-09-29 04:00:19 [INFO]  Epoch 21 loss: 1617.7635488510132; train accuracy: 0.413299560546875; test accuracy: 0.0178
2025-09-29 04:02:10 [INFO]  Epoch 22 loss: 1472.155104637146; train accuracy: 0.458587646484375; test accuracy: 0.0333
2025-09-29 04:04:03 [INFO]  Epoch 23 loss: 1339.9188661575317; train accuracy: 0.419281005859375; test accuracy: 0.0158
2025-09-29 04:05:54 [INFO]  Epoch 24 loss: 1194.6141195297241; train accuracy: 0.456329345703125; test accuracy: 0.0368
2025-09-29 04:05:54 [INFO]  Client 0 Finish Local Training--------|
2025-09-29 04:05:54 [INFO]  Client 0 Collecting Local Prototypes--------|
2025-09-29 04:05:54 [INFO]  Client 1 Starts Local Trainning--------|
2025-09-29 04:07:45 [INFO]  Epoch 20 loss: 1722.0602054595947; train accuracy: 0.4055059523809524; test accuracy: 0.0
2025-09-29 04:07:45 [INFO]  Save the model in ./checkpoints/Tiny_alpha0.05/local_models/client_1/epoch_20.pth
2025-09-29 04:09:33 [INFO]  Epoch 21 loss: 1571.0722074508667; train accuracy: 0.35890997023809523; test accuracy: 0.0
2025-09-29 04:11:24 [INFO]  Epoch 22 loss: 1434.0082740783691; train accuracy: 0.44797867063492064; test accuracy: 0.0
2025-09-29 04:13:14 [INFO]  Epoch 23 loss: 1308.8639078140259; train accuracy: 0.4135354662698413; test accuracy: 0.0
2025-09-29 04:15:04 [INFO]  Epoch 24 loss: 1173.2770466804504; train accuracy: 0.4383680555555556; test accuracy: 0.0
2025-09-29 04:15:04 [INFO]  Client 1 Finish Local Training--------|
2025-09-29 04:15:04 [INFO]  Client 1 Collecting Local Prototypes--------|
2025-09-29 04:15:04 [INFO]  Client 2 Starts Local Trainning--------|
2025-09-29 04:16:39 [INFO]  Epoch 20 loss: 1479.5708827972412; train accuracy: 0.40086082175925924; test accuracy: 0.0
2025-09-29 04:16:39 [INFO]  Save the model in ./checkpoints/Tiny_alpha0.05/local_models/client_2/epoch_20.pth
2025-09-29 04:18:14 [INFO]  Epoch 21 loss: 1354.1973609924316; train accuracy: 0.31767216435185186; test accuracy: 0.0
2025-09-29 04:19:47 [INFO]  Epoch 22 loss: 1253.1291608810425; train accuracy: 0.26566116898148145; test accuracy: 0.0
2025-09-29 04:21:20 [INFO]  Epoch 23 loss: 1128.8379077911377; train accuracy: 0.49660011574074076; test accuracy: 0.0
2025-09-29 04:22:55 [INFO]  Epoch 24 loss: 1013.8051719665527; train accuracy: 0.35149016203703703; test accuracy: 0.0
2025-09-29 04:22:55 [INFO]  Client 2 Finish Local Training--------|
2025-09-29 04:22:55 [INFO]  Client 2 Collecting Local Prototypes--------|
2025-09-29 04:22:55 [INFO]  Client 3 Starts Local Trainning--------|
2025-09-29 04:24:49 [INFO]  Epoch 20 loss: 1767.592999458313; train accuracy: 0.35583212209302323; test accuracy: 0.0
2025-09-29 04:24:49 [INFO]  Save the model in ./checkpoints/Tiny_alpha0.05/local_models/client_3/epoch_20.pth
2025-09-29 04:26:41 [INFO]  Epoch 21 loss: 1643.1128587722778; train accuracy: 0.4259023740310077; test accuracy: 0.0
2025-09-29 04:28:33 [INFO]  Epoch 22 loss: 1477.4291687011719; train accuracy: 0.3875060562015504; test accuracy: 0.0
2025-09-29 04:30:26 [INFO]  Epoch 23 loss: 1353.412467956543; train accuracy: 0.3117126937984496; test accuracy: 0.0
2025-09-29 04:32:19 [INFO]  Epoch 24 loss: 1197.8921604156494; train accuracy: 0.44349563953488375; test accuracy: 0.0
2025-09-29 04:32:19 [INFO]  Client 3 Finish Local Training--------|
2025-09-29 04:32:19 [INFO]  Client 3 Collecting Local Prototypes--------|
2025-09-29 04:32:19 [INFO]  Client 4 Starts Local Trainning--------|
2025-09-29 04:34:01 [INFO]  Epoch 20 loss: 1645.8241109848022; train accuracy: 0.3416644597457627; test accuracy: 0.004
2025-09-29 04:34:01 [INFO]  Save the model in ./checkpoints/Tiny_alpha0.05/local_models/client_4/epoch_20.pth
2025-09-29 04:35:44 [INFO]  Epoch 21 loss: 1511.756531715393; train accuracy: 0.3838056144067797; test accuracy: 0.0142
2025-09-29 04:37:28 [INFO]  Epoch 22 loss: 1384.6058015823364; train accuracy: 0.3930084745762712; test accuracy: 0.0091
2025-09-29 04:39:12 [INFO]  Epoch 23 loss: 1248.3852319717407; train accuracy: 0.3535818326271186; test accuracy: 0.017
2025-09-29 04:40:57 [INFO]  Epoch 24 loss: 1118.4829621315002; train accuracy: 0.4526615466101695; test accuracy: 0.0208
2025-09-29 04:40:57 [INFO]  Client 4 Finish Local Training--------|
2025-09-29 04:40:57 [INFO]  Client 4 Collecting Local Prototypes--------|
2025-09-29 04:40:57 [INFO]  Round 4 Finish--------|
2025-09-29 04:40:57 [INFO]  Model variance: mean: 0.0068851192481815815, sum: 77603.78125
2025-09-29 04:40:57 [INFO]  g_protos_std: 0.9898644089698792
2025-09-29 04:40:57 [INFO]  V7 Training | Using SIMPLE server aggregation.
2025-09-29 04:41:13 [INFO]  The test accuracy (with prototype) of OneShotOursV7+SimpleServer: 0.012
2025-09-29 04:41:13 [INFO]  Save config to ./checkpoints/Tiny_alpha0.05/baselines_OneShotOursV7+SimpleServer_CIFAR10_results.yaml
2025-09-29 04:41:13 [INFO]  Round 5 starts--------|
2025-09-29 04:41:13 [INFO]  Client 0 Starts Local Trainning--------|
2025-09-29 04:43:04 [INFO]  Epoch 25 loss: 1679.0737018585205; train accuracy: 0.45733642578125; test accuracy: 0.0393
2025-09-29 04:43:04 [INFO]  Save the model in ./checkpoints/Tiny_alpha0.05/local_models/client_0/epoch_25.pth
2025-09-29 04:44:55 [INFO]  Epoch 26 loss: 1540.5240545272827; train accuracy: 0.4332275390625; test accuracy: 0.0387
2025-09-29 04:46:47 [INFO]  Epoch 27 loss: 1394.4598388671875; train accuracy: 0.386016845703125; test accuracy: 0.0462
2025-09-29 04:48:34 [INFO]  Epoch 28 loss: 1258.8607301712036; train accuracy: 0.42291259765625; test accuracy: 0.0305
2025-09-29 04:50:25 [INFO]  Epoch 29 loss: 1109.0206141471863; train accuracy: 0.460418701171875; test accuracy: 0.0154
2025-09-29 04:50:25 [INFO]  Client 0 Finish Local Training--------|
2025-09-29 04:50:25 [INFO]  Client 0 Collecting Local Prototypes--------|
2025-09-29 04:50:25 [INFO]  Client 1 Starts Local Trainning--------|
2025-09-29 04:52:15 [INFO]  Epoch 25 loss: 1636.1003503799438; train accuracy: 0.46512276785714285; test accuracy: 0.0
2025-09-29 04:52:15 [INFO]  Save the model in ./checkpoints/Tiny_alpha0.05/local_models/client_1/epoch_25.pth
2025-09-29 04:54:04 [INFO]  Epoch 26 loss: 1496.8375988006592; train accuracy: 0.4267733134920635; test accuracy: 0.0
2025-09-29 04:55:52 [INFO]  Epoch 27 loss: 1387.5131521224976; train accuracy: 0.4787016369047619; test accuracy: 0.0
2025-09-29 04:57:42 [INFO]  Epoch 28 loss: 1242.4215326309204; train accuracy: 0.48018973214285715; test accuracy: 0.0
2025-09-29 04:59:31 [INFO]  Epoch 29 loss: 1111.4967060089111; train accuracy: 0.4066840277777778; test accuracy: 0.0
2025-09-29 04:59:31 [INFO]  Client 1 Finish Local Training--------|
2025-09-29 04:59:31 [INFO]  Client 1 Collecting Local Prototypes--------|
2025-09-29 04:59:31 [INFO]  Client 2 Starts Local Trainning--------|
2025-09-29 05:01:04 [INFO]  Epoch 25 loss: 1430.5907154083252; train accuracy: 0.42194733796296297; test accuracy: 0.0
2025-09-29 05:01:05 [INFO]  Save the model in ./checkpoints/Tiny_alpha0.05/local_models/client_2/epoch_25.pth
2025-09-29 05:02:39 [INFO]  Epoch 26 loss: 1304.0274648666382; train accuracy: 0.42314091435185186; test accuracy: 0.0
2025-09-29 05:04:13 [INFO]  Epoch 27 loss: 1200.7836599349976; train accuracy: 0.4115668402777778; test accuracy: 0.0
2025-09-29 05:05:46 [INFO]  Epoch 28 loss: 1085.2699871063232; train accuracy: 0.49269386574074076; test accuracy: 0.0
2025-09-29 05:07:21 [INFO]  Epoch 29 loss: 955.9521403312683; train accuracy: 0.4515335648148148; test accuracy: 0.0
2025-09-29 05:07:21 [INFO]  Client 2 Finish Local Training--------|
2025-09-29 05:07:21 [INFO]  Client 2 Collecting Local Prototypes--------|
2025-09-29 05:07:21 [INFO]  Client 3 Starts Local Trainning--------|
2025-09-29 05:09:13 [INFO]  Epoch 25 loss: 1701.068383216858; train accuracy: 0.3791182170542636; test accuracy: 0.0
2025-09-29 05:09:13 [INFO]  Save the model in ./checkpoints/Tiny_alpha0.05/local_models/client_3/epoch_25.pth
2025-09-29 05:11:04 [INFO]  Epoch 26 loss: 1552.412031173706; train accuracy: 0.41042877906976744; test accuracy: 0.0
2025-09-29 05:12:55 [INFO]  Epoch 27 loss: 1444.890085220337; train accuracy: 0.41887718023255816; test accuracy: 0.0
2025-09-29 05:14:47 [INFO]  Epoch 28 loss: 1311.7618789672852; train accuracy: 0.44591812015503873; test accuracy: 0.0
2025-09-29 05:16:38 [INFO]  Epoch 29 loss: 1147.21986246109; train accuracy: 0.4313529554263566; test accuracy: 0.0
2025-09-29 05:16:38 [INFO]  Client 3 Finish Local Training--------|
2025-09-29 05:16:38 [INFO]  Client 3 Collecting Local Prototypes--------|
2025-09-29 05:16:38 [INFO]  Client 4 Starts Local Trainning--------|
2025-09-29 05:18:21 [INFO]  Epoch 25 loss: 1584.319507598877; train accuracy: 0.3873146186440678; test accuracy: 0.0088
2025-09-29 05:18:21 [INFO]  Save the model in ./checkpoints/Tiny_alpha0.05/local_models/client_4/epoch_25.pth
2025-09-29 05:20:05 [INFO]  Epoch 26 loss: 1470.905221939087; train accuracy: 0.3717889300847458; test accuracy: 0.0286
2025-09-29 05:21:49 [INFO]  Epoch 27 loss: 1336.0731039047241; train accuracy: 0.4496822033898305; test accuracy: 0.0152
2025-09-29 05:23:30 [INFO]  Epoch 28 loss: 1192.6587686538696; train accuracy: 0.3992319915254237; test accuracy: 0.022
2025-09-29 05:25:14 [INFO]  Epoch 29 loss: 1073.2869119644165; train accuracy: 0.4582229872881356; test accuracy: 0.0209
2025-09-29 05:25:14 [INFO]  Client 4 Finish Local Training--------|
2025-09-29 05:25:14 [INFO]  Client 4 Collecting Local Prototypes--------|
2025-09-29 05:25:14 [INFO]  Round 5 Finish--------|
2025-09-29 05:25:14 [INFO]  Model variance: mean: 0.007616363000124693, sum: 85845.796875
2025-09-29 05:25:14 [INFO]  g_protos_std: 0.9874955415725708
2025-09-29 05:25:14 [INFO]  V7 Training | Using SIMPLE server aggregation.
2025-09-29 05:25:31 [INFO]  The test accuracy (with prototype) of OneShotOursV7+SimpleServer: 0.0096
2025-09-29 05:25:31 [INFO]  Save config to ./checkpoints/Tiny_alpha0.05/baselines_OneShotOursV7+SimpleServer_CIFAR10_results.yaml
2025-09-29 05:25:31 [INFO]  Round 6 starts--------|
2025-09-29 05:25:31 [INFO]  Client 0 Starts Local Trainning--------|
2025-09-29 05:27:20 [INFO]  Epoch 30 loss: 1603.6375036239624; train accuracy: 0.562744140625; test accuracy: 0.0143
2025-09-29 05:27:21 [INFO]  Save the model in ./checkpoints/Tiny_alpha0.05/local_models/client_0/epoch_30.pth
2025-09-29 05:29:11 [INFO]  Epoch 31 loss: 1489.7118873596191; train accuracy: 0.447509765625; test accuracy: 0.0272
2025-09-29 05:31:03 [INFO]  Epoch 32 loss: 1340.3017435073853; train accuracy: 0.487457275390625; test accuracy: 0.0255
2025-09-29 05:32:55 [INFO]  Epoch 33 loss: 1228.813416004181; train accuracy: 0.470489501953125; test accuracy: 0.0505
2025-09-29 05:34:47 [INFO]  Epoch 34 loss: 1068.2052865028381; train accuracy: 0.49383544921875; test accuracy: 0.0346
2025-09-29 05:34:47 [INFO]  Client 0 Finish Local Training--------|
2025-09-29 05:34:47 [INFO]  Client 0 Collecting Local Prototypes--------|
2025-09-29 05:34:47 [INFO]  Client 1 Starts Local Trainning--------|
2025-09-29 05:36:37 [INFO]  Epoch 30 loss: 1574.556541442871; train accuracy: 0.4698350694444444; test accuracy: 0.0
2025-09-29 05:36:37 [INFO]  Save the model in ./checkpoints/Tiny_alpha0.05/local_models/client_1/epoch_30.pth
2025-09-29 05:38:26 [INFO]  Epoch 31 loss: 1451.3767929077148; train accuracy: 0.4820188492063492; test accuracy: 0.0
2025-09-29 05:40:17 [INFO]  Epoch 32 loss: 1310.5232076644897; train accuracy: 0.45808531746031744; test accuracy: 0.0
2025-09-29 05:42:08 [INFO]  Epoch 33 loss: 1175.8760266304016; train accuracy: 0.4806857638888889; test accuracy: 0.0
2025-09-29 05:44:00 [INFO]  Epoch 34 loss: 1061.9279074668884; train accuracy: 0.4759424603174603; test accuracy: 0.0
2025-09-29 05:44:00 [INFO]  Client 1 Finish Local Training--------|
2025-09-29 05:44:00 [INFO]  Client 1 Collecting Local Prototypes--------|
2025-09-29 05:44:00 [INFO]  Client 2 Starts Local Trainning--------|
2025-09-29 05:45:34 [INFO]  Epoch 30 loss: 1368.462022781372; train accuracy: 0.5018807870370371; test accuracy: 0.0
2025-09-29 05:45:35 [INFO]  Save the model in ./checkpoints/Tiny_alpha0.05/local_models/client_2/epoch_30.pth
2025-09-29 05:47:12 [INFO]  Epoch 31 loss: 1259.9124202728271; train accuracy: 0.4722222222222222; test accuracy: 0.0
2025-09-29 05:48:50 [INFO]  Epoch 32 loss: 1140.6697006225586; train accuracy: 0.4605396412037037; test accuracy: 0.0
2025-09-29 05:50:25 [INFO]  Epoch 33 loss: 1019.5614805221558; train accuracy: 0.5359157986111112; test accuracy: 0.0
2025-09-29 05:52:03 [INFO]  Epoch 34 loss: 924.2177982330322; train accuracy: 0.5073423032407407; test accuracy: 0.0
2025-09-29 05:52:03 [INFO]  Client 2 Finish Local Training--------|
2025-09-29 05:52:03 [INFO]  Client 2 Collecting Local Prototypes--------|
2025-09-29 05:52:03 [INFO]  Client 3 Starts Local Trainning--------|
2025-09-29 05:53:55 [INFO]  Epoch 30 loss: 1633.4416122436523; train accuracy: 0.3904130329457364; test accuracy: 0.0
2025-09-29 05:53:55 [INFO]  Save the model in ./checkpoints/Tiny_alpha0.05/local_models/client_3/epoch_30.pth
2025-09-29 05:55:49 [INFO]  Epoch 31 loss: 1498.6420373916626; train accuracy: 0.41815043604651164; test accuracy: 0.0
2025-09-29 05:57:42 [INFO]  Epoch 32 loss: 1376.2261896133423; train accuracy: 0.48243701550387597; test accuracy: 0.0
2025-09-29 05:59:36 [INFO]  Epoch 33 loss: 1249.5706100463867; train accuracy: 0.444343507751938; test accuracy: 0.0
2025-09-29 06:01:29 [INFO]  Epoch 34 loss: 1093.794280052185; train accuracy: 0.5110222868217055; test accuracy: 0.0
2025-09-29 06:01:29 [INFO]  Client 3 Finish Local Training--------|
2025-09-29 06:01:29 [INFO]  Client 3 Collecting Local Prototypes--------|
2025-09-29 06:01:29 [INFO]  Client 4 Starts Local Trainning--------|
2025-09-29 06:03:14 [INFO]  Epoch 30 loss: 1528.6588888168335; train accuracy: 0.5005296610169492; test accuracy: 0.018
2025-09-29 06:03:14 [INFO]  Save the model in ./checkpoints/Tiny_alpha0.05/local_models/client_4/epoch_30.pth
2025-09-29 06:04:59 [INFO]  Epoch 31 loss: 1382.307710647583; train accuracy: 0.4523636122881356; test accuracy: 0.0067
2025-09-29 06:06:43 [INFO]  Epoch 32 loss: 1274.0490455627441; train accuracy: 0.4262447033898305; test accuracy: 0.011
2025-09-29 06:08:27 [INFO]  Epoch 33 loss: 1153.5322532653809; train accuracy: 0.4510394597457627; test accuracy: 0.0039
2025-09-29 06:10:10 [INFO]  Epoch 34 loss: 1024.349775314331; train accuracy: 0.3891022245762712; test accuracy: 0.0103
2025-09-29 06:10:10 [INFO]  Client 4 Finish Local Training--------|
2025-09-29 06:10:10 [INFO]  Client 4 Collecting Local Prototypes--------|
2025-09-29 06:10:10 [INFO]  Round 6 Finish--------|
2025-09-29 06:10:10 [INFO]  Model variance: mean: 0.008300813846290112, sum: 93560.40625
2025-09-29 06:10:10 [INFO]  g_protos_std: 0.9852176904678345
2025-09-29 06:10:10 [INFO]  V7 Training | Using SIMPLE server aggregation.
2025-09-29 06:10:27 [INFO]  The test accuracy (with prototype) of OneShotOursV7+SimpleServer: 0.0099
2025-09-29 06:10:27 [INFO]  Save config to ./checkpoints/Tiny_alpha0.05/baselines_OneShotOursV7+SimpleServer_CIFAR10_results.yaml
2025-09-29 06:10:27 [INFO]  Round 7 starts--------|
2025-09-29 06:10:27 [INFO]  Client 0 Starts Local Trainning--------|
2025-09-29 06:12:17 [INFO]  Epoch 35 loss: 1538.730830192566; train accuracy: 0.514312744140625; test accuracy: 0.0116
2025-09-29 06:12:18 [INFO]  Save the model in ./checkpoints/Tiny_alpha0.05/local_models/client_0/epoch_35.pth
2025-09-29 06:14:09 [INFO]  Epoch 36 loss: 1401.5252923965454; train accuracy: 0.4163818359375; test accuracy: 0.0127
2025-09-29 06:16:01 [INFO]  Epoch 37 loss: 1302.4384622573853; train accuracy: 0.533905029296875; test accuracy: 0.0107
2025-09-29 06:17:54 [INFO]  Epoch 38 loss: 1156.6844635009766; train accuracy: 0.56353759765625; test accuracy: 0.0044
2025-09-29 06:19:46 [INFO]  Epoch 39 loss: 1030.2927389144897; train accuracy: 0.513519287109375; test accuracy: 0.0127
2025-09-29 06:19:46 [INFO]  Client 0 Finish Local Training--------|
2025-09-29 06:19:46 [INFO]  Client 0 Collecting Local Prototypes--------|
2025-09-29 06:19:46 [INFO]  Client 1 Starts Local Trainning--------|
2025-09-29 06:21:38 [INFO]  Epoch 35 loss: 1532.5365781784058; train accuracy: 0.5295758928571429; test accuracy: 0.0
2025-09-29 06:21:38 [INFO]  Save the model in ./checkpoints/Tiny_alpha0.05/local_models/client_1/epoch_35.pth
2025-09-29 06:23:28 [INFO]  Epoch 36 loss: 1415.7456760406494; train accuracy: 0.48595610119047616; test accuracy: 0.0
2025-09-29 06:25:18 [INFO]  Epoch 37 loss: 1267.582392692566; train accuracy: 0.5024801587301587; test accuracy: 0.0
2025-09-29 06:27:09 [INFO]  Epoch 38 loss: 1144.5382919311523; train accuracy: 0.5050223214285714; test accuracy: 0.0
2025-09-29 06:28:58 [INFO]  Epoch 39 loss: 1009.9092655181885; train accuracy: 0.5746217757936508; test accuracy: 0.0
2025-09-29 06:28:58 [INFO]  Client 1 Finish Local Training--------|
2025-09-29 06:28:58 [INFO]  Client 1 Collecting Local Prototypes--------|
2025-09-29 06:28:58 [INFO]  Client 2 Starts Local Trainning--------|
2025-09-29 06:30:31 [INFO]  Epoch 35 loss: 1360.1467542648315; train accuracy: 0.5187717013888888; test accuracy: 0.0
2025-09-29 06:30:32 [INFO]  Save the model in ./checkpoints/Tiny_alpha0.05/local_models/client_2/epoch_35.pth
2025-09-29 06:32:08 [INFO]  Epoch 36 loss: 1225.217740058899; train accuracy: 0.5014105902777778; test accuracy: 0.0
2025-09-29 06:33:42 [INFO]  Epoch 37 loss: 1107.1496276855469; train accuracy: 0.4520399305555556; test accuracy: 0.0
2025-09-29 06:35:16 [INFO]  Epoch 38 loss: 991.8067364692688; train accuracy: 0.5176866319444444; test accuracy: 0.0
2025-09-29 06:36:48 [INFO]  Epoch 39 loss: 881.8183765411377; train accuracy: 0.5154079861111112; test accuracy: 0.0
2025-09-29 06:36:48 [INFO]  Client 2 Finish Local Training--------|
2025-09-29 06:36:48 [INFO]  Client 2 Collecting Local Prototypes--------|
2025-09-29 06:36:48 [INFO]  Client 3 Starts Local Trainning--------|
2025-09-29 06:38:42 [INFO]  Epoch 35 loss: 1573.709997177124; train accuracy: 0.5363674903100775; test accuracy: 0.0
2025-09-29 06:38:42 [INFO]  Save the model in ./checkpoints/Tiny_alpha0.05/local_models/client_3/epoch_35.pth
2025-09-29 06:40:33 [INFO]  Epoch 36 loss: 1448.4572439193726; train accuracy: 0.4109738372093023; test accuracy: 0.0
2025-09-29 06:42:27 [INFO]  Epoch 37 loss: 1316.6549968719482; train accuracy: 0.5085998062015504; test accuracy: 0.0
2025-09-29 06:44:19 [INFO]  Epoch 38 loss: 1174.1238193511963; train accuracy: 0.5512960271317829; test accuracy: 0.0
2025-09-29 06:46:12 [INFO]  Epoch 39 loss: 1053.2148842811584; train accuracy: 0.5138384205426356; test accuracy: 0.0
2025-09-29 06:46:12 [INFO]  Client 3 Finish Local Training--------|
2025-09-29 06:46:12 [INFO]  Client 3 Collecting Local Prototypes--------|
2025-09-29 06:46:12 [INFO]  Client 4 Starts Local Trainning--------|
2025-09-29 06:47:54 [INFO]  Epoch 35 loss: 1475.9244346618652; train accuracy: 0.4535222457627119; test accuracy: 0.017
2025-09-29 06:47:54 [INFO]  Save the model in ./checkpoints/Tiny_alpha0.05/local_models/client_4/epoch_35.pth
2025-09-29 06:49:38 [INFO]  Epoch 36 loss: 1352.591989517212; train accuracy: 0.5247947563559322; test accuracy: 0.0185
2025-09-29 06:51:22 [INFO]  Epoch 37 loss: 1227.5321598052979; train accuracy: 0.4891419491525424; test accuracy: 0.0114
2025-09-29 06:53:06 [INFO]  Epoch 38 loss: 1100.7838683128357; train accuracy: 0.4799059851694915; test accuracy: 0.0099
2025-09-29 06:54:49 [INFO]  Epoch 39 loss: 991.8144779205322; train accuracy: 0.5307865466101694; test accuracy: 0.0253
2025-09-29 06:54:49 [INFO]  Client 4 Finish Local Training--------|
2025-09-29 06:54:49 [INFO]  Client 4 Collecting Local Prototypes--------|
2025-09-29 06:54:49 [INFO]  Round 7 Finish--------|
2025-09-29 06:54:49 [INFO]  Model variance: mean: 0.008949215523898602, sum: 100868.6875
2025-09-29 06:54:49 [INFO]  g_protos_std: 0.9830129742622375
2025-09-29 06:54:49 [INFO]  V7 Training | Using SIMPLE server aggregation.
2025-09-29 06:55:05 [INFO]  The test accuracy (with prototype) of OneShotOursV7+SimpleServer: 0.0084
2025-09-29 06:55:05 [INFO]  Save config to ./checkpoints/Tiny_alpha0.05/baselines_OneShotOursV7+SimpleServer_CIFAR10_results.yaml
2025-09-29 06:55:05 [INFO]  Round 8 starts--------|
2025-09-29 06:55:05 [INFO]  Client 0 Starts Local Trainning--------|
2025-09-29 06:56:57 [INFO]  Epoch 40 loss: 1510.480315208435; train accuracy: 0.518707275390625; test accuracy: 0.016
2025-09-29 06:56:58 [INFO]  Save the model in ./checkpoints/Tiny_alpha0.05/local_models/client_0/epoch_40.pth
2025-09-29 06:58:50 [INFO]  Epoch 41 loss: 1378.4255752563477; train accuracy: 0.625823974609375; test accuracy: 0.0155
2025-09-29 07:00:41 [INFO]  Epoch 42 loss: 1257.8807210922241; train accuracy: 0.532745361328125; test accuracy: 0.0075
2025-09-29 07:02:31 [INFO]  Epoch 43 loss: 1105.4773516654968; train accuracy: 0.5528564453125; test accuracy: 0.0195
2025-09-29 07:04:24 [INFO]  Epoch 44 loss: 988.8890743255615; train accuracy: 0.563873291015625; test accuracy: 0.0117
2025-09-29 07:04:24 [INFO]  Client 0 Finish Local Training--------|
2025-09-29 07:04:24 [INFO]  Client 0 Collecting Local Prototypes--------|
2025-09-29 07:04:24 [INFO]  Client 1 Starts Local Trainning--------|
2025-09-29 07:06:14 [INFO]  Epoch 40 loss: 1481.3229370117188; train accuracy: 0.5121217757936508; test accuracy: 0.0
2025-09-29 07:06:14 [INFO]  Save the model in ./checkpoints/Tiny_alpha0.05/local_models/client_1/epoch_40.pth
2025-09-29 07:08:05 [INFO]  Epoch 41 loss: 1350.534309387207; train accuracy: 0.5359933035714286; test accuracy: 0.0
2025-09-29 07:09:56 [INFO]  Epoch 42 loss: 1217.2534790039062; train accuracy: 0.48952132936507936; test accuracy: 0.0
2025-09-29 07:11:48 [INFO]  Epoch 43 loss: 1093.1528406143188; train accuracy: 0.5571986607142857; test accuracy: 0.0
2025-09-29 07:13:37 [INFO]  Epoch 44 loss: 966.3619766235352; train accuracy: 0.5464719742063492; test accuracy: 0.0
2025-09-29 07:13:37 [INFO]  Client 1 Finish Local Training--------|
2025-09-29 07:13:37 [INFO]  Client 1 Collecting Local Prototypes--------|
2025-09-29 07:13:37 [INFO]  Client 2 Starts Local Trainning--------|
2025-09-29 07:15:15 [INFO]  Epoch 40 loss: 1301.009801864624; train accuracy: 0.5072699652777778; test accuracy: 0.0
2025-09-29 07:15:15 [INFO]  Save the model in ./checkpoints/Tiny_alpha0.05/local_models/client_2/epoch_40.pth
2025-09-29 07:16:51 [INFO]  Epoch 41 loss: 1165.512167930603; train accuracy: 0.4718605324074074; test accuracy: 0.0
2025-09-29 07:18:28 [INFO]  Epoch 42 loss: 1057.7425336837769; train accuracy: 0.5339988425925926; test accuracy: 0.0
2025-09-29 07:20:04 [INFO]  Epoch 43 loss: 940.9557538032532; train accuracy: 0.6168619791666666; test accuracy: 0.0
2025-09-29 07:21:41 [INFO]  Epoch 44 loss: 843.6669211387634; train accuracy: 0.5926649305555556; test accuracy: 0.0
2025-09-29 07:21:41 [INFO]  Client 2 Finish Local Training--------|
2025-09-29 07:21:41 [INFO]  Client 2 Collecting Local Prototypes--------|
2025-09-29 07:21:41 [INFO]  Client 3 Starts Local Trainning--------|
2025-09-29 07:23:33 [INFO]  Epoch 40 loss: 1539.6503915786743; train accuracy: 0.5558078972868217; test accuracy: 0.0
2025-09-29 07:23:33 [INFO]  Save the model in ./checkpoints/Tiny_alpha0.05/local_models/client_3/epoch_40.pth
2025-09-29 07:25:23 [INFO]  Epoch 41 loss: 1391.7686414718628; train accuracy: 0.48537427325581395; test accuracy: 0.0
2025-09-29 07:27:17 [INFO]  Epoch 42 loss: 1271.4072561264038; train accuracy: 0.5121426841085271; test accuracy: 0.0
2025-09-29 07:29:08 [INFO]  Epoch 43 loss: 1139.775803565979; train accuracy: 0.5016351744186046; test accuracy: 0.0
2025-09-29 07:31:01 [INFO]  Epoch 44 loss: 992.8427677154541; train accuracy: 0.5191073158914729; test accuracy: 0.0
2025-09-29 07:31:01 [INFO]  Client 3 Finish Local Training--------|
2025-09-29 07:31:01 [INFO]  Client 3 Collecting Local Prototypes--------|
2025-09-29 07:31:01 [INFO]  Client 4 Starts Local Trainning--------|
2025-09-29 07:32:45 [INFO]  Epoch 40 loss: 1420.6962270736694; train accuracy: 0.5287010063559322; test accuracy: 0.0259
2025-09-29 07:32:46 [INFO]  Save the model in ./checkpoints/Tiny_alpha0.05/local_models/client_4/epoch_40.pth
2025-09-29 07:34:31 [INFO]  Epoch 41 loss: 1329.1017541885376; train accuracy: 0.5019200211864406; test accuracy: 0.0149
2025-09-29 07:36:14 [INFO]  Epoch 42 loss: 1164.8903188705444; train accuracy: 0.5045683262711864; test accuracy: 0.0262
2025-09-29 07:37:55 [INFO]  Epoch 43 loss: 1051.8271579742432; train accuracy: 0.5940810381355932; test accuracy: 0.0306
2025-09-29 07:39:31 [INFO]  Epoch 44 loss: 963.4558148384094; train accuracy: 0.4836467161016949; test accuracy: 0.0048
2025-09-29 07:39:31 [INFO]  Client 4 Finish Local Training--------|
2025-09-29 07:39:31 [INFO]  Client 4 Collecting Local Prototypes--------|
2025-09-29 07:39:31 [INFO]  Round 8 Finish--------|
2025-09-29 07:39:31 [INFO]  Model variance: mean: 0.009561757557094097, sum: 107772.796875
2025-09-29 07:39:31 [INFO]  g_protos_std: 0.9808814525604248
2025-09-29 07:39:31 [INFO]  V7 Training | Using SIMPLE server aggregation.
2025-09-29 07:39:47 [INFO]  The test accuracy (with prototype) of OneShotOursV7+SimpleServer: 0.0075
2025-09-29 07:39:47 [INFO]  Save config to ./checkpoints/Tiny_alpha0.05/baselines_OneShotOursV7+SimpleServer_CIFAR10_results.yaml
2025-09-29 07:39:47 [INFO]  Round 9 starts--------|
2025-09-29 07:39:47 [INFO]  Client 0 Starts Local Trainning--------|
2025-09-29 07:41:33 [INFO]  Epoch 45 loss: 1455.1257495880127; train accuracy: 0.621368408203125; test accuracy: 0.0278
2025-09-29 07:41:33 [INFO]  Save the model in ./checkpoints/Tiny_alpha0.05/local_models/client_0/epoch_45.pth
2025-09-29 07:43:22 [INFO]  Epoch 46 loss: 1325.969470024109; train accuracy: 0.55218505859375; test accuracy: 0.018
2025-09-29 07:45:09 [INFO]  Epoch 47 loss: 1221.6664552688599; train accuracy: 0.52142333984375; test accuracy: 0.0126
2025-09-29 07:46:54 [INFO]  Epoch 48 loss: 1075.1465482711792; train accuracy: 0.569488525390625; test accuracy: 0.0075
2025-09-29 07:48:40 [INFO]  Epoch 49 loss: 939.9845910072327; train accuracy: 0.573272705078125; test accuracy: 0.0205
2025-09-29 07:48:40 [INFO]  Client 0 Finish Local Training--------|
2025-09-29 07:48:40 [INFO]  Client 0 Collecting Local Prototypes--------|
2025-09-29 07:48:40 [INFO]  Client 1 Starts Local Trainning--------|
2025-09-29 07:50:25 [INFO]  Epoch 45 loss: 1427.472396850586; train accuracy: 0.5751798115079365; test accuracy: 0.0
2025-09-29 07:50:26 [INFO]  Save the model in ./checkpoints/Tiny_alpha0.05/local_models/client_1/epoch_45.pth
2025-09-29 07:52:07 [INFO]  Epoch 46 loss: 1297.1793785095215; train accuracy: 0.5755208333333334; test accuracy: 0.0
2025-09-29 07:53:54 [INFO]  Epoch 47 loss: 1163.611319065094; train accuracy: 0.5501612103174603; test accuracy: 0.0
2025-09-29 07:55:38 [INFO]  Epoch 48 loss: 1046.826985359192; train accuracy: 0.5731026785714286; test accuracy: 0.0
2025-09-29 07:57:23 [INFO]  Epoch 49 loss: 913.9110264778137; train accuracy: 0.5865265376984127; test accuracy: 0.0
2025-09-29 07:57:23 [INFO]  Client 1 Finish Local Training--------|
2025-09-29 07:57:23 [INFO]  Client 1 Collecting Local Prototypes--------|
2025-09-29 07:57:23 [INFO]  Client 2 Starts Local Trainning--------|
2025-09-29 07:58:53 [INFO]  Epoch 45 loss: 1227.5550832748413; train accuracy: 0.5442708333333334; test accuracy: 0.0
2025-09-29 07:58:54 [INFO]  Save the model in ./checkpoints/Tiny_alpha0.05/local_models/client_2/epoch_45.pth
2025-09-29 08:00:23 [INFO]  Epoch 46 loss: 1147.8004713058472; train accuracy: 0.5743634259259259; test accuracy: 0.0
2025-09-29 08:01:52 [INFO]  Epoch 47 loss: 1024.798915863037; train accuracy: 0.5526620370370371; test accuracy: 0.0
2025-09-29 08:03:20 [INFO]  Epoch 48 loss: 920.6877474784851; train accuracy: 0.5163483796296297; test accuracy: 0.0
2025-09-29 08:04:48 [INFO]  Epoch 49 loss: 808.8348250389099; train accuracy: 0.5586299189814815; test accuracy: 0.0
2025-09-29 08:04:48 [INFO]  Client 2 Finish Local Training--------|
2025-09-29 08:04:48 [INFO]  Client 2 Collecting Local Prototypes--------|
2025-09-29 08:04:48 [INFO]  Client 3 Starts Local Trainning--------|
2025-09-29 08:06:32 [INFO]  Epoch 45 loss: 1491.6463088989258; train accuracy: 0.5347928779069767; test accuracy: 0.0
2025-09-29 08:06:33 [INFO]  Save the model in ./checkpoints/Tiny_alpha0.05/local_models/client_3/epoch_45.pth
2025-09-29 08:08:16 [INFO]  Epoch 46 loss: 1373.5530195236206; train accuracy: 0.5466933139534884; test accuracy: 0.0
2025-09-29 08:10:01 [INFO]  Epoch 47 loss: 1206.1596755981445; train accuracy: 0.5047843992248062; test accuracy: 0.0
2025-09-29 08:11:43 [INFO]  Epoch 48 loss: 1100.075445175171; train accuracy: 0.5248001453488372; test accuracy: 0.0
2025-09-29 08:13:25 [INFO]  Epoch 49 loss: 950.6040902137756; train accuracy: 0.5198946220930233; test accuracy: 0.0
2025-09-29 08:13:25 [INFO]  Client 3 Finish Local Training--------|
2025-09-29 08:13:25 [INFO]  Client 3 Collecting Local Prototypes--------|
2025-09-29 08:13:25 [INFO]  Client 4 Starts Local Trainning--------|
2025-09-29 08:15:00 [INFO]  Epoch 45 loss: 1373.7410726547241; train accuracy: 0.5201602224576272; test accuracy: 0.0354
2025-09-29 08:15:00 [INFO]  Save the model in ./checkpoints/Tiny_alpha0.05/local_models/client_4/epoch_45.pth
2025-09-29 08:16:34 [INFO]  Epoch 46 loss: 1258.099266052246; train accuracy: 0.5363479872881356; test accuracy: 0.0363
2025-09-29 08:18:07 [INFO]  Epoch 47 loss: 1152.04771900177; train accuracy: 0.5167836334745762; test accuracy: 0.0114
2025-09-29 08:19:41 [INFO]  Epoch 48 loss: 986.9785051345825; train accuracy: 0.5954713983050848; test accuracy: 0.0206
2025-09-29 08:21:16 [INFO]  Epoch 49 loss: 935.8317713737488; train accuracy: 0.5282375529661016; test accuracy: 0.0219
2025-09-29 08:21:16 [INFO]  Client 4 Finish Local Training--------|
2025-09-29 08:21:16 [INFO]  Client 4 Collecting Local Prototypes--------|
2025-09-29 08:21:16 [INFO]  Round 9 Finish--------|
2025-09-29 08:21:16 [INFO]  Model variance: mean: 0.010149506852030754, sum: 114397.453125
2025-09-29 08:21:16 [INFO]  g_protos_std: 0.9788084626197815
2025-09-29 08:21:16 [INFO]  V7 Training | Using SIMPLE server aggregation.
2025-09-29 08:21:31 [INFO]  The test accuracy (with prototype) of OneShotOursV7+SimpleServer: 0.0073
2025-09-29 08:21:31 [INFO]  Save config to ./checkpoints/Tiny_alpha0.05/baselines_OneShotOursV7+SimpleServer_CIFAR10_results.yaml
