2025-09-29 00:49:34 [INFO]  Load config from ./configs/Tiny_alpha0.05.yaml
2025-09-29 00:49:34 [INFO]  config: {'exp_name': 'Tiny_alpha0.05', 'dataset': {'data_name': 'Tiny-ImageNet', 'root_path': '~/datasets/', 'train_batch_size': 256, 'test_batch_size': 256, 'channels': 3, 'num_classes': 200, 'image_size': 64, 'aux_data_name': 'Tiny-ImageNet', 'aux_root_path': '~/datasets/', 'aux_split': 'test'}, 'distribution': {'type': 'dirichlet', 'label_num_per_client': 2, 'alpha': 0.05}, 'client': {'num_clients': 5}, 'server': {'num_rounds': 10, 'frac_clients': 1.0, 'lr': 0.05, 'local_epochs': 5, 'optimizer': 'sgd', 'momentum': 0.9, 'weight_decay': 0.0001, 'loss_name': 'ce', 'model_name': 'resnet18', 'aggregated_by_datasize': True, 'lr_decay_per_round': 0.998}, 'device': 'cuda:0', 'checkpoint': {'save_path': './checkpoints/', 'save_freq': 5, 'result_file': 'CIFAR10_results.yaml'}, 'pretrain': {'lr': 0.01, 'epoch': 70, 'model_path': './pretrain/', 'momentum': 0.9, 'weight_decay': 0.0001, 'model_name': 'resnet18', 'model_file_name': 'resnet18-f37072fd.pth'}, 'DBCD': {'alpha_l_pa': 1, 'alpha_l_pb': 1, 'alpha_l_pc': 0.0, 'Beta_alpha': 0.2, 'unsup_method': 'infonce', 'contrastive_temperature': 0.5, 'encoder_epoch': 40, 'projector_epoch': 10, 'use_pretrain': False, 'aug_batch_size': 512, 'encoder_lr': 0.03, 'cls_optimizer': 'sgd', 'cls_lr': 0.05, 'supcon_temp': 0.07, 'super_gr': 100, 'aux_with_public': True}, 'etf': {'loss_name': 'ce'}, 'visualization': {'interval': 5, 'save_path': 'visualization/resnet18', 'vis_size': 16}, 'resume': True, 'resume_best': False, 'seed': 1, 'lambda_align_initial': 5.0}
2025-09-29 00:49:35 [INFO]  Dataset Tiny-ImageNet loaded
2025-09-29 00:49:35 [INFO]  Dataset index dict loaded from preprocessed_data/Tiny-ImageNet.pt
2025-09-29 00:49:35 [INFO]  OneshotOurs
2025-09-29 00:49:36 [INFO]  Round 0 starts--------|
2025-09-29 00:49:36 [INFO]  Client 0 Starts Local Trainning--------|
2025-09-29 00:50:19 [INFO]  generating sample per sample
2025-09-29 00:52:02 [INFO]  Epoch 0 loss: 1963.9867849349976; train accuracy: 0.04608154296875; test accuracy: 0.0
2025-09-29 00:52:03 [INFO]  Save the model in ./checkpoints/Tiny_alpha0.05/local_models/client_0/epoch_0.pth
2025-09-29 00:53:51 [INFO]  Epoch 1 loss: 1753.6183919906616; train accuracy: 0.0728759765625; test accuracy: 0.0
2025-09-29 00:55:40 [INFO]  Epoch 2 loss: 1652.4992609024048; train accuracy: 0.087493896484375; test accuracy: 0.0232
2025-09-29 00:57:29 [INFO]  Epoch 3 loss: 1585.480565071106; train accuracy: 0.10150146484375; test accuracy: 0.0135
2025-09-29 00:59:21 [INFO]  Epoch 4 loss: 1531.3066778182983; train accuracy: 0.151153564453125; test accuracy: 0.0253
2025-09-29 00:59:21 [INFO]  Client 0 Finish Local Training--------|
2025-09-29 00:59:21 [INFO]  Client 0 Collecting Local Prototypes--------|
2025-09-29 00:59:21 [INFO]  Client 1 Starts Local Trainning--------|
2025-09-29 01:00:10 [INFO]  generating sample per sample
2025-09-29 01:02:00 [INFO]  Epoch 0 loss: 1920.9058198928833; train accuracy: 0.043712797619047616; test accuracy: 0.0
2025-09-29 01:02:01 [INFO]  Save the model in ./checkpoints/Tiny_alpha0.05/local_models/client_1/epoch_0.pth
2025-09-29 01:03:52 [INFO]  Epoch 1 loss: 1718.0881958007812; train accuracy: 0.07517981150793651; test accuracy: 0.0
2025-09-29 01:05:46 [INFO]  Epoch 2 loss: 1631.5084676742554; train accuracy: 0.09340897817460317; test accuracy: 0.0
2025-09-29 01:07:38 [INFO]  Epoch 3 loss: 1564.9743127822876; train accuracy: 0.1291232638888889; test accuracy: 0.0
2025-09-29 01:09:33 [INFO]  Epoch 4 loss: 1499.072413444519; train accuracy: 0.1486545138888889; test accuracy: 0.0
2025-09-29 01:09:33 [INFO]  Client 1 Finish Local Training--------|
2025-09-29 01:09:33 [INFO]  Client 1 Collecting Local Prototypes--------|
2025-09-29 01:09:33 [INFO]  Client 2 Starts Local Trainning--------|
2025-09-29 01:10:13 [INFO]  generating sample per sample
2025-09-29 01:11:53 [INFO]  Epoch 0 loss: 1623.1402645111084; train accuracy: 0.04600694444444445; test accuracy: 0.0
2025-09-29 01:11:54 [INFO]  Save the model in ./checkpoints/Tiny_alpha0.05/local_models/client_2/epoch_0.pth
2025-09-29 01:13:30 [INFO]  Epoch 1 loss: 1465.1506156921387; train accuracy: 0.06651475694444445; test accuracy: 0.0
2025-09-29 01:15:10 [INFO]  Epoch 2 loss: 1391.2115955352783; train accuracy: 0.10601128472222222; test accuracy: 0.0
2025-09-29 01:16:52 [INFO]  Epoch 3 loss: 1323.1696548461914; train accuracy: 0.09935619212962964; test accuracy: 0.0
2025-09-29 01:18:32 [INFO]  Epoch 4 loss: 1280.4732656478882; train accuracy: 0.1032986111111111; test accuracy: 0.0
2025-09-29 01:18:32 [INFO]  Client 2 Finish Local Training--------|
2025-09-29 01:18:32 [INFO]  Client 2 Collecting Local Prototypes--------|
2025-09-29 01:18:32 [INFO]  Client 3 Starts Local Trainning--------|
2025-09-29 01:19:22 [INFO]  generating sample per sample
2025-09-29 01:21:19 [INFO]  Epoch 0 loss: 1979.0036687850952; train accuracy: 0.03972868217054264; test accuracy: 0.0
2025-09-29 01:21:19 [INFO]  Save the model in ./checkpoints/Tiny_alpha0.05/local_models/client_3/epoch_0.pth
2025-09-29 01:23:15 [INFO]  Epoch 1 loss: 1765.887022972107; train accuracy: 0.052688953488372096; test accuracy: 0.0
2025-09-29 01:25:13 [INFO]  Epoch 2 loss: 1673.6184635162354; train accuracy: 0.05862403100775194; test accuracy: 0.0
2025-09-29 01:27:10 [INFO]  Epoch 3 loss: 1597.350619316101; train accuracy: 0.11409883720930232; test accuracy: 0.0
2025-09-29 01:29:05 [INFO]  Epoch 4 loss: 1543.5153694152832; train accuracy: 0.12736191860465115; test accuracy: 0.0
2025-09-29 01:29:05 [INFO]  Client 3 Finish Local Training--------|
2025-09-29 01:29:05 [INFO]  Client 3 Collecting Local Prototypes--------|
2025-09-29 01:29:05 [INFO]  Client 4 Starts Local Trainning--------|
2025-09-29 01:29:50 [INFO]  generating sample per sample
2025-09-29 01:31:37 [INFO]  Epoch 0 loss: 1795.6087608337402; train accuracy: 0.032342425847457626; test accuracy: 0.0001
2025-09-29 01:31:37 [INFO]  Save the model in ./checkpoints/Tiny_alpha0.05/local_models/client_4/epoch_0.pth
2025-09-29 01:33:21 [INFO]  Epoch 1 loss: 1624.2216806411743; train accuracy: 0.05518405720338983; test accuracy: 0.0
2025-09-29 01:35:11 [INFO]  Epoch 2 loss: 1560.3561782836914; train accuracy: 0.08103813559322035; test accuracy: 0.0
2025-09-29 01:36:58 [INFO]  Epoch 3 loss: 1497.5322952270508; train accuracy: 0.08017743644067797; test accuracy: 0.0003
2025-09-29 01:38:44 [INFO]  Epoch 4 loss: 1442.235589981079; train accuracy: 0.17164327330508475; test accuracy: 0.0064
2025-09-29 01:38:44 [INFO]  Client 4 Finish Local Training--------|
2025-09-29 01:38:44 [INFO]  Client 4 Collecting Local Prototypes--------|
2025-09-29 01:38:44 [INFO]  Round 0 Finish--------|
2025-09-29 01:38:44 [INFO]  Model variance: mean: 0.0028621803503483534, sum: 32260.30078125
2025-09-29 01:38:44 [INFO]  g_protos_std: 1.0042059421539307
2025-09-29 01:38:44 [INFO]  V7 Training | Using SIMPLE server aggregation.
2025-09-29 01:38:58 [INFO]  The test accuracy (with prototype) of OneShotOursV7+SimpleServer: 0.0207
2025-09-29 01:38:58 [INFO]  Save config to ./checkpoints/Tiny_alpha0.05/baselines_OneShotOursV7+SimpleServer_CIFAR10_results.yaml
2025-09-29 01:38:58 [INFO]  Round 1 starts--------|
2025-09-29 01:38:58 [INFO]  Client 0 Starts Local Trainning--------|
2025-09-29 01:40:54 [INFO]  Epoch 5 loss: 1487.5771198272705; train accuracy: 0.1248779296875; test accuracy: 0.0047
2025-09-29 01:40:55 [INFO]  Save the model in ./checkpoints/Tiny_alpha0.05/local_models/client_0/epoch_5.pth
2025-09-29 01:42:50 [INFO]  Epoch 6 loss: 1438.2835874557495; train accuracy: 0.196319580078125; test accuracy: 0.0044
2025-09-29 01:44:43 [INFO]  Epoch 7 loss: 1400.5728902816772; train accuracy: 0.21234130859375; test accuracy: 0.0081
2025-09-29 01:46:37 [INFO]  Epoch 8 loss: 1370.119520187378; train accuracy: 0.22381591796875; test accuracy: 0.0056
2025-09-29 01:48:27 [INFO]  Epoch 9 loss: 1347.4728927612305; train accuracy: 0.311614990234375; test accuracy: 0.0275
2025-09-29 01:48:27 [INFO]  Client 0 Finish Local Training--------|
2025-09-29 01:48:27 [INFO]  Client 0 Collecting Local Prototypes--------|
2025-09-29 01:48:27 [INFO]  Client 1 Starts Local Trainning--------|
2025-09-29 01:50:18 [INFO]  Epoch 5 loss: 1447.869068145752; train accuracy: 0.17844742063492064; test accuracy: 0.0
2025-09-29 01:50:18 [INFO]  Save the model in ./checkpoints/Tiny_alpha0.05/local_models/client_1/epoch_5.pth
2025-09-29 01:52:05 [INFO]  Epoch 6 loss: 1412.1769380569458; train accuracy: 0.19233630952380953; test accuracy: 0.0
2025-09-29 01:53:57 [INFO]  Epoch 7 loss: 1376.0717144012451; train accuracy: 0.24844990079365079; test accuracy: 0.0
2025-09-29 01:55:47 [INFO]  Epoch 8 loss: 1349.027819633484; train accuracy: 0.23499503968253968; test accuracy: 0.0
2025-09-29 01:57:37 [INFO]  Epoch 9 loss: 1311.2111120224; train accuracy: 0.24996899801587302; test accuracy: 0.0
2025-09-29 01:57:37 [INFO]  Client 1 Finish Local Training--------|
2025-09-29 01:57:37 [INFO]  Client 1 Collecting Local Prototypes--------|
2025-09-29 01:57:37 [INFO]  Client 2 Starts Local Trainning--------|
2025-09-29 01:59:11 [INFO]  Epoch 5 loss: 1225.6466064453125; train accuracy: 0.11248553240740741; test accuracy: 0.0
2025-09-29 01:59:11 [INFO]  Save the model in ./checkpoints/Tiny_alpha0.05/local_models/client_2/epoch_5.pth
2025-09-29 02:00:45 [INFO]  Epoch 6 loss: 1200.211178779602; train accuracy: 0.1490162037037037; test accuracy: 0.0
2025-09-29 02:02:18 [INFO]  Epoch 7 loss: 1176.177942276001; train accuracy: 0.1437355324074074; test accuracy: 0.0
2025-09-29 02:03:52 [INFO]  Epoch 8 loss: 1138.8274183273315; train accuracy: 0.23093894675925927; test accuracy: 0.0
2025-09-29 02:05:26 [INFO]  Epoch 9 loss: 1125.458493232727; train accuracy: 0.18938078703703703; test accuracy: 0.0
2025-09-29 02:05:26 [INFO]  Client 2 Finish Local Training--------|
2025-09-29 02:05:26 [INFO]  Client 2 Collecting Local Prototypes--------|
2025-09-29 02:05:26 [INFO]  Client 3 Starts Local Trainning--------|
2025-09-29 02:07:17 [INFO]  Epoch 5 loss: 1496.6747741699219; train accuracy: 0.14689316860465115; test accuracy: 0.0
2025-09-29 02:07:17 [INFO]  Save the model in ./checkpoints/Tiny_alpha0.05/local_models/client_3/epoch_5.pth
2025-09-29 02:09:05 [INFO]  Epoch 6 loss: 1450.2242183685303; train accuracy: 0.15255571705426357; test accuracy: 0.0
2025-09-29 02:10:51 [INFO]  Epoch 7 loss: 1411.468653678894; train accuracy: 0.21463178294573643; test accuracy: 0.0
2025-09-29 02:12:41 [INFO]  Epoch 8 loss: 1390.1320943832397; train accuracy: 0.2254421027131783; test accuracy: 0.0
2025-09-29 02:14:32 [INFO]  Epoch 9 loss: 1359.9147691726685; train accuracy: 0.21196705426356588; test accuracy: 0.0
2025-09-29 02:14:32 [INFO]  Client 3 Finish Local Training--------|
2025-09-29 02:14:32 [INFO]  Client 3 Collecting Local Prototypes--------|
2025-09-29 02:14:32 [INFO]  Client 4 Starts Local Trainning--------|
2025-09-29 02:16:12 [INFO]  Epoch 5 loss: 1400.6277265548706; train accuracy: 0.1706832627118644; test accuracy: 0.0194
2025-09-29 02:16:12 [INFO]  Save the model in ./checkpoints/Tiny_alpha0.05/local_models/client_4/epoch_5.pth
2025-09-29 02:17:52 [INFO]  Epoch 6 loss: 1362.5877647399902; train accuracy: 0.18561308262711865; test accuracy: 0.0113
2025-09-29 02:19:33 [INFO]  Epoch 7 loss: 1341.3641347885132; train accuracy: 0.19100900423728814; test accuracy: 0.0103
2025-09-29 02:21:12 [INFO]  Epoch 8 loss: 1297.0433673858643; train accuracy: 0.2024960275423729; test accuracy: 0.0129
2025-09-29 02:22:53 [INFO]  Epoch 9 loss: 1279.1872968673706; train accuracy: 0.24241922669491525; test accuracy: 0.033
2025-09-29 02:22:53 [INFO]  Client 4 Finish Local Training--------|
2025-09-29 02:22:53 [INFO]  Client 4 Collecting Local Prototypes--------|
2025-09-29 02:22:53 [INFO]  Round 1 Finish--------|
2025-09-29 02:22:53 [INFO]  Model variance: mean: 0.004168828949332237, sum: 46987.83984375
2025-09-29 02:22:53 [INFO]  g_protos_std: 1.0047996044158936
2025-09-29 02:22:53 [INFO]  V7 Training | Using SIMPLE server aggregation.
2025-09-29 02:23:07 [INFO]  The test accuracy (with prototype) of OneShotOursV7+SimpleServer: 0.0154
2025-09-29 02:23:07 [INFO]  Save config to ./checkpoints/Tiny_alpha0.05/baselines_OneShotOursV7+SimpleServer_CIFAR10_results.yaml
2025-09-29 02:23:07 [INFO]  Round 2 starts--------|
2025-09-29 02:23:07 [INFO]  Client 0 Starts Local Trainning--------|
2025-09-29 02:24:56 [INFO]  Epoch 10 loss: 1317.9949293136597; train accuracy: 0.220062255859375; test accuracy: 0.0084
2025-09-29 02:24:57 [INFO]  Save the model in ./checkpoints/Tiny_alpha0.05/local_models/client_0/epoch_10.pth
2025-09-29 02:26:47 [INFO]  Epoch 11 loss: 1287.5355529785156; train accuracy: 0.287322998046875; test accuracy: 0.0134
2025-09-29 02:28:38 [INFO]  Epoch 12 loss: 1270.8516931533813; train accuracy: 0.278564453125; test accuracy: 0.0678
2025-09-29 02:30:27 [INFO]  Epoch 13 loss: 1241.3360090255737; train accuracy: 0.306640625; test accuracy: 0.0229
2025-09-29 02:32:17 [INFO]  Epoch 14 loss: 1223.2388830184937; train accuracy: 0.2603759765625; test accuracy: 0.0215
2025-09-29 02:32:17 [INFO]  Client 0 Finish Local Training--------|
2025-09-29 02:32:17 [INFO]  Client 0 Collecting Local Prototypes--------|
2025-09-29 02:32:17 [INFO]  Client 1 Starts Local Trainning--------|
2025-09-29 02:34:03 [INFO]  Epoch 10 loss: 1287.0237264633179; train accuracy: 0.23558407738095238; test accuracy: 0.0
2025-09-29 02:34:04 [INFO]  Save the model in ./checkpoints/Tiny_alpha0.05/local_models/client_1/epoch_10.pth
2025-09-29 02:35:53 [INFO]  Epoch 11 loss: 1262.5765762329102; train accuracy: 0.23911830357142858; test accuracy: 0.0
2025-09-29 02:37:42 [INFO]  Epoch 12 loss: 1232.433458328247; train accuracy: 0.2614087301587302; test accuracy: 0.0
2025-09-29 02:39:30 [INFO]  Epoch 13 loss: 1209.986927986145; train accuracy: 0.33444940476190477; test accuracy: 0.0
2025-09-29 02:41:17 [INFO]  Epoch 14 loss: 1198.6291408538818; train accuracy: 0.3310701884920635; test accuracy: 0.0
2025-09-29 02:41:17 [INFO]  Client 1 Finish Local Training--------|
2025-09-29 02:41:17 [INFO]  Client 1 Collecting Local Prototypes--------|
2025-09-29 02:41:17 [INFO]  Client 2 Starts Local Trainning--------|
2025-09-29 02:42:50 [INFO]  Epoch 10 loss: 1093.3767499923706; train accuracy: 0.2625144675925926; test accuracy: 0.0
2025-09-29 02:42:50 [INFO]  Save the model in ./checkpoints/Tiny_alpha0.05/local_models/client_2/epoch_10.pth
2025-09-29 02:44:23 [INFO]  Epoch 11 loss: 1083.2340536117554; train accuracy: 0.24048755787037038; test accuracy: 0.0
2025-09-29 02:45:56 [INFO]  Epoch 12 loss: 1053.7289752960205; train accuracy: 0.2664930555555556; test accuracy: 0.0
2025-09-29 02:47:29 [INFO]  Epoch 13 loss: 1040.2080945968628; train accuracy: 0.2485894097222222; test accuracy: 0.0
2025-09-29 02:49:02 [INFO]  Epoch 14 loss: 1018.9195766448975; train accuracy: 0.30866608796296297; test accuracy: 0.0
2025-09-29 02:49:02 [INFO]  Client 2 Finish Local Training--------|
2025-09-29 02:49:02 [INFO]  Client 2 Collecting Local Prototypes--------|
2025-09-29 02:49:02 [INFO]  Client 3 Starts Local Trainning--------|
2025-09-29 02:50:52 [INFO]  Epoch 10 loss: 1332.3025274276733; train accuracy: 0.18238250968992248; test accuracy: 0.0
2025-09-29 02:50:52 [INFO]  Save the model in ./checkpoints/Tiny_alpha0.05/local_models/client_3/epoch_10.pth
2025-09-29 02:52:41 [INFO]  Epoch 11 loss: 1310.6728992462158; train accuracy: 0.23304263565891473; test accuracy: 0.0
2025-09-29 02:54:32 [INFO]  Epoch 12 loss: 1291.780520439148; train accuracy: 0.22747093023255813; test accuracy: 0.0
2025-09-29 02:56:25 [INFO]  Epoch 13 loss: 1268.9900197982788; train accuracy: 0.3050205910852713; test accuracy: 0.0
2025-09-29 02:58:16 [INFO]  Epoch 14 loss: 1238.9422540664673; train accuracy: 0.2618095930232558; test accuracy: 0.0
2025-09-29 02:58:16 [INFO]  Client 3 Finish Local Training--------|
2025-09-29 02:58:16 [INFO]  Client 3 Collecting Local Prototypes--------|
2025-09-29 02:58:16 [INFO]  Client 4 Starts Local Trainning--------|
2025-09-29 02:59:56 [INFO]  Epoch 10 loss: 1249.2762117385864; train accuracy: 0.2634401483050847; test accuracy: 0.0043
2025-09-29 02:59:56 [INFO]  Save the model in ./checkpoints/Tiny_alpha0.05/local_models/client_4/epoch_10.pth
2025-09-29 03:01:38 [INFO]  Epoch 11 loss: 1223.1492919921875; train accuracy: 0.2671808792372881; test accuracy: 0.0169
2025-09-29 03:03:19 [INFO]  Epoch 12 loss: 1191.264744758606; train accuracy: 0.23401085805084745; test accuracy: 0.0147
2025-09-29 03:05:01 [INFO]  Epoch 13 loss: 1176.0499391555786; train accuracy: 0.288963188559322; test accuracy: 0.0094
2025-09-29 03:06:41 [INFO]  Epoch 14 loss: 1169.969220161438; train accuracy: 0.2851893538135593; test accuracy: 0.0051
2025-09-29 03:06:41 [INFO]  Client 4 Finish Local Training--------|
2025-09-29 03:06:41 [INFO]  Client 4 Collecting Local Prototypes--------|
2025-09-29 03:06:41 [INFO]  Round 2 Finish--------|
2025-09-29 03:06:41 [INFO]  Model variance: mean: 0.005212283693253994, sum: 58748.859375
2025-09-29 03:06:41 [INFO]  g_protos_std: 1.0052812099456787
2025-09-29 03:06:41 [INFO]  V7 Training | Using SIMPLE server aggregation.
2025-09-29 03:06:56 [INFO]  The test accuracy (with prototype) of OneShotOursV7+SimpleServer: 0.0159
2025-09-29 03:06:56 [INFO]  Save config to ./checkpoints/Tiny_alpha0.05/baselines_OneShotOursV7+SimpleServer_CIFAR10_results.yaml
2025-09-29 03:06:56 [INFO]  Round 3 starts--------|
2025-09-29 03:06:56 [INFO]  Client 0 Starts Local Trainning--------|
2025-09-29 03:08:47 [INFO]  Epoch 15 loss: 1208.8004417419434; train accuracy: 0.339813232421875; test accuracy: 0.0035
2025-09-29 03:08:47 [INFO]  Save the model in ./checkpoints/Tiny_alpha0.05/local_models/client_0/epoch_15.pth
2025-09-29 03:10:36 [INFO]  Epoch 16 loss: 1179.363811969757; train accuracy: 0.31597900390625; test accuracy: 0.0045
2025-09-29 03:12:25 [INFO]  Epoch 17 loss: 1161.3224782943726; train accuracy: 0.341217041015625; test accuracy: 0.0166
2025-09-29 03:14:16 [INFO]  Epoch 18 loss: 1138.5413675308228; train accuracy: 0.389007568359375; test accuracy: 0.0106
2025-09-29 03:16:06 [INFO]  Epoch 19 loss: 1135.0705513954163; train accuracy: 0.423187255859375; test accuracy: 0.0126
2025-09-29 03:16:06 [INFO]  Client 0 Finish Local Training--------|
2025-09-29 03:16:06 [INFO]  Client 0 Collecting Local Prototypes--------|
2025-09-29 03:16:06 [INFO]  Client 1 Starts Local Trainning--------|
2025-09-29 03:17:52 [INFO]  Epoch 15 loss: 1190.5455513000488; train accuracy: 0.30158730158730157; test accuracy: 0.0
2025-09-29 03:17:52 [INFO]  Save the model in ./checkpoints/Tiny_alpha0.05/local_models/client_1/epoch_15.pth
2025-09-29 03:19:41 [INFO]  Epoch 16 loss: 1149.2032012939453; train accuracy: 0.3151971726190476; test accuracy: 0.0
2025-09-29 03:21:28 [INFO]  Epoch 17 loss: 1155.779782295227; train accuracy: 0.3180493551587302; test accuracy: 0.0
2025-09-29 03:23:14 [INFO]  Epoch 18 loss: 1129.5861110687256; train accuracy: 0.3519655257936508; test accuracy: 0.0
2025-09-29 03:25:00 [INFO]  Epoch 19 loss: 1093.1994619369507; train accuracy: 0.31234499007936506; test accuracy: 0.0
2025-09-29 03:25:00 [INFO]  Client 1 Finish Local Training--------|
2025-09-29 03:25:00 [INFO]  Client 1 Collecting Local Prototypes--------|
2025-09-29 03:25:00 [INFO]  Client 2 Starts Local Trainning--------|
2025-09-29 03:26:34 [INFO]  Epoch 15 loss: 1005.8066120147705; train accuracy: 0.3219039351851852; test accuracy: 0.0
2025-09-29 03:26:34 [INFO]  Save the model in ./checkpoints/Tiny_alpha0.05/local_models/client_2/epoch_15.pth
2025-09-29 03:28:07 [INFO]  Epoch 16 loss: 1000.4190449714661; train accuracy: 0.32523148148148145; test accuracy: 0.0
2025-09-29 03:29:38 [INFO]  Epoch 17 loss: 982.8036398887634; train accuracy: 0.4054542824074074; test accuracy: 0.0
2025-09-29 03:31:11 [INFO]  Epoch 18 loss: 963.3600664138794; train accuracy: 0.3519965277777778; test accuracy: 0.0
2025-09-29 03:32:43 [INFO]  Epoch 19 loss: 958.4544639587402; train accuracy: 0.3654513888888889; test accuracy: 0.0
2025-09-29 03:32:43 [INFO]  Client 2 Finish Local Training--------|
2025-09-29 03:32:43 [INFO]  Client 2 Collecting Local Prototypes--------|
2025-09-29 03:32:43 [INFO]  Client 3 Starts Local Trainning--------|
2025-09-29 03:34:31 [INFO]  Epoch 15 loss: 1217.2065620422363; train accuracy: 0.31325702519379844; test accuracy: 0.0
2025-09-29 03:34:31 [INFO]  Save the model in ./checkpoints/Tiny_alpha0.05/local_models/client_3/epoch_15.pth
2025-09-29 03:36:22 [INFO]  Epoch 16 loss: 1204.6357526779175; train accuracy: 0.35328851744186046; test accuracy: 0.0
2025-09-29 03:38:13 [INFO]  Epoch 17 loss: 1186.1208238601685; train accuracy: 0.3650678294573643; test accuracy: 0.0
2025-09-29 03:40:03 [INFO]  Epoch 18 loss: 1166.6838846206665; train accuracy: 0.34238735465116277; test accuracy: 0.0
2025-09-29 03:41:52 [INFO]  Epoch 19 loss: 1144.5021562576294; train accuracy: 0.38072311046511625; test accuracy: 0.0
2025-09-29 03:41:52 [INFO]  Client 3 Finish Local Training--------|
2025-09-29 03:41:52 [INFO]  Client 3 Collecting Local Prototypes--------|
2025-09-29 03:41:52 [INFO]  Client 4 Starts Local Trainning--------|
2025-09-29 03:43:34 [INFO]  Epoch 15 loss: 1149.229084968567; train accuracy: 0.357521186440678; test accuracy: 0.0107
2025-09-29 03:43:34 [INFO]  Save the model in ./checkpoints/Tiny_alpha0.05/local_models/client_4/epoch_15.pth
2025-09-29 03:45:15 [INFO]  Epoch 16 loss: 1138.245421409607; train accuracy: 0.3464645127118644; test accuracy: 0.0117
2025-09-29 03:46:56 [INFO]  Epoch 17 loss: 1128.9253253936768; train accuracy: 0.2906183792372881; test accuracy: 0.022
2025-09-29 03:48:38 [INFO]  Epoch 18 loss: 1085.5826382637024; train accuracy: 0.3532176906779661; test accuracy: 0.012
2025-09-29 03:50:16 [INFO]  Epoch 19 loss: 1088.4574146270752; train accuracy: 0.3863546080508475; test accuracy: 0.0369
2025-09-29 03:50:16 [INFO]  Client 4 Finish Local Training--------|
2025-09-29 03:50:16 [INFO]  Client 4 Collecting Local Prototypes--------|
2025-09-29 03:50:16 [INFO]  Round 3 Finish--------|
2025-09-29 03:50:17 [INFO]  Model variance: mean: 0.006109759211540222, sum: 68864.515625
2025-09-29 03:50:17 [INFO]  g_protos_std: 1.005691647529602
2025-09-29 03:50:17 [INFO]  V7 Training | Using SIMPLE server aggregation.
2025-09-29 03:50:31 [INFO]  The test accuracy (with prototype) of OneShotOursV7+SimpleServer: 0.0137
2025-09-29 03:50:31 [INFO]  Save config to ./checkpoints/Tiny_alpha0.05/baselines_OneShotOursV7+SimpleServer_CIFAR10_results.yaml
2025-09-29 03:50:31 [INFO]  Round 4 starts--------|
2025-09-29 03:50:31 [INFO]  Client 0 Starts Local Trainning--------|
2025-09-29 03:52:19 [INFO]  Epoch 20 loss: 1120.9044075012207; train accuracy: 0.409149169921875; test accuracy: 0.0185
2025-09-29 03:52:19 [INFO]  Save the model in ./checkpoints/Tiny_alpha0.05/local_models/client_0/epoch_20.pth
2025-09-29 03:54:09 [INFO]  Epoch 21 loss: 1113.0153732299805; train accuracy: 0.345672607421875; test accuracy: 0.0401
2025-09-29 03:56:00 [INFO]  Epoch 22 loss: 1083.7561168670654; train accuracy: 0.472991943359375; test accuracy: 0.0259
2025-09-29 03:57:47 [INFO]  Epoch 23 loss: 1048.6130928993225; train accuracy: 0.43377685546875; test accuracy: 0.0046
2025-09-29 03:59:34 [INFO]  Epoch 24 loss: 1048.029242515564; train accuracy: 0.40777587890625; test accuracy: 0.014
2025-09-29 03:59:34 [INFO]  Client 0 Finish Local Training--------|
2025-09-29 03:59:34 [INFO]  Client 0 Collecting Local Prototypes--------|
2025-09-29 03:59:34 [INFO]  Client 1 Starts Local Trainning--------|
2025-09-29 04:01:20 [INFO]  Epoch 20 loss: 1089.7568745613098; train accuracy: 0.34911334325396826; test accuracy: 0.0
2025-09-29 04:01:20 [INFO]  Save the model in ./checkpoints/Tiny_alpha0.05/local_models/client_1/epoch_20.pth
2025-09-29 04:03:05 [INFO]  Epoch 21 loss: 1085.975703716278; train accuracy: 0.39229910714285715; test accuracy: 0.0
2025-09-29 04:04:53 [INFO]  Epoch 22 loss: 1051.5518016815186; train accuracy: 0.41393849206349204; test accuracy: 0.0
2025-09-29 04:06:40 [INFO]  Epoch 23 loss: 1057.6567578315735; train accuracy: 0.3880828373015873; test accuracy: 0.0
2025-09-29 04:08:24 [INFO]  Epoch 24 loss: 1037.1162724494934; train accuracy: 0.41703869047619047; test accuracy: 0.0
2025-09-29 04:08:24 [INFO]  Client 1 Finish Local Training--------|
2025-09-29 04:08:24 [INFO]  Client 1 Collecting Local Prototypes--------|
2025-09-29 04:08:24 [INFO]  Client 2 Starts Local Trainning--------|
2025-09-29 04:09:53 [INFO]  Epoch 20 loss: 935.4158906936646; train accuracy: 0.30396412037037035; test accuracy: 0.0
2025-09-29 04:09:54 [INFO]  Save the model in ./checkpoints/Tiny_alpha0.05/local_models/client_2/epoch_20.pth
2025-09-29 04:11:24 [INFO]  Epoch 21 loss: 927.9316563606262; train accuracy: 0.43645109953703703; test accuracy: 0.0
2025-09-29 04:12:57 [INFO]  Epoch 22 loss: 924.4117531776428; train accuracy: 0.3839699074074074; test accuracy: 0.0
2025-09-29 04:14:29 [INFO]  Epoch 23 loss: 900.1341004371643; train accuracy: 0.41409866898148145; test accuracy: 0.0
2025-09-29 04:16:01 [INFO]  Epoch 24 loss: 918.2010073661804; train accuracy: 0.4220558449074074; test accuracy: 0.0
2025-09-29 04:16:01 [INFO]  Client 2 Finish Local Training--------|
2025-09-29 04:16:01 [INFO]  Client 2 Collecting Local Prototypes--------|
2025-09-29 04:16:01 [INFO]  Client 3 Starts Local Trainning--------|
2025-09-29 04:17:47 [INFO]  Epoch 20 loss: 1133.80859708786; train accuracy: 0.370124757751938; test accuracy: 0.0
2025-09-29 04:17:47 [INFO]  Save the model in ./checkpoints/Tiny_alpha0.05/local_models/client_3/epoch_20.pth
2025-09-29 04:19:36 [INFO]  Epoch 21 loss: 1145.793526172638; train accuracy: 0.31564922480620156; test accuracy: 0.0
2025-09-29 04:21:26 [INFO]  Epoch 22 loss: 1107.2103281021118; train accuracy: 0.4368640988372093; test accuracy: 0.0
2025-09-29 04:23:13 [INFO]  Epoch 23 loss: 1091.3902702331543; train accuracy: 0.3849321705426357; test accuracy: 0.0
2025-09-29 04:24:59 [INFO]  Epoch 24 loss: 1062.3655834197998; train accuracy: 0.43980135658914726; test accuracy: 0.0
2025-09-29 04:24:59 [INFO]  Client 3 Finish Local Training--------|
2025-09-29 04:24:59 [INFO]  Client 3 Collecting Local Prototypes--------|
2025-09-29 04:24:59 [INFO]  Client 4 Starts Local Trainning--------|
2025-09-29 04:26:39 [INFO]  Epoch 20 loss: 1069.416358947754; train accuracy: 0.3424920550847458; test accuracy: 0.0063
2025-09-29 04:26:40 [INFO]  Save the model in ./checkpoints/Tiny_alpha0.05/local_models/client_4/epoch_20.pth
2025-09-29 04:28:20 [INFO]  Epoch 21 loss: 1058.0462727546692; train accuracy: 0.3957229872881356; test accuracy: 0.0264
2025-09-29 04:29:59 [INFO]  Epoch 22 loss: 1066.8533663749695; train accuracy: 0.3811904131355932; test accuracy: 0.0198
2025-09-29 04:31:39 [INFO]  Epoch 23 loss: 1025.5261697769165; train accuracy: 0.3820180084745763; test accuracy: 0.0301
2025-09-29 04:33:20 [INFO]  Epoch 24 loss: 1006.4844422340393; train accuracy: 0.4482587394067797; test accuracy: 0.0168
2025-09-29 04:33:20 [INFO]  Client 4 Finish Local Training--------|
2025-09-29 04:33:20 [INFO]  Client 4 Collecting Local Prototypes--------|
2025-09-29 04:33:20 [INFO]  Round 4 Finish--------|
2025-09-29 04:33:20 [INFO]  Model variance: mean: 0.006911297328770161, sum: 77898.8359375
2025-09-29 04:33:20 [INFO]  g_protos_std: 1.0060551166534424
2025-09-29 04:33:20 [INFO]  V7 Training | Using SIMPLE server aggregation.
2025-09-29 04:33:35 [INFO]  The test accuracy (with prototype) of OneShotOursV7+SimpleServer: 0.0114
2025-09-29 04:33:35 [INFO]  Save config to ./checkpoints/Tiny_alpha0.05/baselines_OneShotOursV7+SimpleServer_CIFAR10_results.yaml
2025-09-29 04:33:35 [INFO]  Round 5 starts--------|
2025-09-29 04:33:35 [INFO]  Client 0 Starts Local Trainning--------|
2025-09-29 04:35:24 [INFO]  Epoch 25 loss: 1052.5216746330261; train accuracy: 0.388153076171875; test accuracy: 0.0139
2025-09-29 04:35:24 [INFO]  Save the model in ./checkpoints/Tiny_alpha0.05/local_models/client_0/epoch_25.pth
2025-09-29 04:37:12 [INFO]  Epoch 26 loss: 1037.4448976516724; train accuracy: 0.451873779296875; test accuracy: 0.0169
2025-09-29 04:39:04 [INFO]  Epoch 27 loss: 1015.815393447876; train accuracy: 0.42803955078125; test accuracy: 0.0439
2025-09-29 04:40:52 [INFO]  Epoch 28 loss: 987.6862778663635; train accuracy: 0.490936279296875; test accuracy: 0.0476
2025-09-29 04:42:42 [INFO]  Epoch 29 loss: 1005.8019051551819; train accuracy: 0.478485107421875; test accuracy: 0.0039
2025-09-29 04:42:42 [INFO]  Client 0 Finish Local Training--------|
2025-09-29 04:42:42 [INFO]  Client 0 Collecting Local Prototypes--------|
2025-09-29 04:42:42 [INFO]  Client 1 Starts Local Trainning--------|
2025-09-29 04:44:28 [INFO]  Epoch 25 loss: 1012.9119515419006; train accuracy: 0.4392361111111111; test accuracy: 0.0
2025-09-29 04:44:29 [INFO]  Save the model in ./checkpoints/Tiny_alpha0.05/local_models/client_1/epoch_25.pth
2025-09-29 04:46:14 [INFO]  Epoch 26 loss: 1021.0755295753479; train accuracy: 0.4662388392857143; test accuracy: 0.0
2025-09-29 04:48:01 [INFO]  Epoch 27 loss: 1001.2361235618591; train accuracy: 0.3870287698412698; test accuracy: 0.0
2025-09-29 04:49:47 [INFO]  Epoch 28 loss: 984.6147274971008; train accuracy: 0.4951016865079365; test accuracy: 0.0
2025-09-29 04:51:33 [INFO]  Epoch 29 loss: 996.9289546012878; train accuracy: 0.3878968253968254; test accuracy: 0.0
2025-09-29 04:51:33 [INFO]  Client 1 Finish Local Training--------|
2025-09-29 04:51:33 [INFO]  Client 1 Collecting Local Prototypes--------|
2025-09-29 04:51:33 [INFO]  Client 2 Starts Local Trainning--------|
2025-09-29 04:53:03 [INFO]  Epoch 25 loss: 882.9448528289795; train accuracy: 0.4905960648148148; test accuracy: 0.0
2025-09-29 04:53:03 [INFO]  Save the model in ./checkpoints/Tiny_alpha0.05/local_models/client_2/epoch_25.pth
2025-09-29 04:54:35 [INFO]  Epoch 26 loss: 885.1297197341919; train accuracy: 0.4252025462962963; test accuracy: 0.0
2025-09-29 04:56:07 [INFO]  Epoch 27 loss: 870.5079703330994; train accuracy: 0.44014033564814814; test accuracy: 0.0
2025-09-29 04:57:39 [INFO]  Epoch 28 loss: 855.2205061912537; train accuracy: 0.47182436342592593; test accuracy: 0.0
2025-09-29 04:59:10 [INFO]  Epoch 29 loss: 854.4892301559448; train accuracy: 0.4382957175925926; test accuracy: 0.0
2025-09-29 04:59:10 [INFO]  Client 2 Finish Local Training--------|
2025-09-29 04:59:10 [INFO]  Client 2 Collecting Local Prototypes--------|
2025-09-29 04:59:10 [INFO]  Client 3 Starts Local Trainning--------|
2025-09-29 05:01:00 [INFO]  Epoch 25 loss: 1080.342405796051; train accuracy: 0.375484496124031; test accuracy: 0.0
2025-09-29 05:01:01 [INFO]  Save the model in ./checkpoints/Tiny_alpha0.05/local_models/client_3/epoch_25.pth
2025-09-29 05:02:48 [INFO]  Epoch 26 loss: 1063.6891751289368; train accuracy: 0.4490067829457364; test accuracy: 0.0
2025-09-29 05:04:34 [INFO]  Epoch 27 loss: 1049.0023503303528; train accuracy: 0.38108648255813954; test accuracy: 0.0
2025-09-29 05:06:21 [INFO]  Epoch 28 loss: 1034.2402138710022; train accuracy: 0.43132267441860467; test accuracy: 0.0
2025-09-29 05:08:07 [INFO]  Epoch 29 loss: 1034.278504371643; train accuracy: 0.4203306686046512; test accuracy: 0.0
2025-09-29 05:08:07 [INFO]  Client 3 Finish Local Training--------|
2025-09-29 05:08:07 [INFO]  Client 3 Collecting Local Prototypes--------|
2025-09-29 05:08:07 [INFO]  Client 4 Starts Local Trainning--------|
2025-09-29 05:09:44 [INFO]  Epoch 25 loss: 1018.192412853241; train accuracy: 0.4323027012711864; test accuracy: 0.0091
2025-09-29 05:09:44 [INFO]  Save the model in ./checkpoints/Tiny_alpha0.05/local_models/client_4/epoch_25.pth
2025-09-29 05:11:23 [INFO]  Epoch 26 loss: 985.5370564460754; train accuracy: 0.3973450741525424; test accuracy: 0.005
2025-09-29 05:13:02 [INFO]  Epoch 27 loss: 979.4579758644104; train accuracy: 0.4519332627118644; test accuracy: 0.0131
2025-09-29 05:14:39 [INFO]  Epoch 28 loss: 981.6241655349731; train accuracy: 0.4324020127118644; test accuracy: 0.0206
2025-09-29 05:16:18 [INFO]  Epoch 29 loss: 963.060996055603; train accuracy: 0.4573291843220339; test accuracy: 0.0211
2025-09-29 05:16:18 [INFO]  Client 4 Finish Local Training--------|
2025-09-29 05:16:18 [INFO]  Client 4 Collecting Local Prototypes--------|
2025-09-29 05:16:18 [INFO]  Round 5 Finish--------|
2025-09-29 05:16:18 [INFO]  Model variance: mean: 0.007645835168659687, sum: 86177.984375
2025-09-29 05:16:18 [INFO]  g_protos_std: 1.0063859224319458
2025-09-29 05:16:18 [INFO]  V7 Training | Using SIMPLE server aggregation.
2025-09-29 05:16:33 [INFO]  The test accuracy (with prototype) of OneShotOursV7+SimpleServer: 0.009
2025-09-29 05:16:33 [INFO]  Save config to ./checkpoints/Tiny_alpha0.05/baselines_OneShotOursV7+SimpleServer_CIFAR10_results.yaml
2025-09-29 05:16:33 [INFO]  Round 6 starts--------|
2025-09-29 05:16:33 [INFO]  Client 0 Starts Local Trainning--------|
2025-09-29 05:18:18 [INFO]  Epoch 30 loss: 991.4524292945862; train accuracy: 0.464996337890625; test accuracy: 0.0114
2025-09-29 05:18:19 [INFO]  Save the model in ./checkpoints/Tiny_alpha0.05/local_models/client_0/epoch_30.pth
2025-09-29 05:20:04 [INFO]  Epoch 31 loss: 982.9969053268433; train accuracy: 0.442779541015625; test accuracy: 0.0069
2025-09-29 05:21:50 [INFO]  Epoch 32 loss: 945.4988317489624; train accuracy: 0.485992431640625; test accuracy: 0.0276
2025-09-29 05:23:35 [INFO]  Epoch 33 loss: 943.2816472053528; train accuracy: 0.50897216796875; test accuracy: 0.0302
2025-09-29 05:25:20 [INFO]  Epoch 34 loss: 933.6728987693787; train accuracy: 0.4886474609375; test accuracy: 0.0288
2025-09-29 05:25:20 [INFO]  Client 0 Finish Local Training--------|
2025-09-29 05:25:20 [INFO]  Client 0 Collecting Local Prototypes--------|
2025-09-29 05:25:20 [INFO]  Client 1 Starts Local Trainning--------|
2025-09-29 05:27:05 [INFO]  Epoch 30 loss: 957.7730841636658; train accuracy: 0.3960503472222222; test accuracy: 0.0
2025-09-29 05:27:05 [INFO]  Save the model in ./checkpoints/Tiny_alpha0.05/local_models/client_1/epoch_30.pth
2025-09-29 05:28:51 [INFO]  Epoch 31 loss: 952.5245928764343; train accuracy: 0.44633556547619047; test accuracy: 0.0
2025-09-29 05:30:34 [INFO]  Epoch 32 loss: 950.0709586143494; train accuracy: 0.4620225694444444; test accuracy: 0.0
2025-09-29 05:32:17 [INFO]  Epoch 33 loss: 938.0109224319458; train accuracy: 0.5079365079365079; test accuracy: 0.0
2025-09-29 05:34:01 [INFO]  Epoch 34 loss: 921.582004070282; train accuracy: 0.5053013392857143; test accuracy: 0.0
2025-09-29 05:34:01 [INFO]  Client 1 Finish Local Training--------|
2025-09-29 05:34:01 [INFO]  Client 1 Collecting Local Prototypes--------|
2025-09-29 05:34:01 [INFO]  Client 2 Starts Local Trainning--------|
2025-09-29 05:35:32 [INFO]  Epoch 30 loss: 832.276605129242; train accuracy: 0.5019169560185185; test accuracy: 0.0
2025-09-29 05:35:32 [INFO]  Save the model in ./checkpoints/Tiny_alpha0.05/local_models/client_2/epoch_30.pth
2025-09-29 05:37:02 [INFO]  Epoch 31 loss: 851.6086020469666; train accuracy: 0.43312355324074076; test accuracy: 0.0
2025-09-29 05:38:32 [INFO]  Epoch 32 loss: 834.9547514915466; train accuracy: 0.3919994212962963; test accuracy: 0.0
2025-09-29 05:40:02 [INFO]  Epoch 33 loss: 803.515293598175; train accuracy: 0.48256655092592593; test accuracy: 0.0
2025-09-29 05:41:33 [INFO]  Epoch 34 loss: 813.6598496437073; train accuracy: 0.4554036458333333; test accuracy: 0.0
2025-09-29 05:41:33 [INFO]  Client 2 Finish Local Training--------|
2025-09-29 05:41:33 [INFO]  Client 2 Collecting Local Prototypes--------|
2025-09-29 05:41:33 [INFO]  Client 3 Starts Local Trainning--------|
2025-09-29 05:43:19 [INFO]  Epoch 30 loss: 1004.8698110580444; train accuracy: 0.4161821705426357; test accuracy: 0.0
2025-09-29 05:43:19 [INFO]  Save the model in ./checkpoints/Tiny_alpha0.05/local_models/client_3/epoch_30.pth
2025-09-29 05:45:07 [INFO]  Epoch 31 loss: 999.5742702484131; train accuracy: 0.47825823643410853; test accuracy: 0.0
2025-09-29 05:46:53 [INFO]  Epoch 32 loss: 979.4886865615845; train accuracy: 0.4624515503875969; test accuracy: 0.0
2025-09-29 05:48:39 [INFO]  Epoch 33 loss: 986.795979976654; train accuracy: 0.4589086724806202; test accuracy: 0.0
2025-09-29 05:50:27 [INFO]  Epoch 34 loss: 972.3886256217957; train accuracy: 0.43365431201550386; test accuracy: 0.0
2025-09-29 05:50:27 [INFO]  Client 3 Finish Local Training--------|
2025-09-29 05:50:27 [INFO]  Client 3 Collecting Local Prototypes--------|
2025-09-29 05:50:27 [INFO]  Client 4 Starts Local Trainning--------|
2025-09-29 05:52:07 [INFO]  Epoch 30 loss: 939.1048111915588; train accuracy: 0.5069518008474576; test accuracy: 0.0232
2025-09-29 05:52:07 [INFO]  Save the model in ./checkpoints/Tiny_alpha0.05/local_models/client_4/epoch_30.pth
2025-09-29 05:53:43 [INFO]  Epoch 31 loss: 943.1950831413269; train accuracy: 0.4533236228813559; test accuracy: 0.04
2025-09-29 05:55:22 [INFO]  Epoch 32 loss: 961.3160400390625; train accuracy: 0.494140625; test accuracy: 0.0319
2025-09-29 05:57:00 [INFO]  Epoch 33 loss: 939.4584631919861; train accuracy: 0.4289592161016949; test accuracy: 0.0111
2025-09-29 05:58:38 [INFO]  Epoch 34 loss: 917.1809000968933; train accuracy: 0.452198093220339; test accuracy: 0.0057
2025-09-29 05:58:38 [INFO]  Client 4 Finish Local Training--------|
2025-09-29 05:58:38 [INFO]  Client 4 Collecting Local Prototypes--------|
2025-09-29 05:58:38 [INFO]  Round 6 Finish--------|
2025-09-29 05:58:38 [INFO]  Model variance: mean: 0.008332397788763046, sum: 93916.390625
2025-09-29 05:58:38 [INFO]  g_protos_std: 1.006697416305542
2025-09-29 05:58:38 [INFO]  V7 Training | Using SIMPLE server aggregation.
2025-09-29 05:58:53 [INFO]  The test accuracy (with prototype) of OneShotOursV7+SimpleServer: 0.008
2025-09-29 05:58:53 [INFO]  Save config to ./checkpoints/Tiny_alpha0.05/baselines_OneShotOursV7+SimpleServer_CIFAR10_results.yaml
2025-09-29 05:58:53 [INFO]  Round 7 starts--------|
2025-09-29 05:58:53 [INFO]  Client 0 Starts Local Trainning--------|
2025-09-29 06:00:40 [INFO]  Epoch 35 loss: 943.414258480072; train accuracy: 0.49664306640625; test accuracy: 0.0058
2025-09-29 06:00:40 [INFO]  Save the model in ./checkpoints/Tiny_alpha0.05/local_models/client_0/epoch_35.pth
2025-09-29 06:02:26 [INFO]  Epoch 36 loss: 921.3014216423035; train accuracy: 0.576080322265625; test accuracy: 0.0173
2025-09-29 06:04:12 [INFO]  Epoch 37 loss: 897.7902488708496; train accuracy: 0.55816650390625; test accuracy: 0.007
2025-09-29 06:05:58 [INFO]  Epoch 38 loss: 908.775279045105; train accuracy: 0.526885986328125; test accuracy: 0.0303
2025-09-29 06:07:46 [INFO]  Epoch 39 loss: 901.6113290786743; train accuracy: 0.461761474609375; test accuracy: 0.0334
2025-09-29 06:07:46 [INFO]  Client 0 Finish Local Training--------|
2025-09-29 06:07:46 [INFO]  Client 0 Collecting Local Prototypes--------|
2025-09-29 06:07:46 [INFO]  Client 1 Starts Local Trainning--------|
2025-09-29 06:09:29 [INFO]  Epoch 35 loss: 926.1660814285278; train accuracy: 0.5237475198412699; test accuracy: 0.0
2025-09-29 06:09:29 [INFO]  Save the model in ./checkpoints/Tiny_alpha0.05/local_models/client_1/epoch_35.pth
2025-09-29 06:11:13 [INFO]  Epoch 36 loss: 903.4213137626648; train accuracy: 0.5101376488095238; test accuracy: 0.0
2025-09-29 06:12:57 [INFO]  Epoch 37 loss: 884.9088015556335; train accuracy: 0.5053013392857143; test accuracy: 0.0
2025-09-29 06:14:42 [INFO]  Epoch 38 loss: 915.5115814208984; train accuracy: 0.45393105158730157; test accuracy: 0.0
2025-09-29 06:16:26 [INFO]  Epoch 39 loss: 885.7436556816101; train accuracy: 0.49851190476190477; test accuracy: 0.0
2025-09-29 06:16:26 [INFO]  Client 1 Finish Local Training--------|
2025-09-29 06:16:26 [INFO]  Client 1 Collecting Local Prototypes--------|
2025-09-29 06:16:26 [INFO]  Client 2 Starts Local Trainning--------|
2025-09-29 06:17:57 [INFO]  Epoch 35 loss: 802.8625855445862; train accuracy: 0.5352647569444444; test accuracy: 0.0
2025-09-29 06:17:57 [INFO]  Save the model in ./checkpoints/Tiny_alpha0.05/local_models/client_2/epoch_35.pth
2025-09-29 06:19:28 [INFO]  Epoch 36 loss: 787.433012008667; train accuracy: 0.5295862268518519; test accuracy: 0.0
2025-09-29 06:20:56 [INFO]  Epoch 37 loss: 783.0847897529602; train accuracy: 0.4484230324074074; test accuracy: 0.0
2025-09-29 06:22:26 [INFO]  Epoch 38 loss: 784.3059597015381; train accuracy: 0.5403284143518519; test accuracy: 0.0
2025-09-29 06:23:56 [INFO]  Epoch 39 loss: 754.6580748558044; train accuracy: 0.5375072337962963; test accuracy: 0.0
2025-09-29 06:23:56 [INFO]  Client 2 Finish Local Training--------|
2025-09-29 06:23:56 [INFO]  Client 2 Collecting Local Prototypes--------|
2025-09-29 06:23:56 [INFO]  Client 3 Starts Local Trainning--------|
2025-09-29 06:25:43 [INFO]  Epoch 35 loss: 966.0815916061401; train accuracy: 0.4055232558139535; test accuracy: 0.0
2025-09-29 06:25:43 [INFO]  Save the model in ./checkpoints/Tiny_alpha0.05/local_models/client_3/epoch_35.pth
2025-09-29 06:27:30 [INFO]  Epoch 36 loss: 928.487998008728; train accuracy: 0.5032097868217055; test accuracy: 0.0
2025-09-29 06:29:18 [INFO]  Epoch 37 loss: 948.9694113731384; train accuracy: 0.48498062015503873; test accuracy: 0.0
2025-09-29 06:31:08 [INFO]  Epoch 38 loss: 953.8384013175964; train accuracy: 0.49473110465116277; test accuracy: 0.0
2025-09-29 06:32:56 [INFO]  Epoch 39 loss: 926.4388380050659; train accuracy: 0.546875; test accuracy: 0.0
2025-09-29 06:32:56 [INFO]  Client 3 Finish Local Training--------|
2025-09-29 06:32:56 [INFO]  Client 3 Collecting Local Prototypes--------|
2025-09-29 06:32:56 [INFO]  Client 4 Starts Local Trainning--------|
2025-09-29 06:34:36 [INFO]  Epoch 35 loss: 893.4155240058899; train accuracy: 0.4242915783898305; test accuracy: 0.0317
2025-09-29 06:34:36 [INFO]  Save the model in ./checkpoints/Tiny_alpha0.05/local_models/client_4/epoch_35.pth
2025-09-29 06:36:15 [INFO]  Epoch 36 loss: 894.7926831245422; train accuracy: 0.4167770127118644; test accuracy: 0.0128
2025-09-29 06:37:52 [INFO]  Epoch 37 loss: 897.6135673522949; train accuracy: 0.484375; test accuracy: 0.0349
2025-09-29 06:39:33 [INFO]  Epoch 38 loss: 880.7596216201782; train accuracy: 0.5667041843220338; test accuracy: 0.0086
2025-09-29 06:41:15 [INFO]  Epoch 39 loss: 859.833577632904; train accuracy: 0.4924854343220339; test accuracy: 0.0071
2025-09-29 06:41:15 [INFO]  Client 4 Finish Local Training--------|
2025-09-29 06:41:15 [INFO]  Client 4 Collecting Local Prototypes--------|
2025-09-29 06:41:15 [INFO]  Round 7 Finish--------|
2025-09-29 06:41:15 [INFO]  Model variance: mean: 0.008979221805930138, sum: 101206.890625
2025-09-29 06:41:15 [INFO]  g_protos_std: 1.0069940090179443
2025-09-29 06:41:15 [INFO]  V7 Training | Using SIMPLE server aggregation.
2025-09-29 06:41:29 [INFO]  The test accuracy (with prototype) of OneShotOursV7+SimpleServer: 0.0111
2025-09-29 06:41:29 [INFO]  Save config to ./checkpoints/Tiny_alpha0.05/baselines_OneShotOursV7+SimpleServer_CIFAR10_results.yaml
2025-09-29 06:41:29 [INFO]  Round 8 starts--------|
2025-09-29 06:41:29 [INFO]  Client 0 Starts Local Trainning--------|
2025-09-29 06:43:15 [INFO]  Epoch 40 loss: 875.1384482383728; train accuracy: 0.4940185546875; test accuracy: 0.0225
2025-09-29 06:43:16 [INFO]  Save the model in ./checkpoints/Tiny_alpha0.05/local_models/client_0/epoch_40.pth
2025-09-29 06:45:02 [INFO]  Epoch 41 loss: 881.4493126869202; train accuracy: 0.54351806640625; test accuracy: 0.0158
2025-09-29 06:46:49 [INFO]  Epoch 42 loss: 864.9066853523254; train accuracy: 0.56182861328125; test accuracy: 0.0074
2025-09-29 06:48:37 [INFO]  Epoch 43 loss: 851.688289642334; train accuracy: 0.554107666015625; test accuracy: 0.011
2025-09-29 06:50:24 [INFO]  Epoch 44 loss: 866.2962865829468; train accuracy: 0.503662109375; test accuracy: 0.0184
2025-09-29 06:50:24 [INFO]  Client 0 Finish Local Training--------|
2025-09-29 06:50:24 [INFO]  Client 0 Collecting Local Prototypes--------|
2025-09-29 06:50:24 [INFO]  Client 1 Starts Local Trainning--------|
2025-09-29 06:52:10 [INFO]  Epoch 40 loss: 882.779764175415; train accuracy: 0.5504402281746031; test accuracy: 0.0
2025-09-29 06:52:10 [INFO]  Save the model in ./checkpoints/Tiny_alpha0.05/local_models/client_1/epoch_40.pth
2025-09-29 06:53:55 [INFO]  Epoch 41 loss: 861.2199954986572; train accuracy: 0.5105096726190477; test accuracy: 0.0
2025-09-29 06:55:37 [INFO]  Epoch 42 loss: 854.9383654594421; train accuracy: 0.5201512896825397; test accuracy: 0.0
2025-09-29 06:57:23 [INFO]  Epoch 43 loss: 859.997727394104; train accuracy: 0.5016741071428571; test accuracy: 0.0
2025-09-29 06:59:08 [INFO]  Epoch 44 loss: 842.7422695159912; train accuracy: 0.5268787202380952; test accuracy: 0.0
2025-09-29 06:59:08 [INFO]  Client 1 Finish Local Training--------|
2025-09-29 06:59:08 [INFO]  Client 1 Collecting Local Prototypes--------|
2025-09-29 06:59:08 [INFO]  Client 2 Starts Local Trainning--------|
2025-09-29 07:00:37 [INFO]  Epoch 40 loss: 749.7175073623657; train accuracy: 0.5675998263888888; test accuracy: 0.0
2025-09-29 07:00:37 [INFO]  Save the model in ./checkpoints/Tiny_alpha0.05/local_models/client_2/epoch_40.pth
2025-09-29 07:02:09 [INFO]  Epoch 41 loss: 749.0454111099243; train accuracy: 0.4833984375; test accuracy: 0.0
2025-09-29 07:03:39 [INFO]  Epoch 42 loss: 735.185519695282; train accuracy: 0.5352647569444444; test accuracy: 0.0
2025-09-29 07:05:11 [INFO]  Epoch 43 loss: 743.8087244033813; train accuracy: 0.46090133101851855; test accuracy: 0.0
2025-09-29 07:06:43 [INFO]  Epoch 44 loss: 732.5807766914368; train accuracy: 0.5635127314814815; test accuracy: 0.0
2025-09-29 07:06:43 [INFO]  Client 2 Finish Local Training--------|
2025-09-29 07:06:43 [INFO]  Client 2 Collecting Local Prototypes--------|
2025-09-29 07:06:43 [INFO]  Client 3 Starts Local Trainning--------|
2025-09-29 07:08:32 [INFO]  Epoch 40 loss: 885.8486261367798; train accuracy: 0.48046875; test accuracy: 0.0
2025-09-29 07:08:32 [INFO]  Save the model in ./checkpoints/Tiny_alpha0.05/local_models/client_3/epoch_40.pth
2025-09-29 07:10:19 [INFO]  Epoch 41 loss: 879.4427642822266; train accuracy: 0.5547480620155039; test accuracy: 0.0
2025-09-29 07:12:08 [INFO]  Epoch 42 loss: 900.5861711502075; train accuracy: 0.5261325096899225; test accuracy: 0.0
2025-09-29 07:13:54 [INFO]  Epoch 43 loss: 885.7425932884216; train accuracy: 0.5265867248062015; test accuracy: 0.0
2025-09-29 07:15:42 [INFO]  Epoch 44 loss: 866.3501205444336; train accuracy: 0.534156976744186; test accuracy: 0.0
2025-09-29 07:15:42 [INFO]  Client 3 Finish Local Training--------|
2025-09-29 07:15:42 [INFO]  Client 3 Collecting Local Prototypes--------|
2025-09-29 07:15:42 [INFO]  Client 4 Starts Local Trainning--------|
2025-09-29 07:17:21 [INFO]  Epoch 40 loss: 865.6121830940247; train accuracy: 0.5309189618644068; test accuracy: 0.0198
2025-09-29 07:17:22 [INFO]  Save the model in ./checkpoints/Tiny_alpha0.05/local_models/client_4/epoch_40.pth
2025-09-29 07:19:01 [INFO]  Epoch 41 loss: 852.1809468269348; train accuracy: 0.5388307733050848; test accuracy: 0.0124
2025-09-29 07:20:42 [INFO]  Epoch 42 loss: 862.6267504692078; train accuracy: 0.5132746292372882; test accuracy: 0.0335
2025-09-29 07:22:22 [INFO]  Epoch 43 loss: 831.7330942153931; train accuracy: 0.3840373411016949; test accuracy: 0.0135
2025-09-29 07:24:04 [INFO]  Epoch 44 loss: 822.2809391021729; train accuracy: 0.5159229343220338; test accuracy: 0.0299
2025-09-29 07:24:04 [INFO]  Client 4 Finish Local Training--------|
2025-09-29 07:24:04 [INFO]  Client 4 Collecting Local Prototypes--------|
2025-09-29 07:24:04 [INFO]  Round 8 Finish--------|
2025-09-29 07:24:04 [INFO]  Model variance: mean: 0.009595236741006374, sum: 108150.140625
2025-09-29 07:24:04 [INFO]  g_protos_std: 1.0072826147079468
2025-09-29 07:24:04 [INFO]  V7 Training | Using SIMPLE server aggregation.
2025-09-29 07:24:19 [INFO]  The test accuracy (with prototype) of OneShotOursV7+SimpleServer: 0.0081
2025-09-29 07:24:19 [INFO]  Save config to ./checkpoints/Tiny_alpha0.05/baselines_OneShotOursV7+SimpleServer_CIFAR10_results.yaml
2025-09-29 07:24:19 [INFO]  Round 9 starts--------|
2025-09-29 07:24:19 [INFO]  Client 0 Starts Local Trainning--------|
2025-09-29 07:26:09 [INFO]  Epoch 45 loss: 828.9543614387512; train accuracy: 0.621368408203125; test accuracy: 0.0425
2025-09-29 07:26:09 [INFO]  Save the model in ./checkpoints/Tiny_alpha0.05/local_models/client_0/epoch_45.pth
2025-09-29 07:27:58 [INFO]  Epoch 46 loss: 822.4870057106018; train accuracy: 0.57208251953125; test accuracy: 0.0158
2025-09-29 07:29:47 [INFO]  Epoch 47 loss: 829.2023940086365; train accuracy: 0.56396484375; test accuracy: 0.0118
2025-09-29 07:31:36 [INFO]  Epoch 48 loss: 791.4722652435303; train accuracy: 0.65771484375; test accuracy: 0.0204
2025-09-29 07:33:24 [INFO]  Epoch 49 loss: 811.1172571182251; train accuracy: 0.56146240234375; test accuracy: 0.0181
2025-09-29 07:33:24 [INFO]  Client 0 Finish Local Training--------|
2025-09-29 07:33:24 [INFO]  Client 0 Collecting Local Prototypes--------|
2025-09-29 07:33:24 [INFO]  Client 1 Starts Local Trainning--------|
2025-09-29 07:35:15 [INFO]  Epoch 45 loss: 816.3123297691345; train accuracy: 0.6010354662698413; test accuracy: 0.0
2025-09-29 07:35:15 [INFO]  Save the model in ./checkpoints/Tiny_alpha0.05/local_models/client_1/epoch_45.pth
2025-09-29 07:37:03 [INFO]  Epoch 46 loss: 778.0403428077698; train accuracy: 0.5668712797619048; test accuracy: 0.0
2025-09-29 07:38:47 [INFO]  Epoch 47 loss: 835.5916242599487; train accuracy: 0.535218253968254; test accuracy: 0.0
2025-09-29 07:40:31 [INFO]  Epoch 48 loss: 827.3946194648743; train accuracy: 0.5681423611111112; test accuracy: 0.0
2025-09-29 07:42:19 [INFO]  Epoch 49 loss: 825.9482035636902; train accuracy: 0.49516369047619047; test accuracy: 0.0
2025-09-29 07:42:19 [INFO]  Client 1 Finish Local Training--------|
2025-09-29 07:42:19 [INFO]  Client 1 Collecting Local Prototypes--------|
2025-09-29 07:42:19 [INFO]  Client 2 Starts Local Trainning--------|
2025-09-29 07:43:49 [INFO]  Epoch 45 loss: 711.6407070159912; train accuracy: 0.5636212384259259; test accuracy: 0.0
2025-09-29 07:43:50 [INFO]  Save the model in ./checkpoints/Tiny_alpha0.05/local_models/client_2/epoch_45.pth
2025-09-29 07:45:23 [INFO]  Epoch 46 loss: 717.714720249176; train accuracy: 0.5846715856481481; test accuracy: 0.0
2025-09-29 07:46:56 [INFO]  Epoch 47 loss: 725.8744716644287; train accuracy: 0.5888310185185185; test accuracy: 0.0
2025-09-29 07:48:29 [INFO]  Epoch 48 loss: 694.7729387283325; train accuracy: 0.5719039351851852; test accuracy: 0.0
2025-09-29 07:50:01 [INFO]  Epoch 49 loss: 700.4008450508118; train accuracy: 0.603515625; test accuracy: 0.0
2025-09-29 07:50:01 [INFO]  Client 2 Finish Local Training--------|
2025-09-29 07:50:01 [INFO]  Client 2 Collecting Local Prototypes--------|
2025-09-29 07:50:01 [INFO]  Client 3 Starts Local Trainning--------|
2025-09-29 07:51:53 [INFO]  Epoch 45 loss: 885.2007565498352; train accuracy: 0.5393350290697675; test accuracy: 0.0
2025-09-29 07:51:53 [INFO]  Save the model in ./checkpoints/Tiny_alpha0.05/local_models/client_3/epoch_45.pth
2025-09-29 07:53:42 [INFO]  Epoch 46 loss: 861.5708527565002; train accuracy: 0.5659520348837209; test accuracy: 0.0
2025-09-29 07:55:32 [INFO]  Epoch 47 loss: 842.7807259559631; train accuracy: 0.5354590600775194; test accuracy: 0.0
2025-09-29 07:57:21 [INFO]  Epoch 48 loss: 859.6187696456909; train accuracy: 0.5529009205426356; test accuracy: 0.0
2025-09-29 07:59:09 [INFO]  Epoch 49 loss: 802.1592626571655; train accuracy: 0.53515625; test accuracy: 0.0
2025-09-29 07:59:09 [INFO]  Client 3 Finish Local Training--------|
2025-09-29 07:59:09 [INFO]  Client 3 Collecting Local Prototypes--------|
2025-09-29 07:59:09 [INFO]  Client 4 Starts Local Trainning--------|
2025-09-29 08:00:49 [INFO]  Epoch 45 loss: 836.5554447174072; train accuracy: 0.4115466101694915; test accuracy: 0.0085
2025-09-29 08:00:50 [INFO]  Save the model in ./checkpoints/Tiny_alpha0.05/local_models/client_4/epoch_45.pth
2025-09-29 08:02:29 [INFO]  Epoch 46 loss: 820.0491437911987; train accuracy: 0.5501191737288136; test accuracy: 0.0061
2025-09-29 08:04:07 [INFO]  Epoch 47 loss: 813.2503561973572; train accuracy: 0.5642213983050848; test accuracy: 0.0137
2025-09-29 08:05:45 [INFO]  Epoch 48 loss: 794.0740246772766; train accuracy: 0.5470074152542372; test accuracy: 0.0295
2025-09-29 08:07:23 [INFO]  Epoch 49 loss: 799.5976886749268; train accuracy: 0.5516750529661016; test accuracy: 0.0175
2025-09-29 08:07:23 [INFO]  Client 4 Finish Local Training--------|
2025-09-29 08:07:23 [INFO]  Client 4 Collecting Local Prototypes--------|
2025-09-29 08:07:23 [INFO]  Round 9 Finish--------|
2025-09-29 08:07:23 [INFO]  Model variance: mean: 0.010184281505644321, sum: 114789.40625
2025-09-29 08:07:23 [INFO]  g_protos_std: 1.0075608491897583
2025-09-29 08:07:23 [INFO]  V7 Training | Using SIMPLE server aggregation.
2025-09-29 08:07:38 [INFO]  The test accuracy (with prototype) of OneShotOursV7+SimpleServer: 0.0107
2025-09-29 08:07:38 [INFO]  Save config to ./checkpoints/Tiny_alpha0.05/baselines_OneShotOursV7+SimpleServer_CIFAR10_results.yaml
