2025-09-28 10:57:33 [INFO]  Load config from ./configs/Tiny_alpha0.5.yaml
2025-09-28 10:57:33 [INFO]  config: {'exp_name': 'Tiny_alpha0.5', 'dataset': {'data_name': 'Tiny-ImageNet', 'root_path': '~/datasets/', 'train_batch_size': 256, 'test_batch_size': 256, 'channels': 3, 'num_classes': 200, 'image_size': 64, 'aux_data_name': 'Tiny-ImageNet', 'aux_root_path': '~/datasets/', 'aux_split': 'test'}, 'distribution': {'type': 'dirichlet', 'label_num_per_client': 2, 'alpha': 0.5}, 'client': {'num_clients': 5}, 'server': {'num_rounds': 1, 'frac_clients': 1.0, 'lr': 0.05, 'local_epochs': 50, 'optimizer': 'sgd', 'momentum': 0.9, 'weight_decay': 0.0001, 'loss_name': 'ce', 'model_name': 'resnet18', 'aggregated_by_datasize': True, 'lr_decay_per_round': 0.998}, 'device': 'cuda:0', 'checkpoint': {'save_path': './checkpoints/', 'save_freq': 5, 'result_file': 'CIFAR10_results.yaml'}, 'pretrain': {'lr': 0.01, 'epoch': 70, 'model_path': './pretrain/', 'momentum': 0.9, 'weight_decay': 0.0001, 'model_name': 'resnet18', 'model_file_name': 'resnet18-f37072fd.pth'}, 'DBCD': {'alpha_l_pa': 1, 'alpha_l_pb': 1, 'alpha_l_pc': 0.0, 'Beta_alpha': 0.2, 'unsup_method': 'infonce', 'contrastive_temperature': 0.5, 'encoder_epoch': 40, 'projector_epoch': 10, 'use_pretrain': False, 'aug_batch_size': 512, 'encoder_lr': 0.03, 'cls_optimizer': 'sgd', 'cls_lr': 0.05, 'supcon_temp': 0.07, 'super_gr': 100, 'aux_with_public': True}, 'etf': {'loss_name': 'ce'}, 'visualization': {'interval': 5, 'save_path': 'visualization/resnet18', 'vis_size': 16}, 'resume': True, 'resume_best': False, 'seed': 1, 'lambda_align_initial': 5.0}
2025-09-28 10:57:34 [INFO]  Dataset Tiny-ImageNet loaded
2025-09-28 10:57:34 [INFO]  Dataset index dict loaded from preprocessed_data/Tiny-ImageNet.pt
2025-09-28 10:57:35 [INFO]  OneshotOursV7 with DRCL (ETF Anchors) and Lambda Annealing
2025-09-28 10:57:36 [INFO]  Initialized ETF fixed anchors with shape: torch.Size([200, 512])
2025-09-28 10:57:36 [INFO]  Save config to ./checkpoints/Tiny_alpha0.5/config.yaml
2025-09-28 10:57:36 [INFO]  Round 0 starts--------|
2025-09-28 10:57:36 [INFO]  Client 0 Starts Local Trainning--------|
2025-09-28 11:07:37 [INFO]  Epoch 0 loss: 5273.230653762817; train accuracy: 0.019378662109375; test accuracy: 0.0
2025-09-28 11:07:37 [INFO]  Save the model in ./checkpoints/Tiny_alpha0.5/local_models/client_0/epoch_0.pth
2025-09-28 11:14:55 [INFO]  Epoch 1 loss: 4864.147361755371; train accuracy: 0.0546875; test accuracy: 0.0094
2025-09-28 11:22:37 [INFO]  Epoch 2 loss: 4584.603189468384; train accuracy: 0.0733489990234375; test accuracy: 0.0592
2025-09-28 11:29:57 [INFO]  Epoch 3 loss: 4386.432443618774; train accuracy: 0.1540985107421875; test accuracy: 0.0198
2025-09-28 11:37:27 [INFO]  Epoch 4 loss: 4243.100670814514; train accuracy: 0.1423492431640625; test accuracy: 0.0517
2025-09-28 11:44:35 [INFO]  Epoch 5 loss: 4121.49950504303; train accuracy: 0.1483306884765625; test accuracy: 0.0157
2025-09-28 11:44:35 [INFO]  Save the model in ./checkpoints/Tiny_alpha0.5/local_models/client_0/epoch_5.pth
2025-09-28 11:52:08 [INFO]  Epoch 6 loss: 3973.367642402649; train accuracy: 0.18817138671875; test accuracy: 0.0456
2025-09-28 12:00:02 [INFO]  Epoch 7 loss: 3852.863211631775; train accuracy: 0.1720733642578125; test accuracy: 0.0067
2025-09-28 12:07:30 [INFO]  Epoch 8 loss: 3786.1750898361206; train accuracy: 0.207366943359375; test accuracy: 0.0065
2025-09-28 12:15:10 [INFO]  Epoch 9 loss: 3649.502826690674; train accuracy: 0.2161407470703125; test accuracy: 0.0216
2025-09-28 12:22:42 [INFO]  Epoch 10 loss: 3569.156723022461; train accuracy: 0.245025634765625; test accuracy: 0.0073
2025-09-28 12:22:43 [INFO]  Save the model in ./checkpoints/Tiny_alpha0.5/local_models/client_0/epoch_10.pth
2025-09-28 12:30:10 [INFO]  Epoch 11 loss: 3519.295576095581; train accuracy: 0.2768402099609375; test accuracy: 0.0059
2025-09-28 12:37:34 [INFO]  Epoch 12 loss: 3422.2899675369263; train accuracy: 0.2801055908203125; test accuracy: 0.0067
2025-09-28 12:44:54 [INFO]  Epoch 13 loss: 3350.547137260437; train accuracy: 0.2796630859375; test accuracy: 0.0283
2025-09-28 12:52:17 [INFO]  Epoch 14 loss: 3268.0775413513184; train accuracy: 0.3446807861328125; test accuracy: 0.0094
2025-09-28 12:59:20 [INFO]  Epoch 15 loss: 3214.367254257202; train accuracy: 0.2913665771484375; test accuracy: 0.0479
2025-09-28 12:59:21 [INFO]  Save the model in ./checkpoints/Tiny_alpha0.5/local_models/client_0/epoch_15.pth
2025-09-28 13:06:49 [INFO]  Epoch 16 loss: 3122.8497762680054; train accuracy: 0.3258209228515625; test accuracy: 0.0087
2025-09-28 13:14:29 [INFO]  Epoch 17 loss: 3072.5195293426514; train accuracy: 0.3460540771484375; test accuracy: 0.0115
2025-09-28 13:21:53 [INFO]  Epoch 18 loss: 3002.240487098694; train accuracy: 0.362091064453125; test accuracy: 0.014
2025-09-28 13:29:03 [INFO]  Epoch 19 loss: 2928.1167373657227; train accuracy: 0.3515167236328125; test accuracy: 0.0195
2025-09-28 13:36:09 [INFO]  Epoch 20 loss: 2895.2674083709717; train accuracy: 0.388031005859375; test accuracy: 0.0076
2025-09-28 13:36:09 [INFO]  Save the model in ./checkpoints/Tiny_alpha0.5/local_models/client_0/epoch_20.pth
2025-09-28 13:43:24 [INFO]  Epoch 21 loss: 2849.193859100342; train accuracy: 0.381134033203125; test accuracy: 0.0111
2025-09-28 13:50:42 [INFO]  Epoch 22 loss: 2802.821063041687; train accuracy: 0.389801025390625; test accuracy: 0.0122
2025-09-28 13:57:29 [INFO]  Epoch 23 loss: 2753.591812133789; train accuracy: 0.40789794921875; test accuracy: 0.0132
2025-09-28 14:03:50 [INFO]  Epoch 24 loss: 2686.1267433166504; train accuracy: 0.368316650390625; test accuracy: 0.019
2025-09-28 14:10:11 [INFO]  Epoch 25 loss: 2638.134864807129; train accuracy: 0.4180450439453125; test accuracy: 0.0095
2025-09-28 14:10:11 [INFO]  Save the model in ./checkpoints/Tiny_alpha0.5/local_models/client_0/epoch_25.pth
2025-09-28 14:16:24 [INFO]  Epoch 26 loss: 2563.680618286133; train accuracy: 0.388519287109375; test accuracy: 0.0085
2025-09-28 14:22:06 [INFO]  Epoch 27 loss: 2570.720488548279; train accuracy: 0.3955230712890625; test accuracy: 0.0164
2025-09-28 14:27:33 [INFO]  Epoch 28 loss: 2484.7589840888977; train accuracy: 0.44024658203125; test accuracy: 0.0198
2025-09-28 14:32:11 [INFO]  Epoch 29 loss: 2440.452929019928; train accuracy: 0.4185791015625; test accuracy: 0.0181
2025-09-28 14:36:46 [INFO]  Epoch 30 loss: 2377.406589984894; train accuracy: 0.47857666015625; test accuracy: 0.0098
2025-09-28 14:36:47 [INFO]  Save the model in ./checkpoints/Tiny_alpha0.5/local_models/client_0/epoch_30.pth
2025-09-28 14:41:23 [INFO]  Epoch 31 loss: 2363.109540462494; train accuracy: 0.5186614990234375; test accuracy: 0.0128
2025-09-28 14:45:54 [INFO]  Epoch 32 loss: 2330.461220741272; train accuracy: 0.4503173828125; test accuracy: 0.0126
2025-09-28 14:50:29 [INFO]  Epoch 33 loss: 2266.5439581871033; train accuracy: 0.4649810791015625; test accuracy: 0.0079
2025-09-28 14:55:05 [INFO]  Epoch 34 loss: 2203.4553351402283; train accuracy: 0.440338134765625; test accuracy: 0.0086
2025-09-28 14:59:38 [INFO]  Epoch 35 loss: 2171.524178504944; train accuracy: 0.427215576171875; test accuracy: 0.0093
2025-09-28 14:59:38 [INFO]  Save the model in ./checkpoints/Tiny_alpha0.5/local_models/client_0/epoch_35.pth
2025-09-28 15:04:07 [INFO]  Epoch 36 loss: 2121.7341709136963; train accuracy: 0.4844970703125; test accuracy: 0.0087
2025-09-28 15:08:38 [INFO]  Epoch 37 loss: 2061.4933280944824; train accuracy: 0.5128173828125; test accuracy: 0.0128
2025-09-28 15:13:11 [INFO]  Epoch 38 loss: 2068.8377413749695; train accuracy: 0.502593994140625; test accuracy: 0.0149
2025-09-28 15:17:47 [INFO]  Epoch 39 loss: 1985.7267475128174; train accuracy: 0.4852142333984375; test accuracy: 0.0072
2025-09-28 15:22:18 [INFO]  Epoch 40 loss: 1947.552119731903; train accuracy: 0.4795379638671875; test accuracy: 0.0069
2025-09-28 15:22:19 [INFO]  Save the model in ./checkpoints/Tiny_alpha0.5/local_models/client_0/epoch_40.pth
2025-09-28 15:26:49 [INFO]  Epoch 41 loss: 1893.9380407333374; train accuracy: 0.49249267578125; test accuracy: 0.0085
2025-09-28 15:31:22 [INFO]  Epoch 42 loss: 1911.7670769691467; train accuracy: 0.5506591796875; test accuracy: 0.012
2025-09-28 15:35:58 [INFO]  Epoch 43 loss: 1832.3284831047058; train accuracy: 0.5327301025390625; test accuracy: 0.0075
2025-09-28 15:40:37 [INFO]  Epoch 44 loss: 1804.2644324302673; train accuracy: 0.529754638671875; test accuracy: 0.0076
2025-09-28 15:45:13 [INFO]  Epoch 45 loss: 1815.1753706932068; train accuracy: 0.478607177734375; test accuracy: 0.0146
2025-09-28 15:45:13 [INFO]  Save the model in ./checkpoints/Tiny_alpha0.5/local_models/client_0/epoch_45.pth
2025-09-28 15:49:40 [INFO]  Epoch 46 loss: 1718.3447852134705; train accuracy: 0.5567626953125; test accuracy: 0.0087
2025-09-28 15:54:09 [INFO]  Epoch 47 loss: 1659.2396125793457; train accuracy: 0.51641845703125; test accuracy: 0.0071
2025-09-28 15:58:35 [INFO]  Epoch 48 loss: 1611.13223361969; train accuracy: 0.5562744140625; test accuracy: 0.0078
2025-09-28 16:03:00 [INFO]  Epoch 49 loss: 1629.0927062034607; train accuracy: 0.5439910888671875; test accuracy: 0.0098
2025-09-28 16:03:00 [INFO]  Client 0 Finish Local Training--------|
2025-09-28 16:03:00 [INFO]  Client 0 Collecting Local Prototypes--------|
2025-09-28 16:03:00 [INFO]  Client 1 Starts Local Trainning--------|
2025-09-28 16:09:40 [INFO]  Epoch 0 loss: 5861.633644104004; train accuracy: 0.016931668133802816; test accuracy: 0.0
2025-09-28 16:09:40 [INFO]  Save the model in ./checkpoints/Tiny_alpha0.5/local_models/client_1/epoch_0.pth
2025-09-28 16:14:36 [INFO]  Epoch 1 loss: 5362.106197357178; train accuracy: 0.04140074823943662; test accuracy: 0.0
2025-09-28 16:19:32 [INFO]  Epoch 2 loss: 5057.773927688599; train accuracy: 0.07016120158450705; test accuracy: 0.0
2025-09-28 16:24:32 [INFO]  Epoch 3 loss: 4856.414365768433; train accuracy: 0.11622469190140845; test accuracy: 0.0
2025-09-28 16:29:35 [INFO]  Epoch 4 loss: 4650.834309577942; train accuracy: 0.17099471830985916; test accuracy: 0.0
2025-09-28 16:34:33 [INFO]  Epoch 5 loss: 4504.24538898468; train accuracy: 0.15305897887323944; test accuracy: 0.0
2025-09-28 16:34:34 [INFO]  Save the model in ./checkpoints/Tiny_alpha0.5/local_models/client_1/epoch_5.pth
2025-09-28 16:39:42 [INFO]  Epoch 6 loss: 4387.005179405212; train accuracy: 0.20516065140845072; test accuracy: 0.0
2025-09-28 16:44:47 [INFO]  Epoch 7 loss: 4274.448547363281; train accuracy: 0.1969630281690141; test accuracy: 0.0
2025-09-28 16:49:56 [INFO]  Epoch 8 loss: 4132.639404296875; train accuracy: 0.24182988556338028; test accuracy: 0.0
2025-09-28 16:55:05 [INFO]  Epoch 9 loss: 4021.468141555786; train accuracy: 0.25044014084507044; test accuracy: 0.0
2025-09-28 17:00:26 [INFO]  Epoch 10 loss: 3946.762822151184; train accuracy: 0.23433373679577466; test accuracy: 0.0
2025-09-28 17:00:26 [INFO]  Save the model in ./checkpoints/Tiny_alpha0.5/local_models/client_1/epoch_10.pth
2025-09-28 17:07:40 [INFO]  Epoch 11 loss: 3858.465786933899; train accuracy: 0.30811234595070425; test accuracy: 0.0
2025-09-28 17:14:27 [INFO]  Epoch 12 loss: 3791.6755561828613; train accuracy: 0.30459121919014087; test accuracy: 0.0
2025-09-28 17:21:44 [INFO]  Epoch 13 loss: 3692.651189804077; train accuracy: 0.28997029049295775; test accuracy: 0.0
2025-09-28 17:29:06 [INFO]  Epoch 14 loss: 3623.249472618103; train accuracy: 0.3109319982394366; test accuracy: 0.0
2025-09-28 17:36:31 [INFO]  Epoch 15 loss: 3544.6627912521362; train accuracy: 0.32963798415492956; test accuracy: 0.0
2025-09-28 17:36:31 [INFO]  Save the model in ./checkpoints/Tiny_alpha0.5/local_models/client_1/epoch_15.pth
2025-09-28 17:43:56 [INFO]  Epoch 16 loss: 3470.4002723693848; train accuracy: 0.2811124559859155; test accuracy: 0.0
2025-09-28 17:51:11 [INFO]  Epoch 17 loss: 3395.246989250183; train accuracy: 0.3567754181338028; test accuracy: 0.0
2025-09-28 17:58:28 [INFO]  Epoch 18 loss: 3309.832100868225; train accuracy: 0.3388671875; test accuracy: 0.0
2025-09-28 18:05:03 [INFO]  Epoch 19 loss: 3248.4755067825317; train accuracy: 0.3778196522887324; test accuracy: 0.0
2025-09-28 18:11:41 [INFO]  Epoch 20 loss: 3217.062523841858; train accuracy: 0.393004511443662; test accuracy: 0.0
2025-09-28 18:11:42 [INFO]  Save the model in ./checkpoints/Tiny_alpha0.5/local_models/client_1/epoch_20.pth
2025-09-28 18:18:21 [INFO]  Epoch 21 loss: 3167.023874282837; train accuracy: 0.4111053036971831; test accuracy: 0.0
2025-09-28 18:24:55 [INFO]  Epoch 22 loss: 3072.3751192092896; train accuracy: 0.41421379841549294; test accuracy: 0.0
2025-09-28 18:30:11 [INFO]  Epoch 23 loss: 3002.4218969345093; train accuracy: 0.37842484595070425; test accuracy: 0.0
2025-09-28 18:35:31 [INFO]  Epoch 24 loss: 2999.609972000122; train accuracy: 0.4114904269366197; test accuracy: 0.0
2025-09-28 18:40:44 [INFO]  Epoch 25 loss: 2914.243734359741; train accuracy: 0.4135398327464789; test accuracy: 0.0
2025-09-28 18:40:45 [INFO]  Save the model in ./checkpoints/Tiny_alpha0.5/local_models/client_1/epoch_25.pth
2025-09-28 18:45:54 [INFO]  Epoch 26 loss: 2891.189573287964; train accuracy: 0.4040492957746479; test accuracy: 0.0
2025-09-28 18:51:07 [INFO]  Epoch 27 loss: 2799.3310546875; train accuracy: 0.4459314480633803; test accuracy: 0.0
2025-09-28 18:56:24 [INFO]  Epoch 28 loss: 2734.7201409339905; train accuracy: 0.45590338908450706; test accuracy: 0.0
2025-09-28 19:01:42 [INFO]  Epoch 29 loss: 2690.717499256134; train accuracy: 0.4284771126760563; test accuracy: 0.0
2025-09-28 19:07:15 [INFO]  Epoch 30 loss: 2642.0608491897583; train accuracy: 0.4310216769366197; test accuracy: 0.0
2025-09-28 19:07:16 [INFO]  Save the model in ./checkpoints/Tiny_alpha0.5/local_models/client_1/epoch_30.pth
2025-09-28 19:13:00 [INFO]  Epoch 31 loss: 2592.7413659095764; train accuracy: 0.4227965448943662; test accuracy: 0.0
2025-09-28 19:18:46 [INFO]  Epoch 32 loss: 2566.335713863373; train accuracy: 0.4604698503521127; test accuracy: 0.0
2025-09-28 19:24:26 [INFO]  Epoch 33 loss: 2497.769922733307; train accuracy: 0.45481679137323944; test accuracy: 0.0
2025-09-28 19:29:39 [INFO]  Epoch 34 loss: 2491.0856528282166; train accuracy: 0.4654489436619718; test accuracy: 0.0
2025-09-28 19:33:50 [INFO]  Epoch 35 loss: 2401.5600419044495; train accuracy: 0.46533890845070425; test accuracy: 0.0
2025-09-28 19:33:50 [INFO]  Save the model in ./checkpoints/Tiny_alpha0.5/local_models/client_1/epoch_35.pth
2025-09-28 19:38:04 [INFO]  Epoch 36 loss: 2361.013728618622; train accuracy: 0.5087340448943662; test accuracy: 0.0
2025-09-28 19:42:13 [INFO]  Epoch 37 loss: 2281.66620016098; train accuracy: 0.5536834286971831; test accuracy: 0.0
2025-09-28 19:46:48 [INFO]  Epoch 38 loss: 2254.0390634536743; train accuracy: 0.4857366857394366; test accuracy: 0.0
2025-09-28 19:51:32 [INFO]  Epoch 39 loss: 2265.7079181671143; train accuracy: 0.5616334727112676; test accuracy: 0.0
2025-09-28 19:55:57 [INFO]  Epoch 40 loss: 2159.178499698639; train accuracy: 0.5273987676056338; test accuracy: 0.0
2025-09-28 19:55:58 [INFO]  Save the model in ./checkpoints/Tiny_alpha0.5/local_models/client_1/epoch_40.pth
2025-09-28 19:59:57 [INFO]  Epoch 41 loss: 2148.5037746429443; train accuracy: 0.4626980633802817; test accuracy: 0.0
2025-09-28 20:03:52 [INFO]  Epoch 42 loss: 2051.14236164093; train accuracy: 0.5365454445422535; test accuracy: 0.0
2025-09-28 20:07:48 [INFO]  Epoch 43 loss: 2070.9926714897156; train accuracy: 0.5281002420774648; test accuracy: 0.0
2025-09-28 20:11:39 [INFO]  Epoch 44 loss: 1973.4624118804932; train accuracy: 0.5698723591549296; test accuracy: 0.0
2025-09-28 20:15:31 [INFO]  Epoch 45 loss: 1950.4755744934082; train accuracy: 0.5738748899647887; test accuracy: 0.0
2025-09-28 20:15:32 [INFO]  Save the model in ./checkpoints/Tiny_alpha0.5/local_models/client_1/epoch_45.pth
2025-09-28 20:19:21 [INFO]  Epoch 46 loss: 1893.2778987884521; train accuracy: 0.5052129181338029; test accuracy: 0.0
2025-09-28 20:23:05 [INFO]  Epoch 47 loss: 1868.1762380599976; train accuracy: 0.5739161531690141; test accuracy: 0.0
2025-09-28 20:26:50 [INFO]  Epoch 48 loss: 1802.1618795394897; train accuracy: 0.5977387764084507; test accuracy: 0.0
2025-09-28 20:30:33 [INFO]  Epoch 49 loss: 1745.053388118744; train accuracy: 0.5551001320422535; test accuracy: 0.0
2025-09-28 20:30:33 [INFO]  Client 1 Finish Local Training--------|
2025-09-28 20:30:33 [INFO]  Client 1 Collecting Local Prototypes--------|
2025-09-28 20:30:33 [INFO]  Client 2 Starts Local Trainning--------|
2025-09-28 20:36:04 [INFO]  Epoch 0 loss: 5910.06397819519; train accuracy: 0.033121175699300696; test accuracy: 0.0
2025-09-28 20:36:05 [INFO]  Save the model in ./checkpoints/Tiny_alpha0.5/local_models/client_2/epoch_0.pth
2025-09-28 20:39:47 [INFO]  Epoch 1 loss: 5403.914323806763; train accuracy: 0.06662478146853147; test accuracy: 0.0
2025-09-28 20:43:36 [INFO]  Epoch 2 loss: 5137.186611175537; train accuracy: 0.08285074300699301; test accuracy: 0.0018
2025-09-28 20:47:41 [INFO]  Epoch 3 loss: 4917.107423782349; train accuracy: 0.1188947770979021; test accuracy: 0.0047
2025-09-28 20:51:56 [INFO]  Epoch 4 loss: 4714.301898956299; train accuracy: 0.1169416520979021; test accuracy: 0.0022
2025-09-28 20:56:19 [INFO]  Epoch 5 loss: 4551.25380897522; train accuracy: 0.13895869755244755; test accuracy: 0.0016
2025-09-28 20:56:19 [INFO]  Save the model in ./checkpoints/Tiny_alpha0.5/local_models/client_2/epoch_5.pth
2025-09-28 21:00:43 [INFO]  Epoch 6 loss: 4402.223495483398; train accuracy: 0.11517974213286714; test accuracy: 0.0011
2025-09-28 21:05:07 [INFO]  Epoch 7 loss: 4271.462159156799; train accuracy: 0.22622104458041958; test accuracy: 0.0004
2025-09-28 21:09:35 [INFO]  Epoch 8 loss: 4186.064841270447; train accuracy: 0.2231479458041958; test accuracy: 0.0012
2025-09-28 21:14:01 [INFO]  Epoch 9 loss: 4099.391989707947; train accuracy: 0.20220989947552448; test accuracy: 0.001
2025-09-28 21:18:27 [INFO]  Epoch 10 loss: 4002.8063249588013; train accuracy: 0.20675808566433568; test accuracy: 0.001
2025-09-28 21:18:27 [INFO]  Save the model in ./checkpoints/Tiny_alpha0.5/local_models/client_2/epoch_10.pth
2025-09-28 21:22:51 [INFO]  Epoch 11 loss: 3898.6294326782227; train accuracy: 0.2635762674825175; test accuracy: 0.0026
2025-09-28 21:27:15 [INFO]  Epoch 12 loss: 3780.356400489807; train accuracy: 0.29153463723776224; test accuracy: 0.0024
2025-09-28 21:31:37 [INFO]  Epoch 13 loss: 3713.7008752822876; train accuracy: 0.2852245410839161; test accuracy: 0.011
2025-09-28 21:35:58 [INFO]  Epoch 14 loss: 3670.14266204834; train accuracy: 0.2729594624125874; test accuracy: 0.0026
2025-09-28 21:40:20 [INFO]  Epoch 15 loss: 3597.8730792999268; train accuracy: 0.33463996940559443; test accuracy: 0.0053
2025-09-28 21:40:21 [INFO]  Save the model in ./checkpoints/Tiny_alpha0.5/local_models/client_2/epoch_15.pth
2025-09-28 21:44:43 [INFO]  Epoch 16 loss: 3508.079195022583; train accuracy: 0.32147344842657344; test accuracy: 0.0036
2025-09-28 21:49:06 [INFO]  Epoch 17 loss: 3447.185085296631; train accuracy: 0.36619045017482516; test accuracy: 0.0041
2025-09-28 21:53:33 [INFO]  Epoch 18 loss: 3373.4953212738037; train accuracy: 0.39323371940559443; test accuracy: 0.0036
2025-09-28 21:58:06 [INFO]  Epoch 19 loss: 3307.48064994812; train accuracy: 0.42229840472027974; test accuracy: 0.0049
2025-09-28 22:02:38 [INFO]  Epoch 20 loss: 3240.7092142105103; train accuracy: 0.30920836975524474; test accuracy: 0.0137
2025-09-28 22:02:39 [INFO]  Save the model in ./checkpoints/Tiny_alpha0.5/local_models/client_2/epoch_20.pth
2025-09-28 22:07:11 [INFO]  Epoch 21 loss: 3179.236138343811; train accuracy: 0.3654938811188811; test accuracy: 0.0042
2025-09-28 22:11:43 [INFO]  Epoch 22 loss: 3127.3317470550537; train accuracy: 0.395979020979021; test accuracy: 0.0147
2025-09-28 22:16:10 [INFO]  Epoch 23 loss: 3078.8847131729126; train accuracy: 0.4136937281468531; test accuracy: 0.0045
2025-09-28 22:20:35 [INFO]  Epoch 24 loss: 2992.0417556762695; train accuracy: 0.4213150131118881; test accuracy: 0.0037
2025-09-28 22:25:01 [INFO]  Epoch 25 loss: 3005.5826683044434; train accuracy: 0.4536986451048951; test accuracy: 0.0057
2025-09-28 22:25:01 [INFO]  Save the model in ./checkpoints/Tiny_alpha0.5/local_models/client_2/epoch_25.pth
2025-09-28 22:29:23 [INFO]  Epoch 26 loss: 2896.0374250411987; train accuracy: 0.39401223776223776; test accuracy: 0.0036
2025-09-28 22:33:45 [INFO]  Epoch 27 loss: 2843.371894836426; train accuracy: 0.3979458041958042; test accuracy: 0.0087
2025-09-28 22:38:05 [INFO]  Epoch 28 loss: 2786.226625919342; train accuracy: 0.4976781031468531; test accuracy: 0.0099
2025-09-28 22:42:29 [INFO]  Epoch 29 loss: 2756.7477498054504; train accuracy: 0.45251038024475526; test accuracy: 0.0053
2025-09-28 22:46:59 [INFO]  Epoch 30 loss: 2724.05277633667; train accuracy: 0.4873798076923077; test accuracy: 0.0054
2025-09-28 22:46:59 [INFO]  Save the model in ./checkpoints/Tiny_alpha0.5/local_models/client_2/epoch_30.pth
2025-09-28 22:51:27 [INFO]  Epoch 31 loss: 2657.844141483307; train accuracy: 0.46977436625874125; test accuracy: 0.0097
2025-09-28 22:55:49 [INFO]  Epoch 32 loss: 2568.4751205444336; train accuracy: 0.45667613636363635; test accuracy: 0.0054
2025-09-28 23:00:08 [INFO]  Epoch 33 loss: 2540.0778036117554; train accuracy: 0.4749508304195804; test accuracy: 0.0042
2025-09-28 23:04:30 [INFO]  Epoch 34 loss: 2491.03706407547; train accuracy: 0.41735413024475526; test accuracy: 0.0185
2025-09-28 23:08:52 [INFO]  Epoch 35 loss: 2474.726803302765; train accuracy: 0.41597465034965037; test accuracy: 0.0059
2025-09-28 23:08:53 [INFO]  Save the model in ./checkpoints/Tiny_alpha0.5/local_models/client_2/epoch_35.pth
2025-09-28 23:13:17 [INFO]  Epoch 36 loss: 2399.764877796173; train accuracy: 0.4932528409090909; test accuracy: 0.0083
2025-09-28 23:17:42 [INFO]  Epoch 37 loss: 2384.8824467658997; train accuracy: 0.49614838286713286; test accuracy: 0.0031
2025-09-28 23:22:06 [INFO]  Epoch 38 loss: 2323.4254779815674; train accuracy: 0.4703753277972028; test accuracy: 0.0097
2025-09-28 23:26:30 [INFO]  Epoch 39 loss: 2280.0689425468445; train accuracy: 0.471017263986014; test accuracy: 0.0044
2025-09-28 23:30:58 [INFO]  Epoch 40 loss: 2230.837619781494; train accuracy: 0.47698590472027974; test accuracy: 0.0051
2025-09-28 23:30:59 [INFO]  Save the model in ./checkpoints/Tiny_alpha0.5/local_models/client_2/epoch_40.pth
2025-09-28 23:35:26 [INFO]  Epoch 41 loss: 2147.2501611709595; train accuracy: 0.5282588505244755; test accuracy: 0.0164
2025-09-28 23:40:02 [INFO]  Epoch 42 loss: 2166.891757965088; train accuracy: 0.5432145979020979; test accuracy: 0.0064
2025-09-28 23:44:35 [INFO]  Epoch 43 loss: 2048.5340905189514; train accuracy: 0.5107353583916084; test accuracy: 0.0054
2025-09-28 23:48:56 [INFO]  Epoch 44 loss: 2041.9799437522888; train accuracy: 0.5460828234265734; test accuracy: 0.0078
2025-09-28 23:53:19 [INFO]  Epoch 45 loss: 1995.1950669288635; train accuracy: 0.520541958041958; test accuracy: 0.0102
2025-09-28 23:53:19 [INFO]  Save the model in ./checkpoints/Tiny_alpha0.5/local_models/client_2/epoch_45.pth
2025-09-28 23:57:40 [INFO]  Epoch 46 loss: 1966.9600439071655; train accuracy: 0.5323699737762237; test accuracy: 0.0062
2025-09-29 00:02:02 [INFO]  Epoch 47 loss: 1912.502766609192; train accuracy: 0.5852409309440559; test accuracy: 0.0076
2025-09-29 00:06:16 [INFO]  Epoch 48 loss: 1866.795196056366; train accuracy: 0.6243307473776224; test accuracy: 0.007
2025-09-29 00:10:33 [INFO]  Epoch 49 loss: 1803.5234389305115; train accuracy: 0.5522836538461539; test accuracy: 0.0098
2025-09-29 00:10:33 [INFO]  Client 2 Finish Local Training--------|
2025-09-29 00:10:33 [INFO]  Client 2 Collecting Local Prototypes--------|
2025-09-29 00:10:33 [INFO]  Client 3 Starts Local Trainning--------|
2025-09-29 00:16:41 [INFO]  Epoch 0 loss: 5949.214981079102; train accuracy: 0.033250432525951557; test accuracy: 0.0014
2025-09-29 00:16:41 [INFO]  Save the model in ./checkpoints/Tiny_alpha0.5/local_models/client_3/epoch_0.pth
2025-09-29 00:20:53 [INFO]  Epoch 1 loss: 5421.402641296387; train accuracy: 0.05451178633217993; test accuracy: 0.0012
2025-09-29 00:25:06 [INFO]  Epoch 2 loss: 5146.791349411011; train accuracy: 0.12489186851211073; test accuracy: 0.0175
2025-09-29 00:29:20 [INFO]  Epoch 3 loss: 4927.984519004822; train accuracy: 0.12852778979238755; test accuracy: 0.0097
2025-09-29 00:33:34 [INFO]  Epoch 4 loss: 4774.322946548462; train accuracy: 0.11537629757785467; test accuracy: 0.0527
2025-09-29 00:37:50 [INFO]  Epoch 5 loss: 4570.691474914551; train accuracy: 0.12466208910034603; test accuracy: 0.0117
2025-09-29 00:37:50 [INFO]  Save the model in ./checkpoints/Tiny_alpha0.5/local_models/client_3/epoch_5.pth
2025-09-29 00:42:00 [INFO]  Epoch 6 loss: 4445.99658870697; train accuracy: 0.13584018166089964; test accuracy: 0.007
