2026-01-26 13:14:05 [INFO]  Load config from configs/Tiny_alpha0.1.yaml
2026-01-26 13:14:05 [INFO]  config: {'exp_name': 'Tiny_alpha0.1', 'dataset': {'data_name': 'Tiny-ImageNet', 'root_path': '~/datasets/', 'train_batch_size': 256, 'test_batch_size': 256, 'channels': 3, 'num_classes': 200, 'image_size': 64, 'aux_data_name': 'Tiny-ImageNet', 'aux_root_path': '~/datasets/', 'aux_split': 'test'}, 'distribution': {'type': 'dirichlet', 'label_num_per_client': 2, 'alpha': 0.1}, 'client': {'num_clients': 5}, 'server': {'num_rounds': 30, 'frac_clients': 1.0, 'lr': 0.05, 'local_epochs': 5, 'optimizer': 'sgd', 'momentum': 0.9, 'weight_decay': 0.0005, 'loss_name': 'ce', 'model_name': 'resnet18', 'aggregated_by_datasize': True, 'lr_decay_per_round': 0.998}, 'device': 'cuda:0', 'checkpoint': {'save_path': './checkpoints/', 'save_freq': 5, 'result_file': 'CIFAR10_results.yaml'}, 'pretrain': {'lr': 0.01, 'epoch': 70, 'model_path': './pretrain/', 'momentum': 0.9, 'weight_decay': 0.0001, 'model_name': 'resnet18', 'model_file_name': 'resnet18-f37072fd.pth'}, 'DBCD': {'alpha_l_pa': 1, 'alpha_l_pb': 1, 'alpha_l_pc': 0.0, 'Beta_alpha': 0.2, 'unsup_method': 'infonce', 'contrastive_temperature': 0.5, 'encoder_epoch': 40, 'projector_epoch': 10, 'use_pretrain': False, 'aug_batch_size': 512, 'encoder_lr': 0.03, 'cls_optimizer': 'sgd', 'cls_lr': 0.05, 'supcon_temp': 0.07, 'super_gr': 100, 'aux_with_public': True}, 'etf': {'loss_name': 'ce'}, 'visualization': {'interval': 5, 'save_path': 'visualization/resnet18', 'vis_size': 16}, 'resume': True, 'resume_best': False, 'seed': 1, 'lambda_align_initial': 5.0, 'v9_config': {'use_adaptive_lambda': True, 'lambda_min': 0.1, 'lambda_max': 7.0, 'use_server_optimization': False, 'server_lr': 0.001, 'server_epochs': 20, 'gamma_etf_reg': 0.1}, 'v10_config': {'use_uncertainty_weighting': True, 'sigma_lr': 5e-05}}
2026-01-26 13:14:05 [INFO]  Dataset Tiny-ImageNet loaded
2026-01-26 13:14:05 [INFO]  Dataset index dict loaded from preprocessed_data/Tiny-ImageNet.pt
2026-01-26 13:14:05 [INFO]  Data distribution generated correctly using the corrected dirichlet function.
2026-01-26 13:14:05 [INFO]  Total assigned samples: 100000
2026-01-26 13:14:06 [INFO]  OneshotOursV7 with DRCL (ETF Anchors) and Lambda Annealing
2026-01-26 13:14:08 [INFO]  Initialized ETF fixed anchors with shape: torch.Size([200, 512])
2026-01-26 13:14:08 [INFO]  Round 0 starts--------|
2026-01-26 13:14:08 [INFO]  Client 0 Starts Local Trainning--------|
2026-01-26 13:14:38 [INFO]  Using provided lambda_align_initial: 5.0
2026-01-26 13:16:24 [INFO]  Epoch 0 loss: 1268.9430255889893; train accuracy: 0.06664139978523151; test accuracy: 0.0239
2026-01-26 13:16:24 [INFO]  Save the model in ./checkpoints/Tiny_alpha0.1/local_models/client_0/epoch_0.pth
2026-01-26 13:18:09 [INFO]  Epoch 1 loss: 1173.1158065795898; train accuracy: 0.05836649611521698; test accuracy: 0.0244
2026-01-26 13:19:54 [INFO]  Epoch 2 loss: 1133.4414176940918; train accuracy: 0.10991093424294107; test accuracy: 0.0397
2026-01-26 13:21:38 [INFO]  Epoch 3 loss: 1102.4117069244385; train accuracy: 0.09771966395047692; test accuracy: 0.0422
2026-01-26 13:23:22 [INFO]  Epoch 4 loss: 1078.2893543243408; train accuracy: 0.13972585433642853; test accuracy: 0.045
2026-01-26 13:23:22 [INFO]  Client 1 Starts Local Trainning--------|
2026-01-26 13:24:02 [INFO]  Using provided lambda_align_initial: 5.0
2026-01-26 13:26:07 [INFO]  Epoch 0 loss: 1607.747579574585; train accuracy: 0.045776757188498406; test accuracy: 0.0284
2026-01-26 13:26:08 [INFO]  Save the model in ./checkpoints/Tiny_alpha0.1/local_models/client_1/epoch_0.pth
2026-01-26 13:28:12 [INFO]  Epoch 1 loss: 1480.1525611877441; train accuracy: 0.08112020766773163; test accuracy: 0.0288
2026-01-26 13:30:16 [INFO]  Epoch 2 loss: 1423.944278717041; train accuracy: 0.07767571884984026; test accuracy: 0.0311
2026-01-26 13:32:20 [INFO]  Epoch 3 loss: 1385.7084693908691; train accuracy: 0.13203873801916932; test accuracy: 0.058
2026-01-26 13:34:25 [INFO]  Epoch 4 loss: 1352.6952514648438; train accuracy: 0.1420726837060703; test accuracy: 0.0627
2026-01-26 13:34:25 [INFO]  Client 2 Starts Local Trainning--------|
2026-01-26 13:35:01 [INFO]  Using provided lambda_align_initial: 5.0
2026-01-26 13:36:56 [INFO]  Epoch 0 loss: 1419.8316192626953; train accuracy: 0.05724932249322493; test accuracy: 0.0302
2026-01-26 13:36:57 [INFO]  Save the model in ./checkpoints/Tiny_alpha0.1/local_models/client_2/epoch_0.pth
2026-01-26 13:38:55 [INFO]  Epoch 1 loss: 1311.093011856079; train accuracy: 0.05154697380307136; test accuracy: 0.0297
2026-01-26 13:40:56 [INFO]  Epoch 2 loss: 1265.7765808105469; train accuracy: 0.06633920505871725; test accuracy: 0.0366
2026-01-26 13:42:56 [INFO]  Epoch 3 loss: 1230.629446029663; train accuracy: 0.12025745257452575; test accuracy: 0.0427
2026-01-26 13:44:57 [INFO]  Epoch 4 loss: 1196.4375019073486; train accuracy: 0.133130081300813; test accuracy: 0.0638
2026-01-26 13:44:57 [INFO]  Client 3 Starts Local Trainning--------|
2026-01-26 13:45:48 [INFO]  Using provided lambda_align_initial: 5.0
2026-01-26 13:48:35 [INFO]  Epoch 0 loss: 2000.3772640228271; train accuracy: 0.046502321114134784; test accuracy: 0.03
2026-01-26 13:48:36 [INFO]  Save the model in ./checkpoints/Tiny_alpha0.1/local_models/client_3/epoch_0.pth
2026-01-26 13:51:26 [INFO]  Epoch 1 loss: 1854.0261859893799; train accuracy: 0.0586281415079238; test accuracy: 0.0517
2026-01-26 13:54:13 [INFO]  Epoch 2 loss: 1787.928970336914; train accuracy: 0.07379542180246518; test accuracy: 0.0576
2026-01-26 13:56:57 [INFO]  Epoch 3 loss: 1736.4828872680664; train accuracy: 0.1108932287497999; test accuracy: 0.0693
2026-01-26 13:59:41 [INFO]  Epoch 4 loss: 1696.1947650909424; train accuracy: 0.08584120377781335; test accuracy: 0.0775
2026-01-26 13:59:41 [INFO]  Client 4 Starts Local Trainning--------|
2026-01-26 14:00:24 [INFO]  Using provided lambda_align_initial: 5.0
2026-01-26 14:02:46 [INFO]  Epoch 0 loss: 1715.8837718963623; train accuracy: 0.05182628166254607; test accuracy: 0.0224
2026-01-26 14:02:47 [INFO]  Save the model in ./checkpoints/Tiny_alpha0.1/local_models/client_4/epoch_0.pth
2026-01-26 14:05:10 [INFO]  Epoch 1 loss: 1590.6664543151855; train accuracy: 0.05033353547604609; test accuracy: 0.0368
2026-01-26 14:07:32 [INFO]  Epoch 2 loss: 1538.0768547058105; train accuracy: 0.11148948080421701; test accuracy: 0.0448
2026-01-26 14:09:50 [INFO]  Epoch 3 loss: 1495.3091621398926; train accuracy: 0.1414377011708728; test accuracy: 0.0596
2026-01-26 14:12:03 [INFO]  Epoch 4 loss: 1461.9000644683838; train accuracy: 0.1328077622801698; test accuracy: 0.062
2026-01-26 14:12:03 [INFO]  Round 0 Finish--------|
2026-01-26 14:12:03 [INFO]  Model variance: mean: 0.002214268082752824, sum: 24957.53125
2026-01-26 14:12:03 [INFO]  g_protos_std (global internal): 1.000005
2026-01-26 14:12:03 [INFO]  inter_client_proto_std (cross-client): 0.008770
2026-01-26 14:12:03 [INFO]  g_protos_std (global internal): 1.000005
2026-01-26 14:12:03 [INFO]  inter_client_proto_std (cross-client): 0.008770
2026-01-26 14:12:03 [INFO]  V7 Training | Using Simple Feature-level Server.
2026-01-26 14:12:24 [INFO]  The test accuracy of OursV7+SimpleFeatureServer: 0.0919
2026-01-26 14:12:24 [INFO]  Save config to ./checkpoints/Tiny_alpha0.1/baselines_OursV7+SimpleFeatureServer_CIFAR10_results.yaml
2026-01-26 14:12:24 [INFO]  Round 1 starts--------|
2026-01-26 14:12:24 [INFO]  Client 0 Starts Local Trainning--------|
2026-01-26 14:12:24 [INFO]  Using provided lambda_align_initial: 5.0
2026-01-26 14:14:11 [INFO]  Epoch 5 loss: 1058.6015434265137; train accuracy: 0.15494915040111173; test accuracy: 0.0625
2026-01-26 14:14:11 [INFO]  Save the model in ./checkpoints/Tiny_alpha0.1/local_models/client_0/epoch_5.pth
2026-01-26 14:15:55 [INFO]  Epoch 6 loss: 1038.8273468017578; train accuracy: 0.15646516328722126; test accuracy: 0.0621
2026-01-26 14:17:44 [INFO]  Epoch 7 loss: 1018.7166919708252; train accuracy: 0.1399785231507801; test accuracy: 0.0661
2026-01-26 14:19:31 [INFO]  Epoch 8 loss: 1002.680193901062; train accuracy: 0.18166887751879224; test accuracy: 0.0689
2026-01-26 14:21:19 [INFO]  Epoch 9 loss: 986.8376693725586; train accuracy: 0.23100246352093992; test accuracy: 0.0776
2026-01-26 14:21:19 [INFO]  Client 1 Starts Local Trainning--------|
2026-01-26 14:21:19 [INFO]  Using provided lambda_align_initial: 5.0
2026-01-26 14:23:34 [INFO]  Epoch 5 loss: 1322.2891960144043; train accuracy: 0.1413738019169329; test accuracy: 0.0599
2026-01-26 14:23:34 [INFO]  Save the model in ./checkpoints/Tiny_alpha0.1/local_models/client_1/epoch_5.pth
2026-01-26 14:25:49 [INFO]  Epoch 6 loss: 1297.8311595916748; train accuracy: 0.1477635782747604; test accuracy: 0.0754
2026-01-26 14:28:02 [INFO]  Epoch 7 loss: 1275.2870798110962; train accuracy: 0.21255990415335463; test accuracy: 0.0749
2026-01-26 14:30:13 [INFO]  Epoch 8 loss: 1251.7276401519775; train accuracy: 0.17826477635782748; test accuracy: 0.0767
2026-01-26 14:32:24 [INFO]  Epoch 9 loss: 1230.0085220336914; train accuracy: 0.22508985623003194; test accuracy: 0.0774
2026-01-26 14:32:24 [INFO]  Client 2 Starts Local Trainning--------|
2026-01-26 14:32:24 [INFO]  Using provided lambda_align_initial: 5.0
2026-01-26 14:34:23 [INFO]  Epoch 5 loss: 1169.6216354370117; train accuracy: 0.1200880758807588; test accuracy: 0.0637
2026-01-26 14:34:23 [INFO]  Save the model in ./checkpoints/Tiny_alpha0.1/local_models/client_2/epoch_5.pth
2026-01-26 14:36:21 [INFO]  Epoch 6 loss: 1145.3296537399292; train accuracy: 0.11794263775971094; test accuracy: 0.0605
2026-01-26 14:38:18 [INFO]  Epoch 7 loss: 1122.1830749511719; train accuracy: 0.2319896115627823; test accuracy: 0.0737
2026-01-26 14:40:16 [INFO]  Epoch 8 loss: 1105.3749828338623; train accuracy: 0.2269647696476965; test accuracy: 0.0697
2026-01-26 14:42:14 [INFO]  Epoch 9 loss: 1086.0549669265747; train accuracy: 0.19619467028003612; test accuracy: 0.0732
2026-01-26 14:42:14 [INFO]  Client 3 Starts Local Trainning--------|
2026-01-26 14:42:14 [INFO]  Using provided lambda_align_initial: 5.0
2026-01-26 14:44:59 [INFO]  Epoch 5 loss: 1660.188720703125; train accuracy: 0.16171762445974067; test accuracy: 0.0856
2026-01-26 14:44:59 [INFO]  Save the model in ./checkpoints/Tiny_alpha0.1/local_models/client_3/epoch_5.pth
2026-01-26 14:47:41 [INFO]  Epoch 6 loss: 1629.7143201828003; train accuracy: 0.1601968945093645; test accuracy: 0.0929
2026-01-26 14:50:23 [INFO]  Epoch 7 loss: 1599.2911520004272; train accuracy: 0.15583480070433808; test accuracy: 0.1023
2026-01-26 14:53:05 [INFO]  Epoch 8 loss: 1570.9094305038452; train accuracy: 0.15659516567952617; test accuracy: 0.1045
2026-01-26 14:55:45 [INFO]  Epoch 9 loss: 1546.8333168029785; train accuracy: 0.17532415559468545; test accuracy: 0.1074
2026-01-26 14:55:45 [INFO]  Client 4 Starts Local Trainning--------|
2026-01-26 14:55:45 [INFO]  Using provided lambda_align_initial: 5.0
2026-01-26 14:58:03 [INFO]  Epoch 5 loss: 1427.866216659546; train accuracy: 0.17129262490087233; test accuracy: 0.0754
2026-01-26 14:58:04 [INFO]  Save the model in ./checkpoints/Tiny_alpha0.1/local_models/client_4/epoch_5.pth
2026-01-26 15:00:25 [INFO]  Epoch 6 loss: 1402.3464088439941; train accuracy: 0.19652936511638755; test accuracy: 0.0635
2026-01-26 15:02:47 [INFO]  Epoch 7 loss: 1377.478446006775; train accuracy: 0.21500209917432478; test accuracy: 0.0853
2026-01-26 15:05:06 [INFO]  Epoch 8 loss: 1352.043441772461; train accuracy: 0.20861127956337175; test accuracy: 0.0866
2026-01-26 15:07:28 [INFO]  Epoch 9 loss: 1330.3884172439575; train accuracy: 0.23020945094929327; test accuracy: 0.086
2026-01-26 15:07:28 [INFO]  Round 1 Finish--------|
2026-01-26 15:07:28 [INFO]  Model variance: mean: 0.0031958329491317272, sum: 36020.9765625
2026-01-26 15:07:28 [INFO]  g_protos_std (global internal): 0.996882
2026-01-26 15:07:28 [INFO]  inter_client_proto_std (cross-client): 0.013989
2026-01-26 15:07:28 [INFO]  g_protos_std (global internal): 0.996882
2026-01-26 15:07:28 [INFO]  inter_client_proto_std (cross-client): 0.013989
2026-01-26 15:07:28 [INFO]  V7 Training | Using Simple Feature-level Server.
2026-01-26 15:07:50 [INFO]  The test accuracy of OursV7+SimpleFeatureServer: 0.1523
2026-01-26 15:07:50 [INFO]  Save config to ./checkpoints/Tiny_alpha0.1/baselines_OursV7+SimpleFeatureServer_CIFAR10_results.yaml
2026-01-26 15:07:50 [INFO]  Round 2 starts--------|
2026-01-26 15:07:50 [INFO]  Client 0 Starts Local Trainning--------|
2026-01-26 15:07:50 [INFO]  Using provided lambda_align_initial: 5.0
2026-01-26 15:09:36 [INFO]  Epoch 10 loss: 971.5898818969727; train accuracy: 0.1982818520624092; test accuracy: 0.0639
2026-01-26 15:09:37 [INFO]  Save the model in ./checkpoints/Tiny_alpha0.1/local_models/client_0/epoch_10.pth
2026-01-26 15:11:24 [INFO]  Epoch 11 loss: 959.98317527771; train accuracy: 0.2492577853578422; test accuracy: 0.0874
2026-01-26 15:13:10 [INFO]  Epoch 12 loss: 947.6597366333008; train accuracy: 0.26201756048259744; test accuracy: 0.0725
2026-01-26 15:14:58 [INFO]  Epoch 13 loss: 930.9512853622437; train accuracy: 0.2848840881814162; test accuracy: 0.0959
2026-01-26 15:16:44 [INFO]  Epoch 14 loss: 920.1194095611572; train accuracy: 0.24420440907081042; test accuracy: 0.0862
2026-01-26 15:16:44 [INFO]  Client 1 Starts Local Trainning--------|
2026-01-26 15:16:44 [INFO]  Using provided lambda_align_initial: 5.0
2026-01-26 15:18:55 [INFO]  Epoch 10 loss: 1210.9831972122192; train accuracy: 0.20582068690095848; test accuracy: 0.0844
2026-01-26 15:18:56 [INFO]  Save the model in ./checkpoints/Tiny_alpha0.1/local_models/client_1/epoch_10.pth
2026-01-26 15:21:06 [INFO]  Epoch 11 loss: 1197.2492427825928; train accuracy: 0.2400658945686901; test accuracy: 0.088
2026-01-26 15:23:17 [INFO]  Epoch 12 loss: 1179.5265769958496; train accuracy: 0.27216453674121405; test accuracy: 0.0828
2026-01-26 15:25:30 [INFO]  Epoch 13 loss: 1163.0162191390991; train accuracy: 0.20691892971246006; test accuracy: 0.0968
2026-01-26 15:27:42 [INFO]  Epoch 14 loss: 1146.3337545394897; train accuracy: 0.3342152555910543; test accuracy: 0.1167
2026-01-26 15:27:42 [INFO]  Client 2 Starts Local Trainning--------|
2026-01-26 15:27:42 [INFO]  Using provided lambda_align_initial: 5.0
2026-01-26 15:29:41 [INFO]  Epoch 10 loss: 1071.8878784179688; train accuracy: 0.2511856368563686; test accuracy: 0.0871
2026-01-26 15:29:41 [INFO]  Save the model in ./checkpoints/Tiny_alpha0.1/local_models/client_2/epoch_10.pth
2026-01-26 15:32:51 [INFO]  Epoch 11 loss: 1056.6707801818848; train accuracy: 0.2752371273712737; test accuracy: 0.0809
2026-01-26 15:34:55 [INFO]  Epoch 12 loss: 1042.11470413208; train accuracy: 0.30137759710930445; test accuracy: 0.0879
2026-01-26 15:36:54 [INFO]  Epoch 13 loss: 1029.4438591003418; train accuracy: 0.26648599819331525; test accuracy: 0.092
2026-01-26 15:38:57 [INFO]  Epoch 14 loss: 1015.1938629150391; train accuracy: 0.3288166214995483; test accuracy: 0.1011
2026-01-26 15:38:57 [INFO]  Client 3 Starts Local Trainning--------|
2026-01-26 15:38:57 [INFO]  Using provided lambda_align_initial: 5.0
2026-01-26 15:42:53 [INFO]  Epoch 10 loss: 1521.9500579833984; train accuracy: 0.16928125500240115; test accuracy: 0.1065
2026-01-26 15:42:53 [INFO]  Save the model in ./checkpoints/Tiny_alpha0.1/local_models/client_3/epoch_10.pth
2026-01-26 15:45:34 [INFO]  Epoch 11 loss: 1502.313362121582; train accuracy: 0.15687530014406914; test accuracy: 0.1129
2026-01-26 15:48:16 [INFO]  Epoch 12 loss: 1481.0550413131714; train accuracy: 0.27941411877701294; test accuracy: 0.1308
2026-01-26 15:50:57 [INFO]  Epoch 13 loss: 1465.086986541748; train accuracy: 0.2265887626060509; test accuracy: 0.1381
2026-01-26 15:53:38 [INFO]  Epoch 14 loss: 1445.2797136306763; train accuracy: 0.2919801504722267; test accuracy: 0.1173
2026-01-26 15:53:38 [INFO]  Client 4 Starts Local Trainning--------|
2026-01-26 15:53:38 [INFO]  Using provided lambda_align_initial: 5.0
2026-01-26 15:55:56 [INFO]  Epoch 10 loss: 1312.2087182998657; train accuracy: 0.23282175677566824; test accuracy: 0.0967
2026-01-26 15:55:56 [INFO]  Save the model in ./checkpoints/Tiny_alpha0.1/local_models/client_4/epoch_10.pth
2026-01-26 15:58:17 [INFO]  Epoch 11 loss: 1297.8927211761475; train accuracy: 0.2510146009236367; test accuracy: 0.0892
2026-01-26 16:00:45 [INFO]  Epoch 12 loss: 1280.1968641281128; train accuracy: 0.23207538368241826; test accuracy: 0.1028
2026-01-26 16:03:24 [INFO]  Epoch 13 loss: 1259.9839277267456; train accuracy: 0.24816905350562113; test accuracy: 0.0977
2026-01-26 16:06:07 [INFO]  Epoch 14 loss: 1243.2838172912598; train accuracy: 0.28595419135140177; test accuracy: 0.1112
2026-01-26 16:06:07 [INFO]  Round 2 Finish--------|
2026-01-26 16:06:07 [INFO]  Model variance: mean: 0.003996960818767548, sum: 45050.671875
2026-01-26 16:06:07 [INFO]  g_protos_std (global internal): 0.994148
2026-01-26 16:06:07 [INFO]  inter_client_proto_std (cross-client): 0.018054
2026-01-26 16:06:07 [INFO]  g_protos_std (global internal): 0.994148
2026-01-26 16:06:07 [INFO]  inter_client_proto_std (cross-client): 0.018054
2026-01-26 16:06:07 [INFO]  V7 Training | Using Simple Feature-level Server.
2026-01-26 16:06:29 [INFO]  The test accuracy of OursV7+SimpleFeatureServer: 0.2019
2026-01-26 16:06:29 [INFO]  Save config to ./checkpoints/Tiny_alpha0.1/baselines_OursV7+SimpleFeatureServer_CIFAR10_results.yaml
2026-01-26 16:06:29 [INFO]  Round 3 starts--------|
2026-01-26 16:06:29 [INFO]  Client 0 Starts Local Trainning--------|
2026-01-26 16:06:29 [INFO]  Using provided lambda_align_initial: 5.0
2026-01-26 16:08:31 [INFO]  Epoch 15 loss: 906.9523763656616; train accuracy: 0.2800202135051481; test accuracy: 0.0906
2026-01-26 16:08:31 [INFO]  Save the model in ./checkpoints/Tiny_alpha0.1/local_models/client_0/epoch_15.pth
2026-01-26 16:10:31 [INFO]  Epoch 16 loss: 898.0184144973755; train accuracy: 0.2709241361884909; test accuracy: 0.0988
2026-01-26 16:12:28 [INFO]  Epoch 17 loss: 889.1458597183228; train accuracy: 0.29442233592318867; test accuracy: 0.0956
2026-01-26 16:14:24 [INFO]  Epoch 18 loss: 875.9194078445435; train accuracy: 0.3582843787505527; test accuracy: 0.0974
2026-01-26 16:16:26 [INFO]  Epoch 19 loss: 865.7919006347656; train accuracy: 0.3600530604510138; test accuracy: 0.1134
2026-01-26 16:16:26 [INFO]  Client 1 Starts Local Trainning--------|
2026-01-26 16:16:26 [INFO]  Using provided lambda_align_initial: 5.0
2026-01-26 16:18:50 [INFO]  Epoch 15 loss: 1130.914218902588; train accuracy: 0.2840455271565495; test accuracy: 0.1247
2026-01-26 16:18:50 [INFO]  Save the model in ./checkpoints/Tiny_alpha0.1/local_models/client_1/epoch_15.pth
2026-01-26 16:21:32 [INFO]  Epoch 16 loss: 1121.821904182434; train accuracy: 0.30690894568690097; test accuracy: 0.1164
2026-01-26 16:24:11 [INFO]  Epoch 17 loss: 1104.9221982955933; train accuracy: 0.30526158146964855; test accuracy: 0.1045
2026-01-26 16:26:52 [INFO]  Epoch 18 loss: 1095.033899307251; train accuracy: 0.3617711661341853; test accuracy: 0.131
2026-01-26 16:29:31 [INFO]  Epoch 19 loss: 1078.7316808700562; train accuracy: 0.35083865814696485; test accuracy: 0.1193
2026-01-26 16:29:31 [INFO]  Client 2 Starts Local Trainning--------|
2026-01-26 16:29:31 [INFO]  Using provided lambda_align_initial: 5.0
2026-01-26 16:31:48 [INFO]  Epoch 15 loss: 998.9307699203491; train accuracy: 0.2751242095754291; test accuracy: 0.0911
2026-01-26 16:31:48 [INFO]  Save the model in ./checkpoints/Tiny_alpha0.1/local_models/client_2/epoch_15.pth
2026-01-26 16:34:05 [INFO]  Epoch 16 loss: 991.9113454818726; train accuracy: 0.3376806684733514; test accuracy: 0.1033
2026-01-26 16:36:21 [INFO]  Epoch 17 loss: 974.6106834411621; train accuracy: 0.33807588075880757; test accuracy: 0.1123
2026-01-26 16:38:38 [INFO]  Epoch 18 loss: 963.1784715652466; train accuracy: 0.33113143631436315; test accuracy: 0.1089
2026-01-26 16:40:52 [INFO]  Epoch 19 loss: 953.72278881073; train accuracy: 0.3430442637759711; test accuracy: 0.1056
2026-01-26 16:40:52 [INFO]  Client 3 Starts Local Trainning--------|
2026-01-26 16:40:52 [INFO]  Using provided lambda_align_initial: 5.0
2026-01-26 16:43:57 [INFO]  Epoch 15 loss: 1425.7700157165527; train accuracy: 0.24587802145029614; test accuracy: 0.1367
2026-01-26 16:43:57 [INFO]  Save the model in ./checkpoints/Tiny_alpha0.1/local_models/client_3/epoch_15.pth
2026-01-26 16:47:03 [INFO]  Epoch 16 loss: 1412.658896446228; train accuracy: 0.2680086441491916; test accuracy: 0.1412
2026-01-26 16:50:19 [INFO]  Epoch 17 loss: 1393.865909576416; train accuracy: 0.30622698895469824; test accuracy: 0.1403
2026-01-26 16:53:29 [INFO]  Epoch 18 loss: 1377.3234786987305; train accuracy: 0.3235152873379222; test accuracy: 0.146
2026-01-26 16:56:23 [INFO]  Epoch 19 loss: 1364.9894914627075; train accuracy: 0.3261565551464703; test accuracy: 0.1514
2026-01-26 16:56:23 [INFO]  Client 4 Starts Local Trainning--------|
2026-01-26 16:56:23 [INFO]  Using provided lambda_align_initial: 5.0
2026-01-26 16:58:59 [INFO]  Epoch 15 loss: 1231.0858888626099; train accuracy: 0.328450809348323; test accuracy: 0.118
2026-01-26 16:58:59 [INFO]  Save the model in ./checkpoints/Tiny_alpha0.1/local_models/client_4/epoch_15.pth
2026-01-26 17:02:07 [INFO]  Epoch 16 loss: 1217.0678443908691; train accuracy: 0.2613238792741522; test accuracy: 0.1028
2026-01-26 17:05:13 [INFO]  Epoch 17 loss: 1200.7461557388306; train accuracy: 0.27270606894621446; test accuracy: 0.119
2026-01-26 17:08:19 [INFO]  Epoch 18 loss: 1185.5661087036133; train accuracy: 0.34641041190465083; test accuracy: 0.1118
2026-01-26 17:11:29 [INFO]  Epoch 19 loss: 1174.689757347107; train accuracy: 0.3227130661939637; test accuracy: 0.1263
2026-01-26 17:11:29 [INFO]  Round 3 Finish--------|
2026-01-26 17:11:29 [INFO]  Model variance: mean: 0.004700545687228441, sum: 52980.94140625
2026-01-26 17:11:29 [INFO]  g_protos_std (global internal): 0.991691
2026-01-26 17:11:29 [INFO]  inter_client_proto_std (cross-client): 0.021461
2026-01-26 17:11:29 [INFO]  g_protos_std (global internal): 0.991691
2026-01-26 17:11:29 [INFO]  inter_client_proto_std (cross-client): 0.021461
2026-01-26 17:11:29 [INFO]  V7 Training | Using Simple Feature-level Server.
2026-01-26 17:11:53 [INFO]  The test accuracy of OursV7+SimpleFeatureServer: 0.2298
2026-01-26 17:11:53 [INFO]  Save config to ./checkpoints/Tiny_alpha0.1/baselines_OursV7+SimpleFeatureServer_CIFAR10_results.yaml
2026-01-26 17:11:53 [INFO]  Round 4 starts--------|
2026-01-26 17:11:53 [INFO]  Client 0 Starts Local Trainning--------|
2026-01-26 17:11:53 [INFO]  Using provided lambda_align_initial: 5.0
2026-01-26 17:14:15 [INFO]  Epoch 20 loss: 854.4745960235596; train accuracy: 0.35032531109847764; test accuracy: 0.1146
2026-01-26 17:14:15 [INFO]  Save the model in ./checkpoints/Tiny_alpha0.1/local_models/client_0/epoch_20.pth
2026-01-26 17:16:41 [INFO]  Epoch 21 loss: 846.9379596710205; train accuracy: 0.40641778788453037; test accuracy: 0.1065
2026-01-26 17:19:03 [INFO]  Epoch 22 loss: 838.2278261184692; train accuracy: 0.3610005685048323; test accuracy: 0.1039
2026-01-26 17:21:21 [INFO]  Epoch 23 loss: 832.6653718948364; train accuracy: 0.34211357463205105; test accuracy: 0.1174
2026-01-26 17:23:46 [INFO]  Epoch 24 loss: 820.7585716247559; train accuracy: 0.38456193544311795; test accuracy: 0.1084
2026-01-26 17:23:46 [INFO]  Client 1 Starts Local Trainning--------|
2026-01-26 17:23:46 [INFO]  Using provided lambda_align_initial: 5.0
2026-01-26 17:26:45 [INFO]  Epoch 20 loss: 1066.6815938949585; train accuracy: 0.40050918530351437; test accuracy: 0.1342
2026-01-26 17:26:46 [INFO]  Save the model in ./checkpoints/Tiny_alpha0.1/local_models/client_1/epoch_20.pth
2026-01-26 17:29:43 [INFO]  Epoch 21 loss: 1057.6381845474243; train accuracy: 0.3865814696485623; test accuracy: 0.1195
2026-01-26 17:32:35 [INFO]  Epoch 22 loss: 1047.5862073898315; train accuracy: 0.3746505591054313; test accuracy: 0.1307
2026-01-26 17:35:20 [INFO]  Epoch 23 loss: 1035.108244895935; train accuracy: 0.354732428115016; test accuracy: 0.1195
2026-01-26 17:37:55 [INFO]  Epoch 24 loss: 1024.0549907684326; train accuracy: 0.38703075079872207; test accuracy: 0.1359
2026-01-26 17:37:55 [INFO]  Client 2 Starts Local Trainning--------|
2026-01-26 17:37:55 [INFO]  Using provided lambda_align_initial: 5.0
2026-01-26 17:40:17 [INFO]  Epoch 20 loss: 942.3264436721802; train accuracy: 0.369579945799458; test accuracy: 0.1156
2026-01-26 17:40:17 [INFO]  Save the model in ./checkpoints/Tiny_alpha0.1/local_models/client_2/epoch_20.pth
2026-01-26 17:42:42 [INFO]  Epoch 21 loss: 932.6216630935669; train accuracy: 0.3799683830171635; test accuracy: 0.1046
2026-01-26 17:45:07 [INFO]  Epoch 22 loss: 921.6475667953491; train accuracy: 0.386743450767841; test accuracy: 0.116
2026-01-26 17:47:29 [INFO]  Epoch 23 loss: 912.3705368041992; train accuracy: 0.3960591689250226; test accuracy: 0.1177
2026-01-26 17:49:52 [INFO]  Epoch 24 loss: 902.8278312683105; train accuracy: 0.39600271002710025; test accuracy: 0.1009
2026-01-26 17:49:52 [INFO]  Client 3 Starts Local Trainning--------|
2026-01-26 17:49:52 [INFO]  Using provided lambda_align_initial: 5.0
2026-01-26 17:53:14 [INFO]  Epoch 20 loss: 1343.28369140625; train accuracy: 0.3171122138626541; test accuracy: 0.1512
2026-01-26 17:53:14 [INFO]  Save the model in ./checkpoints/Tiny_alpha0.1/local_models/client_3/epoch_20.pth
2026-01-26 17:56:30 [INFO]  Epoch 21 loss: 1330.504382133484; train accuracy: 0.3196734432527613; test accuracy: 0.1483
2026-01-26 17:59:47 [INFO]  Epoch 22 loss: 1320.2036485671997; train accuracy: 0.35565071234192414; test accuracy: 0.1606
2026-01-26 18:03:08 [INFO]  Epoch 23 loss: 1304.0053339004517; train accuracy: 0.3802225068032656; test accuracy: 0.1655
2026-01-26 18:06:28 [INFO]  Epoch 24 loss: 1291.3423385620117; train accuracy: 0.3718584920761966; test accuracy: 0.1664
2026-01-26 18:06:28 [INFO]  Client 4 Starts Local Trainning--------|
2026-01-26 18:06:28 [INFO]  Using provided lambda_align_initial: 5.0
2026-01-26 18:09:22 [INFO]  Epoch 20 loss: 1159.2324676513672; train accuracy: 0.37043429584363485; test accuracy: 0.1329
2026-01-26 18:09:23 [INFO]  Save the model in ./checkpoints/Tiny_alpha0.1/local_models/client_4/epoch_20.pth
2026-01-26 18:12:10 [INFO]  Epoch 21 loss: 1146.760597229004; train accuracy: 0.4122778373839623; test accuracy: 0.1308
2026-01-26 18:14:55 [INFO]  Epoch 22 loss: 1137.0404453277588; train accuracy: 0.3661892988757755; test accuracy: 0.1404
2026-01-26 18:17:40 [INFO]  Epoch 23 loss: 1124.3198528289795; train accuracy: 0.42715865093063393; test accuracy: 0.1445
2026-01-26 18:20:23 [INFO]  Epoch 24 loss: 1112.7773427963257; train accuracy: 0.38932686476652517; test accuracy: 0.1385
2026-01-26 18:20:23 [INFO]  Round 4 Finish--------|
2026-01-26 18:20:23 [INFO]  Model variance: mean: 0.005329942796379328, sum: 60075.0234375
2026-01-26 18:20:23 [INFO]  g_protos_std (global internal): 0.989478
2026-01-26 18:20:23 [INFO]  inter_client_proto_std (cross-client): 0.024388
2026-01-26 18:20:23 [INFO]  g_protos_std (global internal): 0.989478
2026-01-26 18:20:23 [INFO]  inter_client_proto_std (cross-client): 0.024388
2026-01-26 18:20:23 [INFO]  V7 Training | Using Simple Feature-level Server.
2026-01-26 18:20:44 [INFO]  The test accuracy of OursV7+SimpleFeatureServer: 0.2573
2026-01-26 18:20:44 [INFO]  Save config to ./checkpoints/Tiny_alpha0.1/baselines_OursV7+SimpleFeatureServer_CIFAR10_results.yaml
2026-01-26 18:20:44 [INFO]  Round 5 starts--------|
2026-01-26 18:20:44 [INFO]  Client 0 Starts Local Trainning--------|
2026-01-26 18:20:44 [INFO]  Using provided lambda_align_initial: 5.0
2026-01-26 18:22:48 [INFO]  Epoch 25 loss: 810.6155471801758; train accuracy: 0.38809929884404015; test accuracy: 0.1137
2026-01-26 18:22:48 [INFO]  Save the model in ./checkpoints/Tiny_alpha0.1/local_models/client_0/epoch_25.pth
2026-01-26 18:24:53 [INFO]  Epoch 26 loss: 803.9714879989624; train accuracy: 0.3897416461373255; test accuracy: 0.1241
2026-01-26 18:27:02 [INFO]  Epoch 27 loss: 795.207070350647; train accuracy: 0.4023750868549049; test accuracy: 0.1249
2026-01-26 18:29:11 [INFO]  Epoch 28 loss: 789.7877340316772; train accuracy: 0.4026909228728444; test accuracy: 0.1336
2026-01-26 18:31:17 [INFO]  Epoch 29 loss: 778.7105569839478; train accuracy: 0.405407112627124; test accuracy: 0.126
2026-01-26 18:31:17 [INFO]  Client 1 Starts Local Trainning--------|
2026-01-26 18:31:17 [INFO]  Using provided lambda_align_initial: 5.0
2026-01-26 18:33:51 [INFO]  Epoch 25 loss: 1010.4122724533081; train accuracy: 0.3993610223642173; test accuracy: 0.1306
2026-01-26 18:33:51 [INFO]  Save the model in ./checkpoints/Tiny_alpha0.1/local_models/client_1/epoch_25.pth
2026-01-26 18:36:28 [INFO]  Epoch 26 loss: 1003.2337560653687; train accuracy: 0.3538338658146965; test accuracy: 0.1226
2026-01-26 18:39:05 [INFO]  Epoch 27 loss: 993.9776649475098; train accuracy: 0.4180311501597444; test accuracy: 0.1419
2026-01-26 18:41:41 [INFO]  Epoch 28 loss: 981.2164821624756; train accuracy: 0.40764776357827476; test accuracy: 0.1279
2026-01-26 18:44:18 [INFO]  Epoch 29 loss: 973.7848224639893; train accuracy: 0.3718051118210863; test accuracy: 0.1397
2026-01-26 18:44:18 [INFO]  Client 2 Starts Local Trainning--------|
2026-01-26 18:44:18 [INFO]  Using provided lambda_align_initial: 5.0
2026-01-26 18:46:36 [INFO]  Epoch 25 loss: 889.2820625305176; train accuracy: 0.3724593495934959; test accuracy: 0.1166
2026-01-26 18:46:36 [INFO]  Save the model in ./checkpoints/Tiny_alpha0.1/local_models/client_2/epoch_25.pth
2026-01-26 18:48:55 [INFO]  Epoch 26 loss: 884.1446723937988; train accuracy: 0.4054878048780488; test accuracy: 0.1284
2026-01-26 18:51:11 [INFO]  Epoch 27 loss: 873.8375778198242; train accuracy: 0.3782181571815718; test accuracy: 0.119
2026-01-26 18:53:30 [INFO]  Epoch 28 loss: 861.9080743789673; train accuracy: 0.48989385727190604; test accuracy: 0.1334
2026-01-26 18:55:49 [INFO]  Epoch 29 loss: 855.7666234970093; train accuracy: 0.4225383920505872; test accuracy: 0.1292
2026-01-26 18:55:49 [INFO]  Client 3 Starts Local Trainning--------|
2026-01-26 18:55:49 [INFO]  Using provided lambda_align_initial: 5.0
2026-01-26 18:59:00 [INFO]  Epoch 25 loss: 1274.9872198104858; train accuracy: 0.36381463102289097; test accuracy: 0.1643
2026-01-26 18:59:01 [INFO]  Save the model in ./checkpoints/Tiny_alpha0.1/local_models/client_3/epoch_25.pth
2026-01-26 19:02:13 [INFO]  Epoch 26 loss: 1264.052212715149; train accuracy: 0.37958219945573873; test accuracy: 0.1682
2026-01-26 19:05:26 [INFO]  Epoch 27 loss: 1249.2969179153442; train accuracy: 0.4469345285737154; test accuracy: 0.1736
2026-01-26 19:08:37 [INFO]  Epoch 28 loss: 1238.483470916748; train accuracy: 0.31210981271010085; test accuracy: 0.1738
2026-01-26 19:11:50 [INFO]  Epoch 29 loss: 1224.4946947097778; train accuracy: 0.42064190811589564; test accuracy: 0.1668
2026-01-26 19:11:50 [INFO]  Client 4 Starts Local Trainning--------|
2026-01-26 19:11:50 [INFO]  Using provided lambda_align_initial: 5.0
2026-01-26 19:14:32 [INFO]  Epoch 25 loss: 1098.7220344543457; train accuracy: 0.4154499230302748; test accuracy: 0.1326
2026-01-26 19:14:32 [INFO]  Save the model in ./checkpoints/Tiny_alpha0.1/local_models/client_4/epoch_25.pth
2026-01-26 19:17:14 [INFO]  Epoch 26 loss: 1089.6892557144165; train accuracy: 0.3971171339273219; test accuracy: 0.1343
2026-01-26 19:19:58 [INFO]  Epoch 27 loss: 1080.6616296768188; train accuracy: 0.4150767364836498; test accuracy: 0.145
2026-01-26 19:22:42 [INFO]  Epoch 28 loss: 1069.5328798294067; train accuracy: 0.38867378830993143; test accuracy: 0.1479
2026-01-26 19:25:29 [INFO]  Epoch 29 loss: 1058.0879859924316; train accuracy: 0.46083873676353965; test accuracy: 0.1445
2026-01-26 19:25:29 [INFO]  Round 5 Finish--------|
2026-01-26 19:25:29 [INFO]  Model variance: mean: 0.0059105707332491875, sum: 66619.4140625
2026-01-26 19:25:29 [INFO]  g_protos_std (global internal): 0.987457
2026-01-26 19:25:29 [INFO]  inter_client_proto_std (cross-client): 0.026978
2026-01-26 19:25:29 [INFO]  g_protos_std (global internal): 0.987457
2026-01-26 19:25:29 [INFO]  inter_client_proto_std (cross-client): 0.026978
2026-01-26 19:25:29 [INFO]  V7 Training | Using Simple Feature-level Server.
2026-01-26 19:25:51 [INFO]  The test accuracy of OursV7+SimpleFeatureServer: 0.2891
2026-01-26 19:25:51 [INFO]  Save config to ./checkpoints/Tiny_alpha0.1/baselines_OursV7+SimpleFeatureServer_CIFAR10_results.yaml
2026-01-26 19:25:51 [INFO]  Round 6 starts--------|
2026-01-26 19:25:51 [INFO]  Client 0 Starts Local Trainning--------|
2026-01-26 19:25:51 [INFO]  Using provided lambda_align_initial: 5.0
2026-01-26 19:28:02 [INFO]  Epoch 30 loss: 768.9480838775635; train accuracy: 0.4393910681574127; test accuracy: 0.1269
2026-01-26 19:28:03 [INFO]  Save the model in ./checkpoints/Tiny_alpha0.1/local_models/client_0/epoch_30.pth
2026-01-26 19:30:16 [INFO]  Epoch 31 loss: 764.838080406189; train accuracy: 0.42675762743983325; test accuracy: 0.1307
2026-01-26 19:32:29 [INFO]  Epoch 32 loss: 759.642128944397; train accuracy: 0.42656812582906956; test accuracy: 0.1248
2026-01-26 19:34:41 [INFO]  Epoch 33 loss: 750.5760526657104; train accuracy: 0.43136883330174974; test accuracy: 0.1278
2026-01-26 19:36:54 [INFO]  Epoch 34 loss: 744.6281175613403; train accuracy: 0.4163982060514181; test accuracy: 0.1348
2026-01-26 19:36:54 [INFO]  Client 1 Starts Local Trainning--------|
2026-01-26 19:36:54 [INFO]  Using provided lambda_align_initial: 5.0
2026-01-26 19:39:40 [INFO]  Epoch 30 loss: 960.1656513214111; train accuracy: 0.44034544728434505; test accuracy: 0.151
2026-01-26 19:39:41 [INFO]  Save the model in ./checkpoints/Tiny_alpha0.1/local_models/client_1/epoch_30.pth
2026-01-26 19:42:36 [INFO]  Epoch 31 loss: 954.1707763671875; train accuracy: 0.4638578274760383; test accuracy: 0.1438
2026-01-26 19:45:34 [INFO]  Epoch 32 loss: 945.554895401001; train accuracy: 0.4682507987220447; test accuracy: 0.1368
2026-01-26 19:48:35 [INFO]  Epoch 33 loss: 938.2664947509766; train accuracy: 0.4200279552715655; test accuracy: 0.1344
2026-01-26 19:51:32 [INFO]  Epoch 34 loss: 926.1411581039429; train accuracy: 0.444788338658147; test accuracy: 0.1326
2026-01-26 19:51:32 [INFO]  Client 2 Starts Local Trainning--------|
2026-01-26 19:51:32 [INFO]  Using provided lambda_align_initial: 5.0
2026-01-26 19:54:11 [INFO]  Epoch 30 loss: 845.4756593704224; train accuracy: 0.5094286359530262; test accuracy: 0.1351
2026-01-26 19:54:11 [INFO]  Save the model in ./checkpoints/Tiny_alpha0.1/local_models/client_2/epoch_30.pth
2026-01-26 19:56:50 [INFO]  Epoch 31 loss: 836.6942481994629; train accuracy: 0.4272244805781391; test accuracy: 0.1212
2026-01-26 19:59:26 [INFO]  Epoch 32 loss: 829.8802919387817; train accuracy: 0.49220867208672087; test accuracy: 0.137
2026-01-26 20:01:58 [INFO]  Epoch 33 loss: 822.5779609680176; train accuracy: 0.4874096657633243; test accuracy: 0.1386
2026-01-26 20:04:28 [INFO]  Epoch 34 loss: 813.1927309036255; train accuracy: 0.502710027100271; test accuracy: 0.1367
2026-01-26 20:04:28 [INFO]  Client 3 Starts Local Trainning--------|
2026-01-26 20:04:28 [INFO]  Using provided lambda_align_initial: 5.0
2026-01-26 20:08:00 [INFO]  Epoch 30 loss: 1210.3232231140137; train accuracy: 0.37522010565071234; test accuracy: 0.1602
2026-01-26 20:08:00 [INFO]  Save the model in ./checkpoints/Tiny_alpha0.1/local_models/client_3/epoch_30.pth
2026-01-26 20:11:31 [INFO]  Epoch 31 loss: 1201.4809246063232; train accuracy: 0.503201536737634; test accuracy: 0.1783
2026-01-26 20:15:01 [INFO]  Epoch 32 loss: 1188.7876386642456; train accuracy: 0.42836561549543783; test accuracy: 0.1811
2026-01-26 20:18:34 [INFO]  Epoch 33 loss: 1176.3909511566162; train accuracy: 0.506202977429166; test accuracy: 0.1805
2026-01-26 20:22:05 [INFO]  Epoch 34 loss: 1168.316149711609; train accuracy: 0.4638226348647351; test accuracy: 0.1749
2026-01-26 20:22:05 [INFO]  Client 4 Starts Local Trainning--------|
2026-01-26 20:22:05 [INFO]  Using provided lambda_align_initial: 5.0
2026-01-26 20:25:02 [INFO]  Epoch 30 loss: 1045.819679260254; train accuracy: 0.37953071791761905; test accuracy: 0.1281
2026-01-26 20:25:03 [INFO]  Save the model in ./checkpoints/Tiny_alpha0.1/local_models/client_4/epoch_30.pth
2026-01-26 20:28:04 [INFO]  Epoch 31 loss: 1037.368691444397; train accuracy: 0.4253393665158371; test accuracy: 0.1484
