2025-10-29 20:37:19 [INFO]  Load config from ./configs/CIFAR100_alpha0.05.yaml
2025-10-29 20:37:19 [INFO]  config: {'exp_name': 'CIFAR100_alpha0.05', 'dataset': {'data_name': 'CIFAR100', 'root_path': 'H:/codes/dataset', 'train_batch_size': 512, 'test_batch_size': 256, 'channels': 3, 'num_classes': 100, 'image_size': 32}, 'distribution': {'type': 'dirichlet', 'label_num_per_client': 2, 'alpha': 0.05}, 'client': {'num_clients': 5}, 'server': {'num_rounds': 10, 'frac_clients': 1.0, 'lr': 0.05, 'local_epochs': 10, 'optimizer': 'sgd', 'momentum': 0.9, 'weight_decay': 0.0001, 'loss_name': 'ce', 'model_name': 'resnet18', 'aggregated_by_datasize': True, 'lr_decay_per_round': 0.998}, 'device': 'cuda:0', 'checkpoint': {'save_path': './checkpoints/', 'save_freq': 5, 'result_file': 'CIFAR10_results.yaml'}, 'pretrain': {'lr': 0.01, 'epoch': 70, 'model_path': './pretrain/', 'momentum': 0.9, 'weight_decay': 0.0001, 'model_name': 'resnet18', 'model_file_name': 'resnet18-f37072fd.pth'}, 'DBCD': {'alpha_l_pa': 1, 'alpha_l_pb': 1, 'alpha_l_pc': 0.0, 'Beta_alpha': 0.2, 'unsup_method': 'infonce', 'contrastive_temperature': 0.5, 'encoder_epoch': 40, 'projector_epoch': 10, 'use_pretrain': False, 'aug_batch_size': 512, 'encoder_lr': 0.03, 'cls_optimizer': 'sgd', 'cls_lr': 0.05, 'supcon_temp': 0.07, 'super_gr': 100, 'aux_with_public': True}, 'etf': {'loss_name': 'ce'}, 'visualization': {'interval': 5, 'save_path': 'visualization/resnet18', 'vis_size': 16}, 'resume': True, 'resume_best': False, 'seed': 1, 'lambda_align_initial': 20.0, 'v9_config': {'use_adaptive_lambda': True, 'lambda_min': 0.1, 'lambda_max': 20.0, 'use_server_optimization': False, 'server_lr': 0.001, 'server_epochs': 20, 'gamma_etf_reg': 0.1}, 'v10_config': {'use_uncertainty_weighting': True, 'sigma_lr': 0.0001}}
2025-10-29 20:37:21 [INFO]  Dataset CIFAR100 loaded
2025-10-29 20:37:21 [INFO]  Dataset index dict loaded from preprocessed_data/CIFAR100.pt
2025-10-29 20:37:21 [INFO]  Data distribution generated correctly using the corrected dirichlet function.
2025-10-29 20:37:21 [INFO]  Total assigned samples: 50000
2025-10-29 20:37:21 [INFO]  OneshotOurs
2025-10-29 20:37:21 [INFO]  Round 0 starts--------|
2025-10-29 20:37:21 [INFO]  Client 0 Starts Local Trainning--------|
2025-10-29 20:37:28 [INFO]  generating sample per sample
2025-10-29 20:37:46 [INFO]  Epoch 0 loss: 253.1600522994995; train accuracy: 0.12798424809254247; test accuracy: 0.0246
2025-10-29 20:37:46 [INFO]  Save the model in ./checkpoints/CIFAR100_alpha0.05/local_models/client_0/epoch_0.pth
2025-10-29 20:38:03 [INFO]  Epoch 1 loss: 213.03203964233398; train accuracy: 0.11912380014767414; test accuracy: 0.0189
2025-10-29 20:38:20 [INFO]  Epoch 2 loss: 203.87575721740723; train accuracy: 0.14804331774550825; test accuracy: 0.028
2025-10-29 20:38:37 [INFO]  Epoch 3 loss: 198.04963493347168; train accuracy: 0.20022151119862172; test accuracy: 0.0331
2025-10-29 20:38:54 [INFO]  Epoch 4 loss: 199.1526346206665; train accuracy: 0.16244154565591928; test accuracy: 0.029
2025-10-29 20:39:13 [INFO]  Epoch 5 loss: 194.99862957000732; train accuracy: 0.1919763721388137; test accuracy: 0.0344
2025-10-29 20:39:13 [INFO]  Save the model in ./checkpoints/CIFAR100_alpha0.05/local_models/client_0/epoch_5.pth
2025-10-29 20:39:30 [INFO]  Epoch 6 loss: 190.43572425842285; train accuracy: 0.17647058823529413; test accuracy: 0.0341
2025-10-29 20:39:47 [INFO]  Epoch 7 loss: 188.06239700317383; train accuracy: 0.21732709820329807; test accuracy: 0.0416
2025-10-29 20:40:03 [INFO]  Epoch 8 loss: 184.1773557662964; train accuracy: 0.24883091311838543; test accuracy: 0.045
2025-10-29 20:40:21 [INFO]  Epoch 9 loss: 184.94896793365479; train accuracy: 0.20452867339404382; test accuracy: 0.0382
2025-10-29 20:40:21 [INFO]  Client 0 Finish Local Training--------|
2025-10-29 20:40:21 [INFO]  Client 0 Collecting Local Prototypes--------|
2025-10-29 20:40:21 [INFO]  Client 1 Starts Local Trainning--------|
2025-10-29 20:40:29 [INFO]  generating sample per sample
2025-10-29 20:40:47 [INFO]  Epoch 0 loss: 285.9018802642822; train accuracy: 0.13741125068268706; test accuracy: 0.0265
2025-10-29 20:40:47 [INFO]  Save the model in ./checkpoints/CIFAR100_alpha0.05/local_models/client_1/epoch_0.pth
2025-10-29 20:41:07 [INFO]  Epoch 1 loss: 247.1254301071167; train accuracy: 0.15685417804478427; test accuracy: 0.0308
2025-10-29 20:41:27 [INFO]  Epoch 2 loss: 236.01635551452637; train accuracy: 0.18885854724194429; test accuracy: 0.0365
2025-10-29 20:41:45 [INFO]  Epoch 3 loss: 226.4371166229248; train accuracy: 0.18121245221190607; test accuracy: 0.0354
2025-10-29 20:42:03 [INFO]  Epoch 4 loss: 229.09633922576904; train accuracy: 0.1884216275259421; test accuracy: 0.0348
2025-10-29 20:42:22 [INFO]  Epoch 5 loss: 222.54987144470215; train accuracy: 0.159803386127799; test accuracy: 0.0322
2025-10-29 20:42:23 [INFO]  Save the model in ./checkpoints/CIFAR100_alpha0.05/local_models/client_1/epoch_5.pth
2025-10-29 20:42:41 [INFO]  Epoch 6 loss: 224.72727870941162; train accuracy: 0.22763517203713818; test accuracy: 0.0459
2025-10-29 20:43:01 [INFO]  Epoch 7 loss: 222.0474672317505; train accuracy: 0.1941015838339705; test accuracy: 0.0389
2025-10-29 20:43:19 [INFO]  Epoch 8 loss: 217.2643928527832; train accuracy: 0.17291097760786456; test accuracy: 0.0307
2025-10-29 20:43:37 [INFO]  Epoch 9 loss: 218.29218292236328; train accuracy: 0.18383397050791916; test accuracy: 0.0396
2025-10-29 20:43:37 [INFO]  Client 1 Finish Local Training--------|
2025-10-29 20:43:37 [INFO]  Client 1 Collecting Local Prototypes--------|
2025-10-29 20:43:37 [INFO]  Client 2 Starts Local Trainning--------|
2025-10-29 20:43:47 [INFO]  generating sample per sample
2025-10-29 20:44:10 [INFO]  Epoch 0 loss: 351.1394577026367; train accuracy: 0.11454334434425498; test accuracy: 0.0272
2025-10-29 20:44:10 [INFO]  Save the model in ./checkpoints/CIFAR100_alpha0.05/local_models/client_2/epoch_0.pth
2025-10-29 20:44:31 [INFO]  Epoch 1 loss: 303.6599454879761; train accuracy: 0.10963306847602892; test accuracy: 0.0253
2025-10-29 20:44:53 [INFO]  Epoch 2 loss: 284.99488162994385; train accuracy: 0.1866797607356486; test accuracy: 0.0418
2025-10-29 20:45:15 [INFO]  Epoch 3 loss: 272.5098342895508; train accuracy: 0.1990893670208017; test accuracy: 0.0464
2025-10-29 20:45:38 [INFO]  Epoch 4 loss: 270.1157388687134; train accuracy: 0.19739308990268725; test accuracy: 0.0474
2025-10-29 20:46:01 [INFO]  Epoch 5 loss: 269.5611391067505; train accuracy: 0.1847156503883582; test accuracy: 0.0422
2025-10-29 20:46:01 [INFO]  Save the model in ./checkpoints/CIFAR100_alpha0.05/local_models/client_2/epoch_5.pth
2025-10-29 20:46:24 [INFO]  Epoch 6 loss: 265.840274810791; train accuracy: 0.25479867868940276; test accuracy: 0.06
2025-10-29 20:46:46 [INFO]  Epoch 7 loss: 258.50992488861084; train accuracy: 0.1873047049370592; test accuracy: 0.0446
2025-10-29 20:47:09 [INFO]  Epoch 8 loss: 256.8587980270386; train accuracy: 0.23453263101508795; test accuracy: 0.0566
2025-10-29 20:47:30 [INFO]  Epoch 9 loss: 252.6990327835083; train accuracy: 0.2378359075082582; test accuracy: 0.0576
2025-10-29 20:47:30 [INFO]  Client 2 Finish Local Training--------|
2025-10-29 20:47:30 [INFO]  Client 2 Collecting Local Prototypes--------|
2025-10-29 20:47:30 [INFO]  Client 3 Starts Local Trainning--------|
2025-10-29 20:47:40 [INFO]  generating sample per sample
2025-10-29 20:48:02 [INFO]  Epoch 0 loss: 318.636417388916; train accuracy: 0.14834140887066716; test accuracy: 0.033
2025-10-29 20:48:02 [INFO]  Save the model in ./checkpoints/CIFAR100_alpha0.05/local_models/client_3/epoch_0.pth
2025-10-29 20:48:23 [INFO]  Epoch 1 loss: 277.47928524017334; train accuracy: 0.1537458069325382; test accuracy: 0.033
2025-10-29 20:48:44 [INFO]  Epoch 2 loss: 261.1708517074585; train accuracy: 0.1563548266865449; test accuracy: 0.0311
2025-10-29 20:49:05 [INFO]  Epoch 3 loss: 254.2556505203247; train accuracy: 0.19614237793514722; test accuracy: 0.0413
2025-10-29 20:49:25 [INFO]  Epoch 4 loss: 250.42960453033447; train accuracy: 0.18682445024226613; test accuracy: 0.0388
2025-10-29 20:49:46 [INFO]  Epoch 5 loss: 246.41368770599365; train accuracy: 0.19316064107342526; test accuracy: 0.0414
2025-10-29 20:49:46 [INFO]  Save the model in ./checkpoints/CIFAR100_alpha0.05/local_models/client_3/epoch_5.pth
2025-10-29 20:50:09 [INFO]  Epoch 6 loss: 248.8989486694336; train accuracy: 0.20145359672008945; test accuracy: 0.0404
2025-10-29 20:50:29 [INFO]  Epoch 7 loss: 237.0327272415161; train accuracy: 0.21524412970555348; test accuracy: 0.0447
2025-10-29 20:50:50 [INFO]  Epoch 8 loss: 238.1439914703369; train accuracy: 0.24729780096906448; test accuracy: 0.0538
2025-10-29 20:51:11 [INFO]  Epoch 9 loss: 236.15418815612793; train accuracy: 0.233227730152814; test accuracy: 0.0497
2025-10-29 20:51:11 [INFO]  Client 3 Finish Local Training--------|
2025-10-29 20:51:11 [INFO]  Client 3 Collecting Local Prototypes--------|
2025-10-29 20:51:11 [INFO]  Client 4 Starts Local Trainning--------|
2025-10-29 20:51:20 [INFO]  generating sample per sample
2025-10-29 20:51:40 [INFO]  Epoch 0 loss: 347.53779315948486; train accuracy: 0.09391804190617467; test accuracy: 0.0187
2025-10-29 20:51:41 [INFO]  Save the model in ./checkpoints/CIFAR100_alpha0.05/local_models/client_4/epoch_0.pth
2025-10-29 20:52:00 [INFO]  Epoch 1 loss: 303.27119064331055; train accuracy: 0.1564064528091971; test accuracy: 0.0352
2025-10-29 20:52:19 [INFO]  Epoch 2 loss: 284.61923027038574; train accuracy: 0.1802336361950677; test accuracy: 0.042
2025-10-29 20:52:40 [INFO]  Epoch 3 loss: 285.49385833740234; train accuracy: 0.14908214351937696; test accuracy: 0.0304
2025-10-29 20:53:02 [INFO]  Epoch 4 loss: 280.1529493331909; train accuracy: 0.19627294641201556; test accuracy: 0.0444
2025-10-29 20:53:22 [INFO]  Epoch 5 loss: 277.8764114379883; train accuracy: 0.1413869831262748; test accuracy: 0.0343
2025-10-29 20:53:23 [INFO]  Save the model in ./checkpoints/CIFAR100_alpha0.05/local_models/client_4/epoch_5.pth
2025-10-29 20:53:44 [INFO]  Epoch 6 loss: 272.12280082702637; train accuracy: 0.15937326163545337; test accuracy: 0.0355
2025-10-29 20:54:07 [INFO]  Epoch 7 loss: 275.6138973236084; train accuracy: 0.1482477285369924; test accuracy: 0.0347
2025-10-29 20:54:27 [INFO]  Epoch 8 loss: 268.9793128967285; train accuracy: 0.1828295939180419; test accuracy: 0.0447
2025-10-29 20:54:48 [INFO]  Epoch 9 loss: 269.0597839355469; train accuracy: 0.1632671982199147; test accuracy: 0.0445
2025-10-29 20:54:48 [INFO]  Client 4 Finish Local Training--------|
2025-10-29 20:54:48 [INFO]  Client 4 Collecting Local Prototypes--------|
2025-10-29 20:54:48 [INFO]  Round 0 Finish--------|
2025-10-29 20:54:48 [INFO]  Model variance: mean: 0.0016370079247280955, sum: 18367.28125
2025-10-29 20:54:48 [INFO]  g_protos_std (global internal): 0.997416
2025-10-29 20:54:48 [INFO]  inter_client_proto_std (cross-client): 0.007018
2025-10-29 20:54:48 [INFO]  g_protos_std (global internal): 0.997416
2025-10-29 20:54:48 [INFO]  inter_client_proto_std (cross-client): 0.007018
2025-10-29 20:54:48 [INFO]  V4 Training | Using Simple Feature-level Server.
2025-10-29 20:54:55 [INFO]  The test accuracy of OursV4+SimpleFeatureServer: 0.1128
2025-10-29 20:54:55 [INFO]  Save config to ./checkpoints/CIFAR100_alpha0.05/baselines_OursV4+SimpleFeatureServer_CIFAR10_results.yaml
2025-10-29 20:54:55 [INFO]  Round 1 starts--------|
2025-10-29 20:54:55 [INFO]  Client 0 Starts Local Trainning--------|
2025-10-29 20:55:11 [INFO]  Epoch 10 loss: 184.78641414642334; train accuracy: 0.2640905734678809; test accuracy: 0.047
2025-10-29 20:55:12 [INFO]  Save the model in ./checkpoints/CIFAR100_alpha0.05/local_models/client_0/epoch_10.pth
2025-10-29 20:55:29 [INFO]  Epoch 11 loss: 184.77295112609863; train accuracy: 0.23492493231602266; test accuracy: 0.0425
2025-10-29 20:55:47 [INFO]  Epoch 12 loss: 184.62549686431885; train accuracy: 0.2747969480679301; test accuracy: 0.0514
2025-10-29 20:56:03 [INFO]  Epoch 13 loss: 177.45905876159668; train accuracy: 0.28008860447944867; test accuracy: 0.0524
2025-10-29 20:56:20 [INFO]  Epoch 14 loss: 180.4336223602295; train accuracy: 0.30962343096234307; test accuracy: 0.0564
2025-10-29 20:56:36 [INFO]  Epoch 15 loss: 177.04337978363037; train accuracy: 0.2473541717942407; test accuracy: 0.0464
2025-10-29 20:56:36 [INFO]  Save the model in ./checkpoints/CIFAR100_alpha0.05/local_models/client_0/epoch_15.pth
2025-10-29 20:56:53 [INFO]  Epoch 16 loss: 172.92932987213135; train accuracy: 0.3346049716957913; test accuracy: 0.0633
2025-10-29 20:57:10 [INFO]  Epoch 17 loss: 172.27055740356445; train accuracy: 0.3138075313807531; test accuracy: 0.0601
2025-10-29 20:57:27 [INFO]  Epoch 18 loss: 173.05187320709229; train accuracy: 0.33534334235786367; test accuracy: 0.0641
2025-10-29 20:57:44 [INFO]  Epoch 19 loss: 171.16794776916504; train accuracy: 0.44068422348018704; test accuracy: 0.0849
2025-10-29 20:57:44 [INFO]  Client 0 Finish Local Training--------|
2025-10-29 20:57:44 [INFO]  Client 0 Collecting Local Prototypes--------|
2025-10-29 20:57:44 [INFO]  Client 1 Starts Local Trainning--------|
2025-10-29 20:58:01 [INFO]  Epoch 10 loss: 217.12489128112793; train accuracy: 0.18743855816493718; test accuracy: 0.037
2025-10-29 20:58:02 [INFO]  Save the model in ./checkpoints/CIFAR100_alpha0.05/local_models/client_1/epoch_10.pth
2025-10-29 20:58:21 [INFO]  Epoch 11 loss: 218.3705186843872; train accuracy: 0.2545057345712725; test accuracy: 0.0519
2025-10-29 20:58:40 [INFO]  Epoch 12 loss: 213.5685157775879; train accuracy: 0.22042599672310212; test accuracy: 0.0454
2025-10-29 20:58:58 [INFO]  Epoch 13 loss: 213.59126567840576; train accuracy: 0.1969415619879847; test accuracy: 0.0371
2025-10-29 20:59:15 [INFO]  Epoch 14 loss: 209.41247367858887; train accuracy: 0.22872747132714363; test accuracy: 0.0457
2025-10-29 20:59:32 [INFO]  Epoch 15 loss: 211.58515167236328; train accuracy: 0.2085199344620426; test accuracy: 0.0421
2025-10-29 20:59:33 [INFO]  Save the model in ./checkpoints/CIFAR100_alpha0.05/local_models/client_1/epoch_15.pth
2025-10-29 20:59:51 [INFO]  Epoch 16 loss: 206.16051292419434; train accuracy: 0.23211359912616056; test accuracy: 0.0445
2025-10-29 21:00:10 [INFO]  Epoch 17 loss: 210.26632595062256; train accuracy: 0.2873839432004369; test accuracy: 0.0579
2025-10-29 21:00:28 [INFO]  Epoch 18 loss: 205.6487216949463; train accuracy: 0.2823593664664118; test accuracy: 0.0552
2025-10-29 21:00:48 [INFO]  Epoch 19 loss: 208.90864372253418; train accuracy: 0.2566903331512835; test accuracy: 0.054
2025-10-29 21:00:48 [INFO]  Client 1 Finish Local Training--------|
2025-10-29 21:00:48 [INFO]  Client 1 Collecting Local Prototypes--------|
2025-10-29 21:00:48 [INFO]  Client 2 Starts Local Trainning--------|
2025-10-29 21:01:10 [INFO]  Epoch 10 loss: 249.08952236175537; train accuracy: 0.25881617712704225; test accuracy: 0.0625
2025-10-29 21:01:11 [INFO]  Save the model in ./checkpoints/CIFAR100_alpha0.05/local_models/client_2/epoch_10.pth
2025-10-29 21:01:33 [INFO]  Epoch 11 loss: 255.5051908493042; train accuracy: 0.2515846799392911; test accuracy: 0.0581
2025-10-29 21:01:55 [INFO]  Epoch 12 loss: 253.1158103942871; train accuracy: 0.23747879653602358; test accuracy: 0.056
2025-10-29 21:02:17 [INFO]  Epoch 13 loss: 246.193039894104; train accuracy: 0.2653334523703241; test accuracy: 0.0611
2025-10-29 21:02:39 [INFO]  Epoch 14 loss: 246.88684177398682; train accuracy: 0.3330952593518436; test accuracy: 0.0806
2025-10-29 21:03:01 [INFO]  Epoch 15 loss: 240.5930881500244; train accuracy: 0.3304169270600839; test accuracy: 0.0769
2025-10-29 21:03:01 [INFO]  Save the model in ./checkpoints/CIFAR100_alpha0.05/local_models/client_2/epoch_15.pth
2025-10-29 21:03:23 [INFO]  Epoch 16 loss: 235.62955379486084; train accuracy: 0.30345504865636996; test accuracy: 0.0757
2025-10-29 21:03:43 [INFO]  Epoch 17 loss: 236.38322353363037; train accuracy: 0.37005624497812695; test accuracy: 0.0861
2025-10-29 21:04:03 [INFO]  Epoch 18 loss: 236.59297275543213; train accuracy: 0.3688956343183644; test accuracy: 0.0902
2025-10-29 21:04:25 [INFO]  Epoch 19 loss: 233.73516178131104; train accuracy: 0.30390143737166325; test accuracy: 0.076
2025-10-29 21:04:25 [INFO]  Client 2 Finish Local Training--------|
2025-10-29 21:04:25 [INFO]  Client 2 Collecting Local Prototypes--------|
2025-10-29 21:04:25 [INFO]  Client 3 Starts Local Trainning--------|
2025-10-29 21:04:44 [INFO]  Epoch 10 loss: 235.11228370666504; train accuracy: 0.24021617592247485; test accuracy: 0.0523
2025-10-29 21:04:44 [INFO]  Save the model in ./checkpoints/CIFAR100_alpha0.05/local_models/client_3/epoch_10.pth
2025-10-29 21:05:06 [INFO]  Epoch 11 loss: 229.01402950286865; train accuracy: 0.23527767424524787; test accuracy: 0.0519
2025-10-29 21:05:28 [INFO]  Epoch 12 loss: 230.615629196167; train accuracy: 0.23127096533730898; test accuracy: 0.0519
2025-10-29 21:05:49 [INFO]  Epoch 13 loss: 234.94749069213867; train accuracy: 0.3053484904957138; test accuracy: 0.0682
2025-10-29 21:06:08 [INFO]  Epoch 14 loss: 226.85766410827637; train accuracy: 0.31298919120387625; test accuracy: 0.0724
2025-10-29 21:06:29 [INFO]  Epoch 15 loss: 225.32753562927246; train accuracy: 0.315598210957883; test accuracy: 0.0715
2025-10-29 21:06:29 [INFO]  Save the model in ./checkpoints/CIFAR100_alpha0.05/local_models/client_3/epoch_15.pth
2025-10-29 21:06:51 [INFO]  Epoch 16 loss: 223.60101413726807; train accuracy: 0.2896011926947447; test accuracy: 0.067
2025-10-29 21:07:13 [INFO]  Epoch 17 loss: 223.51264095306396; train accuracy: 0.3038576220648528; test accuracy: 0.0684
2025-10-29 21:07:34 [INFO]  Epoch 18 loss: 221.9905424118042; train accuracy: 0.3557584793142005; test accuracy: 0.0862
2025-10-29 21:07:56 [INFO]  Epoch 19 loss: 217.5188331604004; train accuracy: 0.29174431606410733; test accuracy: 0.0672
2025-10-29 21:07:56 [INFO]  Client 3 Finish Local Training--------|
2025-10-29 21:07:56 [INFO]  Client 3 Collecting Local Prototypes--------|
2025-10-29 21:07:56 [INFO]  Client 4 Starts Local Trainning--------|
2025-10-29 21:08:18 [INFO]  Epoch 10 loss: 264.7887659072876; train accuracy: 0.23827183385870573; test accuracy: 0.058
2025-10-29 21:08:18 [INFO]  Save the model in ./checkpoints/CIFAR100_alpha0.05/local_models/client_4/epoch_10.pth
2025-10-29 21:08:39 [INFO]  Epoch 11 loss: 262.7820997238159; train accuracy: 0.18950491377711848; test accuracy: 0.046
2025-10-29 21:09:00 [INFO]  Epoch 12 loss: 260.7084274291992; train accuracy: 0.2448544409419618; test accuracy: 0.064
2025-10-29 21:09:22 [INFO]  Epoch 13 loss: 262.74819564819336; train accuracy: 0.20869645837196366; test accuracy: 0.0537
2025-10-29 21:09:41 [INFO]  Epoch 14 loss: 259.1651086807251; train accuracy: 0.23919896161691082; test accuracy: 0.0637
2025-10-29 21:10:02 [INFO]  Epoch 15 loss: 253.22562313079834; train accuracy: 0.23280178008529576; test accuracy: 0.0602
2025-10-29 21:10:03 [INFO]  Save the model in ./checkpoints/CIFAR100_alpha0.05/local_models/client_4/epoch_15.pth
2025-10-29 21:10:24 [INFO]  Epoch 16 loss: 250.36913681030273; train accuracy: 0.23391433339514184; test accuracy: 0.0602
2025-10-29 21:10:46 [INFO]  Epoch 17 loss: 258.30887508392334; train accuracy: 0.22325236417578342; test accuracy: 0.0582
2025-10-29 21:11:07 [INFO]  Epoch 18 loss: 249.02245426177979; train accuracy: 0.3027072130539588; test accuracy: 0.0814
2025-10-29 21:11:29 [INFO]  Epoch 19 loss: 251.2635202407837; train accuracy: 0.2667346560356017; test accuracy: 0.0711
2025-10-29 21:11:29 [INFO]  Client 4 Finish Local Training--------|
2025-10-29 21:11:29 [INFO]  Client 4 Collecting Local Prototypes--------|
2025-10-29 21:11:29 [INFO]  Round 1 Finish--------|
2025-10-29 21:11:29 [INFO]  Model variance: mean: 0.0022425870411098003, sum: 25161.8984375
2025-10-29 21:11:29 [INFO]  g_protos_std (global internal): 0.997642
2025-10-29 21:11:29 [INFO]  inter_client_proto_std (cross-client): 0.009812
2025-10-29 21:11:29 [INFO]  g_protos_std (global internal): 0.997642
2025-10-29 21:11:29 [INFO]  inter_client_proto_std (cross-client): 0.009812
2025-10-29 21:11:29 [INFO]  V4 Training | Using Simple Feature-level Server.
2025-10-29 21:11:35 [INFO]  The test accuracy of OursV4+SimpleFeatureServer: 0.1526
2025-10-29 21:11:35 [INFO]  Save config to ./checkpoints/CIFAR100_alpha0.05/baselines_OursV4+SimpleFeatureServer_CIFAR10_results.yaml
2025-10-29 21:11:35 [INFO]  Round 2 starts--------|
2025-10-29 21:11:35 [INFO]  Client 0 Starts Local Trainning--------|
2025-10-29 21:11:51 [INFO]  Epoch 20 loss: 167.1781301498413; train accuracy: 0.3833374353925671; test accuracy: 0.0726
2025-10-29 21:11:52 [INFO]  Save the model in ./checkpoints/CIFAR100_alpha0.05/local_models/client_0/epoch_20.pth
2025-10-29 21:12:08 [INFO]  Epoch 21 loss: 167.62787437438965; train accuracy: 0.42530150135367956; test accuracy: 0.0803
2025-10-29 21:12:24 [INFO]  Epoch 22 loss: 168.740403175354; train accuracy: 0.42197883337435393; test accuracy: 0.081
2025-10-29 21:12:40 [INFO]  Epoch 23 loss: 166.39918422698975; train accuracy: 0.383214373615555; test accuracy: 0.0732
2025-10-29 21:12:56 [INFO]  Epoch 24 loss: 166.81612396240234; train accuracy: 0.41804085650996803; test accuracy: 0.0814
2025-10-29 21:13:12 [INFO]  Epoch 25 loss: 161.49711227416992; train accuracy: 0.41767167117893184; test accuracy: 0.0771
2025-10-29 21:13:13 [INFO]  Save the model in ./checkpoints/CIFAR100_alpha0.05/local_models/client_0/epoch_25.pth
2025-10-29 21:13:29 [INFO]  Epoch 26 loss: 163.43048763275146; train accuracy: 0.3732463696775781; test accuracy: 0.0697
2025-10-29 21:13:45 [INFO]  Epoch 27 loss: 163.61063480377197; train accuracy: 0.3915825744523751; test accuracy: 0.0753
2025-10-29 21:14:02 [INFO]  Epoch 28 loss: 167.59671306610107; train accuracy: 0.38739847403396505; test accuracy: 0.0782
2025-10-29 21:14:20 [INFO]  Epoch 29 loss: 162.16528606414795; train accuracy: 0.38247600295348266; test accuracy: 0.0737
2025-10-29 21:14:20 [INFO]  Client 0 Finish Local Training--------|
2025-10-29 21:14:20 [INFO]  Client 0 Collecting Local Prototypes--------|
2025-10-29 21:14:20 [INFO]  Client 1 Starts Local Trainning--------|
2025-10-29 21:14:39 [INFO]  Epoch 20 loss: 202.3638801574707; train accuracy: 0.3320589841616603; test accuracy: 0.0662
2025-10-29 21:14:40 [INFO]  Save the model in ./checkpoints/CIFAR100_alpha0.05/local_models/client_1/epoch_20.pth
2025-10-29 21:14:58 [INFO]  Epoch 21 loss: 199.85741806030273; train accuracy: 0.2725286728563626; test accuracy: 0.0547
2025-10-29 21:15:16 [INFO]  Epoch 22 loss: 200.12261962890625; train accuracy: 0.2748225013653741; test accuracy: 0.0555
2025-10-29 21:15:34 [INFO]  Epoch 23 loss: 198.47424983978271; train accuracy: 0.25745494265428726; test accuracy: 0.0515
2025-10-29 21:15:52 [INFO]  Epoch 24 loss: 201.4630002975464; train accuracy: 0.22075368651010377; test accuracy: 0.0439
2025-10-29 21:16:12 [INFO]  Epoch 25 loss: 197.05377769470215; train accuracy: 0.31272528672856365; test accuracy: 0.0599
2025-10-29 21:16:13 [INFO]  Save the model in ./checkpoints/CIFAR100_alpha0.05/local_models/client_1/epoch_25.pth
2025-10-29 21:16:31 [INFO]  Epoch 26 loss: 196.19174003601074; train accuracy: 0.30496996176952484; test accuracy: 0.0607
2025-10-29 21:16:50 [INFO]  Epoch 27 loss: 191.12672901153564; train accuracy: 0.30180229382850904; test accuracy: 0.0604
2025-10-29 21:17:07 [INFO]  Epoch 28 loss: 191.83096027374268; train accuracy: 0.21714909885308575; test accuracy: 0.0442
2025-10-29 21:17:26 [INFO]  Epoch 29 loss: 195.46868133544922; train accuracy: 0.29404696886947024; test accuracy: 0.0586
2025-10-29 21:17:26 [INFO]  Client 1 Finish Local Training--------|
2025-10-29 21:17:26 [INFO]  Client 1 Collecting Local Prototypes--------|
2025-10-29 21:17:26 [INFO]  Client 2 Starts Local Trainning--------|
2025-10-29 21:17:47 [INFO]  Epoch 20 loss: 231.46613597869873; train accuracy: 0.3580037496652085; test accuracy: 0.0864
2025-10-29 21:17:47 [INFO]  Save the model in ./checkpoints/CIFAR100_alpha0.05/local_models/client_2/epoch_20.pth
2025-10-29 21:18:09 [INFO]  Epoch 21 loss: 226.11244201660156; train accuracy: 0.38264440674939737; test accuracy: 0.0954
2025-10-29 21:18:31 [INFO]  Epoch 22 loss: 227.56619358062744; train accuracy: 0.4245156682439068; test accuracy: 0.1025
2025-10-29 21:18:53 [INFO]  Epoch 23 loss: 223.5742530822754; train accuracy: 0.39228640299973216; test accuracy: 0.1011
2025-10-29 21:19:14 [INFO]  Epoch 24 loss: 224.77124118804932; train accuracy: 0.29774127310061604; test accuracy: 0.0736
2025-10-29 21:19:35 [INFO]  Epoch 25 loss: 224.18235397338867; train accuracy: 0.38630479421480224; test accuracy: 0.1011
2025-10-29 21:19:39 [INFO]  Save the model in ./checkpoints/CIFAR100_alpha0.05/local_models/client_2/epoch_25.pth
2025-10-29 21:20:00 [INFO]  Epoch 26 loss: 223.53405666351318; train accuracy: 0.40273189893759487; test accuracy: 0.1078
2025-10-29 21:20:22 [INFO]  Epoch 27 loss: 223.81277084350586; train accuracy: 0.37568074279082225; test accuracy: 0.0978
2025-10-29 21:20:43 [INFO]  Epoch 28 loss: 227.2322006225586; train accuracy: 0.37791268636728864; test accuracy: 0.0953
2025-10-29 21:21:06 [INFO]  Epoch 29 loss: 214.72959995269775; train accuracy: 0.41424872779216143; test accuracy: 0.1095
2025-10-29 21:21:06 [INFO]  Client 2 Finish Local Training--------|
2025-10-29 21:21:06 [INFO]  Client 2 Collecting Local Prototypes--------|
2025-10-29 21:21:06 [INFO]  Client 3 Starts Local Trainning--------|
2025-10-29 21:21:26 [INFO]  Epoch 20 loss: 213.73242378234863; train accuracy: 0.370294446515095; test accuracy: 0.0878
2025-10-29 21:21:26 [INFO]  Save the model in ./checkpoints/CIFAR100_alpha0.05/local_models/client_3/epoch_20.pth
2025-10-29 21:21:47 [INFO]  Epoch 21 loss: 213.00557231903076; train accuracy: 0.3950801341781588; test accuracy: 0.0966
2025-10-29 21:22:08 [INFO]  Epoch 22 loss: 206.7019968032837; train accuracy: 0.44204248975027954; test accuracy: 0.1076
2025-10-29 21:22:29 [INFO]  Epoch 23 loss: 207.10979175567627; train accuracy: 0.42023853894893776; test accuracy: 0.0984
2025-10-29 21:22:50 [INFO]  Epoch 24 loss: 211.22757816314697; train accuracy: 0.39312336936265374; test accuracy: 0.0967
2025-10-29 21:23:10 [INFO]  Epoch 25 loss: 203.57115650177002; train accuracy: 0.36461051062243754; test accuracy: 0.0918
2025-10-29 21:23:11 [INFO]  Save the model in ./checkpoints/CIFAR100_alpha0.05/local_models/client_3/epoch_25.pth
2025-10-29 21:23:33 [INFO]  Epoch 26 loss: 204.0700969696045; train accuracy: 0.4153932165486396; test accuracy: 0.1051
2025-10-29 21:23:53 [INFO]  Epoch 27 loss: 201.00273513793945; train accuracy: 0.45583302273574355; test accuracy: 0.1137
2025-10-29 21:24:14 [INFO]  Epoch 28 loss: 204.41350650787354; train accuracy: 0.48704808050689524; test accuracy: 0.1138
2025-10-29 21:24:35 [INFO]  Epoch 29 loss: 199.26499938964844; train accuracy: 0.40150950428624677; test accuracy: 0.0965
2025-10-29 21:24:35 [INFO]  Client 3 Finish Local Training--------|
2025-10-29 21:24:35 [INFO]  Client 3 Collecting Local Prototypes--------|
2025-10-29 21:24:35 [INFO]  Client 4 Starts Local Trainning--------|
2025-10-29 21:24:57 [INFO]  Epoch 20 loss: 247.06103420257568; train accuracy: 0.2884294455776006; test accuracy: 0.0736
2025-10-29 21:24:57 [INFO]  Save the model in ./checkpoints/CIFAR100_alpha0.05/local_models/client_4/epoch_20.pth
2025-10-29 21:25:19 [INFO]  Epoch 21 loss: 240.94325304031372; train accuracy: 0.3195809382532913; test accuracy: 0.0858
2025-10-29 21:25:41 [INFO]  Epoch 22 loss: 237.2123203277588; train accuracy: 0.25737066567773037; test accuracy: 0.0736
2025-10-29 21:26:03 [INFO]  Epoch 23 loss: 245.24870586395264; train accuracy: 0.247264973113295; test accuracy: 0.0682
2025-10-29 21:26:25 [INFO]  Epoch 24 loss: 238.03365325927734; train accuracy: 0.34053402558872614; test accuracy: 0.0891
2025-10-29 21:26:47 [INFO]  Epoch 25 loss: 238.42078113555908; train accuracy: 0.27711848692749863; test accuracy: 0.0746
2025-10-29 21:26:47 [INFO]  Save the model in ./checkpoints/CIFAR100_alpha0.05/local_models/client_4/epoch_25.pth
2025-10-29 21:27:08 [INFO]  Epoch 26 loss: 236.5380220413208; train accuracy: 0.28564806230298534; test accuracy: 0.0858
2025-10-29 21:27:29 [INFO]  Epoch 27 loss: 231.5521764755249; train accuracy: 0.3267198219914704; test accuracy: 0.0925
2025-10-29 21:27:51 [INFO]  Epoch 28 loss: 226.91101598739624; train accuracy: 0.3393287595030595; test accuracy: 0.0959
2025-10-29 21:28:13 [INFO]  Epoch 29 loss: 230.4234561920166; train accuracy: 0.36287780456146856; test accuracy: 0.1015
2025-10-29 21:28:13 [INFO]  Client 4 Finish Local Training--------|
2025-10-29 21:28:13 [INFO]  Client 4 Collecting Local Prototypes--------|
2025-10-29 21:28:13 [INFO]  Round 2 Finish--------|
2025-10-29 21:28:13 [INFO]  Model variance: mean: 0.002748718950897455, sum: 30840.716796875
2025-10-29 21:28:13 [INFO]  g_protos_std (global internal): 0.997823
2025-10-29 21:28:13 [INFO]  inter_client_proto_std (cross-client): 0.011644
2025-10-29 21:28:13 [INFO]  g_protos_std (global internal): 0.997823
2025-10-29 21:28:13 [INFO]  inter_client_proto_std (cross-client): 0.011644
2025-10-29 21:28:13 [INFO]  V4 Training | Using Simple Feature-level Server.
2025-10-29 21:28:20 [INFO]  The test accuracy of OursV4+SimpleFeatureServer: 0.2037
2025-10-29 21:28:20 [INFO]  Save config to ./checkpoints/CIFAR100_alpha0.05/baselines_OursV4+SimpleFeatureServer_CIFAR10_results.yaml
2025-10-29 21:28:20 [INFO]  Round 3 starts--------|
2025-10-29 21:28:20 [INFO]  Client 0 Starts Local Trainning--------|
2025-10-29 21:28:38 [INFO]  Epoch 30 loss: 159.92980670928955; train accuracy: 0.44006891459512676; test accuracy: 0.0839
2025-10-29 21:28:38 [INFO]  Save the model in ./checkpoints/CIFAR100_alpha0.05/local_models/client_0/epoch_30.pth
2025-10-29 21:28:55 [INFO]  Epoch 31 loss: 164.57300090789795; train accuracy: 0.5337189269013044; test accuracy: 0.1057
2025-10-29 21:29:12 [INFO]  Epoch 32 loss: 159.37525081634521; train accuracy: 0.5012306177701206; test accuracy: 0.097
2025-10-29 21:29:29 [INFO]  Epoch 33 loss: 161.36533737182617; train accuracy: 0.47304947083435883; test accuracy: 0.0924
2025-10-29 21:29:46 [INFO]  Epoch 34 loss: 156.5196123123169; train accuracy: 0.45619000738370663; test accuracy: 0.0901
2025-10-29 21:30:02 [INFO]  Epoch 35 loss: 159.09942626953125; train accuracy: 0.47021904996308145; test accuracy: 0.0915
2025-10-29 21:30:03 [INFO]  Save the model in ./checkpoints/CIFAR100_alpha0.05/local_models/client_0/epoch_35.pth
2025-10-29 21:30:20 [INFO]  Epoch 36 loss: 160.3378324508667; train accuracy: 0.48363278365739604; test accuracy: 0.0962
2025-10-29 21:30:37 [INFO]  Epoch 37 loss: 157.8926477432251; train accuracy: 0.44646812699975386; test accuracy: 0.0881
2025-10-29 21:30:53 [INFO]  Epoch 38 loss: 151.65356731414795; train accuracy: 0.5172286487816884; test accuracy: 0.1015
2025-10-29 21:31:10 [INFO]  Epoch 39 loss: 155.1835584640503; train accuracy: 0.4340388875215358; test accuracy: 0.084
2025-10-29 21:31:10 [INFO]  Client 0 Finish Local Training--------|
2025-10-29 21:31:10 [INFO]  Client 0 Collecting Local Prototypes--------|
2025-10-29 21:31:10 [INFO]  Client 1 Starts Local Trainning--------|
2025-10-29 21:31:29 [INFO]  Epoch 30 loss: 184.67670059204102; train accuracy: 0.343200436919716; test accuracy: 0.0645
2025-10-29 21:31:29 [INFO]  Save the model in ./checkpoints/CIFAR100_alpha0.05/local_models/client_1/epoch_30.pth
2025-10-29 21:31:47 [INFO]  Epoch 31 loss: 186.24918365478516; train accuracy: 0.34811578372474056; test accuracy: 0.069
2025-10-29 21:32:07 [INFO]  Epoch 32 loss: 189.57700729370117; train accuracy: 0.385800109229929; test accuracy: 0.079
2025-10-29 21:32:25 [INFO]  Epoch 33 loss: 186.4335708618164; train accuracy: 0.3654833424358274; test accuracy: 0.0715
2025-10-29 21:32:44 [INFO]  Epoch 34 loss: 191.0291576385498; train accuracy: 0.3554341889677772; test accuracy: 0.0708
2025-10-29 21:33:02 [INFO]  Epoch 35 loss: 183.2296552658081; train accuracy: 0.32812670671764066; test accuracy: 0.0658
2025-10-29 21:33:03 [INFO]  Save the model in ./checkpoints/CIFAR100_alpha0.05/local_models/client_1/epoch_35.pth
2025-10-29 21:33:22 [INFO]  Epoch 36 loss: 184.57947254180908; train accuracy: 0.37269251774986345; test accuracy: 0.0733
2025-10-29 21:33:40 [INFO]  Epoch 37 loss: 181.0271120071411; train accuracy: 0.3511742217367559; test accuracy: 0.0683
2025-10-29 21:33:59 [INFO]  Epoch 38 loss: 182.9714069366455; train accuracy: 0.39071545603495356; test accuracy: 0.0777
2025-10-29 21:34:16 [INFO]  Epoch 39 loss: 176.5230131149292; train accuracy: 0.3831785909339159; test accuracy: 0.0781
2025-10-29 21:34:16 [INFO]  Client 1 Finish Local Training--------|
2025-10-29 21:34:16 [INFO]  Client 1 Collecting Local Prototypes--------|
2025-10-29 21:34:16 [INFO]  Client 2 Starts Local Trainning--------|
2025-10-29 21:34:38 [INFO]  Epoch 30 loss: 215.28090000152588; train accuracy: 0.3631818587626105; test accuracy: 0.0956
2025-10-29 21:34:39 [INFO]  Save the model in ./checkpoints/CIFAR100_alpha0.05/local_models/client_2/epoch_30.pth
2025-10-29 21:34:59 [INFO]  Epoch 31 loss: 212.56599807739258; train accuracy: 0.39675029015266494; test accuracy: 0.104
2025-10-29 21:35:21 [INFO]  Epoch 32 loss: 215.6873722076416; train accuracy: 0.34604053209534863; test accuracy: 0.0944
2025-10-29 21:35:43 [INFO]  Epoch 33 loss: 208.27296924591064; train accuracy: 0.45317382376573523; test accuracy: 0.1199
2025-10-29 21:36:06 [INFO]  Epoch 34 loss: 206.90814590454102; train accuracy: 0.3745201321310597; test accuracy: 0.1013
2025-10-29 21:36:27 [INFO]  Epoch 35 loss: 204.9823179244995; train accuracy: 0.43130077671636463; test accuracy: 0.1171
2025-10-29 21:36:27 [INFO]  Save the model in ./checkpoints/CIFAR100_alpha0.05/local_models/client_2/epoch_35.pth
2025-10-29 21:36:49 [INFO]  Epoch 36 loss: 209.41172409057617; train accuracy: 0.40032139987501114; test accuracy: 0.1095
2025-10-29 21:37:13 [INFO]  Epoch 37 loss: 207.5321388244629; train accuracy: 0.38442996161057047; test accuracy: 0.1057
2025-10-29 21:37:36 [INFO]  Epoch 38 loss: 207.25617218017578; train accuracy: 0.46674404071065084; test accuracy: 0.1232
2025-10-29 21:37:57 [INFO]  Epoch 39 loss: 208.0342092514038; train accuracy: 0.41335595036157485; test accuracy: 0.1127
2025-10-29 21:37:57 [INFO]  Client 2 Finish Local Training--------|
2025-10-29 21:37:57 [INFO]  Client 2 Collecting Local Prototypes--------|
2025-10-29 21:37:57 [INFO]  Client 3 Starts Local Trainning--------|
2025-10-29 21:38:20 [INFO]  Epoch 30 loss: 198.32491302490234; train accuracy: 0.3784010436079016; test accuracy: 0.0917
2025-10-29 21:38:20 [INFO]  Save the model in ./checkpoints/CIFAR100_alpha0.05/local_models/client_3/epoch_30.pth
2025-10-29 21:38:42 [INFO]  Epoch 31 loss: 198.57818222045898; train accuracy: 0.39303019008572493; test accuracy: 0.0977
2025-10-29 21:39:03 [INFO]  Epoch 32 loss: 202.05296421051025; train accuracy: 0.4635669027208349; test accuracy: 0.1128
2025-10-29 21:39:24 [INFO]  Epoch 33 loss: 196.86349964141846; train accuracy: 0.42079761461051063; test accuracy: 0.103
2025-10-29 21:39:44 [INFO]  Epoch 34 loss: 194.19896507263184; train accuracy: 0.4962728289228476; test accuracy: 0.119
2025-10-29 21:40:04 [INFO]  Epoch 35 loss: 196.0017910003662; train accuracy: 0.4371971673499814; test accuracy: 0.1133
2025-10-29 21:40:04 [INFO]  Save the model in ./checkpoints/CIFAR100_alpha0.05/local_models/client_3/epoch_35.pth
2025-10-29 21:40:25 [INFO]  Epoch 36 loss: 196.99980354309082; train accuracy: 0.4839731643682445; test accuracy: 0.1201
2025-10-29 21:40:45 [INFO]  Epoch 37 loss: 192.23843240737915; train accuracy: 0.5081997763697353; test accuracy: 0.1241
2025-10-29 21:41:06 [INFO]  Epoch 38 loss: 189.44010639190674; train accuracy: 0.4754938501677227; test accuracy: 0.1186
2025-10-29 21:41:28 [INFO]  Epoch 39 loss: 193.26594352722168; train accuracy: 0.4754006708907939; test accuracy: 0.1217
2025-10-29 21:41:28 [INFO]  Client 3 Finish Local Training--------|
2025-10-29 21:41:28 [INFO]  Client 3 Collecting Local Prototypes--------|
2025-10-29 21:41:28 [INFO]  Client 4 Starts Local Trainning--------|
2025-10-29 21:41:49 [INFO]  Epoch 30 loss: 234.09650135040283; train accuracy: 0.31420359725570185; test accuracy: 0.0899
2025-10-29 21:41:49 [INFO]  Save the model in ./checkpoints/CIFAR100_alpha0.05/local_models/client_4/epoch_30.pth
2025-10-29 21:42:11 [INFO]  Epoch 31 loss: 230.2451581954956; train accuracy: 0.34869274986093085; test accuracy: 0.0966
2025-10-29 21:42:31 [INFO]  Epoch 32 loss: 222.74434185028076; train accuracy: 0.38874466901539034; test accuracy: 0.1109
2025-10-29 21:42:52 [INFO]  Epoch 33 loss: 226.6217966079712; train accuracy: 0.3438716855182644; test accuracy: 0.1031
2025-10-29 21:43:13 [INFO]  Epoch 34 loss: 227.6977891921997; train accuracy: 0.36834785833487854; test accuracy: 0.1083
2025-10-29 21:43:35 [INFO]  Epoch 35 loss: 222.42185878753662; train accuracy: 0.3380307806415724; test accuracy: 0.0995
2025-10-29 21:43:35 [INFO]  Save the model in ./checkpoints/CIFAR100_alpha0.05/local_models/client_4/epoch_35.pth
2025-10-29 21:43:58 [INFO]  Epoch 36 loss: 227.08237552642822; train accuracy: 0.3941220100129798; test accuracy: 0.1167
2025-10-29 21:44:19 [INFO]  Epoch 37 loss: 222.52216720581055; train accuracy: 0.35323567587613575; test accuracy: 0.1078
2025-10-29 21:44:40 [INFO]  Epoch 38 loss: 223.33359098434448; train accuracy: 0.34424253662154647; test accuracy: 0.1004
2025-10-29 21:45:01 [INFO]  Epoch 39 loss: 227.46918392181396; train accuracy: 0.4347302058223623; test accuracy: 0.1231
2025-10-29 21:45:01 [INFO]  Client 4 Finish Local Training--------|
2025-10-29 21:45:01 [INFO]  Client 4 Collecting Local Prototypes--------|
2025-10-29 21:45:01 [INFO]  Round 3 Finish--------|
2025-10-29 21:45:01 [INFO]  Model variance: mean: 0.003198610618710518, sum: 35888.515625
2025-10-29 21:45:01 [INFO]  g_protos_std (global internal): 0.997972
2025-10-29 21:45:01 [INFO]  inter_client_proto_std (cross-client): 0.013043
2025-10-29 21:45:01 [INFO]  g_protos_std (global internal): 0.997972
2025-10-29 21:45:01 [INFO]  inter_client_proto_std (cross-client): 0.013043
2025-10-29 21:45:01 [INFO]  V4 Training | Using Simple Feature-level Server.
2025-10-29 21:45:08 [INFO]  The test accuracy of OursV4+SimpleFeatureServer: 0.2472
2025-10-29 21:45:08 [INFO]  Save config to ./checkpoints/CIFAR100_alpha0.05/baselines_OursV4+SimpleFeatureServer_CIFAR10_results.yaml
2025-10-29 21:45:08 [INFO]  Round 4 starts--------|
2025-10-29 21:45:08 [INFO]  Client 0 Starts Local Trainning--------|
2025-10-29 21:45:25 [INFO]  Epoch 40 loss: 154.8415126800537; train accuracy: 0.5059069652965789; test accuracy: 0.0978
2025-10-29 21:45:25 [INFO]  Save the model in ./checkpoints/CIFAR100_alpha0.05/local_models/client_0/epoch_40.pth
2025-10-29 21:45:42 [INFO]  Epoch 41 loss: 150.93961143493652; train accuracy: 0.48535564853556484; test accuracy: 0.0947
2025-10-29 21:45:59 [INFO]  Epoch 42 loss: 148.45079612731934; train accuracy: 0.465173517105587; test accuracy: 0.0911
2025-10-29 21:46:15 [INFO]  Epoch 43 loss: 151.5075283050537; train accuracy: 0.46923455574698497; test accuracy: 0.0934
2025-10-29 21:46:32 [INFO]  Epoch 44 loss: 151.74355125427246; train accuracy: 0.5337189269013044; test accuracy: 0.1035
2025-10-29 21:46:49 [INFO]  Epoch 45 loss: 144.03973770141602; train accuracy: 0.4762490770366724; test accuracy: 0.0917
2025-10-29 21:46:50 [INFO]  Save the model in ./checkpoints/CIFAR100_alpha0.05/local_models/client_0/epoch_45.pth
2025-10-29 21:47:06 [INFO]  Epoch 46 loss: 145.8885087966919; train accuracy: 0.5331036180162442; test accuracy: 0.1057
2025-10-29 21:47:22 [INFO]  Epoch 47 loss: 145.93646812438965; train accuracy: 0.4358848141767167; test accuracy: 0.0895
2025-10-29 21:47:40 [INFO]  Epoch 48 loss: 144.59953117370605; train accuracy: 0.5296578882599065; test accuracy: 0.1058
2025-10-29 21:47:56 [INFO]  Epoch 49 loss: 144.32760047912598; train accuracy: 0.5294117647058824; test accuracy: 0.105
2025-10-29 21:47:56 [INFO]  Client 0 Finish Local Training--------|
2025-10-29 21:47:56 [INFO]  Client 0 Collecting Local Prototypes--------|
2025-10-29 21:47:56 [INFO]  Client 1 Starts Local Trainning--------|
2025-10-29 21:48:14 [INFO]  Epoch 40 loss: 185.57536029815674; train accuracy: 0.4156198798470781; test accuracy: 0.0806
2025-10-29 21:48:15 [INFO]  Save the model in ./checkpoints/CIFAR100_alpha0.05/local_models/client_1/epoch_40.pth
2025-10-29 21:48:34 [INFO]  Epoch 41 loss: 172.5839490890503; train accuracy: 0.36799563080284; test accuracy: 0.0751
2025-10-29 21:48:52 [INFO]  Epoch 42 loss: 185.7665672302246; train accuracy: 0.4419442927362097; test accuracy: 0.0906
2025-10-29 21:49:10 [INFO]  Epoch 43 loss: 186.36726474761963; train accuracy: 0.38973238667394866; test accuracy: 0.0801
2025-10-29 21:49:28 [INFO]  Epoch 44 loss: 178.03380870819092; train accuracy: 0.4041507373020208; test accuracy: 0.0836
2025-10-29 21:49:45 [INFO]  Epoch 45 loss: 175.85670852661133; train accuracy: 0.33238667394866195; test accuracy: 0.0665
2025-10-29 21:49:46 [INFO]  Save the model in ./checkpoints/CIFAR100_alpha0.05/local_models/client_1/epoch_45.pth
2025-10-29 21:50:04 [INFO]  Epoch 46 loss: 176.58992671966553; train accuracy: 0.427198252321136; test accuracy: 0.0864
2025-10-29 21:50:22 [INFO]  Epoch 47 loss: 174.9680519104004; train accuracy: 0.3862370289459312; test accuracy: 0.0786
2025-10-29 21:50:41 [INFO]  Epoch 48 loss: 177.94033336639404; train accuracy: 0.47820862916439105; test accuracy: 0.0984
2025-10-29 21:50:59 [INFO]  Epoch 49 loss: 176.36405563354492; train accuracy: 0.4812670671764063; test accuracy: 0.0978
2025-10-29 21:50:59 [INFO]  Client 1 Finish Local Training--------|
2025-10-29 21:50:59 [INFO]  Client 1 Collecting Local Prototypes--------|
2025-10-29 21:50:59 [INFO]  Client 2 Starts Local Trainning--------|
2025-10-29 21:51:21 [INFO]  Epoch 40 loss: 200.9352912902832; train accuracy: 0.444156771716811; test accuracy: 0.1145
2025-10-29 21:51:22 [INFO]  Save the model in ./checkpoints/CIFAR100_alpha0.05/local_models/client_2/epoch_40.pth
2025-10-29 21:51:44 [INFO]  Epoch 41 loss: 205.4243927001953; train accuracy: 0.45442371216855637; test accuracy: 0.121
2025-10-29 21:52:08 [INFO]  Epoch 42 loss: 212.04562950134277; train accuracy: 0.5042406927952862; test accuracy: 0.1332
2025-10-29 21:52:28 [INFO]  Epoch 43 loss: 203.27385711669922; train accuracy: 0.4060351754307651; test accuracy: 0.1101
2025-10-29 21:52:50 [INFO]  Epoch 44 loss: 201.7747688293457; train accuracy: 0.5112936344969199; test accuracy: 0.1365
2025-10-29 21:53:11 [INFO]  Epoch 45 loss: 198.29736375808716; train accuracy: 0.43960360682081956; test accuracy: 0.1145
2025-10-29 21:53:11 [INFO]  Save the model in ./checkpoints/CIFAR100_alpha0.05/local_models/client_2/epoch_45.pth
2025-10-29 21:53:34 [INFO]  Epoch 46 loss: 201.97029495239258; train accuracy: 0.4504062137309169; test accuracy: 0.1212
2025-10-29 21:53:57 [INFO]  Epoch 47 loss: 196.06483554840088; train accuracy: 0.47433264887063653; test accuracy: 0.1295
2025-10-29 21:54:19 [INFO]  Epoch 48 loss: 198.4646234512329; train accuracy: 0.4477278814391572; test accuracy: 0.1219
2025-10-29 21:54:40 [INFO]  Epoch 49 loss: 195.5291976928711; train accuracy: 0.5020087492188198; test accuracy: 0.1326
2025-10-29 21:54:40 [INFO]  Client 2 Finish Local Training--------|
2025-10-29 21:54:40 [INFO]  Client 2 Collecting Local Prototypes--------|
2025-10-29 21:54:40 [INFO]  Client 3 Starts Local Trainning--------|
2025-10-29 21:55:01 [INFO]  Epoch 40 loss: 184.77719640731812; train accuracy: 0.5917815877748789; test accuracy: 0.1455
2025-10-29 21:55:01 [INFO]  Save the model in ./checkpoints/CIFAR100_alpha0.05/local_models/client_3/epoch_40.pth
2025-10-29 21:55:22 [INFO]  Epoch 41 loss: 198.67645120620728; train accuracy: 0.511833768169959; test accuracy: 0.1271
2025-10-29 21:55:42 [INFO]  Epoch 42 loss: 185.1470708847046; train accuracy: 0.5066157286619456; test accuracy: 0.1214
2025-10-29 21:56:04 [INFO]  Epoch 43 loss: 191.60788536071777; train accuracy: 0.5493850167722698; test accuracy: 0.1307
2025-10-29 21:56:25 [INFO]  Epoch 44 loss: 189.96776962280273; train accuracy: 0.5069884457696608; test accuracy: 0.1261
2025-10-29 21:56:45 [INFO]  Epoch 45 loss: 180.90122509002686; train accuracy: 0.4823891166604547; test accuracy: 0.1186
2025-10-29 21:56:46 [INFO]  Save the model in ./checkpoints/CIFAR100_alpha0.05/local_models/client_3/epoch_45.pth
2025-10-29 21:57:07 [INFO]  Epoch 46 loss: 186.91007661819458; train accuracy: 0.5294446515095043; test accuracy: 0.1319
2025-10-29 21:57:28 [INFO]  Epoch 47 loss: 181.1199631690979; train accuracy: 0.5020499440924339; test accuracy: 0.1246
2025-10-29 21:57:50 [INFO]  Epoch 48 loss: 176.13124561309814; train accuracy: 0.46990309355199406; test accuracy: 0.1185
2025-10-29 21:58:11 [INFO]  Epoch 49 loss: 180.84872198104858; train accuracy: 0.551248602310846; test accuracy: 0.1329
2025-10-29 21:58:11 [INFO]  Client 3 Finish Local Training--------|
2025-10-29 21:58:11 [INFO]  Client 3 Collecting Local Prototypes--------|
2025-10-29 21:58:11 [INFO]  Client 4 Starts Local Trainning--------|
2025-10-29 21:58:32 [INFO]  Epoch 40 loss: 214.00771474838257; train accuracy: 0.4000556276654923; test accuracy: 0.116
2025-10-29 21:58:33 [INFO]  Save the model in ./checkpoints/CIFAR100_alpha0.05/local_models/client_4/epoch_40.pth
2025-10-29 21:58:54 [INFO]  Epoch 41 loss: 209.76855564117432; train accuracy: 0.38568514741331356; test accuracy: 0.1099
2025-10-29 21:59:16 [INFO]  Epoch 42 loss: 226.30738353729248; train accuracy: 0.4112738735397738; test accuracy: 0.1191
2025-10-29 21:59:38 [INFO]  Epoch 43 loss: 213.90293550491333; train accuracy: 0.42582977934359356; test accuracy: 0.1238
2025-10-29 22:00:00 [INFO]  Epoch 44 loss: 220.44976472854614; train accuracy: 0.4071945114036714; test accuracy: 0.1225
2025-10-29 22:00:21 [INFO]  Epoch 45 loss: 208.86261558532715; train accuracy: 0.3816984980530317; test accuracy: 0.1133
2025-10-29 22:00:22 [INFO]  Save the model in ./checkpoints/CIFAR100_alpha0.05/local_models/client_4/epoch_45.pth
2025-10-29 22:00:43 [INFO]  Epoch 46 loss: 210.12359809875488; train accuracy: 0.36695716669757095; test accuracy: 0.1112
2025-10-29 22:01:05 [INFO]  Epoch 47 loss: 211.99604892730713; train accuracy: 0.38911552011867234; test accuracy: 0.1182
2025-10-29 22:01:26 [INFO]  Epoch 48 loss: 207.04418849945068; train accuracy: 0.4461338772482848; test accuracy: 0.1302
2025-10-29 22:01:47 [INFO]  Epoch 49 loss: 203.9253444671631; train accuracy: 0.3823474874837753; test accuracy: 0.1134
2025-10-29 22:01:47 [INFO]  Client 4 Finish Local Training--------|
2025-10-29 22:01:47 [INFO]  Client 4 Collecting Local Prototypes--------|
2025-10-29 22:01:47 [INFO]  Round 4 Finish--------|
2025-10-29 22:01:47 [INFO]  Model variance: mean: 0.0036080332938581705, sum: 40482.25
2025-10-29 22:01:47 [INFO]  g_protos_std (global internal): 0.998106
2025-10-29 22:01:47 [INFO]  inter_client_proto_std (cross-client): 0.014174
2025-10-29 22:01:47 [INFO]  g_protos_std (global internal): 0.998106
2025-10-29 22:01:47 [INFO]  inter_client_proto_std (cross-client): 0.014174
2025-10-29 22:01:47 [INFO]  V4 Training | Using Simple Feature-level Server.
2025-10-29 22:01:53 [INFO]  The test accuracy of OursV4+SimpleFeatureServer: 0.2866
2025-10-29 22:01:53 [INFO]  Save config to ./checkpoints/CIFAR100_alpha0.05/baselines_OursV4+SimpleFeatureServer_CIFAR10_results.yaml
2025-10-29 22:01:53 [INFO]  Round 5 starts--------|
2025-10-29 22:01:53 [INFO]  Client 0 Starts Local Trainning--------|
2025-10-29 22:02:10 [INFO]  Epoch 50 loss: 153.47613906860352; train accuracy: 0.6108786610878661; test accuracy: 0.1186
2025-10-29 22:02:10 [INFO]  Save the model in ./checkpoints/CIFAR100_alpha0.05/local_models/client_0/epoch_50.pth
2025-10-29 22:02:27 [INFO]  Epoch 51 loss: 144.11209678649902; train accuracy: 0.5361801624415456; test accuracy: 0.1067
2025-10-29 22:02:44 [INFO]  Epoch 52 loss: 145.1707525253296; train accuracy: 0.6294609894166872; test accuracy: 0.1256
2025-10-29 22:03:01 [INFO]  Epoch 53 loss: 144.9056272506714; train accuracy: 0.5499630814668964; test accuracy: 0.1081
2025-10-29 22:03:17 [INFO]  Epoch 54 loss: 137.23885583877563; train accuracy: 0.4700959881860694; test accuracy: 0.0948
2025-10-29 22:03:33 [INFO]  Epoch 55 loss: 141.62176704406738; train accuracy: 0.5567314792025597; test accuracy: 0.1118
2025-10-29 22:03:34 [INFO]  Save the model in ./checkpoints/CIFAR100_alpha0.05/local_models/client_0/epoch_55.pth
2025-10-29 22:03:50 [INFO]  Epoch 56 loss: 140.42557525634766; train accuracy: 0.5015998031011568; test accuracy: 0.1021
2025-10-29 22:04:06 [INFO]  Epoch 57 loss: 138.71968460083008; train accuracy: 0.5643613093773074; test accuracy: 0.1128
2025-10-29 22:04:23 [INFO]  Epoch 58 loss: 137.72448587417603; train accuracy: 0.6253999507752892; test accuracy: 0.1222
2025-10-29 22:04:40 [INFO]  Epoch 59 loss: 140.91788005828857; train accuracy: 0.5171055870046763; test accuracy: 0.1062
2025-10-29 22:04:40 [INFO]  Client 0 Finish Local Training--------|
2025-10-29 22:04:40 [INFO]  Client 0 Collecting Local Prototypes--------|
2025-10-29 22:04:40 [INFO]  Client 1 Starts Local Trainning--------|
2025-10-29 22:04:59 [INFO]  Epoch 50 loss: 168.87879943847656; train accuracy: 0.5174221736755871; test accuracy: 0.1028
2025-10-29 22:04:59 [INFO]  Save the model in ./checkpoints/CIFAR100_alpha0.05/local_models/client_1/epoch_50.pth
2025-10-29 22:05:16 [INFO]  Epoch 51 loss: 180.17427349090576; train accuracy: 0.39661387220098304; test accuracy: 0.0798
2025-10-29 22:05:35 [INFO]  Epoch 52 loss: 178.43041324615479; train accuracy: 0.44554888039322776; test accuracy: 0.0913
2025-10-29 22:05:55 [INFO]  Epoch 53 loss: 176.30835437774658; train accuracy: 0.4123429819770617; test accuracy: 0.0845
2025-10-29 22:06:13 [INFO]  Epoch 54 loss: 170.52170848846436; train accuracy: 0.3702894593118514; test accuracy: 0.0748
2025-10-29 22:06:31 [INFO]  Epoch 55 loss: 166.92101955413818; train accuracy: 0.38918623702894595; test accuracy: 0.078
2025-10-29 22:06:32 [INFO]  Save the model in ./checkpoints/CIFAR100_alpha0.05/local_models/client_1/epoch_55.pth
2025-10-29 22:06:50 [INFO]  Epoch 56 loss: 172.72522735595703; train accuracy: 0.4286182413981431; test accuracy: 0.0865
2025-10-29 22:07:08 [INFO]  Epoch 57 loss: 168.68066215515137; train accuracy: 0.4406335335882032; test accuracy: 0.0913
2025-10-29 22:07:26 [INFO]  Epoch 58 loss: 164.2844944000244; train accuracy: 0.4026215182960131; test accuracy: 0.082
2025-10-29 22:07:44 [INFO]  Epoch 59 loss: 163.9610457420349; train accuracy: 0.39464773347897325; test accuracy: 0.0804
2025-10-29 22:07:44 [INFO]  Client 1 Finish Local Training--------|
2025-10-29 22:07:44 [INFO]  Client 1 Collecting Local Prototypes--------|
2025-10-29 22:07:44 [INFO]  Client 2 Starts Local Trainning--------|
2025-10-29 22:08:05 [INFO]  Epoch 50 loss: 198.34332609176636; train accuracy: 0.47245781626640476; test accuracy: 0.122
2025-10-29 22:08:05 [INFO]  Save the model in ./checkpoints/CIFAR100_alpha0.05/local_models/client_2/epoch_50.pth
2025-10-29 22:08:28 [INFO]  Epoch 51 loss: 197.6960220336914; train accuracy: 0.5014730827604679; test accuracy: 0.133
2025-10-29 22:08:51 [INFO]  Epoch 52 loss: 190.44525718688965; train accuracy: 0.48254620123203285; test accuracy: 0.1291
2025-10-29 22:09:12 [INFO]  Epoch 53 loss: 198.82653617858887; train accuracy: 0.5157575216498527; test accuracy: 0.1352
2025-10-29 22:09:34 [INFO]  Epoch 54 loss: 199.1687479019165; train accuracy: 0.49691991786447637; test accuracy: 0.1288
2025-10-29 22:09:56 [INFO]  Epoch 55 loss: 192.15867948532104; train accuracy: 0.47451120435675387; test accuracy: 0.1253
2025-10-29 22:09:56 [INFO]  Save the model in ./checkpoints/CIFAR100_alpha0.05/local_models/client_2/epoch_55.pth
2025-10-29 22:10:18 [INFO]  Epoch 56 loss: 189.89891958236694; train accuracy: 0.5706633336309258; test accuracy: 0.1463
2025-10-29 22:10:39 [INFO]  Epoch 57 loss: 192.13576745986938; train accuracy: 0.4831711454334434; test accuracy: 0.1297
2025-10-29 22:11:01 [INFO]  Epoch 58 loss: 185.15253353118896; train accuracy: 0.5193286313721989; test accuracy: 0.1357
2025-10-29 22:11:22 [INFO]  Epoch 59 loss: 184.94770526885986; train accuracy: 0.5445942326577984; test accuracy: 0.1439
2025-10-29 22:11:22 [INFO]  Client 2 Finish Local Training--------|
2025-10-29 22:11:22 [INFO]  Client 2 Collecting Local Prototypes--------|
2025-10-29 22:11:22 [INFO]  Client 3 Starts Local Trainning--------|
2025-10-29 22:11:43 [INFO]  Epoch 50 loss: 179.23490238189697; train accuracy: 0.5232016399552739; test accuracy: 0.1292
2025-10-29 22:11:44 [INFO]  Save the model in ./checkpoints/CIFAR100_alpha0.05/local_models/client_3/epoch_50.pth
2025-10-29 22:12:06 [INFO]  Epoch 51 loss: 184.32140588760376; train accuracy: 0.5812523294819232; test accuracy: 0.1431
2025-10-29 22:12:27 [INFO]  Epoch 52 loss: 177.96165227890015; train accuracy: 0.5300037271710771; test accuracy: 0.1303
2025-10-29 22:12:49 [INFO]  Epoch 53 loss: 177.11426210403442; train accuracy: 0.5652254938501677; test accuracy: 0.1367
2025-10-29 22:13:09 [INFO]  Epoch 54 loss: 181.54963445663452; train accuracy: 0.6121878494222884; test accuracy: 0.1486
2025-10-29 22:13:30 [INFO]  Epoch 55 loss: 184.4957365989685; train accuracy: 0.5528326500186359; test accuracy: 0.139
2025-10-29 22:13:31 [INFO]  Save the model in ./checkpoints/CIFAR100_alpha0.05/local_models/client_3/epoch_55.pth
2025-10-29 22:13:52 [INFO]  Epoch 56 loss: 170.61923027038574; train accuracy: 0.4971114424152069; test accuracy: 0.1261
2025-10-29 22:14:13 [INFO]  Epoch 57 loss: 178.66492652893066; train accuracy: 0.5270219903093551; test accuracy: 0.135
2025-10-29 22:14:33 [INFO]  Epoch 58 loss: 169.92170524597168; train accuracy: 0.5688594856503913; test accuracy: 0.1388
2025-10-29 22:14:55 [INFO]  Epoch 59 loss: 175.55728435516357; train accuracy: 0.5850726798360045; test accuracy: 0.1434
2025-10-29 22:14:55 [INFO]  Client 3 Finish Local Training--------|
2025-10-29 22:14:55 [INFO]  Client 3 Collecting Local Prototypes--------|
2025-10-29 22:14:55 [INFO]  Client 4 Starts Local Trainning--------|
2025-10-29 22:15:15 [INFO]  Epoch 50 loss: 207.61054611206055; train accuracy: 0.4463193027999258; test accuracy: 0.1287
2025-10-29 22:15:16 [INFO]  Save the model in ./checkpoints/CIFAR100_alpha0.05/local_models/client_4/epoch_50.pth
2025-10-29 22:15:37 [INFO]  Epoch 51 loss: 207.1137752532959; train accuracy: 0.41961802336361953; test accuracy: 0.1195
2025-10-29 22:15:57 [INFO]  Epoch 52 loss: 210.17756462097168; train accuracy: 0.41553866122751715; test accuracy: 0.1169
2025-10-29 22:16:18 [INFO]  Epoch 53 loss: 195.78016757965088; train accuracy: 0.413313554607825; test accuracy: 0.1217
2025-10-29 22:16:38 [INFO]  Epoch 54 loss: 207.87192916870117; train accuracy: 0.46170962358613016; test accuracy: 0.1329
2025-10-29 22:17:01 [INFO]  Epoch 55 loss: 196.50962448120117; train accuracy: 0.38216206193213426; test accuracy: 0.1139
2025-10-29 22:17:01 [INFO]  Save the model in ./checkpoints/CIFAR100_alpha0.05/local_models/client_4/epoch_55.pth
2025-10-29 22:17:21 [INFO]  Epoch 56 loss: 197.7148561477661; train accuracy: 0.5320786204338958; test accuracy: 0.153
2025-10-29 22:17:39 [INFO]  Epoch 57 loss: 195.99298191070557; train accuracy: 0.4229556832931578; test accuracy: 0.1196
2025-10-29 22:17:59 [INFO]  Epoch 58 loss: 193.33460474014282; train accuracy: 0.4699610606341554; test accuracy: 0.1277
2025-10-29 22:18:21 [INFO]  Epoch 59 loss: 197.86892986297607; train accuracy: 0.4033005748192101; test accuracy: 0.1162
2025-10-29 22:18:21 [INFO]  Client 4 Finish Local Training--------|
2025-10-29 22:18:21 [INFO]  Client 4 Collecting Local Prototypes--------|
2025-10-29 22:18:21 [INFO]  Round 5 Finish--------|
2025-10-29 22:18:21 [INFO]  Model variance: mean: 0.003990965895354748, sum: 44778.765625
2025-10-29 22:18:21 [INFO]  g_protos_std (global internal): 0.998223
2025-10-29 22:18:21 [INFO]  inter_client_proto_std (cross-client): 0.015120
2025-10-29 22:18:21 [INFO]  g_protos_std (global internal): 0.998223
2025-10-29 22:18:21 [INFO]  inter_client_proto_std (cross-client): 0.015120
2025-10-29 22:18:21 [INFO]  V4 Training | Using Simple Feature-level Server.
2025-10-29 22:18:27 [INFO]  The test accuracy of OursV4+SimpleFeatureServer: 0.312
2025-10-29 22:18:27 [INFO]  Save config to ./checkpoints/CIFAR100_alpha0.05/baselines_OursV4+SimpleFeatureServer_CIFAR10_results.yaml
2025-10-29 22:18:27 [INFO]  Round 6 starts--------|
2025-10-29 22:18:27 [INFO]  Client 0 Starts Local Trainning--------|
2025-10-29 22:18:43 [INFO]  Epoch 60 loss: 137.62405109405518; train accuracy: 0.5461481663795226; test accuracy: 0.1076
2025-10-29 22:18:43 [INFO]  Save the model in ./checkpoints/CIFAR100_alpha0.05/local_models/client_0/epoch_60.pth
2025-10-29 22:19:00 [INFO]  Epoch 61 loss: 141.69490098953247; train accuracy: 0.5541471818853064; test accuracy: 0.1135
2025-10-29 22:19:17 [INFO]  Epoch 62 loss: 135.0183835029602; train accuracy: 0.5690376569037657; test accuracy: 0.1136
2025-10-29 22:19:34 [INFO]  Epoch 63 loss: 135.20260953903198; train accuracy: 0.5424563130691608; test accuracy: 0.1076
2025-10-29 22:19:52 [INFO]  Epoch 64 loss: 135.5659418106079; train accuracy: 0.5804824021658873; test accuracy: 0.1193
2025-10-29 22:20:09 [INFO]  Epoch 65 loss: 130.32487535476685; train accuracy: 0.5860201821314299; test accuracy: 0.1171
2025-10-29 22:20:10 [INFO]  Save the model in ./checkpoints/CIFAR100_alpha0.05/local_models/client_0/epoch_65.pth
2025-10-29 22:20:27 [INFO]  Epoch 66 loss: 138.23675441741943; train accuracy: 0.5829436377061284; test accuracy: 0.1168
2025-10-29 22:20:43 [INFO]  Epoch 67 loss: 139.93361139297485; train accuracy: 0.5862663056854541; test accuracy: 0.114
2025-10-29 22:21:00 [INFO]  Epoch 68 loss: 137.685884475708; train accuracy: 0.5852818114693576; test accuracy: 0.117
2025-10-29 22:21:16 [INFO]  Epoch 69 loss: 131.25694179534912; train accuracy: 0.6268766920994339; test accuracy: 0.124
2025-10-29 22:21:16 [INFO]  Client 0 Finish Local Training--------|
2025-10-29 22:21:16 [INFO]  Client 0 Collecting Local Prototypes--------|
2025-10-29 22:21:16 [INFO]  Client 1 Starts Local Trainning--------|
2025-10-29 22:21:36 [INFO]  Epoch 60 loss: 168.47036933898926; train accuracy: 0.5045330420535227; test accuracy: 0.1
2025-10-29 22:21:37 [INFO]  Save the model in ./checkpoints/CIFAR100_alpha0.05/local_models/client_1/epoch_60.pth
2025-10-29 22:21:55 [INFO]  Epoch 61 loss: 165.37683010101318; train accuracy: 0.47700709994538504; test accuracy: 0.0949
2025-10-29 22:22:13 [INFO]  Epoch 62 loss: 167.04192352294922; train accuracy: 0.4783178590933916; test accuracy: 0.0972
2025-10-29 22:22:31 [INFO]  Epoch 63 loss: 173.1758451461792; train accuracy: 0.43167667941015836; test accuracy: 0.0855
2025-10-29 22:22:49 [INFO]  Epoch 64 loss: 170.82930088043213; train accuracy: 0.46138722009830696; test accuracy: 0.0948
2025-10-29 22:23:08 [INFO]  Epoch 65 loss: 170.61049365997314; train accuracy: 0.4270890223921354; test accuracy: 0.0915
2025-10-29 22:23:08 [INFO]  Save the model in ./checkpoints/CIFAR100_alpha0.05/local_models/client_1/epoch_65.pth
2025-10-29 22:23:27 [INFO]  Epoch 66 loss: 170.68237113952637; train accuracy: 0.481594756963408; test accuracy: 0.0992
2025-10-29 22:23:46 [INFO]  Epoch 67 loss: 170.96025943756104; train accuracy: 0.5072637902785363; test accuracy: 0.1047
2025-10-29 22:24:05 [INFO]  Epoch 68 loss: 158.9375762939453; train accuracy: 0.45953031130529765; test accuracy: 0.0951
2025-10-29 22:24:24 [INFO]  Epoch 69 loss: 162.62740421295166; train accuracy: 0.5285636264336429; test accuracy: 0.105
2025-10-29 22:24:24 [INFO]  Client 1 Finish Local Training--------|
2025-10-29 22:24:24 [INFO]  Client 1 Collecting Local Prototypes--------|
2025-10-29 22:24:24 [INFO]  Client 2 Starts Local Trainning--------|
2025-10-29 22:24:46 [INFO]  Epoch 60 loss: 192.10873651504517; train accuracy: 0.5014730827604679; test accuracy: 0.1309
2025-10-29 22:24:46 [INFO]  Save the model in ./checkpoints/CIFAR100_alpha0.05/local_models/client_2/epoch_60.pth
2025-10-29 22:25:09 [INFO]  Epoch 61 loss: 187.5965838432312; train accuracy: 0.5281671279350058; test accuracy: 0.1405
2025-10-29 22:25:30 [INFO]  Epoch 62 loss: 180.232328414917; train accuracy: 0.5639675029015266; test accuracy: 0.1426
2025-10-29 22:25:51 [INFO]  Epoch 63 loss: 196.43392515182495; train accuracy: 0.4796000357110972; test accuracy: 0.1284
2025-10-29 22:26:13 [INFO]  Epoch 64 loss: 184.2729949951172; train accuracy: 0.4369252745290599; test accuracy: 0.1179
2025-10-29 22:26:35 [INFO]  Epoch 65 loss: 184.718590259552; train accuracy: 0.5704847781448085; test accuracy: 0.1482
2025-10-29 22:26:36 [INFO]  Save the model in ./checkpoints/CIFAR100_alpha0.05/local_models/client_2/epoch_65.pth
2025-10-29 22:26:56 [INFO]  Epoch 66 loss: 191.6938648223877; train accuracy: 0.537719846442282; test accuracy: 0.1433
2025-10-29 22:27:18 [INFO]  Epoch 67 loss: 184.5889654159546; train accuracy: 0.5223640746361932; test accuracy: 0.1392
2025-10-29 22:27:39 [INFO]  Epoch 68 loss: 179.39636087417603; train accuracy: 0.4879921435586108; test accuracy: 0.1275
2025-10-29 22:28:01 [INFO]  Epoch 69 loss: 180.4836287498474; train accuracy: 0.5150432997053834; test accuracy: 0.1352
2025-10-29 22:28:01 [INFO]  Client 2 Finish Local Training--------|
2025-10-29 22:28:01 [INFO]  Client 2 Collecting Local Prototypes--------|
2025-10-29 22:28:01 [INFO]  Client 3 Starts Local Trainning--------|
2025-10-29 22:28:21 [INFO]  Epoch 60 loss: 173.4188961982727; train accuracy: 0.6421915765933657; test accuracy: 0.1598
2025-10-29 22:28:21 [INFO]  Save the model in ./checkpoints/CIFAR100_alpha0.05/local_models/client_3/epoch_60.pth
2025-10-29 22:28:42 [INFO]  Epoch 61 loss: 174.48127555847168; train accuracy: 0.5900111815132315; test accuracy: 0.1441
2025-10-29 22:29:04 [INFO]  Epoch 62 loss: 170.95926332473755; train accuracy: 0.5177972418934029; test accuracy: 0.1282
2025-10-29 22:29:25 [INFO]  Epoch 63 loss: 165.01441717147827; train accuracy: 0.638091688408498; test accuracy: 0.1603
2025-10-29 22:29:45 [INFO]  Epoch 64 loss: 167.94614171981812; train accuracy: 0.5476146105106224; test accuracy: 0.1346
2025-10-29 22:30:05 [INFO]  Epoch 65 loss: 172.04292392730713; train accuracy: 0.5424897502795378; test accuracy: 0.1352
2025-10-29 22:30:05 [INFO]  Save the model in ./checkpoints/CIFAR100_alpha0.05/local_models/client_3/epoch_65.pth
2025-10-29 22:30:27 [INFO]  Epoch 66 loss: 168.864164352417; train accuracy: 0.6542117033171823; test accuracy: 0.1586
2025-10-29 22:30:47 [INFO]  Epoch 67 loss: 169.50001430511475; train accuracy: 0.581811405143496; test accuracy: 0.1454
2025-10-29 22:31:08 [INFO]  Epoch 68 loss: 168.84167385101318; train accuracy: 0.604547148714126; test accuracy: 0.1456
2025-10-29 22:31:28 [INFO]  Epoch 69 loss: 166.61828660964966; train accuracy: 0.563641446142378; test accuracy: 0.1396
2025-10-29 22:31:28 [INFO]  Client 3 Finish Local Training--------|
2025-10-29 22:31:28 [INFO]  Client 3 Collecting Local Prototypes--------|
2025-10-29 22:31:28 [INFO]  Client 4 Starts Local Trainning--------|
2025-10-29 22:31:48 [INFO]  Epoch 60 loss: 194.9885015487671; train accuracy: 0.41646578898572223; test accuracy: 0.1288
2025-10-29 22:31:49 [INFO]  Save the model in ./checkpoints/CIFAR100_alpha0.05/local_models/client_4/epoch_60.pth
2025-10-29 22:32:10 [INFO]  Epoch 61 loss: 198.3548436164856; train accuracy: 0.5277211199703319; test accuracy: 0.1508
2025-10-29 22:32:31 [INFO]  Epoch 62 loss: 200.4929542541504; train accuracy: 0.45447802707213053; test accuracy: 0.13
2025-10-29 22:32:53 [INFO]  Epoch 63 loss: 198.01054191589355; train accuracy: 0.45345818653810493; test accuracy: 0.1292
2025-10-29 22:33:14 [INFO]  Epoch 64 loss: 195.41244077682495; train accuracy: 0.535416280363434; test accuracy: 0.1515
2025-10-29 22:33:35 [INFO]  Epoch 65 loss: 192.27064514160156; train accuracy: 0.46476914518820694; test accuracy: 0.1357
2025-10-29 22:33:35 [INFO]  Save the model in ./checkpoints/CIFAR100_alpha0.05/local_models/client_4/epoch_65.pth
2025-10-29 22:33:55 [INFO]  Epoch 66 loss: 190.88086700439453; train accuracy: 0.5180789912849991; test accuracy: 0.1459
2025-10-29 22:34:18 [INFO]  Epoch 67 loss: 203.22480726242065; train accuracy: 0.4575375486742073; test accuracy: 0.1356
2025-10-29 22:34:39 [INFO]  Epoch 68 loss: 183.70159912109375; train accuracy: 0.49267569071017986; test accuracy: 0.1391
2025-10-29 22:34:59 [INFO]  Epoch 69 loss: 192.58633756637573; train accuracy: 0.5127016502874097; test accuracy: 0.1418
2025-10-29 22:34:59 [INFO]  Client 4 Finish Local Training--------|
2025-10-29 22:34:59 [INFO]  Client 4 Collecting Local Prototypes--------|
2025-10-29 22:34:59 [INFO]  Round 6 Finish--------|
2025-10-29 22:34:59 [INFO]  Model variance: mean: 0.004346444737166166, sum: 48767.25
2025-10-29 22:34:59 [INFO]  g_protos_std (global internal): 0.998328
2025-10-29 22:34:59 [INFO]  inter_client_proto_std (cross-client): 0.015941
2025-10-29 22:34:59 [INFO]  g_protos_std (global internal): 0.998328
2025-10-29 22:34:59 [INFO]  inter_client_proto_std (cross-client): 0.015941
2025-10-29 22:34:59 [INFO]  V4 Training | Using Simple Feature-level Server.
2025-10-29 22:35:06 [INFO]  The test accuracy of OursV4+SimpleFeatureServer: 0.3443
2025-10-29 22:35:06 [INFO]  Save config to ./checkpoints/CIFAR100_alpha0.05/baselines_OursV4+SimpleFeatureServer_CIFAR10_results.yaml
2025-10-29 22:35:06 [INFO]  Round 7 starts--------|
2025-10-29 22:35:06 [INFO]  Client 0 Starts Local Trainning--------|
2025-10-29 22:35:22 [INFO]  Epoch 70 loss: 141.6525912284851; train accuracy: 0.6421363524489294; test accuracy: 0.127
2025-10-29 22:35:22 [INFO]  Save the model in ./checkpoints/CIFAR100_alpha0.05/local_models/client_0/epoch_70.pth
2025-10-29 22:35:38 [INFO]  Epoch 71 loss: 131.98056745529175; train accuracy: 0.577775043071622; test accuracy: 0.1161
2025-10-29 22:35:55 [INFO]  Epoch 72 loss: 136.44727039337158; train accuracy: 0.5986955451636722; test accuracy: 0.1237
2025-10-29 22:36:11 [INFO]  Epoch 73 loss: 133.31392526626587; train accuracy: 0.6204774796948068; test accuracy: 0.1221
2025-10-29 22:36:27 [INFO]  Epoch 74 loss: 125.86592435836792; train accuracy: 0.6057100664533596; test accuracy: 0.1218
2025-10-29 22:36:44 [INFO]  Epoch 75 loss: 138.10537958145142; train accuracy: 0.6144474526212158; test accuracy: 0.1261
2025-10-29 22:36:45 [INFO]  Save the model in ./checkpoints/CIFAR100_alpha0.05/local_models/client_0/epoch_75.pth
2025-10-29 22:37:01 [INFO]  Epoch 76 loss: 125.41588115692139; train accuracy: 0.6252768889982772; test accuracy: 0.1247
2025-10-29 22:37:16 [INFO]  Epoch 77 loss: 125.86379623413086; train accuracy: 0.5625153827221265; test accuracy: 0.1142
2025-10-29 22:37:32 [INFO]  Epoch 78 loss: 129.8590350151062; train accuracy: 0.6127245877430471; test accuracy: 0.1248
2025-10-29 22:37:48 [INFO]  Epoch 79 loss: 124.62914943695068; train accuracy: 0.6493969972926409; test accuracy: 0.1322
2025-10-29 22:37:48 [INFO]  Client 0 Finish Local Training--------|
2025-10-29 22:37:48 [INFO]  Client 0 Collecting Local Prototypes--------|
2025-10-29 22:37:48 [INFO]  Client 1 Starts Local Trainning--------|
2025-10-29 22:38:07 [INFO]  Epoch 70 loss: 162.69571018218994; train accuracy: 0.4602949208083015; test accuracy: 0.0935
2025-10-29 22:38:08 [INFO]  Save the model in ./checkpoints/CIFAR100_alpha0.05/local_models/client_1/epoch_70.pth
2025-10-29 22:38:26 [INFO]  Epoch 71 loss: 161.49076652526855; train accuracy: 0.5304205352266521; test accuracy: 0.1104
2025-10-29 22:38:45 [INFO]  Epoch 72 loss: 162.5866403579712; train accuracy: 0.48749317312943746; test accuracy: 0.1003
2025-10-29 22:39:04 [INFO]  Epoch 73 loss: 159.8166093826294; train accuracy: 0.49240851993446205; test accuracy: 0.0998
2025-10-29 22:39:21 [INFO]  Epoch 74 loss: 159.5778932571411; train accuracy: 0.5381758601856909; test accuracy: 0.1094
2025-10-29 22:39:41 [INFO]  Epoch 75 loss: 160.63467979431152; train accuracy: 0.49284543965046423; test accuracy: 0.1047
2025-10-29 22:39:42 [INFO]  Save the model in ./checkpoints/CIFAR100_alpha0.05/local_models/client_1/epoch_75.pth
2025-10-29 22:40:01 [INFO]  Epoch 76 loss: 159.623188495636; train accuracy: 0.5103222282905516; test accuracy: 0.1044
2025-10-29 22:40:18 [INFO]  Epoch 77 loss: 163.1659173965454; train accuracy: 0.5332605133806663; test accuracy: 0.1091
2025-10-29 22:40:37 [INFO]  Epoch 78 loss: 151.57681560516357; train accuracy: 0.5049699617695248; test accuracy: 0.1031
2025-10-29 22:40:55 [INFO]  Epoch 79 loss: 159.39496564865112; train accuracy: 0.5630802839978154; test accuracy: 0.1172
2025-10-29 22:40:55 [INFO]  Client 1 Finish Local Training--------|
2025-10-29 22:40:55 [INFO]  Client 1 Collecting Local Prototypes--------|
2025-10-29 22:40:55 [INFO]  Client 2 Starts Local Trainning--------|
2025-10-29 22:41:15 [INFO]  Epoch 70 loss: 179.4648962020874; train accuracy: 0.4712972056066423; test accuracy: 0.1256
2025-10-29 22:41:16 [INFO]  Save the model in ./checkpoints/CIFAR100_alpha0.05/local_models/client_2/epoch_70.pth
2025-10-29 22:41:38 [INFO]  Epoch 71 loss: 184.83783197402954; train accuracy: 0.4480849924113918; test accuracy: 0.1212
2025-10-29 22:42:00 [INFO]  Epoch 72 loss: 172.09705781936646; train accuracy: 0.5172752432818498; test accuracy: 0.1351
2025-10-29 22:42:22 [INFO]  Epoch 73 loss: 177.07014179229736; train accuracy: 0.5417373448799214; test accuracy: 0.1456
2025-10-29 22:42:43 [INFO]  Epoch 74 loss: 181.96881008148193; train accuracy: 0.5045978037675207; test accuracy: 0.1396
2025-10-29 22:43:03 [INFO]  Epoch 75 loss: 176.45122575759888; train accuracy: 0.5362914025533434; test accuracy: 0.1395
2025-10-29 22:43:04 [INFO]  Save the model in ./checkpoints/CIFAR100_alpha0.05/local_models/client_2/epoch_75.pth
2025-10-29 22:43:25 [INFO]  Epoch 76 loss: 176.75774955749512; train accuracy: 0.4940630300865994; test accuracy: 0.1317
2025-10-29 22:43:46 [INFO]  Epoch 77 loss: 176.72767686843872; train accuracy: 0.5088831354343362; test accuracy: 0.1354
2025-10-29 22:44:06 [INFO]  Epoch 78 loss: 178.62312078475952; train accuracy: 0.5279885724488885; test accuracy: 0.1393
2025-10-29 22:44:27 [INFO]  Epoch 79 loss: 168.98345613479614; train accuracy: 0.5728952772073922; test accuracy: 0.1458
2025-10-29 22:44:27 [INFO]  Client 2 Finish Local Training--------|
2025-10-29 22:44:27 [INFO]  Client 2 Collecting Local Prototypes--------|
2025-10-29 22:44:27 [INFO]  Client 3 Starts Local Trainning--------|
2025-10-29 22:44:48 [INFO]  Epoch 70 loss: 157.92143154144287; train accuracy: 0.5435147223257547; test accuracy: 0.1328
2025-10-29 22:44:48 [INFO]  Save the model in ./checkpoints/CIFAR100_alpha0.05/local_models/client_3/epoch_70.pth
2025-10-29 22:45:09 [INFO]  Epoch 71 loss: 168.14887142181396; train accuracy: 0.6254193067461796; test accuracy: 0.1537
2025-10-29 22:45:31 [INFO]  Epoch 72 loss: 168.82604265213013; train accuracy: 0.6092061125605666; test accuracy: 0.1527
2025-10-29 22:45:52 [INFO]  Epoch 73 loss: 158.73550987243652; train accuracy: 0.6121878494222884; test accuracy: 0.1481
2025-10-29 22:46:12 [INFO]  Epoch 74 loss: 167.35295295715332; train accuracy: 0.6019381289601192; test accuracy: 0.148
2025-10-29 22:46:33 [INFO]  Epoch 75 loss: 164.33445644378662; train accuracy: 0.5448192322027581; test accuracy: 0.1345
2025-10-29 22:46:34 [INFO]  Save the model in ./checkpoints/CIFAR100_alpha0.05/local_models/client_3/epoch_75.pth
2025-10-29 22:46:54 [INFO]  Epoch 76 loss: 156.9039044380188; train accuracy: 0.6091129332836377; test accuracy: 0.1517
2025-10-29 22:47:15 [INFO]  Epoch 77 loss: 152.31815767288208; train accuracy: 0.6271897130078271; test accuracy: 0.1514
2025-10-29 22:47:36 [INFO]  Epoch 78 loss: 162.52192783355713; train accuracy: 0.624767051807678; test accuracy: 0.1518
2025-10-29 22:47:57 [INFO]  Epoch 79 loss: 158.74015188217163; train accuracy: 0.6483414088706672; test accuracy: 0.1571
2025-10-29 22:47:57 [INFO]  Client 3 Finish Local Training--------|
2025-10-29 22:47:57 [INFO]  Client 3 Collecting Local Prototypes--------|
2025-10-29 22:47:57 [INFO]  Client 4 Starts Local Trainning--------|
2025-10-29 22:48:18 [INFO]  Epoch 70 loss: 201.1597990989685; train accuracy: 0.546356387910254; test accuracy: 0.1533
2025-10-29 22:48:18 [INFO]  Save the model in ./checkpoints/CIFAR100_alpha0.05/local_models/client_4/epoch_70.pth
2025-10-29 22:48:41 [INFO]  Epoch 71 loss: 196.742036819458; train accuracy: 0.42379009827554237; test accuracy: 0.123
2025-10-29 22:49:02 [INFO]  Epoch 72 loss: 189.75034427642822; train accuracy: 0.45605414426107915; test accuracy: 0.1309
2025-10-29 22:49:22 [INFO]  Epoch 73 loss: 193.61974906921387; train accuracy: 0.4894307435564621; test accuracy: 0.1399
2025-10-29 22:49:42 [INFO]  Epoch 74 loss: 189.68031883239746; train accuracy: 0.5255887261264602; test accuracy: 0.1497
2025-10-29 22:50:03 [INFO]  Epoch 75 loss: 184.72079181671143; train accuracy: 0.5262377155572038; test accuracy: 0.1483
2025-10-29 22:50:03 [INFO]  Save the model in ./checkpoints/CIFAR100_alpha0.05/local_models/client_4/epoch_75.pth
2025-10-29 22:50:24 [INFO]  Epoch 76 loss: 190.37766695022583; train accuracy: 0.46977563508251435; test accuracy: 0.1342
2025-10-29 22:50:44 [INFO]  Epoch 77 loss: 185.7771978378296; train accuracy: 0.5280919710736139; test accuracy: 0.1466
2025-10-29 22:51:04 [INFO]  Epoch 78 loss: 176.93310451507568; train accuracy: 0.563137400333766; test accuracy: 0.1603
2025-10-29 22:51:25 [INFO]  Epoch 79 loss: 183.25169610977173; train accuracy: 0.48664936028184685; test accuracy: 0.1377
2025-10-29 22:51:25 [INFO]  Client 4 Finish Local Training--------|
2025-10-29 22:51:25 [INFO]  Client 4 Collecting Local Prototypes--------|
2025-10-29 22:51:25 [INFO]  Round 7 Finish--------|
2025-10-29 22:51:25 [INFO]  Model variance: mean: 0.004684431944042444, sum: 52559.4765625
2025-10-29 22:51:25 [INFO]  g_protos_std (global internal): 0.998428
2025-10-29 22:51:25 [INFO]  inter_client_proto_std (cross-client): 0.016644
2025-10-29 22:51:25 [INFO]  g_protos_std (global internal): 0.998428
2025-10-29 22:51:25 [INFO]  inter_client_proto_std (cross-client): 0.016644
2025-10-29 22:51:25 [INFO]  V4 Training | Using Simple Feature-level Server.
2025-10-29 22:51:31 [INFO]  The test accuracy of OursV4+SimpleFeatureServer: 0.3522
2025-10-29 22:51:31 [INFO]  Save config to ./checkpoints/CIFAR100_alpha0.05/baselines_OursV4+SimpleFeatureServer_CIFAR10_results.yaml
2025-10-29 22:51:31 [INFO]  Round 8 starts--------|
2025-10-29 22:51:31 [INFO]  Client 0 Starts Local Trainning--------|
2025-10-29 22:51:47 [INFO]  Epoch 80 loss: 123.64116525650024; train accuracy: 0.6704405611617031; test accuracy: 0.1348
2025-10-29 22:51:48 [INFO]  Save the model in ./checkpoints/CIFAR100_alpha0.05/local_models/client_0/epoch_80.pth
2025-10-29 22:52:05 [INFO]  Epoch 81 loss: 127.74890327453613; train accuracy: 0.6511198621708097; test accuracy: 0.1293
2025-10-29 22:52:21 [INFO]  Epoch 82 loss: 135.13150691986084; train accuracy: 0.5620231356140782; test accuracy: 0.1148
2025-10-29 22:52:38 [INFO]  Epoch 83 loss: 132.7847456932068; train accuracy: 0.5842973172532612; test accuracy: 0.1172
2025-10-29 22:52:55 [INFO]  Epoch 84 loss: 128.53675842285156; train accuracy: 0.5623923209451145; test accuracy: 0.1136
2025-10-29 22:53:12 [INFO]  Epoch 85 loss: 132.08602333068848; train accuracy: 0.5856509968003938; test accuracy: 0.1173
2025-10-29 22:53:12 [INFO]  Save the model in ./checkpoints/CIFAR100_alpha0.05/local_models/client_0/epoch_85.pth
2025-10-29 22:53:30 [INFO]  Epoch 86 loss: 127.75291156768799; train accuracy: 0.6238001476741324; test accuracy: 0.1249
2025-10-29 22:53:47 [INFO]  Epoch 87 loss: 124.21084928512573; train accuracy: 0.6349987693822299; test accuracy: 0.1322
2025-10-29 22:54:04 [INFO]  Epoch 88 loss: 128.0741319656372; train accuracy: 0.6604725572237263; test accuracy: 0.1266
2025-10-29 22:54:20 [INFO]  Epoch 89 loss: 127.13081407546997; train accuracy: 0.6406596111247846; test accuracy: 0.1313
2025-10-29 22:54:20 [INFO]  Client 0 Finish Local Training--------|
2025-10-29 22:54:20 [INFO]  Client 0 Collecting Local Prototypes--------|
2025-10-29 22:54:20 [INFO]  Client 1 Starts Local Trainning--------|
2025-10-29 22:54:38 [INFO]  Epoch 80 loss: 154.85253810882568; train accuracy: 0.5386127799016931; test accuracy: 0.1054
2025-10-29 22:54:39 [INFO]  Save the model in ./checkpoints/CIFAR100_alpha0.05/local_models/client_1/epoch_80.pth
2025-10-29 22:54:57 [INFO]  Epoch 81 loss: 160.05323696136475; train accuracy: 0.5201529219006008; test accuracy: 0.106
2025-10-29 22:55:16 [INFO]  Epoch 82 loss: 156.57645797729492; train accuracy: 0.5377389404696887; test accuracy: 0.1147
2025-10-29 22:55:35 [INFO]  Epoch 83 loss: 150.31750392913818; train accuracy: 0.46182413981430914; test accuracy: 0.0941
2025-10-29 22:55:52 [INFO]  Epoch 84 loss: 163.28616189956665; train accuracy: 0.5403604587657018; test accuracy: 0.1149
2025-10-29 22:56:10 [INFO]  Epoch 85 loss: 151.41149997711182; train accuracy: 0.5274713271436373; test accuracy: 0.1119
2025-10-29 22:56:11 [INFO]  Save the model in ./checkpoints/CIFAR100_alpha0.05/local_models/client_1/epoch_85.pth
2025-10-29 22:56:29 [INFO]  Epoch 86 loss: 151.525803565979; train accuracy: 0.4920808301474604; test accuracy: 0.1033
2025-10-29 22:56:47 [INFO]  Epoch 87 loss: 157.05804872512817; train accuracy: 0.5038776624795194; test accuracy: 0.1058
2025-10-29 22:57:05 [INFO]  Epoch 88 loss: 155.56137943267822; train accuracy: 0.5025669033315129; test accuracy: 0.1018
2025-10-29 22:57:24 [INFO]  Epoch 89 loss: 145.29019212722778; train accuracy: 0.4784270890223921; test accuracy: 0.096
2025-10-29 22:57:24 [INFO]  Client 1 Finish Local Training--------|
2025-10-29 22:57:24 [INFO]  Client 1 Collecting Local Prototypes--------|
2025-10-29 22:57:24 [INFO]  Client 2 Starts Local Trainning--------|
2025-10-29 22:57:47 [INFO]  Epoch 80 loss: 177.13399267196655; train accuracy: 0.5657530577626998; test accuracy: 0.1474
2025-10-29 22:57:47 [INFO]  Save the model in ./checkpoints/CIFAR100_alpha0.05/local_models/client_2/epoch_80.pth
2025-10-29 22:58:10 [INFO]  Epoch 81 loss: 179.56184482574463; train accuracy: 0.572181055262923; test accuracy: 0.1473
2025-10-29 22:58:33 [INFO]  Epoch 82 loss: 175.639244556427; train accuracy: 0.595750379430408; test accuracy: 0.1523
2025-10-29 22:58:55 [INFO]  Epoch 83 loss: 167.30974340438843; train accuracy: 0.5648602803321132; test accuracy: 0.1431
2025-10-29 22:59:20 [INFO]  Epoch 84 loss: 166.35316705703735; train accuracy: 0.5323631818587626; test accuracy: 0.1374
2025-10-29 22:59:42 [INFO]  Epoch 85 loss: 181.00383138656616; train accuracy: 0.5528077850191947; test accuracy: 0.1416
2025-10-29 22:59:42 [INFO]  Save the model in ./checkpoints/CIFAR100_alpha0.05/local_models/client_2/epoch_85.pth
2025-10-29 23:00:05 [INFO]  Epoch 86 loss: 169.8603072166443; train accuracy: 0.4924560307115436; test accuracy: 0.1306
2025-10-29 23:00:26 [INFO]  Epoch 87 loss: 176.3989691734314; train accuracy: 0.5186144094277296; test accuracy: 0.1347
2025-10-29 23:00:48 [INFO]  Epoch 88 loss: 164.1826663017273; train accuracy: 0.5256673511293635; test accuracy: 0.1376
2025-10-29 23:01:12 [INFO]  Epoch 89 loss: 171.25848484039307; train accuracy: 0.6150343719310776; test accuracy: 0.1579
2025-10-29 23:01:12 [INFO]  Client 2 Finish Local Training--------|
2025-10-29 23:01:12 [INFO]  Client 2 Collecting Local Prototypes--------|
2025-10-29 23:01:12 [INFO]  Client 3 Starts Local Trainning--------|
2025-10-29 23:01:33 [INFO]  Epoch 80 loss: 152.38004636764526; train accuracy: 0.6339918002236302; test accuracy: 0.1564
2025-10-29 23:01:35 [INFO]  Save the model in ./checkpoints/CIFAR100_alpha0.05/local_models/client_3/epoch_80.pth
2025-10-29 23:01:56 [INFO]  Epoch 81 loss: 159.10762214660645; train accuracy: 0.6791837495341037; test accuracy: 0.1598
2025-10-29 23:02:18 [INFO]  Epoch 82 loss: 159.75548601150513; train accuracy: 0.6529071934401789; test accuracy: 0.159
2025-10-29 23:02:39 [INFO]  Epoch 83 loss: 167.15610361099243; train accuracy: 0.6338054416697726; test accuracy: 0.154
2025-10-29 23:03:00 [INFO]  Epoch 84 loss: 158.438871383667; train accuracy: 0.5975587029444651; test accuracy: 0.1442
2025-10-29 23:03:22 [INFO]  Epoch 85 loss: 154.83228540420532; train accuracy: 0.5779910547894148; test accuracy: 0.1379
2025-10-29 23:03:23 [INFO]  Save the model in ./checkpoints/CIFAR100_alpha0.05/local_models/client_3/epoch_85.pth
2025-10-29 23:03:43 [INFO]  Epoch 86 loss: 157.05521488189697; train accuracy: 0.6243943346999627; test accuracy: 0.1524
2025-10-29 23:04:05 [INFO]  Epoch 87 loss: 159.08260202407837; train accuracy: 0.5953224002981737; test accuracy: 0.1449
2025-10-29 23:04:26 [INFO]  Epoch 88 loss: 153.91199684143066; train accuracy: 0.604081252329482; test accuracy: 0.1468
2025-10-29 23:04:46 [INFO]  Epoch 89 loss: 155.3947319984436; train accuracy: 0.5948565039135296; test accuracy: 0.1418
2025-10-29 23:04:46 [INFO]  Client 3 Finish Local Training--------|
2025-10-29 23:04:46 [INFO]  Client 3 Collecting Local Prototypes--------|
2025-10-29 23:04:46 [INFO]  Client 4 Starts Local Trainning--------|
2025-10-29 23:05:06 [INFO]  Epoch 80 loss: 182.42127799987793; train accuracy: 0.5796402744298165; test accuracy: 0.161
2025-10-29 23:05:07 [INFO]  Save the model in ./checkpoints/CIFAR100_alpha0.05/local_models/client_4/epoch_80.pth
2025-10-29 23:05:26 [INFO]  Epoch 81 loss: 181.8799991607666; train accuracy: 0.5499721861672539; test accuracy: 0.1506
2025-10-29 23:05:47 [INFO]  Epoch 82 loss: 183.80931854248047; train accuracy: 0.4938809567958465; test accuracy: 0.141
2025-10-29 23:06:08 [INFO]  Epoch 83 loss: 175.6992917060852; train accuracy: 0.5265158538846653; test accuracy: 0.1481
2025-10-29 23:06:30 [INFO]  Epoch 84 loss: 171.85912799835205; train accuracy: 0.5594288893009457; test accuracy: 0.1559
2025-10-29 23:06:52 [INFO]  Epoch 85 loss: 196.5451946258545; train accuracy: 0.4750602633042833; test accuracy: 0.1371
2025-10-29 23:06:54 [INFO]  Save the model in ./checkpoints/CIFAR100_alpha0.05/local_models/client_4/epoch_85.pth
2025-10-29 23:07:15 [INFO]  Epoch 86 loss: 182.17914295196533; train accuracy: 0.4935101056925644; test accuracy: 0.1429
2025-10-29 23:07:37 [INFO]  Epoch 87 loss: 176.8954873085022; train accuracy: 0.4923048396068978; test accuracy: 0.1371
2025-10-29 23:07:58 [INFO]  Epoch 88 loss: 175.68035125732422; train accuracy: 0.5089931392545893; test accuracy: 0.1416
2025-10-29 23:08:20 [INFO]  Epoch 89 loss: 169.86558151245117; train accuracy: 0.5453365473762285; test accuracy: 0.1535
2025-10-29 23:08:20 [INFO]  Client 4 Finish Local Training--------|
2025-10-29 23:08:20 [INFO]  Client 4 Collecting Local Prototypes--------|
2025-10-29 23:08:20 [INFO]  Round 8 Finish--------|
2025-10-29 23:08:20 [INFO]  Model variance: mean: 0.0050039635971188545, sum: 56144.6328125
2025-10-29 23:08:20 [INFO]  g_protos_std (global internal): 0.998520
2025-10-29 23:08:20 [INFO]  inter_client_proto_std (cross-client): 0.017260
2025-10-29 23:08:20 [INFO]  g_protos_std (global internal): 0.998520
2025-10-29 23:08:20 [INFO]  inter_client_proto_std (cross-client): 0.017260
2025-10-29 23:08:20 [INFO]  V4 Training | Using Simple Feature-level Server.
2025-10-29 23:08:26 [INFO]  The test accuracy of OursV4+SimpleFeatureServer: 0.378
2025-10-29 23:08:26 [INFO]  Save config to ./checkpoints/CIFAR100_alpha0.05/baselines_OursV4+SimpleFeatureServer_CIFAR10_results.yaml
2025-10-29 23:08:26 [INFO]  Round 9 starts--------|
2025-10-29 23:08:26 [INFO]  Client 0 Starts Local Trainning--------|
2025-10-29 23:08:43 [INFO]  Epoch 90 loss: 129.98532009124756; train accuracy: 0.6439822791041102; test accuracy: 0.1261
2025-10-29 23:08:43 [INFO]  Save the model in ./checkpoints/CIFAR100_alpha0.05/local_models/client_0/epoch_90.pth
2025-10-29 23:09:01 [INFO]  Epoch 91 loss: 122.68350553512573; train accuracy: 0.6110017228648782; test accuracy: 0.1197
2025-10-29 23:09:19 [INFO]  Epoch 92 loss: 120.62197065353394; train accuracy: 0.6425055377799656; test accuracy: 0.1276
2025-10-29 23:09:36 [INFO]  Epoch 93 loss: 119.83974742889404; train accuracy: 0.6410287964558208; test accuracy: 0.1291
2025-10-29 23:09:54 [INFO]  Epoch 94 loss: 118.41016244888306; train accuracy: 0.6394289933546641; test accuracy: 0.1259
2025-10-29 23:10:10 [INFO]  Epoch 95 loss: 122.03723812103271; train accuracy: 0.6380753138075314; test accuracy: 0.1294
2025-10-29 23:10:11 [INFO]  Save the model in ./checkpoints/CIFAR100_alpha0.05/local_models/client_0/epoch_95.pth
2025-10-29 23:10:27 [INFO]  Epoch 96 loss: 119.85758543014526; train accuracy: 0.6212158503568792; test accuracy: 0.1262
2025-10-29 23:10:44 [INFO]  Epoch 97 loss: 123.64173126220703; train accuracy: 0.5746984986463205; test accuracy: 0.1192
2025-10-29 23:11:02 [INFO]  Epoch 98 loss: 120.40605163574219; train accuracy: 0.6544425301501353; test accuracy: 0.1261
2025-10-29 23:11:19 [INFO]  Epoch 99 loss: 131.43908405303955; train accuracy: 0.5854048732463697; test accuracy: 0.1189
2025-10-29 23:11:19 [INFO]  Client 0 Finish Local Training--------|
2025-10-29 23:11:19 [INFO]  Client 0 Collecting Local Prototypes--------|
2025-10-29 23:11:19 [INFO]  Client 1 Starts Local Trainning--------|
2025-10-29 23:11:37 [INFO]  Epoch 90 loss: 148.4853916168213; train accuracy: 0.5064991807755325; test accuracy: 0.1013
2025-10-29 23:11:37 [INFO]  Save the model in ./checkpoints/CIFAR100_alpha0.05/local_models/client_1/epoch_90.pth
2025-10-29 23:11:56 [INFO]  Epoch 91 loss: 146.4800615310669; train accuracy: 0.6276351720371381; test accuracy: 0.1266
2025-10-29 23:12:14 [INFO]  Epoch 92 loss: 146.55814027786255; train accuracy: 0.6043691971600218; test accuracy: 0.1227
2025-10-29 23:12:32 [INFO]  Epoch 93 loss: 145.38547277450562; train accuracy: 0.5646095030038231; test accuracy: 0.1161
2025-10-29 23:12:51 [INFO]  Epoch 94 loss: 150.97955322265625; train accuracy: 0.5165483342435827; test accuracy: 0.1091
2025-10-29 23:13:09 [INFO]  Epoch 95 loss: 143.4068169593811; train accuracy: 0.5144729655925724; test accuracy: 0.1068
2025-10-29 23:13:09 [INFO]  Save the model in ./checkpoints/CIFAR100_alpha0.05/local_models/client_1/epoch_95.pth
2025-10-29 23:13:28 [INFO]  Epoch 96 loss: 149.92431592941284; train accuracy: 0.5306389950846532; test accuracy: 0.1087
2025-10-29 23:13:47 [INFO]  Epoch 97 loss: 155.3431420326233; train accuracy: 0.5684325505188421; test accuracy: 0.1154
2025-10-29 23:14:06 [INFO]  Epoch 98 loss: 144.6322159767151; train accuracy: 0.5295466957946477; test accuracy: 0.1106
2025-10-29 23:14:24 [INFO]  Epoch 99 loss: 159.54737520217896; train accuracy: 0.5237575095576188; test accuracy: 0.109
2025-10-29 23:14:24 [INFO]  Client 1 Finish Local Training--------|
2025-10-29 23:14:24 [INFO]  Client 1 Collecting Local Prototypes--------|
2025-10-29 23:14:24 [INFO]  Client 2 Starts Local Trainning--------|
2025-10-29 23:14:46 [INFO]  Epoch 90 loss: 166.50313711166382; train accuracy: 0.6375323631818588; test accuracy: 0.1615
2025-10-29 23:14:47 [INFO]  Save the model in ./checkpoints/CIFAR100_alpha0.05/local_models/client_2/epoch_90.pth
2025-10-29 23:15:09 [INFO]  Epoch 91 loss: 172.9500937461853; train accuracy: 0.5819123292563164; test accuracy: 0.1502
2025-10-29 23:15:30 [INFO]  Epoch 92 loss: 167.61282539367676; train accuracy: 0.627890366931524; test accuracy: 0.1651
2025-10-29 23:15:52 [INFO]  Epoch 93 loss: 159.55087995529175; train accuracy: 0.5043299705383448; test accuracy: 0.1308
2025-10-29 23:16:14 [INFO]  Epoch 94 loss: 172.5179958343506; train accuracy: 0.662351575752165; test accuracy: 0.167
2025-10-29 23:16:36 [INFO]  Epoch 95 loss: 163.75767707824707; train accuracy: 0.5685206677975181; test accuracy: 0.1473
2025-10-29 23:16:36 [INFO]  Save the model in ./checkpoints/CIFAR100_alpha0.05/local_models/client_2/epoch_95.pth
2025-10-29 23:17:00 [INFO]  Epoch 96 loss: 159.6880931854248; train accuracy: 0.5595928934916525; test accuracy: 0.1448
2025-10-29 23:17:22 [INFO]  Epoch 97 loss: 165.24126958847046; train accuracy: 0.5973573788054638; test accuracy: 0.1529
2025-10-29 23:17:44 [INFO]  Epoch 98 loss: 153.55270767211914; train accuracy: 0.5809302740826712; test accuracy: 0.15
2025-10-29 23:18:05 [INFO]  Epoch 99 loss: 162.63939428329468; train accuracy: 0.6143201499866083; test accuracy: 0.1575
2025-10-29 23:18:05 [INFO]  Client 2 Finish Local Training--------|
2025-10-29 23:18:05 [INFO]  Client 2 Collecting Local Prototypes--------|
2025-10-29 23:18:05 [INFO]  Client 3 Starts Local Trainning--------|
2025-10-29 23:18:26 [INFO]  Epoch 90 loss: 150.06293058395386; train accuracy: 0.5758479314200522; test accuracy: 0.1424
2025-10-29 23:18:27 [INFO]  Save the model in ./checkpoints/CIFAR100_alpha0.05/local_models/client_3/epoch_90.pth
2025-10-29 23:18:48 [INFO]  Epoch 91 loss: 157.64500665664673; train accuracy: 0.6201080879612374; test accuracy: 0.1506
2025-10-29 23:19:09 [INFO]  Epoch 92 loss: 162.59533309936523; train accuracy: 0.6071561684681327; test accuracy: 0.1424
2025-10-29 23:19:31 [INFO]  Epoch 93 loss: 151.91483402252197; train accuracy: 0.6393961982855013; test accuracy: 0.1566
2025-10-29 23:19:52 [INFO]  Epoch 94 loss: 155.30988788604736; train accuracy: 0.6786246738725308; test accuracy: 0.1651
2025-10-29 23:20:13 [INFO]  Epoch 95 loss: 160.2991762161255; train accuracy: 0.7091874767051808; test accuracy: 0.1651
2025-10-29 23:20:14 [INFO]  Save the model in ./checkpoints/CIFAR100_alpha0.05/local_models/client_3/epoch_95.pth
2025-10-29 23:20:33 [INFO]  Epoch 96 loss: 155.56384086608887; train accuracy: 0.6435892657472978; test accuracy: 0.1515
2025-10-29 23:20:54 [INFO]  Epoch 97 loss: 151.67722988128662; train accuracy: 0.6330600074543421; test accuracy: 0.1538
2025-10-29 23:21:16 [INFO]  Epoch 98 loss: 151.34041547775269; train accuracy: 0.6864517331345509; test accuracy: 0.166
2025-10-29 23:21:38 [INFO]  Epoch 99 loss: 148.60350561141968; train accuracy: 0.6522549385016773; test accuracy: 0.1559
2025-10-29 23:21:38 [INFO]  Client 3 Finish Local Training--------|
2025-10-29 23:21:38 [INFO]  Client 3 Collecting Local Prototypes--------|
2025-10-29 23:21:38 [INFO]  Client 4 Starts Local Trainning--------|
2025-10-29 23:22:00 [INFO]  Epoch 90 loss: 177.76359510421753; train accuracy: 0.5544223994066383; test accuracy: 0.154
2025-10-29 23:22:00 [INFO]  Save the model in ./checkpoints/CIFAR100_alpha0.05/local_models/client_4/epoch_90.pth
2025-10-29 23:22:22 [INFO]  Epoch 91 loss: 181.69114351272583; train accuracy: 0.6017986278509179; test accuracy: 0.1646
2025-10-29 23:22:43 [INFO]  Epoch 92 loss: 167.84378910064697; train accuracy: 0.5275356944186909; test accuracy: 0.1476
2025-10-29 23:23:05 [INFO]  Epoch 93 loss: 173.41461324691772; train accuracy: 0.5227146300760245; test accuracy: 0.1486
2025-10-29 23:23:26 [INFO]  Epoch 94 loss: 179.51539850234985; train accuracy: 0.5043575004635639; test accuracy: 0.1407
2025-10-29 23:23:48 [INFO]  Epoch 95 loss: 170.01031279563904; train accuracy: 0.4974040422770258; test accuracy: 0.1388
2025-10-29 23:23:49 [INFO]  Save the model in ./checkpoints/CIFAR100_alpha0.05/local_models/client_4/epoch_95.pth
2025-10-29 23:24:12 [INFO]  Epoch 96 loss: 171.12854862213135; train accuracy: 0.5470053773409976; test accuracy: 0.1514
2025-10-29 23:24:33 [INFO]  Epoch 97 loss: 162.91223645210266; train accuracy: 0.6193213424809939; test accuracy: 0.169
2025-10-29 23:24:55 [INFO]  Epoch 98 loss: 162.54165887832642; train accuracy: 0.5210458001112553; test accuracy: 0.1433
2025-10-29 23:25:16 [INFO]  Epoch 99 loss: 181.75328016281128; train accuracy: 0.5470053773409976; test accuracy: 0.1521
2025-10-29 23:25:16 [INFO]  Client 4 Finish Local Training--------|
2025-10-29 23:25:16 [INFO]  Client 4 Collecting Local Prototypes--------|
2025-10-29 23:25:16 [INFO]  Round 9 Finish--------|
2025-10-29 23:25:16 [INFO]  Model variance: mean: 0.005308192223310471, sum: 59558.0859375
2025-10-29 23:25:16 [INFO]  g_protos_std (global internal): 0.998607
2025-10-29 23:25:16 [INFO]  inter_client_proto_std (cross-client): 0.017793
2025-10-29 23:25:16 [INFO]  g_protos_std (global internal): 0.998607
2025-10-29 23:25:16 [INFO]  inter_client_proto_std (cross-client): 0.017793
2025-10-29 23:25:16 [INFO]  V4 Training | Using Simple Feature-level Server.
2025-10-29 23:25:22 [INFO]  The test accuracy of OursV4+SimpleFeatureServer: 0.3841
2025-10-29 23:25:22 [INFO]  Save config to ./checkpoints/CIFAR100_alpha0.05/baselines_OursV4+SimpleFeatureServer_CIFAR10_results.yaml
