2025-10-30 10:42:00 [INFO]  Load config from ./configs/CIFAR100_alpha0.05.yaml
2025-10-30 10:42:00 [INFO]  config: {'exp_name': 'CIFAR100_alpha0.05', 'dataset': {'data_name': 'CIFAR100', 'root_path': 'H:/codes/dataset', 'train_batch_size': 512, 'test_batch_size': 256, 'channels': 3, 'num_classes': 100, 'image_size': 32}, 'distribution': {'type': 'dirichlet', 'label_num_per_client': 2, 'alpha': 0.05}, 'client': {'num_clients': 5}, 'server': {'num_rounds': 10, 'frac_clients': 1.0, 'lr': 0.05, 'local_epochs': 10, 'optimizer': 'sgd', 'momentum': 0.9, 'weight_decay': 0.0001, 'loss_name': 'ce', 'model_name': 'resnet18', 'aggregated_by_datasize': True, 'lr_decay_per_round': 0.998}, 'device': 'cuda:0', 'checkpoint': {'save_path': './checkpoints/', 'save_freq': 5, 'result_file': 'CIFAR10_results.yaml'}, 'pretrain': {'lr': 0.01, 'epoch': 70, 'model_path': './pretrain/', 'momentum': 0.9, 'weight_decay': 0.0001, 'model_name': 'resnet18', 'model_file_name': 'resnet18-f37072fd.pth'}, 'DBCD': {'alpha_l_pa': 1, 'alpha_l_pb': 1, 'alpha_l_pc': 0.0, 'Beta_alpha': 0.2, 'unsup_method': 'infonce', 'contrastive_temperature': 0.5, 'encoder_epoch': 40, 'projector_epoch': 10, 'use_pretrain': False, 'aug_batch_size': 512, 'encoder_lr': 0.03, 'cls_optimizer': 'sgd', 'cls_lr': 0.05, 'supcon_temp': 0.07, 'super_gr': 100, 'aux_with_public': True}, 'etf': {'loss_name': 'ce'}, 'visualization': {'interval': 5, 'save_path': 'visualization/resnet18', 'vis_size': 16}, 'resume': True, 'resume_best': False, 'seed': 1, 'lambda_align_initial': 20.0, 'v9_config': {'use_adaptive_lambda': True, 'lambda_min': 0.1, 'lambda_max': 20.0, 'use_server_optimization': False, 'server_lr': 0.001, 'server_epochs': 20, 'gamma_etf_reg': 0.1}, 'v10_config': {'use_uncertainty_weighting': True, 'sigma_lr': 0.0001}}
2025-10-30 10:42:02 [INFO]  Dataset CIFAR100 loaded
2025-10-30 10:42:02 [INFO]  Dataset index dict loaded from preprocessed_data/CIFAR100.pt
2025-10-30 10:42:02 [INFO]  Data distribution generated correctly using the corrected dirichlet function.
2025-10-30 10:42:02 [INFO]  Total assigned samples: 50000
2025-10-30 10:42:02 [INFO]  OneshotOursV7 with DRCL (ETF Anchors) and Lambda Annealing
2025-10-30 10:42:03 [INFO]  Initialized ETF fixed anchors with shape: torch.Size([100, 512])
2025-10-30 10:42:03 [INFO]  Round 0 starts--------|
2025-10-30 10:42:03 [INFO]  Client 0 Starts Local Trainning--------|
2025-10-30 10:42:10 [INFO]  Using provided lambda_align_initial: 20.0
2025-10-30 10:42:29 [INFO]  Epoch 0 loss: 570.5667457580566; train accuracy: 0.12343096234309624; test accuracy: 0.0234
2025-10-30 10:42:30 [INFO]  Save the model in ./checkpoints/CIFAR100_alpha0.05/local_models/client_0/epoch_0.pth
2025-10-30 10:42:48 [INFO]  Epoch 1 loss: 529.2376747131348; train accuracy: 0.18840758060546395; test accuracy: 0.0349
2025-10-30 10:43:06 [INFO]  Epoch 2 loss: 516.9612312316895; train accuracy: 0.13389121338912133; test accuracy: 0.0224
2025-10-30 10:43:25 [INFO]  Epoch 3 loss: 505.5829792022705; train accuracy: 0.17856263844449913; test accuracy: 0.033
2025-10-30 10:43:43 [INFO]  Epoch 4 loss: 500.7386226654053; train accuracy: 0.21154319468373123; test accuracy: 0.037
2025-10-30 10:44:01 [INFO]  Epoch 5 loss: 492.5470218658447; train accuracy: 0.21818853064238247; test accuracy: 0.0371
2025-10-30 10:44:02 [INFO]  Save the model in ./checkpoints/CIFAR100_alpha0.05/local_models/client_0/epoch_5.pth
2025-10-30 10:44:19 [INFO]  Epoch 6 loss: 488.319278717041; train accuracy: 0.1514890475018459; test accuracy: 0.0283
2025-10-30 10:44:39 [INFO]  Epoch 7 loss: 482.5927200317383; train accuracy: 0.20908195914349004; test accuracy: 0.0373
2025-10-30 10:44:59 [INFO]  Epoch 8 loss: 475.3018608093262; train accuracy: 0.23923209451144475; test accuracy: 0.0422
2025-10-30 10:45:17 [INFO]  Epoch 9 loss: 468.0627727508545; train accuracy: 0.23603248830913118; test accuracy: 0.0461
2025-10-30 10:45:17 [INFO]  Client 0 Finish Local Training--------|
2025-10-30 10:45:17 [INFO]  Client 0 Collecting Local Prototypes--------|
2025-10-30 10:45:17 [INFO]  Client 1 Starts Local Trainning--------|
2025-10-30 10:45:25 [INFO]  Using provided lambda_align_initial: 20.0
2025-10-30 10:45:45 [INFO]  Epoch 0 loss: 642.0929527282715; train accuracy: 0.16766794101583835; test accuracy: 0.0339
2025-10-30 10:45:46 [INFO]  Save the model in ./checkpoints/CIFAR100_alpha0.05/local_models/client_1/epoch_0.pth
2025-10-30 10:46:06 [INFO]  Epoch 1 loss: 599.3290786743164; train accuracy: 0.2056799563080284; test accuracy: 0.0401
2025-10-30 10:46:24 [INFO]  Epoch 2 loss: 583.5803070068359; train accuracy: 0.16930638995084654; test accuracy: 0.0346
2025-10-30 10:46:46 [INFO]  Epoch 3 loss: 577.477725982666; train accuracy: 0.2144183506280721; test accuracy: 0.0427
2025-10-30 10:47:07 [INFO]  Epoch 4 loss: 570.540901184082; train accuracy: 0.1517203713817586; test accuracy: 0.0296
2025-10-30 10:47:27 [INFO]  Epoch 5 loss: 559.9208889007568; train accuracy: 0.23604587657018022; test accuracy: 0.0457
2025-10-30 10:47:27 [INFO]  Save the model in ./checkpoints/CIFAR100_alpha0.05/local_models/client_1/epoch_5.pth
2025-10-30 10:47:46 [INFO]  Epoch 6 loss: 553.2016448974609; train accuracy: 0.19486619333697433; test accuracy: 0.0386
2025-10-30 10:48:08 [INFO]  Epoch 7 loss: 548.9691982269287; train accuracy: 0.18645548880393228; test accuracy: 0.036
2025-10-30 10:48:28 [INFO]  Epoch 8 loss: 541.4182949066162; train accuracy: 0.25363189513926815; test accuracy: 0.0496
2025-10-30 10:48:47 [INFO]  Epoch 9 loss: 531.6940860748291; train accuracy: 0.19770617149098854; test accuracy: 0.0389
2025-10-30 10:48:47 [INFO]  Client 1 Finish Local Training--------|
2025-10-30 10:48:47 [INFO]  Client 1 Collecting Local Prototypes--------|
2025-10-30 10:48:47 [INFO]  Client 2 Starts Local Trainning--------|
2025-10-30 10:48:57 [INFO]  Using provided lambda_align_initial: 20.0
2025-10-30 10:49:21 [INFO]  Epoch 0 loss: 788.5377006530762; train accuracy: 0.1082939023301491; test accuracy: 0.0258
2025-10-30 10:49:22 [INFO]  Save the model in ./checkpoints/CIFAR100_alpha0.05/local_models/client_2/epoch_0.pth
2025-10-30 10:49:46 [INFO]  Epoch 1 loss: 730.1431541442871; train accuracy: 0.16748504597803768; test accuracy: 0.0372
2025-10-30 10:50:08 [INFO]  Epoch 2 loss: 709.530294418335; train accuracy: 0.16436032497098474; test accuracy: 0.0399
2025-10-30 10:50:30 [INFO]  Epoch 3 loss: 692.968412399292; train accuracy: 0.19944647799303633; test accuracy: 0.049
2025-10-30 10:50:51 [INFO]  Epoch 4 loss: 689.0409145355225; train accuracy: 0.2143558610838318; test accuracy: 0.0522
2025-10-30 10:51:13 [INFO]  Epoch 5 loss: 678.7752265930176; train accuracy: 0.17810909740201766; test accuracy: 0.0423
2025-10-30 10:51:14 [INFO]  Save the model in ./checkpoints/CIFAR100_alpha0.05/local_models/client_2/epoch_5.pth
2025-10-30 10:51:35 [INFO]  Epoch 6 loss: 669.0651397705078; train accuracy: 0.19292920274975447; test accuracy: 0.0462
2025-10-30 10:51:57 [INFO]  Epoch 7 loss: 656.8133811950684; train accuracy: 0.18873314882599768; test accuracy: 0.0471
2025-10-30 10:52:21 [INFO]  Epoch 8 loss: 646.5025806427002; train accuracy: 0.22283724667440408; test accuracy: 0.0548
2025-10-30 10:52:43 [INFO]  Epoch 9 loss: 640.783369064331; train accuracy: 0.2373895187929649; test accuracy: 0.0609
2025-10-30 10:52:43 [INFO]  Client 2 Finish Local Training--------|
2025-10-30 10:52:43 [INFO]  Client 2 Collecting Local Prototypes--------|
2025-10-30 10:52:43 [INFO]  Client 3 Starts Local Trainning--------|
2025-10-30 10:52:53 [INFO]  Using provided lambda_align_initial: 20.0
2025-10-30 10:53:16 [INFO]  Epoch 0 loss: 735.0242042541504; train accuracy: 0.1325941110696981; test accuracy: 0.0305
2025-10-30 10:53:16 [INFO]  Save the model in ./checkpoints/CIFAR100_alpha0.05/local_models/client_3/epoch_0.pth
2025-10-30 10:53:40 [INFO]  Epoch 1 loss: 684.5380439758301; train accuracy: 0.17592247484159523; test accuracy: 0.0361
2025-10-30 10:54:04 [INFO]  Epoch 2 loss: 668.5986080169678; train accuracy: 0.15188222139396199; test accuracy: 0.0328
2025-10-30 10:54:27 [INFO]  Epoch 3 loss: 659.287691116333; train accuracy: 0.17974282519567647; test accuracy: 0.039
2025-10-30 10:54:48 [INFO]  Epoch 4 loss: 646.9160861968994; train accuracy: 0.1975400670890794; test accuracy: 0.044
2025-10-30 10:55:10 [INFO]  Epoch 5 loss: 640.5492343902588; train accuracy: 0.16753633991800224; test accuracy: 0.0366
2025-10-30 10:55:11 [INFO]  Save the model in ./checkpoints/CIFAR100_alpha0.05/local_models/client_3/epoch_5.pth
2025-10-30 10:55:33 [INFO]  Epoch 6 loss: 625.8117084503174; train accuracy: 0.256429370108088; test accuracy: 0.0565
2025-10-30 10:55:54 [INFO]  Epoch 7 loss: 621.0300674438477; train accuracy: 0.25885203130823703; test accuracy: 0.0576
2025-10-30 10:56:15 [INFO]  Epoch 8 loss: 611.2068710327148; train accuracy: 0.24953410361535594; test accuracy: 0.0545
2025-10-30 10:56:37 [INFO]  Epoch 9 loss: 604.8207149505615; train accuracy: 0.2778606038017145; test accuracy: 0.0642
2025-10-30 10:56:37 [INFO]  Client 3 Finish Local Training--------|
2025-10-30 10:56:37 [INFO]  Client 3 Collecting Local Prototypes--------|
2025-10-30 10:56:37 [INFO]  Client 4 Starts Local Trainning--------|
2025-10-30 10:56:46 [INFO]  Using provided lambda_align_initial: 20.0
2025-10-30 10:57:09 [INFO]  Epoch 0 loss: 783.3098106384277; train accuracy: 0.11913591692935287; test accuracy: 0.0269
2025-10-30 10:57:09 [INFO]  Save the model in ./checkpoints/CIFAR100_alpha0.05/local_models/client_4/epoch_0.pth
2025-10-30 10:57:33 [INFO]  Epoch 1 loss: 732.1548385620117; train accuracy: 0.14036714259224922; test accuracy: 0.0307
2025-10-30 10:57:56 [INFO]  Epoch 2 loss: 717.4292144775391; train accuracy: 0.17383645466345263; test accuracy: 0.0384
2025-10-30 10:58:18 [INFO]  Epoch 3 loss: 702.1340656280518; train accuracy: 0.17708140181717041; test accuracy: 0.0394
2025-10-30 10:58:40 [INFO]  Epoch 4 loss: 695.9011669158936; train accuracy: 0.15251251622473577; test accuracy: 0.0351
2025-10-30 10:59:01 [INFO]  Epoch 5 loss: 683.4719314575195; train accuracy: 0.16215464491006862; test accuracy: 0.0361
2025-10-30 10:59:02 [INFO]  Save the model in ./checkpoints/CIFAR100_alpha0.05/local_models/client_4/epoch_5.pth
2025-10-30 10:59:23 [INFO]  Epoch 6 loss: 678.0351257324219; train accuracy: 0.16382347487483775; test accuracy: 0.0389
2025-10-30 10:59:47 [INFO]  Epoch 7 loss: 667.8665142059326; train accuracy: 0.2150009271277582; test accuracy: 0.0518
2025-10-30 11:00:10 [INFO]  Epoch 8 loss: 656.0191974639893; train accuracy: 0.20934544780270722; test accuracy: 0.053
2025-10-30 11:00:33 [INFO]  Epoch 9 loss: 646.7994918823242; train accuracy: 0.20090858520304097; test accuracy: 0.0517
2025-10-30 11:00:33 [INFO]  Client 4 Finish Local Training--------|
2025-10-30 11:00:33 [INFO]  Client 4 Collecting Local Prototypes--------|
2025-10-30 11:00:33 [INFO]  Round 0 Finish--------|
2025-10-30 11:00:33 [INFO]  Model variance: mean: 0.0016410606913268566, sum: 18412.75390625
2025-10-30 11:00:33 [INFO]  g_protos_std (global internal): 0.980702
2025-10-30 11:00:33 [INFO]  inter_client_proto_std (cross-client): 0.007453
2025-10-30 11:00:33 [INFO]  g_protos_std (global internal): 0.980702
2025-10-30 11:00:33 [INFO]  inter_client_proto_std (cross-client): 0.007453
2025-10-30 11:00:33 [INFO]  V7 Training | Using Simple Feature-level Server.
2025-10-30 11:00:40 [INFO]  The test accuracy of OursV7+SimpleFeatureServer: 0.1077
2025-10-30 11:00:40 [INFO]  Save config to ./checkpoints/CIFAR100_alpha0.05/baselines_OursV7+SimpleFeatureServer_CIFAR10_results.yaml
2025-10-30 11:00:40 [INFO]  Round 1 starts--------|
2025-10-30 11:00:40 [INFO]  Client 0 Starts Local Trainning--------|
2025-10-30 11:00:40 [INFO]  Using provided lambda_align_initial: 20.0
2025-10-30 11:00:58 [INFO]  Epoch 10 loss: 466.9241142272949; train accuracy: 0.28181146935761753; test accuracy: 0.0527
2025-10-30 11:00:58 [INFO]  Save the model in ./checkpoints/CIFAR100_alpha0.05/local_models/client_0/epoch_10.pth
2025-10-30 11:01:14 [INFO]  Epoch 11 loss: 459.67801094055176; train accuracy: 0.21806546886537043; test accuracy: 0.0415
2025-10-30 11:01:32 [INFO]  Epoch 12 loss: 456.66685676574707; train accuracy: 0.26569037656903766; test accuracy: 0.0477
2025-10-30 11:01:50 [INFO]  Epoch 13 loss: 448.1273307800293; train accuracy: 0.2648289441299532; test accuracy: 0.0477
2025-10-30 11:02:08 [INFO]  Epoch 14 loss: 443.4564628601074; train accuracy: 0.31442284026581346; test accuracy: 0.0581
2025-10-30 11:02:25 [INFO]  Epoch 15 loss: 440.48736572265625; train accuracy: 0.27221265075067685; test accuracy: 0.0516
2025-10-30 11:02:25 [INFO]  Save the model in ./checkpoints/CIFAR100_alpha0.05/local_models/client_0/epoch_15.pth
2025-10-30 11:02:42 [INFO]  Epoch 16 loss: 433.5114288330078; train accuracy: 0.3493723849372385; test accuracy: 0.0671
2025-10-30 11:03:00 [INFO]  Epoch 17 loss: 432.39000511169434; train accuracy: 0.33202067437853805; test accuracy: 0.0607
2025-10-30 11:03:18 [INFO]  Epoch 18 loss: 423.5614128112793; train accuracy: 0.24932316022643367; test accuracy: 0.0487
2025-10-30 11:03:36 [INFO]  Epoch 19 loss: 418.94780921936035; train accuracy: 0.33485109524981543; test accuracy: 0.0636
2025-10-30 11:03:36 [INFO]  Client 0 Finish Local Training--------|
2025-10-30 11:03:36 [INFO]  Client 0 Collecting Local Prototypes--------|
2025-10-30 11:03:36 [INFO]  Client 1 Starts Local Trainning--------|
2025-10-30 11:03:36 [INFO]  Using provided lambda_align_initial: 20.0
2025-10-30 11:03:55 [INFO]  Epoch 10 loss: 526.4825916290283; train accuracy: 0.24489350081922448; test accuracy: 0.0508
2025-10-30 11:03:56 [INFO]  Save the model in ./checkpoints/CIFAR100_alpha0.05/local_models/client_1/epoch_10.pth
2025-10-30 11:04:15 [INFO]  Epoch 11 loss: 523.7368927001953; train accuracy: 0.2288367012561442; test accuracy: 0.0449
2025-10-30 11:04:33 [INFO]  Epoch 12 loss: 520.2071514129639; train accuracy: 0.20546149645002731; test accuracy: 0.0428
2025-10-30 11:04:51 [INFO]  Epoch 13 loss: 512.8574352264404; train accuracy: 0.2557072637902785; test accuracy: 0.0487
2025-10-30 11:05:09 [INFO]  Epoch 14 loss: 507.22101974487305; train accuracy: 0.17935554341889678; test accuracy: 0.0341
2025-10-30 11:05:26 [INFO]  Epoch 15 loss: 507.6570796966553; train accuracy: 0.2620425996723102; test accuracy: 0.0524
2025-10-30 11:05:27 [INFO]  Save the model in ./checkpoints/CIFAR100_alpha0.05/local_models/client_1/epoch_15.pth
2025-10-30 11:05:46 [INFO]  Epoch 16 loss: 494.1321315765381; train accuracy: 0.2557072637902785; test accuracy: 0.0514
2025-10-30 11:06:05 [INFO]  Epoch 17 loss: 487.89584732055664; train accuracy: 0.2168214090660841; test accuracy: 0.0426
2025-10-30 11:06:25 [INFO]  Epoch 18 loss: 485.1072196960449; train accuracy: 0.24172583287820862; test accuracy: 0.0496
2025-10-30 11:06:43 [INFO]  Epoch 19 loss: 480.65540504455566; train accuracy: 0.27176406335335884; test accuracy: 0.0549
2025-10-30 11:06:43 [INFO]  Client 1 Finish Local Training--------|
2025-10-30 11:06:43 [INFO]  Client 1 Collecting Local Prototypes--------|
2025-10-30 11:06:43 [INFO]  Client 2 Starts Local Trainning--------|
2025-10-30 11:06:43 [INFO]  Using provided lambda_align_initial: 20.0
2025-10-30 11:07:05 [INFO]  Epoch 10 loss: 632.2368850708008; train accuracy: 0.21810552629229532; test accuracy: 0.0514
2025-10-30 11:07:06 [INFO]  Save the model in ./checkpoints/CIFAR100_alpha0.05/local_models/client_2/epoch_10.pth
2025-10-30 11:07:28 [INFO]  Epoch 11 loss: 626.1313381195068; train accuracy: 0.24997768056423533; test accuracy: 0.0614
2025-10-30 11:07:51 [INFO]  Epoch 12 loss: 621.2115612030029; train accuracy: 0.21890902597982323; test accuracy: 0.0522
2025-10-30 11:08:14 [INFO]  Epoch 13 loss: 610.8439483642578; train accuracy: 0.22622980091063297; test accuracy: 0.0554
2025-10-30 11:08:37 [INFO]  Epoch 14 loss: 602.891035079956; train accuracy: 0.2621194536202125; test accuracy: 0.0647
2025-10-30 11:09:00 [INFO]  Epoch 15 loss: 596.1145191192627; train accuracy: 0.273904115703955; test accuracy: 0.0663
2025-10-30 11:09:01 [INFO]  Save the model in ./checkpoints/CIFAR100_alpha0.05/local_models/client_2/epoch_15.pth
2025-10-30 11:09:25 [INFO]  Epoch 16 loss: 585.1636829376221; train accuracy: 0.2775645031693599; test accuracy: 0.0678
2025-10-30 11:09:48 [INFO]  Epoch 17 loss: 583.8042659759521; train accuracy: 0.31550754396928843; test accuracy: 0.0777
2025-10-30 11:10:11 [INFO]  Epoch 18 loss: 571.2518577575684; train accuracy: 0.29300955271850726; test accuracy: 0.0726
2025-10-30 11:10:34 [INFO]  Epoch 19 loss: 566.1349487304688; train accuracy: 0.2957771627533256; test accuracy: 0.0755
2025-10-30 11:10:34 [INFO]  Client 2 Finish Local Training--------|
2025-10-30 11:10:34 [INFO]  Client 2 Collecting Local Prototypes--------|
2025-10-30 11:10:34 [INFO]  Client 3 Starts Local Trainning--------|
2025-10-30 11:10:34 [INFO]  Using provided lambda_align_initial: 20.0
2025-10-30 11:10:54 [INFO]  Epoch 10 loss: 601.9945755004883; train accuracy: 0.28391725680208724; test accuracy: 0.0621
2025-10-30 11:10:54 [INFO]  Save the model in ./checkpoints/CIFAR100_alpha0.05/local_models/client_3/epoch_10.pth
2025-10-30 11:11:18 [INFO]  Epoch 11 loss: 593.8564624786377; train accuracy: 0.26416325009317926; test accuracy: 0.0593
2025-10-30 11:11:39 [INFO]  Epoch 12 loss: 583.084981918335; train accuracy: 0.24282519567648156; test accuracy: 0.0548
2025-10-30 11:12:00 [INFO]  Epoch 13 loss: 572.8072624206543; train accuracy: 0.2734811777860604; test accuracy: 0.0618
2025-10-30 11:12:20 [INFO]  Epoch 14 loss: 571.8513031005859; train accuracy: 0.32128214685054046; test accuracy: 0.0763
2025-10-30 11:12:43 [INFO]  Epoch 15 loss: 566.0702056884766; train accuracy: 0.2440365262765561; test accuracy: 0.0534
2025-10-30 11:12:43 [INFO]  Save the model in ./checkpoints/CIFAR100_alpha0.05/local_models/client_3/epoch_15.pth
2025-10-30 11:13:06 [INFO]  Epoch 16 loss: 562.0211277008057; train accuracy: 0.31466641818859487; test accuracy: 0.072
2025-10-30 11:13:28 [INFO]  Epoch 17 loss: 555.8839149475098; train accuracy: 0.31606410734252705; test accuracy: 0.0717
2025-10-30 11:13:50 [INFO]  Epoch 18 loss: 544.8550472259521; train accuracy: 0.3158777487886694; test accuracy: 0.0737
2025-10-30 11:14:13 [INFO]  Epoch 19 loss: 532.3554286956787; train accuracy: 0.38296682817741334; test accuracy: 0.0873
2025-10-30 11:14:13 [INFO]  Client 3 Finish Local Training--------|
2025-10-30 11:14:13 [INFO]  Client 3 Collecting Local Prototypes--------|
2025-10-30 11:14:13 [INFO]  Client 4 Starts Local Trainning--------|
2025-10-30 11:14:13 [INFO]  Using provided lambda_align_initial: 20.0
2025-10-30 11:14:35 [INFO]  Epoch 10 loss: 640.48388671875; train accuracy: 0.1862599666234007; test accuracy: 0.0451
2025-10-30 11:14:36 [INFO]  Save the model in ./checkpoints/CIFAR100_alpha0.05/local_models/client_4/epoch_10.pth
2025-10-30 11:14:59 [INFO]  Epoch 11 loss: 637.6141262054443; train accuracy: 0.23066938624142408; test accuracy: 0.0614
2025-10-30 11:15:21 [INFO]  Epoch 12 loss: 625.6645278930664; train accuracy: 0.2423511959948081; test accuracy: 0.0611
2025-10-30 11:15:41 [INFO]  Epoch 13 loss: 618.0361156463623; train accuracy: 0.23039124791396254; test accuracy: 0.0631
2025-10-30 11:16:03 [INFO]  Epoch 14 loss: 609.1027240753174; train accuracy: 0.20628592620063044; test accuracy: 0.0539
2025-10-30 11:16:26 [INFO]  Epoch 15 loss: 601.2228755950928; train accuracy: 0.2509734841461153; test accuracy: 0.0647
2025-10-30 11:16:26 [INFO]  Save the model in ./checkpoints/CIFAR100_alpha0.05/local_models/client_4/epoch_15.pth
2025-10-30 11:16:48 [INFO]  Epoch 16 loss: 601.8480491638184; train accuracy: 0.22659002410532172; test accuracy: 0.0651
2025-10-30 11:17:10 [INFO]  Epoch 17 loss: 596.4028301239014; train accuracy: 0.21861672538475801; test accuracy: 0.0555
2025-10-30 11:17:33 [INFO]  Epoch 18 loss: 587.0763645172119; train accuracy: 0.20415353235675876; test accuracy: 0.0568
2025-10-30 11:17:57 [INFO]  Epoch 19 loss: 578.024055480957; train accuracy: 0.24355646208047468; test accuracy: 0.0619
2025-10-30 11:17:57 [INFO]  Client 4 Finish Local Training--------|
2025-10-30 11:17:57 [INFO]  Client 4 Collecting Local Prototypes--------|
2025-10-30 11:17:57 [INFO]  Round 1 Finish--------|
2025-10-30 11:17:57 [INFO]  Model variance: mean: 0.0022503200452774763, sum: 25248.6640625
2025-10-30 11:17:57 [INFO]  g_protos_std (global internal): 0.966556
2025-10-30 11:17:57 [INFO]  inter_client_proto_std (cross-client): 0.010662
2025-10-30 11:17:57 [INFO]  g_protos_std (global internal): 0.966556
2025-10-30 11:17:57 [INFO]  inter_client_proto_std (cross-client): 0.010662
2025-10-30 11:17:57 [INFO]  V7 Training | Using Simple Feature-level Server.
2025-10-30 11:18:04 [INFO]  The test accuracy of OursV7+SimpleFeatureServer: 0.165
2025-10-30 11:18:04 [INFO]  Save config to ./checkpoints/CIFAR100_alpha0.05/baselines_OursV7+SimpleFeatureServer_CIFAR10_results.yaml
2025-10-30 11:18:04 [INFO]  Round 2 starts--------|
2025-10-30 11:18:04 [INFO]  Client 0 Starts Local Trainning--------|
2025-10-30 11:18:04 [INFO]  Using provided lambda_align_initial: 20.0
2025-10-30 11:18:22 [INFO]  Epoch 20 loss: 415.31987953186035; train accuracy: 0.40807285257199116; test accuracy: 0.0763
2025-10-30 11:18:23 [INFO]  Save the model in ./checkpoints/CIFAR100_alpha0.05/local_models/client_0/epoch_20.pth
2025-10-30 11:18:41 [INFO]  Epoch 21 loss: 410.8349418640137; train accuracy: 0.36438592173270984; test accuracy: 0.0703
2025-10-30 11:18:58 [INFO]  Epoch 22 loss: 406.9556827545166; train accuracy: 0.3202067437853803; test accuracy: 0.0636
2025-10-30 11:19:15 [INFO]  Epoch 23 loss: 399.3787212371826; train accuracy: 0.4177947329559439; test accuracy: 0.0798
2025-10-30 11:19:31 [INFO]  Epoch 24 loss: 395.25255966186523; train accuracy: 0.4001968988432193; test accuracy: 0.076
2025-10-30 11:19:48 [INFO]  Epoch 25 loss: 398.1570510864258; train accuracy: 0.3385429485601772; test accuracy: 0.0652
2025-10-30 11:19:49 [INFO]  Save the model in ./checkpoints/CIFAR100_alpha0.05/local_models/client_0/epoch_25.pth
2025-10-30 11:20:06 [INFO]  Epoch 26 loss: 389.17415046691895; train accuracy: 0.37509229633275903; test accuracy: 0.0732
2025-10-30 11:20:22 [INFO]  Epoch 27 loss: 382.9612236022949; train accuracy: 0.4260398720157519; test accuracy: 0.0861
2025-10-30 11:20:39 [INFO]  Epoch 28 loss: 374.24462509155273; train accuracy: 0.42308638936746246; test accuracy: 0.0812
2025-10-30 11:20:56 [INFO]  Epoch 29 loss: 376.3450679779053; train accuracy: 0.44942160964804334; test accuracy: 0.0891
2025-10-30 11:20:56 [INFO]  Client 0 Finish Local Training--------|
2025-10-30 11:20:56 [INFO]  Client 0 Collecting Local Prototypes--------|
2025-10-30 11:20:56 [INFO]  Client 1 Starts Local Trainning--------|
2025-10-30 11:20:56 [INFO]  Using provided lambda_align_initial: 20.0
2025-10-30 11:21:14 [INFO]  Epoch 20 loss: 471.0454807281494; train accuracy: 0.25581649371927906; test accuracy: 0.0504
2025-10-30 11:21:14 [INFO]  Save the model in ./checkpoints/CIFAR100_alpha0.05/local_models/client_1/epoch_20.pth
2025-10-30 11:21:33 [INFO]  Epoch 21 loss: 468.81521224975586; train accuracy: 0.32506826870562533; test accuracy: 0.0669
2025-10-30 11:21:52 [INFO]  Epoch 22 loss: 459.5980529785156; train accuracy: 0.2807209175314036; test accuracy: 0.0525
2025-10-30 11:22:11 [INFO]  Epoch 23 loss: 454.42310523986816; train accuracy: 0.24980884762424904; test accuracy: 0.0495
2025-10-30 11:22:31 [INFO]  Epoch 24 loss: 455.7987308502197; train accuracy: 0.3080283997815401; test accuracy: 0.0598
2025-10-30 11:22:52 [INFO]  Epoch 25 loss: 444.6630210876465; train accuracy: 0.28268705625341345; test accuracy: 0.0572
2025-10-30 11:22:52 [INFO]  Save the model in ./checkpoints/CIFAR100_alpha0.05/local_models/client_1/epoch_25.pth
2025-10-30 11:23:11 [INFO]  Epoch 26 loss: 442.47799491882324; train accuracy: 0.31818678317859095; test accuracy: 0.0649
2025-10-30 11:23:31 [INFO]  Epoch 27 loss: 441.524808883667; train accuracy: 0.29262697979246316; test accuracy: 0.0605
2025-10-30 11:23:50 [INFO]  Epoch 28 loss: 431.74256896972656; train accuracy: 0.32135445111960675; test accuracy: 0.0648
2025-10-30 11:24:09 [INFO]  Epoch 29 loss: 426.4624729156494; train accuracy: 0.38099399235390496; test accuracy: 0.0744
2025-10-30 11:24:09 [INFO]  Client 1 Finish Local Training--------|
2025-10-30 11:24:09 [INFO]  Client 1 Collecting Local Prototypes--------|
2025-10-30 11:24:09 [INFO]  Client 2 Starts Local Trainning--------|
2025-10-30 11:24:09 [INFO]  Using provided lambda_align_initial: 20.0
2025-10-30 11:24:31 [INFO]  Epoch 20 loss: 556.6069412231445; train accuracy: 0.3719310775823587; test accuracy: 0.0876
2025-10-30 11:24:32 [INFO]  Save the model in ./checkpoints/CIFAR100_alpha0.05/local_models/client_2/epoch_20.pth
2025-10-30 11:24:55 [INFO]  Epoch 21 loss: 557.6501560211182; train accuracy: 0.42906883313989824; test accuracy: 0.1025
2025-10-30 11:25:19 [INFO]  Epoch 22 loss: 554.1568431854248; train accuracy: 0.3198821533791626; test accuracy: 0.0825
2025-10-30 11:25:41 [INFO]  Epoch 23 loss: 538.8201217651367; train accuracy: 0.2817605570931167; test accuracy: 0.0713
2025-10-30 11:26:05 [INFO]  Epoch 24 loss: 537.4767799377441; train accuracy: 0.38692973841621287; test accuracy: 0.0984
2025-10-30 11:26:27 [INFO]  Epoch 25 loss: 526.2708759307861; train accuracy: 0.2910454423712169; test accuracy: 0.0729
2025-10-30 11:26:28 [INFO]  Save the model in ./checkpoints/CIFAR100_alpha0.05/local_models/client_2/epoch_25.pth
2025-10-30 11:26:53 [INFO]  Epoch 26 loss: 524.2311820983887; train accuracy: 0.332202481921257; test accuracy: 0.0815
2025-10-30 11:27:17 [INFO]  Epoch 27 loss: 520.0208110809326; train accuracy: 0.40799928577805555; test accuracy: 0.1022
2025-10-30 11:27:41 [INFO]  Epoch 28 loss: 511.2460632324219; train accuracy: 0.327024372823855; test accuracy: 0.0859
2025-10-30 11:28:02 [INFO]  Epoch 29 loss: 502.2761459350586; train accuracy: 0.42076600303544326; test accuracy: 0.106
2025-10-30 11:28:02 [INFO]  Client 2 Finish Local Training--------|
2025-10-30 11:28:02 [INFO]  Client 2 Collecting Local Prototypes--------|
2025-10-30 11:28:02 [INFO]  Client 3 Starts Local Trainning--------|
2025-10-30 11:28:02 [INFO]  Using provided lambda_align_initial: 20.0
2025-10-30 11:28:24 [INFO]  Epoch 20 loss: 533.096284866333; train accuracy: 0.4130637346254193; test accuracy: 0.0999
2025-10-30 11:28:25 [INFO]  Save the model in ./checkpoints/CIFAR100_alpha0.05/local_models/client_3/epoch_20.pth
2025-10-30 11:28:47 [INFO]  Epoch 21 loss: 527.6250534057617; train accuracy: 0.4365449124114797; test accuracy: 0.1049
2025-10-30 11:29:07 [INFO]  Epoch 22 loss: 519.9482116699219; train accuracy: 0.42005218039508013; test accuracy: 0.1014
2025-10-30 11:29:27 [INFO]  Epoch 23 loss: 509.3792610168457; train accuracy: 0.3265001863585539; test accuracy: 0.0757
2025-10-30 11:29:49 [INFO]  Epoch 24 loss: 504.97028160095215; train accuracy: 0.42946328736489003; test accuracy: 0.1016
2025-10-30 11:30:11 [INFO]  Epoch 25 loss: 499.3284969329834; train accuracy: 0.3861349235929929; test accuracy: 0.0967
2025-10-30 11:30:12 [INFO]  Save the model in ./checkpoints/CIFAR100_alpha0.05/local_models/client_3/epoch_25.pth
2025-10-30 11:30:35 [INFO]  Epoch 26 loss: 497.10789489746094; train accuracy: 0.40178904211703315; test accuracy: 0.0968
2025-10-30 11:30:57 [INFO]  Epoch 27 loss: 487.5250549316406; train accuracy: 0.41772269847185983; test accuracy: 0.0993
2025-10-30 11:31:19 [INFO]  Epoch 28 loss: 480.69687271118164; train accuracy: 0.40188222139396196; test accuracy: 0.0972
2025-10-30 11:31:39 [INFO]  Epoch 29 loss: 479.5033721923828; train accuracy: 0.43775624301155425; test accuracy: 0.1081
2025-10-30 11:31:39 [INFO]  Client 3 Finish Local Training--------|
2025-10-30 11:31:39 [INFO]  Client 3 Collecting Local Prototypes--------|
2025-10-30 11:31:39 [INFO]  Client 4 Starts Local Trainning--------|
2025-10-30 11:31:39 [INFO]  Using provided lambda_align_initial: 20.0
2025-10-30 11:32:01 [INFO]  Epoch 20 loss: 568.8578052520752; train accuracy: 0.29705173372890786; test accuracy: 0.0862
2025-10-30 11:32:01 [INFO]  Save the model in ./checkpoints/CIFAR100_alpha0.05/local_models/client_4/epoch_20.pth
2025-10-30 11:32:22 [INFO]  Epoch 21 loss: 570.7095546722412; train accuracy: 0.29176710550713886; test accuracy: 0.08
2025-10-30 11:32:44 [INFO]  Epoch 22 loss: 562.9978141784668; train accuracy: 0.2839792323382162; test accuracy: 0.0791
2025-10-30 11:33:05 [INFO]  Epoch 23 loss: 555.595495223999; train accuracy: 0.33487854626367514; test accuracy: 0.0922
2025-10-30 11:33:27 [INFO]  Epoch 24 loss: 543.818920135498; train accuracy: 0.28583348785462637; test accuracy: 0.0768
2025-10-30 11:33:49 [INFO]  Epoch 25 loss: 540.685676574707; train accuracy: 0.2920452438346004; test accuracy: 0.0883
2025-10-30 11:33:50 [INFO]  Save the model in ./checkpoints/CIFAR100_alpha0.05/local_models/client_4/epoch_25.pth
2025-10-30 11:34:11 [INFO]  Epoch 26 loss: 532.7859897613525; train accuracy: 0.27517151863526795; test accuracy: 0.0767
2025-10-30 11:34:33 [INFO]  Epoch 27 loss: 525.4924335479736; train accuracy: 0.3024290747264973; test accuracy: 0.0871
2025-10-30 11:34:55 [INFO]  Epoch 28 loss: 525.2138595581055; train accuracy: 0.2909326905247543; test accuracy: 0.0858
2025-10-30 11:35:16 [INFO]  Epoch 29 loss: 518.1771259307861; train accuracy: 0.37038753940292973; test accuracy: 0.1059
2025-10-30 11:35:16 [INFO]  Client 4 Finish Local Training--------|
2025-10-30 11:35:16 [INFO]  Client 4 Collecting Local Prototypes--------|
2025-10-30 11:35:16 [INFO]  Round 2 Finish--------|
2025-10-30 11:35:16 [INFO]  Model variance: mean: 0.002757018432021141, sum: 30933.8359375
2025-10-30 11:35:16 [INFO]  g_protos_std (global internal): 0.955611
2025-10-30 11:35:16 [INFO]  inter_client_proto_std (cross-client): 0.012988
2025-10-30 11:35:16 [INFO]  g_protos_std (global internal): 0.955611
2025-10-30 11:35:16 [INFO]  inter_client_proto_std (cross-client): 0.012988
2025-10-30 11:35:16 [INFO]  V7 Training | Using Simple Feature-level Server.
2025-10-30 11:35:23 [INFO]  The test accuracy of OursV7+SimpleFeatureServer: 0.2138
2025-10-30 11:35:23 [INFO]  Save config to ./checkpoints/CIFAR100_alpha0.05/baselines_OursV7+SimpleFeatureServer_CIFAR10_results.yaml
2025-10-30 11:35:23 [INFO]  Round 3 starts--------|
2025-10-30 11:35:23 [INFO]  Client 0 Starts Local Trainning--------|
2025-10-30 11:35:23 [INFO]  Using provided lambda_align_initial: 20.0
2025-10-30 11:35:40 [INFO]  Epoch 30 loss: 371.06077003479004; train accuracy: 0.41545655919271474; test accuracy: 0.0809
2025-10-30 11:35:40 [INFO]  Save the model in ./checkpoints/CIFAR100_alpha0.05/local_models/client_0/epoch_30.pth
2025-10-30 11:35:58 [INFO]  Epoch 31 loss: 365.64488983154297; train accuracy: 0.4393305439330544; test accuracy: 0.0855
2025-10-30 11:36:14 [INFO]  Epoch 32 loss: 360.6117744445801; train accuracy: 0.47317253261137093; test accuracy: 0.0892
2025-10-30 11:36:31 [INFO]  Epoch 33 loss: 353.3879051208496; train accuracy: 0.39785872507999015; test accuracy: 0.081
2025-10-30 11:36:47 [INFO]  Epoch 34 loss: 351.9908962249756; train accuracy: 0.4489293625399951; test accuracy: 0.0866
2025-10-30 11:37:03 [INFO]  Epoch 35 loss: 351.6851615905762; train accuracy: 0.39207482156042334; test accuracy: 0.0756
2025-10-30 11:37:03 [INFO]  Save the model in ./checkpoints/CIFAR100_alpha0.05/local_models/client_0/epoch_35.pth
2025-10-30 11:37:21 [INFO]  Epoch 36 loss: 344.2387161254883; train accuracy: 0.5127984248092542; test accuracy: 0.0986
2025-10-30 11:37:38 [INFO]  Epoch 37 loss: 345.36497688293457; train accuracy: 0.40475018459266554; test accuracy: 0.0784
2025-10-30 11:37:54 [INFO]  Epoch 38 loss: 339.2247200012207; train accuracy: 0.3973664779719419; test accuracy: 0.0772
2025-10-30 11:38:12 [INFO]  Epoch 39 loss: 333.4986743927002; train accuracy: 0.4031503814915087; test accuracy: 0.0831
2025-10-30 11:38:12 [INFO]  Client 0 Finish Local Training--------|
2025-10-30 11:38:12 [INFO]  Client 0 Collecting Local Prototypes--------|
2025-10-30 11:38:12 [INFO]  Client 1 Starts Local Trainning--------|
2025-10-30 11:38:12 [INFO]  Using provided lambda_align_initial: 20.0
2025-10-30 11:38:30 [INFO]  Epoch 30 loss: 423.77069664001465; train accuracy: 0.4095030038230475; test accuracy: 0.0798
2025-10-30 11:38:31 [INFO]  Save the model in ./checkpoints/CIFAR100_alpha0.05/local_models/client_1/epoch_30.pth
2025-10-30 11:38:48 [INFO]  Epoch 31 loss: 419.22032165527344; train accuracy: 0.3412342981977062; test accuracy: 0.0678
2025-10-30 11:39:07 [INFO]  Epoch 32 loss: 410.9879493713379; train accuracy: 0.3762971054068815; test accuracy: 0.0741
2025-10-30 11:39:25 [INFO]  Epoch 33 loss: 410.36669158935547; train accuracy: 0.35685417804478425; test accuracy: 0.0707
2025-10-30 11:39:43 [INFO]  Epoch 34 loss: 404.600341796875; train accuracy: 0.35040961223375205; test accuracy: 0.0726
2025-10-30 11:40:01 [INFO]  Epoch 35 loss: 401.61900329589844; train accuracy: 0.3685417804478427; test accuracy: 0.0756
2025-10-30 11:40:01 [INFO]  Save the model in ./checkpoints/CIFAR100_alpha0.05/local_models/client_1/epoch_35.pth
2025-10-30 11:40:20 [INFO]  Epoch 36 loss: 394.37316513061523; train accuracy: 0.3490988530857455; test accuracy: 0.0741
2025-10-30 11:40:38 [INFO]  Epoch 37 loss: 386.381498336792; train accuracy: 0.3947569634079738; test accuracy: 0.08
2025-10-30 11:40:57 [INFO]  Epoch 38 loss: 385.6159324645996; train accuracy: 0.40666302566903334; test accuracy: 0.0821
2025-10-30 11:41:15 [INFO]  Epoch 39 loss: 376.93739128112793; train accuracy: 0.42468596395412345; test accuracy: 0.0852
2025-10-30 11:41:15 [INFO]  Client 1 Finish Local Training--------|
2025-10-30 11:41:15 [INFO]  Client 1 Collecting Local Prototypes--------|
2025-10-30 11:41:15 [INFO]  Client 2 Starts Local Trainning--------|
2025-10-30 11:41:15 [INFO]  Using provided lambda_align_initial: 20.0
2025-10-30 11:41:39 [INFO]  Epoch 30 loss: 494.39073371887207; train accuracy: 0.39800017855548614; test accuracy: 0.1039
2025-10-30 11:41:39 [INFO]  Save the model in ./checkpoints/CIFAR100_alpha0.05/local_models/client_2/epoch_30.pth
2025-10-30 11:42:01 [INFO]  Epoch 31 loss: 494.64253425598145; train accuracy: 0.40773145254887955; test accuracy: 0.107
2025-10-30 11:42:24 [INFO]  Epoch 32 loss: 493.6848564147949; train accuracy: 0.37907329702705117; test accuracy: 0.0986
2025-10-30 11:42:45 [INFO]  Epoch 33 loss: 478.0195484161377; train accuracy: 0.3768413534505848; test accuracy: 0.0998
2025-10-30 11:43:08 [INFO]  Epoch 34 loss: 465.75400733947754; train accuracy: 0.43388983126506564; test accuracy: 0.1157
2025-10-30 11:43:30 [INFO]  Epoch 35 loss: 469.57750511169434; train accuracy: 0.337916257477011; test accuracy: 0.0939
2025-10-30 11:43:30 [INFO]  Save the model in ./checkpoints/CIFAR100_alpha0.05/local_models/client_2/epoch_35.pth
2025-10-30 11:43:52 [INFO]  Epoch 36 loss: 461.543062210083; train accuracy: 0.39550040174984374; test accuracy: 0.1035
2025-10-30 11:44:13 [INFO]  Epoch 37 loss: 456.0815372467041; train accuracy: 0.3490759753593429; test accuracy: 0.094
2025-10-30 11:44:35 [INFO]  Epoch 38 loss: 445.5087432861328; train accuracy: 0.43621105258459064; test accuracy: 0.1167
2025-10-30 11:44:57 [INFO]  Epoch 39 loss: 442.5576515197754; train accuracy: 0.4694223730024105; test accuracy: 0.1236
2025-10-30 11:44:57 [INFO]  Client 2 Finish Local Training--------|
2025-10-30 11:44:57 [INFO]  Client 2 Collecting Local Prototypes--------|
2025-10-30 11:44:57 [INFO]  Client 3 Starts Local Trainning--------|
2025-10-30 11:44:57 [INFO]  Using provided lambda_align_initial: 20.0
2025-10-30 11:45:18 [INFO]  Epoch 30 loss: 468.8309803009033; train accuracy: 0.40262765560939245; test accuracy: 0.1025
2025-10-30 11:45:19 [INFO]  Save the model in ./checkpoints/CIFAR100_alpha0.05/local_models/client_3/epoch_30.pth
2025-10-30 11:45:41 [INFO]  Epoch 31 loss: 467.4802532196045; train accuracy: 0.43533358181140513; test accuracy: 0.1075
2025-10-30 11:46:03 [INFO]  Epoch 32 loss: 457.2860641479492; train accuracy: 0.4654304882594111; test accuracy: 0.1183
2025-10-30 11:46:24 [INFO]  Epoch 33 loss: 457.09643173217773; train accuracy: 0.41800223630264627; test accuracy: 0.1013
2025-10-30 11:46:47 [INFO]  Epoch 34 loss: 441.83538818359375; train accuracy: 0.48434588147595975; test accuracy: 0.1233
2025-10-30 11:47:10 [INFO]  Epoch 35 loss: 442.5460796356201; train accuracy: 0.5159336563548267; test accuracy: 0.1314
2025-10-30 11:47:10 [INFO]  Save the model in ./checkpoints/CIFAR100_alpha0.05/local_models/client_3/epoch_35.pth
2025-10-30 11:47:30 [INFO]  Epoch 36 loss: 445.4102478027344; train accuracy: 0.46692135669027207; test accuracy: 0.1166
2025-10-30 11:47:51 [INFO]  Epoch 37 loss: 429.5282974243164; train accuracy: 0.4504286246738725; test accuracy: 0.1126
2025-10-30 11:48:12 [INFO]  Epoch 38 loss: 431.38040351867676; train accuracy: 0.5073611628773761; test accuracy: 0.1204
2025-10-30 11:48:33 [INFO]  Epoch 39 loss: 424.3072280883789; train accuracy: 0.4330040998881849; test accuracy: 0.1097
2025-10-30 11:48:33 [INFO]  Client 3 Finish Local Training--------|
2025-10-30 11:48:33 [INFO]  Client 3 Collecting Local Prototypes--------|
2025-10-30 11:48:33 [INFO]  Client 4 Starts Local Trainning--------|
2025-10-30 11:48:33 [INFO]  Using provided lambda_align_initial: 20.0
2025-10-30 11:48:54 [INFO]  Epoch 30 loss: 508.89318656921387; train accuracy: 0.3868904134989802; test accuracy: 0.1133
2025-10-30 11:48:54 [INFO]  Save the model in ./checkpoints/CIFAR100_alpha0.05/local_models/client_4/epoch_30.pth
2025-10-30 11:49:17 [INFO]  Epoch 31 loss: 507.783260345459; train accuracy: 0.22612646022621918; test accuracy: 0.0682
2025-10-30 11:49:38 [INFO]  Epoch 32 loss: 490.7891139984131; train accuracy: 0.3933803078064157; test accuracy: 0.1131
2025-10-30 11:50:02 [INFO]  Epoch 33 loss: 493.3627510070801; train accuracy: 0.35564620804746894; test accuracy: 0.1074
2025-10-30 11:50:22 [INFO]  Epoch 34 loss: 483.4805660247803; train accuracy: 0.40274429816428703; test accuracy: 0.1109
2025-10-30 11:50:43 [INFO]  Epoch 35 loss: 480.07508659362793; train accuracy: 0.3918041906174671; test accuracy: 0.1118
2025-10-30 11:50:44 [INFO]  Save the model in ./checkpoints/CIFAR100_alpha0.05/local_models/client_4/epoch_35.pth
2025-10-30 11:51:04 [INFO]  Epoch 36 loss: 473.96203994750977; train accuracy: 0.3706656777303913; test accuracy: 0.1123
2025-10-30 11:51:26 [INFO]  Epoch 37 loss: 467.70813369750977; train accuracy: 0.39838679770072316; test accuracy: 0.1124
2025-10-30 11:51:48 [INFO]  Epoch 38 loss: 460.31315994262695; train accuracy: 0.3843871685518264; test accuracy: 0.1096
2025-10-30 11:52:09 [INFO]  Epoch 39 loss: 462.85603523254395; train accuracy: 0.41461153346931207; test accuracy: 0.1178
2025-10-30 11:52:09 [INFO]  Client 4 Finish Local Training--------|
2025-10-30 11:52:09 [INFO]  Client 4 Collecting Local Prototypes--------|
2025-10-30 11:52:09 [INFO]  Round 3 Finish--------|
2025-10-30 11:52:09 [INFO]  Model variance: mean: 0.003210041904821992, sum: 36016.7734375
2025-10-30 11:52:09 [INFO]  g_protos_std (global internal): 0.946780
2025-10-30 11:52:09 [INFO]  inter_client_proto_std (cross-client): 0.014737
2025-10-30 11:52:09 [INFO]  g_protos_std (global internal): 0.946780
2025-10-30 11:52:09 [INFO]  inter_client_proto_std (cross-client): 0.014737
2025-10-30 11:52:09 [INFO]  V7 Training | Using Simple Feature-level Server.
2025-10-30 11:52:16 [INFO]  The test accuracy of OursV7+SimpleFeatureServer: 0.2532
2025-10-30 11:52:16 [INFO]  Save config to ./checkpoints/CIFAR100_alpha0.05/baselines_OursV7+SimpleFeatureServer_CIFAR10_results.yaml
2025-10-30 11:52:16 [INFO]  Round 4 starts--------|
2025-10-30 11:52:16 [INFO]  Client 0 Starts Local Trainning--------|
2025-10-30 11:52:16 [INFO]  Using provided lambda_align_initial: 20.0
2025-10-30 11:52:32 [INFO]  Epoch 40 loss: 331.07190704345703; train accuracy: 0.4542210189515137; test accuracy: 0.0886
2025-10-30 11:52:33 [INFO]  Save the model in ./checkpoints/CIFAR100_alpha0.05/local_models/client_0/epoch_40.pth
2025-10-30 11:52:51 [INFO]  Epoch 41 loss: 322.42683029174805; train accuracy: 0.4469603741078021; test accuracy: 0.0869
2025-10-30 11:53:08 [INFO]  Epoch 42 loss: 323.71965408325195; train accuracy: 0.5340881122323407; test accuracy: 0.1012
2025-10-30 11:53:25 [INFO]  Epoch 43 loss: 317.59082412719727; train accuracy: 0.4721880383952744; test accuracy: 0.0924
2025-10-30 11:53:41 [INFO]  Epoch 44 loss: 316.67670822143555; train accuracy: 0.5; test accuracy: 0.0972
2025-10-30 11:53:58 [INFO]  Epoch 45 loss: 311.0287914276123; train accuracy: 0.4377307408318976; test accuracy: 0.0843
2025-10-30 11:53:59 [INFO]  Save the model in ./checkpoints/CIFAR100_alpha0.05/local_models/client_0/epoch_45.pth
2025-10-30 11:54:16 [INFO]  Epoch 46 loss: 308.0815029144287; train accuracy: 0.4947083435884814; test accuracy: 0.0965
2025-10-30 11:54:32 [INFO]  Epoch 47 loss: 305.39691162109375; train accuracy: 0.4667733202067438; test accuracy: 0.0912
2025-10-30 11:54:50 [INFO]  Epoch 48 loss: 304.19020652770996; train accuracy: 0.4575436869308393; test accuracy: 0.0877
2025-10-30 11:55:06 [INFO]  Epoch 49 loss: 300.98719596862793; train accuracy: 0.5205513167610141; test accuracy: 0.1015
2025-10-30 11:55:06 [INFO]  Client 0 Finish Local Training--------|
2025-10-30 11:55:06 [INFO]  Client 0 Collecting Local Prototypes--------|
2025-10-30 11:55:06 [INFO]  Client 1 Starts Local Trainning--------|
2025-10-30 11:55:06 [INFO]  Using provided lambda_align_initial: 20.0
2025-10-30 11:55:25 [INFO]  Epoch 40 loss: 380.884578704834; train accuracy: 0.44489350081922446; test accuracy: 0.0875
2025-10-30 11:55:26 [INFO]  Save the model in ./checkpoints/CIFAR100_alpha0.05/local_models/client_1/epoch_40.pth
2025-10-30 11:55:44 [INFO]  Epoch 41 loss: 371.8857822418213; train accuracy: 0.4107045330420535; test accuracy: 0.083
2025-10-30 11:56:03 [INFO]  Epoch 42 loss: 365.90566635131836; train accuracy: 0.424795193883124; test accuracy: 0.0824
2025-10-30 11:56:24 [INFO]  Epoch 43 loss: 360.9683132171631; train accuracy: 0.4625887493173129; test accuracy: 0.0941
2025-10-30 11:56:43 [INFO]  Epoch 44 loss: 359.9043731689453; train accuracy: 0.4488257782632441; test accuracy: 0.0919
2025-10-30 11:57:01 [INFO]  Epoch 45 loss: 354.4601230621338; train accuracy: 0.4593118514472966; test accuracy: 0.0914
2025-10-30 11:57:01 [INFO]  Save the model in ./checkpoints/CIFAR100_alpha0.05/local_models/client_1/epoch_45.pth
2025-10-30 11:57:19 [INFO]  Epoch 46 loss: 349.74081802368164; train accuracy: 0.37771709448388857; test accuracy: 0.0785
2025-10-30 11:57:38 [INFO]  Epoch 47 loss: 346.90735816955566; train accuracy: 0.5048607318405243; test accuracy: 0.1003
2025-10-30 11:57:56 [INFO]  Epoch 48 loss: 345.50488662719727; train accuracy: 0.3884216275259421; test accuracy: 0.0788
2025-10-30 11:58:14 [INFO]  Epoch 49 loss: 335.8836040496826; train accuracy: 0.4395412342981977; test accuracy: 0.0934
2025-10-30 11:58:14 [INFO]  Client 1 Finish Local Training--------|
2025-10-30 11:58:14 [INFO]  Client 1 Collecting Local Prototypes--------|
2025-10-30 11:58:14 [INFO]  Client 2 Starts Local Trainning--------|
2025-10-30 11:58:14 [INFO]  Using provided lambda_align_initial: 20.0
2025-10-30 11:58:37 [INFO]  Epoch 40 loss: 446.03442001342773; train accuracy: 0.4104097848406392; test accuracy: 0.1092
2025-10-30 11:58:37 [INFO]  Save the model in ./checkpoints/CIFAR100_alpha0.05/local_models/client_2/epoch_40.pth
2025-10-30 11:59:00 [INFO]  Epoch 41 loss: 430.38715744018555; train accuracy: 0.45745915543255067; test accuracy: 0.1189
2025-10-30 11:59:22 [INFO]  Epoch 42 loss: 430.91020011901855; train accuracy: 0.481474868315329; test accuracy: 0.1208
2025-10-30 11:59:45 [INFO]  Epoch 43 loss: 425.36171531677246; train accuracy: 0.47343987144005; test accuracy: 0.1233
2025-10-30 12:00:08 [INFO]  Epoch 44 loss: 424.81874084472656; train accuracy: 0.433264887063655; test accuracy: 0.1138
2025-10-30 12:00:31 [INFO]  Epoch 45 loss: 416.3929328918457; train accuracy: 0.4596018212659584; test accuracy: 0.1224
2025-10-30 12:00:32 [INFO]  Save the model in ./checkpoints/CIFAR100_alpha0.05/local_models/client_2/epoch_45.pth
2025-10-30 12:00:52 [INFO]  Epoch 46 loss: 404.45861434936523; train accuracy: 0.5089724131773948; test accuracy: 0.134
2025-10-30 12:01:13 [INFO]  Epoch 47 loss: 395.33953285217285; train accuracy: 0.4980805285242389; test accuracy: 0.1329
2025-10-30 12:01:35 [INFO]  Epoch 48 loss: 399.4266548156738; train accuracy: 0.5277207392197125; test accuracy: 0.1387
2025-10-30 12:01:57 [INFO]  Epoch 49 loss: 386.78768730163574; train accuracy: 0.5033479153646996; test accuracy: 0.1293
2025-10-30 12:01:57 [INFO]  Client 2 Finish Local Training--------|
2025-10-30 12:01:57 [INFO]  Client 2 Collecting Local Prototypes--------|
2025-10-30 12:01:57 [INFO]  Client 3 Starts Local Trainning--------|
2025-10-30 12:01:57 [INFO]  Using provided lambda_align_initial: 20.0
2025-10-30 12:02:17 [INFO]  Epoch 40 loss: 410.43913650512695; train accuracy: 0.505404398061871; test accuracy: 0.1281
2025-10-30 12:02:17 [INFO]  Save the model in ./checkpoints/CIFAR100_alpha0.05/local_models/client_3/epoch_40.pth
2025-10-30 12:02:39 [INFO]  Epoch 41 loss: 417.5243949890137; train accuracy: 0.4439992545657846; test accuracy: 0.1119
2025-10-30 12:03:01 [INFO]  Epoch 42 loss: 410.08801460266113; train accuracy: 0.5182631382780469; test accuracy: 0.1315
2025-10-30 12:03:23 [INFO]  Epoch 43 loss: 401.2123260498047; train accuracy: 0.5280469623555721; test accuracy: 0.1325
2025-10-30 12:03:45 [INFO]  Epoch 44 loss: 404.59517097473145; train accuracy: 0.5575847931420053; test accuracy: 0.1377
2025-10-30 12:04:06 [INFO]  Epoch 45 loss: 394.05514335632324; train accuracy: 0.4771710771524413; test accuracy: 0.124
2025-10-30 12:04:07 [INFO]  Save the model in ./checkpoints/CIFAR100_alpha0.05/local_models/client_3/epoch_45.pth
2025-10-30 12:04:30 [INFO]  Epoch 46 loss: 396.5935916900635; train accuracy: 0.5431420052180395; test accuracy: 0.1355
2025-10-30 12:04:52 [INFO]  Epoch 47 loss: 380.4982795715332; train accuracy: 0.594670145359672; test accuracy: 0.1463
2025-10-30 12:05:12 [INFO]  Epoch 48 loss: 374.8343105316162; train accuracy: 0.5408125232948192; test accuracy: 0.1354
2025-10-30 12:05:33 [INFO]  Epoch 49 loss: 376.274866104126; train accuracy: 0.4957137532612747; test accuracy: 0.1293
2025-10-30 12:05:33 [INFO]  Client 3 Finish Local Training--------|
2025-10-30 12:05:33 [INFO]  Client 3 Collecting Local Prototypes--------|
2025-10-30 12:05:33 [INFO]  Client 4 Starts Local Trainning--------|
2025-10-30 12:05:33 [INFO]  Using provided lambda_align_initial: 20.0
2025-10-30 12:05:54 [INFO]  Epoch 40 loss: 450.3304901123047; train accuracy: 0.46680882625625814; test accuracy: 0.1304
2025-10-30 12:05:55 [INFO]  Save the model in ./checkpoints/CIFAR100_alpha0.05/local_models/client_4/epoch_40.pth
2025-10-30 12:06:15 [INFO]  Epoch 41 loss: 445.6396141052246; train accuracy: 0.4280548859632857; test accuracy: 0.12
2025-10-30 12:06:36 [INFO]  Epoch 42 loss: 447.4951801300049; train accuracy: 0.36148711292416097; test accuracy: 0.1047
2025-10-30 12:06:55 [INFO]  Epoch 43 loss: 431.6476860046387; train accuracy: 0.36241424068236605; test accuracy: 0.1087
2025-10-30 12:07:17 [INFO]  Epoch 44 loss: 426.9191150665283; train accuracy: 0.3981086593732616; test accuracy: 0.1215
2025-10-30 12:07:39 [INFO]  Epoch 45 loss: 419.5762825012207; train accuracy: 0.4240682366030039; test accuracy: 0.1232
2025-10-30 12:07:39 [INFO]  Save the model in ./checkpoints/CIFAR100_alpha0.05/local_models/client_4/epoch_45.pth
2025-10-30 12:08:01 [INFO]  Epoch 46 loss: 423.8091049194336; train accuracy: 0.43982940849249025; test accuracy: 0.1199
2025-10-30 12:08:22 [INFO]  Epoch 47 loss: 412.6510467529297; train accuracy: 0.41312812905618396; test accuracy: 0.1121
2025-10-30 12:08:44 [INFO]  Epoch 48 loss: 406.63220596313477; train accuracy: 0.373725199332468; test accuracy: 0.11
2025-10-30 12:09:05 [INFO]  Epoch 49 loss: 405.8955945968628; train accuracy: 0.45559058038197664; test accuracy: 0.1329
2025-10-30 12:09:05 [INFO]  Client 4 Finish Local Training--------|
2025-10-30 12:09:05 [INFO]  Client 4 Collecting Local Prototypes--------|
2025-10-30 12:09:05 [INFO]  Round 4 Finish--------|
2025-10-30 12:09:05 [INFO]  Model variance: mean: 0.003625360084697604, sum: 40676.65625
2025-10-30 12:09:05 [INFO]  g_protos_std (global internal): 0.939755
2025-10-30 12:09:05 [INFO]  inter_client_proto_std (cross-client): 0.016161
2025-10-30 12:09:05 [INFO]  g_protos_std (global internal): 0.939755
2025-10-30 12:09:05 [INFO]  inter_client_proto_std (cross-client): 0.016161
2025-10-30 12:09:05 [INFO]  V7 Training | Using Simple Feature-level Server.
2025-10-30 12:09:12 [INFO]  The test accuracy of OursV7+SimpleFeatureServer: 0.2828
2025-10-30 12:09:12 [INFO]  Save config to ./checkpoints/CIFAR100_alpha0.05/baselines_OursV7+SimpleFeatureServer_CIFAR10_results.yaml
2025-10-30 12:09:12 [INFO]  Round 5 starts--------|
2025-10-30 12:09:12 [INFO]  Client 0 Starts Local Trainning--------|
2025-10-30 12:09:12 [INFO]  Using provided lambda_align_initial: 20.0
2025-10-30 12:09:29 [INFO]  Epoch 50 loss: 290.1883296966553; train accuracy: 0.5155057839035195; test accuracy: 0.0989
2025-10-30 12:09:30 [INFO]  Save the model in ./checkpoints/CIFAR100_alpha0.05/local_models/client_0/epoch_50.pth
2025-10-30 12:09:47 [INFO]  Epoch 51 loss: 289.1469898223877; train accuracy: 0.5719911395520552; test accuracy: 0.1125
2025-10-30 12:10:05 [INFO]  Epoch 52 loss: 286.43163681030273; train accuracy: 0.5333497415702683; test accuracy: 0.1046
2025-10-30 12:10:21 [INFO]  Epoch 53 loss: 279.38538932800293; train accuracy: 0.5418410041841004; test accuracy: 0.1061
2025-10-30 12:10:36 [INFO]  Epoch 54 loss: 271.6419792175293; train accuracy: 0.5826975141521044; test accuracy: 0.1131
2025-10-30 12:10:52 [INFO]  Epoch 55 loss: 271.2314052581787; train accuracy: 0.48658626630568547; test accuracy: 0.098
2025-10-30 12:10:52 [INFO]  Save the model in ./checkpoints/CIFAR100_alpha0.05/local_models/client_0/epoch_55.pth
2025-10-30 12:11:09 [INFO]  Epoch 56 loss: 274.3667793273926; train accuracy: 0.5382722126507506; test accuracy: 0.1068
2025-10-30 12:11:26 [INFO]  Epoch 57 loss: 269.06469535827637; train accuracy: 0.5589465911887768; test accuracy: 0.1117
2025-10-30 12:11:43 [INFO]  Epoch 58 loss: 262.1507902145386; train accuracy: 0.5326113709081959; test accuracy: 0.1073
2025-10-30 12:11:59 [INFO]  Epoch 59 loss: 265.4500951766968; train accuracy: 0.5023381737632291; test accuracy: 0.0972
2025-10-30 12:11:59 [INFO]  Client 0 Finish Local Training--------|
2025-10-30 12:11:59 [INFO]  Client 0 Collecting Local Prototypes--------|
2025-10-30 12:11:59 [INFO]  Client 1 Starts Local Trainning--------|
2025-10-30 12:11:59 [INFO]  Using provided lambda_align_initial: 20.0
2025-10-30 12:12:19 [INFO]  Epoch 50 loss: 336.51794624328613; train accuracy: 0.5216821409066084; test accuracy: 0.1003
2025-10-30 12:12:19 [INFO]  Save the model in ./checkpoints/CIFAR100_alpha0.05/local_models/client_1/epoch_50.pth
2025-10-30 12:12:37 [INFO]  Epoch 51 loss: 336.4227752685547; train accuracy: 0.42195521572910977; test accuracy: 0.0833
2025-10-30 12:12:56 [INFO]  Epoch 52 loss: 323.4626750946045; train accuracy: 0.49994538503549973; test accuracy: 0.1002
2025-10-30 12:13:14 [INFO]  Epoch 53 loss: 323.30837059020996; train accuracy: 0.4608410704533042; test accuracy: 0.0936
2025-10-30 12:13:32 [INFO]  Epoch 54 loss: 319.3440227508545; train accuracy: 0.4168214090660841; test accuracy: 0.0824
2025-10-30 12:13:50 [INFO]  Epoch 55 loss: 316.94468116760254; train accuracy: 0.40622610595303116; test accuracy: 0.0851
2025-10-30 12:13:51 [INFO]  Save the model in ./checkpoints/CIFAR100_alpha0.05/local_models/client_1/epoch_55.pth
2025-10-30 12:14:09 [INFO]  Epoch 56 loss: 315.36641120910645; train accuracy: 0.41430912069907155; test accuracy: 0.0821
2025-10-30 12:14:28 [INFO]  Epoch 57 loss: 306.4296112060547; train accuracy: 0.4276351720371382; test accuracy: 0.0923
2025-10-30 12:14:46 [INFO]  Epoch 58 loss: 302.4858112335205; train accuracy: 0.46018569087930095; test accuracy: 0.091
2025-10-30 12:15:05 [INFO]  Epoch 59 loss: 299.08998680114746; train accuracy: 0.5166575641725832; test accuracy: 0.1072
2025-10-30 12:15:05 [INFO]  Client 1 Finish Local Training--------|
2025-10-30 12:15:05 [INFO]  Client 1 Collecting Local Prototypes--------|
2025-10-30 12:15:05 [INFO]  Client 2 Starts Local Trainning--------|
2025-10-30 12:15:05 [INFO]  Using provided lambda_align_initial: 20.0
2025-10-30 12:15:26 [INFO]  Epoch 50 loss: 385.8890733718872; train accuracy: 0.526292295330774; test accuracy: 0.1373
2025-10-30 12:15:27 [INFO]  Save the model in ./checkpoints/CIFAR100_alpha0.05/local_models/client_2/epoch_50.pth
2025-10-30 12:15:49 [INFO]  Epoch 51 loss: 375.0721597671509; train accuracy: 0.433532720292831; test accuracy: 0.1164
2025-10-30 12:16:12 [INFO]  Epoch 52 loss: 378.0631055831909; train accuracy: 0.5253102401571288; test accuracy: 0.1392
2025-10-30 12:16:35 [INFO]  Epoch 53 loss: 376.6900272369385; train accuracy: 0.42076600303544326; test accuracy: 0.1148
2025-10-30 12:16:57 [INFO]  Epoch 54 loss: 370.6883592605591; train accuracy: 0.49174180876707435; test accuracy: 0.127
2025-10-30 12:17:20 [INFO]  Epoch 55 loss: 366.235782623291; train accuracy: 0.4577269886617266; test accuracy: 0.1194
2025-10-30 12:17:20 [INFO]  Save the model in ./checkpoints/CIFAR100_alpha0.05/local_models/client_2/epoch_55.pth
2025-10-30 12:17:43 [INFO]  Epoch 56 loss: 358.2262439727783; train accuracy: 0.5367377912686367; test accuracy: 0.1422
2025-10-30 12:18:05 [INFO]  Epoch 57 loss: 360.150128364563; train accuracy: 0.5154004106776181; test accuracy: 0.1331
2025-10-30 12:18:28 [INFO]  Epoch 58 loss: 345.2333641052246; train accuracy: 0.4967413623783591; test accuracy: 0.1321
2025-10-30 12:18:51 [INFO]  Epoch 59 loss: 342.5193157196045; train accuracy: 0.41282028390322295; test accuracy: 0.1094
2025-10-30 12:18:51 [INFO]  Client 2 Finish Local Training--------|
2025-10-30 12:18:51 [INFO]  Client 2 Collecting Local Prototypes--------|
2025-10-30 12:18:51 [INFO]  Client 3 Starts Local Trainning--------|
2025-10-30 12:18:51 [INFO]  Using provided lambda_align_initial: 20.0
2025-10-30 12:19:11 [INFO]  Epoch 50 loss: 364.3530206680298; train accuracy: 0.5254379426015654; test accuracy: 0.1312
2025-10-30 12:19:12 [INFO]  Save the model in ./checkpoints/CIFAR100_alpha0.05/local_models/client_3/epoch_50.pth
2025-10-30 12:19:33 [INFO]  Epoch 51 loss: 369.1924829483032; train accuracy: 0.509877003354454; test accuracy: 0.1277
2025-10-30 12:19:54 [INFO]  Epoch 52 loss: 357.49715995788574; train accuracy: 0.5602869921729408; test accuracy: 0.136
2025-10-30 12:20:16 [INFO]  Epoch 53 loss: 358.8066940307617; train accuracy: 0.5356876630637346; test accuracy: 0.1305
2025-10-30 12:20:38 [INFO]  Epoch 54 loss: 356.97607421875; train accuracy: 0.529071934401789; test accuracy: 0.132
2025-10-30 12:20:59 [INFO]  Epoch 55 loss: 349.0552158355713; train accuracy: 0.5461237420797614; test accuracy: 0.1311
2025-10-30 12:20:59 [INFO]  Save the model in ./checkpoints/CIFAR100_alpha0.05/local_models/client_3/epoch_55.pth
2025-10-30 12:21:20 [INFO]  Epoch 56 loss: 339.9797134399414; train accuracy: 0.508386134923593; test accuracy: 0.1295
2025-10-30 12:21:44 [INFO]  Epoch 57 loss: 332.42738246917725; train accuracy: 0.5440737979873276; test accuracy: 0.1379
2025-10-30 12:22:06 [INFO]  Epoch 58 loss: 328.1328945159912; train accuracy: 0.5502236302646292; test accuracy: 0.1378
2025-10-30 12:22:27 [INFO]  Epoch 59 loss: 326.5929183959961; train accuracy: 0.6098583674990682; test accuracy: 0.1506
2025-10-30 12:22:27 [INFO]  Client 3 Finish Local Training--------|
2025-10-30 12:22:27 [INFO]  Client 3 Collecting Local Prototypes--------|
2025-10-30 12:22:27 [INFO]  Client 4 Starts Local Trainning--------|
2025-10-30 12:22:27 [INFO]  Using provided lambda_align_initial: 20.0
2025-10-30 12:22:48 [INFO]  Epoch 50 loss: 393.1133756637573; train accuracy: 0.43129983311700354; test accuracy: 0.1217
2025-10-30 12:22:48 [INFO]  Save the model in ./checkpoints/CIFAR100_alpha0.05/local_models/client_4/epoch_50.pth
2025-10-30 12:23:12 [INFO]  Epoch 51 loss: 400.66843128204346; train accuracy: 0.4061746708696458; test accuracy: 0.1183
2025-10-30 12:23:33 [INFO]  Epoch 52 loss: 390.4016056060791; train accuracy: 0.4300945670313369; test accuracy: 0.1238
2025-10-30 12:23:54 [INFO]  Epoch 53 loss: 386.8720712661743; train accuracy: 0.47033191173743744; test accuracy: 0.1322
2025-10-30 12:24:15 [INFO]  Epoch 54 loss: 379.1927881240845; train accuracy: 0.431021694789542; test accuracy: 0.122
2025-10-30 12:24:38 [INFO]  Epoch 55 loss: 372.3814277648926; train accuracy: 0.48312627480066755; test accuracy: 0.1347
2025-10-30 12:24:38 [INFO]  Save the model in ./checkpoints/CIFAR100_alpha0.05/local_models/client_4/epoch_55.pth
2025-10-30 12:25:01 [INFO]  Epoch 56 loss: 371.862096786499; train accuracy: 0.4414982384572594; test accuracy: 0.1305
2025-10-30 12:25:24 [INFO]  Epoch 57 loss: 368.52201080322266; train accuracy: 0.46031893194882256; test accuracy: 0.128
2025-10-30 12:25:46 [INFO]  Epoch 58 loss: 364.25792598724365; train accuracy: 0.45911366586315594; test accuracy: 0.1306
2025-10-30 12:26:08 [INFO]  Epoch 59 loss: 353.10136795043945; train accuracy: 0.47496755052846285; test accuracy: 0.1328
2025-10-30 12:26:08 [INFO]  Client 4 Finish Local Training--------|
2025-10-30 12:26:08 [INFO]  Client 4 Collecting Local Prototypes--------|
2025-10-30 12:26:08 [INFO]  Round 5 Finish--------|
2025-10-30 12:26:08 [INFO]  Model variance: mean: 0.004007990472018719, sum: 44969.78515625
2025-10-30 12:26:08 [INFO]  g_protos_std (global internal): 0.934259
2025-10-30 12:26:08 [INFO]  inter_client_proto_std (cross-client): 0.017333
2025-10-30 12:26:08 [INFO]  g_protos_std (global internal): 0.934259
2025-10-30 12:26:08 [INFO]  inter_client_proto_std (cross-client): 0.017333
2025-10-30 12:26:08 [INFO]  V7 Training | Using Simple Feature-level Server.
2025-10-30 12:26:15 [INFO]  The test accuracy of OursV7+SimpleFeatureServer: 0.3141
2025-10-30 12:26:15 [INFO]  Save config to ./checkpoints/CIFAR100_alpha0.05/baselines_OursV7+SimpleFeatureServer_CIFAR10_results.yaml
2025-10-30 12:26:15 [INFO]  Round 6 starts--------|
2025-10-30 12:26:15 [INFO]  Client 0 Starts Local Trainning--------|
2025-10-30 12:26:15 [INFO]  Using provided lambda_align_initial: 20.0
2025-10-30 12:26:32 [INFO]  Epoch 60 loss: 262.29784393310547; train accuracy: 0.5414718188530643; test accuracy: 0.1082
2025-10-30 12:26:33 [INFO]  Save the model in ./checkpoints/CIFAR100_alpha0.05/local_models/client_0/epoch_60.pth
2025-10-30 12:26:50 [INFO]  Epoch 61 loss: 246.06420993804932; train accuracy: 0.5155057839035195; test accuracy: 0.1039
2025-10-30 12:27:07 [INFO]  Epoch 62 loss: 246.98216342926025; train accuracy: 0.5698990893428502; test accuracy: 0.114
2025-10-30 12:27:24 [INFO]  Epoch 63 loss: 244.71435165405273; train accuracy: 0.5855279350233817; test accuracy: 0.118
2025-10-30 12:27:42 [INFO]  Epoch 64 loss: 241.56651401519775; train accuracy: 0.5938961358602018; test accuracy: 0.1179
2025-10-30 12:27:59 [INFO]  Epoch 65 loss: 238.6114730834961; train accuracy: 0.5609155796209697; test accuracy: 0.1099
2025-10-30 12:27:59 [INFO]  Save the model in ./checkpoints/CIFAR100_alpha0.05/local_models/client_0/epoch_65.pth
2025-10-30 12:28:18 [INFO]  Epoch 66 loss: 240.28735160827637; train accuracy: 0.5230125523012552; test accuracy: 0.1043
2025-10-30 12:28:36 [INFO]  Epoch 67 loss: 231.75025081634521; train accuracy: 0.579990155057839; test accuracy: 0.1162
2025-10-30 12:28:55 [INFO]  Epoch 68 loss: 225.48700618743896; train accuracy: 0.573714004430224; test accuracy: 0.1122
2025-10-30 12:29:12 [INFO]  Epoch 69 loss: 223.98155212402344; train accuracy: 0.6119862170809747; test accuracy: 0.1234
2025-10-30 12:29:12 [INFO]  Client 0 Finish Local Training--------|
2025-10-30 12:29:12 [INFO]  Client 0 Collecting Local Prototypes--------|
2025-10-30 12:29:12 [INFO]  Client 1 Starts Local Trainning--------|
2025-10-30 12:29:12 [INFO]  Using provided lambda_align_initial: 20.0
2025-10-30 12:29:32 [INFO]  Epoch 60 loss: 296.2752103805542; train accuracy: 0.49055161114145274; test accuracy: 0.0988
2025-10-30 12:29:32 [INFO]  Save the model in ./checkpoints/CIFAR100_alpha0.05/local_models/client_1/epoch_60.pth
2025-10-30 12:29:51 [INFO]  Epoch 61 loss: 295.1308193206787; train accuracy: 0.4397596941561988; test accuracy: 0.0889
2025-10-30 12:30:11 [INFO]  Epoch 62 loss: 284.90919494628906; train accuracy: 0.47154560349535773; test accuracy: 0.0948
2025-10-30 12:30:29 [INFO]  Epoch 63 loss: 286.5769920349121; train accuracy: 0.39300928454396505; test accuracy: 0.0804
2025-10-30 12:30:47 [INFO]  Epoch 64 loss: 278.8277921676636; train accuracy: 0.49721463681048605; test accuracy: 0.1044
2025-10-30 12:31:07 [INFO]  Epoch 65 loss: 274.4640779495239; train accuracy: 0.4750409612233752; test accuracy: 0.0977
2025-10-30 12:31:07 [INFO]  Save the model in ./checkpoints/CIFAR100_alpha0.05/local_models/client_1/epoch_65.pth
2025-10-30 12:31:27 [INFO]  Epoch 66 loss: 279.4211664199829; train accuracy: 0.5226652102676134; test accuracy: 0.1096
2025-10-30 12:31:46 [INFO]  Epoch 67 loss: 268.2596740722656; train accuracy: 0.5319497542326598; test accuracy: 0.1062
2025-10-30 12:32:06 [INFO]  Epoch 68 loss: 272.5452194213867; train accuracy: 0.4412889131622064; test accuracy: 0.0906
2025-10-30 12:32:26 [INFO]  Epoch 69 loss: 255.01570796966553; train accuracy: 0.4896777717094484; test accuracy: 0.0983
2025-10-30 12:32:26 [INFO]  Client 1 Finish Local Training--------|
2025-10-30 12:32:26 [INFO]  Client 1 Collecting Local Prototypes--------|
2025-10-30 12:32:26 [INFO]  Client 2 Starts Local Trainning--------|
2025-10-30 12:32:26 [INFO]  Using provided lambda_align_initial: 20.0
2025-10-30 12:32:49 [INFO]  Epoch 60 loss: 336.0322551727295; train accuracy: 0.5400410677618069; test accuracy: 0.14
2025-10-30 12:32:50 [INFO]  Save the model in ./checkpoints/CIFAR100_alpha0.05/local_models/client_2/epoch_60.pth
2025-10-30 12:33:15 [INFO]  Epoch 61 loss: 334.1588659286499; train accuracy: 0.4104990625836979; test accuracy: 0.1139
2025-10-30 12:33:37 [INFO]  Epoch 62 loss: 318.13187885284424; train accuracy: 0.4451388268904562; test accuracy: 0.1173
2025-10-30 12:34:02 [INFO]  Epoch 63 loss: 319.5315456390381; train accuracy: 0.5535220069636639; test accuracy: 0.1416
2025-10-30 12:34:23 [INFO]  Epoch 64 loss: 326.3619804382324; train accuracy: 0.5497723417552004; test accuracy: 0.1436
2025-10-30 12:34:45 [INFO]  Epoch 65 loss: 313.53043937683105; train accuracy: 0.5970895455762878; test accuracy: 0.148
2025-10-30 12:34:46 [INFO]  Save the model in ./checkpoints/CIFAR100_alpha0.05/local_models/client_2/epoch_65.pth
2025-10-30 12:35:08 [INFO]  Epoch 66 loss: 317.6769552230835; train accuracy: 0.5676278903669315; test accuracy: 0.1469
2025-10-30 12:35:32 [INFO]  Epoch 67 loss: 302.8986644744873; train accuracy: 0.5455762878314436; test accuracy: 0.1372
2025-10-30 12:35:55 [INFO]  Epoch 68 loss: 301.24283504486084; train accuracy: 0.48495670029461657; test accuracy: 0.1272
2025-10-30 12:36:18 [INFO]  Epoch 69 loss: 296.66784858703613; train accuracy: 0.5188822426569056; test accuracy: 0.1347
2025-10-30 12:36:18 [INFO]  Client 2 Finish Local Training--------|
2025-10-30 12:36:18 [INFO]  Client 2 Collecting Local Prototypes--------|
2025-10-30 12:36:18 [INFO]  Client 3 Starts Local Trainning--------|
2025-10-30 12:36:18 [INFO]  Using provided lambda_align_initial: 20.0
2025-10-30 12:36:39 [INFO]  Epoch 60 loss: 322.54609394073486; train accuracy: 0.5860044726052925; test accuracy: 0.1433
2025-10-30 12:36:40 [INFO]  Save the model in ./checkpoints/CIFAR100_alpha0.05/local_models/client_3/epoch_60.pth
2025-10-30 12:37:04 [INFO]  Epoch 61 loss: 327.21666049957275; train accuracy: 0.5648527767424525; test accuracy: 0.1399
2025-10-30 12:37:27 [INFO]  Epoch 62 loss: 312.2581911087036; train accuracy: 0.5915952292210213; test accuracy: 0.1449
2025-10-30 12:37:49 [INFO]  Epoch 63 loss: 308.7526512145996; train accuracy: 0.522642564293701; test accuracy: 0.1335
2025-10-30 12:38:11 [INFO]  Epoch 64 loss: 303.8534002304077; train accuracy: 0.5872158032053671; test accuracy: 0.1455
2025-10-30 12:38:31 [INFO]  Epoch 65 loss: 292.27686405181885; train accuracy: 0.5971859858367499; test accuracy: 0.1467
2025-10-30 12:38:31 [INFO]  Save the model in ./checkpoints/CIFAR100_alpha0.05/local_models/client_3/epoch_65.pth
2025-10-30 12:38:52 [INFO]  Epoch 66 loss: 293.02409648895264; train accuracy: 0.592713380544167; test accuracy: 0.1437
2025-10-30 12:39:12 [INFO]  Epoch 67 loss: 291.60074520111084; train accuracy: 0.5848863212821469; test accuracy: 0.1432
2025-10-30 12:39:35 [INFO]  Epoch 68 loss: 288.12152194976807; train accuracy: 0.6036153559448378; test accuracy: 0.1451
2025-10-30 12:39:56 [INFO]  Epoch 69 loss: 285.10452938079834; train accuracy: 0.573518449496832; test accuracy: 0.1425
2025-10-30 12:39:56 [INFO]  Client 3 Finish Local Training--------|
2025-10-30 12:39:56 [INFO]  Client 3 Collecting Local Prototypes--------|
2025-10-30 12:39:56 [INFO]  Client 4 Starts Local Trainning--------|
2025-10-30 12:39:56 [INFO]  Using provided lambda_align_initial: 20.0
2025-10-30 12:40:20 [INFO]  Epoch 60 loss: 352.8891191482544; train accuracy: 0.42119414055256815; test accuracy: 0.1199
2025-10-30 12:40:20 [INFO]  Save the model in ./checkpoints/CIFAR100_alpha0.05/local_models/client_4/epoch_60.pth
2025-10-30 12:40:41 [INFO]  Epoch 61 loss: 349.061731338501; train accuracy: 0.522992768403486; test accuracy: 0.1402
2025-10-30 12:41:03 [INFO]  Epoch 62 loss: 342.6097755432129; train accuracy: 0.40997589467828666; test accuracy: 0.1186
2025-10-30 12:41:24 [INFO]  Epoch 63 loss: 330.8703079223633; train accuracy: 0.4977748933803078; test accuracy: 0.1375
2025-10-30 12:41:45 [INFO]  Epoch 64 loss: 333.85004901885986; train accuracy: 0.4194325978119785; test accuracy: 0.1197
2025-10-30 12:42:06 [INFO]  Epoch 65 loss: 319.7963056564331; train accuracy: 0.4640274429816429; test accuracy: 0.1296
2025-10-30 12:42:07 [INFO]  Save the model in ./checkpoints/CIFAR100_alpha0.05/local_models/client_4/epoch_65.pth
2025-10-30 12:42:30 [INFO]  Epoch 66 loss: 319.193660736084; train accuracy: 0.5066753198590765; test accuracy: 0.137
2025-10-30 12:42:50 [INFO]  Epoch 67 loss: 311.9570360183716; train accuracy: 0.45577600593361767; test accuracy: 0.1296
2025-10-30 12:43:11 [INFO]  Epoch 68 loss: 313.14580059051514; train accuracy: 0.5331911737437419; test accuracy: 0.1496
2025-10-30 12:43:31 [INFO]  Epoch 69 loss: 302.49948024749756; train accuracy: 0.4244390877062859; test accuracy: 0.1174
2025-10-30 12:43:31 [INFO]  Client 4 Finish Local Training--------|
2025-10-30 12:43:31 [INFO]  Client 4 Collecting Local Prototypes--------|
2025-10-30 12:43:31 [INFO]  Round 6 Finish--------|
2025-10-30 12:43:31 [INFO]  Model variance: mean: 0.004367056768387556, sum: 48998.515625
2025-10-30 12:43:31 [INFO]  g_protos_std (global internal): 0.930184
2025-10-30 12:43:31 [INFO]  inter_client_proto_std (cross-client): 0.018305
2025-10-30 12:43:31 [INFO]  g_protos_std (global internal): 0.930184
2025-10-30 12:43:31 [INFO]  inter_client_proto_std (cross-client): 0.018305
2025-10-30 12:43:31 [INFO]  V7 Training | Using Simple Feature-level Server.
2025-10-30 12:43:38 [INFO]  The test accuracy of OursV7+SimpleFeatureServer: 0.3423
2025-10-30 12:43:38 [INFO]  Save config to ./checkpoints/CIFAR100_alpha0.05/baselines_OursV7+SimpleFeatureServer_CIFAR10_results.yaml
2025-10-30 12:43:38 [INFO]  Round 7 starts--------|
2025-10-30 12:43:38 [INFO]  Client 0 Starts Local Trainning--------|
2025-10-30 12:43:38 [INFO]  Using provided lambda_align_initial: 20.0
2025-10-30 12:43:56 [INFO]  Epoch 70 loss: 222.94363594055176; train accuracy: 0.6460743293133153; test accuracy: 0.1255
2025-10-30 12:43:56 [INFO]  Save the model in ./checkpoints/CIFAR100_alpha0.05/local_models/client_0/epoch_70.pth
2025-10-30 12:44:13 [INFO]  Epoch 71 loss: 217.26090717315674; train accuracy: 0.6042333251292149; test accuracy: 0.1199
2025-10-30 12:44:29 [INFO]  Epoch 72 loss: 220.08247184753418; train accuracy: 0.5850356879153334; test accuracy: 0.115
2025-10-30 12:44:45 [INFO]  Epoch 73 loss: 206.84668254852295; train accuracy: 0.6199852325867585; test accuracy: 0.1237
2025-10-30 12:45:02 [INFO]  Epoch 74 loss: 203.71336841583252; train accuracy: 0.6193699237016983; test accuracy: 0.1223
2025-10-30 12:45:19 [INFO]  Epoch 75 loss: 199.66153049468994; train accuracy: 0.5472557223726311; test accuracy: 0.1086
2025-10-30 12:45:19 [INFO]  Save the model in ./checkpoints/CIFAR100_alpha0.05/local_models/client_0/epoch_75.pth
2025-10-30 12:45:35 [INFO]  Epoch 76 loss: 205.083083152771; train accuracy: 0.6197391090327344; test accuracy: 0.1225
2025-10-30 12:45:52 [INFO]  Epoch 77 loss: 195.56225109100342; train accuracy: 0.6113709081959143; test accuracy: 0.1201
2025-10-30 12:46:09 [INFO]  Epoch 78 loss: 196.45250988006592; train accuracy: 0.5414718188530643; test accuracy: 0.1068
2025-10-30 12:46:26 [INFO]  Epoch 79 loss: 196.7027769088745; train accuracy: 0.6428747231110017; test accuracy: 0.1251
2025-10-30 12:46:26 [INFO]  Client 0 Finish Local Training--------|
2025-10-30 12:46:26 [INFO]  Client 0 Collecting Local Prototypes--------|
2025-10-30 12:46:26 [INFO]  Client 1 Starts Local Trainning--------|
2025-10-30 12:46:26 [INFO]  Using provided lambda_align_initial: 20.0
2025-10-30 12:46:45 [INFO]  Epoch 70 loss: 256.37503147125244; train accuracy: 0.5601310759148006; test accuracy: 0.1144
2025-10-30 12:46:46 [INFO]  Save the model in ./checkpoints/CIFAR100_alpha0.05/local_models/client_1/epoch_70.pth
2025-10-30 12:47:04 [INFO]  Epoch 71 loss: 250.9742546081543; train accuracy: 0.43222282905516113; test accuracy: 0.0877
2025-10-30 12:47:24 [INFO]  Epoch 72 loss: 256.97760009765625; train accuracy: 0.4931731294374659; test accuracy: 0.1009
2025-10-30 12:47:44 [INFO]  Epoch 73 loss: 247.14287757873535; train accuracy: 0.5539049699617695; test accuracy: 0.115
2025-10-30 12:48:02 [INFO]  Epoch 74 loss: 250.63504123687744; train accuracy: 0.520808301474604; test accuracy: 0.107
2025-10-30 12:48:20 [INFO]  Epoch 75 loss: 236.8096046447754; train accuracy: 0.5252867285636265; test accuracy: 0.1039
2025-10-30 12:48:21 [INFO]  Save the model in ./checkpoints/CIFAR100_alpha0.05/local_models/client_1/epoch_75.pth
2025-10-30 12:48:41 [INFO]  Epoch 76 loss: 233.14541625976562; train accuracy: 0.527580557072638; test accuracy: 0.1101
2025-10-30 12:49:00 [INFO]  Epoch 77 loss: 234.1313943862915; train accuracy: 0.5291097760786455; test accuracy: 0.1083
2025-10-30 12:49:19 [INFO]  Epoch 78 loss: 226.11785793304443; train accuracy: 0.4890223921354451; test accuracy: 0.1023
2025-10-30 12:49:38 [INFO]  Epoch 79 loss: 226.3262243270874; train accuracy: 0.516985253959585; test accuracy: 0.1038
2025-10-30 12:49:38 [INFO]  Client 1 Finish Local Training--------|
2025-10-30 12:49:38 [INFO]  Client 1 Collecting Local Prototypes--------|
2025-10-30 12:49:38 [INFO]  Client 2 Starts Local Trainning--------|
2025-10-30 12:49:38 [INFO]  Using provided lambda_align_initial: 20.0
2025-10-30 12:50:00 [INFO]  Epoch 70 loss: 293.784273147583; train accuracy: 0.5351307918935809; test accuracy: 0.1386
2025-10-30 12:50:02 [INFO]  Save the model in ./checkpoints/CIFAR100_alpha0.05/local_models/client_2/epoch_70.pth
2025-10-30 12:50:25 [INFO]  Epoch 71 loss: 297.2423210144043; train accuracy: 0.6235157575216499; test accuracy: 0.1638
2025-10-30 12:50:46 [INFO]  Epoch 72 loss: 290.16767406463623; train accuracy: 0.5047763592536381; test accuracy: 0.1313
2025-10-30 12:51:08 [INFO]  Epoch 73 loss: 277.97234630584717; train accuracy: 0.5088831354343362; test accuracy: 0.1337
2025-10-30 12:51:30 [INFO]  Epoch 74 loss: 274.9638366699219; train accuracy: 0.5046870815105794; test accuracy: 0.1331
2025-10-30 12:51:53 [INFO]  Epoch 75 loss: 277.88807010650635; train accuracy: 0.5820908847424338; test accuracy: 0.1442
2025-10-30 12:51:53 [INFO]  Save the model in ./checkpoints/CIFAR100_alpha0.05/local_models/client_2/epoch_75.pth
2025-10-30 12:52:15 [INFO]  Epoch 76 loss: 266.90295696258545; train accuracy: 0.5442371216855638; test accuracy: 0.1409
2025-10-30 12:52:36 [INFO]  Epoch 77 loss: 260.30233097076416; train accuracy: 0.6111954289795554; test accuracy: 0.1529
2025-10-30 12:52:59 [INFO]  Epoch 78 loss: 261.01366996765137; train accuracy: 0.5886974377287743; test accuracy: 0.1477
2025-10-30 12:53:22 [INFO]  Epoch 79 loss: 255.26709365844727; train accuracy: 0.5655745022765825; test accuracy: 0.1423
2025-10-30 12:53:22 [INFO]  Client 2 Finish Local Training--------|
2025-10-30 12:53:22 [INFO]  Client 2 Collecting Local Prototypes--------|
2025-10-30 12:53:22 [INFO]  Client 3 Starts Local Trainning--------|
2025-10-30 12:53:22 [INFO]  Using provided lambda_align_initial: 20.0
2025-10-30 12:53:43 [INFO]  Epoch 70 loss: 271.1497993469238; train accuracy: 0.6383712262392843; test accuracy: 0.1567
2025-10-30 12:53:43 [INFO]  Save the model in ./checkpoints/CIFAR100_alpha0.05/local_models/client_3/epoch_70.pth
2025-10-30 12:54:04 [INFO]  Epoch 71 loss: 269.56750774383545; train accuracy: 0.6306373462541931; test accuracy: 0.1527
2025-10-30 12:54:24 [INFO]  Epoch 72 loss: 275.97215461730957; train accuracy: 0.6167536339918003; test accuracy: 0.1512
2025-10-30 12:54:45 [INFO]  Epoch 73 loss: 256.45969676971436; train accuracy: 0.5922474841595229; test accuracy: 0.1428
2025-10-30 12:55:07 [INFO]  Epoch 74 loss: 263.4687337875366; train accuracy: 0.6275624301155424; test accuracy: 0.1524
2025-10-30 12:55:28 [INFO]  Epoch 75 loss: 254.9140338897705; train accuracy: 0.5968132687290346; test accuracy: 0.1495
2025-10-30 12:55:28 [INFO]  Save the model in ./checkpoints/CIFAR100_alpha0.05/local_models/client_3/epoch_75.pth
2025-10-30 12:55:50 [INFO]  Epoch 76 loss: 257.718807220459; train accuracy: 0.6174990682072307; test accuracy: 0.1523
2025-10-30 12:56:13 [INFO]  Epoch 77 loss: 250.3532943725586; train accuracy: 0.6162877376071562; test accuracy: 0.1491
2025-10-30 12:56:35 [INFO]  Epoch 78 loss: 245.18016147613525; train accuracy: 0.668654491241148; test accuracy: 0.163
2025-10-30 12:56:55 [INFO]  Epoch 79 loss: 231.62336349487305; train accuracy: 0.5909429742825195; test accuracy: 0.1413
2025-10-30 12:56:55 [INFO]  Client 3 Finish Local Training--------|
2025-10-30 12:56:55 [INFO]  Client 3 Collecting Local Prototypes--------|
2025-10-30 12:56:55 [INFO]  Client 4 Starts Local Trainning--------|
2025-10-30 12:56:55 [INFO]  Using provided lambda_align_initial: 20.0
2025-10-30 12:57:17 [INFO]  Epoch 70 loss: 299.72857093811035; train accuracy: 0.5434822918598183; test accuracy: 0.1476
2025-10-30 12:57:18 [INFO]  Save the model in ./checkpoints/CIFAR100_alpha0.05/local_models/client_4/epoch_70.pth
2025-10-30 12:57:40 [INFO]  Epoch 71 loss: 303.5622663497925; train accuracy: 0.5461709623586131; test accuracy: 0.1503
2025-10-30 12:58:00 [INFO]  Epoch 72 loss: 295.0142946243286; train accuracy: 0.5000927127758205; test accuracy: 0.1357
2025-10-30 12:58:21 [INFO]  Epoch 73 loss: 287.40364170074463; train accuracy: 0.4401075468199518; test accuracy: 0.1206
2025-10-30 12:58:43 [INFO]  Epoch 74 loss: 287.5866861343384; train accuracy: 0.5123307991841276; test accuracy: 0.1419
2025-10-30 12:59:05 [INFO]  Epoch 75 loss: 276.5984077453613; train accuracy: 0.5470980901168181; test accuracy: 0.1509
2025-10-30 12:59:05 [INFO]  Save the model in ./checkpoints/CIFAR100_alpha0.05/local_models/client_4/epoch_75.pth
2025-10-30 12:59:28 [INFO]  Epoch 76 loss: 268.4243698120117; train accuracy: 0.5710179862785092; test accuracy: 0.1541
2025-10-30 12:59:51 [INFO]  Epoch 77 loss: 271.41155529022217; train accuracy: 0.40432041535323565; test accuracy: 0.1186
2025-10-30 13:00:13 [INFO]  Epoch 78 loss: 266.193302154541; train accuracy: 0.5313369182273318; test accuracy: 0.1467
2025-10-30 13:00:34 [INFO]  Epoch 79 loss: 256.4752826690674; train accuracy: 0.4402002595957723; test accuracy: 0.1218
2025-10-30 13:00:34 [INFO]  Client 4 Finish Local Training--------|
2025-10-30 13:00:34 [INFO]  Client 4 Collecting Local Prototypes--------|
2025-10-30 13:00:34 [INFO]  Round 7 Finish--------|
2025-10-30 13:00:34 [INFO]  Model variance: mean: 0.004703908693045378, sum: 52778.0078125
2025-10-30 13:00:34 [INFO]  g_protos_std (global internal): 0.927389
2025-10-30 13:00:34 [INFO]  inter_client_proto_std (cross-client): 0.019135
2025-10-30 13:00:34 [INFO]  g_protos_std (global internal): 0.927389
2025-10-30 13:00:34 [INFO]  inter_client_proto_std (cross-client): 0.019135
2025-10-30 13:00:34 [INFO]  V7 Training | Using Simple Feature-level Server.
2025-10-30 13:00:41 [INFO]  The test accuracy of OursV7+SimpleFeatureServer: 0.3679
2025-10-30 13:00:41 [INFO]  Save config to ./checkpoints/CIFAR100_alpha0.05/baselines_OursV7+SimpleFeatureServer_CIFAR10_results.yaml
2025-10-30 13:00:41 [INFO]  Round 8 starts--------|
2025-10-30 13:00:41 [INFO]  Client 0 Starts Local Trainning--------|
2025-10-30 13:00:41 [INFO]  Using provided lambda_align_initial: 20.0
2025-10-30 13:01:00 [INFO]  Epoch 80 loss: 188.7364616394043; train accuracy: 0.6443514644351465; test accuracy: 0.1303
2025-10-30 13:01:01 [INFO]  Save the model in ./checkpoints/CIFAR100_alpha0.05/local_models/client_0/epoch_80.pth
2025-10-30 13:01:17 [INFO]  Epoch 81 loss: 182.5395393371582; train accuracy: 0.6041102633522029; test accuracy: 0.12
2025-10-30 13:01:34 [INFO]  Epoch 82 loss: 178.50974369049072; train accuracy: 0.6327836573960128; test accuracy: 0.1292
2025-10-30 13:01:50 [INFO]  Epoch 83 loss: 175.10070896148682; train accuracy: 0.5860201821314299; test accuracy: 0.1167
2025-10-30 13:02:06 [INFO]  Epoch 84 loss: 175.45113945007324; train accuracy: 0.61469357617524; test accuracy: 0.1187
2025-10-30 13:02:24 [INFO]  Epoch 85 loss: 171.7591094970703; train accuracy: 0.6130937730740832; test accuracy: 0.1226
2025-10-30 13:02:25 [INFO]  Save the model in ./checkpoints/CIFAR100_alpha0.05/local_models/client_0/epoch_85.pth
2025-10-30 13:02:42 [INFO]  Epoch 86 loss: 171.1773338317871; train accuracy: 0.5838050701452129; test accuracy: 0.1124
2025-10-30 13:02:59 [INFO]  Epoch 87 loss: 166.43357944488525; train accuracy: 0.5936500123061778; test accuracy: 0.1177
2025-10-30 13:03:15 [INFO]  Epoch 88 loss: 162.207781791687; train accuracy: 0.6132168348510952; test accuracy: 0.1226
2025-10-30 13:03:33 [INFO]  Epoch 89 loss: 154.93412399291992; train accuracy: 0.6498892444006892; test accuracy: 0.1259
2025-10-30 13:03:33 [INFO]  Client 0 Finish Local Training--------|
2025-10-30 13:03:33 [INFO]  Client 0 Collecting Local Prototypes--------|
2025-10-30 13:03:33 [INFO]  Client 1 Starts Local Trainning--------|
2025-10-30 13:03:33 [INFO]  Using provided lambda_align_initial: 20.0
2025-10-30 13:03:51 [INFO]  Epoch 80 loss: 219.75207042694092; train accuracy: 0.5449481157837247; test accuracy: 0.1071
2025-10-30 13:03:51 [INFO]  Save the model in ./checkpoints/CIFAR100_alpha0.05/local_models/client_1/epoch_80.pth
2025-10-30 13:04:10 [INFO]  Epoch 81 loss: 219.535982131958; train accuracy: 0.53599126160568; test accuracy: 0.1106
2025-10-30 13:04:29 [INFO]  Epoch 82 loss: 213.97824668884277; train accuracy: 0.5402512288367013; test accuracy: 0.1094
2025-10-30 13:04:47 [INFO]  Epoch 83 loss: 213.70575714111328; train accuracy: 0.5721463681048607; test accuracy: 0.1167
2025-10-30 13:05:06 [INFO]  Epoch 84 loss: 211.77256679534912; train accuracy: 0.4896777717094484; test accuracy: 0.1019
2025-10-30 13:05:25 [INFO]  Epoch 85 loss: 202.67652320861816; train accuracy: 0.5666848716548334; test accuracy: 0.1157
2025-10-30 13:05:25 [INFO]  Save the model in ./checkpoints/CIFAR100_alpha0.05/local_models/client_1/epoch_85.pth
2025-10-30 13:05:44 [INFO]  Epoch 86 loss: 199.68388271331787; train accuracy: 0.5259421081376298; test accuracy: 0.1089
2025-10-30 13:06:03 [INFO]  Epoch 87 loss: 196.68342113494873; train accuracy: 0.533588203167668; test accuracy: 0.1096
2025-10-30 13:06:20 [INFO]  Epoch 88 loss: 192.1501693725586; train accuracy: 0.5557618787547788; test accuracy: 0.1125
2025-10-30 13:06:39 [INFO]  Epoch 89 loss: 194.82190132141113; train accuracy: 0.5708356089568541; test accuracy: 0.1201
2025-10-30 13:06:39 [INFO]  Client 1 Finish Local Training--------|
2025-10-30 13:06:39 [INFO]  Client 1 Collecting Local Prototypes--------|
2025-10-30 13:06:39 [INFO]  Client 2 Starts Local Trainning--------|
2025-10-30 13:06:39 [INFO]  Using provided lambda_align_initial: 20.0
2025-10-30 13:07:02 [INFO]  Epoch 80 loss: 248.9106903076172; train accuracy: 0.6496741362378359; test accuracy: 0.1634
2025-10-30 13:07:02 [INFO]  Save the model in ./checkpoints/CIFAR100_alpha0.05/local_models/client_2/epoch_80.pth
2025-10-30 13:07:25 [INFO]  Epoch 81 loss: 245.9389886856079; train accuracy: 0.515668243906794; test accuracy: 0.1338
2025-10-30 13:07:46 [INFO]  Epoch 82 loss: 239.9482946395874; train accuracy: 0.5586108383180073; test accuracy: 0.1428
2025-10-30 13:08:08 [INFO]  Epoch 83 loss: 236.24645042419434; train accuracy: 0.5667351129363449; test accuracy: 0.1433
2025-10-30 13:08:32 [INFO]  Epoch 84 loss: 244.1391544342041; train accuracy: 0.5064726363717525; test accuracy: 0.1326
2025-10-30 13:08:55 [INFO]  Epoch 85 loss: 229.72900295257568; train accuracy: 0.5677171681099902; test accuracy: 0.1415
2025-10-30 13:08:55 [INFO]  Save the model in ./checkpoints/CIFAR100_alpha0.05/local_models/client_2/epoch_85.pth
2025-10-30 13:09:17 [INFO]  Epoch 86 loss: 220.37473011016846; train accuracy: 0.5709311668601018; test accuracy: 0.1509
2025-10-30 13:09:40 [INFO]  Epoch 87 loss: 213.67981052398682; train accuracy: 0.5885188822426569; test accuracy: 0.1489
2025-10-30 13:10:01 [INFO]  Epoch 88 loss: 211.68043613433838; train accuracy: 0.5329881260601732; test accuracy: 0.1341
2025-10-30 13:10:21 [INFO]  Epoch 89 loss: 206.55867433547974; train accuracy: 0.6109275957503795; test accuracy: 0.1531
2025-10-30 13:10:21 [INFO]  Client 2 Finish Local Training--------|
2025-10-30 13:10:21 [INFO]  Client 2 Collecting Local Prototypes--------|
2025-10-30 13:10:21 [INFO]  Client 3 Starts Local Trainning--------|
2025-10-30 13:10:21 [INFO]  Using provided lambda_align_initial: 20.0
2025-10-30 13:10:43 [INFO]  Epoch 80 loss: 229.85986137390137; train accuracy: 0.6660454714871412; test accuracy: 0.1569
2025-10-30 13:10:44 [INFO]  Save the model in ./checkpoints/CIFAR100_alpha0.05/local_models/client_3/epoch_80.pth
2025-10-30 13:11:05 [INFO]  Epoch 81 loss: 227.9217653274536; train accuracy: 0.5986768542676109; test accuracy: 0.1449
2025-10-30 13:11:26 [INFO]  Epoch 82 loss: 226.05360794067383; train accuracy: 0.6415393216548639; test accuracy: 0.1579
2025-10-30 13:11:46 [INFO]  Epoch 83 loss: 216.1955270767212; train accuracy: 0.5631755497577339; test accuracy: 0.14
2025-10-30 13:12:09 [INFO]  Epoch 84 loss: 216.98664951324463; train accuracy: 0.5601006336190831; test accuracy: 0.1378
2025-10-30 13:12:30 [INFO]  Epoch 85 loss: 219.53321170806885; train accuracy: 0.5858181140514349; test accuracy: 0.1446
2025-10-30 13:12:31 [INFO]  Save the model in ./checkpoints/CIFAR100_alpha0.05/local_models/client_3/epoch_85.pth
2025-10-30 13:12:52 [INFO]  Epoch 86 loss: 216.34791946411133; train accuracy: 0.623276183376817; test accuracy: 0.1494
2025-10-30 13:13:13 [INFO]  Epoch 87 loss: 208.18451976776123; train accuracy: 0.6128401043607902; test accuracy: 0.146
2025-10-30 13:13:34 [INFO]  Epoch 88 loss: 199.31043338775635; train accuracy: 0.6257920238538949; test accuracy: 0.1512
2025-10-30 13:13:55 [INFO]  Epoch 89 loss: 204.2096872329712; train accuracy: 0.6167536339918003; test accuracy: 0.1489
2025-10-30 13:13:55 [INFO]  Client 3 Finish Local Training--------|
2025-10-30 13:13:55 [INFO]  Client 3 Collecting Local Prototypes--------|
2025-10-30 13:13:55 [INFO]  Client 4 Starts Local Trainning--------|
2025-10-30 13:13:55 [INFO]  Using provided lambda_align_initial: 20.0
2025-10-30 13:14:15 [INFO]  Epoch 80 loss: 257.9829635620117; train accuracy: 0.5769516039310217; test accuracy: 0.158
2025-10-30 13:14:16 [INFO]  Save the model in ./checkpoints/CIFAR100_alpha0.05/local_models/client_4/epoch_80.pth
2025-10-30 13:14:37 [INFO]  Epoch 81 loss: 252.2168836593628; train accuracy: 0.522621917300204; test accuracy: 0.148
2025-10-30 13:14:58 [INFO]  Epoch 82 loss: 261.5339126586914; train accuracy: 0.4702391989616169; test accuracy: 0.1261
2025-10-30 13:15:19 [INFO]  Epoch 83 loss: 240.0395050048828; train accuracy: 0.5531244205451511; test accuracy: 0.1513
2025-10-30 13:15:42 [INFO]  Epoch 84 loss: 244.1814365386963; train accuracy: 0.5204895234563323; test accuracy: 0.1413
2025-10-30 13:16:02 [INFO]  Epoch 85 loss: 237.2453727722168; train accuracy: 0.5040793621361024; test accuracy: 0.1357
2025-10-30 13:16:03 [INFO]  Save the model in ./checkpoints/CIFAR100_alpha0.05/local_models/client_4/epoch_85.pth
2025-10-30 13:16:24 [INFO]  Epoch 86 loss: 234.72373580932617; train accuracy: 0.586315594288893; test accuracy: 0.154
2025-10-30 13:16:45 [INFO]  Epoch 87 loss: 227.48947429656982; train accuracy: 0.5370851103282033; test accuracy: 0.1448
2025-10-30 13:17:07 [INFO]  Epoch 88 loss: 217.63395595550537; train accuracy: 0.5796402744298165; test accuracy: 0.1546
2025-10-30 13:17:29 [INFO]  Epoch 89 loss: 215.99223566055298; train accuracy: 0.602540330057482; test accuracy: 0.1624
2025-10-30 13:17:29 [INFO]  Client 4 Finish Local Training--------|
2025-10-30 13:17:29 [INFO]  Client 4 Collecting Local Prototypes--------|
2025-10-30 13:17:29 [INFO]  Round 8 Finish--------|
2025-10-30 13:17:29 [INFO]  Model variance: mean: 0.005022537894546986, sum: 56353.0390625
2025-10-30 13:17:29 [INFO]  g_protos_std (global internal): 0.925782
2025-10-30 13:17:29 [INFO]  inter_client_proto_std (cross-client): 0.019835
2025-10-30 13:17:29 [INFO]  g_protos_std (global internal): 0.925782
2025-10-30 13:17:29 [INFO]  inter_client_proto_std (cross-client): 0.019835
2025-10-30 13:17:29 [INFO]  V7 Training | Using Simple Feature-level Server.
2025-10-30 13:17:37 [INFO]  The test accuracy of OursV7+SimpleFeatureServer: 0.3788
2025-10-30 13:17:37 [INFO]  Save config to ./checkpoints/CIFAR100_alpha0.05/baselines_OursV7+SimpleFeatureServer_CIFAR10_results.yaml
2025-10-30 13:17:37 [INFO]  Round 9 starts--------|
2025-10-30 13:17:37 [INFO]  Client 0 Starts Local Trainning--------|
2025-10-30 13:17:37 [INFO]  Using provided lambda_align_initial: 20.0
2025-10-30 13:17:54 [INFO]  Epoch 90 loss: 150.94148063659668; train accuracy: 0.6596111247846419; test accuracy: 0.1267
2025-10-30 13:17:54 [INFO]  Save the model in ./checkpoints/CIFAR100_alpha0.05/local_models/client_0/epoch_90.pth
2025-10-30 13:18:12 [INFO]  Epoch 91 loss: 151.27732944488525; train accuracy: 0.6316761014029043; test accuracy: 0.1235
2025-10-30 13:18:30 [INFO]  Epoch 92 loss: 146.76709461212158; train accuracy: 0.686438592173271; test accuracy: 0.1329
2025-10-30 13:18:48 [INFO]  Epoch 93 loss: 145.6371946334839; train accuracy: 0.6697021904996309; test accuracy: 0.133
2025-10-30 13:19:06 [INFO]  Epoch 94 loss: 140.02827072143555; train accuracy: 0.6236770858971203; test accuracy: 0.125
2025-10-30 13:19:23 [INFO]  Epoch 95 loss: 138.51846313476562; train accuracy: 0.6788087619985232; test accuracy: 0.1367
2025-10-30 13:19:23 [INFO]  Save the model in ./checkpoints/CIFAR100_alpha0.05/local_models/client_0/epoch_95.pth
2025-10-30 13:19:40 [INFO]  Epoch 96 loss: 137.7180666923523; train accuracy: 0.5908195914349004; test accuracy: 0.1208
2025-10-30 13:19:57 [INFO]  Epoch 97 loss: 130.10756015777588; train accuracy: 0.6005414718188531; test accuracy: 0.1198
2025-10-30 13:20:13 [INFO]  Epoch 98 loss: 123.6822772026062; train accuracy: 0.6778242677824268; test accuracy: 0.1361
2025-10-30 13:20:29 [INFO]  Epoch 99 loss: 119.67679262161255; train accuracy: 0.5845434408072853; test accuracy: 0.1172
2025-10-30 13:20:29 [INFO]  Client 0 Finish Local Training--------|
2025-10-30 13:20:29 [INFO]  Client 0 Collecting Local Prototypes--------|
2025-10-30 13:20:29 [INFO]  Client 1 Starts Local Trainning--------|
2025-10-30 13:20:29 [INFO]  Using provided lambda_align_initial: 20.0
2025-10-30 13:20:47 [INFO]  Epoch 90 loss: 184.0737705230713; train accuracy: 0.5684325505188421; test accuracy: 0.1175
2025-10-30 13:20:47 [INFO]  Save the model in ./checkpoints/CIFAR100_alpha0.05/local_models/client_1/epoch_90.pth
2025-10-30 13:21:05 [INFO]  Epoch 91 loss: 185.23231410980225; train accuracy: 0.5401419989077008; test accuracy: 0.1121
2025-10-30 13:21:25 [INFO]  Epoch 92 loss: 178.1224880218506; train accuracy: 0.53599126160568; test accuracy: 0.1107
2025-10-30 13:21:44 [INFO]  Epoch 93 loss: 168.4905824661255; train accuracy: 0.5859093391589295; test accuracy: 0.1176
2025-10-30 13:22:04 [INFO]  Epoch 94 loss: 165.0926103591919; train accuracy: 0.5281267067176406; test accuracy: 0.1086
2025-10-30 13:22:22 [INFO]  Epoch 95 loss: 162.5929660797119; train accuracy: 0.5731294374658656; test accuracy: 0.1181
2025-10-30 13:22:22 [INFO]  Save the model in ./checkpoints/CIFAR100_alpha0.05/local_models/client_1/epoch_95.pth
2025-10-30 13:22:41 [INFO]  Epoch 96 loss: 155.88612413406372; train accuracy: 0.5293282359366467; test accuracy: 0.1108
2025-10-30 13:22:59 [INFO]  Epoch 97 loss: 158.22391653060913; train accuracy: 0.5614418350628072; test accuracy: 0.1134
2025-10-30 13:23:18 [INFO]  Epoch 98 loss: 157.65645265579224; train accuracy: 0.5592572364827962; test accuracy: 0.113
2025-10-30 13:23:37 [INFO]  Epoch 99 loss: 152.92023277282715; train accuracy: 0.592790824685964; test accuracy: 0.1202
2025-10-30 13:23:37 [INFO]  Client 1 Finish Local Training--------|
2025-10-30 13:23:37 [INFO]  Client 1 Collecting Local Prototypes--------|
2025-10-30 13:23:37 [INFO]  Client 2 Starts Local Trainning--------|
2025-10-30 13:23:37 [INFO]  Using provided lambda_align_initial: 20.0
2025-10-30 13:23:59 [INFO]  Epoch 90 loss: 202.84198570251465; train accuracy: 0.6129809838407285; test accuracy: 0.1523
2025-10-30 13:24:00 [INFO]  Save the model in ./checkpoints/CIFAR100_alpha0.05/local_models/client_2/epoch_90.pth
2025-10-30 13:24:21 [INFO]  Epoch 91 loss: 203.40657901763916; train accuracy: 0.5895902151593607; test accuracy: 0.1483
2025-10-30 13:24:44 [INFO]  Epoch 92 loss: 210.33744621276855; train accuracy: 0.48834925453084543; test accuracy: 0.1291
2025-10-30 13:25:05 [INFO]  Epoch 93 loss: 194.85895538330078; train accuracy: 0.5588786715471833; test accuracy: 0.1421
2025-10-30 13:25:26 [INFO]  Epoch 94 loss: 188.88712215423584; train accuracy: 0.5802160521382019; test accuracy: 0.1467
2025-10-30 13:25:48 [INFO]  Epoch 95 loss: 179.89289808273315; train accuracy: 0.5384340683867512; test accuracy: 0.1373
2025-10-30 13:25:49 [INFO]  Save the model in ./checkpoints/CIFAR100_alpha0.05/local_models/client_2/epoch_95.pth
2025-10-30 13:26:12 [INFO]  Epoch 96 loss: 186.9247326850891; train accuracy: 0.5617355593250603; test accuracy: 0.1423
2025-10-30 13:26:34 [INFO]  Epoch 97 loss: 165.96204566955566; train accuracy: 0.6202124810284796; test accuracy: 0.158
2025-10-30 13:26:58 [INFO]  Epoch 98 loss: 164.81238746643066; train accuracy: 0.5351307918935809; test accuracy: 0.1362
2025-10-30 13:27:21 [INFO]  Epoch 99 loss: 174.0730152130127; train accuracy: 0.6334255870011606; test accuracy: 0.1618
2025-10-30 13:27:21 [INFO]  Client 2 Finish Local Training--------|
2025-10-30 13:27:21 [INFO]  Client 2 Collecting Local Prototypes--------|
2025-10-30 13:27:21 [INFO]  Client 3 Starts Local Trainning--------|
2025-10-30 13:27:21 [INFO]  Using provided lambda_align_initial: 20.0
2025-10-30 13:27:44 [INFO]  Epoch 90 loss: 194.09536695480347; train accuracy: 0.6471300782705927; test accuracy: 0.1568
2025-10-30 13:27:45 [INFO]  Save the model in ./checkpoints/CIFAR100_alpha0.05/local_models/client_3/epoch_90.pth
2025-10-30 13:28:07 [INFO]  Epoch 91 loss: 184.46633529663086; train accuracy: 0.598117778606038; test accuracy: 0.1437
2025-10-30 13:28:28 [INFO]  Epoch 92 loss: 176.3371753692627; train accuracy: 0.5768729034662691; test accuracy: 0.1418
2025-10-30 13:28:49 [INFO]  Epoch 93 loss: 176.52879095077515; train accuracy: 0.5773387998509132; test accuracy: 0.1445
2025-10-30 13:29:11 [INFO]  Epoch 94 loss: 177.59979486465454; train accuracy: 0.6595229221021245; test accuracy: 0.1573
2025-10-30 13:29:32 [INFO]  Epoch 95 loss: 173.8873209953308; train accuracy: 0.6755497577338799; test accuracy: 0.1608
2025-10-30 13:29:32 [INFO]  Save the model in ./checkpoints/CIFAR100_alpha0.05/local_models/client_3/epoch_95.pth
2025-10-30 13:29:53 [INFO]  Epoch 96 loss: 163.42406558990479; train accuracy: 0.6096720089452106; test accuracy: 0.1489
2025-10-30 13:30:15 [INFO]  Epoch 97 loss: 163.24683284759521; train accuracy: 0.6419120387625792; test accuracy: 0.1519
2025-10-30 13:30:37 [INFO]  Epoch 98 loss: 163.71321487426758; train accuracy: 0.6327804696235557; test accuracy: 0.1482
2025-10-30 13:30:57 [INFO]  Epoch 99 loss: 156.0819959640503; train accuracy: 0.6022176667909057; test accuracy: 0.1475
2025-10-30 13:30:57 [INFO]  Client 3 Finish Local Training--------|
2025-10-30 13:30:57 [INFO]  Client 3 Collecting Local Prototypes--------|
2025-10-30 13:30:57 [INFO]  Client 4 Starts Local Trainning--------|
2025-10-30 13:30:57 [INFO]  Using provided lambda_align_initial: 20.0
2025-10-30 13:31:18 [INFO]  Epoch 90 loss: 201.16146993637085; train accuracy: 0.5406081958093826; test accuracy: 0.1431
2025-10-30 13:31:18 [INFO]  Save the model in ./checkpoints/CIFAR100_alpha0.05/local_models/client_4/epoch_90.pth
2025-10-30 13:31:40 [INFO]  Epoch 91 loss: 218.5525417327881; train accuracy: 0.5848321898757649; test accuracy: 0.161
2025-10-30 13:32:01 [INFO]  Epoch 92 loss: 203.22126817703247; train accuracy: 0.5517337289078434; test accuracy: 0.1453
2025-10-30 13:32:23 [INFO]  Epoch 93 loss: 205.94624519348145; train accuracy: 0.5274429816428704; test accuracy: 0.1477
2025-10-30 13:32:45 [INFO]  Epoch 94 loss: 199.83463764190674; train accuracy: 0.5424624513257927; test accuracy: 0.1466
2025-10-30 13:33:08 [INFO]  Epoch 95 loss: 190.8216576576233; train accuracy: 0.6179306508436863; test accuracy: 0.1657
2025-10-30 13:33:09 [INFO]  Save the model in ./checkpoints/CIFAR100_alpha0.05/local_models/client_4/epoch_95.pth
2025-10-30 13:33:30 [INFO]  Epoch 96 loss: 186.5626449584961; train accuracy: 0.5656406452809197; test accuracy: 0.1519
2025-10-30 13:33:51 [INFO]  Epoch 97 loss: 181.3312873840332; train accuracy: 0.4675505284628222; test accuracy: 0.1265
2025-10-30 13:34:13 [INFO]  Epoch 98 loss: 186.8890676498413; train accuracy: 0.5276284071945114; test accuracy: 0.144
2025-10-30 13:34:36 [INFO]  Epoch 99 loss: 169.91033935546875; train accuracy: 0.5366215464491007; test accuracy: 0.1392
2025-10-30 13:34:36 [INFO]  Client 4 Finish Local Training--------|
2025-10-30 13:34:36 [INFO]  Client 4 Collecting Local Prototypes--------|
2025-10-30 13:34:36 [INFO]  Round 9 Finish--------|
2025-10-30 13:34:36 [INFO]  Model variance: mean: 0.005329544190317392, sum: 59797.65625
2025-10-30 13:34:36 [INFO]  g_protos_std (global internal): 0.925284
2025-10-30 13:34:36 [INFO]  inter_client_proto_std (cross-client): 0.020420
2025-10-30 13:34:36 [INFO]  g_protos_std (global internal): 0.925284
2025-10-30 13:34:36 [INFO]  inter_client_proto_std (cross-client): 0.020420
2025-10-30 13:34:36 [INFO]  V7 Training | Using Simple Feature-level Server.
2025-10-30 13:34:43 [INFO]  The test accuracy of OursV7+SimpleFeatureServer: 0.3976
2025-10-30 13:34:43 [INFO]  Save config to ./checkpoints/CIFAR100_alpha0.05/baselines_OursV7+SimpleFeatureServer_CIFAR10_results.yaml
