2025-10-29 12:30:35 [INFO]  Load config from ./configs/Tiny_alpha0.1.yaml
2025-10-29 12:30:35 [INFO]  config: {'exp_name': 'Tiny_alpha0.1', 'dataset': {'data_name': 'Tiny-ImageNet', 'root_path': '~/datasets/', 'train_batch_size': 256, 'test_batch_size': 256, 'channels': 3, 'num_classes': 200, 'image_size': 64, 'aux_data_name': 'Tiny-ImageNet', 'aux_root_path': '~/datasets/', 'aux_split': 'test'}, 'distribution': {'type': 'dirichlet', 'label_num_per_client': 2, 'alpha': 0.1}, 'client': {'num_clients': 5}, 'server': {'num_rounds': 10, 'frac_clients': 1.0, 'lr': 0.05, 'local_epochs': 5, 'optimizer': 'sgd', 'momentum': 0.9, 'weight_decay': 0.0001, 'loss_name': 'ce', 'model_name': 'resnet18', 'aggregated_by_datasize': True, 'lr_decay_per_round': 0.998}, 'device': 'cuda:0', 'checkpoint': {'save_path': './checkpoints/', 'save_freq': 5, 'result_file': 'CIFAR10_results.yaml'}, 'pretrain': {'lr': 0.01, 'epoch': 70, 'model_path': './pretrain/', 'momentum': 0.9, 'weight_decay': 0.0001, 'model_name': 'resnet18', 'model_file_name': 'resnet18-f37072fd.pth'}, 'DBCD': {'alpha_l_pa': 1, 'alpha_l_pb': 1, 'alpha_l_pc': 0.0, 'Beta_alpha': 0.2, 'unsup_method': 'infonce', 'contrastive_temperature': 0.5, 'encoder_epoch': 40, 'projector_epoch': 10, 'use_pretrain': False, 'aug_batch_size': 512, 'encoder_lr': 0.03, 'cls_optimizer': 'sgd', 'cls_lr': 0.05, 'supcon_temp': 0.07, 'super_gr': 100, 'aux_with_public': True}, 'etf': {'loss_name': 'ce'}, 'visualization': {'interval': 5, 'save_path': 'visualization/resnet18', 'vis_size': 16}, 'resume': True, 'resume_best': False, 'seed': 1, 'lambda_align_initial': 20.0, 'v9_config': {'use_adaptive_lambda': True, 'lambda_min': 0.1, 'lambda_max': 20.0, 'use_server_optimization': False, 'server_lr': 0.001, 'server_epochs': 20, 'gamma_etf_reg': 0.1}, 'v10_config': {'use_uncertainty_weighting': True, 'sigma_lr': 0.0001}}
2025-10-29 12:30:35 [INFO]  Dataset Tiny-ImageNet loaded
2025-10-29 12:30:35 [INFO]  Dataset index dict loaded from preprocessed_data/Tiny-ImageNet.pt
2025-10-29 12:30:35 [INFO]  Data distribution generated correctly using the corrected dirichlet function.
2025-10-29 12:30:35 [INFO]  Total assigned samples: 100000
2025-10-29 12:30:35 [INFO]  OneshotOursV10 with uncertainty weighting, Pre-heated with V9 Adaptive Lambda
2025-10-29 12:30:36 [INFO]  --- Pre-heating V10 models with V9's adaptive lambda strategy ---
2025-10-29 12:30:41 [INFO]  Data entropy: 5.8522, Normalized: 0.7656 -> Adaptive Lambda: 15.3356
2025-10-29 12:30:41 [INFO]  Client 0: Calculated initial lambda = 15.3356
2025-10-29 12:30:48 [INFO]  Data entropy: 5.9957, Normalized: 0.7844 -> Adaptive Lambda: 15.7092
2025-10-29 12:30:48 [INFO]  Client 1: Calculated initial lambda = 15.7092
2025-10-29 12:30:55 [INFO]  Data entropy: 5.8135, Normalized: 0.7605 -> Adaptive Lambda: 15.2349
2025-10-29 12:30:55 [INFO]  Client 2: Calculated initial lambda = 15.2349
2025-10-29 12:31:04 [INFO]  Data entropy: 6.2981, Normalized: 0.8239 -> Adaptive Lambda: 16.4966
2025-10-29 12:31:04 [INFO]  Client 3: Calculated initial lambda = 16.4966
2025-10-29 12:31:12 [INFO]  Data entropy: 6.0560, Normalized: 0.7923 -> Adaptive Lambda: 15.8662
2025-10-29 12:31:12 [INFO]  Client 4: Calculated initial lambda = 15.8662
2025-10-29 12:31:12 [INFO]  --- V10 model pre-heating complete. Starting training. ---
2025-10-29 12:31:12 [INFO]  Round 0 starts--------|
2025-10-29 12:31:12 [INFO]  Client 0 Starts Local Trainning--------|
2025-10-29 12:31:36 [INFO]  V10 mode: Optimizer created with base_lr=0.05 and sigma_lr=0.0001
2025-10-29 12:32:29 [INFO]  Epoch 0 loss: 149.64971327781677; train accuracy: 0.049523087612911375; test accuracy: 0.0121
2025-10-29 12:32:29 [INFO]  Save the model in ./checkpoints/Tiny_alpha0.1/local_models/client_0/epoch_0.pth
2025-10-29 12:33:23 [INFO]  Epoch 1 loss: 145.91205048561096; train accuracy: 0.05685048322910745; test accuracy: 0.0001
2025-10-29 12:33:23 [INFO]  Save the model in ./checkpoints/Tiny_alpha0.1/local_models/client_0/epoch_1.pth
2025-10-29 12:34:17 [INFO]  Epoch 2 loss: 144.62975978851318; train accuracy: 0.0622196955340787; test accuracy: 0.0012
2025-10-29 12:34:17 [INFO]  Save the model in ./checkpoints/Tiny_alpha0.1/local_models/client_0/epoch_2.pth
2025-10-29 12:35:10 [INFO]  Epoch 3 loss: 143.82307195663452; train accuracy: 0.05539763754658581; test accuracy: 0.0
2025-10-29 12:35:11 [INFO]  Save the model in ./checkpoints/Tiny_alpha0.1/local_models/client_0/epoch_3.pth
2025-10-29 12:36:03 [INFO]  Epoch 4 loss: 143.52316045761108; train accuracy: 0.07984334533510201; test accuracy: 0.0047
2025-10-29 12:36:03 [INFO]  Save the model in ./checkpoints/Tiny_alpha0.1/local_models/client_0/epoch_4.pth
2025-10-29 12:36:03 [INFO]  Client 0 Finish Local Training--------|
2025-10-29 12:36:03 [INFO]  Client 0 Collecting Local Prototypes--------|
2025-10-29 12:36:03 [INFO]  Client 0 Learned Sigmas -> L_local: 3.9038, L_align: 1.0005. Effective Lambda: 15.2231
2025-10-29 12:36:03 [INFO]  Client 1 Starts Local Trainning--------|
2025-10-29 12:36:35 [INFO]  V10 mode: Optimizer created with base_lr=0.05 and sigma_lr=0.0001
2025-10-29 12:37:41 [INFO]  Epoch 0 loss: 190.46116590499878; train accuracy: 0.03139976038338658; test accuracy: 0.0
2025-10-29 12:37:41 [INFO]  Save the model in ./checkpoints/Tiny_alpha0.1/local_models/client_1/epoch_0.pth
2025-10-29 12:38:49 [INFO]  Epoch 1 loss: 186.54979014396667; train accuracy: 0.04482827476038339; test accuracy: 0.0
2025-10-29 12:38:49 [INFO]  Save the model in ./checkpoints/Tiny_alpha0.1/local_models/client_1/epoch_1.pth
2025-10-29 12:39:58 [INFO]  Epoch 2 loss: 184.6046702861786; train accuracy: 0.04787340255591054; test accuracy: 0.0
2025-10-29 12:39:58 [INFO]  Save the model in ./checkpoints/Tiny_alpha0.1/local_models/client_1/epoch_2.pth
2025-10-29 12:41:08 [INFO]  Epoch 3 loss: 183.45536637306213; train accuracy: 0.05775758785942492; test accuracy: 0.0
2025-10-29 12:41:08 [INFO]  Save the model in ./checkpoints/Tiny_alpha0.1/local_models/client_1/epoch_3.pth
2025-10-29 12:42:17 [INFO]  Epoch 4 loss: 182.93126940727234; train accuracy: 0.04912140575079872; test accuracy: 0.0
2025-10-29 12:42:17 [INFO]  Save the model in ./checkpoints/Tiny_alpha0.1/local_models/client_1/epoch_4.pth
2025-10-29 12:42:17 [INFO]  Client 1 Finish Local Training--------|
2025-10-29 12:42:17 [INFO]  Client 1 Collecting Local Prototypes--------|
2025-10-29 12:42:17 [INFO]  Client 1 Learned Sigmas -> L_local: 3.9410, L_align: 1.0006. Effective Lambda: 15.5121
2025-10-29 12:42:17 [INFO]  Client 2 Starts Local Trainning--------|
2025-10-29 12:42:44 [INFO]  V10 mode: Optimizer created with base_lr=0.05 and sigma_lr=0.0001
2025-10-29 12:43:47 [INFO]  Epoch 0 loss: 168.3577651977539; train accuracy: 0.042231255645889795; test accuracy: 0.0003
2025-10-29 12:43:48 [INFO]  Save the model in ./checkpoints/Tiny_alpha0.1/local_models/client_2/epoch_0.pth
2025-10-29 12:44:52 [INFO]  Epoch 1 loss: 164.3552384376526; train accuracy: 0.06447606142728093; test accuracy: 0.0001
2025-10-29 12:44:52 [INFO]  Save the model in ./checkpoints/Tiny_alpha0.1/local_models/client_2/epoch_1.pth
2025-10-29 12:45:58 [INFO]  Epoch 2 loss: 162.93927884101868; train accuracy: 0.08570460704607046; test accuracy: 0.0
2025-10-29 12:45:58 [INFO]  Save the model in ./checkpoints/Tiny_alpha0.1/local_models/client_2/epoch_2.pth
2025-10-29 12:47:04 [INFO]  Epoch 3 loss: 161.97642540931702; train accuracy: 0.08051038843721771; test accuracy: 0.0
2025-10-29 12:47:04 [INFO]  Save the model in ./checkpoints/Tiny_alpha0.1/local_models/client_2/epoch_3.pth
2025-10-29 12:48:10 [INFO]  Epoch 4 loss: 161.88757014274597; train accuracy: 0.07537262872628726; test accuracy: 0.0
2025-10-29 12:48:10 [INFO]  Save the model in ./checkpoints/Tiny_alpha0.1/local_models/client_2/epoch_4.pth
2025-10-29 12:48:10 [INFO]  Client 2 Finish Local Training--------|
2025-10-29 12:48:10 [INFO]  Client 2 Collecting Local Prototypes--------|
2025-10-29 12:48:10 [INFO]  Client 2 Learned Sigmas -> L_local: 3.8880, L_align: 1.0006. Effective Lambda: 15.0989
2025-10-29 12:48:10 [INFO]  Client 3 Starts Local Trainning--------|
2025-10-29 12:48:46 [INFO]  V10 mode: Optimizer created with base_lr=0.05 and sigma_lr=0.0001
2025-10-29 12:50:20 [INFO]  Epoch 0 loss: 235.7909595966339; train accuracy: 0.03157515607491596; test accuracy: 0.0
2025-10-29 12:50:20 [INFO]  Save the model in ./checkpoints/Tiny_alpha0.1/local_models/client_3/epoch_0.pth
2025-10-29 12:51:57 [INFO]  Epoch 1 loss: 231.7385711669922; train accuracy: 0.03837842164238835; test accuracy: 0.0
2025-10-29 12:51:57 [INFO]  Save the model in ./checkpoints/Tiny_alpha0.1/local_models/client_3/epoch_1.pth
2025-10-29 12:53:35 [INFO]  Epoch 2 loss: 229.7692847251892; train accuracy: 0.03673763406435089; test accuracy: 0.0
2025-10-29 12:53:35 [INFO]  Save the model in ./checkpoints/Tiny_alpha0.1/local_models/client_3/epoch_2.pth
2025-10-29 12:55:11 [INFO]  Epoch 3 loss: 228.24662709236145; train accuracy: 0.04330078437650072; test accuracy: 0.0
2025-10-29 12:55:11 [INFO]  Save the model in ./checkpoints/Tiny_alpha0.1/local_models/client_3/epoch_3.pth
2025-10-29 12:56:49 [INFO]  Epoch 4 loss: 227.19944620132446; train accuracy: 0.06367056186969745; test accuracy: 0.0
2025-10-29 12:56:49 [INFO]  Save the model in ./checkpoints/Tiny_alpha0.1/local_models/client_3/epoch_4.pth
2025-10-29 12:56:49 [INFO]  Client 3 Finish Local Training--------|
2025-10-29 12:56:49 [INFO]  Client 3 Collecting Local Prototypes--------|
2025-10-29 12:56:49 [INFO]  Client 3 Learned Sigmas -> L_local: 4.0149, L_align: 1.0007. Effective Lambda: 16.0964
2025-10-29 12:56:49 [INFO]  Client 4 Starts Local Trainning--------|
2025-10-29 12:57:21 [INFO]  V10 mode: Optimizer created with base_lr=0.05 and sigma_lr=0.0001
2025-10-29 12:58:49 [INFO]  Epoch 0 loss: 202.08699131011963; train accuracy: 0.04860754769790549; test accuracy: 0.0024
2025-10-29 12:58:49 [INFO]  Save the model in ./checkpoints/Tiny_alpha0.1/local_models/client_4/epoch_0.pth
2025-10-29 13:00:26 [INFO]  Epoch 1 loss: 198.07888627052307; train accuracy: 0.05345897280403041; test accuracy: 0.0
2025-10-29 13:00:26 [INFO]  Save the model in ./checkpoints/Tiny_alpha0.1/local_models/client_4/epoch_1.pth
2025-10-29 13:02:11 [INFO]  Epoch 2 loss: 196.66861367225647; train accuracy: 0.06931940103559267; test accuracy: 0.0
2025-10-29 13:02:11 [INFO]  Save the model in ./checkpoints/Tiny_alpha0.1/local_models/client_4/epoch_2.pth
2025-10-29 13:03:53 [INFO]  Epoch 3 loss: 195.8329563140869; train accuracy: 0.05378551103232729; test accuracy: 0.0
2025-10-29 13:03:53 [INFO]  Save the model in ./checkpoints/Tiny_alpha0.1/local_models/client_4/epoch_3.pth
2025-10-29 13:05:20 [INFO]  Epoch 4 loss: 195.02413487434387; train accuracy: 0.07920884452115501; test accuracy: 0.0
2025-10-29 13:05:20 [INFO]  Save the model in ./checkpoints/Tiny_alpha0.1/local_models/client_4/epoch_4.pth
2025-10-29 13:05:20 [INFO]  Client 4 Finish Local Training--------|
2025-10-29 13:05:20 [INFO]  Client 4 Collecting Local Prototypes--------|
2025-10-29 13:05:20 [INFO]  Client 4 Learned Sigmas -> L_local: 3.9575, L_align: 1.0007. Effective Lambda: 15.6409
2025-10-29 13:05:20 [INFO]  Round 0 Finish--------|
2025-10-29 13:05:20 [INFO]  Model variance: mean: 0.0007899801712483168, sum: 8904.0517578125
2025-10-29 13:05:20 [INFO]  g_protos_std (global internal): 1.001762
2025-10-29 13:05:20 [INFO]  inter_client_proto_std (cross-client): 0.002117
2025-10-29 13:05:20 [INFO]  V10 Training | Using Simple Feature-level Server.
2025-10-29 13:05:35 [INFO]  The test accuracy of OursV10+SimpleFeatureServer: 0.0188
2025-10-29 13:05:35 [INFO]  Save config to ./checkpoints/Tiny_alpha0.1/baselines_OursV10+SimpleFeatureServer_CIFAR10_results.yaml
2025-10-29 13:05:35 [INFO]  Round 1 starts--------|
2025-10-29 13:05:35 [INFO]  Client 0 Starts Local Trainning--------|
2025-10-29 13:05:35 [INFO]  V10 mode: Optimizer created with base_lr=0.05 and sigma_lr=0.0001
2025-10-29 13:06:50 [INFO]  Epoch 5 loss: 143.23344826698303; train accuracy: 0.07820099804181668; test accuracy: 0.0029
2025-10-29 13:06:50 [INFO]  Save the model in ./checkpoints/Tiny_alpha0.1/local_models/client_0/epoch_5.pth
2025-10-29 13:08:06 [INFO]  Epoch 6 loss: 142.77498507499695; train accuracy: 0.06588339334217674; test accuracy: 0.0004
2025-10-29 13:08:06 [INFO]  Save the model in ./checkpoints/Tiny_alpha0.1/local_models/client_0/epoch_6.pth
2025-10-29 13:09:21 [INFO]  Epoch 7 loss: 142.26258182525635; train accuracy: 0.09765649674688902; test accuracy: 0.0005
2025-10-29 13:09:21 [INFO]  Save the model in ./checkpoints/Tiny_alpha0.1/local_models/client_0/epoch_7.pth
2025-10-29 13:10:34 [INFO]  Epoch 8 loss: 141.84478569030762; train accuracy: 0.10100435853704756; test accuracy: 0.004
2025-10-29 13:10:34 [INFO]  Save the model in ./checkpoints/Tiny_alpha0.1/local_models/client_0/epoch_8.pth
2025-10-29 13:11:46 [INFO]  Epoch 9 loss: 141.5459759235382; train accuracy: 0.08919209146611079; test accuracy: 0.0009
2025-10-29 13:11:46 [INFO]  Save the model in ./checkpoints/Tiny_alpha0.1/local_models/client_0/epoch_9.pth
2025-10-29 13:11:46 [INFO]  Client 0 Finish Local Training--------|
2025-10-29 13:11:46 [INFO]  Client 0 Collecting Local Prototypes--------|
2025-10-29 13:11:46 [INFO]  Client 0 Learned Sigmas -> L_local: 3.8664, L_align: 1.0008. Effective Lambda: 14.9250
2025-10-29 13:11:46 [INFO]  Client 1 Starts Local Trainning--------|
2025-10-29 13:11:46 [INFO]  V10 mode: Optimizer created with base_lr=0.05 and sigma_lr=0.0001
2025-10-29 13:13:22 [INFO]  Epoch 5 loss: 182.2066786289215; train accuracy: 0.062100638977635784; test accuracy: 0.0
2025-10-29 13:13:22 [INFO]  Save the model in ./checkpoints/Tiny_alpha0.1/local_models/client_1/epoch_5.pth
2025-10-29 13:14:55 [INFO]  Epoch 6 loss: 181.74167346954346; train accuracy: 0.07238418530351437; test accuracy: 0.0
2025-10-29 13:14:55 [INFO]  Save the model in ./checkpoints/Tiny_alpha0.1/local_models/client_1/epoch_6.pth
2025-10-29 13:16:29 [INFO]  Epoch 7 loss: 181.11529636383057; train accuracy: 0.09769369009584665; test accuracy: 0.0
2025-10-29 13:16:30 [INFO]  Save the model in ./checkpoints/Tiny_alpha0.1/local_models/client_1/epoch_7.pth
2025-10-29 13:18:03 [INFO]  Epoch 8 loss: 180.8779652118683; train accuracy: 0.09599640575079872; test accuracy: 0.0
2025-10-29 13:18:03 [INFO]  Save the model in ./checkpoints/Tiny_alpha0.1/local_models/client_1/epoch_8.pth
2025-10-29 13:19:22 [INFO]  Epoch 9 loss: 180.18451523780823; train accuracy: 0.08351637380191693; test accuracy: 0.0
2025-10-29 13:19:22 [INFO]  Save the model in ./checkpoints/Tiny_alpha0.1/local_models/client_1/epoch_9.pth
2025-10-29 13:19:22 [INFO]  Client 1 Finish Local Training--------|
2025-10-29 13:19:22 [INFO]  Client 1 Collecting Local Prototypes--------|
2025-10-29 13:19:22 [INFO]  Client 1 Learned Sigmas -> L_local: 3.8864, L_align: 1.0008. Effective Lambda: 15.0788
2025-10-29 13:19:22 [INFO]  Client 2 Starts Local Trainning--------|
2025-10-29 13:19:22 [INFO]  V10 mode: Optimizer created with base_lr=0.05 and sigma_lr=0.0001
2025-10-29 13:20:47 [INFO]  Epoch 5 loss: 160.81573128700256; train accuracy: 0.07813911472448058; test accuracy: 0.0
2025-10-29 13:20:47 [INFO]  Save the model in ./checkpoints/Tiny_alpha0.1/local_models/client_2/epoch_5.pth
2025-10-29 13:22:14 [INFO]  Epoch 6 loss: 160.532452583313; train accuracy: 0.07074299909665763; test accuracy: 0.0
2025-10-29 13:22:14 [INFO]  Save the model in ./checkpoints/Tiny_alpha0.1/local_models/client_2/epoch_6.pth
2025-10-29 13:23:37 [INFO]  Epoch 7 loss: 160.0867781639099; train accuracy: 0.09236675700090334; test accuracy: 0.0
2025-10-29 13:23:37 [INFO]  Save the model in ./checkpoints/Tiny_alpha0.1/local_models/client_2/epoch_7.pth
2025-10-29 13:25:01 [INFO]  Epoch 8 loss: 159.41660332679749; train accuracy: 0.09829494128274616; test accuracy: 0.0
2025-10-29 13:25:01 [INFO]  Save the model in ./checkpoints/Tiny_alpha0.1/local_models/client_2/epoch_8.pth
2025-10-29 13:26:23 [INFO]  Epoch 9 loss: 158.85693883895874; train accuracy: 0.0719850948509485; test accuracy: 0.0
2025-10-29 13:26:23 [INFO]  Save the model in ./checkpoints/Tiny_alpha0.1/local_models/client_2/epoch_9.pth
2025-10-29 13:26:23 [INFO]  Client 2 Finish Local Training--------|
2025-10-29 13:26:23 [INFO]  Client 2 Collecting Local Prototypes--------|
2025-10-29 13:26:23 [INFO]  Client 2 Learned Sigmas -> L_local: 3.8423, L_align: 1.0008. Effective Lambda: 14.7391
2025-10-29 13:26:23 [INFO]  Client 3 Starts Local Trainning--------|
2025-10-29 13:26:23 [INFO]  V10 mode: Optimizer created with base_lr=0.05 and sigma_lr=0.0001
2025-10-29 13:28:21 [INFO]  Epoch 5 loss: 226.65908336639404; train accuracy: 0.05870817992636466; test accuracy: 0.0
2025-10-29 13:28:21 [INFO]  Save the model in ./checkpoints/Tiny_alpha0.1/local_models/client_3/epoch_5.pth
2025-10-29 13:30:20 [INFO]  Epoch 6 loss: 226.03077030181885; train accuracy: 0.09400512245878022; test accuracy: 0.0
2025-10-29 13:30:20 [INFO]  Save the model in ./checkpoints/Tiny_alpha0.1/local_models/client_3/epoch_6.pth
2025-10-29 13:32:16 [INFO]  Epoch 7 loss: 225.20258283615112; train accuracy: 0.07411557547622859; test accuracy: 0.0
2025-10-29 13:32:16 [INFO]  Save the model in ./checkpoints/Tiny_alpha0.1/local_models/client_3/epoch_7.pth
2025-10-29 13:34:13 [INFO]  Epoch 8 loss: 224.3125250339508; train accuracy: 0.08179926364655034; test accuracy: 0.0
2025-10-29 13:34:14 [INFO]  Save the model in ./checkpoints/Tiny_alpha0.1/local_models/client_3/epoch_8.pth
2025-10-29 13:36:12 [INFO]  Epoch 9 loss: 223.8407645225525; train accuracy: 0.07199455738754602; test accuracy: 0.0
2025-10-29 13:36:12 [INFO]  Save the model in ./checkpoints/Tiny_alpha0.1/local_models/client_3/epoch_9.pth
2025-10-29 13:36:12 [INFO]  Client 3 Finish Local Training--------|
2025-10-29 13:36:12 [INFO]  Client 3 Collecting Local Prototypes--------|
2025-10-29 13:36:12 [INFO]  Client 3 Learned Sigmas -> L_local: 3.9352, L_align: 1.0008. Effective Lambda: 15.4609
2025-10-29 13:36:12 [INFO]  Client 4 Starts Local Trainning--------|
2025-10-29 13:36:12 [INFO]  V10 mode: Optimizer created with base_lr=0.05 and sigma_lr=0.0001
2025-10-29 13:37:53 [INFO]  Epoch 5 loss: 194.51719427108765; train accuracy: 0.07389093623174885; test accuracy: 0.0
2025-10-29 13:37:53 [INFO]  Save the model in ./checkpoints/Tiny_alpha0.1/local_models/client_4/epoch_5.pth
2025-10-29 13:39:29 [INFO]  Epoch 6 loss: 193.6818606853485; train accuracy: 0.07333115641181136; test accuracy: 0.0
2025-10-29 13:39:29 [INFO]  Save the model in ./checkpoints/Tiny_alpha0.1/local_models/client_4/epoch_6.pth
2025-10-29 13:41:01 [INFO]  Epoch 7 loss: 193.11337089538574; train accuracy: 0.10463217800998274; test accuracy: 0.0001
2025-10-29 13:41:01 [INFO]  Save the model in ./checkpoints/Tiny_alpha0.1/local_models/client_4/epoch_7.pth
2025-10-29 13:42:43 [INFO]  Epoch 8 loss: 192.9940526485443; train accuracy: 0.07580351728320193; test accuracy: 0.001
2025-10-29 13:42:43 [INFO]  Save the model in ./checkpoints/Tiny_alpha0.1/local_models/client_4/epoch_8.pth
2025-10-29 13:44:22 [INFO]  Epoch 9 loss: 192.1506383419037; train accuracy: 0.0830340066240612; test accuracy: 0.0
2025-10-29 13:44:22 [INFO]  Save the model in ./checkpoints/Tiny_alpha0.1/local_models/client_4/epoch_9.pth
2025-10-29 13:44:22 [INFO]  Client 4 Finish Local Training--------|
2025-10-29 13:44:22 [INFO]  Client 4 Collecting Local Prototypes--------|
2025-10-29 13:44:22 [INFO]  Client 4 Learned Sigmas -> L_local: 3.9015, L_align: 1.0008. Effective Lambda: 15.1966
2025-10-29 13:44:22 [INFO]  Round 1 Finish--------|
2025-10-29 13:44:22 [INFO]  Model variance: mean: 0.0011251771356910467, sum: 12682.134765625
2025-10-29 13:44:22 [INFO]  g_protos_std (global internal): 0.999959
2025-10-29 13:44:22 [INFO]  inter_client_proto_std (cross-client): 0.003322
2025-10-29 13:44:22 [INFO]  V10 Training | Using Simple Feature-level Server.
2025-10-29 13:44:36 [INFO]  The test accuracy of OursV10+SimpleFeatureServer: 0.0142
2025-10-29 13:44:36 [INFO]  Save config to ./checkpoints/Tiny_alpha0.1/baselines_OursV10+SimpleFeatureServer_CIFAR10_results.yaml
2025-10-29 13:44:36 [INFO]  Round 2 starts--------|
2025-10-29 13:44:36 [INFO]  Client 0 Starts Local Trainning--------|
2025-10-29 13:44:36 [INFO]  V10 mode: Optimizer created with base_lr=0.05 and sigma_lr=0.0001
2025-10-29 13:45:40 [INFO]  Epoch 10 loss: 141.0581078529358; train accuracy: 0.11224812077569327; test accuracy: 0.0065
2025-10-29 13:45:40 [INFO]  Save the model in ./checkpoints/Tiny_alpha0.1/local_models/client_0/epoch_10.pth
2025-10-29 13:46:48 [INFO]  Epoch 11 loss: 140.94509601593018; train accuracy: 0.1113637799254627; test accuracy: 0.0052
2025-10-29 13:46:48 [INFO]  Save the model in ./checkpoints/Tiny_alpha0.1/local_models/client_0/epoch_11.pth
2025-10-29 13:48:02 [INFO]  Epoch 12 loss: 140.4817771911621; train accuracy: 0.10201503379445392; test accuracy: 0.0043
2025-10-29 13:48:02 [INFO]  Save the model in ./checkpoints/Tiny_alpha0.1/local_models/client_0/epoch_12.pth
2025-10-29 13:49:20 [INFO]  Epoch 13 loss: 140.59500741958618; train accuracy: 0.1245025582717453; test accuracy: 0.0016
2025-10-29 13:49:20 [INFO]  Save the model in ./checkpoints/Tiny_alpha0.1/local_models/client_0/epoch_13.pth
2025-10-29 13:50:35 [INFO]  Epoch 14 loss: 140.15203595161438; train accuracy: 0.11774366748784032; test accuracy: 0.0016
2025-10-29 13:50:36 [INFO]  Save the model in ./checkpoints/Tiny_alpha0.1/local_models/client_0/epoch_14.pth
2025-10-29 13:50:36 [INFO]  Client 0 Finish Local Training--------|
2025-10-29 13:50:36 [INFO]  Client 0 Collecting Local Prototypes--------|
2025-10-29 13:50:36 [INFO]  Client 0 Learned Sigmas -> L_local: 3.8208, L_align: 1.0008. Effective Lambda: 14.5742
2025-10-29 13:50:36 [INFO]  Client 1 Starts Local Trainning--------|
2025-10-29 13:50:36 [INFO]  V10 mode: Optimizer created with base_lr=0.05 and sigma_lr=0.0001
2025-10-29 13:52:11 [INFO]  Epoch 10 loss: 179.8031301498413; train accuracy: 0.11042332268370607; test accuracy: 0.0
2025-10-29 13:52:11 [INFO]  Save the model in ./checkpoints/Tiny_alpha0.1/local_models/client_1/epoch_10.pth
2025-10-29 13:53:48 [INFO]  Epoch 11 loss: 179.53320837020874; train accuracy: 0.08361621405750799; test accuracy: 0.0
2025-10-29 13:53:48 [INFO]  Save the model in ./checkpoints/Tiny_alpha0.1/local_models/client_1/epoch_11.pth
2025-10-29 13:55:24 [INFO]  Epoch 12 loss: 179.10013699531555; train accuracy: 0.11806110223642173; test accuracy: 0.0
2025-10-29 13:55:24 [INFO]  Save the model in ./checkpoints/Tiny_alpha0.1/local_models/client_1/epoch_12.pth
2025-10-29 13:56:55 [INFO]  Epoch 13 loss: 178.42923283576965; train accuracy: 0.128694089456869; test accuracy: 0.0
2025-10-29 13:56:55 [INFO]  Save the model in ./checkpoints/Tiny_alpha0.1/local_models/client_1/epoch_13.pth
2025-10-29 13:58:32 [INFO]  Epoch 14 loss: 178.25676941871643; train accuracy: 0.13912739616613418; test accuracy: 0.0
2025-10-29 13:58:32 [INFO]  Save the model in ./checkpoints/Tiny_alpha0.1/local_models/client_1/epoch_14.pth
2025-10-29 13:58:32 [INFO]  Client 1 Finish Local Training--------|
2025-10-29 13:58:32 [INFO]  Client 1 Collecting Local Prototypes--------|
2025-10-29 13:58:32 [INFO]  Client 1 Learned Sigmas -> L_local: 3.8243, L_align: 1.0007. Effective Lambda: 14.6054
2025-10-29 13:58:32 [INFO]  Client 2 Starts Local Trainning--------|
2025-10-29 13:58:32 [INFO]  V10 mode: Optimizer created with base_lr=0.05 and sigma_lr=0.0001
2025-10-29 13:59:45 [INFO]  Epoch 10 loss: 158.8265507221222; train accuracy: 0.07836495031616983; test accuracy: 0.0
2025-10-29 13:59:45 [INFO]  Save the model in ./checkpoints/Tiny_alpha0.1/local_models/client_2/epoch_10.pth
2025-10-29 14:00:57 [INFO]  Epoch 11 loss: 158.40348196029663; train accuracy: 0.06120144534778681; test accuracy: 0.0
2025-10-29 14:00:57 [INFO]  Save the model in ./checkpoints/Tiny_alpha0.1/local_models/client_2/epoch_11.pth
2025-10-29 14:02:11 [INFO]  Epoch 12 loss: 158.0390543937683; train accuracy: 0.10490063233965673; test accuracy: 0.0
2025-10-29 14:02:11 [INFO]  Save the model in ./checkpoints/Tiny_alpha0.1/local_models/client_2/epoch_12.pth
2025-10-29 14:03:29 [INFO]  Epoch 13 loss: 157.64790844917297; train accuracy: 0.14780939476061428; test accuracy: 0.0
2025-10-29 14:03:29 [INFO]  Save the model in ./checkpoints/Tiny_alpha0.1/local_models/client_2/epoch_13.pth
2025-10-29 14:04:41 [INFO]  Epoch 14 loss: 156.68760347366333; train accuracy: 0.06080623306233062; test accuracy: 0.0
2025-10-29 14:04:41 [INFO]  Save the model in ./checkpoints/Tiny_alpha0.1/local_models/client_2/epoch_14.pth
2025-10-29 14:04:41 [INFO]  Client 2 Finish Local Training--------|
2025-10-29 14:04:41 [INFO]  Client 2 Collecting Local Prototypes--------|
2025-10-29 14:04:41 [INFO]  Client 2 Learned Sigmas -> L_local: 3.7881, L_align: 1.0008. Effective Lambda: 14.3271
2025-10-29 14:04:41 [INFO]  Client 3 Starts Local Trainning--------|
2025-10-29 14:04:41 [INFO]  V10 mode: Optimizer created with base_lr=0.05 and sigma_lr=0.0001
2025-10-29 14:06:23 [INFO]  Epoch 10 loss: 223.32674598693848; train accuracy: 0.0874819913558508; test accuracy: 0.0
2025-10-29 14:06:23 [INFO]  Save the model in ./checkpoints/Tiny_alpha0.1/local_models/client_3/epoch_10.pth
2025-10-29 14:08:05 [INFO]  Epoch 11 loss: 222.97367072105408; train accuracy: 0.10088842644469345; test accuracy: 0.0
2025-10-29 14:08:05 [INFO]  Save the model in ./checkpoints/Tiny_alpha0.1/local_models/client_3/epoch_11.pth
2025-10-29 14:09:53 [INFO]  Epoch 12 loss: 222.43498420715332; train accuracy: 0.0779974387706099; test accuracy: 0.0
2025-10-29 14:09:53 [INFO]  Save the model in ./checkpoints/Tiny_alpha0.1/local_models/client_3/epoch_12.pth
2025-10-29 14:11:32 [INFO]  Epoch 13 loss: 221.92456126213074; train accuracy: 0.07547622858972307; test accuracy: 0.0
2025-10-29 14:11:33 [INFO]  Save the model in ./checkpoints/Tiny_alpha0.1/local_models/client_3/epoch_13.pth
2025-10-29 14:13:12 [INFO]  Epoch 14 loss: 221.32779574394226; train accuracy: 0.10348967504402112; test accuracy: 0.0
2025-10-29 14:13:12 [INFO]  Save the model in ./checkpoints/Tiny_alpha0.1/local_models/client_3/epoch_14.pth
2025-10-29 14:13:12 [INFO]  Client 3 Finish Local Training--------|
2025-10-29 14:13:12 [INFO]  Client 3 Collecting Local Prototypes--------|
2025-10-29 14:13:12 [INFO]  Client 3 Learned Sigmas -> L_local: 3.8519, L_align: 1.0004. Effective Lambda: 14.8259
2025-10-29 14:13:12 [INFO]  Client 4 Starts Local Trainning--------|
2025-10-29 14:13:12 [INFO]  V10 mode: Optimizer created with base_lr=0.05 and sigma_lr=0.0001
2025-10-29 14:14:44 [INFO]  Epoch 10 loss: 192.05715537071228; train accuracy: 0.10304613518682651; test accuracy: 0.0
2025-10-29 14:14:44 [INFO]  Save the model in ./checkpoints/Tiny_alpha0.1/local_models/client_4/epoch_10.pth
2025-10-29 14:16:10 [INFO]  Epoch 11 loss: 191.48052525520325; train accuracy: 0.10048047767877968; test accuracy: 0.0001
2025-10-29 14:16:10 [INFO]  Save the model in ./checkpoints/Tiny_alpha0.1/local_models/client_4/epoch_11.pth
2025-10-29 14:17:36 [INFO]  Epoch 12 loss: 190.90173053741455; train accuracy: 0.11312217194570136; test accuracy: 0.0018
2025-10-29 14:17:36 [INFO]  Save the model in ./checkpoints/Tiny_alpha0.1/local_models/client_4/epoch_12.pth
2025-10-29 14:19:05 [INFO]  Epoch 13 loss: 190.93160319328308; train accuracy: 0.10920371320613892; test accuracy: 0.0002
2025-10-29 14:19:05 [INFO]  Save the model in ./checkpoints/Tiny_alpha0.1/local_models/client_4/epoch_13.pth
2025-10-29 14:20:39 [INFO]  Epoch 14 loss: 189.9345304965973; train accuracy: 0.0962821290292485; test accuracy: 0.0004
2025-10-29 14:20:39 [INFO]  Save the model in ./checkpoints/Tiny_alpha0.1/local_models/client_4/epoch_14.pth
2025-10-29 14:20:39 [INFO]  Client 4 Finish Local Training--------|
2025-10-29 14:20:39 [INFO]  Client 4 Collecting Local Prototypes--------|
2025-10-29 14:20:39 [INFO]  Client 4 Learned Sigmas -> L_local: 3.8390, L_align: 1.0006. Effective Lambda: 14.7200
2025-10-29 14:20:39 [INFO]  Round 2 Finish--------|
2025-10-29 14:20:39 [INFO]  Model variance: mean: 0.001409108517691493, sum: 15882.3916015625
2025-10-29 14:20:39 [INFO]  g_protos_std (global internal): 0.998165
2025-10-29 14:20:39 [INFO]  inter_client_proto_std (cross-client): 0.004367
2025-10-29 14:20:39 [INFO]  V10 Training | Using Simple Feature-level Server.
2025-10-29 14:20:53 [INFO]  The test accuracy of OursV10+SimpleFeatureServer: 0.0101
2025-10-29 14:20:53 [INFO]  Save config to ./checkpoints/Tiny_alpha0.1/baselines_OursV10+SimpleFeatureServer_CIFAR10_results.yaml
2025-10-29 14:20:53 [INFO]  Round 3 starts--------|
2025-10-29 14:20:53 [INFO]  Client 0 Starts Local Trainning--------|
2025-10-29 14:20:53 [INFO]  V10 mode: Optimizer created with base_lr=0.05 and sigma_lr=0.0001
2025-10-29 14:22:06 [INFO]  Epoch 15 loss: 139.98931646347046; train accuracy: 0.1267765776009096; test accuracy: 0.0021
2025-10-29 14:22:06 [INFO]  Save the model in ./checkpoints/Tiny_alpha0.1/local_models/client_0/epoch_15.pth
2025-10-29 14:23:16 [INFO]  Epoch 16 loss: 139.7013144493103; train accuracy: 0.13833617585749478; test accuracy: 0.0023
2025-10-29 14:23:16 [INFO]  Save the model in ./checkpoints/Tiny_alpha0.1/local_models/client_0/epoch_16.pth
2025-10-29 14:24:23 [INFO]  Epoch 17 loss: 139.16361117362976; train accuracy: 0.11149011433263849; test accuracy: 0.0176
2025-10-29 14:24:23 [INFO]  Save the model in ./checkpoints/Tiny_alpha0.1/local_models/client_0/epoch_17.pth
2025-10-29 14:25:28 [INFO]  Epoch 18 loss: 139.21926045417786; train accuracy: 0.11673299223043396; test accuracy: 0.0011
2025-10-29 14:25:28 [INFO]  Save the model in ./checkpoints/Tiny_alpha0.1/local_models/client_0/epoch_18.pth
2025-10-29 14:26:32 [INFO]  Epoch 19 loss: 138.87824082374573; train accuracy: 0.127155580822437; test accuracy: 0.0022
2025-10-29 14:26:32 [INFO]  Save the model in ./checkpoints/Tiny_alpha0.1/local_models/client_0/epoch_19.pth
2025-10-29 14:26:32 [INFO]  Client 0 Finish Local Training--------|
2025-10-29 14:26:32 [INFO]  Client 0 Collecting Local Prototypes--------|
2025-10-29 14:26:32 [INFO]  Client 0 Learned Sigmas -> L_local: 3.7718, L_align: 1.0006. Effective Lambda: 14.2078
2025-10-29 14:26:32 [INFO]  Client 1 Starts Local Trainning--------|
2025-10-29 14:26:32 [INFO]  V10 mode: Optimizer created with base_lr=0.05 and sigma_lr=0.0001
2025-10-29 14:27:58 [INFO]  Epoch 15 loss: 177.86420106887817; train accuracy: 0.08206869009584665; test accuracy: 0.0
2025-10-29 14:27:58 [INFO]  Save the model in ./checkpoints/Tiny_alpha0.1/local_models/client_1/epoch_15.pth
2025-10-29 14:29:36 [INFO]  Epoch 16 loss: 177.7219433784485; train accuracy: 0.1077276357827476; test accuracy: 0.0
2025-10-29 14:29:36 [INFO]  Save the model in ./checkpoints/Tiny_alpha0.1/local_models/client_1/epoch_16.pth
2025-10-29 14:31:00 [INFO]  Epoch 17 loss: 176.5898380279541; train accuracy: 0.09679512779552715; test accuracy: 0.0
2025-10-29 14:31:00 [INFO]  Save the model in ./checkpoints/Tiny_alpha0.1/local_models/client_1/epoch_17.pth
2025-10-29 14:32:18 [INFO]  Epoch 18 loss: 176.76640391349792; train accuracy: 0.08830870607028754; test accuracy: 0.0
2025-10-29 14:32:18 [INFO]  Save the model in ./checkpoints/Tiny_alpha0.1/local_models/client_1/epoch_18.pth
2025-10-29 14:33:38 [INFO]  Epoch 19 loss: 176.17327070236206; train accuracy: 0.11955870607028754; test accuracy: 0.0
2025-10-29 14:33:38 [INFO]  Save the model in ./checkpoints/Tiny_alpha0.1/local_models/client_1/epoch_19.pth
2025-10-29 14:33:38 [INFO]  Client 1 Finish Local Training--------|
2025-10-29 14:33:38 [INFO]  Client 1 Collecting Local Prototypes--------|
2025-10-29 14:33:38 [INFO]  Client 1 Learned Sigmas -> L_local: 3.7583, L_align: 1.0002. Effective Lambda: 14.1178
2025-10-29 14:33:38 [INFO]  Client 2 Starts Local Trainning--------|
2025-10-29 14:33:38 [INFO]  V10 mode: Optimizer created with base_lr=0.05 and sigma_lr=0.0001
2025-10-29 14:35:00 [INFO]  Epoch 15 loss: 156.8249590396881; train accuracy: 0.11811201445347787; test accuracy: 0.0
2025-10-29 14:35:00 [INFO]  Save the model in ./checkpoints/Tiny_alpha0.1/local_models/client_2/epoch_15.pth
2025-10-29 14:36:12 [INFO]  Epoch 16 loss: 156.2180459499359; train accuracy: 0.1874435411020777; test accuracy: 0.0
2025-10-29 14:36:12 [INFO]  Save the model in ./checkpoints/Tiny_alpha0.1/local_models/client_2/epoch_16.pth
2025-10-29 14:37:25 [INFO]  Epoch 17 loss: 156.18898129463196; train accuracy: 0.1596657633242999; test accuracy: 0.0
2025-10-29 14:37:25 [INFO]  Save the model in ./checkpoints/Tiny_alpha0.1/local_models/client_2/epoch_17.pth
2025-10-29 14:38:38 [INFO]  Epoch 18 loss: 155.77775692939758; train accuracy: 0.11557136404697381; test accuracy: 0.0
2025-10-29 14:38:38 [INFO]  Save the model in ./checkpoints/Tiny_alpha0.1/local_models/client_2/epoch_18.pth
2025-10-29 14:39:50 [INFO]  Epoch 19 loss: 155.49645256996155; train accuracy: 0.13459801264679314; test accuracy: 0.0
2025-10-29 14:39:50 [INFO]  Save the model in ./checkpoints/Tiny_alpha0.1/local_models/client_2/epoch_19.pth
2025-10-29 14:39:50 [INFO]  Client 2 Finish Local Training--------|
2025-10-29 14:39:50 [INFO]  Client 2 Collecting Local Prototypes--------|
2025-10-29 14:39:50 [INFO]  Client 2 Learned Sigmas -> L_local: 3.7286, L_align: 1.0005. Effective Lambda: 13.8885
2025-10-29 14:39:50 [INFO]  Client 3 Starts Local Trainning--------|
2025-10-29 14:39:50 [INFO]  V10 mode: Optimizer created with base_lr=0.05 and sigma_lr=0.0001
2025-10-29 14:41:31 [INFO]  Epoch 15 loss: 221.25431656837463; train accuracy: 0.10873219145189691; test accuracy: 0.0
2025-10-29 14:41:31 [INFO]  Save the model in ./checkpoints/Tiny_alpha0.1/local_models/client_3/epoch_15.pth
2025-10-29 14:43:21 [INFO]  Epoch 16 loss: 220.52040815353394; train accuracy: 0.07855770769969585; test accuracy: 0.0
2025-10-29 14:43:22 [INFO]  Save the model in ./checkpoints/Tiny_alpha0.1/local_models/client_3/epoch_16.pth
2025-10-29 14:45:22 [INFO]  Epoch 17 loss: 220.237046957016; train accuracy: 0.10789178805826796; test accuracy: 0.0
2025-10-29 14:45:22 [INFO]  Save the model in ./checkpoints/Tiny_alpha0.1/local_models/client_3/epoch_17.pth
2025-10-29 14:47:12 [INFO]  Epoch 18 loss: 219.58162903785706; train accuracy: 0.11389466944133184; test accuracy: 0.0
2025-10-29 14:47:12 [INFO]  Save the model in ./checkpoints/Tiny_alpha0.1/local_models/client_3/epoch_18.pth
2025-10-29 14:49:17 [INFO]  Epoch 19 loss: 219.37554502487183; train accuracy: 0.1043700976468705; test accuracy: 0.0
2025-10-29 14:49:17 [INFO]  Save the model in ./checkpoints/Tiny_alpha0.1/local_models/client_3/epoch_19.pth
2025-10-29 14:49:17 [INFO]  Client 3 Finish Local Training--------|
2025-10-29 14:49:17 [INFO]  Client 3 Collecting Local Prototypes--------|
2025-10-29 14:49:17 [INFO]  Client 3 Learned Sigmas -> L_local: 3.7712, L_align: 0.9996. Effective Lambda: 14.2343
2025-10-29 14:49:17 [INFO]  Client 4 Starts Local Trainning--------|
2025-10-29 14:49:17 [INFO]  V10 mode: Optimizer created with base_lr=0.05 and sigma_lr=0.0001
2025-10-29 14:51:06 [INFO]  Epoch 15 loss: 189.93084335327148; train accuracy: 0.08088818398096749; test accuracy: 0.0
2025-10-29 14:51:06 [INFO]  Save the model in ./checkpoints/Tiny_alpha0.1/local_models/client_4/epoch_15.pth
2025-10-29 14:52:52 [INFO]  Epoch 16 loss: 189.42098689079285; train accuracy: 0.10822409852124831; test accuracy: 0.001
2025-10-29 14:52:52 [INFO]  Save the model in ./checkpoints/Tiny_alpha0.1/local_models/client_4/epoch_16.pth
2025-10-29 14:54:42 [INFO]  Epoch 17 loss: 188.8870825767517; train accuracy: 0.12249848392965433; test accuracy: 0.0009
2025-10-29 14:54:43 [INFO]  Save the model in ./checkpoints/Tiny_alpha0.1/local_models/client_4/epoch_17.pth
2025-10-29 14:56:28 [INFO]  Epoch 18 loss: 188.40505933761597; train accuracy: 0.14213742594579465; test accuracy: 0.002
2025-10-29 14:56:29 [INFO]  Save the model in ./checkpoints/Tiny_alpha0.1/local_models/client_4/epoch_18.pth
2025-10-29 14:58:15 [INFO]  Epoch 19 loss: 188.28374576568604; train accuracy: 0.13686616597471662; test accuracy: 0.0041
2025-10-29 14:58:15 [INFO]  Save the model in ./checkpoints/Tiny_alpha0.1/local_models/client_4/epoch_19.pth
2025-10-29 14:58:15 [INFO]  Client 4 Finish Local Training--------|
2025-10-29 14:58:15 [INFO]  Client 4 Collecting Local Prototypes--------|
2025-10-29 14:58:15 [INFO]  Client 4 Learned Sigmas -> L_local: 3.7728, L_align: 1.0001. Effective Lambda: 14.2316
2025-10-29 14:58:15 [INFO]  Round 3 Finish--------|
2025-10-29 14:58:15 [INFO]  Model variance: mean: 0.0016768377972766757, sum: 18900.03125
2025-10-29 14:58:15 [INFO]  g_protos_std (global internal): 0.996377
2025-10-29 14:58:15 [INFO]  inter_client_proto_std (cross-client): 0.005329
2025-10-29 14:58:15 [INFO]  V10 Training | Using Simple Feature-level Server.
2025-10-29 14:58:30 [INFO]  The test accuracy of OursV10+SimpleFeatureServer: 0.0096
2025-10-29 14:58:30 [INFO]  Save config to ./checkpoints/Tiny_alpha0.1/baselines_OursV10+SimpleFeatureServer_CIFAR10_results.yaml
2025-10-29 14:58:30 [INFO]  Round 4 starts--------|
2025-10-29 14:58:30 [INFO]  Client 0 Starts Local Trainning--------|
2025-10-29 14:58:30 [INFO]  V10 mode: Optimizer created with base_lr=0.05 and sigma_lr=0.0001
2025-10-29 14:59:50 [INFO]  Epoch 20 loss: 138.7503638267517; train accuracy: 0.1424420440907081; test accuracy: 0.0037
2025-10-29 14:59:50 [INFO]  Save the model in ./checkpoints/Tiny_alpha0.1/local_models/client_0/epoch_20.pth
2025-10-29 15:01:11 [INFO]  Epoch 21 loss: 138.34741735458374; train accuracy: 0.13688333017497314; test accuracy: 0.0035
2025-10-29 15:01:11 [INFO]  Save the model in ./checkpoints/Tiny_alpha0.1/local_models/client_0/epoch_21.pth
2025-10-29 15:02:31 [INFO]  Epoch 22 loss: 138.42457509040833; train accuracy: 0.11818583791295559; test accuracy: 0.0008
2025-10-29 15:02:31 [INFO]  Save the model in ./checkpoints/Tiny_alpha0.1/local_models/client_0/epoch_22.pth
2025-10-29 15:03:49 [INFO]  Epoch 23 loss: 137.99660730361938; train accuracy: 0.16543490619670267; test accuracy: 0.0019
2025-10-29 15:03:49 [INFO]  Save the model in ./checkpoints/Tiny_alpha0.1/local_models/client_0/epoch_23.pth
2025-10-29 15:05:08 [INFO]  Epoch 24 loss: 137.62066268920898; train accuracy: 0.17244646579495926; test accuracy: 0.0038
2025-10-29 15:05:08 [INFO]  Save the model in ./checkpoints/Tiny_alpha0.1/local_models/client_0/epoch_24.pth
2025-10-29 15:05:08 [INFO]  Client 0 Finish Local Training--------|
2025-10-29 15:05:08 [INFO]  Client 0 Collecting Local Prototypes--------|
2025-10-29 15:05:08 [INFO]  Client 0 Learned Sigmas -> L_local: 3.7211, L_align: 1.0003. Effective Lambda: 13.8385
2025-10-29 15:05:08 [INFO]  Client 1 Starts Local Trainning--------|
2025-10-29 15:05:08 [INFO]  V10 mode: Optimizer created with base_lr=0.05 and sigma_lr=0.0001
2025-10-29 15:06:48 [INFO]  Epoch 20 loss: 176.00393891334534; train accuracy: 0.0805211661341853; test accuracy: 0.0
2025-10-29 15:06:48 [INFO]  Save the model in ./checkpoints/Tiny_alpha0.1/local_models/client_1/epoch_20.pth
2025-10-29 15:08:23 [INFO]  Epoch 21 loss: 175.8844919204712; train accuracy: 0.1257488019169329; test accuracy: 0.0
2025-10-29 15:08:23 [INFO]  Save the model in ./checkpoints/Tiny_alpha0.1/local_models/client_1/epoch_21.pth
2025-10-29 15:10:00 [INFO]  Epoch 22 loss: 175.6782579421997; train accuracy: 0.17032747603833867; test accuracy: 0.0
2025-10-29 15:10:00 [INFO]  Save the model in ./checkpoints/Tiny_alpha0.1/local_models/client_1/epoch_22.pth
2025-10-29 15:11:35 [INFO]  Epoch 23 loss: 175.10573410987854; train accuracy: 0.1064297124600639; test accuracy: 0.0
2025-10-29 15:11:35 [INFO]  Save the model in ./checkpoints/Tiny_alpha0.1/local_models/client_1/epoch_23.pth
2025-10-29 15:13:12 [INFO]  Epoch 24 loss: 175.00638914108276; train accuracy: 0.1134185303514377; test accuracy: 0.0
2025-10-29 15:13:12 [INFO]  Save the model in ./checkpoints/Tiny_alpha0.1/local_models/client_1/epoch_24.pth
2025-10-29 15:13:12 [INFO]  Client 1 Finish Local Training--------|
2025-10-29 15:13:12 [INFO]  Client 1 Collecting Local Prototypes--------|
2025-10-29 15:13:12 [INFO]  Client 1 Learned Sigmas -> L_local: 3.6937, L_align: 0.9996. Effective Lambda: 13.6554
2025-10-29 15:13:12 [INFO]  Client 2 Starts Local Trainning--------|
2025-10-29 15:13:12 [INFO]  V10 mode: Optimizer created with base_lr=0.05 and sigma_lr=0.0001
2025-10-29 15:14:39 [INFO]  Epoch 20 loss: 154.96510696411133; train accuracy: 0.13465447154471544; test accuracy: 0.0
2025-10-29 15:14:39 [INFO]  Save the model in ./checkpoints/Tiny_alpha0.1/local_models/client_2/epoch_20.pth
2025-10-29 15:16:06 [INFO]  Epoch 21 loss: 155.22064566612244; train accuracy: 0.21109981933152666; test accuracy: 0.0
2025-10-29 15:16:06 [INFO]  Save the model in ./checkpoints/Tiny_alpha0.1/local_models/client_2/epoch_21.pth
2025-10-29 15:17:32 [INFO]  Epoch 22 loss: 154.67882204055786; train accuracy: 0.11703929539295393; test accuracy: 0.0
2025-10-29 15:17:33 [INFO]  Save the model in ./checkpoints/Tiny_alpha0.1/local_models/client_2/epoch_22.pth
2025-10-29 15:18:59 [INFO]  Epoch 23 loss: 154.19681239128113; train accuracy: 0.18586269196025293; test accuracy: 0.0
2025-10-29 15:18:59 [INFO]  Save the model in ./checkpoints/Tiny_alpha0.1/local_models/client_2/epoch_23.pth
2025-10-29 15:20:26 [INFO]  Epoch 24 loss: 153.98762941360474; train accuracy: 0.17090108401084012; test accuracy: 0.0
2025-10-29 15:20:26 [INFO]  Save the model in ./checkpoints/Tiny_alpha0.1/local_models/client_2/epoch_24.pth
2025-10-29 15:20:26 [INFO]  Client 2 Finish Local Training--------|
2025-10-29 15:20:26 [INFO]  Client 2 Collecting Local Prototypes--------|
2025-10-29 15:20:26 [INFO]  Client 2 Learned Sigmas -> L_local: 3.6676, L_align: 1.0000. Effective Lambda: 13.4510
2025-10-29 15:20:26 [INFO]  Client 3 Starts Local Trainning--------|
2025-10-29 15:20:26 [INFO]  V10 mode: Optimizer created with base_lr=0.05 and sigma_lr=0.0001
2025-10-29 15:22:23 [INFO]  Epoch 20 loss: 218.92394995689392; train accuracy: 0.12253881863294382; test accuracy: 0.0
2025-10-29 15:22:23 [INFO]  Save the model in ./checkpoints/Tiny_alpha0.1/local_models/client_3/epoch_20.pth
2025-10-29 15:24:22 [INFO]  Epoch 21 loss: 218.47931599617004; train accuracy: 0.11469505362574035; test accuracy: 0.0
2025-10-29 15:24:22 [INFO]  Save the model in ./checkpoints/Tiny_alpha0.1/local_models/client_3/epoch_21.pth
2025-10-29 15:26:19 [INFO]  Epoch 22 loss: 217.7918679714203; train accuracy: 0.10969265247318713; test accuracy: 0.0
2025-10-29 15:26:19 [INFO]  Save the model in ./checkpoints/Tiny_alpha0.1/local_models/client_3/epoch_22.pth
2025-10-29 15:28:18 [INFO]  Epoch 23 loss: 217.8713779449463; train accuracy: 0.1566351848887466; test accuracy: 0.0
2025-10-29 15:28:18 [INFO]  Save the model in ./checkpoints/Tiny_alpha0.1/local_models/client_3/epoch_23.pth
2025-10-29 15:30:17 [INFO]  Epoch 24 loss: 217.18479132652283; train accuracy: 0.12465983672162638; test accuracy: 0.0
2025-10-29 15:30:17 [INFO]  Save the model in ./checkpoints/Tiny_alpha0.1/local_models/client_3/epoch_24.pth
2025-10-29 15:30:17 [INFO]  Client 3 Finish Local Training--------|
2025-10-29 15:30:17 [INFO]  Client 3 Collecting Local Prototypes--------|
2025-10-29 15:30:17 [INFO]  Client 3 Learned Sigmas -> L_local: 3.6936, L_align: 0.9984. Effective Lambda: 13.6848
2025-10-29 15:30:17 [INFO]  Client 4 Starts Local Trainning--------|
2025-10-29 15:30:17 [INFO]  V10 mode: Optimizer created with base_lr=0.05 and sigma_lr=0.0001
2025-10-29 15:31:58 [INFO]  Epoch 20 loss: 187.75793647766113; train accuracy: 0.177170313010216; test accuracy: 0.0045
2025-10-29 15:31:58 [INFO]  Save the model in ./checkpoints/Tiny_alpha0.1/local_models/client_4/epoch_20.pth
2025-10-29 15:33:40 [INFO]  Epoch 21 loss: 187.5734453201294; train accuracy: 0.1178336520968419; test accuracy: 0.0013
2025-10-29 15:33:40 [INFO]  Save the model in ./checkpoints/Tiny_alpha0.1/local_models/client_4/epoch_21.pth
2025-10-29 15:35:26 [INFO]  Epoch 22 loss: 187.41091585159302; train accuracy: 0.14442319354387273; test accuracy: 0.0001
2025-10-29 15:35:26 [INFO]  Save the model in ./checkpoints/Tiny_alpha0.1/local_models/client_4/epoch_22.pth
2025-10-29 15:37:09 [INFO]  Epoch 23 loss: 186.7969479560852; train accuracy: 0.1628026309651537; test accuracy: 0.0004
2025-10-29 15:37:09 [INFO]  Save the model in ./checkpoints/Tiny_alpha0.1/local_models/client_4/epoch_23.pth
2025-10-29 15:38:51 [INFO]  Epoch 24 loss: 186.70739102363586; train accuracy: 0.14474973177216963; test accuracy: 0.0003
2025-10-29 15:38:51 [INFO]  Save the model in ./checkpoints/Tiny_alpha0.1/local_models/client_4/epoch_24.pth
2025-10-29 15:38:51 [INFO]  Client 4 Finish Local Training--------|
2025-10-29 15:38:51 [INFO]  Client 4 Collecting Local Prototypes--------|
2025-10-29 15:38:51 [INFO]  Client 4 Learned Sigmas -> L_local: 3.7068, L_align: 0.9993. Effective Lambda: 13.7597
2025-10-29 15:38:51 [INFO]  Round 4 Finish--------|
2025-10-29 15:38:51 [INFO]  Model variance: mean: 0.0019319886341691017, sum: 21775.896484375
2025-10-29 15:38:51 [INFO]  g_protos_std (global internal): 0.994594
2025-10-29 15:38:51 [INFO]  inter_client_proto_std (cross-client): 0.006232
2025-10-29 15:38:51 [INFO]  V10 Training | Using Simple Feature-level Server.
2025-10-29 15:39:06 [INFO]  The test accuracy of OursV10+SimpleFeatureServer: 0.0103
2025-10-29 15:39:06 [INFO]  Save config to ./checkpoints/Tiny_alpha0.1/baselines_OursV10+SimpleFeatureServer_CIFAR10_results.yaml
2025-10-29 15:39:06 [INFO]  Round 5 starts--------|
2025-10-29 15:39:06 [INFO]  Client 0 Starts Local Trainning--------|
2025-10-29 15:39:06 [INFO]  V10 mode: Optimizer created with base_lr=0.05 and sigma_lr=0.0001
2025-10-29 15:40:24 [INFO]  Epoch 25 loss: 137.4679775238037; train accuracy: 0.18849093550628512; test accuracy: 0.0062
2025-10-29 15:40:24 [INFO]  Save the model in ./checkpoints/Tiny_alpha0.1/local_models/client_0/epoch_25.pth
2025-10-29 15:41:41 [INFO]  Epoch 26 loss: 137.0430498123169; train accuracy: 0.14117870001895017; test accuracy: 0.0008
2025-10-29 15:41:41 [INFO]  Save the model in ./checkpoints/Tiny_alpha0.1/local_models/client_0/epoch_26.pth
2025-10-29 15:42:57 [INFO]  Epoch 27 loss: 137.13580584526062; train accuracy: 0.16518223738235108; test accuracy: 0.0168
2025-10-29 15:42:57 [INFO]  Save the model in ./checkpoints/Tiny_alpha0.1/local_models/client_0/epoch_27.pth
2025-10-29 15:44:15 [INFO]  Epoch 28 loss: 136.97153401374817; train accuracy: 0.18078453666856167; test accuracy: 0.0135
2025-10-29 15:44:15 [INFO]  Save the model in ./checkpoints/Tiny_alpha0.1/local_models/client_0/epoch_28.pth
2025-10-29 15:45:31 [INFO]  Epoch 29 loss: 136.77416372299194; train accuracy: 0.18217421514749543; test accuracy: 0.0006
2025-10-29 15:45:31 [INFO]  Save the model in ./checkpoints/Tiny_alpha0.1/local_models/client_0/epoch_29.pth
2025-10-29 15:45:31 [INFO]  Client 0 Finish Local Training--------|
2025-10-29 15:45:31 [INFO]  Client 0 Collecting Local Prototypes--------|
2025-10-29 15:45:31 [INFO]  Client 0 Learned Sigmas -> L_local: 3.6694, L_align: 0.9998. Effective Lambda: 13.4694
2025-10-29 15:45:31 [INFO]  Client 1 Starts Local Trainning--------|
2025-10-29 15:45:31 [INFO]  V10 mode: Optimizer created with base_lr=0.05 and sigma_lr=0.0001
2025-10-29 15:47:07 [INFO]  Epoch 25 loss: 174.490088224411; train accuracy: 0.10667931309904154; test accuracy: 0.0
2025-10-29 15:47:07 [INFO]  Save the model in ./checkpoints/Tiny_alpha0.1/local_models/client_1/epoch_25.pth
2025-10-29 15:48:46 [INFO]  Epoch 26 loss: 174.1457166671753; train accuracy: 0.17007787539936103; test accuracy: 0.0
2025-10-29 15:48:46 [INFO]  Save the model in ./checkpoints/Tiny_alpha0.1/local_models/client_1/epoch_26.pth
2025-10-29 15:50:22 [INFO]  Epoch 27 loss: 174.04696083068848; train accuracy: 0.16603434504792333; test accuracy: 0.0
2025-10-29 15:50:22 [INFO]  Save the model in ./checkpoints/Tiny_alpha0.1/local_models/client_1/epoch_27.pth
2025-10-29 15:52:00 [INFO]  Epoch 28 loss: 173.56922721862793; train accuracy: 0.13947683706070288; test accuracy: 0.0
2025-10-29 15:52:00 [INFO]  Save the model in ./checkpoints/Tiny_alpha0.1/local_models/client_1/epoch_28.pth
2025-10-29 15:53:38 [INFO]  Epoch 29 loss: 173.88463377952576; train accuracy: 0.21735223642172524; test accuracy: 0.0
2025-10-29 15:53:38 [INFO]  Save the model in ./checkpoints/Tiny_alpha0.1/local_models/client_1/epoch_29.pth
2025-10-29 15:53:38 [INFO]  Client 1 Finish Local Training--------|
2025-10-29 15:53:38 [INFO]  Client 1 Collecting Local Prototypes--------|
2025-10-29 15:53:38 [INFO]  Client 1 Learned Sigmas -> L_local: 3.6302, L_align: 0.9987. Effective Lambda: 13.2129
2025-10-29 15:53:38 [INFO]  Client 2 Starts Local Trainning--------|
2025-10-29 15:53:38 [INFO]  V10 mode: Optimizer created with base_lr=0.05 and sigma_lr=0.0001
2025-10-29 15:55:04 [INFO]  Epoch 25 loss: 153.71651077270508; train accuracy: 0.18224932249322492; test accuracy: 0.0
2025-10-29 15:55:04 [INFO]  Save the model in ./checkpoints/Tiny_alpha0.1/local_models/client_2/epoch_25.pth
2025-10-29 15:56:29 [INFO]  Epoch 26 loss: 152.92049050331116; train accuracy: 0.22967479674796748; test accuracy: 0.0
2025-10-29 15:56:29 [INFO]  Save the model in ./checkpoints/Tiny_alpha0.1/local_models/client_2/epoch_26.pth
2025-10-29 15:57:58 [INFO]  Epoch 27 loss: 153.77092671394348; train accuracy: 0.20217931345980125; test accuracy: 0.0
2025-10-29 15:57:58 [INFO]  Save the model in ./checkpoints/Tiny_alpha0.1/local_models/client_2/epoch_27.pth
2025-10-29 15:59:24 [INFO]  Epoch 28 loss: 152.70402455329895; train accuracy: 0.2383130081300813; test accuracy: 0.0
2025-10-29 15:59:24 [INFO]  Save the model in ./checkpoints/Tiny_alpha0.1/local_models/client_2/epoch_28.pth
2025-10-29 16:00:50 [INFO]  Epoch 29 loss: 152.98859524726868; train accuracy: 0.14549457994579945; test accuracy: 0.0
2025-10-29 16:00:50 [INFO]  Save the model in ./checkpoints/Tiny_alpha0.1/local_models/client_2/epoch_29.pth
2025-10-29 16:00:50 [INFO]  Client 2 Finish Local Training--------|
2025-10-29 16:00:50 [INFO]  Client 2 Collecting Local Prototypes--------|
2025-10-29 16:00:50 [INFO]  Client 2 Learned Sigmas -> L_local: 3.6068, L_align: 0.9993. Effective Lambda: 13.0265
2025-10-29 16:00:50 [INFO]  Client 3 Starts Local Trainning--------|
2025-10-29 16:00:50 [INFO]  V10 mode: Optimizer created with base_lr=0.05 and sigma_lr=0.0001
2025-10-29 16:02:48 [INFO]  Epoch 25 loss: 217.06679153442383; train accuracy: 0.13426444693452858; test accuracy: 0.0
2025-10-29 16:02:48 [INFO]  Save the model in ./checkpoints/Tiny_alpha0.1/local_models/client_3/epoch_25.pth
2025-10-29 16:04:50 [INFO]  Epoch 26 loss: 216.69299602508545; train accuracy: 0.11029294061149351; test accuracy: 0.0
2025-10-29 16:04:50 [INFO]  Save the model in ./checkpoints/Tiny_alpha0.1/local_models/client_3/epoch_26.pth
2025-10-29 16:06:51 [INFO]  Epoch 27 loss: 215.75966668128967; train accuracy: 0.11849687850168081; test accuracy: 0.0
2025-10-29 16:06:51 [INFO]  Save the model in ./checkpoints/Tiny_alpha0.1/local_models/client_3/epoch_27.pth
2025-10-29 16:08:55 [INFO]  Epoch 28 loss: 215.79573249816895; train accuracy: 0.12497999039538979; test accuracy: 0.0
2025-10-29 16:08:55 [INFO]  Save the model in ./checkpoints/Tiny_alpha0.1/local_models/client_3/epoch_28.pth
2025-10-29 16:10:56 [INFO]  Epoch 29 loss: 215.4377658367157; train accuracy: 0.1721626380662718; test accuracy: 0.0
2025-10-29 16:10:57 [INFO]  Save the model in ./checkpoints/Tiny_alpha0.1/local_models/client_3/epoch_29.pth
2025-10-29 16:10:57 [INFO]  Client 3 Finish Local Training--------|
2025-10-29 16:10:57 [INFO]  Client 3 Collecting Local Prototypes--------|
2025-10-29 16:10:57 [INFO]  Client 3 Learned Sigmas -> L_local: 3.6201, L_align: 0.9971. Effective Lambda: 13.1818
2025-10-29 16:10:57 [INFO]  Client 4 Starts Local Trainning--------|
2025-10-29 16:10:57 [INFO]  V10 mode: Optimizer created with base_lr=0.05 and sigma_lr=0.0001
2025-10-29 16:12:43 [INFO]  Epoch 25 loss: 186.085764169693; train accuracy: 0.145262863273779; test accuracy: 0.0008
2025-10-29 16:12:43 [INFO]  Save the model in ./checkpoints/Tiny_alpha0.1/local_models/client_4/epoch_25.pth
2025-10-29 16:14:27 [INFO]  Epoch 26 loss: 185.78877353668213; train accuracy: 0.1897187106404814; test accuracy: 0.0068
2025-10-29 16:14:27 [INFO]  Save the model in ./checkpoints/Tiny_alpha0.1/local_models/client_4/epoch_26.pth
2025-10-29 16:16:12 [INFO]  Epoch 27 loss: 185.60884737968445; train accuracy: 0.14349022717731025; test accuracy: 0.0006
2025-10-29 16:16:12 [INFO]  Save the model in ./checkpoints/Tiny_alpha0.1/local_models/client_4/epoch_27.pth
2025-10-29 16:17:56 [INFO]  Epoch 28 loss: 185.17120361328125; train accuracy: 0.21514204412930915; test accuracy: 0.0128
2025-10-29 16:17:56 [INFO]  Save the model in ./checkpoints/Tiny_alpha0.1/local_models/client_4/epoch_28.pth
2025-10-29 16:19:40 [INFO]  Epoch 29 loss: 185.31635761260986; train accuracy: 0.18747959136073145; test accuracy: 0.0025
2025-10-29 16:19:40 [INFO]  Save the model in ./checkpoints/Tiny_alpha0.1/local_models/client_4/epoch_29.pth
2025-10-29 16:19:40 [INFO]  Client 4 Finish Local Training--------|
2025-10-29 16:19:40 [INFO]  Client 4 Collecting Local Prototypes--------|
2025-10-29 16:19:40 [INFO]  Client 4 Learned Sigmas -> L_local: 3.6418, L_align: 0.9983. Effective Lambda: 13.3080
2025-10-29 16:19:40 [INFO]  Round 5 Finish--------|
2025-10-29 16:19:40 [INFO]  Model variance: mean: 0.002178496913984418, sum: 24554.34765625
2025-10-29 16:19:40 [INFO]  g_protos_std (global internal): 0.992812
2025-10-29 16:19:40 [INFO]  inter_client_proto_std (cross-client): 0.007092
2025-10-29 16:19:40 [INFO]  V10 Training | Using Simple Feature-level Server.
2025-10-29 16:19:54 [INFO]  The test accuracy of OursV10+SimpleFeatureServer: 0.0054
2025-10-29 16:19:54 [INFO]  Save config to ./checkpoints/Tiny_alpha0.1/baselines_OursV10+SimpleFeatureServer_CIFAR10_results.yaml
2025-10-29 16:19:54 [INFO]  Round 6 starts--------|
2025-10-29 16:19:54 [INFO]  Client 0 Starts Local Trainning--------|
2025-10-29 16:19:54 [INFO]  V10 mode: Optimizer created with base_lr=0.05 and sigma_lr=0.0001
2025-10-29 16:21:13 [INFO]  Epoch 30 loss: 136.65350937843323; train accuracy: 0.18312172320131387; test accuracy: 0.0033
2025-10-29 16:21:13 [INFO]  Save the model in ./checkpoints/Tiny_alpha0.1/local_models/client_0/epoch_30.pth
2025-10-29 16:22:29 [INFO]  Epoch 31 loss: 136.01186060905457; train accuracy: 0.20737792937906638; test accuracy: 0.0076
2025-10-29 16:22:29 [INFO]  Save the model in ./checkpoints/Tiny_alpha0.1/local_models/client_0/epoch_31.pth
2025-10-29 16:23:47 [INFO]  Epoch 32 loss: 136.26983547210693; train accuracy: 0.1932284757753774; test accuracy: 0.0046
2025-10-29 16:23:48 [INFO]  Save the model in ./checkpoints/Tiny_alpha0.1/local_models/client_0/epoch_32.pth
2025-10-29 16:25:05 [INFO]  Epoch 33 loss: 136.1100823879242; train accuracy: 0.1983450192659971; test accuracy: 0.0012
2025-10-29 16:25:06 [INFO]  Save the model in ./checkpoints/Tiny_alpha0.1/local_models/client_0/epoch_33.pth
2025-10-29 16:26:21 [INFO]  Epoch 34 loss: 135.48541235923767; train accuracy: 0.23700334786179017; test accuracy: 0.019
2025-10-29 16:26:21 [INFO]  Save the model in ./checkpoints/Tiny_alpha0.1/local_models/client_0/epoch_34.pth
2025-10-29 16:26:21 [INFO]  Client 0 Finish Local Training--------|
2025-10-29 16:26:21 [INFO]  Client 0 Collecting Local Prototypes--------|
2025-10-29 16:26:21 [INFO]  Client 0 Learned Sigmas -> L_local: 3.6182, L_align: 0.9992. Effective Lambda: 13.1128
2025-10-29 16:26:21 [INFO]  Client 1 Starts Local Trainning--------|
2025-10-29 16:26:21 [INFO]  V10 mode: Optimizer created with base_lr=0.05 and sigma_lr=0.0001
2025-10-29 16:28:00 [INFO]  Epoch 30 loss: 173.33061575889587; train accuracy: 0.1731230031948882; test accuracy: 0.0
2025-10-29 16:28:00 [INFO]  Save the model in ./checkpoints/Tiny_alpha0.1/local_models/client_1/epoch_30.pth
2025-10-29 16:29:35 [INFO]  Epoch 31 loss: 172.8876657485962; train accuracy: 0.11776158146964856; test accuracy: 0.0
2025-10-29 16:29:35 [INFO]  Save the model in ./checkpoints/Tiny_alpha0.1/local_models/client_1/epoch_31.pth
2025-10-29 16:31:11 [INFO]  Epoch 32 loss: 172.26749873161316; train accuracy: 0.1920926517571885; test accuracy: 0.0
2025-10-29 16:31:11 [INFO]  Save the model in ./checkpoints/Tiny_alpha0.1/local_models/client_1/epoch_32.pth
2025-10-29 16:32:48 [INFO]  Epoch 33 loss: 172.47857117652893; train accuracy: 0.1526058306709265; test accuracy: 0.0
2025-10-29 16:32:48 [INFO]  Save the model in ./checkpoints/Tiny_alpha0.1/local_models/client_1/epoch_33.pth
2025-10-29 16:34:28 [INFO]  Epoch 34 loss: 172.30055975914001; train accuracy: 0.21790135782747605; test accuracy: 0.0
2025-10-29 16:34:28 [INFO]  Save the model in ./checkpoints/Tiny_alpha0.1/local_models/client_1/epoch_34.pth
2025-10-29 16:34:28 [INFO]  Client 1 Finish Local Training--------|
2025-10-29 16:34:28 [INFO]  Client 1 Collecting Local Prototypes--------|
2025-10-29 16:34:28 [INFO]  Client 1 Learned Sigmas -> L_local: 3.5690, L_align: 0.9977. Effective Lambda: 12.7974
2025-10-29 16:34:28 [INFO]  Client 2 Starts Local Trainning--------|
2025-10-29 16:34:28 [INFO]  V10 mode: Optimizer created with base_lr=0.05 and sigma_lr=0.0001
2025-10-29 16:35:56 [INFO]  Epoch 30 loss: 152.1886374950409; train accuracy: 0.1830397470641373; test accuracy: 0.0
2025-10-29 16:35:56 [INFO]  Save the model in ./checkpoints/Tiny_alpha0.1/local_models/client_2/epoch_30.pth
2025-10-29 16:37:22 [INFO]  Epoch 31 loss: 152.1394875049591; train accuracy: 0.17835365853658536; test accuracy: 0.0
2025-10-29 16:37:22 [INFO]  Save the model in ./checkpoints/Tiny_alpha0.1/local_models/client_2/epoch_31.pth
2025-10-29 16:38:48 [INFO]  Epoch 32 loss: 152.29126453399658; train accuracy: 0.264453477868112; test accuracy: 0.0
2025-10-29 16:38:48 [INFO]  Save the model in ./checkpoints/Tiny_alpha0.1/local_models/client_2/epoch_32.pth
2025-10-29 16:40:15 [INFO]  Epoch 33 loss: 151.54961824417114; train accuracy: 0.31374209575429085; test accuracy: 0.0
2025-10-29 16:40:15 [INFO]  Save the model in ./checkpoints/Tiny_alpha0.1/local_models/client_2/epoch_33.pth
2025-10-29 16:41:39 [INFO]  Epoch 34 loss: 151.06320762634277; train accuracy: 0.27371273712737126; test accuracy: 0.0
2025-10-29 16:41:39 [INFO]  Save the model in ./checkpoints/Tiny_alpha0.1/local_models/client_2/epoch_34.pth
2025-10-29 16:41:39 [INFO]  Client 2 Finish Local Training--------|
2025-10-29 16:41:39 [INFO]  Client 2 Collecting Local Prototypes--------|
2025-10-29 16:41:39 [INFO]  Client 2 Learned Sigmas -> L_local: 3.5463, L_align: 0.9985. Effective Lambda: 12.6133
2025-10-29 16:41:39 [INFO]  Client 3 Starts Local Trainning--------|
2025-10-29 16:41:39 [INFO]  V10 mode: Optimizer created with base_lr=0.05 and sigma_lr=0.0001
2025-10-29 16:43:41 [INFO]  Epoch 30 loss: 215.2902762889862; train accuracy: 0.16039699055546663; test accuracy: 0.0
2025-10-29 16:43:41 [INFO]  Save the model in ./checkpoints/Tiny_alpha0.1/local_models/client_3/epoch_30.pth
2025-10-29 16:45:43 [INFO]  Epoch 31 loss: 214.54886937141418; train accuracy: 0.17780534656635186; test accuracy: 0.0
2025-10-29 16:45:43 [INFO]  Save the model in ./checkpoints/Tiny_alpha0.1/local_models/client_3/epoch_31.pth
2025-10-29 16:47:41 [INFO]  Epoch 32 loss: 214.45264959335327; train accuracy: 0.13226348647350727; test accuracy: 0.0
2025-10-29 16:47:41 [INFO]  Save the model in ./checkpoints/Tiny_alpha0.1/local_models/client_3/epoch_32.pth
2025-10-29 16:49:41 [INFO]  Epoch 33 loss: 214.03932118415833; train accuracy: 0.17968624939971187; test accuracy: 0.0
2025-10-29 16:49:41 [INFO]  Save the model in ./checkpoints/Tiny_alpha0.1/local_models/client_3/epoch_33.pth
2025-10-29 16:51:41 [INFO]  Epoch 34 loss: 213.78022837638855; train accuracy: 0.16035697134624619; test accuracy: 0.0
2025-10-29 16:51:41 [INFO]  Save the model in ./checkpoints/Tiny_alpha0.1/local_models/client_3/epoch_34.pth
2025-10-29 16:51:41 [INFO]  Client 3 Finish Local Training--------|
2025-10-29 16:51:41 [INFO]  Client 3 Collecting Local Prototypes--------|
2025-10-29 16:51:41 [INFO]  Client 3 Learned Sigmas -> L_local: 3.5520, L_align: 0.9956. Effective Lambda: 12.7295
2025-10-29 16:51:41 [INFO]  Client 4 Starts Local Trainning--------|
2025-10-29 16:51:41 [INFO]  V10 mode: Optimizer created with base_lr=0.05 and sigma_lr=0.0001
2025-10-29 16:53:25 [INFO]  Epoch 30 loss: 185.14723873138428; train accuracy: 0.23226197695573075; test accuracy: 0.0236
2025-10-29 16:53:25 [INFO]  Save the model in ./checkpoints/Tiny_alpha0.1/local_models/client_4/epoch_30.pth
2025-10-29 16:55:08 [INFO]  Epoch 31 loss: 184.29013895988464; train accuracy: 0.1781499276951066; test accuracy: 0.0024
2025-10-29 16:55:08 [INFO]  Save the model in ./checkpoints/Tiny_alpha0.1/local_models/client_4/epoch_31.pth
2025-10-29 16:56:49 [INFO]  Epoch 32 loss: 183.78217363357544; train accuracy: 0.1683537808462005; test accuracy: 0.0057
2025-10-29 16:56:49 [INFO]  Save the model in ./checkpoints/Tiny_alpha0.1/local_models/client_4/epoch_32.pth
2025-10-29 16:58:35 [INFO]  Epoch 33 loss: 184.09825158119202; train accuracy: 0.20884452115501237; test accuracy: 0.0101
2025-10-29 16:58:35 [INFO]  Save the model in ./checkpoints/Tiny_alpha0.1/local_models/client_4/epoch_33.pth
2025-10-29 17:00:18 [INFO]  Epoch 34 loss: 183.76515984535217; train accuracy: 0.25152773242524606; test accuracy: 0.0068
2025-10-29 17:00:18 [INFO]  Save the model in ./checkpoints/Tiny_alpha0.1/local_models/client_4/epoch_34.pth
2025-10-29 17:00:18 [INFO]  Client 4 Finish Local Training--------|
2025-10-29 17:00:18 [INFO]  Client 4 Collecting Local Prototypes--------|
2025-10-29 17:00:18 [INFO]  Client 4 Learned Sigmas -> L_local: 3.5802, L_align: 0.9971. Effective Lambda: 12.8913
2025-10-29 17:00:18 [INFO]  Round 6 Finish--------|
2025-10-29 17:00:18 [INFO]  Model variance: mean: 0.00241883285343647, sum: 27263.23046875
2025-10-29 17:00:18 [INFO]  g_protos_std (global internal): 0.991032
2025-10-29 17:00:18 [INFO]  inter_client_proto_std (cross-client): 0.007920
2025-10-29 17:00:18 [INFO]  V10 Training | Using Simple Feature-level Server.
2025-10-29 17:00:33 [INFO]  The test accuracy of OursV10+SimpleFeatureServer: 0.0083
2025-10-29 17:00:33 [INFO]  Save config to ./checkpoints/Tiny_alpha0.1/baselines_OursV10+SimpleFeatureServer_CIFAR10_results.yaml
2025-10-29 17:00:33 [INFO]  Round 7 starts--------|
2025-10-29 17:00:33 [INFO]  Client 0 Starts Local Trainning--------|
2025-10-29 17:00:33 [INFO]  V10 mode: Optimizer created with base_lr=0.05 and sigma_lr=0.0001
2025-10-29 17:01:51 [INFO]  Epoch 35 loss: 135.47980952262878; train accuracy: 0.1805318678542101; test accuracy: 0.0004
2025-10-29 17:01:51 [INFO]  Save the model in ./checkpoints/Tiny_alpha0.1/local_models/client_0/epoch_35.pth
2025-10-29 17:03:07 [INFO]  Epoch 36 loss: 135.4877529144287; train accuracy: 0.24534141873539259; test accuracy: 0.0054
2025-10-29 17:03:07 [INFO]  Save the model in ./checkpoints/Tiny_alpha0.1/local_models/client_0/epoch_36.pth
2025-10-29 17:04:25 [INFO]  Epoch 37 loss: 135.02757239341736; train accuracy: 0.23087612911376412; test accuracy: 0.0061
2025-10-29 17:04:25 [INFO]  Save the model in ./checkpoints/Tiny_alpha0.1/local_models/client_0/epoch_37.pth
2025-10-29 17:05:40 [INFO]  Epoch 38 loss: 134.66595339775085; train accuracy: 0.22898111300612722; test accuracy: 0.0276
2025-10-29 17:05:40 [INFO]  Save the model in ./checkpoints/Tiny_alpha0.1/local_models/client_0/epoch_38.pth
2025-10-29 17:06:54 [INFO]  Epoch 39 loss: 134.54790472984314; train accuracy: 0.23997220643042133; test accuracy: 0.046
2025-10-29 17:06:54 [INFO]  Save the model in ./checkpoints/Tiny_alpha0.1/local_models/client_0/epoch_39.pth
2025-10-29 17:06:54 [INFO]  Client 0 Finish Local Training--------|
2025-10-29 17:06:54 [INFO]  Client 0 Collecting Local Prototypes--------|
2025-10-29 17:06:54 [INFO]  Client 0 Learned Sigmas -> L_local: 3.5668, L_align: 0.9985. Effective Lambda: 12.7610
2025-10-29 17:06:54 [INFO]  Client 1 Starts Local Trainning--------|
2025-10-29 17:06:54 [INFO]  V10 mode: Optimizer created with base_lr=0.05 and sigma_lr=0.0001
2025-10-29 17:08:33 [INFO]  Epoch 35 loss: 171.84153819084167; train accuracy: 0.14092452076677317; test accuracy: 0.0
2025-10-29 17:08:33 [INFO]  Save the model in ./checkpoints/Tiny_alpha0.1/local_models/client_1/epoch_35.pth
2025-10-29 17:10:12 [INFO]  Epoch 36 loss: 171.50035452842712; train accuracy: 0.1986821086261981; test accuracy: 0.0
2025-10-29 17:10:12 [INFO]  Save the model in ./checkpoints/Tiny_alpha0.1/local_models/client_1/epoch_36.pth
2025-10-29 17:11:48 [INFO]  Epoch 37 loss: 170.89898371696472; train accuracy: 0.17686701277955272; test accuracy: 0.0
2025-10-29 17:11:48 [INFO]  Save the model in ./checkpoints/Tiny_alpha0.1/local_models/client_1/epoch_37.pth
2025-10-29 17:13:28 [INFO]  Epoch 38 loss: 170.86116695404053; train accuracy: 0.22154552715654952; test accuracy: 0.0
2025-10-29 17:13:28 [INFO]  Save the model in ./checkpoints/Tiny_alpha0.1/local_models/client_1/epoch_38.pth
2025-10-29 17:15:03 [INFO]  Epoch 39 loss: 170.91680479049683; train accuracy: 0.24840255591054314; test accuracy: 0.0
2025-10-29 17:15:03 [INFO]  Save the model in ./checkpoints/Tiny_alpha0.1/local_models/client_1/epoch_39.pth
2025-10-29 17:15:03 [INFO]  Client 1 Finish Local Training--------|
2025-10-29 17:15:03 [INFO]  Client 1 Collecting Local Prototypes--------|
2025-10-29 17:15:03 [INFO]  Client 1 Learned Sigmas -> L_local: 3.5088, L_align: 0.9965. Effective Lambda: 12.3983
2025-10-29 17:15:03 [INFO]  Client 2 Starts Local Trainning--------|
2025-10-29 17:15:03 [INFO]  V10 mode: Optimizer created with base_lr=0.05 and sigma_lr=0.0001
2025-10-29 17:16:31 [INFO]  Epoch 35 loss: 151.16104531288147; train accuracy: 0.25299232158988255; test accuracy: 0.0
2025-10-29 17:16:31 [INFO]  Save the model in ./checkpoints/Tiny_alpha0.1/local_models/client_2/epoch_35.pth
2025-10-29 17:17:59 [INFO]  Epoch 36 loss: 151.16981601715088; train accuracy: 0.27145438121047877; test accuracy: 0.0
2025-10-29 17:17:59 [INFO]  Save the model in ./checkpoints/Tiny_alpha0.1/local_models/client_2/epoch_36.pth
2025-10-29 17:19:25 [INFO]  Epoch 37 loss: 150.48733639717102; train accuracy: 0.2094625112917796; test accuracy: 0.0
2025-10-29 17:19:25 [INFO]  Save the model in ./checkpoints/Tiny_alpha0.1/local_models/client_2/epoch_37.pth
2025-10-29 17:20:50 [INFO]  Epoch 38 loss: 149.94651532173157; train accuracy: 0.26541327913279134; test accuracy: 0.0
2025-10-29 17:20:50 [INFO]  Save the model in ./checkpoints/Tiny_alpha0.1/local_models/client_2/epoch_38.pth
2025-10-29 17:22:14 [INFO]  Epoch 39 loss: 150.3583061695099; train accuracy: 0.27450316169828365; test accuracy: 0.0
2025-10-29 17:22:14 [INFO]  Save the model in ./checkpoints/Tiny_alpha0.1/local_models/client_2/epoch_39.pth
2025-10-29 17:22:14 [INFO]  Client 2 Finish Local Training--------|
2025-10-29 17:22:14 [INFO]  Client 2 Collecting Local Prototypes--------|
2025-10-29 17:22:14 [INFO]  Client 2 Learned Sigmas -> L_local: 3.4874, L_align: 0.9976. Effective Lambda: 12.2203
2025-10-29 17:22:14 [INFO]  Client 3 Starts Local Trainning--------|
2025-10-29 17:22:14 [INFO]  V10 mode: Optimizer created with base_lr=0.05 and sigma_lr=0.0001
2025-10-29 17:24:14 [INFO]  Epoch 35 loss: 213.18947005271912; train accuracy: 0.1936929726268609; test accuracy: 0.0
2025-10-29 17:24:14 [INFO]  Save the model in ./checkpoints/Tiny_alpha0.1/local_models/client_3/epoch_35.pth
2025-10-29 17:26:14 [INFO]  Epoch 36 loss: 212.69707107543945; train accuracy: 0.14426924923963502; test accuracy: 0.0
2025-10-29 17:26:14 [INFO]  Save the model in ./checkpoints/Tiny_alpha0.1/local_models/client_3/epoch_36.pth
2025-10-29 17:28:15 [INFO]  Epoch 37 loss: 212.6319079399109; train accuracy: 0.1522730910837202; test accuracy: 0.0
2025-10-29 17:28:15 [INFO]  Save the model in ./checkpoints/Tiny_alpha0.1/local_models/client_3/epoch_37.pth
2025-10-29 17:30:18 [INFO]  Epoch 38 loss: 212.67062830924988; train accuracy: 0.13542500400192092; test accuracy: 0.0
2025-10-29 17:30:18 [INFO]  Save the model in ./checkpoints/Tiny_alpha0.1/local_models/client_3/epoch_38.pth
2025-10-29 17:32:17 [INFO]  Epoch 39 loss: 211.64643836021423; train accuracy: 0.1533936289418921; test accuracy: 0.0
2025-10-29 17:32:18 [INFO]  Save the model in ./checkpoints/Tiny_alpha0.1/local_models/client_3/epoch_39.pth
2025-10-29 17:32:18 [INFO]  Client 3 Finish Local Training--------|
2025-10-29 17:32:18 [INFO]  Client 3 Collecting Local Prototypes--------|
2025-10-29 17:32:18 [INFO]  Client 3 Learned Sigmas -> L_local: 3.4870, L_align: 0.9939. Effective Lambda: 12.3094
2025-10-29 17:32:18 [INFO]  Client 4 Starts Local Trainning--------|
2025-10-29 17:32:18 [INFO]  V10 mode: Optimizer created with base_lr=0.05 and sigma_lr=0.0001
2025-10-29 17:34:01 [INFO]  Epoch 35 loss: 183.36841249465942; train accuracy: 0.2177543499556841; test accuracy: 0.0048
2025-10-29 17:34:01 [INFO]  Save the model in ./checkpoints/Tiny_alpha0.1/local_models/client_4/epoch_35.pth
2025-10-29 17:35:45 [INFO]  Epoch 36 loss: 183.3288655281067; train accuracy: 0.2310024723608714; test accuracy: 0.0027
2025-10-29 17:35:45 [INFO]  Save the model in ./checkpoints/Tiny_alpha0.1/local_models/client_4/epoch_36.pth
2025-10-29 17:37:28 [INFO]  Epoch 37 loss: 182.90952968597412; train accuracy: 0.2014274385408406; test accuracy: 0.0044
2025-10-29 17:37:28 [INFO]  Save the model in ./checkpoints/Tiny_alpha0.1/local_models/client_4/epoch_37.pth
2025-10-29 17:39:15 [INFO]  Epoch 38 loss: 182.19622230529785; train accuracy: 0.23366142650557448; test accuracy: 0.0058
2025-10-29 17:39:15 [INFO]  Save the model in ./checkpoints/Tiny_alpha0.1/local_models/client_4/epoch_38.pth
2025-10-29 17:41:10 [INFO]  Epoch 39 loss: 182.07608461380005; train accuracy: 0.2218127536502309; test accuracy: 0.0019
2025-10-29 17:41:10 [INFO]  Save the model in ./checkpoints/Tiny_alpha0.1/local_models/client_4/epoch_39.pth
2025-10-29 17:41:10 [INFO]  Client 4 Finish Local Training--------|
2025-10-29 17:41:10 [INFO]  Client 4 Collecting Local Prototypes--------|
2025-10-29 17:41:10 [INFO]  Client 4 Learned Sigmas -> L_local: 3.5208, L_align: 0.9958. Effective Lambda: 12.4998
2025-10-29 17:41:10 [INFO]  Round 7 Finish--------|
2025-10-29 17:41:10 [INFO]  Model variance: mean: 0.0026546029839664698, sum: 29920.65234375
2025-10-29 17:41:10 [INFO]  g_protos_std (global internal): 0.989252
2025-10-29 17:41:10 [INFO]  inter_client_proto_std (cross-client): 0.008716
2025-10-29 17:41:10 [INFO]  V10 Training | Using Simple Feature-level Server.
2025-10-29 17:41:25 [INFO]  The test accuracy of OursV10+SimpleFeatureServer: 0.0058
2025-10-29 17:41:25 [INFO]  Save config to ./checkpoints/Tiny_alpha0.1/baselines_OursV10+SimpleFeatureServer_CIFAR10_results.yaml
2025-10-29 17:41:25 [INFO]  Round 8 starts--------|
2025-10-29 17:41:25 [INFO]  Client 0 Starts Local Trainning--------|
2025-10-29 17:41:25 [INFO]  V10 mode: Optimizer created with base_lr=0.05 and sigma_lr=0.0001
2025-10-29 17:42:48 [INFO]  Epoch 40 loss: 134.03931546211243; train accuracy: 0.21786368517465732; test accuracy: 0.0016
2025-10-29 17:42:48 [INFO]  Save the model in ./checkpoints/Tiny_alpha0.1/local_models/client_0/epoch_40.pth
2025-10-29 17:44:05 [INFO]  Epoch 41 loss: 134.84318614006042; train accuracy: 0.1960709999368328; test accuracy: 0.0202
2025-10-29 17:44:05 [INFO]  Save the model in ./checkpoints/Tiny_alpha0.1/local_models/client_0/epoch_41.pth
2025-10-29 17:45:23 [INFO]  Epoch 42 loss: 134.2503800392151; train accuracy: 0.25519550249510453; test accuracy: 0.003
2025-10-29 17:45:23 [INFO]  Save the model in ./checkpoints/Tiny_alpha0.1/local_models/client_0/epoch_42.pth
2025-10-29 17:46:44 [INFO]  Epoch 43 loss: 134.06453895568848; train accuracy: 0.2607542164108395; test accuracy: 0.033
2025-10-29 17:46:44 [INFO]  Save the model in ./checkpoints/Tiny_alpha0.1/local_models/client_0/epoch_43.pth
2025-10-29 17:48:04 [INFO]  Epoch 44 loss: 133.44419836997986; train accuracy: 0.25664834817762616; test accuracy: 0.0269
2025-10-29 17:48:04 [INFO]  Save the model in ./checkpoints/Tiny_alpha0.1/local_models/client_0/epoch_44.pth
2025-10-29 17:48:04 [INFO]  Client 0 Finish Local Training--------|
2025-10-29 17:48:04 [INFO]  Client 0 Collecting Local Prototypes--------|
2025-10-29 17:48:04 [INFO]  Client 0 Learned Sigmas -> L_local: 3.5168, L_align: 0.9976. Effective Lambda: 12.4264
2025-10-29 17:48:04 [INFO]  Client 1 Starts Local Trainning--------|
2025-10-29 17:48:04 [INFO]  V10 mode: Optimizer created with base_lr=0.05 and sigma_lr=0.0001
2025-10-29 17:50:03 [INFO]  Epoch 40 loss: 170.3193142414093; train accuracy: 0.1369808306709265; test accuracy: 0.0
2025-10-29 17:50:04 [INFO]  Save the model in ./checkpoints/Tiny_alpha0.1/local_models/client_1/epoch_40.pth
2025-10-29 17:51:41 [INFO]  Epoch 41 loss: 170.1326858997345; train accuracy: 0.2117611821086262; test accuracy: 0.0
2025-10-29 17:51:41 [INFO]  Save the model in ./checkpoints/Tiny_alpha0.1/local_models/client_1/epoch_41.pth
2025-10-29 17:53:18 [INFO]  Epoch 42 loss: 170.1814455986023; train accuracy: 0.22174520766773162; test accuracy: 0.0
2025-10-29 17:53:18 [INFO]  Save the model in ./checkpoints/Tiny_alpha0.1/local_models/client_1/epoch_42.pth
2025-10-29 17:54:54 [INFO]  Epoch 43 loss: 169.38521361351013; train accuracy: 0.21290934504792333; test accuracy: 0.0
2025-10-29 17:54:54 [INFO]  Save the model in ./checkpoints/Tiny_alpha0.1/local_models/client_1/epoch_43.pth
2025-10-29 17:56:29 [INFO]  Epoch 44 loss: 169.25893306732178; train accuracy: 0.19438897763578275; test accuracy: 0.0
2025-10-29 17:56:29 [INFO]  Save the model in ./checkpoints/Tiny_alpha0.1/local_models/client_1/epoch_44.pth
2025-10-29 17:56:29 [INFO]  Client 1 Finish Local Training--------|
2025-10-29 17:56:29 [INFO]  Client 1 Collecting Local Prototypes--------|
2025-10-29 17:56:29 [INFO]  Client 1 Learned Sigmas -> L_local: 3.4510, L_align: 0.9952. Effective Lambda: 12.0240
2025-10-29 17:56:29 [INFO]  Client 2 Starts Local Trainning--------|
2025-10-29 17:56:29 [INFO]  V10 mode: Optimizer created with base_lr=0.05 and sigma_lr=0.0001
2025-10-29 17:58:03 [INFO]  Epoch 40 loss: 149.46637415885925; train accuracy: 0.30137759710930445; test accuracy: 0.0
2025-10-29 17:58:03 [INFO]  Save the model in ./checkpoints/Tiny_alpha0.1/local_models/client_2/epoch_40.pth
2025-10-29 17:59:30 [INFO]  Epoch 41 loss: 149.8075726032257; train accuracy: 0.3094512195121951; test accuracy: 0.0
2025-10-29 17:59:30 [INFO]  Save the model in ./checkpoints/Tiny_alpha0.1/local_models/client_2/epoch_41.pth
2025-10-29 18:00:57 [INFO]  Epoch 42 loss: 149.5228087902069; train accuracy: 0.27766485998193313; test accuracy: 0.0
2025-10-29 18:00:57 [INFO]  Save the model in ./checkpoints/Tiny_alpha0.1/local_models/client_2/epoch_42.pth
2025-10-29 18:02:23 [INFO]  Epoch 43 loss: 149.36650371551514; train accuracy: 0.32661472448057816; test accuracy: 0.0
2025-10-29 18:02:23 [INFO]  Save the model in ./checkpoints/Tiny_alpha0.1/local_models/client_2/epoch_43.pth
2025-10-29 18:03:51 [INFO]  Epoch 44 loss: 148.96754550933838; train accuracy: 0.29132791327913277; test accuracy: 0.0
2025-10-29 18:03:51 [INFO]  Save the model in ./checkpoints/Tiny_alpha0.1/local_models/client_2/epoch_44.pth
2025-10-29 18:03:51 [INFO]  Client 2 Finish Local Training--------|
2025-10-29 18:03:51 [INFO]  Client 2 Collecting Local Prototypes--------|
2025-10-29 18:03:51 [INFO]  Client 2 Learned Sigmas -> L_local: 3.4302, L_align: 0.9966. Effective Lambda: 11.8471
2025-10-29 18:03:51 [INFO]  Client 3 Starts Local Trainning--------|
2025-10-29 18:03:51 [INFO]  V10 mode: Optimizer created with base_lr=0.05 and sigma_lr=0.0001
2025-10-29 18:05:49 [INFO]  Epoch 40 loss: 211.6719651222229; train accuracy: 0.22498799423723387; test accuracy: 0.0
2025-10-29 18:05:49 [INFO]  Save the model in ./checkpoints/Tiny_alpha0.1/local_models/client_3/epoch_40.pth
2025-10-29 18:07:53 [INFO]  Epoch 41 loss: 211.47572898864746; train accuracy: 0.24015527453177526; test accuracy: 0.0
2025-10-29 18:07:53 [INFO]  Save the model in ./checkpoints/Tiny_alpha0.1/local_models/client_3/epoch_41.pth
2025-10-29 18:09:51 [INFO]  Epoch 42 loss: 211.11700344085693; train accuracy: 0.19405314550984473; test accuracy: 0.0
2025-10-29 18:09:51 [INFO]  Save the model in ./checkpoints/Tiny_alpha0.1/local_models/client_3/epoch_42.pth
2025-10-29 18:11:51 [INFO]  Epoch 43 loss: 210.83087015151978; train accuracy: 0.23163118296782456; test accuracy: 0.0
2025-10-29 18:11:51 [INFO]  Save the model in ./checkpoints/Tiny_alpha0.1/local_models/client_3/epoch_43.pth
2025-10-29 18:13:52 [INFO]  Epoch 44 loss: 210.3754642009735; train accuracy: 0.2387145829998399; test accuracy: 0.0
2025-10-29 18:13:52 [INFO]  Save the model in ./checkpoints/Tiny_alpha0.1/local_models/client_3/epoch_44.pth
2025-10-29 18:13:52 [INFO]  Client 3 Finish Local Training--------|
2025-10-29 18:13:52 [INFO]  Client 3 Collecting Local Prototypes--------|
2025-10-29 18:13:52 [INFO]  Client 3 Learned Sigmas -> L_local: 3.4272, L_align: 0.9921. Effective Lambda: 11.9338
2025-10-29 18:13:52 [INFO]  Client 4 Starts Local Trainning--------|
2025-10-29 18:13:52 [INFO]  V10 mode: Optimizer created with base_lr=0.05 and sigma_lr=0.0001
2025-10-29 18:15:37 [INFO]  Epoch 40 loss: 181.90159130096436; train accuracy: 0.23743994029015253; test accuracy: 0.0055
2025-10-29 18:15:37 [INFO]  Save the model in ./checkpoints/Tiny_alpha0.1/local_models/client_4/epoch_40.pth
2025-10-29 18:17:20 [INFO]  Epoch 41 loss: 181.70557475090027; train accuracy: 0.23972570788823064; test accuracy: 0.0039
2025-10-29 18:17:20 [INFO]  Save the model in ./checkpoints/Tiny_alpha0.1/local_models/client_4/epoch_41.pth
2025-10-29 18:19:03 [INFO]  Epoch 42 loss: 180.9352090358734; train accuracy: 0.2640294817371834; test accuracy: 0.0096
2025-10-29 18:19:03 [INFO]  Save the model in ./checkpoints/Tiny_alpha0.1/local_models/client_4/epoch_42.pth
2025-10-29 18:20:47 [INFO]  Epoch 43 loss: 181.18252754211426; train accuracy: 0.2644959649204646; test accuracy: 0.0219
2025-10-29 18:20:47 [INFO]  Save the model in ./checkpoints/Tiny_alpha0.1/local_models/client_4/epoch_43.pth
2025-10-29 18:22:29 [INFO]  Epoch 44 loss: 180.4000599384308; train accuracy: 0.23016280263096514; test accuracy: 0.0146
2025-10-29 18:22:29 [INFO]  Save the model in ./checkpoints/Tiny_alpha0.1/local_models/client_4/epoch_44.pth
2025-10-29 18:22:29 [INFO]  Client 4 Finish Local Training--------|
2025-10-29 18:22:29 [INFO]  Client 4 Collecting Local Prototypes--------|
2025-10-29 18:22:29 [INFO]  Client 4 Learned Sigmas -> L_local: 3.4624, L_align: 0.9944. Effective Lambda: 12.1233
2025-10-29 18:22:29 [INFO]  Round 8 Finish--------|
2025-10-29 18:22:29 [INFO]  Model variance: mean: 0.0028892927803099155, sum: 32565.896484375
2025-10-29 18:22:29 [INFO]  g_protos_std (global internal): 0.987473
2025-10-29 18:22:29 [INFO]  inter_client_proto_std (cross-client): 0.009487
2025-10-29 18:22:29 [INFO]  V10 Training | Using Simple Feature-level Server.
2025-10-29 18:22:44 [INFO]  The test accuracy of OursV10+SimpleFeatureServer: 0.0115
2025-10-29 18:22:44 [INFO]  Save config to ./checkpoints/Tiny_alpha0.1/baselines_OursV10+SimpleFeatureServer_CIFAR10_results.yaml
2025-10-29 18:22:44 [INFO]  Round 9 starts--------|
2025-10-29 18:22:44 [INFO]  Client 0 Starts Local Trainning--------|
2025-10-29 18:22:44 [INFO]  V10 mode: Optimizer created with base_lr=0.05 and sigma_lr=0.0001
2025-10-29 18:24:03 [INFO]  Epoch 45 loss: 133.42633175849915; train accuracy: 0.2651127534584044; test accuracy: 0.0129
2025-10-29 18:24:03 [INFO]  Save the model in ./checkpoints/Tiny_alpha0.1/local_models/client_0/epoch_45.pth
2025-10-29 18:25:21 [INFO]  Epoch 46 loss: 133.58190178871155; train accuracy: 0.24628892678921105; test accuracy: 0.0024
2025-10-29 18:25:21 [INFO]  Save the model in ./checkpoints/Tiny_alpha0.1/local_models/client_0/epoch_46.pth
2025-10-29 18:26:39 [INFO]  Epoch 47 loss: 133.47078895568848; train accuracy: 0.20523024445707788; test accuracy: 0.0021
2025-10-29 18:26:39 [INFO]  Save the model in ./checkpoints/Tiny_alpha0.1/local_models/client_0/epoch_47.pth
2025-10-29 18:27:59 [INFO]  Epoch 48 loss: 132.74143743515015; train accuracy: 0.30850862232328974; test accuracy: 0.0146
2025-10-29 18:27:59 [INFO]  Save the model in ./checkpoints/Tiny_alpha0.1/local_models/client_0/epoch_48.pth
2025-10-29 18:29:16 [INFO]  Epoch 49 loss: 132.99431324005127; train accuracy: 0.2908849725222664; test accuracy: 0.0073
2025-10-29 18:29:16 [INFO]  Save the model in ./checkpoints/Tiny_alpha0.1/local_models/client_0/epoch_49.pth
2025-10-29 18:29:16 [INFO]  Client 0 Finish Local Training--------|
2025-10-29 18:29:16 [INFO]  Client 0 Collecting Local Prototypes--------|
2025-10-29 18:29:16 [INFO]  Client 0 Learned Sigmas -> L_local: 3.4678, L_align: 0.9967. Effective Lambda: 12.1044
2025-10-29 18:29:16 [INFO]  Client 1 Starts Local Trainning--------|
2025-10-29 18:29:16 [INFO]  V10 mode: Optimizer created with base_lr=0.05 and sigma_lr=0.0001
2025-10-29 18:30:53 [INFO]  Epoch 45 loss: 169.18088722229004; train accuracy: 0.19808306709265175; test accuracy: 0.0
2025-10-29 18:30:53 [INFO]  Save the model in ./checkpoints/Tiny_alpha0.1/local_models/client_1/epoch_45.pth
2025-10-29 18:32:31 [INFO]  Epoch 46 loss: 168.7735731601715; train accuracy: 0.26262979233226835; test accuracy: 0.0
2025-10-29 18:32:31 [INFO]  Save the model in ./checkpoints/Tiny_alpha0.1/local_models/client_1/epoch_46.pth
2025-10-29 18:34:08 [INFO]  Epoch 47 loss: 168.65442848205566; train accuracy: 0.26292931309904155; test accuracy: 0.0
2025-10-29 18:34:08 [INFO]  Save the model in ./checkpoints/Tiny_alpha0.1/local_models/client_1/epoch_47.pth
2025-10-29 18:35:44 [INFO]  Epoch 48 loss: 168.63449454307556; train accuracy: 0.2173023162939297; test accuracy: 0.0
2025-10-29 18:35:44 [INFO]  Save the model in ./checkpoints/Tiny_alpha0.1/local_models/client_1/epoch_48.pth
2025-10-29 18:37:19 [INFO]  Epoch 49 loss: 167.91434335708618; train accuracy: 0.28689097444089456; test accuracy: 0.0
2025-10-29 18:37:19 [INFO]  Save the model in ./checkpoints/Tiny_alpha0.1/local_models/client_1/epoch_49.pth
2025-10-29 18:37:19 [INFO]  Client 1 Finish Local Training--------|
2025-10-29 18:37:19 [INFO]  Client 1 Collecting Local Prototypes--------|
2025-10-29 18:37:19 [INFO]  Client 1 Learned Sigmas -> L_local: 3.3960, L_align: 0.9939. Effective Lambda: 11.6761
2025-10-29 18:37:19 [INFO]  Client 2 Starts Local Trainning--------|
2025-10-29 18:37:19 [INFO]  V10 mode: Optimizer created with base_lr=0.05 and sigma_lr=0.0001
2025-10-29 18:38:48 [INFO]  Epoch 45 loss: 148.6127097606659; train accuracy: 0.3151535682023487; test accuracy: 0.0
2025-10-29 18:38:48 [INFO]  Save the model in ./checkpoints/Tiny_alpha0.1/local_models/client_2/epoch_45.pth
2025-10-29 18:40:12 [INFO]  Epoch 46 loss: 148.1152219772339; train accuracy: 0.2167457091237579; test accuracy: 0.0
2025-10-29 18:40:12 [INFO]  Save the model in ./checkpoints/Tiny_alpha0.1/local_models/client_2/epoch_46.pth
2025-10-29 18:41:43 [INFO]  Epoch 47 loss: 148.08162641525269; train accuracy: 0.31724254742547425; test accuracy: 0.0
2025-10-29 18:41:44 [INFO]  Save the model in ./checkpoints/Tiny_alpha0.1/local_models/client_2/epoch_47.pth
2025-10-29 18:43:07 [INFO]  Epoch 48 loss: 147.98015642166138; train accuracy: 0.2823509485094851; test accuracy: 0.0
2025-10-29 18:43:07 [INFO]  Save the model in ./checkpoints/Tiny_alpha0.1/local_models/client_2/epoch_48.pth
2025-10-29 18:44:35 [INFO]  Epoch 49 loss: 148.31204104423523; train accuracy: 0.3152664859981933; test accuracy: 0.0
2025-10-29 18:44:35 [INFO]  Save the model in ./checkpoints/Tiny_alpha0.1/local_models/client_2/epoch_49.pth
2025-10-29 18:44:35 [INFO]  Client 2 Finish Local Training--------|
2025-10-29 18:44:35 [INFO]  Client 2 Collecting Local Prototypes--------|
2025-10-29 18:44:35 [INFO]  Client 2 Learned Sigmas -> L_local: 3.3741, L_align: 0.9955. Effective Lambda: 11.4886
2025-10-29 18:44:35 [INFO]  Client 3 Starts Local Trainning--------|
2025-10-29 18:44:35 [INFO]  V10 mode: Optimizer created with base_lr=0.05 and sigma_lr=0.0001
2025-10-29 18:46:38 [INFO]  Epoch 45 loss: 210.1607232093811; train accuracy: 0.1853289578997919; test accuracy: 0.0
2025-10-29 18:46:38 [INFO]  Save the model in ./checkpoints/Tiny_alpha0.1/local_models/client_3/epoch_45.pth
2025-10-29 18:48:40 [INFO]  Epoch 46 loss: 210.36368703842163; train accuracy: 0.17300304145990075; test accuracy: 0.0
2025-10-29 18:48:40 [INFO]  Save the model in ./checkpoints/Tiny_alpha0.1/local_models/client_3/epoch_46.pth
2025-10-29 18:50:44 [INFO]  Epoch 47 loss: 210.07633876800537; train accuracy: 0.24695854009924764; test accuracy: 0.0
2025-10-29 18:50:44 [INFO]  Save the model in ./checkpoints/Tiny_alpha0.1/local_models/client_3/epoch_47.pth
2025-10-29 18:52:46 [INFO]  Epoch 48 loss: 209.53617095947266; train accuracy: 0.1786857691692012; test accuracy: 0.0
2025-10-29 18:52:46 [INFO]  Save the model in ./checkpoints/Tiny_alpha0.1/local_models/client_3/epoch_48.pth
2025-10-29 18:54:46 [INFO]  Epoch 49 loss: 207.98094487190247; train accuracy: 0.1665999679846326; test accuracy: 0.0
2025-10-29 18:54:46 [INFO]  Save the model in ./checkpoints/Tiny_alpha0.1/local_models/client_3/epoch_49.pth
2025-10-29 18:54:46 [INFO]  Client 3 Finish Local Training--------|
2025-10-29 18:54:46 [INFO]  Client 3 Collecting Local Prototypes--------|
2025-10-29 18:54:46 [INFO]  Client 3 Learned Sigmas -> L_local: 3.3717, L_align: 0.9902. Effective Lambda: 11.5948
2025-10-29 18:54:46 [INFO]  Client 4 Starts Local Trainning--------|
2025-10-29 18:54:46 [INFO]  V10 mode: Optimizer created with base_lr=0.05 and sigma_lr=0.0001
2025-10-29 18:56:34 [INFO]  Epoch 45 loss: 180.68525004386902; train accuracy: 0.23823296170173064; test accuracy: 0.0229
2025-10-29 18:56:34 [INFO]  Save the model in ./checkpoints/Tiny_alpha0.1/local_models/client_4/epoch_45.pth
2025-10-29 18:58:20 [INFO]  Epoch 46 loss: 180.29122471809387; train accuracy: 0.231982087045762; test accuracy: 0.0136
2025-10-29 18:58:20 [INFO]  Save the model in ./checkpoints/Tiny_alpha0.1/local_models/client_4/epoch_46.pth
2025-10-29 19:00:04 [INFO]  Epoch 47 loss: 179.73540711402893; train accuracy: 0.2948173718337454; test accuracy: 0.011
2025-10-29 19:00:04 [INFO]  Save the model in ./checkpoints/Tiny_alpha0.1/local_models/client_4/epoch_47.pth
2025-10-29 19:01:48 [INFO]  Epoch 48 loss: 179.49903392791748; train accuracy: 0.2652423380137146; test accuracy: 0.0061
2025-10-29 19:01:48 [INFO]  Save the model in ./checkpoints/Tiny_alpha0.1/local_models/client_4/epoch_48.pth
2025-10-29 19:03:29 [INFO]  Epoch 49 loss: 179.44775223731995; train accuracy: 0.2584783318561366; test accuracy: 0.0273
2025-10-29 19:03:29 [INFO]  Save the model in ./checkpoints/Tiny_alpha0.1/local_models/client_4/epoch_49.pth
2025-10-29 19:03:29 [INFO]  Client 4 Finish Local Training--------|
2025-10-29 19:03:29 [INFO]  Client 4 Collecting Local Prototypes--------|
2025-10-29 19:03:29 [INFO]  Client 4 Learned Sigmas -> L_local: 3.4072, L_align: 0.9929. Effective Lambda: 11.7752
2025-10-29 19:03:29 [INFO]  Round 9 Finish--------|
2025-10-29 19:03:29 [INFO]  Model variance: mean: 0.0031208102591335773, sum: 35175.3828125
2025-10-29 19:03:29 [INFO]  g_protos_std (global internal): 0.985693
2025-10-29 19:03:29 [INFO]  inter_client_proto_std (cross-client): 0.010234
2025-10-29 19:03:29 [INFO]  V10 Training | Using Simple Feature-level Server.
2025-10-29 19:03:44 [INFO]  The test accuracy of OursV10+SimpleFeatureServer: 0.0121
2025-10-29 19:03:44 [INFO]  Save config to ./checkpoints/Tiny_alpha0.1/baselines_OursV10+SimpleFeatureServer_CIFAR10_results.yaml
