2025-10-29 12:30:21 [INFO]  Load config from ./configs/Tiny_alpha0.1.yaml
2025-10-29 12:30:21 [INFO]  config: {'exp_name': 'Tiny_alpha0.1', 'dataset': {'data_name': 'Tiny-ImageNet', 'root_path': '~/datasets/', 'train_batch_size': 256, 'test_batch_size': 256, 'channels': 3, 'num_classes': 200, 'image_size': 64, 'aux_data_name': 'Tiny-ImageNet', 'aux_root_path': '~/datasets/', 'aux_split': 'test'}, 'distribution': {'type': 'dirichlet', 'label_num_per_client': 2, 'alpha': 0.1}, 'client': {'num_clients': 5}, 'server': {'num_rounds': 10, 'frac_clients': 1.0, 'lr': 0.05, 'local_epochs': 5, 'optimizer': 'sgd', 'momentum': 0.9, 'weight_decay': 0.0001, 'loss_name': 'ce', 'model_name': 'resnet18', 'aggregated_by_datasize': True, 'lr_decay_per_round': 0.998}, 'device': 'cuda:0', 'checkpoint': {'save_path': './checkpoints/', 'save_freq': 5, 'result_file': 'CIFAR10_results.yaml'}, 'pretrain': {'lr': 0.01, 'epoch': 70, 'model_path': './pretrain/', 'momentum': 0.9, 'weight_decay': 0.0001, 'model_name': 'resnet18', 'model_file_name': 'resnet18-f37072fd.pth'}, 'DBCD': {'alpha_l_pa': 1, 'alpha_l_pb': 1, 'alpha_l_pc': 0.0, 'Beta_alpha': 0.2, 'unsup_method': 'infonce', 'contrastive_temperature': 0.5, 'encoder_epoch': 40, 'projector_epoch': 10, 'use_pretrain': False, 'aug_batch_size': 512, 'encoder_lr': 0.03, 'cls_optimizer': 'sgd', 'cls_lr': 0.05, 'supcon_temp': 0.07, 'super_gr': 100, 'aux_with_public': True}, 'etf': {'loss_name': 'ce'}, 'visualization': {'interval': 5, 'save_path': 'visualization/resnet18', 'vis_size': 16}, 'resume': True, 'resume_best': False, 'seed': 1, 'lambda_align_initial': 20.0, 'v9_config': {'use_adaptive_lambda': True, 'lambda_min': 0.1, 'lambda_max': 20.0, 'use_server_optimization': False, 'server_lr': 0.001, 'server_epochs': 20, 'gamma_etf_reg': 0.1}, 'v10_config': {'use_uncertainty_weighting': True, 'sigma_lr': 0.0001}}
2025-10-29 12:30:21 [INFO]  Dataset Tiny-ImageNet loaded
2025-10-29 12:30:21 [INFO]  Dataset index dict loaded from preprocessed_data/Tiny-ImageNet.pt
2025-10-29 12:30:21 [INFO]  Data distribution generated correctly using the corrected dirichlet function.
2025-10-29 12:30:21 [INFO]  Total assigned samples: 100000
2025-10-29 12:30:21 [INFO]  OneshotOursV9 with a lot of things combined
2025-10-29 12:30:21 [INFO]  V9 Config: Adaptive Lambda (Plan A): True, Server Optimization (Plan B): False
2025-10-29 12:30:21 [INFO]  Initialized ETF fixed anchors with shape: torch.Size([200, 512])
2025-10-29 12:30:21 [INFO]  {'use_adaptive_lambda': True, 'lambda_min': 0.1, 'lambda_max': 20.0, 'use_server_optimization': False, 'server_lr': 0.001, 'server_epochs': 20, 'gamma_etf_reg': 0.1}
2025-10-29 12:30:22 [INFO]  Round 0 starts--------|
2025-10-29 12:30:22 [INFO]  Client 0 Starts Local Trainning--------|
2025-10-29 12:30:49 [INFO]  Data entropy: 5.8522, Normalized: 0.7656 -> Adaptive Lambda: 15.3356
2025-10-29 12:31:40 [INFO]  Epoch 0 loss: 1920.1645221710205; train accuracy: 0.06329353799507295; test accuracy: 0.0001
2025-10-29 12:31:40 [INFO]  Save the model in ./checkpoints/Tiny_alpha0.1/local_models/client_0/epoch_0.pth
2025-10-29 12:32:31 [INFO]  Epoch 1 loss: 1795.182565689087; train accuracy: 0.046491061840692315; test accuracy: 0.0025
2025-10-29 12:33:22 [INFO]  Epoch 2 loss: 1740.1678733825684; train accuracy: 0.07883267007769566; test accuracy: 0.0006
2025-10-29 12:34:15 [INFO]  Epoch 3 loss: 1689.3541431427002; train accuracy: 0.09039226833428084; test accuracy: 0.0005
2025-10-29 12:35:08 [INFO]  Epoch 4 loss: 1645.4213905334473; train accuracy: 0.12759775124755227; test accuracy: 0.0129
2025-10-29 12:35:08 [INFO]  Client 0 Finish Local Training--------|
2025-10-29 12:35:08 [INFO]  Client 0 Collecting Local Prototypes--------|
2025-10-29 12:35:08 [INFO]  Client 1 Starts Local Trainning--------|
2025-10-29 12:35:46 [INFO]  Data entropy: 5.9957, Normalized: 0.7844 -> Adaptive Lambda: 15.7092
2025-10-29 12:36:52 [INFO]  Epoch 0 loss: 2468.2738494873047; train accuracy: 0.043430511182108625; test accuracy: 0.0
2025-10-29 12:36:52 [INFO]  Save the model in ./checkpoints/Tiny_alpha0.1/local_models/client_1/epoch_0.pth
2025-10-29 12:37:59 [INFO]  Epoch 1 loss: 2305.9593467712402; train accuracy: 0.07577875399361023; test accuracy: 0.0
2025-10-29 12:39:07 [INFO]  Epoch 2 loss: 2235.1574306488037; train accuracy: 0.052915335463258786; test accuracy: 0.0
2025-10-29 12:40:16 [INFO]  Epoch 3 loss: 2166.759889602661; train accuracy: 0.07398162939297125; test accuracy: 0.0
2025-10-29 12:41:26 [INFO]  Epoch 4 loss: 2102.0741481781006; train accuracy: 0.09864217252396167; test accuracy: 0.0
2025-10-29 12:41:26 [INFO]  Client 1 Finish Local Training--------|
2025-10-29 12:41:26 [INFO]  Client 1 Collecting Local Prototypes--------|
2025-10-29 12:41:26 [INFO]  Client 2 Starts Local Trainning--------|
2025-10-29 12:41:59 [INFO]  Data entropy: 5.8135, Normalized: 0.7605 -> Adaptive Lambda: 15.2349
2025-10-29 12:43:04 [INFO]  Epoch 0 loss: 2145.107000350952; train accuracy: 0.05589430894308943; test accuracy: 0.0
2025-10-29 12:43:04 [INFO]  Save the model in ./checkpoints/Tiny_alpha0.1/local_models/client_2/epoch_0.pth
2025-10-29 12:44:09 [INFO]  Epoch 1 loss: 2018.02494430542; train accuracy: 0.08355916892502259; test accuracy: 0.0
2025-10-29 12:45:14 [INFO]  Epoch 2 loss: 1951.5043926239014; train accuracy: 0.09197154471544715; test accuracy: 0.0
2025-10-29 12:46:21 [INFO]  Epoch 3 loss: 1893.9299240112305; train accuracy: 0.122289972899729; test accuracy: 0.0
2025-10-29 12:47:29 [INFO]  Epoch 4 loss: 1836.3972244262695; train accuracy: 0.07125112917795845; test accuracy: 0.0
2025-10-29 12:47:29 [INFO]  Client 2 Finish Local Training--------|
2025-10-29 12:47:29 [INFO]  Client 2 Collecting Local Prototypes--------|
2025-10-29 12:47:29 [INFO]  Client 3 Starts Local Trainning--------|
2025-10-29 12:48:14 [INFO]  Data entropy: 6.2981, Normalized: 0.8239 -> Adaptive Lambda: 16.4966
2025-10-29 12:49:48 [INFO]  Epoch 0 loss: 3152.1546115875244; train accuracy: 0.03881863294381303; test accuracy: 0.0
2025-10-29 12:49:48 [INFO]  Save the model in ./checkpoints/Tiny_alpha0.1/local_models/client_3/epoch_0.pth
2025-10-29 12:51:27 [INFO]  Epoch 1 loss: 2959.3358993530273; train accuracy: 0.02076996958540099; test accuracy: 0.0
2025-10-29 12:53:06 [INFO]  Epoch 2 loss: 2853.308469772339; train accuracy: 0.07839763086281415; test accuracy: 0.0
2025-10-29 12:54:43 [INFO]  Epoch 3 loss: 2760.6705894470215; train accuracy: 0.0659116375860413; test accuracy: 0.0
2025-10-29 12:56:28 [INFO]  Epoch 4 loss: 2687.5792446136475; train accuracy: 0.09364494957579639; test accuracy: 0.0
2025-10-29 12:56:28 [INFO]  Client 3 Finish Local Training--------|
2025-10-29 12:56:28 [INFO]  Client 3 Collecting Local Prototypes--------|
2025-10-29 12:56:28 [INFO]  Client 4 Starts Local Trainning--------|
2025-10-29 12:57:07 [INFO]  Data entropy: 6.0560, Normalized: 0.7923 -> Adaptive Lambda: 15.8662
2025-10-29 12:58:36 [INFO]  Epoch 0 loss: 2638.358165740967; train accuracy: 0.03713206138918692; test accuracy: 0.0
2025-10-29 12:58:36 [INFO]  Save the model in ./checkpoints/Tiny_alpha0.1/local_models/client_4/epoch_0.pth
2025-10-29 13:00:13 [INFO]  Epoch 1 loss: 2488.490364074707; train accuracy: 0.037178709707515044; test accuracy: 0.0
2025-10-29 13:02:04 [INFO]  Epoch 2 loss: 2404.3417072296143; train accuracy: 0.1120492606241545; test accuracy: 0.0
2025-10-29 13:03:51 [INFO]  Epoch 3 loss: 2338.115249633789; train accuracy: 0.08928488128002986; test accuracy: 0.0
2025-10-29 13:05:21 [INFO]  Epoch 4 loss: 2271.128553390503; train accuracy: 0.11718057564024817; test accuracy: 0.0
2025-10-29 13:05:21 [INFO]  Client 4 Finish Local Training--------|
2025-10-29 13:05:21 [INFO]  Client 4 Collecting Local Prototypes--------|
2025-10-29 13:05:21 [INFO]  Round 0 Finish--------|
2025-10-29 13:05:21 [INFO]  Model variance: mean: 0.002259868895635009, sum: 25471.5078125
2025-10-29 13:05:21 [INFO]  g_protos_std (global internal): 0.992121
2025-10-29 13:05:21 [INFO]  inter_client_proto_std (cross-client): 0.008591
2025-10-29 13:05:21 [INFO]  g_protos_std (global internal): 0.992121
2025-10-29 13:05:21 [INFO]  inter_client_proto_std (cross-client): 0.008591
2025-10-29 13:05:21 [INFO]  V9 Training | Using Simple Feature-level Server.
2025-10-29 13:05:36 [INFO]  The test accuracy of OursV9+SimpleFeatureServer: 0.011
2025-10-29 13:05:36 [INFO]  Save config to ./checkpoints/Tiny_alpha0.1/baselines_OursV9+SimpleFeatureServer_CIFAR10_results.yaml
2025-10-29 13:05:36 [INFO]  Round 1 starts--------|
2025-10-29 13:05:36 [INFO]  Client 0 Starts Local Trainning--------|
2025-10-29 13:05:41 [INFO]  Data entropy: 5.8522, Normalized: 0.7656 -> Adaptive Lambda: 15.3356
2025-10-29 13:07:03 [INFO]  Epoch 5 loss: 1616.985954284668; train accuracy: 0.12822942328343123; test accuracy: 0.0017
2025-10-29 13:07:04 [INFO]  Save the model in ./checkpoints/Tiny_alpha0.1/local_models/client_0/epoch_5.pth
2025-10-29 13:08:24 [INFO]  Epoch 6 loss: 1573.2197799682617; train accuracy: 0.11186911755416588; test accuracy: 0.0083
2025-10-29 13:09:45 [INFO]  Epoch 7 loss: 1524.543529510498; train accuracy: 0.1605710315204346; test accuracy: 0.0046
2025-10-29 13:10:57 [INFO]  Epoch 8 loss: 1500.3821029663086; train accuracy: 0.17320447223801402; test accuracy: 0.0002
2025-10-29 13:12:17 [INFO]  Epoch 9 loss: 1464.1777572631836; train accuracy: 0.17105678731602553; test accuracy: 0.0058
2025-10-29 13:12:17 [INFO]  Client 0 Finish Local Training--------|
2025-10-29 13:12:17 [INFO]  Client 0 Collecting Local Prototypes--------|
2025-10-29 13:12:17 [INFO]  Client 1 Starts Local Trainning--------|
2025-10-29 13:12:24 [INFO]  Data entropy: 5.9957, Normalized: 0.7844 -> Adaptive Lambda: 15.7092
2025-10-29 13:14:01 [INFO]  Epoch 5 loss: 2046.7088146209717; train accuracy: 0.10972444089456869; test accuracy: 0.0
2025-10-29 13:14:01 [INFO]  Save the model in ./checkpoints/Tiny_alpha0.1/local_models/client_1/epoch_5.pth
2025-10-29 13:15:42 [INFO]  Epoch 6 loss: 2001.601053237915; train accuracy: 0.09285143769968052; test accuracy: 0.0
2025-10-29 13:17:22 [INFO]  Epoch 7 loss: 1947.4808654785156; train accuracy: 0.12569888178913738; test accuracy: 0.0
2025-10-29 13:18:51 [INFO]  Epoch 8 loss: 1907.088737487793; train accuracy: 0.1771665335463259; test accuracy: 0.0
2025-10-29 13:20:30 [INFO]  Epoch 9 loss: 1856.9383563995361; train accuracy: 0.18011182108626198; test accuracy: 0.0
2025-10-29 13:20:30 [INFO]  Client 1 Finish Local Training--------|
2025-10-29 13:20:30 [INFO]  Client 1 Collecting Local Prototypes--------|
2025-10-29 13:20:30 [INFO]  Client 2 Starts Local Trainning--------|
2025-10-29 13:20:36 [INFO]  Data entropy: 5.8135, Normalized: 0.7605 -> Adaptive Lambda: 15.2349
2025-10-29 13:22:09 [INFO]  Epoch 5 loss: 1785.0312252044678; train accuracy: 0.13821138211382114; test accuracy: 0.0
2025-10-29 13:22:09 [INFO]  Save the model in ./checkpoints/Tiny_alpha0.1/local_models/client_2/epoch_5.pth
2025-10-29 13:23:39 [INFO]  Epoch 6 loss: 1741.7412185668945; train accuracy: 0.16700542005420055; test accuracy: 0.0
2025-10-29 13:25:06 [INFO]  Epoch 7 loss: 1700.3556823730469; train accuracy: 0.08576106594399277; test accuracy: 0.0
2025-10-29 13:26:35 [INFO]  Epoch 8 loss: 1652.3845710754395; train accuracy: 0.2175925925925926; test accuracy: 0.0
2025-10-29 13:28:08 [INFO]  Epoch 9 loss: 1622.1350574493408; train accuracy: 0.22894083107497742; test accuracy: 0.0
2025-10-29 13:28:08 [INFO]  Client 2 Finish Local Training--------|
2025-10-29 13:28:08 [INFO]  Client 2 Collecting Local Prototypes--------|
2025-10-29 13:28:08 [INFO]  Client 3 Starts Local Trainning--------|
2025-10-29 13:28:17 [INFO]  Data entropy: 6.2981, Normalized: 0.8239 -> Adaptive Lambda: 16.4966
2025-10-29 13:30:17 [INFO]  Epoch 5 loss: 2612.421028137207; train accuracy: 0.09340483432047383; test accuracy: 0.0
2025-10-29 13:30:18 [INFO]  Save the model in ./checkpoints/Tiny_alpha0.1/local_models/client_3/epoch_5.pth
2025-10-29 13:32:21 [INFO]  Epoch 6 loss: 2558.240354537964; train accuracy: 0.1204978389627021; test accuracy: 0.0
2025-10-29 13:34:22 [INFO]  Epoch 7 loss: 2479.764991760254; train accuracy: 0.15487433968304787; test accuracy: 0.0
2025-10-29 13:36:23 [INFO]  Epoch 8 loss: 2421.3913135528564; train accuracy: 0.1333840243316792; test accuracy: 0.0
2025-10-29 13:38:22 [INFO]  Epoch 9 loss: 2359.0265827178955; train accuracy: 0.2009764687049784; test accuracy: 0.0
2025-10-29 13:38:22 [INFO]  Client 3 Finish Local Training--------|
2025-10-29 13:38:22 [INFO]  Client 3 Collecting Local Prototypes--------|
2025-10-29 13:38:22 [INFO]  Client 4 Starts Local Trainning--------|
2025-10-29 13:38:30 [INFO]  Data entropy: 6.0560, Normalized: 0.7923 -> Adaptive Lambda: 15.8662
2025-10-29 13:40:09 [INFO]  Epoch 5 loss: 2209.0330200195312; train accuracy: 0.10976349302607641; test accuracy: 0.0009
2025-10-29 13:40:10 [INFO]  Save the model in ./checkpoints/Tiny_alpha0.1/local_models/client_4/epoch_5.pth
2025-10-29 13:41:53 [INFO]  Epoch 6 loss: 2139.2798557281494; train accuracy: 0.1570182394924663; test accuracy: 0.001
2025-10-29 13:43:39 [INFO]  Epoch 7 loss: 2104.992296218872; train accuracy: 0.18747959136073145; test accuracy: 0.0002
2025-10-29 13:45:13 [INFO]  Epoch 8 loss: 2049.1633014678955; train accuracy: 0.1482017073284508; test accuracy: 0.0001
2025-10-29 13:46:39 [INFO]  Epoch 9 loss: 1998.7200298309326; train accuracy: 0.1976022764379344; test accuracy: 0.0009
2025-10-29 13:46:39 [INFO]  Client 4 Finish Local Training--------|
2025-10-29 13:46:39 [INFO]  Client 4 Collecting Local Prototypes--------|
2025-10-29 13:46:39 [INFO]  Round 1 Finish--------|
2025-10-29 13:46:39 [INFO]  Model variance: mean: 0.003270938526839018, sum: 36867.5078125
2025-10-29 13:46:39 [INFO]  g_protos_std (global internal): 0.982256
2025-10-29 13:46:39 [INFO]  inter_client_proto_std (cross-client): 0.013381
2025-10-29 13:46:39 [INFO]  g_protos_std (global internal): 0.982256
2025-10-29 13:46:39 [INFO]  inter_client_proto_std (cross-client): 0.013381
2025-10-29 13:46:39 [INFO]  V9 Training | Using Simple Feature-level Server.
2025-10-29 13:46:54 [INFO]  The test accuracy of OursV9+SimpleFeatureServer: 0.0046
2025-10-29 13:46:54 [INFO]  Save config to ./checkpoints/Tiny_alpha0.1/baselines_OursV9+SimpleFeatureServer_CIFAR10_results.yaml
2025-10-29 13:46:54 [INFO]  Round 2 starts--------|
2025-10-29 13:46:54 [INFO]  Client 0 Starts Local Trainning--------|
2025-10-29 13:46:59 [INFO]  Data entropy: 5.8522, Normalized: 0.7656 -> Adaptive Lambda: 15.3356
2025-10-29 13:48:21 [INFO]  Epoch 10 loss: 1429.2319526672363; train accuracy: 0.1932916429789653; test accuracy: 0.0335
2025-10-29 13:48:21 [INFO]  Save the model in ./checkpoints/Tiny_alpha0.1/local_models/client_0/epoch_10.pth
2025-10-29 13:49:39 [INFO]  Epoch 11 loss: 1396.7119064331055; train accuracy: 0.2202640389109974; test accuracy: 0.0113
2025-10-29 13:51:01 [INFO]  Epoch 12 loss: 1368.6962604522705; train accuracy: 0.24831027730402375; test accuracy: 0.0295
2025-10-29 13:52:24 [INFO]  Epoch 13 loss: 1334.7612113952637; train accuracy: 0.24824711010043585; test accuracy: 0.0135
2025-10-29 13:53:46 [INFO]  Epoch 14 loss: 1299.722032546997; train accuracy: 0.29347482786937024; test accuracy: 0.0114
2025-10-29 13:53:46 [INFO]  Client 0 Finish Local Training--------|
2025-10-29 13:53:46 [INFO]  Client 0 Collecting Local Prototypes--------|
2025-10-29 13:53:46 [INFO]  Client 1 Starts Local Trainning--------|
2025-10-29 13:53:52 [INFO]  Data entropy: 5.9957, Normalized: 0.7844 -> Adaptive Lambda: 15.7092
2025-10-29 13:55:33 [INFO]  Epoch 10 loss: 1813.6708278656006; train accuracy: 0.14876198083067094; test accuracy: 0.0
2025-10-29 13:55:34 [INFO]  Save the model in ./checkpoints/Tiny_alpha0.1/local_models/client_1/epoch_10.pth
2025-10-29 13:57:09 [INFO]  Epoch 11 loss: 1777.7930717468262; train accuracy: 0.2180011980830671; test accuracy: 0.0
2025-10-29 13:58:48 [INFO]  Epoch 12 loss: 1741.4383354187012; train accuracy: 0.1503594249201278; test accuracy: 0.0
2025-10-29 14:00:09 [INFO]  Epoch 13 loss: 1699.1525115966797; train accuracy: 0.14461861022364217; test accuracy: 0.0
2025-10-29 14:01:33 [INFO]  Epoch 14 loss: 1664.215747833252; train accuracy: 0.2852935303514377; test accuracy: 0.0
2025-10-29 14:01:33 [INFO]  Client 1 Finish Local Training--------|
2025-10-29 14:01:33 [INFO]  Client 1 Collecting Local Prototypes--------|
2025-10-29 14:01:33 [INFO]  Client 2 Starts Local Trainning--------|
2025-10-29 14:01:39 [INFO]  Data entropy: 5.8135, Normalized: 0.7605 -> Adaptive Lambda: 15.2349
2025-10-29 14:02:53 [INFO]  Epoch 10 loss: 1590.1337509155273; train accuracy: 0.2514679313459801; test accuracy: 0.0
2025-10-29 14:02:53 [INFO]  Save the model in ./checkpoints/Tiny_alpha0.1/local_models/client_2/epoch_10.pth
2025-10-29 14:04:08 [INFO]  Epoch 11 loss: 1548.2129592895508; train accuracy: 0.27077687443541104; test accuracy: 0.0
2025-10-29 14:05:19 [INFO]  Epoch 12 loss: 1506.8505020141602; train accuracy: 0.279810298102981; test accuracy: 0.0
2025-10-29 14:06:31 [INFO]  Epoch 13 loss: 1484.2142505645752; train accuracy: 0.29691734417344173; test accuracy: 0.0
2025-10-29 14:07:43 [INFO]  Epoch 14 loss: 1439.5601768493652; train accuracy: 0.28438346883468835; test accuracy: 0.0
2025-10-29 14:07:43 [INFO]  Client 2 Finish Local Training--------|
2025-10-29 14:07:43 [INFO]  Client 2 Collecting Local Prototypes--------|
2025-10-29 14:07:43 [INFO]  Client 3 Starts Local Trainning--------|
2025-10-29 14:07:52 [INFO]  Data entropy: 6.2981, Normalized: 0.8239 -> Adaptive Lambda: 16.4966
2025-10-29 14:09:44 [INFO]  Epoch 10 loss: 2300.9146633148193; train accuracy: 0.18728989915159278; test accuracy: 0.0
2025-10-29 14:09:44 [INFO]  Save the model in ./checkpoints/Tiny_alpha0.1/local_models/client_3/epoch_10.pth
2025-10-29 14:11:24 [INFO]  Epoch 11 loss: 2239.623743057251; train accuracy: 0.16631983352008964; test accuracy: 0.0
2025-10-29 14:13:05 [INFO]  Epoch 12 loss: 2195.1771125793457; train accuracy: 0.2529614214823115; test accuracy: 0.0
2025-10-29 14:14:51 [INFO]  Epoch 13 loss: 2155.4552249908447; train accuracy: 0.2147830958860253; test accuracy: 0.0
2025-10-29 14:16:32 [INFO]  Epoch 14 loss: 2093.470251083374; train accuracy: 0.25240115255322554; test accuracy: 0.0
2025-10-29 14:16:32 [INFO]  Client 3 Finish Local Training--------|
2025-10-29 14:16:32 [INFO]  Client 3 Collecting Local Prototypes--------|
2025-10-29 14:16:32 [INFO]  Client 4 Starts Local Trainning--------|
2025-10-29 14:16:39 [INFO]  Data entropy: 6.0560, Normalized: 0.7923 -> Adaptive Lambda: 15.8662
2025-10-29 14:18:07 [INFO]  Epoch 10 loss: 1964.0219230651855; train accuracy: 0.26706162242851145; test accuracy: 0.0006
2025-10-29 14:18:07 [INFO]  Save the model in ./checkpoints/Tiny_alpha0.1/local_models/client_4/epoch_10.pth
2025-10-29 14:19:42 [INFO]  Epoch 11 loss: 1899.9732074737549; train accuracy: 0.222605775061809; test accuracy: 0.001
2025-10-29 14:21:14 [INFO]  Epoch 12 loss: 1869.922285079956; train accuracy: 0.24341092503615244; test accuracy: 0.0018
2025-10-29 14:22:57 [INFO]  Epoch 13 loss: 1826.862958908081; train accuracy: 0.22087978728366842; test accuracy: 0.0008
2025-10-29 14:24:27 [INFO]  Epoch 14 loss: 1798.530668258667; train accuracy: 0.23053598917759016; test accuracy: 0.002
2025-10-29 14:24:27 [INFO]  Client 4 Finish Local Training--------|
2025-10-29 14:24:27 [INFO]  Client 4 Collecting Local Prototypes--------|
2025-10-29 14:24:27 [INFO]  Round 2 Finish--------|
2025-10-29 14:24:27 [INFO]  Model variance: mean: 0.004087015986442566, sum: 46065.70703125
2025-10-29 14:24:27 [INFO]  g_protos_std (global internal): 0.974322
2025-10-29 14:24:27 [INFO]  inter_client_proto_std (cross-client): 0.016848
2025-10-29 14:24:27 [INFO]  g_protos_std (global internal): 0.974322
2025-10-29 14:24:27 [INFO]  inter_client_proto_std (cross-client): 0.016848
2025-10-29 14:24:27 [INFO]  V9 Training | Using Simple Feature-level Server.
2025-10-29 14:24:42 [INFO]  The test accuracy of OursV9+SimpleFeatureServer: 0.009
2025-10-29 14:24:42 [INFO]  Save config to ./checkpoints/Tiny_alpha0.1/baselines_OursV9+SimpleFeatureServer_CIFAR10_results.yaml
2025-10-29 14:24:42 [INFO]  Round 3 starts--------|
2025-10-29 14:24:42 [INFO]  Client 0 Starts Local Trainning--------|
2025-10-29 14:24:48 [INFO]  Data entropy: 5.8522, Normalized: 0.7656 -> Adaptive Lambda: 15.3356
2025-10-29 14:25:52 [INFO]  Epoch 15 loss: 1273.9520244598389; train accuracy: 0.2582906954709115; test accuracy: 0.0036
2025-10-29 14:25:52 [INFO]  Save the model in ./checkpoints/Tiny_alpha0.1/local_models/client_0/epoch_15.pth
2025-10-29 14:26:57 [INFO]  Epoch 16 loss: 1257.8226356506348; train accuracy: 0.2250647463836776; test accuracy: 0.0009
2025-10-29 14:28:13 [INFO]  Epoch 17 loss: 1226.1244411468506; train accuracy: 0.23447665971827428; test accuracy: 0.0115
2025-10-29 14:29:35 [INFO]  Epoch 18 loss: 1188.9204559326172; train accuracy: 0.23119196513170362; test accuracy: 0.0023
2025-10-29 14:30:44 [INFO]  Epoch 19 loss: 1161.7660121917725; train accuracy: 0.2908849725222664; test accuracy: 0.0056
2025-10-29 14:30:44 [INFO]  Client 0 Finish Local Training--------|
2025-10-29 14:30:44 [INFO]  Client 0 Collecting Local Prototypes--------|
2025-10-29 14:30:44 [INFO]  Client 1 Starts Local Trainning--------|
2025-10-29 14:30:51 [INFO]  Data entropy: 5.9957, Normalized: 0.7844 -> Adaptive Lambda: 15.7092
2025-10-29 14:32:12 [INFO]  Epoch 15 loss: 1625.3343505859375; train accuracy: 0.2722144568690096; test accuracy: 0.0
2025-10-29 14:32:12 [INFO]  Save the model in ./checkpoints/Tiny_alpha0.1/local_models/client_1/epoch_15.pth
2025-10-29 14:33:34 [INFO]  Epoch 16 loss: 1595.8397235870361; train accuracy: 0.2763079073482428; test accuracy: 0.0
2025-10-29 14:35:08 [INFO]  Epoch 17 loss: 1548.8464164733887; train accuracy: 0.3220347444089457; test accuracy: 0.0
2025-10-29 14:36:29 [INFO]  Epoch 18 loss: 1514.4026165008545; train accuracy: 0.23172923322683706; test accuracy: 0.0
2025-10-29 14:37:51 [INFO]  Epoch 19 loss: 1483.2293167114258; train accuracy: 0.2822983226837061; test accuracy: 0.0
2025-10-29 14:37:51 [INFO]  Client 1 Finish Local Training--------|
2025-10-29 14:37:51 [INFO]  Client 1 Collecting Local Prototypes--------|
2025-10-29 14:37:51 [INFO]  Client 2 Starts Local Trainning--------|
2025-10-29 14:37:57 [INFO]  Data entropy: 5.8135, Normalized: 0.7605 -> Adaptive Lambda: 15.2349
2025-10-29 14:39:09 [INFO]  Epoch 15 loss: 1408.2495231628418; train accuracy: 0.3295505871725384; test accuracy: 0.0
2025-10-29 14:39:10 [INFO]  Save the model in ./checkpoints/Tiny_alpha0.1/local_models/client_2/epoch_15.pth
2025-10-29 14:40:20 [INFO]  Epoch 16 loss: 1378.3103408813477; train accuracy: 0.2505645889792231; test accuracy: 0.0
2025-10-29 14:41:34 [INFO]  Epoch 17 loss: 1346.2689361572266; train accuracy: 0.38425925925925924; test accuracy: 0.0
2025-10-29 14:42:56 [INFO]  Epoch 18 loss: 1311.1530742645264; train accuracy: 0.3303974706413731; test accuracy: 0.0
2025-10-29 14:44:27 [INFO]  Epoch 19 loss: 1283.1525020599365; train accuracy: 0.35687669376693765; test accuracy: 0.0
2025-10-29 14:44:27 [INFO]  Client 2 Finish Local Training--------|
2025-10-29 14:44:27 [INFO]  Client 2 Collecting Local Prototypes--------|
2025-10-29 14:44:27 [INFO]  Client 3 Starts Local Trainning--------|
2025-10-29 14:44:36 [INFO]  Data entropy: 6.2981, Normalized: 0.8239 -> Adaptive Lambda: 16.4966
2025-10-29 14:46:23 [INFO]  Epoch 15 loss: 2048.3057861328125; train accuracy: 0.2395950056026893; test accuracy: 0.0
2025-10-29 14:46:23 [INFO]  Save the model in ./checkpoints/Tiny_alpha0.1/local_models/client_3/epoch_15.pth
2025-10-29 14:48:30 [INFO]  Epoch 16 loss: 1997.297679901123; train accuracy: 0.29274051544741475; test accuracy: 0.0
2025-10-29 14:50:35 [INFO]  Epoch 17 loss: 1957.709478378296; train accuracy: 0.21922522810949255; test accuracy: 0.0
2025-10-29 14:52:40 [INFO]  Epoch 18 loss: 1909.9171772003174; train accuracy: 0.2891387866175764; test accuracy: 0.0
2025-10-29 14:54:46 [INFO]  Epoch 19 loss: 1859.4967575073242; train accuracy: 0.20513846646390269; test accuracy: 0.0
2025-10-29 14:54:46 [INFO]  Client 3 Finish Local Training--------|
2025-10-29 14:54:46 [INFO]  Client 3 Collecting Local Prototypes--------|
2025-10-29 14:54:46 [INFO]  Client 4 Starts Local Trainning--------|
2025-10-29 14:54:54 [INFO]  Data entropy: 6.0560, Normalized: 0.7923 -> Adaptive Lambda: 15.8662
2025-10-29 14:56:43 [INFO]  Epoch 15 loss: 1742.699131011963; train accuracy: 0.28380836870830806; test accuracy: 0.0165
2025-10-29 14:56:43 [INFO]  Save the model in ./checkpoints/Tiny_alpha0.1/local_models/client_4/epoch_15.pth
2025-10-29 14:58:32 [INFO]  Epoch 16 loss: 1721.5160541534424; train accuracy: 0.27681112095908944; test accuracy: 0.0185
2025-10-29 15:00:22 [INFO]  Epoch 17 loss: 1666.5423259735107; train accuracy: 0.2752250781359332; test accuracy: 0.0304
2025-10-29 15:02:11 [INFO]  Epoch 18 loss: 1628.3618488311768; train accuracy: 0.2742454634510426; test accuracy: 0.0093
2025-10-29 15:04:01 [INFO]  Epoch 19 loss: 1603.463176727295; train accuracy: 0.3917059290012595; test accuracy: 0.0165
2025-10-29 15:04:01 [INFO]  Client 4 Finish Local Training--------|
2025-10-29 15:04:01 [INFO]  Client 4 Collecting Local Prototypes--------|
2025-10-29 15:04:01 [INFO]  Round 3 Finish--------|
2025-10-29 15:04:01 [INFO]  Model variance: mean: 0.004801081959158182, sum: 54114.109375
2025-10-29 15:04:01 [INFO]  g_protos_std (global internal): 0.967945
2025-10-29 15:04:01 [INFO]  inter_client_proto_std (cross-client): 0.019545
2025-10-29 15:04:01 [INFO]  g_protos_std (global internal): 0.967945
2025-10-29 15:04:01 [INFO]  inter_client_proto_std (cross-client): 0.019545
2025-10-29 15:04:01 [INFO]  V9 Training | Using Simple Feature-level Server.
2025-10-29 15:04:16 [INFO]  The test accuracy of OursV9+SimpleFeatureServer: 0.0084
2025-10-29 15:04:16 [INFO]  Save config to ./checkpoints/Tiny_alpha0.1/baselines_OursV9+SimpleFeatureServer_CIFAR10_results.yaml
2025-10-29 15:04:16 [INFO]  Round 4 starts--------|
2025-10-29 15:04:16 [INFO]  Client 0 Starts Local Trainning--------|
2025-10-29 15:04:21 [INFO]  Data entropy: 5.8522, Normalized: 0.7656 -> Adaptive Lambda: 15.3356
2025-10-29 15:05:43 [INFO]  Epoch 20 loss: 1134.6155261993408; train accuracy: 0.3210788958372813; test accuracy: 0.0058
2025-10-29 15:05:43 [INFO]  Save the model in ./checkpoints/Tiny_alpha0.1/local_models/client_0/epoch_20.pth
2025-10-29 15:07:05 [INFO]  Epoch 21 loss: 1114.5838222503662; train accuracy: 0.27692502052934115; test accuracy: 0.0114
2025-10-29 15:08:25 [INFO]  Epoch 22 loss: 1097.7398052215576; train accuracy: 0.3543048449245152; test accuracy: 0.0107
2025-10-29 15:09:49 [INFO]  Epoch 23 loss: 1070.8351078033447; train accuracy: 0.3140673362390247; test accuracy: 0.0068
2025-10-29 15:11:11 [INFO]  Epoch 24 loss: 1033.553819656372; train accuracy: 0.36257974859452974; test accuracy: 0.0702
2025-10-29 15:11:11 [INFO]  Client 0 Finish Local Training--------|
2025-10-29 15:11:11 [INFO]  Client 0 Collecting Local Prototypes--------|
2025-10-29 15:11:11 [INFO]  Client 1 Starts Local Trainning--------|
2025-10-29 15:11:18 [INFO]  Data entropy: 5.9957, Normalized: 0.7844 -> Adaptive Lambda: 15.7092
2025-10-29 15:13:01 [INFO]  Epoch 20 loss: 1451.0972290039062; train accuracy: 0.26262979233226835; test accuracy: 0.0
2025-10-29 15:13:01 [INFO]  Save the model in ./checkpoints/Tiny_alpha0.1/local_models/client_1/epoch_20.pth
2025-10-29 15:14:47 [INFO]  Epoch 21 loss: 1418.0836544036865; train accuracy: 0.319788338658147; test accuracy: 0.0
2025-10-29 15:16:28 [INFO]  Epoch 22 loss: 1382.2877559661865; train accuracy: 0.3409544728434505; test accuracy: 0.0
2025-10-29 15:18:08 [INFO]  Epoch 23 loss: 1336.443102836609; train accuracy: 0.24435902555910544; test accuracy: 0.0
2025-10-29 15:19:44 [INFO]  Epoch 24 loss: 1306.1153812408447; train accuracy: 0.31075279552715657; test accuracy: 0.0
2025-10-29 15:19:44 [INFO]  Client 1 Finish Local Training--------|
2025-10-29 15:19:44 [INFO]  Client 1 Collecting Local Prototypes--------|
2025-10-29 15:19:44 [INFO]  Client 2 Starts Local Trainning--------|
2025-10-29 15:19:51 [INFO]  Data entropy: 5.8135, Normalized: 0.7605 -> Adaptive Lambda: 15.2349
2025-10-29 15:21:19 [INFO]  Epoch 20 loss: 1258.5369186401367; train accuracy: 0.3542795844625113; test accuracy: 0.0
2025-10-29 15:21:20 [INFO]  Save the model in ./checkpoints/Tiny_alpha0.1/local_models/client_2/epoch_20.pth
2025-10-29 15:22:47 [INFO]  Epoch 21 loss: 1223.2804470062256; train accuracy: 0.34953703703703703; test accuracy: 0.0
2025-10-29 15:24:18 [INFO]  Epoch 22 loss: 1199.2537574768066; train accuracy: 0.37037037037037035; test accuracy: 0.0
2025-10-29 15:25:47 [INFO]  Epoch 23 loss: 1176.5622062683105; train accuracy: 0.4106255645889792; test accuracy: 0.0
2025-10-29 15:27:16 [INFO]  Epoch 24 loss: 1143.0059518814087; train accuracy: 0.4271680216802168; test accuracy: 0.0
2025-10-29 15:27:16 [INFO]  Client 2 Finish Local Training--------|
2025-10-29 15:27:16 [INFO]  Client 2 Collecting Local Prototypes--------|
2025-10-29 15:27:16 [INFO]  Client 3 Starts Local Trainning--------|
2025-10-29 15:27:25 [INFO]  Data entropy: 6.2981, Normalized: 0.8239 -> Adaptive Lambda: 16.4966
2025-10-29 15:29:30 [INFO]  Epoch 20 loss: 1829.9029750823975; train accuracy: 0.21470305746758445; test accuracy: 0.0
2025-10-29 15:29:31 [INFO]  Save the model in ./checkpoints/Tiny_alpha0.1/local_models/client_3/epoch_20.pth
2025-10-29 15:31:38 [INFO]  Epoch 21 loss: 1778.2328929901123; train accuracy: 0.21814470946054107; test accuracy: 0.0
2025-10-29 15:33:40 [INFO]  Epoch 22 loss: 1739.6779651641846; train accuracy: 0.3504482151432688; test accuracy: 0.0
2025-10-29 15:35:46 [INFO]  Epoch 23 loss: 1681.7885875701904; train accuracy: 0.28869857531615173; test accuracy: 0.0
2025-10-29 15:37:55 [INFO]  Epoch 24 loss: 1651.7272520065308; train accuracy: 0.2702497198655355; test accuracy: 0.0
2025-10-29 15:37:55 [INFO]  Client 3 Finish Local Training--------|
2025-10-29 15:37:55 [INFO]  Client 3 Collecting Local Prototypes--------|
2025-10-29 15:37:55 [INFO]  Client 4 Starts Local Trainning--------|
2025-10-29 15:38:02 [INFO]  Data entropy: 6.0560, Normalized: 0.7923 -> Adaptive Lambda: 15.8662
2025-10-29 15:39:49 [INFO]  Epoch 20 loss: 1541.8104457855225; train accuracy: 0.29337127396557355; test accuracy: 0.0242
2025-10-29 15:39:50 [INFO]  Save the model in ./checkpoints/Tiny_alpha0.1/local_models/client_4/epoch_20.pth
2025-10-29 15:41:38 [INFO]  Epoch 21 loss: 1528.3293571472168; train accuracy: 0.3609646872230256; test accuracy: 0.019
2025-10-29 15:43:27 [INFO]  Epoch 22 loss: 1490.9435291290283; train accuracy: 0.34337827121332276; test accuracy: 0.0095
2025-10-29 15:45:18 [INFO]  Epoch 23 loss: 1450.7682552337646; train accuracy: 0.3199141670942762; test accuracy: 0.0026
2025-10-29 15:47:06 [INFO]  Epoch 24 loss: 1414.6654806137085; train accuracy: 0.3802304426925409; test accuracy: 0.0195
2025-10-29 15:47:06 [INFO]  Client 4 Finish Local Training--------|
2025-10-29 15:47:06 [INFO]  Client 4 Collecting Local Prototypes--------|
2025-10-29 15:47:06 [INFO]  Round 4 Finish--------|
2025-10-29 15:47:06 [INFO]  Model variance: mean: 0.005439807660877705, sum: 61313.3359375
2025-10-29 15:47:06 [INFO]  g_protos_std (global internal): 0.962911
2025-10-29 15:47:06 [INFO]  inter_client_proto_std (cross-client): 0.021702
2025-10-29 15:47:06 [INFO]  g_protos_std (global internal): 0.962911
2025-10-29 15:47:06 [INFO]  inter_client_proto_std (cross-client): 0.021702
2025-10-29 15:47:06 [INFO]  V9 Training | Using Simple Feature-level Server.
2025-10-29 15:47:21 [INFO]  The test accuracy of OursV9+SimpleFeatureServer: 0.0109
2025-10-29 15:47:21 [INFO]  Save config to ./checkpoints/Tiny_alpha0.1/baselines_OursV9+SimpleFeatureServer_CIFAR10_results.yaml
2025-10-29 15:47:21 [INFO]  Round 5 starts--------|
2025-10-29 15:47:21 [INFO]  Client 0 Starts Local Trainning--------|
2025-10-29 15:47:26 [INFO]  Data entropy: 5.8522, Normalized: 0.7656 -> Adaptive Lambda: 15.3356
2025-10-29 15:48:46 [INFO]  Epoch 25 loss: 1008.2393455505371; train accuracy: 0.3852567746825848; test accuracy: 0.0311
2025-10-29 15:48:46 [INFO]  Save the model in ./checkpoints/Tiny_alpha0.1/local_models/client_0/epoch_25.pth
2025-10-29 15:50:10 [INFO]  Epoch 26 loss: 987.2597255706787; train accuracy: 0.29777019771334723; test accuracy: 0.0192
2025-10-29 15:51:32 [INFO]  Epoch 27 loss: 965.3363676071167; train accuracy: 0.36377992546269977; test accuracy: 0.0269
2025-10-29 15:52:55 [INFO]  Epoch 28 loss: 942.7245388031006; train accuracy: 0.3634640894447603; test accuracy: 0.0112
2025-10-29 15:54:10 [INFO]  Epoch 29 loss: 927.0412273406982; train accuracy: 0.38929947571221024; test accuracy: 0.0166
2025-10-29 15:54:10 [INFO]  Client 0 Finish Local Training--------|
2025-10-29 15:54:10 [INFO]  Client 0 Collecting Local Prototypes--------|
2025-10-29 15:54:10 [INFO]  Client 1 Starts Local Trainning--------|
2025-10-29 15:54:17 [INFO]  Data entropy: 5.9957, Normalized: 0.7844 -> Adaptive Lambda: 15.7092
2025-10-29 15:56:00 [INFO]  Epoch 25 loss: 1279.188835144043; train accuracy: 0.32038738019169327; test accuracy: 0.0
2025-10-29 15:56:00 [INFO]  Save the model in ./checkpoints/Tiny_alpha0.1/local_models/client_1/epoch_25.pth
2025-10-29 15:57:40 [INFO]  Epoch 26 loss: 1261.6318283081055; train accuracy: 0.3002196485623003; test accuracy: 0.0
2025-10-29 15:59:22 [INFO]  Epoch 27 loss: 1226.0068531036377; train accuracy: 0.35008985623003197; test accuracy: 0.0
2025-10-29 16:01:08 [INFO]  Epoch 28 loss: 1195.496325492859; train accuracy: 0.33925718849840253; test accuracy: 0.0
2025-10-29 16:02:55 [INFO]  Epoch 29 loss: 1160.651162147522; train accuracy: 0.36925918530351437; test accuracy: 0.0
2025-10-29 16:02:55 [INFO]  Client 1 Finish Local Training--------|
2025-10-29 16:02:55 [INFO]  Client 1 Collecting Local Prototypes--------|
2025-10-29 16:02:55 [INFO]  Client 2 Starts Local Trainning--------|
2025-10-29 16:03:01 [INFO]  Data entropy: 5.8135, Normalized: 0.7605 -> Adaptive Lambda: 15.2349
2025-10-29 16:04:34 [INFO]  Epoch 25 loss: 1108.166335105896; train accuracy: 0.3327687443541102; test accuracy: 0.0
2025-10-29 16:04:34 [INFO]  Save the model in ./checkpoints/Tiny_alpha0.1/local_models/client_2/epoch_25.pth
2025-10-29 16:06:04 [INFO]  Epoch 26 loss: 1089.9538011550903; train accuracy: 0.406786359530262; test accuracy: 0.0
2025-10-29 16:07:33 [INFO]  Epoch 27 loss: 1063.1589221954346; train accuracy: 0.38917118337850043; test accuracy: 0.0
2025-10-29 16:09:08 [INFO]  Epoch 28 loss: 1039.0589170455933; train accuracy: 0.403172990063234; test accuracy: 0.0
2025-10-29 16:10:43 [INFO]  Epoch 29 loss: 1023.5648536682129; train accuracy: 0.44399277326106595; test accuracy: 0.0
2025-10-29 16:10:43 [INFO]  Client 2 Finish Local Training--------|
2025-10-29 16:10:43 [INFO]  Client 2 Collecting Local Prototypes--------|
2025-10-29 16:10:43 [INFO]  Client 3 Starts Local Trainning--------|
2025-10-29 16:10:52 [INFO]  Data entropy: 6.2981, Normalized: 0.8239 -> Adaptive Lambda: 16.4966
2025-10-29 16:13:03 [INFO]  Epoch 25 loss: 1617.8615732192993; train accuracy: 0.2699695854009925; test accuracy: 0.0
2025-10-29 16:13:04 [INFO]  Save the model in ./checkpoints/Tiny_alpha0.1/local_models/client_3/epoch_25.pth
2025-10-29 16:15:10 [INFO]  Epoch 26 loss: 1577.3312368392944; train accuracy: 0.2901392668480871; test accuracy: 0.0
2025-10-29 16:17:14 [INFO]  Epoch 27 loss: 1526.709566116333; train accuracy: 0.3452857371538338; test accuracy: 0.0
2025-10-29 16:19:25 [INFO]  Epoch 28 loss: 1488.0182456970215; train accuracy: 0.3058668160717144; test accuracy: 0.0
2025-10-29 16:21:27 [INFO]  Epoch 29 loss: 1445.3931512832642; train accuracy: 0.3993516888106291; test accuracy: 0.0
2025-10-29 16:21:27 [INFO]  Client 3 Finish Local Training--------|
2025-10-29 16:21:27 [INFO]  Client 3 Collecting Local Prototypes--------|
2025-10-29 16:21:27 [INFO]  Client 4 Starts Local Trainning--------|
2025-10-29 16:21:34 [INFO]  Data entropy: 6.0560, Normalized: 0.7923 -> Adaptive Lambda: 15.8662
2025-10-29 16:23:22 [INFO]  Epoch 25 loss: 1383.9122438430786; train accuracy: 0.37197369034846295; test accuracy: 0.0079
2025-10-29 16:23:23 [INFO]  Save the model in ./checkpoints/Tiny_alpha0.1/local_models/client_4/epoch_25.pth
2025-10-29 16:25:13 [INFO]  Epoch 26 loss: 1341.5198011398315; train accuracy: 0.3876475253067127; test accuracy: 0.0195
2025-10-29 16:27:01 [INFO]  Epoch 27 loss: 1324.9758405685425; train accuracy: 0.41806222885664973; test accuracy: 0.0096
2025-10-29 16:28:48 [INFO]  Epoch 28 loss: 1273.4466571807861; train accuracy: 0.3813500023324159; test accuracy: 0.0135
2025-10-29 16:30:39 [INFO]  Epoch 29 loss: 1257.0783309936523; train accuracy: 0.35074870550916637; test accuracy: 0.0146
2025-10-29 16:30:39 [INFO]  Client 4 Finish Local Training--------|
2025-10-29 16:30:39 [INFO]  Client 4 Collecting Local Prototypes--------|
2025-10-29 16:30:39 [INFO]  Round 5 Finish--------|
2025-10-29 16:30:39 [INFO]  Model variance: mean: 0.006021776702255011, sum: 67872.84375
2025-10-29 16:30:39 [INFO]  g_protos_std (global internal): 0.959049
2025-10-29 16:30:39 [INFO]  inter_client_proto_std (cross-client): 0.023479
2025-10-29 16:30:39 [INFO]  g_protos_std (global internal): 0.959049
2025-10-29 16:30:39 [INFO]  inter_client_proto_std (cross-client): 0.023479
2025-10-29 16:30:39 [INFO]  V9 Training | Using Simple Feature-level Server.
2025-10-29 16:30:53 [INFO]  The test accuracy of OursV9+SimpleFeatureServer: 0.0104
2025-10-29 16:30:53 [INFO]  Save config to ./checkpoints/Tiny_alpha0.1/baselines_OursV9+SimpleFeatureServer_CIFAR10_results.yaml
2025-10-29 16:30:53 [INFO]  Round 6 starts--------|
2025-10-29 16:30:53 [INFO]  Client 0 Starts Local Trainning--------|
2025-10-29 16:30:59 [INFO]  Data entropy: 5.8522, Normalized: 0.7656 -> Adaptive Lambda: 15.3356
2025-10-29 16:32:19 [INFO]  Epoch 30 loss: 890.9868030548096; train accuracy: 0.3959320320889394; test accuracy: 0.0068
2025-10-29 16:32:19 [INFO]  Save the model in ./checkpoints/Tiny_alpha0.1/local_models/client_0/epoch_30.pth
2025-10-29 16:33:39 [INFO]  Epoch 31 loss: 867.8945178985596; train accuracy: 0.4145663571473691; test accuracy: 0.0487
2025-10-29 16:35:02 [INFO]  Epoch 32 loss: 844.6705713272095; train accuracy: 0.41538753079401175; test accuracy: 0.0078
2025-10-29 16:36:22 [INFO]  Epoch 33 loss: 822.0054779052734; train accuracy: 0.407870633567052; test accuracy: 0.0372
2025-10-29 16:37:42 [INFO]  Epoch 34 loss: 795.8917140960693; train accuracy: 0.45726738677278755; test accuracy: 0.0237
2025-10-29 16:37:42 [INFO]  Client 0 Finish Local Training--------|
2025-10-29 16:37:42 [INFO]  Client 0 Collecting Local Prototypes--------|
2025-10-29 16:37:42 [INFO]  Client 1 Starts Local Trainning--------|
2025-10-29 16:37:49 [INFO]  Data entropy: 5.9957, Normalized: 0.7844 -> Adaptive Lambda: 15.7092
2025-10-29 16:39:33 [INFO]  Epoch 30 loss: 1125.6970653533936; train accuracy: 0.4086461661341853; test accuracy: 0.0
2025-10-29 16:39:34 [INFO]  Save the model in ./checkpoints/Tiny_alpha0.1/local_models/client_1/epoch_30.pth
2025-10-29 16:41:16 [INFO]  Epoch 31 loss: 1096.8125982284546; train accuracy: 0.42032747603833864; test accuracy: 0.0
2025-10-29 16:42:57 [INFO]  Epoch 32 loss: 1069.5187664031982; train accuracy: 0.3014676517571885; test accuracy: 0.0
2025-10-29 16:44:41 [INFO]  Epoch 33 loss: 1049.2278938293457; train accuracy: 0.3871305910543131; test accuracy: 0.0
2025-10-29 16:46:23 [INFO]  Epoch 34 loss: 1002.4945125579834; train accuracy: 0.3459464856230032; test accuracy: 0.0
2025-10-29 16:46:23 [INFO]  Client 1 Finish Local Training--------|
2025-10-29 16:46:23 [INFO]  Client 1 Collecting Local Prototypes--------|
2025-10-29 16:46:23 [INFO]  Client 2 Starts Local Trainning--------|
2025-10-29 16:46:29 [INFO]  Data entropy: 5.8135, Normalized: 0.7605 -> Adaptive Lambda: 15.2349
2025-10-29 16:47:58 [INFO]  Epoch 30 loss: 976.3864908218384; train accuracy: 0.4491869918699187; test accuracy: 0.0
2025-10-29 16:47:59 [INFO]  Save the model in ./checkpoints/Tiny_alpha0.1/local_models/client_2/epoch_30.pth
2025-10-29 16:49:28 [INFO]  Epoch 31 loss: 958.7983570098877; train accuracy: 0.4468721770551039; test accuracy: 0.0
2025-10-29 16:50:58 [INFO]  Epoch 32 loss: 932.3575763702393; train accuracy: 0.3966237579042457; test accuracy: 0.0
2025-10-29 16:52:26 [INFO]  Epoch 33 loss: 899.0049486160278; train accuracy: 0.4536472448057814; test accuracy: 0.0
2025-10-29 16:53:56 [INFO]  Epoch 34 loss: 870.9673852920532; train accuracy: 0.4694557362240289; test accuracy: 0.0
2025-10-29 16:53:56 [INFO]  Client 2 Finish Local Training--------|
2025-10-29 16:53:56 [INFO]  Client 2 Collecting Local Prototypes--------|
2025-10-29 16:53:56 [INFO]  Client 3 Starts Local Trainning--------|
2025-10-29 16:54:05 [INFO]  Data entropy: 6.2981, Normalized: 0.8239 -> Adaptive Lambda: 16.4966
2025-10-29 16:56:09 [INFO]  Epoch 30 loss: 1421.2264728546143; train accuracy: 0.3522090603489675; test accuracy: 0.0
2025-10-29 16:56:10 [INFO]  Save the model in ./checkpoints/Tiny_alpha0.1/local_models/client_3/epoch_30.pth
2025-10-29 16:58:19 [INFO]  Epoch 31 loss: 1374.6945581436157; train accuracy: 0.3448055066431887; test accuracy: 0.0
2025-10-29 17:00:27 [INFO]  Epoch 32 loss: 1348.4130029678345; train accuracy: 0.3540899631823275; test accuracy: 0.0
2025-10-29 17:02:32 [INFO]  Epoch 33 loss: 1312.8645219802856; train accuracy: 0.36573555306547145; test accuracy: 0.0
2025-10-29 17:04:40 [INFO]  Epoch 34 loss: 1266.394781112671; train accuracy: 0.47558828237554024; test accuracy: 0.0
2025-10-29 17:04:40 [INFO]  Client 3 Finish Local Training--------|
2025-10-29 17:04:40 [INFO]  Client 3 Collecting Local Prototypes--------|
2025-10-29 17:04:40 [INFO]  Client 4 Starts Local Trainning--------|
2025-10-29 17:04:48 [INFO]  Data entropy: 6.0560, Normalized: 0.7923 -> Adaptive Lambda: 15.8662
2025-10-29 17:06:38 [INFO]  Epoch 30 loss: 1218.4925575256348; train accuracy: 0.41377058357046226; test accuracy: 0.0119
2025-10-29 17:06:38 [INFO]  Save the model in ./checkpoints/Tiny_alpha0.1/local_models/client_4/epoch_30.pth
2025-10-29 17:08:26 [INFO]  Epoch 31 loss: 1196.9091625213623; train accuracy: 0.40733311564118113; test accuracy: 0.0383
2025-10-29 17:10:13 [INFO]  Epoch 32 loss: 1157.317141532898; train accuracy: 0.3669823202873536; test accuracy: 0.0208
2025-10-29 17:12:06 [INFO]  Epoch 33 loss: 1113.4563255310059; train accuracy: 0.48794140971217986; test accuracy: 0.0053
2025-10-29 17:13:57 [INFO]  Epoch 34 loss: 1084.937891960144; train accuracy: 0.43910062042263376; test accuracy: 0.0084
2025-10-29 17:13:57 [INFO]  Client 4 Finish Local Training--------|
2025-10-29 17:13:57 [INFO]  Client 4 Collecting Local Prototypes--------|
2025-10-29 17:13:57 [INFO]  Round 6 Finish--------|
2025-10-29 17:13:57 [INFO]  Model variance: mean: 0.006564990151673555, sum: 73995.53125
2025-10-29 17:13:57 [INFO]  g_protos_std (global internal): 0.956211
2025-10-29 17:13:57 [INFO]  inter_client_proto_std (cross-client): 0.024951
2025-10-29 17:13:57 [INFO]  g_protos_std (global internal): 0.956211
2025-10-29 17:13:57 [INFO]  inter_client_proto_std (cross-client): 0.024951
2025-10-29 17:13:57 [INFO]  V9 Training | Using Simple Feature-level Server.
2025-10-29 17:14:12 [INFO]  The test accuracy of OursV9+SimpleFeatureServer: 0.0104
2025-10-29 17:14:12 [INFO]  Save config to ./checkpoints/Tiny_alpha0.1/baselines_OursV9+SimpleFeatureServer_CIFAR10_results.yaml
2025-10-29 17:14:12 [INFO]  Round 7 starts--------|
2025-10-29 17:14:12 [INFO]  Client 0 Starts Local Trainning--------|
2025-10-29 17:14:18 [INFO]  Data entropy: 5.8522, Normalized: 0.7656 -> Adaptive Lambda: 15.3356
2025-10-29 17:15:36 [INFO]  Epoch 35 loss: 762.5974559783936; train accuracy: 0.46175225822752825; test accuracy: 0.0166
2025-10-29 17:15:37 [INFO]  Save the model in ./checkpoints/Tiny_alpha0.1/local_models/client_0/epoch_35.pth
2025-10-29 17:16:58 [INFO]  Epoch 36 loss: 760.8118562698364; train accuracy: 0.4011749099867349; test accuracy: 0.0268
2025-10-29 17:18:19 [INFO]  Epoch 37 loss: 719.8554630279541; train accuracy: 0.4611205861916493; test accuracy: 0.0231
2025-10-29 17:19:43 [INFO]  Epoch 38 loss: 707.9932346343994; train accuracy: 0.47539637420251407; test accuracy: 0.0242
2025-10-29 17:21:04 [INFO]  Epoch 39 loss: 688.8792400360107; train accuracy: 0.44899248310277307; test accuracy: 0.0215
2025-10-29 17:21:04 [INFO]  Client 0 Finish Local Training--------|
2025-10-29 17:21:04 [INFO]  Client 0 Collecting Local Prototypes--------|
2025-10-29 17:21:04 [INFO]  Client 1 Starts Local Trainning--------|
2025-10-29 17:21:11 [INFO]  Data entropy: 5.9957, Normalized: 0.7844 -> Adaptive Lambda: 15.7092
2025-10-29 17:22:51 [INFO]  Epoch 35 loss: 980.0170974731445; train accuracy: 0.31864017571884984; test accuracy: 0.0
2025-10-29 17:22:51 [INFO]  Save the model in ./checkpoints/Tiny_alpha0.1/local_models/client_1/epoch_35.pth
2025-10-29 17:24:36 [INFO]  Epoch 36 loss: 944.0245885848999; train accuracy: 0.44049520766773165; test accuracy: 0.0
2025-10-29 17:26:20 [INFO]  Epoch 37 loss: 920.329930305481; train accuracy: 0.4515275559105431; test accuracy: 0.0
2025-10-29 17:28:02 [INFO]  Epoch 38 loss: 883.1263952255249; train accuracy: 0.4298123003194888; test accuracy: 0.0
2025-10-29 17:29:47 [INFO]  Epoch 39 loss: 868.2937030792236; train accuracy: 0.476138178913738; test accuracy: 0.0
2025-10-29 17:29:47 [INFO]  Client 1 Finish Local Training--------|
2025-10-29 17:29:47 [INFO]  Client 1 Collecting Local Prototypes--------|
2025-10-29 17:29:47 [INFO]  Client 2 Starts Local Trainning--------|
2025-10-29 17:29:53 [INFO]  Data entropy: 5.8135, Normalized: 0.7605 -> Adaptive Lambda: 15.2349
2025-10-29 17:31:23 [INFO]  Epoch 35 loss: 856.9210176467896; train accuracy: 0.40266485998193313; test accuracy: 0.0
2025-10-29 17:31:23 [INFO]  Save the model in ./checkpoints/Tiny_alpha0.1/local_models/client_2/epoch_35.pth
2025-10-29 17:32:51 [INFO]  Epoch 36 loss: 827.1383829116821; train accuracy: 0.4383468834688347; test accuracy: 0.0
2025-10-29 17:34:22 [INFO]  Epoch 37 loss: 804.9220447540283; train accuracy: 0.4742547425474255; test accuracy: 0.0
2025-10-29 17:35:53 [INFO]  Epoch 38 loss: 765.6019144058228; train accuracy: 0.43004742547425473; test accuracy: 0.0
2025-10-29 17:37:22 [INFO]  Epoch 39 loss: 745.4658002853394; train accuracy: 0.42603884372177053; test accuracy: 0.0
2025-10-29 17:37:22 [INFO]  Client 2 Finish Local Training--------|
2025-10-29 17:37:22 [INFO]  Client 2 Collecting Local Prototypes--------|
2025-10-29 17:37:22 [INFO]  Client 3 Starts Local Trainning--------|
2025-10-29 17:37:31 [INFO]  Data entropy: 6.2981, Normalized: 0.8239 -> Adaptive Lambda: 16.4966
2025-10-29 17:39:54 [INFO]  Epoch 35 loss: 1230.1117496490479; train accuracy: 0.36933728189530973; test accuracy: 0.0
2025-10-29 17:39:54 [INFO]  Save the model in ./checkpoints/Tiny_alpha0.1/local_models/client_3/epoch_35.pth
2025-10-29 17:42:11 [INFO]  Epoch 36 loss: 1195.0842666625977; train accuracy: 0.384304466143749; test accuracy: 0.0
2025-10-29 17:44:18 [INFO]  Epoch 37 loss: 1165.6103591918945; train accuracy: 0.43140707539619016; test accuracy: 0.0
2025-10-29 17:46:33 [INFO]  Epoch 38 loss: 1121.1833600997925; train accuracy: 0.41183768208740196; test accuracy: 0.0
2025-10-29 17:48:43 [INFO]  Epoch 39 loss: 1075.7018327713013; train accuracy: 0.393989114775092; test accuracy: 0.0
2025-10-29 17:48:43 [INFO]  Client 3 Finish Local Training--------|
2025-10-29 17:48:43 [INFO]  Client 3 Collecting Local Prototypes--------|
2025-10-29 17:48:43 [INFO]  Client 4 Starts Local Trainning--------|
2025-10-29 17:48:51 [INFO]  Data entropy: 6.0560, Normalized: 0.7923 -> Adaptive Lambda: 15.8662
2025-10-29 17:50:38 [INFO]  Epoch 35 loss: 1062.2048416137695; train accuracy: 0.4015020758501656; test accuracy: 0.0419
2025-10-29 17:50:38 [INFO]  Save the model in ./checkpoints/Tiny_alpha0.1/local_models/client_4/epoch_35.pth
2025-10-29 17:52:25 [INFO]  Epoch 36 loss: 1019.6063709259033; train accuracy: 0.35256798992396327; test accuracy: 0.0069
2025-10-29 17:54:17 [INFO]  Epoch 37 loss: 1005.2021493911743; train accuracy: 0.424173158557634; test accuracy: 0.0225
2025-10-29 17:56:03 [INFO]  Epoch 38 loss: 961.8866415023804; train accuracy: 0.47002845547418015; test accuracy: 0.0086
2025-10-29 17:57:51 [INFO]  Epoch 39 loss: 932.0148553848267; train accuracy: 0.5135979847926482; test accuracy: 0.0194
2025-10-29 17:57:51 [INFO]  Client 4 Finish Local Training--------|
2025-10-29 17:57:51 [INFO]  Client 4 Collecting Local Prototypes--------|
2025-10-29 17:57:51 [INFO]  Round 7 Finish--------|
2025-10-29 17:57:51 [INFO]  Model variance: mean: 0.007078333757817745, sum: 79781.546875
2025-10-29 17:57:51 [INFO]  g_protos_std (global internal): 0.954315
2025-10-29 17:57:51 [INFO]  inter_client_proto_std (cross-client): 0.026187
2025-10-29 17:57:51 [INFO]  g_protos_std (global internal): 0.954315
2025-10-29 17:57:51 [INFO]  inter_client_proto_std (cross-client): 0.026187
2025-10-29 17:57:51 [INFO]  V9 Training | Using Simple Feature-level Server.
2025-10-29 17:58:06 [INFO]  The test accuracy of OursV9+SimpleFeatureServer: 0.0092
2025-10-29 17:58:06 [INFO]  Save config to ./checkpoints/Tiny_alpha0.1/baselines_OursV9+SimpleFeatureServer_CIFAR10_results.yaml
2025-10-29 17:58:06 [INFO]  Round 8 starts--------|
2025-10-29 17:58:06 [INFO]  Client 0 Starts Local Trainning--------|
2025-10-29 17:58:11 [INFO]  Data entropy: 5.8522, Normalized: 0.7656 -> Adaptive Lambda: 15.3356
2025-10-29 17:59:35 [INFO]  Epoch 40 loss: 662.0030746459961; train accuracy: 0.4052176110163603; test accuracy: 0.0668
2025-10-29 17:59:35 [INFO]  Save the model in ./checkpoints/Tiny_alpha0.1/local_models/client_0/epoch_40.pth
2025-10-29 18:00:55 [INFO]  Epoch 41 loss: 638.5009346008301; train accuracy: 0.4652896216284505; test accuracy: 0.0406
2025-10-29 18:02:15 [INFO]  Epoch 42 loss: 617.467321395874; train accuracy: 0.44621312614490555; test accuracy: 0.0125
2025-10-29 18:03:37 [INFO]  Epoch 43 loss: 587.6104822158813; train accuracy: 0.5040111174278314; test accuracy: 0.0165
2025-10-29 18:04:59 [INFO]  Epoch 44 loss: 563.3475999832153; train accuracy: 0.4492451519171246; test accuracy: 0.0036
2025-10-29 18:04:59 [INFO]  Client 0 Finish Local Training--------|
2025-10-29 18:04:59 [INFO]  Client 0 Collecting Local Prototypes--------|
2025-10-29 18:04:59 [INFO]  Client 1 Starts Local Trainning--------|
2025-10-29 18:05:06 [INFO]  Data entropy: 5.9957, Normalized: 0.7844 -> Adaptive Lambda: 15.7092
2025-10-29 18:06:47 [INFO]  Epoch 40 loss: 823.7802038192749; train accuracy: 0.3882787539936102; test accuracy: 0.0
2025-10-29 18:06:48 [INFO]  Save the model in ./checkpoints/Tiny_alpha0.1/local_models/client_1/epoch_40.pth
2025-10-29 18:08:28 [INFO]  Epoch 41 loss: 800.2099885940552; train accuracy: 0.43705071884984026; test accuracy: 0.0
2025-10-29 18:10:07 [INFO]  Epoch 42 loss: 762.0154337882996; train accuracy: 0.5366912939297125; test accuracy: 0.0
2025-10-29 18:11:48 [INFO]  Epoch 43 loss: 753.1919293403625; train accuracy: 0.47848442492012777; test accuracy: 0.0
2025-10-29 18:13:32 [INFO]  Epoch 44 loss: 711.9008722305298; train accuracy: 0.45507188498402557; test accuracy: 0.0
2025-10-29 18:13:32 [INFO]  Client 1 Finish Local Training--------|
2025-10-29 18:13:32 [INFO]  Client 1 Collecting Local Prototypes--------|
2025-10-29 18:13:32 [INFO]  Client 2 Starts Local Trainning--------|
2025-10-29 18:13:38 [INFO]  Data entropy: 5.8135, Normalized: 0.7605 -> Adaptive Lambda: 15.2349
2025-10-29 18:15:10 [INFO]  Epoch 40 loss: 723.6801385879517; train accuracy: 0.5043473351400181; test accuracy: 0.0
2025-10-29 18:15:11 [INFO]  Save the model in ./checkpoints/Tiny_alpha0.1/local_models/client_2/epoch_40.pth
2025-10-29 18:16:44 [INFO]  Epoch 41 loss: 694.8208055496216; train accuracy: 0.49537037037037035; test accuracy: 0.0
2025-10-29 18:18:14 [INFO]  Epoch 42 loss: 684.2136335372925; train accuracy: 0.5367547425474255; test accuracy: 0.0
2025-10-29 18:19:48 [INFO]  Epoch 43 loss: 640.678065776825; train accuracy: 0.47244805781391147; test accuracy: 0.0
2025-10-29 18:21:21 [INFO]  Epoch 44 loss: 619.0265607833862; train accuracy: 0.5137195121951219; test accuracy: 0.0
2025-10-29 18:21:21 [INFO]  Client 2 Finish Local Training--------|
2025-10-29 18:21:21 [INFO]  Client 2 Collecting Local Prototypes--------|
2025-10-29 18:21:21 [INFO]  Client 3 Starts Local Trainning--------|
2025-10-29 18:21:30 [INFO]  Data entropy: 6.2981, Normalized: 0.8239 -> Adaptive Lambda: 16.4966
2025-10-29 18:23:36 [INFO]  Epoch 40 loss: 1040.8890361785889; train accuracy: 0.4640227309108372; test accuracy: 0.0
2025-10-29 18:23:36 [INFO]  Save the model in ./checkpoints/Tiny_alpha0.1/local_models/client_3/epoch_40.pth
2025-10-29 18:25:43 [INFO]  Epoch 41 loss: 1003.9138050079346; train accuracy: 0.43744997598847446; test accuracy: 0.0
2025-10-29 18:27:53 [INFO]  Epoch 42 loss: 972.2288961410522; train accuracy: 0.41199775892428364; test accuracy: 0.0
2025-10-29 18:30:01 [INFO]  Epoch 43 loss: 945.2089447975159; train accuracy: 0.40667520409796704; test accuracy: 0.0
2025-10-29 18:32:07 [INFO]  Epoch 44 loss: 909.944233417511; train accuracy: 0.4392508404033936; test accuracy: 0.0
2025-10-29 18:32:07 [INFO]  Client 3 Finish Local Training--------|
2025-10-29 18:32:07 [INFO]  Client 3 Collecting Local Prototypes--------|
2025-10-29 18:32:07 [INFO]  Client 4 Starts Local Trainning--------|
2025-10-29 18:32:14 [INFO]  Data entropy: 6.0560, Normalized: 0.7923 -> Adaptive Lambda: 15.8662
2025-10-29 18:34:05 [INFO]  Epoch 40 loss: 909.4214963912964; train accuracy: 0.39679059569902503; test accuracy: 0.0089
2025-10-29 18:34:05 [INFO]  Save the model in ./checkpoints/Tiny_alpha0.1/local_models/client_4/epoch_40.pth
2025-10-29 18:35:57 [INFO]  Epoch 41 loss: 868.1377468109131; train accuracy: 0.4893408592620236; test accuracy: 0.0096
2025-10-29 18:37:51 [INFO]  Epoch 42 loss: 831.9399747848511; train accuracy: 0.4972244250594766; test accuracy: 0.0217
2025-10-29 18:39:45 [INFO]  Epoch 43 loss: 820.6361322402954; train accuracy: 0.4943322293231329; test accuracy: 0.0238
2025-10-29 18:41:41 [INFO]  Epoch 44 loss: 785.5062861442566; train accuracy: 0.4680225777860708; test accuracy: 0.0182
2025-10-29 18:41:41 [INFO]  Client 4 Finish Local Training--------|
2025-10-29 18:41:41 [INFO]  Client 4 Collecting Local Prototypes--------|
2025-10-29 18:41:41 [INFO]  Round 8 Finish--------|
2025-10-29 18:41:41 [INFO]  Model variance: mean: 0.007570495363324881, sum: 85328.8125
2025-10-29 18:41:41 [INFO]  g_protos_std (global internal): 0.953286
2025-10-29 18:41:41 [INFO]  inter_client_proto_std (cross-client): 0.027219
2025-10-29 18:41:41 [INFO]  g_protos_std (global internal): 0.953286
2025-10-29 18:41:41 [INFO]  inter_client_proto_std (cross-client): 0.027219
2025-10-29 18:41:41 [INFO]  V9 Training | Using Simple Feature-level Server.
2025-10-29 18:41:57 [INFO]  The test accuracy of OursV9+SimpleFeatureServer: 0.0084
2025-10-29 18:41:57 [INFO]  Save config to ./checkpoints/Tiny_alpha0.1/baselines_OursV9+SimpleFeatureServer_CIFAR10_results.yaml
2025-10-29 18:41:57 [INFO]  Round 9 starts--------|
2025-10-29 18:41:57 [INFO]  Client 0 Starts Local Trainning--------|
2025-10-29 18:42:03 [INFO]  Data entropy: 5.8522, Normalized: 0.7656 -> Adaptive Lambda: 15.3356
2025-10-29 18:43:29 [INFO]  Epoch 45 loss: 544.3892831802368; train accuracy: 0.48367127787252856; test accuracy: 0.0465
2025-10-29 18:43:29 [INFO]  Save the model in ./checkpoints/Tiny_alpha0.1/local_models/client_0/epoch_45.pth
2025-10-29 18:44:55 [INFO]  Epoch 46 loss: 526.7445907592773; train accuracy: 0.38424609942517846; test accuracy: 0.025
2025-10-29 18:46:20 [INFO]  Epoch 47 loss: 505.51138401031494; train accuracy: 0.42145158233844987; test accuracy: 0.0083
2025-10-29 18:47:46 [INFO]  Epoch 48 loss: 477.45637130737305; train accuracy: 0.47735455751373884; test accuracy: 0.0214
2025-10-29 18:49:14 [INFO]  Epoch 49 loss: 465.48477935791016; train accuracy: 0.4770387214957994; test accuracy: 0.0492
2025-10-29 18:49:14 [INFO]  Client 0 Finish Local Training--------|
2025-10-29 18:49:14 [INFO]  Client 0 Collecting Local Prototypes--------|
2025-10-29 18:49:14 [INFO]  Client 1 Starts Local Trainning--------|
2025-10-29 18:49:21 [INFO]  Data entropy: 5.9957, Normalized: 0.7844 -> Adaptive Lambda: 15.7092
2025-10-29 18:51:10 [INFO]  Epoch 45 loss: 688.5464024543762; train accuracy: 0.4340055910543131; test accuracy: 0.0
2025-10-29 18:51:10 [INFO]  Save the model in ./checkpoints/Tiny_alpha0.1/local_models/client_1/epoch_45.pth
2025-10-29 18:52:55 [INFO]  Epoch 46 loss: 667.3724246025085; train accuracy: 0.4757887380191693; test accuracy: 0.0
2025-10-29 18:54:45 [INFO]  Epoch 47 loss: 644.0624132156372; train accuracy: 0.5110323482428115; test accuracy: 0.0
2025-10-29 18:56:36 [INFO]  Epoch 48 loss: 597.4688353538513; train accuracy: 0.5127296325878594; test accuracy: 0.0
2025-10-29 18:58:24 [INFO]  Epoch 49 loss: 571.3166499137878; train accuracy: 0.49420926517571884; test accuracy: 0.0
2025-10-29 18:58:24 [INFO]  Client 1 Finish Local Training--------|
2025-10-29 18:58:24 [INFO]  Client 1 Collecting Local Prototypes--------|
2025-10-29 18:58:24 [INFO]  Client 2 Starts Local Trainning--------|
2025-10-29 18:58:31 [INFO]  Data entropy: 5.8135, Normalized: 0.7605 -> Adaptive Lambda: 15.2349
2025-10-29 19:00:05 [INFO]  Epoch 45 loss: 597.6985607147217; train accuracy: 0.5119692863595302; test accuracy: 0.0
2025-10-29 19:00:05 [INFO]  Save the model in ./checkpoints/Tiny_alpha0.1/local_models/client_2/epoch_45.pth
2025-10-29 19:01:44 [INFO]  Epoch 46 loss: 561.1114234924316; train accuracy: 0.5184620596205962; test accuracy: 0.0
2025-10-29 19:03:19 [INFO]  Epoch 47 loss: 538.6493644714355; train accuracy: 0.5271002710027101; test accuracy: 0.0
2025-10-29 19:04:55 [INFO]  Epoch 48 loss: 517.7250685691833; train accuracy: 0.5783084914182475; test accuracy: 0.0
2025-10-29 19:06:28 [INFO]  Epoch 49 loss: 509.004282951355; train accuracy: 0.5441508581752484; test accuracy: 0.0
2025-10-29 19:06:28 [INFO]  Client 2 Finish Local Training--------|
2025-10-29 19:06:28 [INFO]  Client 2 Collecting Local Prototypes--------|
2025-10-29 19:06:28 [INFO]  Client 3 Starts Local Trainning--------|
2025-10-29 19:06:37 [INFO]  Data entropy: 6.2981, Normalized: 0.8239 -> Adaptive Lambda: 16.4966
2025-10-29 19:08:51 [INFO]  Epoch 45 loss: 856.4722237586975; train accuracy: 0.42320313750600286; test accuracy: 0.0
2025-10-29 19:08:51 [INFO]  Save the model in ./checkpoints/Tiny_alpha0.1/local_models/client_3/epoch_45.pth
2025-10-29 19:11:01 [INFO]  Epoch 46 loss: 842.4338932037354; train accuracy: 0.46986553545701937; test accuracy: 0.0
2025-10-29 19:13:12 [INFO]  Epoch 47 loss: 793.5680122375488; train accuracy: 0.4826316631983352; test accuracy: 0.0
2025-10-29 19:15:26 [INFO]  Epoch 48 loss: 752.1519365310669; train accuracy: 0.4697054586201377; test accuracy: 0.0
2025-10-29 19:17:36 [INFO]  Epoch 49 loss: 728.6555233001709; train accuracy: 0.4398511285417; test accuracy: 0.0
2025-10-29 19:17:36 [INFO]  Client 3 Finish Local Training--------|
2025-10-29 19:17:36 [INFO]  Client 3 Collecting Local Prototypes--------|
2025-10-29 19:17:36 [INFO]  Client 4 Starts Local Trainning--------|
2025-10-29 19:17:44 [INFO]  Data entropy: 6.0560, Normalized: 0.7923 -> Adaptive Lambda: 15.8662
2025-10-29 19:19:38 [INFO]  Epoch 45 loss: 759.5001721382141; train accuracy: 0.5324439053972104; test accuracy: 0.0149
2025-10-29 19:19:39 [INFO]  Save the model in ./checkpoints/Tiny_alpha0.1/local_models/client_4/epoch_45.pth
2025-10-29 19:21:33 [INFO]  Epoch 46 loss: 722.9746980667114; train accuracy: 0.48756822316555487; test accuracy: 0.0093
2025-10-29 19:23:26 [INFO]  Epoch 47 loss: 692.7509503364563; train accuracy: 0.5135046881559919; test accuracy: 0.0451
2025-10-29 19:25:22 [INFO]  Epoch 48 loss: 664.2527346611023; train accuracy: 0.5034286513971171; test accuracy: 0.022
2025-10-29 19:27:16 [INFO]  Epoch 49 loss: 631.8783555030823; train accuracy: 0.5746606334841629; test accuracy: 0.0136
2025-10-29 19:27:16 [INFO]  Client 4 Finish Local Training--------|
2025-10-29 19:27:16 [INFO]  Client 4 Collecting Local Prototypes--------|
2025-10-29 19:27:16 [INFO]  Round 9 Finish--------|
2025-10-29 19:27:16 [INFO]  Model variance: mean: 0.008037479594349861, sum: 90592.296875
2025-10-29 19:27:16 [INFO]  g_protos_std (global internal): 0.953061
2025-10-29 19:27:16 [INFO]  inter_client_proto_std (cross-client): 0.028081
2025-10-29 19:27:16 [INFO]  g_protos_std (global internal): 0.953061
2025-10-29 19:27:16 [INFO]  inter_client_proto_std (cross-client): 0.028081
2025-10-29 19:27:16 [INFO]  V9 Training | Using Simple Feature-level Server.
2025-10-29 19:27:32 [INFO]  The test accuracy of OursV9+SimpleFeatureServer: 0.0091
2025-10-29 19:27:32 [INFO]  Save config to ./checkpoints/Tiny_alpha0.1/baselines_OursV9+SimpleFeatureServer_CIFAR10_results.yaml
